5/12/2021 9:56:16 PM: GetIndexFieldsByTemplateId Started
5/12/2021 9:56:16 PM: GetIndexFieldsByTemplateId Finished
5/12/2021 10:24:02 PM: GetIndexFieldsByTemplateId Started
5/12/2021 10:24:02 PM: GetIndexFieldsByTemplateId Finished
5/12/2021 10:24:44 PM: GetIndexFieldsByTemplateId Started
5/12/2021 10:24:44 PM: GetIndexFieldsByTemplateId Finished
5/12/2021 10:27:40 PM: GetIndexFieldsByTemplateId Started
5/12/2021 10:27:40 PM: GetIndexFieldsByTemplateId Finished
5/12/2021 10:29:03 PM: GetIndexFieldsByTemplateId Started
5/12/2021 10:29:03 PM: GetIndexFieldsByTemplateId Finished
5/12/2021 10:35:40 PM: btnManageList_Click Started
5/12/2021 10:35:40 PM: ManageTagListbox Started
5/12/2021 10:35:40 PM: btnManageList_Click finished
5/12/2021 10:39:27 PM: GetIndexFieldsByTemplateId Started
5/12/2021 10:39:28 PM: GetIndexFieldsByTemplateId Finished
5/12/2021 10:40:11 PM: GetIndexFieldsByTemplateId Started
5/12/2021 10:40:11 PM: GetIndexFieldsByTemplateId Finished
5/12/2021 10:40:25 PM: btnManageList_Click Started
5/12/2021 10:40:25 PM: ManageTagListbox Started
5/12/2021 10:40:25 PM: btnManageList_Click finished
5/12/2021 10:44:51 PM: GetIndexFieldsByTemplateId Started
5/12/2021 10:44:51 PM: GetIndexFieldsByTemplateId Finished
5/12/2021 10:45:03 PM: GetIndexFieldsByTemplateId Started
5/12/2021 10:45:03 PM: GetIndexFieldsByTemplateId Finished
5/12/2021 10:45:11 PM: btnManageList_Click Started
5/12/2021 10:45:11 PM: ManageTagListbox Started
5/12/2021 10:45:11 PM: btnManageList_Click finished
5/12/2021 10:45:50 PM: GetIndexFieldsByTemplateId Started
5/12/2021 10:45:50 PM: GetIndexFieldsByTemplateId Finished
5/12/2021 10:45:57 PM: btnManageList_Click Started
5/12/2021 10:45:57 PM: ManageTagListbox Started
5/12/2021 10:45:57 PM: btnManageList_Click finished
5/12/2021 10:46:54 PM: GetIndexFieldsByTemplateId Started
5/12/2021 10:46:54 PM: GetIndexFieldsByTemplateId Finished
5/12/2021 10:47:02 PM: btnManageList_Click Started
5/12/2021 10:47:02 PM: ManageTagListbox Started
5/12/2021 10:47:02 PM: btnManageList_Click finished
5/12/2021 10:48:06 PM: GetTemplateDetails started
5/12/2021 10:48:06 PM: generatecontrols Started
5/12/2021 10:48:06 PM: GenerateControls:Loaded all Textbox dynamically
5/12/2021 10:48:06 PM: GenerateControls:Loaded all Textbox dynamically
5/12/2021 10:48:06 PM: GenerateControls:Loaded all Textbox dynamically
5/12/2021 10:48:06 PM: GenerateControls:Loaded all Dropdownlist dynamically
5/12/2021 10:48:06 PM: GenerateControls:Loaded all Textbox dynamically
5/12/2021 10:48:06 PM: GenerateControls:Loaded all Textbox dynamically
5/12/2021 10:48:06 PM: GenerateControls:Loaded all Textbox dynamically
5/12/2021 10:48:06 PM: BindDocumentType started
5/12/2021 10:48:06 PM: BindDocumentType finished
5/12/2021 10:48:06 PM: createControls Started
5/12/2021 10:48:06 PM: createControls Loaded all Textbox dynamically
5/12/2021 10:48:06 PM: createControls Loaded all Textbox dynamically
5/12/2021 10:48:06 PM: createControls Loaded all Textbox dynamically
5/12/2021 10:48:06 PM: createControls Loaded all Dropdownlist dynamically
5/12/2021 10:48:06 PM: createControls Loaded all Textbox dynamically
5/12/2021 10:48:06 PM: createControls Loaded all Textbox dynamically
5/12/2021 10:48:06 PM: createControls Loaded all Textbox dynamically
5/12/2021 10:48:06 PM: createControls Finished
5/12/2021 10:48:12 PM: createControls Started
5/12/2021 10:48:12 PM: createControls Loaded all Textbox dynamically
5/12/2021 10:48:13 PM: createControls Loaded all Textbox dynamically
5/12/2021 10:48:13 PM: createControls Loaded all Textbox dynamically
5/12/2021 10:48:13 PM: createControls Loaded all Dropdownlist dynamically
5/12/2021 10:48:13 PM: createControls Loaded all Textbox dynamically
5/12/2021 10:48:13 PM: createControls Loaded all Textbox dynamically
5/12/2021 10:48:13 PM: createControls Loaded all Textbox dynamically
5/12/2021 10:48:13 PM: createControls Finished
5/12/2021 10:48:13 PM: GetTemplateDetails started
