12/22/2017 11:20:37 AM: BindDocumentType started
12/22/2017 11:20:37 AM: BindDocumentType finished
12/22/2017 11:20:41 AM: createControls Started
12/22/2017 11:20:41 AM: createControls Loaded all Dropdownlist dynamically
12/22/2017 11:20:41 AM: createControls Loaded all Textbox dynamically
12/22/2017 11:20:41 AM: createControls Loaded all Textbox dynamically
12/22/2017 11:20:41 AM: createControls Loaded all Textbox dynamically
12/22/2017 11:20:41 AM: createControls Loaded all Textbox dynamically
12/22/2017 11:20:41 AM: createControls Loaded all Textbox dynamically
12/22/2017 11:20:41 AM: createControls Finished
12/22/2017 11:20:41 AM: GetTemplateDetails started
12/22/2017 11:20:41 AM: generatecontrols Started
12/22/2017 11:20:41 AM: GenerateControls:Loaded all Dropdownlist dynamically
12/22/2017 11:20:41 AM: GenerateControls:Loaded all Textbox dynamically
12/22/2017 11:20:41 AM: GenerateControls:Loaded all Textbox dynamically
12/22/2017 11:20:41 AM: GenerateControls:Loaded all Textbox dynamically
12/22/2017 11:20:41 AM: GenerateControls:Loaded all Textbox dynamically
12/22/2017 11:20:41 AM: GenerateControls:Loaded all Textbox dynamically
12/22/2017 11:20:43 AM: createControls Started
12/22/2017 11:20:43 AM: createControls Loaded all Dropdownlist dynamically
12/22/2017 11:20:43 AM: createControls Loaded all Textbox dynamically
12/22/2017 11:20:43 AM: createControls Loaded all Textbox dynamically
12/22/2017 11:20:43 AM: createControls Loaded all Textbox dynamically
12/22/2017 11:20:43 AM: createControls Loaded all Textbox dynamically
12/22/2017 11:20:43 AM: createControls Loaded all Textbox dynamically
12/22/2017 11:20:43 AM: createControls Finished
12/22/2017 11:20:43 AM: Started Loading Entity Drop Down
12/22/2017 11:20:43 AM: Finished Loading Entity Drop Down
12/22/2017 11:20:46 AM: createControls Started
12/22/2017 11:20:46 AM: createControls Loaded all Dropdownlist dynamically
12/22/2017 11:20:46 AM: createControls Loaded all Textbox dynamically
12/22/2017 11:20:46 AM: createControls Loaded all Textbox dynamically
12/22/2017 11:20:46 AM: createControls Loaded all Textbox dynamically
12/22/2017 11:20:46 AM: createControls Loaded all Textbox dynamically
12/22/2017 11:20:46 AM: createControls Loaded all Textbox dynamically
12/22/2017 11:20:46 AM: createControls Finished
12/22/2017 11:20:48 AM: createControls Started
12/22/2017 11:20:48 AM: createControls Loaded all Dropdownlist dynamically
12/22/2017 11:20:48 AM: createControls Loaded all Textbox dynamically
12/22/2017 11:20:48 AM: createControls Loaded all Textbox dynamically
12/22/2017 11:20:48 AM: createControls Loaded all Textbox dynamically
12/22/2017 11:20:48 AM: createControls Loaded all Textbox dynamically
12/22/2017 11:20:48 AM: createControls Loaded all Textbox dynamically
12/22/2017 11:20:48 AM: createControls Finished
12/22/2017 11:20:48 AM: GetTemplateDetails started
12/22/2017 11:20:48 AM: generatecontrols Started
12/22/2017 11:20:48 AM: GenerateControls:Loaded all Dropdownlist dynamically
12/22/2017 11:20:48 AM: GenerateControls:Loaded all Textbox dynamically
12/22/2017 11:20:48 AM: GenerateControls:Loaded all Textbox dynamically
12/22/2017 11:20:48 AM: GenerateControls:Loaded all Textbox dynamically
12/22/2017 11:20:48 AM: GenerateControls:Loaded all Textbox dynamically
12/22/2017 11:20:48 AM: GenerateControls:Loaded all Textbox dynamically
12/22/2017 11:20:49 AM: createControls Started
12/22/2017 11:20:49 AM: createControls Loaded all Dropdownlist dynamically
12/22/2017 11:20:49 AM: createControls Loaded all Textbox dynamically
12/22/2017 11:20:49 AM: createControls Loaded all Textbox dynamically
12/22/2017 11:20:49 AM: createControls Loaded all Textbox dynamically
12/22/2017 11:20:49 AM: createControls Loaded all Textbox dynamically
12/22/2017 11:20:49 AM: createControls Loaded all Textbox dynamically
12/22/2017 11:20:49 AM: createControls Finished
12/22/2017 11:20:49 AM: Started Loading Entity Drop Down
12/22/2017 11:20:49 AM: Finished Loading Entity Drop Down
12/22/2017 11:20:56 AM: createControls Started
12/22/2017 11:20:56 AM: createControls Loaded all Dropdownlist dynamically
12/22/2017 11:20:56 AM: createControls Loaded all Textbox dynamically
12/22/2017 11:20:56 AM: createControls Loaded all Textbox dynamically
12/22/2017 11:20:56 AM: createControls Loaded all Textbox dynamically
12/22/2017 11:20:56 AM: createControls Loaded all Textbox dynamically
12/22/2017 11:20:56 AM: createControls Loaded all Textbox dynamically
12/22/2017 11:20:56 AM: createControls Finished
12/22/2017 11:20:56 AM: GetTemplateDetails started
12/22/2017 11:20:56 AM: generatecontrols Started
12/22/2017 11:20:56 AM: GenerateControls:Loaded all Dropdownlist dynamically
12/22/2017 11:20:56 AM: GenerateControls:Loaded all Textbox dynamically
12/22/2017 11:20:56 AM: GenerateControls:Loaded all Textbox dynamically
12/22/2017 11:20:56 AM: GenerateControls:Loaded all Textbox dynamically
12/22/2017 11:20:56 AM: GenerateControls:Loaded all Textbox dynamically
12/22/2017 11:20:56 AM: GenerateControls:Loaded all Textbox dynamically
12/22/2017 11:20:57 AM: createControls Started
12/22/2017 11:20:57 AM: createControls Loaded all Dropdownlist dynamically
12/22/2017 11:20:57 AM: createControls Loaded all Textbox dynamically
12/22/2017 11:20:57 AM: createControls Loaded all Textbox dynamically
12/22/2017 11:20:57 AM: createControls Loaded all Textbox dynamically
12/22/2017 11:20:57 AM: createControls Loaded all Textbox dynamically
12/22/2017 11:20:57 AM: createControls Loaded all Textbox dynamically
12/22/2017 11:20:57 AM: createControls Finished
12/22/2017 11:20:57 AM: Started Loading Entity Drop Down
12/22/2017 11:20:57 AM: Finished Loading Entity Drop Down
12/22/2017 11:21:00 AM: createControls Started
12/22/2017 11:21:00 AM: createControls Loaded all Dropdownlist dynamically
12/22/2017 11:21:00 AM: createControls Loaded all Textbox dynamically
12/22/2017 11:21:00 AM: createControls Loaded all Textbox dynamically
12/22/2017 11:21:00 AM: createControls Loaded all Textbox dynamically
12/22/2017 11:21:00 AM: createControls Loaded all Textbox dynamically
12/22/2017 11:21:00 AM: createControls Loaded all Textbox dynamically
12/22/2017 11:21:00 AM: createControls Finished
12/22/2017 11:21:02 AM: createControls Started
12/22/2017 11:21:02 AM: createControls Loaded all Dropdownlist dynamically
12/22/2017 11:21:02 AM: createControls Loaded all Textbox dynamically
12/22/2017 11:21:02 AM: createControls Loaded all Textbox dynamically
12/22/2017 11:21:02 AM: createControls Loaded all Textbox dynamically
12/22/2017 11:21:02 AM: createControls Loaded all Textbox dynamically
12/22/2017 11:21:02 AM: createControls Loaded all Textbox dynamically
12/22/2017 11:21:02 AM: createControls Finished
12/22/2017 11:21:02 AM: GetTemplateDetails started
12/22/2017 11:21:02 AM: generatecontrols Started
12/22/2017 11:21:02 AM: GenerateControls:Loaded all Dropdownlist dynamically
12/22/2017 11:21:02 AM: GenerateControls:Loaded all Textbox dynamically
12/22/2017 11:21:02 AM: GenerateControls:Loaded all Textbox dynamically
12/22/2017 11:21:02 AM: GenerateControls:Loaded all Textbox dynamically
12/22/2017 11:21:02 AM: GenerateControls:Loaded all Textbox dynamically
12/22/2017 11:21:02 AM: GenerateControls:Loaded all Textbox dynamically
12/22/2017 11:21:04 AM: createControls Started
12/22/2017 11:21:04 AM: createControls Loaded all Dropdownlist dynamically
12/22/2017 11:21:04 AM: createControls Loaded all Textbox dynamically
12/22/2017 11:21:04 AM: createControls Loaded all Textbox dynamically
12/22/2017 11:21:04 AM: createControls Loaded all Textbox dynamically
12/22/2017 11:21:04 AM: createControls Loaded all Textbox dynamically
12/22/2017 11:21:04 AM: createControls Loaded all Textbox dynamically
12/22/2017 11:21:04 AM: createControls Finished
12/22/2017 11:21:04 AM: Started Loading Entity Drop Down
12/22/2017 11:21:04 AM: Finished Loading Entity Drop Down
12/22/2017 11:21:06 AM: createControls Started
12/22/2017 11:21:06 AM: createControls Loaded all Dropdownlist dynamically
12/22/2017 11:21:06 AM: createControls Loaded all Textbox dynamically
12/22/2017 11:21:06 AM: createControls Loaded all Textbox dynamically
12/22/2017 11:21:06 AM: createControls Loaded all Textbox dynamically
12/22/2017 11:21:06 AM: createControls Loaded all Textbox dynamically
12/22/2017 11:21:06 AM: createControls Loaded all Textbox dynamically
12/22/2017 11:21:06 AM: createControls Finished
12/22/2017 11:21:06 AM: Started Loading Entity Drop Down
12/22/2017 11:21:06 AM: Finished Loading Entity Drop Down
12/22/2017 11:21:17 AM: createControls Started
12/22/2017 11:21:17 AM: createControls Loaded all Dropdownlist dynamically
12/22/2017 11:21:17 AM: createControls Loaded all Textbox dynamically
12/22/2017 11:21:17 AM: createControls Loaded all Textbox dynamically
12/22/2017 11:21:17 AM: createControls Loaded all Textbox dynamically
12/22/2017 11:21:17 AM: createControls Loaded all Textbox dynamically
12/22/2017 11:21:17 AM: createControls Loaded all Textbox dynamically
12/22/2017 11:21:17 AM: createControls Finished
12/22/2017 11:21:26 AM: createControls Started
12/22/2017 11:21:26 AM: createControls Loaded all Dropdownlist dynamically
12/22/2017 11:21:26 AM: createControls Loaded all Textbox dynamically
12/22/2017 11:21:26 AM: createControls Loaded all Textbox dynamically
12/22/2017 11:21:26 AM: createControls Loaded all Textbox dynamically
12/22/2017 11:21:26 AM: createControls Loaded all Textbox dynamically
12/22/2017 11:21:26 AM: createControls Loaded all Textbox dynamically
12/22/2017 11:21:26 AM: createControls Finished
12/22/2017 11:21:26 AM: GetTemplateDetails started
12/22/2017 11:21:26 AM: generatecontrols Started
12/22/2017 11:21:27 AM: GenerateControls:Loaded all Dropdownlist dynamically
12/22/2017 11:21:27 AM: GenerateControls:Loaded all Textbox dynamically
12/22/2017 11:21:27 AM: GenerateControls:Loaded all Textbox dynamically
12/22/2017 11:21:27 AM: GenerateControls:Loaded all Textbox dynamically
12/22/2017 11:21:27 AM: GenerateControls:Loaded all Textbox dynamically
12/22/2017 11:21:27 AM: GenerateControls:Loaded all Textbox dynamically
12/22/2017 11:21:28 AM: createControls Started
12/22/2017 11:21:28 AM: createControls Loaded all Dropdownlist dynamically
12/22/2017 11:21:28 AM: createControls Loaded all Textbox dynamically
12/22/2017 11:21:28 AM: createControls Loaded all Textbox dynamically
12/22/2017 11:21:28 AM: createControls Loaded all Textbox dynamically
12/22/2017 11:21:28 AM: createControls Loaded all Textbox dynamically
12/22/2017 11:21:28 AM: createControls Loaded all Textbox dynamically
12/22/2017 11:21:28 AM: createControls Finished
12/22/2017 11:21:28 AM: Started Loading Entity Drop Down
12/22/2017 11:21:28 AM: Finished Loading Entity Drop Down
12/22/2017 11:21:30 AM: createControls Started
12/22/2017 11:21:30 AM: createControls Loaded all Dropdownlist dynamically
12/22/2017 11:21:30 AM: createControls Loaded all Textbox dynamically
12/22/2017 11:21:30 AM: createControls Loaded all Textbox dynamically
12/22/2017 11:21:30 AM: createControls Loaded all Textbox dynamically
12/22/2017 11:21:30 AM: createControls Loaded all Textbox dynamically
12/22/2017 11:21:30 AM: createControls Loaded all Textbox dynamically
12/22/2017 11:21:30 AM: createControls Finished
12/22/2017 11:21:30 AM: GetTemplateDetails started
12/22/2017 11:21:30 AM: generatecontrols Started
12/22/2017 11:21:30 AM: GenerateControls:Loaded all Dropdownlist dynamically
12/22/2017 11:21:30 AM: GenerateControls:Loaded all Textbox dynamically
12/22/2017 11:21:30 AM: GenerateControls:Loaded all Textbox dynamically
12/22/2017 11:21:30 AM: GenerateControls:Loaded all Textbox dynamically
12/22/2017 11:21:30 AM: GenerateControls:Loaded all Textbox dynamically
12/22/2017 11:21:30 AM: GenerateControls:Loaded all Textbox dynamically
12/22/2017 11:21:31 AM: createControls Started
12/22/2017 11:21:31 AM: createControls Loaded all Dropdownlist dynamically
12/22/2017 11:21:31 AM: createControls Loaded all Textbox dynamically
12/22/2017 11:21:31 AM: createControls Loaded all Textbox dynamically
12/22/2017 11:21:31 AM: createControls Loaded all Textbox dynamically
12/22/2017 11:21:31 AM: createControls Loaded all Textbox dynamically
12/22/2017 11:21:31 AM: createControls Loaded all Textbox dynamically
12/22/2017 11:21:31 AM: createControls Finished
12/22/2017 11:21:31 AM: Started Loading Entity Drop Down
12/22/2017 11:21:32 AM: Finished Loading Entity Drop Down
12/22/2017 1:05:28 PM: BindDocumentType started
12/22/2017 1:05:28 PM: BindDocumentType finished
12/22/2017 1:05:44 PM: createControls Started
12/22/2017 1:05:44 PM: createControls Loaded all Dropdownlist dynamically
12/22/2017 1:05:44 PM: createControls Loaded all Textbox dynamically
12/22/2017 1:05:44 PM: createControls Loaded all Textbox dynamically
12/22/2017 1:05:44 PM: createControls Loaded all Textbox dynamically
12/22/2017 1:05:44 PM: createControls Loaded all Textbox dynamically
12/22/2017 1:05:44 PM: createControls Loaded all Textbox dynamically
12/22/2017 1:05:44 PM: createControls Finished
12/22/2017 1:05:44 PM: GetTemplateDetails started
12/22/2017 1:05:44 PM: generatecontrols Started
12/22/2017 1:05:44 PM: GenerateControls:Loaded all Dropdownlist dynamically
12/22/2017 1:05:44 PM: GenerateControls:Loaded all Textbox dynamically
12/22/2017 1:05:44 PM: GenerateControls:Loaded all Textbox dynamically
12/22/2017 1:05:44 PM: GenerateControls:Loaded all Textbox dynamically
12/22/2017 1:05:44 PM: GenerateControls:Loaded all Textbox dynamically
12/22/2017 1:05:44 PM: GenerateControls:Loaded all Textbox dynamically
12/22/2017 1:05:46 PM: createControls Started
12/22/2017 1:05:46 PM: createControls Loaded all Dropdownlist dynamically
12/22/2017 1:05:46 PM: createControls Loaded all Textbox dynamically
12/22/2017 1:05:46 PM: createControls Loaded all Textbox dynamically
12/22/2017 1:05:46 PM: createControls Loaded all Textbox dynamically
12/22/2017 1:05:46 PM: createControls Loaded all Textbox dynamically
12/22/2017 1:05:46 PM: createControls Loaded all Textbox dynamically
12/22/2017 1:05:46 PM: createControls Finished
12/22/2017 1:05:46 PM: Started Loading Entity Drop Down
12/22/2017 1:05:46 PM: Finished Loading Entity Drop Down
