1/9/2018 12:30:09 PM: BindDocumentType started
1/9/2018 12:30:09 PM: BindDocumentType finished
1/9/2018 12:30:15 PM: createControls Started
1/9/2018 12:30:15 PM: createControls Loaded all Dropdownlist dynamically
1/9/2018 12:30:15 PM: createControls Loaded all Textbox dynamically
1/9/2018 12:30:15 PM: createControls Loaded all Textbox dynamically
1/9/2018 12:30:15 PM: createControls Loaded all Textbox dynamically
1/9/2018 12:30:15 PM: createControls Loaded all Textbox dynamically
1/9/2018 12:30:15 PM: createControls Loaded all Textbox dynamically
1/9/2018 12:30:15 PM: createControls Finished
1/9/2018 12:30:15 PM: GetTemplateDetails started
1/9/2018 12:30:15 PM: generatecontrols Started
1/9/2018 12:30:15 PM: GenerateControls:Loaded all Dropdownlist dynamically
1/9/2018 12:30:15 PM: GenerateControls:Loaded all Textbox dynamically
1/9/2018 12:30:15 PM: GenerateControls:Loaded all Textbox dynamically
1/9/2018 12:30:15 PM: GenerateControls:Loaded all Textbox dynamically
1/9/2018 12:30:15 PM: GenerateControls:Loaded all Textbox dynamically
1/9/2018 12:30:15 PM: GenerateControls:Loaded all Textbox dynamically
1/9/2018 12:30:16 PM: createControls Started
1/9/2018 12:30:16 PM: createControls Loaded all Dropdownlist dynamically
1/9/2018 12:30:16 PM: createControls Loaded all Textbox dynamically
1/9/2018 12:30:16 PM: createControls Loaded all Textbox dynamically
1/9/2018 12:30:16 PM: createControls Loaded all Textbox dynamically
1/9/2018 12:30:16 PM: createControls Loaded all Textbox dynamically
1/9/2018 12:30:16 PM: createControls Loaded all Textbox dynamically
1/9/2018 12:30:16 PM: createControls Finished
1/9/2018 12:30:16 PM: Started Loading Entity Drop Down
1/9/2018 12:30:18 PM: Finished Loading Entity Drop Down
1/9/2018 12:30:25 PM: createControls Started
1/9/2018 12:30:25 PM: createControls Loaded all Dropdownlist dynamically
1/9/2018 12:30:25 PM: createControls Loaded all Textbox dynamically
1/9/2018 12:30:25 PM: createControls Loaded all Textbox dynamically
1/9/2018 12:30:25 PM: createControls Loaded all Textbox dynamically
1/9/2018 12:30:25 PM: createControls Loaded all Textbox dynamically
1/9/2018 12:30:25 PM: createControls Loaded all Textbox dynamically
1/9/2018 12:30:25 PM: createControls Finished
1/9/2018 12:30:25 PM: Started Loading Entity Drop Down
1/9/2018 12:30:25 PM: Finished Loading Entity Drop Down
1/9/2018 12:30:31 PM: createControls Started
1/9/2018 12:30:31 PM: createControls Loaded all Dropdownlist dynamically
1/9/2018 12:30:31 PM: createControls Loaded all Textbox dynamically
1/9/2018 12:30:31 PM: createControls Loaded all Textbox dynamically
1/9/2018 12:30:31 PM: createControls Loaded all Textbox dynamically
1/9/2018 12:30:31 PM: createControls Loaded all Textbox dynamically
1/9/2018 12:30:31 PM: createControls Loaded all Textbox dynamically
1/9/2018 12:30:31 PM: createControls Finished
1/9/2018 12:30:32 PM: createControls Started
1/9/2018 12:30:32 PM: createControls Loaded all Dropdownlist dynamically
1/9/2018 12:30:32 PM: createControls Loaded all Textbox dynamically
1/9/2018 12:30:32 PM: createControls Loaded all Textbox dynamically
1/9/2018 12:30:32 PM: createControls Loaded all Textbox dynamically
1/9/2018 12:30:32 PM: createControls Loaded all Textbox dynamically
1/9/2018 12:30:32 PM: createControls Loaded all Textbox dynamically
1/9/2018 12:30:32 PM: createControls Finished
1/9/2018 12:30:32 PM: GetTemplateDetails started
1/9/2018 12:30:32 PM: generatecontrols Started
1/9/2018 12:30:32 PM: GenerateControls:Loaded all Dropdownlist dynamically
1/9/2018 12:30:32 PM: GenerateControls:Loaded all Textbox dynamically
1/9/2018 12:30:32 PM: GenerateControls:Loaded all Textbox dynamically
1/9/2018 12:30:32 PM: GenerateControls:Loaded all Textbox dynamically
1/9/2018 12:30:32 PM: GenerateControls:Loaded all Textbox dynamically
1/9/2018 12:30:32 PM: GenerateControls:Loaded all Textbox dynamically
1/9/2018 12:30:33 PM: createControls Started
1/9/2018 12:30:33 PM: createControls Loaded all Dropdownlist dynamically
1/9/2018 12:30:33 PM: createControls Loaded all Textbox dynamically
1/9/2018 12:30:33 PM: createControls Loaded all Textbox dynamically
1/9/2018 12:30:33 PM: createControls Loaded all Textbox dynamically
1/9/2018 12:30:33 PM: createControls Loaded all Textbox dynamically
1/9/2018 12:30:33 PM: createControls Loaded all Textbox dynamically
1/9/2018 12:30:33 PM: createControls Finished
1/9/2018 12:30:33 PM: Started Loading Entity Drop Down
1/9/2018 12:30:34 PM: Finished Loading Entity Drop Down
1/9/2018 12:30:50 PM: createControls Started
1/9/2018 12:30:50 PM: createControls Finished
1/9/2018 12:30:52 PM: createControls Started
1/9/2018 12:30:52 PM: createControls Loaded all Dropdownlist dynamically
1/9/2018 12:30:52 PM: createControls Loaded all Textbox dynamically
1/9/2018 12:30:52 PM: createControls Loaded all Textbox dynamically
1/9/2018 12:30:52 PM: createControls Loaded all Textbox dynamically
1/9/2018 12:30:52 PM: createControls Loaded all Textbox dynamically
1/9/2018 12:30:52 PM: createControls Loaded all Textbox dynamically
1/9/2018 12:30:52 PM: createControls Finished
1/9/2018 12:30:52 PM: GetTemplateDetails started
1/9/2018 12:30:52 PM: generatecontrols Started
1/9/2018 12:30:52 PM: GenerateControls:Loaded all Dropdownlist dynamically
1/9/2018 12:30:52 PM: GenerateControls:Loaded all Textbox dynamically
1/9/2018 12:30:52 PM: GenerateControls:Loaded all Textbox dynamically
1/9/2018 12:30:52 PM: GenerateControls:Loaded all Textbox dynamically
1/9/2018 12:30:52 PM: GenerateControls:Loaded all Textbox dynamically
1/9/2018 12:30:52 PM: GenerateControls:Loaded all Textbox dynamically
1/9/2018 12:30:54 PM: createControls Started
1/9/2018 12:30:54 PM: createControls Loaded all Dropdownlist dynamically
1/9/2018 12:30:54 PM: createControls Loaded all Textbox dynamically
1/9/2018 12:30:54 PM: createControls Loaded all Textbox dynamically
1/9/2018 12:30:54 PM: createControls Loaded all Textbox dynamically
1/9/2018 12:30:54 PM: createControls Loaded all Textbox dynamically
1/9/2018 12:30:54 PM: createControls Loaded all Textbox dynamically
1/9/2018 12:30:54 PM: createControls Finished
1/9/2018 12:30:54 PM: Started Loading Entity Drop Down
1/9/2018 12:30:54 PM: Finished Loading Entity Drop Down
1/9/2018 12:34:24 PM: createControls Started
1/9/2018 12:34:24 PM: createControls Loaded all Dropdownlist dynamically
1/9/2018 12:34:24 PM: createControls Loaded all Textbox dynamically
1/9/2018 12:34:24 PM: createControls Loaded all Textbox dynamically
1/9/2018 12:34:24 PM: createControls Loaded all Textbox dynamically
1/9/2018 12:34:24 PM: createControls Loaded all Textbox dynamically
1/9/2018 12:34:24 PM: createControls Loaded all Textbox dynamically
1/9/2018 12:34:24 PM: createControls Finished
1/9/2018 12:34:24 PM: Started Loading Entity Drop Down
1/9/2018 12:34:24 PM: Finished Loading Entity Drop Down
1/9/2018 12:35:31 PM: createControls Started
1/9/2018 12:35:31 PM: Createcontrols,Load all Dropdownlist dynamic
1/9/2018 12:35:31 PM: Create controls,Load all Textbox dynamic
1/9/2018 12:35:31 PM: Create controls,Load all Textbox dynamic
1/9/2018 12:35:31 PM: Create controls,Load all Textbox dynamic
1/9/2018 12:35:31 PM: Create controls,Load all Textbox dynamic
1/9/2018 12:35:31 PM: Create controls,Load all Textbox dynamic
1/9/2018 12:35:31 PM: createControls Finished
1/9/2018 12:35:31 PM: generatecontrols Started
1/9/2018 12:35:31 PM: Calling database to get reference id and watermark.
1/9/2018 12:35:31 PM: Database returned result: WO_SU_598_269_10078|
1/9/2018 12:35:31 PM: generatecontrols,Load all Dropdownlist dynamic
1/9/2018 12:35:31 PM: Generatecontrols,Load all Textbox dynamic
1/9/2018 12:35:31 PM: Generatecontrols,Load all Textbox dynamic
1/9/2018 12:35:31 PM: Generatecontrols,Load all Textbox dynamic
1/9/2018 12:35:31 PM: Generatecontrols,Load all Textbox dynamic
1/9/2018 12:35:31 PM: Generatecontrols,Load all Textbox dynamic
1/9/2018 12:35:32 PM: createControls Started
1/9/2018 12:35:32 PM: Createcontrols,Load all Dropdownlist dynamic
1/9/2018 12:35:32 PM: Create controls,Load all Textbox dynamic
1/9/2018 12:35:32 PM: Create controls,Load all Textbox dynamic
1/9/2018 12:35:32 PM: Create controls,Load all Textbox dynamic
1/9/2018 12:35:32 PM: Create controls,Load all Textbox dynamic
1/9/2018 12:35:32 PM: Create controls,Load all Textbox dynamic
1/9/2018 12:35:32 PM: createControls Finished
1/9/2018 12:35:38 PM: createControls Started
1/9/2018 12:35:39 PM: Createcontrols,Load all Dropdownlist dynamic
1/9/2018 12:35:39 PM: Create controls,Load all Textbox dynamic
1/9/2018 12:35:39 PM: Create controls,Load all Textbox dynamic
1/9/2018 12:35:39 PM: Create controls,Load all Textbox dynamic
1/9/2018 12:35:39 PM: Create controls,Load all Textbox dynamic
1/9/2018 12:35:39 PM: Create controls,Load all Textbox dynamic
1/9/2018 12:35:39 PM: createControls Finished
1/9/2018 12:35:39 PM: AsyncFileUpload1_UploadedComplete Started
1/9/2018 12:35:39 PM: Started Saving Uploaded Document in AsyncFileUpload1_UploadedComplete 
1/9/2018 12:35:39 PM: Finished Saving Uploaded Document in AsyncFileUpload1_UploadedComplete 
1/9/2018 12:35:40 PM: AsyncFileUpload1_UploadedComplete Pagecount of Image2Pdf().ExtractPages 6
1/9/2018 12:35:40 PM: AsyncFileUpload1_UploadedComplete Finished
1/9/2018 12:35:40 PM: createControls Started
1/9/2018 12:35:40 PM: Createcontrols,Load all Dropdownlist dynamic
1/9/2018 12:35:40 PM: Create controls,Load all Textbox dynamic
1/9/2018 12:35:40 PM: Create controls,Load all Textbox dynamic
1/9/2018 12:35:40 PM: Create controls,Load all Textbox dynamic
1/9/2018 12:35:40 PM: Create controls,Load all Textbox dynamic
1/9/2018 12:35:40 PM: Create controls,Load all Textbox dynamic
1/9/2018 12:35:40 PM: createControls Finished
1/9/2018 12:35:40 PM: btnSubmit_Click Started
1/9/2018 12:35:40 PM: btnSubmit_Click Finished
1/9/2018 12:36:45 PM: createControls Started
1/9/2018 12:36:45 PM: Createcontrols,Load all Dropdownlist dynamic
1/9/2018 12:36:45 PM: Create controls,Load all Textbox dynamic
1/9/2018 12:36:45 PM: Create controls,Load all Textbox dynamic
1/9/2018 12:36:45 PM: Create controls,Load all Textbox dynamic
1/9/2018 12:36:45 PM: Create controls,Load all Textbox dynamic
1/9/2018 12:36:45 PM: Create controls,Load all Textbox dynamic
1/9/2018 12:36:45 PM: createControls Finished
1/9/2018 12:36:45 PM: Started Saving Uploaded Document in Save Button Click
1/9/2018 12:36:45 PM: AsyncFileUpload1_UploadedComplete Started
1/9/2018 12:36:45 PM: AsyncFileUpload1_UploadedComplete Finished
1/9/2018 12:36:45 PM: GetDBFieldName the DBFld UPLOAD_vFld1
1/9/2018 12:36:45 PM: GetDBFieldName the DBFld UPLOAD_vFld2
1/9/2018 12:36:45 PM: GetDBFieldName the DBFld UPLOAD_vFld3
1/9/2018 12:36:45 PM: GetDBFieldName the DBFld UPLOAD_vFld4
1/9/2018 12:36:45 PM: GetDBFieldName the DBFld UPLOAD_vFld5
1/9/2018 12:36:45 PM: GetDBFieldName the DBFld UPLOAD_vFld6
1/9/2018 12:36:47 PM: CreateXML Started:-
1/9/2018 12:36:47 PM: CreateXML Completed:-
1/9/2018 12:36:47 PM: Save button click after saving or updating the ReturnCode= 0
1/9/2018 12:36:47 PM: Finished Saving Uploaded Document in Save Button Click
1/9/2018 12:36:47 PM: AsyncFileUpload1_UploadedComplete Started
1/9/2018 12:36:47 PM: AsyncFileUpload1_UploadedComplete Finished
1/9/2018 12:36:51 PM: BindDocumentType started
1/9/2018 12:36:51 PM: BindDocumentType finished
1/9/2018 12:36:55 PM: createControls Started
1/9/2018 12:36:55 PM: createControls Loaded all Dropdownlist dynamically
1/9/2018 12:36:55 PM: createControls Loaded all Textbox dynamically
1/9/2018 12:36:55 PM: createControls Loaded all Textbox dynamically
1/9/2018 12:36:55 PM: createControls Loaded all Textbox dynamically
1/9/2018 12:36:55 PM: createControls Loaded all Textbox dynamically
1/9/2018 12:36:55 PM: createControls Loaded all Textbox dynamically
1/9/2018 12:36:55 PM: createControls Finished
1/9/2018 12:36:55 PM: GetTemplateDetails started
1/9/2018 12:36:55 PM: generatecontrols Started
1/9/2018 12:36:55 PM: GenerateControls:Loaded all Dropdownlist dynamically
1/9/2018 12:36:55 PM: GenerateControls:Loaded all Textbox dynamically
1/9/2018 12:36:55 PM: GenerateControls:Loaded all Textbox dynamically
1/9/2018 12:36:55 PM: GenerateControls:Loaded all Textbox dynamically
1/9/2018 12:36:55 PM: GenerateControls:Loaded all Textbox dynamically
1/9/2018 12:36:55 PM: GenerateControls:Loaded all Textbox dynamically
1/9/2018 12:36:56 PM: createControls Started
1/9/2018 12:36:56 PM: createControls Loaded all Dropdownlist dynamically
1/9/2018 12:36:56 PM: createControls Loaded all Textbox dynamically
1/9/2018 12:36:56 PM: createControls Loaded all Textbox dynamically
1/9/2018 12:36:56 PM: createControls Loaded all Textbox dynamically
1/9/2018 12:36:56 PM: createControls Loaded all Textbox dynamically
1/9/2018 12:36:56 PM: createControls Loaded all Textbox dynamically
1/9/2018 12:36:56 PM: createControls Finished
1/9/2018 12:36:56 PM: Started Loading Entity Drop Down
1/9/2018 12:36:56 PM: Finished Loading Entity Drop Down
1/9/2018 12:37:00 PM: GetSginatureDetails Started:-
1/9/2018 12:37:00 PM: GetSginatureDetails Completed:-
1/9/2018 12:37:00 PM: GetTemplateDetails Started
1/9/2018 12:37:00 PM: GetTemplateDetails total record count:1
1/9/2018 12:37:00 PM: Createcontrols,Load all Dropdownlist dynamic
1/9/2018 12:37:00 PM: Create controls,Load all Textbox dynamic
1/9/2018 12:37:00 PM: Create controls,Load all Textbox dynamic
1/9/2018 12:37:00 PM: Create controls,Load all Textbox dynamic
1/9/2018 12:37:00 PM: Create controls,Load all Textbox dynamic
1/9/2018 12:37:00 PM: Create controls,Load all Textbox dynamic
1/9/2018 12:37:00 PM: GetTemplateDetails Finished
1/9/2018 12:37:00 PM: InitializeDocumentView started
1/9/2018 12:37:00 PM: InitializeDocumentView finished
1/9/2018 12:37:00 PM: Calling database to get annotated images. DocumentId: 338696, Action: GetAnnotatedPages
1/9/2018 12:37:00 PM: Calling database to get annotated images. DocumentId: 338696, Action: GetTaggedPages
1/9/2018 12:37:00 PM: LoadImageToViewer started
1/9/2018 12:37:00 PM: Setting image to viewer. Action:  Page count: 6 Current Page:1
1/9/2018 12:37:00 PM: Converting PDF to JPEG. PDF Path: D:\WDMSDocument\TempWorkFolder\V09fU1VfNTk4XzI2OV8xMDA3OA==\1.pdf Image Name: V09fU1VfNTk4XzI2OV8xMDA3OA== Page No: 1
1/9/2018 12:37:00 PM: Converting PDF to JPEG without applying watermark.
1/9/2018 12:37:01 PM: Setting image to viewer using RegisterStartupScript: http://localhost:55361/generichandler.ashx?f=d://wdmsdocument//tempworkfolder//v09fu1vfntk4xzi2ov8xmda3oa==jpg//1.jpeg
1/9/2018 12:37:01 PM: Invoke method to get annotations from databnase.
1/9/2018 12:37:01 PM: Get annotations from database.
1/9/2018 12:37:01 PM: Document Id: 338696 Page No: 1
1/9/2018 12:37:01 PM: Invoking method to get annotation data from database. Action: GetAnnotations
1/9/2018 12:37:01 PM: MailPanelFill started
1/9/2018 12:37:01 PM: MailPanelFill finished
1/9/2018 12:37:03 PM: GetTemplateDetails Started
1/9/2018 12:37:03 PM: GetTemplateDetails total record count:1
1/9/2018 12:37:03 PM: Createcontrols,Load all Dropdownlist dynamic
1/9/2018 12:37:03 PM: Create controls,Load all Textbox dynamic
1/9/2018 12:37:03 PM: Create controls,Load all Textbox dynamic
1/9/2018 12:37:03 PM: Create controls,Load all Textbox dynamic
1/9/2018 12:37:03 PM: Create controls,Load all Textbox dynamic
1/9/2018 12:37:03 PM: Create controls,Load all Textbox dynamic
1/9/2018 12:37:03 PM: GetTemplateDetails Finished
1/9/2018 12:37:03 PM: GetTemplateDetails Started
1/9/2018 12:37:03 PM: GetTemplateDetails total record count:1
1/9/2018 12:37:03 PM: Createcontrols,Load all Dropdownlist dynamic
1/9/2018 12:37:03 PM: Create controls,Load all Textbox dynamic
1/9/2018 12:37:03 PM: Create controls,Load all Textbox dynamic
1/9/2018 12:37:03 PM: Create controls,Load all Textbox dynamic
1/9/2018 12:37:03 PM: Create controls,Load all Textbox dynamic
1/9/2018 12:37:03 PM: Create controls,Load all Textbox dynamic
1/9/2018 12:37:03 PM: GetTemplateDetails Finished
1/9/2018 12:37:03 PM: LoadImageToViewer started
1/9/2018 12:37:03 PM: Setting image to viewer. Action:  Page count: 6 Current Page:1
1/9/2018 12:37:03 PM: Converting PDF to JPEG. PDF Path: D:\WDMSDocument\TempWorkFolder\V09fU1VfNTk4XzI2OV8xMDA3OA==\1.pdf Image Name: V09fU1VfNTk4XzI2OV8xMDA3OA== Page No: 1
1/9/2018 12:37:03 PM: Converting PDF to JPEG without applying watermark.
1/9/2018 12:37:03 PM: Setting image to viewer using RegisterStartupScript: http://localhost:55361/generichandler.ashx?f=d://wdmsdocument//tempworkfolder//v09fu1vfntk4xzi2ov8xmda3oa==jpg//1.jpeg
1/9/2018 12:37:03 PM: Invoke method to get annotations from databnase.
1/9/2018 12:37:03 PM: Get annotations from database.
1/9/2018 12:37:03 PM: Document Id: 338696 Page No: 1
1/9/2018 12:37:03 PM: Invoking method to get annotation data from database. Action: GetAnnotations
1/9/2018 12:37:03 PM: btnLock_Click started
1/9/2018 12:37:03 PM: LoadImageToViewer started
1/9/2018 12:37:03 PM: Setting image to viewer. Action:  Page count: 6 Current Page:1
1/9/2018 12:37:03 PM: Converting PDF to JPEG. PDF Path: D:\WDMSDocument\TempWorkFolder\V09fU1VfNTk4XzI2OV8xMDA3OA==\1.pdf Image Name: V09fU1VfNTk4XzI2OV8xMDA3OA== Page No: 1
1/9/2018 12:37:03 PM: Converting PDF to JPEG without applying watermark.
1/9/2018 12:37:03 PM: Setting image to viewer using RegisterStartupScript: http://localhost:55361/generichandler.ashx?f=d://wdmsdocument//tempworkfolder//v09fu1vfntk4xzi2ov8xmda3oa==jpg//1.jpeg
1/9/2018 12:37:03 PM: Invoke method to get annotations from databnase.
1/9/2018 12:37:03 PM: Get annotations from database.
1/9/2018 12:37:03 PM: Document Id: 338696 Page No: 1
1/9/2018 12:37:03 PM: Invoking method to get annotation data from database. Action: GetAnnotations
1/9/2018 12:37:03 PM: btnLock_Click finished
1/9/2018 12:37:09 PM: GetTemplateDetails Started
1/9/2018 12:37:09 PM: GetTemplateDetails total record count:1
1/9/2018 12:37:09 PM: Createcontrols,Load all Dropdownlist dynamic
1/9/2018 12:37:09 PM: Create controls,Load all Textbox dynamic
1/9/2018 12:37:09 PM: Create controls,Load all Textbox dynamic
1/9/2018 12:37:09 PM: Create controls,Load all Textbox dynamic
1/9/2018 12:37:09 PM: Create controls,Load all Textbox dynamic
1/9/2018 12:37:09 PM: Create controls,Load all Textbox dynamic
1/9/2018 12:37:09 PM: GetTemplateDetails Finished
1/9/2018 12:37:09 PM: GetDBFieldName the DBFld UPLOAD_vFld1
1/9/2018 12:37:09 PM: GetDBFieldName the DBFld UPLOAD_vFld2
1/9/2018 12:37:09 PM: GetDBFieldName the DBFld UPLOAD_vFld3
1/9/2018 12:37:09 PM: GetDBFieldName the DBFld UPLOAD_vFld4
1/9/2018 12:37:09 PM: GetDBFieldName the DBFld UPLOAD_vFld5
1/9/2018 12:37:09 PM: GetDBFieldName the DBFld UPLOAD_vFld6
1/9/2018 12:37:09 PM: Index fields values saved succesfully
1/9/2018 12:37:22 PM: createControls Started
1/9/2018 12:37:22 PM: createControls Loaded all Dropdownlist dynamically
1/9/2018 12:37:22 PM: createControls Loaded all Textbox dynamically
1/9/2018 12:37:22 PM: createControls Loaded all Textbox dynamically
1/9/2018 12:37:22 PM: createControls Loaded all Textbox dynamically
1/9/2018 12:37:22 PM: createControls Loaded all Textbox dynamically
1/9/2018 12:37:22 PM: createControls Loaded all Textbox dynamically
1/9/2018 12:37:22 PM: createControls Finished
1/9/2018 12:37:22 PM: Started Loading Entity Drop Down
1/9/2018 12:37:22 PM: Finished Loading Entity Drop Down
1/9/2018 12:38:26 PM: createControls Started
1/9/2018 12:38:26 PM: createControls Loaded all Dropdownlist dynamically
1/9/2018 12:38:26 PM: createControls Loaded all Textbox dynamically
1/9/2018 12:38:26 PM: createControls Loaded all Textbox dynamically
1/9/2018 12:38:26 PM: createControls Loaded all Textbox dynamically
1/9/2018 12:38:26 PM: createControls Loaded all Textbox dynamically
1/9/2018 12:38:26 PM: createControls Loaded all Textbox dynamically
1/9/2018 12:38:26 PM: createControls Finished
1/9/2018 1:01:43 PM: BindDocumentType started
1/9/2018 1:01:44 PM: BindDocumentType finished
1/9/2018 1:01:51 PM: createControls Started
1/9/2018 1:01:54 PM: createControls Loaded all Dropdownlist dynamically
1/9/2018 1:01:54 PM: createControls Loaded all Textbox dynamically
1/9/2018 1:01:54 PM: createControls Loaded all Textbox dynamically
1/9/2018 1:01:54 PM: createControls Loaded all Textbox dynamically
1/9/2018 1:01:54 PM: createControls Loaded all Textbox dynamically
1/9/2018 1:01:54 PM: createControls Loaded all Textbox dynamically
1/9/2018 1:01:54 PM: createControls Finished
1/9/2018 1:01:54 PM: GetTemplateDetails started
1/9/2018 1:01:56 PM: generatecontrols Started
1/9/2018 1:01:56 PM: GenerateControls:Loaded all Dropdownlist dynamically
1/9/2018 1:01:56 PM: GenerateControls:Loaded all Textbox dynamically
1/9/2018 1:01:56 PM: GenerateControls:Loaded all Textbox dynamically
1/9/2018 1:01:56 PM: GenerateControls:Loaded all Textbox dynamically
1/9/2018 1:01:56 PM: GenerateControls:Loaded all Textbox dynamically
1/9/2018 1:01:56 PM: GenerateControls:Loaded all Textbox dynamically
1/9/2018 1:01:58 PM: createControls Started
1/9/2018 1:01:58 PM: createControls Loaded all Dropdownlist dynamically
1/9/2018 1:01:58 PM: createControls Loaded all Textbox dynamically
1/9/2018 1:01:58 PM: createControls Loaded all Textbox dynamically
1/9/2018 1:01:58 PM: createControls Loaded all Textbox dynamically
1/9/2018 1:01:58 PM: createControls Loaded all Textbox dynamically
1/9/2018 1:01:58 PM: createControls Loaded all Textbox dynamically
1/9/2018 1:01:58 PM: createControls Finished
1/9/2018 1:01:58 PM: GetTemplateDetails started
1/9/2018 1:01:58 PM: generatecontrols Started
1/9/2018 1:01:58 PM: GenerateControls:Loaded all Dropdownlist dynamically
1/9/2018 1:01:58 PM: GenerateControls:Loaded all Textbox dynamically
1/9/2018 1:01:58 PM: GenerateControls:Loaded all Textbox dynamically
1/9/2018 1:01:58 PM: GenerateControls:Loaded all Textbox dynamically
1/9/2018 1:01:58 PM: GenerateControls:Loaded all Textbox dynamically
1/9/2018 1:01:58 PM: GenerateControls:Loaded all Textbox dynamically
1/9/2018 1:01:58 PM: Started Loading Entity Drop Down
1/9/2018 1:01:59 PM: Finished Loading Entity Drop Down
1/9/2018 1:02:06 PM: createControls Started
1/9/2018 1:02:06 PM: createControls Loaded all Dropdownlist dynamically
1/9/2018 1:02:06 PM: createControls Loaded all Textbox dynamically
1/9/2018 1:02:06 PM: createControls Loaded all Textbox dynamically
1/9/2018 1:02:06 PM: createControls Loaded all Textbox dynamically
1/9/2018 1:02:06 PM: createControls Loaded all Textbox dynamically
1/9/2018 1:02:06 PM: createControls Loaded all Textbox dynamically
1/9/2018 1:02:06 PM: createControls Finished
1/9/2018 1:02:26 PM: GetSginatureDetails Started:-
1/9/2018 1:02:26 PM: GetSginatureDetails Completed:-
1/9/2018 1:02:26 PM: GetTemplateDetails Started
1/9/2018 1:02:26 PM: GetTemplateDetails total record count:1
1/9/2018 1:02:26 PM: Createcontrols,Load all Dropdownlist dynamic
1/9/2018 1:02:26 PM: Create controls,Load all Textbox dynamic
1/9/2018 1:02:26 PM: Create controls,Load all Textbox dynamic
1/9/2018 1:02:26 PM: Create controls,Load all Textbox dynamic
1/9/2018 1:02:26 PM: Create controls,Load all Textbox dynamic
1/9/2018 1:02:26 PM: Create controls,Load all Textbox dynamic
1/9/2018 1:02:26 PM: GetTemplateDetails Finished
1/9/2018 1:02:26 PM: InitializeDocumentView started
1/9/2018 1:02:26 PM: InitializeDocumentView finished
1/9/2018 1:02:26 PM: Calling database to get annotated images. DocumentId: 339474, Action: GetAnnotatedPages
1/9/2018 1:02:26 PM: Calling database to get annotated images. DocumentId: 339474, Action: GetTaggedPages
1/9/2018 1:02:26 PM: LoadImageToViewer started
1/9/2018 1:02:26 PM: Setting image to viewer. Action:  Page count: 0 Current Page:1
1/9/2018 1:02:27 PM: MailPanelFill started
1/9/2018 1:02:27 PM: MailPanelFill finished
1/9/2018 1:02:32 PM: GetTemplateDetails Started
1/9/2018 1:02:32 PM: GetTemplateDetails total record count:1
1/9/2018 1:02:32 PM: Createcontrols,Load all Dropdownlist dynamic
1/9/2018 1:02:32 PM: Create controls,Load all Textbox dynamic
1/9/2018 1:02:32 PM: Create controls,Load all Textbox dynamic
1/9/2018 1:02:32 PM: Create controls,Load all Textbox dynamic
1/9/2018 1:02:32 PM: Create controls,Load all Textbox dynamic
1/9/2018 1:02:32 PM: Create controls,Load all Textbox dynamic
1/9/2018 1:02:32 PM: GetTemplateDetails Finished
1/9/2018 1:02:32 PM: GetTemplateDetails Started
1/9/2018 1:02:32 PM: GetTemplateDetails total record count:1
1/9/2018 1:02:32 PM: Createcontrols,Load all Dropdownlist dynamic
1/9/2018 1:02:32 PM: Create controls,Load all Textbox dynamic
1/9/2018 1:02:32 PM: Create controls,Load all Textbox dynamic
1/9/2018 1:02:32 PM: Create controls,Load all Textbox dynamic
1/9/2018 1:02:32 PM: Create controls,Load all Textbox dynamic
1/9/2018 1:02:32 PM: Create controls,Load all Textbox dynamic
1/9/2018 1:02:32 PM: GetTemplateDetails Finished
1/9/2018 1:02:32 PM: LoadImageToViewer started
1/9/2018 1:02:32 PM: Setting image to viewer. Action:  Page count: 0 Current Page:1
1/9/2018 1:02:32 PM: btnLock_Click started
1/9/2018 1:02:32 PM: LoadImageToViewer started
1/9/2018 1:02:32 PM: Setting image to viewer. Action:  Page count: 0 Current Page:1
1/9/2018 1:02:32 PM: btnLock_Click finished
1/9/2018 1:02:49 PM: GetTemplateDetails Started
1/9/2018 1:02:49 PM: GetTemplateDetails total record count:1
1/9/2018 1:02:49 PM: Createcontrols,Load all Dropdownlist dynamic
1/9/2018 1:02:49 PM: Create controls,Load all Textbox dynamic
1/9/2018 1:02:49 PM: Create controls,Load all Textbox dynamic
1/9/2018 1:02:49 PM: Create controls,Load all Textbox dynamic
1/9/2018 1:02:49 PM: Create controls,Load all Textbox dynamic
1/9/2018 1:02:49 PM: Create controls,Load all Textbox dynamic
1/9/2018 1:02:49 PM: GetTemplateDetails Finished
1/9/2018 1:02:49 PM: GetDBFieldName the DBFld UPLOAD_vFld1
1/9/2018 1:02:49 PM: GetDBFieldName the DBFld UPLOAD_vFld2
1/9/2018 1:02:49 PM: GetDBFieldName the DBFld UPLOAD_vFld3
1/9/2018 1:02:49 PM: GetDBFieldName the DBFld UPLOAD_vFld4
1/9/2018 1:02:49 PM: GetDBFieldName the DBFld UPLOAD_vFld5
1/9/2018 1:02:49 PM: GetDBFieldName the DBFld UPLOAD_vFld6
1/9/2018 1:05:18 PM: GetTemplateDetails Started
1/9/2018 1:05:18 PM: GetTemplateDetails total record count:1
1/9/2018 1:05:18 PM: Createcontrols,Load all Dropdownlist dynamic
1/9/2018 1:05:18 PM: Create controls,Load all Textbox dynamic
1/9/2018 1:05:18 PM: Create controls,Load all Textbox dynamic
1/9/2018 1:05:18 PM: Create controls,Load all Textbox dynamic
1/9/2018 1:05:18 PM: Create controls,Load all Textbox dynamic
1/9/2018 1:05:18 PM: Create controls,Load all Textbox dynamic
1/9/2018 1:05:18 PM: GetTemplateDetails Finished
1/9/2018 1:05:18 PM: GetDBFieldName the DBFld UPLOAD_vFld1
1/9/2018 1:05:18 PM: GetDBFieldName the DBFld UPLOAD_vFld2
1/9/2018 1:05:18 PM: GetDBFieldName the DBFld UPLOAD_vFld3
1/9/2018 1:05:18 PM: GetDBFieldName the DBFld UPLOAD_vFld4
1/9/2018 1:05:18 PM: GetDBFieldName the DBFld UPLOAD_vFld5
1/9/2018 1:05:18 PM: GetDBFieldName the DBFld UPLOAD_vFld6
1/9/2018 1:05:21 PM: Index fields values saved succesfully
1/9/2018 1:15:40 PM: BindDocumentType started
1/9/2018 1:15:40 PM: BindDocumentType finished
1/9/2018 1:16:22 PM: createControls Started
1/9/2018 1:16:22 PM: createControls Loaded all Dropdownlist dynamically
1/9/2018 1:16:22 PM: createControls Loaded all Textbox dynamically
1/9/2018 1:16:22 PM: createControls Loaded all Textbox dynamically
1/9/2018 1:16:22 PM: createControls Loaded all Textbox dynamically
1/9/2018 1:16:22 PM: createControls Loaded all Textbox dynamically
1/9/2018 1:16:22 PM: createControls Loaded all Textbox dynamically
1/9/2018 1:16:22 PM: createControls Finished
1/9/2018 1:16:22 PM: GetTemplateDetails started
1/9/2018 1:16:24 PM: generatecontrols Started
1/9/2018 1:16:24 PM: GenerateControls:Loaded all Dropdownlist dynamically
1/9/2018 1:16:24 PM: GenerateControls:Loaded all Textbox dynamically
1/9/2018 1:16:24 PM: GenerateControls:Loaded all Textbox dynamically
1/9/2018 1:16:24 PM: GenerateControls:Loaded all Textbox dynamically
1/9/2018 1:16:24 PM: GenerateControls:Loaded all Textbox dynamically
1/9/2018 1:16:24 PM: GenerateControls:Loaded all Textbox dynamically
1/9/2018 1:16:42 PM: createControls Started
1/9/2018 1:16:42 PM: createControls Loaded all Dropdownlist dynamically
1/9/2018 1:16:42 PM: createControls Loaded all Textbox dynamically
1/9/2018 1:16:42 PM: createControls Loaded all Textbox dynamically
1/9/2018 1:16:42 PM: createControls Loaded all Textbox dynamically
1/9/2018 1:16:42 PM: createControls Loaded all Textbox dynamically
1/9/2018 1:16:42 PM: createControls Loaded all Textbox dynamically
1/9/2018 1:16:42 PM: createControls Finished
1/9/2018 1:16:42 PM: Started Loading Entity Drop Down
1/9/2018 1:16:45 PM: Finished Loading Entity Drop Down
1/9/2018 1:16:49 PM: createControls Started
1/9/2018 1:16:49 PM: createControls Loaded all Dropdownlist dynamically
1/9/2018 1:16:49 PM: createControls Loaded all Textbox dynamically
1/9/2018 1:16:49 PM: createControls Loaded all Textbox dynamically
1/9/2018 1:16:49 PM: createControls Loaded all Textbox dynamically
1/9/2018 1:16:49 PM: createControls Loaded all Textbox dynamically
1/9/2018 1:16:49 PM: createControls Loaded all Textbox dynamically
1/9/2018 1:16:49 PM: createControls Finished
1/9/2018 1:17:09 PM: GetSginatureDetails Started:-
1/9/2018 1:17:09 PM: GetSginatureDetails Completed:-
1/9/2018 1:17:09 PM: GetTemplateDetails Started
1/9/2018 1:17:09 PM: GetTemplateDetails total record count:1
1/9/2018 1:17:09 PM: Createcontrols,Load all Dropdownlist dynamic
1/9/2018 1:17:09 PM: Create controls,Load all Textbox dynamic
1/9/2018 1:17:09 PM: Create controls,Load all Textbox dynamic
1/9/2018 1:17:09 PM: Create controls,Load all Textbox dynamic
1/9/2018 1:17:09 PM: Create controls,Load all Textbox dynamic
1/9/2018 1:17:09 PM: Create controls,Load all Textbox dynamic
1/9/2018 1:17:09 PM: GetTemplateDetails Finished
1/9/2018 1:17:09 PM: InitializeDocumentView started
1/9/2018 1:17:09 PM: InitializeDocumentView finished
1/9/2018 1:17:09 PM: Calling database to get annotated images. DocumentId: 339474, Action: GetAnnotatedPages
1/9/2018 1:17:10 PM: Calling database to get annotated images. DocumentId: 339474, Action: GetTaggedPages
1/9/2018 1:17:10 PM: LoadImageToViewer started
1/9/2018 1:17:10 PM: Setting image to viewer. Action:  Page count: 0 Current Page:1
1/9/2018 1:17:10 PM: MailPanelFill started
1/9/2018 1:17:10 PM: MailPanelFill finished
1/9/2018 1:17:16 PM: GetTemplateDetails Started
1/9/2018 1:17:16 PM: GetTemplateDetails total record count:1
1/9/2018 1:17:16 PM: Createcontrols,Load all Dropdownlist dynamic
1/9/2018 1:17:16 PM: Create controls,Load all Textbox dynamic
1/9/2018 1:17:16 PM: Create controls,Load all Textbox dynamic
1/9/2018 1:17:16 PM: Create controls,Load all Textbox dynamic
1/9/2018 1:17:16 PM: Create controls,Load all Textbox dynamic
1/9/2018 1:17:16 PM: Create controls,Load all Textbox dynamic
1/9/2018 1:17:16 PM: GetTemplateDetails Finished
1/9/2018 1:17:16 PM: GetTemplateDetails Started
1/9/2018 1:17:16 PM: GetTemplateDetails total record count:1
1/9/2018 1:17:16 PM: Createcontrols,Load all Dropdownlist dynamic
1/9/2018 1:17:16 PM: Create controls,Load all Textbox dynamic
1/9/2018 1:17:16 PM: Create controls,Load all Textbox dynamic
1/9/2018 1:17:16 PM: Create controls,Load all Textbox dynamic
1/9/2018 1:17:16 PM: Create controls,Load all Textbox dynamic
1/9/2018 1:17:16 PM: Create controls,Load all Textbox dynamic
1/9/2018 1:17:16 PM: GetTemplateDetails Finished
1/9/2018 1:17:16 PM: LoadImageToViewer started
1/9/2018 1:17:16 PM: Setting image to viewer. Action:  Page count: 0 Current Page:1
1/9/2018 1:17:17 PM: btnLock_Click started
1/9/2018 1:17:17 PM: LoadImageToViewer started
1/9/2018 1:17:17 PM: Setting image to viewer. Action:  Page count: 0 Current Page:1
1/9/2018 1:17:17 PM: btnLock_Click finished
1/9/2018 1:17:48 PM: GetTemplateDetails Started
1/9/2018 1:17:48 PM: GetTemplateDetails total record count:1
1/9/2018 1:17:48 PM: Createcontrols,Load all Dropdownlist dynamic
1/9/2018 1:17:48 PM: Create controls,Load all Textbox dynamic
1/9/2018 1:17:48 PM: Create controls,Load all Textbox dynamic
1/9/2018 1:17:48 PM: Create controls,Load all Textbox dynamic
1/9/2018 1:17:48 PM: Create controls,Load all Textbox dynamic
1/9/2018 1:17:48 PM: Create controls,Load all Textbox dynamic
1/9/2018 1:17:48 PM: GetTemplateDetails Finished
1/9/2018 1:17:48 PM: GetDBFieldName the DBFld UPLOAD_vFld1
1/9/2018 1:17:48 PM: GetDBFieldName the DBFld UPLOAD_vFld2
1/9/2018 1:17:48 PM: GetDBFieldName the DBFld UPLOAD_vFld3
1/9/2018 1:17:48 PM: GetDBFieldName the DBFld UPLOAD_vFld4
1/9/2018 1:17:48 PM: GetDBFieldName the DBFld UPLOAD_vFld5
1/9/2018 1:17:48 PM: GetDBFieldName the DBFld UPLOAD_vFld6
1/9/2018 1:21:20 PM: BindDocumentType started
1/9/2018 1:21:20 PM: BindDocumentType finished
1/9/2018 1:21:57 PM: createControls Started
1/9/2018 1:21:57 PM: createControls Loaded all Dropdownlist dynamically
1/9/2018 1:21:57 PM: createControls Loaded all Textbox dynamically
1/9/2018 1:21:57 PM: createControls Loaded all Textbox dynamically
1/9/2018 1:21:57 PM: createControls Loaded all Textbox dynamically
1/9/2018 1:21:57 PM: createControls Loaded all Textbox dynamically
1/9/2018 1:21:57 PM: createControls Loaded all Textbox dynamically
1/9/2018 1:21:57 PM: createControls Finished
1/9/2018 1:21:57 PM: GetTemplateDetails started
1/9/2018 1:21:57 PM: generatecontrols Started
1/9/2018 1:21:57 PM: GenerateControls:Loaded all Dropdownlist dynamically
1/9/2018 1:21:57 PM: GenerateControls:Loaded all Textbox dynamically
1/9/2018 1:21:57 PM: GenerateControls:Loaded all Textbox dynamically
1/9/2018 1:21:57 PM: GenerateControls:Loaded all Textbox dynamically
1/9/2018 1:21:58 PM: GenerateControls:Loaded all Textbox dynamically
1/9/2018 1:21:58 PM: GenerateControls:Loaded all Textbox dynamically
1/9/2018 1:22:00 PM: createControls Started
1/9/2018 1:22:00 PM: createControls Loaded all Dropdownlist dynamically
1/9/2018 1:22:00 PM: createControls Loaded all Textbox dynamically
1/9/2018 1:22:00 PM: createControls Loaded all Textbox dynamically
1/9/2018 1:22:00 PM: createControls Loaded all Textbox dynamically
1/9/2018 1:22:00 PM: createControls Loaded all Textbox dynamically
1/9/2018 1:22:00 PM: createControls Loaded all Textbox dynamically
1/9/2018 1:22:00 PM: createControls Finished
1/9/2018 1:22:00 PM: Started Loading Entity Drop Down
1/9/2018 1:22:01 PM: Finished Loading Entity Drop Down
1/9/2018 1:22:08 PM: createControls Started
1/9/2018 1:22:08 PM: createControls Loaded all Dropdownlist dynamically
1/9/2018 1:22:08 PM: createControls Loaded all Textbox dynamically
1/9/2018 1:22:08 PM: createControls Loaded all Textbox dynamically
1/9/2018 1:22:08 PM: createControls Loaded all Textbox dynamically
1/9/2018 1:22:08 PM: createControls Loaded all Textbox dynamically
1/9/2018 1:22:08 PM: createControls Loaded all Textbox dynamically
1/9/2018 1:22:08 PM: createControls Finished
1/9/2018 1:22:19 PM: GetSginatureDetails Started:-
1/9/2018 1:22:19 PM: GetSginatureDetails Completed:-
1/9/2018 1:22:19 PM: GetTemplateDetails Started
1/9/2018 1:22:19 PM: GetTemplateDetails total record count:1
1/9/2018 1:22:19 PM: Createcontrols,Load all Dropdownlist dynamic
1/9/2018 1:22:19 PM: Create controls,Load all Textbox dynamic
1/9/2018 1:22:19 PM: Create controls,Load all Textbox dynamic
1/9/2018 1:22:19 PM: Create controls,Load all Textbox dynamic
1/9/2018 1:22:19 PM: Create controls,Load all Textbox dynamic
1/9/2018 1:22:19 PM: Create controls,Load all Textbox dynamic
1/9/2018 1:22:19 PM: GetTemplateDetails Finished
1/9/2018 1:22:19 PM: InitializeDocumentView started
1/9/2018 1:22:19 PM: InitializeDocumentView finished
1/9/2018 1:22:19 PM: Calling database to get annotated images. DocumentId: 339474, Action: GetAnnotatedPages
1/9/2018 1:22:20 PM: Calling database to get annotated images. DocumentId: 339474, Action: GetTaggedPages
1/9/2018 1:22:20 PM: LoadImageToViewer started
1/9/2018 1:22:20 PM: Setting image to viewer. Action:  Page count: 0 Current Page:1
1/9/2018 1:22:20 PM: MailPanelFill started
1/9/2018 1:22:20 PM: MailPanelFill finished
1/9/2018 1:22:27 PM: GetTemplateDetails Started
1/9/2018 1:22:27 PM: GetTemplateDetails total record count:1
1/9/2018 1:22:27 PM: Createcontrols,Load all Dropdownlist dynamic
1/9/2018 1:22:27 PM: Create controls,Load all Textbox dynamic
1/9/2018 1:22:27 PM: Create controls,Load all Textbox dynamic
1/9/2018 1:22:27 PM: Create controls,Load all Textbox dynamic
1/9/2018 1:22:27 PM: Create controls,Load all Textbox dynamic
1/9/2018 1:22:27 PM: Create controls,Load all Textbox dynamic
1/9/2018 1:22:27 PM: GetTemplateDetails Finished
1/9/2018 1:22:27 PM: GetTemplateDetails Started
1/9/2018 1:22:27 PM: GetTemplateDetails total record count:1
1/9/2018 1:22:27 PM: Createcontrols,Load all Dropdownlist dynamic
1/9/2018 1:22:27 PM: Create controls,Load all Textbox dynamic
1/9/2018 1:22:27 PM: Create controls,Load all Textbox dynamic
1/9/2018 1:22:27 PM: Create controls,Load all Textbox dynamic
1/9/2018 1:22:27 PM: Create controls,Load all Textbox dynamic
1/9/2018 1:22:27 PM: Create controls,Load all Textbox dynamic
1/9/2018 1:22:27 PM: GetTemplateDetails Finished
1/9/2018 1:22:27 PM: LoadImageToViewer started
1/9/2018 1:22:27 PM: Setting image to viewer. Action:  Page count: 0 Current Page:1
1/9/2018 1:22:27 PM: btnLock_Click started
1/9/2018 1:22:28 PM: LoadImageToViewer started
1/9/2018 1:22:28 PM: Setting image to viewer. Action:  Page count: 0 Current Page:1
1/9/2018 1:22:28 PM: btnLock_Click finished
1/9/2018 1:22:33 PM: GetTemplateDetails Started
1/9/2018 1:22:33 PM: GetTemplateDetails total record count:1
1/9/2018 1:22:33 PM: Createcontrols,Load all Dropdownlist dynamic
1/9/2018 1:22:33 PM: Create controls,Load all Textbox dynamic
1/9/2018 1:22:33 PM: Create controls,Load all Textbox dynamic
1/9/2018 1:22:33 PM: Create controls,Load all Textbox dynamic
1/9/2018 1:22:33 PM: Create controls,Load all Textbox dynamic
1/9/2018 1:22:33 PM: Create controls,Load all Textbox dynamic
1/9/2018 1:22:33 PM: GetTemplateDetails Finished
1/9/2018 1:22:33 PM: GetDBFieldName the DBFld UPLOAD_vFld1
1/9/2018 1:22:33 PM: GetDBFieldName the DBFld UPLOAD_vFld2
1/9/2018 1:22:33 PM: GetDBFieldName the DBFld UPLOAD_vFld3
1/9/2018 1:22:33 PM: GetDBFieldName the DBFld UPLOAD_vFld4
1/9/2018 1:22:33 PM: GetDBFieldName the DBFld UPLOAD_vFld5
1/9/2018 1:22:33 PM: GetDBFieldName the DBFld UPLOAD_vFld6
1/9/2018 1:23:21 PM: Index fields values saved succesfully
1/9/2018 1:23:32 PM: BindDocumentType started
1/9/2018 1:23:32 PM: BindDocumentType finished
1/9/2018 1:23:38 PM: createControls Started
1/9/2018 1:23:38 PM: createControls Loaded all Dropdownlist dynamically
1/9/2018 1:23:38 PM: createControls Loaded all Textbox dynamically
1/9/2018 1:23:38 PM: createControls Loaded all Textbox dynamically
1/9/2018 1:23:38 PM: createControls Loaded all Textbox dynamically
1/9/2018 1:23:38 PM: createControls Loaded all Textbox dynamically
1/9/2018 1:23:38 PM: createControls Loaded all Textbox dynamically
1/9/2018 1:23:38 PM: createControls Finished
1/9/2018 1:23:38 PM: GetTemplateDetails started
1/9/2018 1:23:38 PM: generatecontrols Started
1/9/2018 1:23:38 PM: GenerateControls:Loaded all Dropdownlist dynamically
1/9/2018 1:23:38 PM: GenerateControls:Loaded all Textbox dynamically
1/9/2018 1:23:38 PM: GenerateControls:Loaded all Textbox dynamically
1/9/2018 1:23:38 PM: GenerateControls:Loaded all Textbox dynamically
1/9/2018 1:23:38 PM: GenerateControls:Loaded all Textbox dynamically
1/9/2018 1:23:38 PM: GenerateControls:Loaded all Textbox dynamically
1/9/2018 1:23:39 PM: createControls Started
1/9/2018 1:23:39 PM: createControls Loaded all Dropdownlist dynamically
1/9/2018 1:23:39 PM: createControls Loaded all Textbox dynamically
1/9/2018 1:23:39 PM: createControls Loaded all Textbox dynamically
1/9/2018 1:23:39 PM: createControls Loaded all Textbox dynamically
1/9/2018 1:23:39 PM: createControls Loaded all Textbox dynamically
1/9/2018 1:23:39 PM: createControls Loaded all Textbox dynamically
1/9/2018 1:23:39 PM: createControls Finished
1/9/2018 1:23:39 PM: Started Loading Entity Drop Down
1/9/2018 1:23:41 PM: Finished Loading Entity Drop Down
1/9/2018 1:23:49 PM: createControls Started
1/9/2018 1:23:49 PM: createControls Loaded all Dropdownlist dynamically
1/9/2018 1:23:49 PM: createControls Loaded all Textbox dynamically
1/9/2018 1:23:49 PM: createControls Loaded all Textbox dynamically
1/9/2018 1:23:49 PM: createControls Loaded all Textbox dynamically
1/9/2018 1:23:49 PM: createControls Loaded all Textbox dynamically
1/9/2018 1:23:49 PM: createControls Loaded all Textbox dynamically
1/9/2018 1:23:49 PM: createControls Finished
1/9/2018 1:23:59 PM: GetSginatureDetails Started:-
1/9/2018 1:23:59 PM: GetSginatureDetails Completed:-
1/9/2018 1:23:59 PM: GetTemplateDetails Started
1/9/2018 1:23:59 PM: GetTemplateDetails total record count:1
1/9/2018 1:23:59 PM: Createcontrols,Load all Dropdownlist dynamic
1/9/2018 1:23:59 PM: Create controls,Load all Textbox dynamic
1/9/2018 1:23:59 PM: Create controls,Load all Textbox dynamic
1/9/2018 1:23:59 PM: Create controls,Load all Textbox dynamic
1/9/2018 1:23:59 PM: Create controls,Load all Textbox dynamic
1/9/2018 1:23:59 PM: Create controls,Load all Textbox dynamic
1/9/2018 1:23:59 PM: GetTemplateDetails Finished
1/9/2018 1:23:59 PM: InitializeDocumentView started
1/9/2018 1:23:59 PM: InitializeDocumentView finished
1/9/2018 1:23:59 PM: Calling database to get annotated images. DocumentId: 339474, Action: GetAnnotatedPages
1/9/2018 1:24:00 PM: Calling database to get annotated images. DocumentId: 339474, Action: GetTaggedPages
1/9/2018 1:24:00 PM: LoadImageToViewer started
1/9/2018 1:24:00 PM: Setting image to viewer. Action:  Page count: 0 Current Page:1
1/9/2018 1:24:00 PM: MailPanelFill started
1/9/2018 1:24:00 PM: MailPanelFill finished
1/9/2018 1:24:06 PM: GetTemplateDetails Started
1/9/2018 1:24:06 PM: GetTemplateDetails total record count:1
1/9/2018 1:24:06 PM: Createcontrols,Load all Dropdownlist dynamic
1/9/2018 1:24:06 PM: Create controls,Load all Textbox dynamic
1/9/2018 1:24:06 PM: Create controls,Load all Textbox dynamic
1/9/2018 1:24:06 PM: Create controls,Load all Textbox dynamic
1/9/2018 1:24:06 PM: Create controls,Load all Textbox dynamic
1/9/2018 1:24:06 PM: Create controls,Load all Textbox dynamic
1/9/2018 1:24:06 PM: GetTemplateDetails Finished
1/9/2018 3:32:47 PM: BindDocumentType started
1/9/2018 3:32:47 PM: BindDocumentType finished
1/9/2018 3:33:01 PM: createControls Started
1/9/2018 3:33:02 PM: createControls Loaded all Dropdownlist dynamically
1/9/2018 3:33:02 PM: createControls Loaded all Textbox dynamically
1/9/2018 3:33:02 PM: createControls Loaded all Textbox dynamically
1/9/2018 3:33:02 PM: createControls Loaded all Textbox dynamically
1/9/2018 3:33:02 PM: createControls Loaded all Textbox dynamically
1/9/2018 3:33:02 PM: createControls Loaded all Textbox dynamically
1/9/2018 3:33:02 PM: createControls Finished
1/9/2018 3:33:02 PM: GetTemplateDetails started
1/9/2018 3:33:02 PM: generatecontrols Started
1/9/2018 3:33:02 PM: GenerateControls:Loaded all Dropdownlist dynamically
1/9/2018 3:33:02 PM: GenerateControls:Loaded all Textbox dynamically
1/9/2018 3:33:02 PM: GenerateControls:Loaded all Textbox dynamically
1/9/2018 3:33:02 PM: GenerateControls:Loaded all Textbox dynamically
1/9/2018 3:33:02 PM: GenerateControls:Loaded all Textbox dynamically
1/9/2018 3:33:02 PM: GenerateControls:Loaded all Textbox dynamically
1/9/2018 3:33:17 PM: createControls Started
1/9/2018 3:33:17 PM: createControls Loaded all Dropdownlist dynamically
1/9/2018 3:33:17 PM: createControls Loaded all Textbox dynamically
1/9/2018 3:33:17 PM: createControls Loaded all Textbox dynamically
1/9/2018 3:33:17 PM: createControls Loaded all Textbox dynamically
1/9/2018 3:33:17 PM: createControls Loaded all Textbox dynamically
1/9/2018 3:33:17 PM: createControls Loaded all Textbox dynamically
1/9/2018 3:33:17 PM: createControls Finished
1/9/2018 3:33:17 PM: Started Loading Entity Drop Down
1/9/2018 3:33:18 PM: Finished Loading Entity Drop Down
1/9/2018 3:33:20 PM: GetSginatureDetails Started:-
1/9/2018 3:33:20 PM: GetSginatureDetails Completed:-
1/9/2018 3:33:20 PM: GetTemplateDetails Started
1/9/2018 3:33:20 PM: GetTemplateDetails total record count:1
1/9/2018 3:33:20 PM: Createcontrols,Load all Dropdownlist dynamic
1/9/2018 3:33:20 PM: Create controls,Load all Textbox dynamic
1/9/2018 3:33:20 PM: Create controls,Load all Textbox dynamic
1/9/2018 3:33:20 PM: Create controls,Load all Textbox dynamic
1/9/2018 3:33:20 PM: Create controls,Load all Textbox dynamic
1/9/2018 3:33:20 PM: Create controls,Load all Textbox dynamic
1/9/2018 3:33:20 PM: GetTemplateDetails Finished
1/9/2018 3:33:20 PM: InitializeDocumentView started
1/9/2018 3:34:15 PM: GetSginatureDetails Started:-
1/9/2018 3:34:15 PM: GetSginatureDetails Completed:-
1/9/2018 3:34:15 PM: GetTemplateDetails Started
1/9/2018 3:34:15 PM: GetTemplateDetails total record count:1
1/9/2018 3:34:15 PM: Createcontrols,Load all Dropdownlist dynamic
1/9/2018 3:34:15 PM: Create controls,Load all Textbox dynamic
1/9/2018 3:34:15 PM: Create controls,Load all Textbox dynamic
1/9/2018 3:34:15 PM: Create controls,Load all Textbox dynamic
1/9/2018 3:34:15 PM: Create controls,Load all Textbox dynamic
1/9/2018 3:34:15 PM: Create controls,Load all Textbox dynamic
1/9/2018 3:34:15 PM: GetTemplateDetails Finished
1/9/2018 3:34:15 PM: InitializeDocumentView started
1/9/2018 3:34:44 PM: createControls Started
1/9/2018 3:34:44 PM: createControls Loaded all Dropdownlist dynamically
1/9/2018 3:34:44 PM: createControls Loaded all Textbox dynamically
1/9/2018 3:34:44 PM: createControls Loaded all Textbox dynamically
1/9/2018 3:34:44 PM: createControls Loaded all Textbox dynamically
1/9/2018 3:34:44 PM: createControls Loaded all Textbox dynamically
1/9/2018 3:34:44 PM: createControls Loaded all Textbox dynamically
1/9/2018 3:34:44 PM: createControls Finished
1/9/2018 3:34:50 PM: createControls Started
1/9/2018 3:34:50 PM: createControls Loaded all Dropdownlist dynamically
1/9/2018 3:34:50 PM: createControls Loaded all Textbox dynamically
1/9/2018 3:34:50 PM: createControls Loaded all Textbox dynamically
1/9/2018 3:34:50 PM: createControls Loaded all Textbox dynamically
1/9/2018 3:34:50 PM: createControls Loaded all Textbox dynamically
1/9/2018 3:34:50 PM: createControls Loaded all Textbox dynamically
1/9/2018 3:34:50 PM: createControls Finished
1/9/2018 3:34:50 PM: GetTemplateDetails started
1/9/2018 3:34:50 PM: generatecontrols Started
1/9/2018 3:34:50 PM: GenerateControls:Loaded all Dropdownlist dynamically
1/9/2018 3:34:50 PM: GenerateControls:Loaded all Textbox dynamically
1/9/2018 3:34:50 PM: GenerateControls:Loaded all Textbox dynamically
1/9/2018 3:34:50 PM: GenerateControls:Loaded all Textbox dynamically
1/9/2018 3:34:50 PM: GenerateControls:Loaded all Textbox dynamically
1/9/2018 3:34:50 PM: GenerateControls:Loaded all Textbox dynamically
1/9/2018 3:34:53 PM: createControls Started
1/9/2018 3:34:53 PM: createControls Loaded all Dropdownlist dynamically
1/9/2018 3:34:53 PM: createControls Loaded all Textbox dynamically
1/9/2018 3:34:53 PM: createControls Loaded all Textbox dynamically
1/9/2018 3:34:53 PM: createControls Loaded all Textbox dynamically
1/9/2018 3:34:53 PM: createControls Loaded all Textbox dynamically
1/9/2018 3:34:53 PM: createControls Loaded all Textbox dynamically
1/9/2018 3:34:53 PM: createControls Finished
1/9/2018 3:34:53 PM: Started Loading Entity Drop Down
1/9/2018 3:34:53 PM: Finished Loading Entity Drop Down
1/9/2018 3:34:57 PM: GetSginatureDetails Started:-
1/9/2018 3:34:57 PM: GetSginatureDetails Completed:-
1/9/2018 3:34:57 PM: GetTemplateDetails Started
1/9/2018 3:34:57 PM: GetTemplateDetails total record count:1
1/9/2018 3:34:57 PM: Createcontrols,Load all Dropdownlist dynamic
1/9/2018 3:34:57 PM: Create controls,Load all Textbox dynamic
1/9/2018 3:34:57 PM: Create controls,Load all Textbox dynamic
1/9/2018 3:34:57 PM: Create controls,Load all Textbox dynamic
1/9/2018 3:34:57 PM: Create controls,Load all Textbox dynamic
1/9/2018 3:34:57 PM: Create controls,Load all Textbox dynamic
1/9/2018 3:34:57 PM: GetTemplateDetails Finished
1/9/2018 3:34:57 PM: InitializeDocumentView started
1/9/2018 3:35:11 PM: createControls Started
1/9/2018 3:35:11 PM: createControls Loaded all Dropdownlist dynamically
1/9/2018 3:35:11 PM: createControls Loaded all Textbox dynamically
1/9/2018 3:35:11 PM: createControls Loaded all Textbox dynamically
1/9/2018 3:35:11 PM: createControls Loaded all Textbox dynamically
1/9/2018 3:35:11 PM: createControls Loaded all Textbox dynamically
1/9/2018 3:35:11 PM: createControls Loaded all Textbox dynamically
1/9/2018 3:35:11 PM: createControls Finished
1/9/2018 3:35:11 PM: Started Loading Entity Drop Down
1/9/2018 3:35:11 PM: Finished Loading Entity Drop Down
1/9/2018 3:35:22 PM: createControls Started
1/9/2018 3:35:22 PM: createControls Loaded all Dropdownlist dynamically
1/9/2018 3:35:22 PM: createControls Loaded all Textbox dynamically
1/9/2018 3:35:22 PM: createControls Loaded all Textbox dynamically
1/9/2018 3:35:22 PM: createControls Loaded all Textbox dynamically
1/9/2018 3:35:22 PM: createControls Loaded all Textbox dynamically
1/9/2018 3:35:22 PM: createControls Loaded all Textbox dynamically
1/9/2018 3:35:22 PM: createControls Finished
1/9/2018 3:35:25 PM: createControls Started
1/9/2018 3:35:25 PM: createControls Loaded all Dropdownlist dynamically
1/9/2018 3:35:25 PM: createControls Loaded all Textbox dynamically
1/9/2018 3:35:25 PM: createControls Loaded all Textbox dynamically
1/9/2018 3:35:25 PM: createControls Loaded all Textbox dynamically
1/9/2018 3:35:25 PM: createControls Loaded all Textbox dynamically
1/9/2018 3:35:25 PM: createControls Loaded all Textbox dynamically
1/9/2018 3:35:25 PM: createControls Finished
1/9/2018 3:35:27 PM: createControls Started
1/9/2018 3:35:27 PM: createControls Loaded all Dropdownlist dynamically
1/9/2018 3:35:27 PM: createControls Loaded all Textbox dynamically
1/9/2018 3:35:27 PM: createControls Loaded all Textbox dynamically
1/9/2018 3:35:27 PM: createControls Loaded all Textbox dynamically
1/9/2018 3:35:27 PM: createControls Loaded all Textbox dynamically
1/9/2018 3:35:27 PM: createControls Loaded all Textbox dynamically
1/9/2018 3:35:27 PM: createControls Finished
1/9/2018 3:35:30 PM: createControls Started
1/9/2018 3:35:30 PM: createControls Loaded all Dropdownlist dynamically
1/9/2018 3:35:30 PM: createControls Loaded all Textbox dynamically
1/9/2018 3:35:30 PM: createControls Loaded all Textbox dynamically
1/9/2018 3:35:30 PM: createControls Loaded all Textbox dynamically
1/9/2018 3:35:30 PM: createControls Loaded all Textbox dynamically
1/9/2018 3:35:30 PM: createControls Loaded all Textbox dynamically
1/9/2018 3:35:30 PM: createControls Finished
1/9/2018 3:39:03 PM: createControls Started
1/9/2018 3:39:03 PM: createControls Loaded all Dropdownlist dynamically
1/9/2018 3:39:03 PM: createControls Loaded all Textbox dynamically
1/9/2018 3:39:03 PM: createControls Loaded all Textbox dynamically
1/9/2018 3:39:03 PM: createControls Loaded all Textbox dynamically
1/9/2018 3:39:03 PM: createControls Loaded all Textbox dynamically
1/9/2018 3:39:03 PM: createControls Loaded all Textbox dynamically
1/9/2018 3:39:03 PM: createControls Finished
1/9/2018 3:39:07 PM: createControls Started
1/9/2018 3:39:07 PM: createControls Loaded all Dropdownlist dynamically
1/9/2018 3:39:07 PM: createControls Loaded all Textbox dynamically
1/9/2018 3:39:07 PM: createControls Loaded all Textbox dynamically
1/9/2018 3:39:07 PM: createControls Loaded all Textbox dynamically
1/9/2018 3:39:07 PM: createControls Loaded all Textbox dynamically
1/9/2018 3:39:07 PM: createControls Loaded all Textbox dynamically
1/9/2018 3:39:07 PM: createControls Finished
1/9/2018 3:39:36 PM: createControls Started
1/9/2018 3:39:36 PM: createControls Loaded all Dropdownlist dynamically
1/9/2018 3:39:36 PM: createControls Loaded all Textbox dynamically
1/9/2018 3:39:36 PM: createControls Loaded all Textbox dynamically
1/9/2018 3:39:36 PM: createControls Loaded all Textbox dynamically
1/9/2018 3:39:36 PM: createControls Loaded all Textbox dynamically
1/9/2018 3:39:36 PM: createControls Loaded all Textbox dynamically
1/9/2018 3:39:36 PM: createControls Finished
1/9/2018 3:39:51 PM: createControls Started
1/9/2018 3:39:51 PM: createControls Loaded all Dropdownlist dynamically
1/9/2018 3:39:51 PM: createControls Loaded all Textbox dynamically
1/9/2018 3:39:51 PM: createControls Loaded all Textbox dynamically
1/9/2018 3:39:51 PM: createControls Loaded all Textbox dynamically
1/9/2018 3:39:51 PM: createControls Loaded all Textbox dynamically
1/9/2018 3:39:51 PM: createControls Loaded all Textbox dynamically
1/9/2018 3:39:51 PM: createControls Finished
1/9/2018 3:57:18 PM: BindDocumentType started
1/9/2018 3:57:18 PM: BindDocumentType finished
1/9/2018 3:57:23 PM: createControls Started
1/9/2018 3:57:23 PM: createControls Loaded all Dropdownlist dynamically
1/9/2018 3:57:23 PM: createControls Loaded all Textbox dynamically
1/9/2018 3:57:23 PM: createControls Loaded all Textbox dynamically
1/9/2018 3:57:23 PM: createControls Loaded all Textbox dynamically
1/9/2018 3:57:23 PM: createControls Loaded all Textbox dynamically
1/9/2018 3:57:23 PM: createControls Loaded all Textbox dynamically
1/9/2018 3:57:23 PM: createControls Finished
1/9/2018 3:57:23 PM: GetTemplateDetails started
1/9/2018 3:57:23 PM: generatecontrols Started
1/9/2018 3:57:23 PM: GenerateControls:Loaded all Dropdownlist dynamically
1/9/2018 3:57:23 PM: GenerateControls:Loaded all Textbox dynamically
1/9/2018 3:57:23 PM: GenerateControls:Loaded all Textbox dynamically
1/9/2018 3:57:23 PM: GenerateControls:Loaded all Textbox dynamically
1/9/2018 3:57:23 PM: GenerateControls:Loaded all Textbox dynamically
1/9/2018 3:57:23 PM: GenerateControls:Loaded all Textbox dynamically
1/9/2018 3:57:27 PM: createControls Started
1/9/2018 3:57:27 PM: createControls Loaded all Dropdownlist dynamically
1/9/2018 3:57:27 PM: createControls Loaded all Textbox dynamically
1/9/2018 3:57:27 PM: createControls Loaded all Textbox dynamically
1/9/2018 3:57:27 PM: createControls Loaded all Textbox dynamically
1/9/2018 3:57:27 PM: createControls Loaded all Textbox dynamically
1/9/2018 3:57:27 PM: createControls Loaded all Textbox dynamically
1/9/2018 3:57:27 PM: createControls Finished
1/9/2018 3:57:27 PM: Started Loading Entity Drop Down
1/9/2018 3:57:28 PM: Finished Loading Entity Drop Down
1/9/2018 3:57:33 PM: createControls Started
1/9/2018 3:57:33 PM: createControls Loaded all Dropdownlist dynamically
1/9/2018 3:57:33 PM: createControls Loaded all Textbox dynamically
1/9/2018 3:57:33 PM: createControls Loaded all Textbox dynamically
1/9/2018 3:57:33 PM: createControls Loaded all Textbox dynamically
1/9/2018 3:57:33 PM: createControls Loaded all Textbox dynamically
1/9/2018 3:57:33 PM: createControls Loaded all Textbox dynamically
1/9/2018 3:57:33 PM: createControls Finished
1/9/2018 3:57:36 PM: createControls Started
1/9/2018 3:57:36 PM: createControls Loaded all Dropdownlist dynamically
1/9/2018 3:57:36 PM: createControls Loaded all Textbox dynamically
1/9/2018 3:57:36 PM: createControls Loaded all Textbox dynamically
1/9/2018 3:57:36 PM: createControls Loaded all Textbox dynamically
1/9/2018 3:57:36 PM: createControls Loaded all Textbox dynamically
1/9/2018 3:57:36 PM: createControls Loaded all Textbox dynamically
1/9/2018 3:57:36 PM: createControls Finished
1/9/2018 3:59:30 PM: createControls Started
1/9/2018 3:59:32 PM: createControls Loaded all Dropdownlist dynamically
1/9/2018 3:59:32 PM: createControls Loaded all Textbox dynamically
1/9/2018 3:59:32 PM: createControls Loaded all Textbox dynamically
1/9/2018 3:59:32 PM: createControls Loaded all Textbox dynamically
1/9/2018 3:59:32 PM: createControls Loaded all Textbox dynamically
1/9/2018 3:59:32 PM: createControls Loaded all Textbox dynamically
1/9/2018 3:59:32 PM: createControls Finished
1/9/2018 3:59:32 PM: Started Loading Entity Drop Down
1/9/2018 3:59:33 PM: Finished Loading Entity Drop Down
1/9/2018 3:59:46 PM: createControls Started
1/9/2018 3:59:46 PM: createControls Loaded all Dropdownlist dynamically
1/9/2018 3:59:46 PM: createControls Loaded all Textbox dynamically
1/9/2018 3:59:46 PM: createControls Loaded all Textbox dynamically
1/9/2018 3:59:46 PM: createControls Loaded all Textbox dynamically
1/9/2018 3:59:46 PM: createControls Loaded all Textbox dynamically
1/9/2018 3:59:46 PM: createControls Loaded all Textbox dynamically
1/9/2018 3:59:46 PM: createControls Finished
1/9/2018 3:59:46 PM: GetTemplateDetails started
1/9/2018 3:59:46 PM: generatecontrols Started
1/9/2018 3:59:46 PM: GenerateControls:Loaded all Dropdownlist dynamically
1/9/2018 3:59:47 PM: GenerateControls:Loaded all Textbox dynamically
1/9/2018 3:59:47 PM: GenerateControls:Loaded all Textbox dynamically
1/9/2018 3:59:47 PM: GenerateControls:Loaded all Textbox dynamically
1/9/2018 3:59:47 PM: GenerateControls:Loaded all Textbox dynamically
1/9/2018 3:59:47 PM: GenerateControls:Loaded all Textbox dynamically
1/9/2018 3:59:49 PM: createControls Started
1/9/2018 3:59:49 PM: createControls Loaded all Dropdownlist dynamically
1/9/2018 3:59:49 PM: createControls Loaded all Textbox dynamically
1/9/2018 3:59:49 PM: createControls Loaded all Textbox dynamically
1/9/2018 3:59:49 PM: createControls Loaded all Textbox dynamically
1/9/2018 3:59:49 PM: createControls Loaded all Textbox dynamically
1/9/2018 3:59:49 PM: createControls Loaded all Textbox dynamically
1/9/2018 3:59:49 PM: createControls Finished
1/9/2018 3:59:49 PM: Started Loading Entity Drop Down
1/9/2018 3:59:49 PM: Finished Loading Entity Drop Down
1/9/2018 4:00:29 PM: createControls Started
1/9/2018 4:00:29 PM: createControls Loaded all Dropdownlist dynamically
1/9/2018 4:00:29 PM: createControls Loaded all Textbox dynamically
1/9/2018 4:00:29 PM: createControls Loaded all Textbox dynamically
1/9/2018 4:00:29 PM: createControls Loaded all Textbox dynamically
1/9/2018 4:00:29 PM: createControls Loaded all Textbox dynamically
1/9/2018 4:00:29 PM: createControls Loaded all Textbox dynamically
1/9/2018 4:00:29 PM: createControls Finished
1/9/2018 4:00:31 PM: createControls Started
1/9/2018 4:00:31 PM: createControls Loaded all Dropdownlist dynamically
1/9/2018 4:00:31 PM: createControls Loaded all Textbox dynamically
1/9/2018 4:00:31 PM: createControls Loaded all Textbox dynamically
1/9/2018 4:00:31 PM: createControls Loaded all Textbox dynamically
1/9/2018 4:00:31 PM: createControls Loaded all Textbox dynamically
1/9/2018 4:00:31 PM: createControls Loaded all Textbox dynamically
1/9/2018 4:00:31 PM: createControls Finished
1/9/2018 4:00:31 PM: GetTemplateDetails started
1/9/2018 4:00:31 PM: generatecontrols Started
1/9/2018 4:00:31 PM: GenerateControls:Loaded all Dropdownlist dynamically
1/9/2018 4:00:31 PM: GenerateControls:Loaded all Textbox dynamically
1/9/2018 4:00:31 PM: GenerateControls:Loaded all Textbox dynamically
1/9/2018 4:00:31 PM: GenerateControls:Loaded all Textbox dynamically
1/9/2018 4:00:31 PM: GenerateControls:Loaded all Textbox dynamically
1/9/2018 4:00:31 PM: GenerateControls:Loaded all Textbox dynamically
1/9/2018 4:00:33 PM: createControls Started
1/9/2018 4:00:33 PM: createControls Loaded all Dropdownlist dynamically
1/9/2018 4:00:33 PM: createControls Loaded all Textbox dynamically
1/9/2018 4:00:33 PM: createControls Loaded all Textbox dynamically
1/9/2018 4:00:33 PM: createControls Loaded all Textbox dynamically
1/9/2018 4:00:33 PM: createControls Loaded all Textbox dynamically
1/9/2018 4:00:33 PM: createControls Loaded all Textbox dynamically
1/9/2018 4:00:33 PM: createControls Finished
1/9/2018 4:00:33 PM: Started Loading Entity Drop Down
1/9/2018 4:00:33 PM: Finished Loading Entity Drop Down
1/9/2018 4:00:38 PM: createControls Started
1/9/2018 4:00:38 PM: createControls Loaded all Dropdownlist dynamically
1/9/2018 4:00:38 PM: createControls Loaded all Textbox dynamically
1/9/2018 4:00:38 PM: createControls Loaded all Textbox dynamically
1/9/2018 4:00:38 PM: createControls Loaded all Textbox dynamically
1/9/2018 4:00:38 PM: createControls Loaded all Textbox dynamically
1/9/2018 4:00:38 PM: createControls Loaded all Textbox dynamically
1/9/2018 4:00:38 PM: createControls Finished
1/9/2018 4:00:38 PM: Started Loading Entity Drop Down
1/9/2018 4:00:38 PM: Finished Loading Entity Drop Down
1/9/2018 4:00:43 PM: createControls Started
1/9/2018 4:00:43 PM: createControls Loaded all Dropdownlist dynamically
1/9/2018 4:00:43 PM: createControls Loaded all Textbox dynamically
1/9/2018 4:00:43 PM: createControls Loaded all Textbox dynamically
1/9/2018 4:00:43 PM: createControls Loaded all Textbox dynamically
1/9/2018 4:00:43 PM: createControls Loaded all Textbox dynamically
1/9/2018 4:00:43 PM: createControls Loaded all Textbox dynamically
1/9/2018 4:00:43 PM: createControls Finished
1/9/2018 4:00:46 PM: createControls Started
1/9/2018 4:00:46 PM: createControls Loaded all Dropdownlist dynamically
1/9/2018 4:00:46 PM: createControls Loaded all Textbox dynamically
1/9/2018 4:00:46 PM: createControls Loaded all Textbox dynamically
1/9/2018 4:00:46 PM: createControls Loaded all Textbox dynamically
1/9/2018 4:00:46 PM: createControls Loaded all Textbox dynamically
1/9/2018 4:00:46 PM: createControls Loaded all Textbox dynamically
1/9/2018 4:00:46 PM: createControls Finished
1/9/2018 4:00:46 PM: GetTemplateDetails started
1/9/2018 4:00:46 PM: generatecontrols Started
1/9/2018 4:00:46 PM: GenerateControls:Loaded all Dropdownlist dynamically
1/9/2018 4:00:46 PM: GenerateControls:Loaded all Textbox dynamically
1/9/2018 4:00:46 PM: GenerateControls:Loaded all Textbox dynamically
1/9/2018 4:00:46 PM: GenerateControls:Loaded all Textbox dynamically
1/9/2018 4:00:46 PM: GenerateControls:Loaded all Textbox dynamically
1/9/2018 4:00:46 PM: GenerateControls:Loaded all Textbox dynamically
1/9/2018 4:00:48 PM: createControls Started
1/9/2018 4:00:48 PM: createControls Loaded all Dropdownlist dynamically
1/9/2018 4:00:48 PM: createControls Loaded all Textbox dynamically
1/9/2018 4:00:48 PM: createControls Loaded all Textbox dynamically
1/9/2018 4:00:48 PM: createControls Loaded all Textbox dynamically
1/9/2018 4:00:48 PM: createControls Loaded all Textbox dynamically
1/9/2018 4:00:48 PM: createControls Loaded all Textbox dynamically
1/9/2018 4:00:48 PM: createControls Finished
1/9/2018 4:00:48 PM: Started Loading Entity Drop Down
1/9/2018 4:00:48 PM: Finished Loading Entity Drop Down
1/9/2018 4:01:58 PM: createControls Started
1/9/2018 4:01:58 PM: createControls Loaded all Dropdownlist dynamically
1/9/2018 4:01:58 PM: createControls Loaded all Textbox dynamically
1/9/2018 4:01:58 PM: createControls Loaded all Textbox dynamically
1/9/2018 4:01:58 PM: createControls Loaded all Textbox dynamically
1/9/2018 4:01:58 PM: createControls Loaded all Textbox dynamically
1/9/2018 4:01:58 PM: createControls Loaded all Textbox dynamically
1/9/2018 4:01:58 PM: createControls Finished
1/9/2018 4:01:58 PM: Started Loading Entity Drop Down
1/9/2018 4:01:58 PM: Finished Loading Entity Drop Down
1/9/2018 4:02:39 PM: createControls Started
1/9/2018 4:02:39 PM: createControls Loaded all Dropdownlist dynamically
1/9/2018 4:02:39 PM: createControls Loaded all Textbox dynamically
1/9/2018 4:02:39 PM: createControls Loaded all Textbox dynamically
1/9/2018 4:02:39 PM: createControls Loaded all Textbox dynamically
1/9/2018 4:02:39 PM: createControls Loaded all Textbox dynamically
1/9/2018 4:02:39 PM: createControls Loaded all Textbox dynamically
1/9/2018 4:02:39 PM: createControls Finished
1/9/2018 4:02:39 PM: Started Loading Entity Drop Down
1/9/2018 4:02:39 PM: Finished Loading Entity Drop Down
1/9/2018 4:03:37 PM: createControls Started
1/9/2018 4:03:37 PM: createControls Loaded all Dropdownlist dynamically
1/9/2018 4:03:37 PM: createControls Loaded all Textbox dynamically
1/9/2018 4:03:37 PM: createControls Loaded all Textbox dynamically
1/9/2018 4:03:37 PM: createControls Loaded all Textbox dynamically
1/9/2018 4:03:37 PM: createControls Loaded all Textbox dynamically
1/9/2018 4:03:37 PM: createControls Loaded all Textbox dynamically
1/9/2018 4:03:37 PM: createControls Finished
1/9/2018 4:03:37 PM: Started Loading Entity Drop Down
1/9/2018 4:03:37 PM: Finished Loading Entity Drop Down
1/9/2018 4:03:40 PM: createControls Started
1/9/2018 4:03:40 PM: createControls Loaded all Dropdownlist dynamically
1/9/2018 4:03:40 PM: createControls Loaded all Textbox dynamically
1/9/2018 4:03:40 PM: createControls Loaded all Textbox dynamically
1/9/2018 4:03:40 PM: createControls Loaded all Textbox dynamically
1/9/2018 4:03:40 PM: createControls Loaded all Textbox dynamically
1/9/2018 4:03:40 PM: createControls Loaded all Textbox dynamically
1/9/2018 4:03:40 PM: createControls Finished
1/9/2018 4:03:43 PM: createControls Started
1/9/2018 4:03:43 PM: createControls Loaded all Dropdownlist dynamically
1/9/2018 4:03:43 PM: createControls Loaded all Textbox dynamically
1/9/2018 4:03:43 PM: createControls Loaded all Textbox dynamically
1/9/2018 4:03:43 PM: createControls Loaded all Textbox dynamically
1/9/2018 4:03:43 PM: createControls Loaded all Textbox dynamically
1/9/2018 4:03:43 PM: createControls Loaded all Textbox dynamically
1/9/2018 4:03:43 PM: createControls Finished
1/9/2018 4:03:43 PM: GetTemplateDetails started
1/9/2018 4:03:43 PM: generatecontrols Started
1/9/2018 4:03:43 PM: GenerateControls:Loaded all Dropdownlist dynamically
1/9/2018 4:03:43 PM: GenerateControls:Loaded all Textbox dynamically
1/9/2018 4:03:43 PM: GenerateControls:Loaded all Textbox dynamically
1/9/2018 4:03:43 PM: GenerateControls:Loaded all Textbox dynamically
1/9/2018 4:03:43 PM: GenerateControls:Loaded all Textbox dynamically
1/9/2018 4:03:43 PM: GenerateControls:Loaded all Textbox dynamically
1/9/2018 4:03:46 PM: createControls Started
1/9/2018 4:03:46 PM: createControls Loaded all Dropdownlist dynamically
1/9/2018 4:03:46 PM: createControls Loaded all Textbox dynamically
1/9/2018 4:03:46 PM: createControls Loaded all Textbox dynamically
1/9/2018 4:03:46 PM: createControls Loaded all Textbox dynamically
1/9/2018 4:03:46 PM: createControls Loaded all Textbox dynamically
1/9/2018 4:03:46 PM: createControls Loaded all Textbox dynamically
1/9/2018 4:03:46 PM: createControls Finished
1/9/2018 4:03:46 PM: Started Loading Entity Drop Down
1/9/2018 4:03:46 PM: Finished Loading Entity Drop Down
1/9/2018 4:03:49 PM: createControls Started
1/9/2018 4:03:49 PM: createControls Loaded all Dropdownlist dynamically
1/9/2018 4:03:49 PM: createControls Loaded all Textbox dynamically
1/9/2018 4:03:49 PM: createControls Loaded all Textbox dynamically
1/9/2018 4:03:49 PM: createControls Loaded all Textbox dynamically
1/9/2018 4:03:49 PM: createControls Loaded all Textbox dynamically
1/9/2018 4:03:49 PM: createControls Loaded all Textbox dynamically
1/9/2018 4:03:49 PM: createControls Finished
1/9/2018 4:03:49 PM: GetTemplateDetails started
1/9/2018 4:03:49 PM: generatecontrols Started
1/9/2018 4:03:49 PM: GenerateControls:Loaded all Dropdownlist dynamically
1/9/2018 4:03:49 PM: GenerateControls:Loaded all Textbox dynamically
1/9/2018 4:03:49 PM: GenerateControls:Loaded all Textbox dynamically
1/9/2018 4:03:49 PM: GenerateControls:Loaded all Textbox dynamically
1/9/2018 4:03:49 PM: GenerateControls:Loaded all Textbox dynamically
1/9/2018 4:03:49 PM: GenerateControls:Loaded all Textbox dynamically
1/9/2018 4:03:50 PM: createControls Started
1/9/2018 4:03:50 PM: createControls Loaded all Dropdownlist dynamically
1/9/2018 4:03:50 PM: createControls Loaded all Textbox dynamically
1/9/2018 4:03:50 PM: createControls Loaded all Textbox dynamically
1/9/2018 4:03:50 PM: createControls Loaded all Textbox dynamically
1/9/2018 4:03:50 PM: createControls Loaded all Textbox dynamically
1/9/2018 4:03:50 PM: createControls Loaded all Textbox dynamically
1/9/2018 4:03:50 PM: createControls Finished
1/9/2018 4:03:50 PM: Started Loading Entity Drop Down
1/9/2018 4:03:51 PM: Finished Loading Entity Drop Down
1/9/2018 4:03:54 PM: createControls Started
1/9/2018 4:03:54 PM: createControls Loaded all Dropdownlist dynamically
1/9/2018 4:03:54 PM: createControls Loaded all Textbox dynamically
1/9/2018 4:03:54 PM: createControls Loaded all Textbox dynamically
1/9/2018 4:03:54 PM: createControls Loaded all Textbox dynamically
1/9/2018 4:03:54 PM: createControls Loaded all Textbox dynamically
1/9/2018 4:03:54 PM: createControls Loaded all Textbox dynamically
1/9/2018 4:03:54 PM: createControls Finished
1/9/2018 4:04:02 PM: createControls Started
1/9/2018 4:04:02 PM: createControls Loaded all Dropdownlist dynamically
1/9/2018 4:04:02 PM: createControls Loaded all Textbox dynamically
1/9/2018 4:04:02 PM: createControls Loaded all Textbox dynamically
1/9/2018 4:04:02 PM: createControls Loaded all Textbox dynamically
1/9/2018 4:04:02 PM: createControls Loaded all Textbox dynamically
1/9/2018 4:04:02 PM: createControls Loaded all Textbox dynamically
1/9/2018 4:04:02 PM: createControls Finished
1/9/2018 4:04:07 PM: createControls Started
1/9/2018 4:04:07 PM: createControls Loaded all Dropdownlist dynamically
1/9/2018 4:04:07 PM: createControls Loaded all Textbox dynamically
1/9/2018 4:04:07 PM: createControls Loaded all Textbox dynamically
1/9/2018 4:04:07 PM: createControls Loaded all Textbox dynamically
1/9/2018 4:04:07 PM: createControls Loaded all Textbox dynamically
1/9/2018 4:04:07 PM: createControls Loaded all Textbox dynamically
1/9/2018 4:04:07 PM: createControls Finished
1/9/2018 4:05:34 PM: BindDocumentType started
1/9/2018 4:05:34 PM: BindDocumentType finished
1/9/2018 4:05:37 PM: createControls Started
1/9/2018 4:05:37 PM: createControls Loaded all Dropdownlist dynamically
1/9/2018 4:05:37 PM: createControls Loaded all Textbox dynamically
1/9/2018 4:05:37 PM: createControls Loaded all Textbox dynamically
1/9/2018 4:05:37 PM: createControls Loaded all Textbox dynamically
1/9/2018 4:05:37 PM: createControls Loaded all Textbox dynamically
1/9/2018 4:05:37 PM: createControls Loaded all Textbox dynamically
1/9/2018 4:05:37 PM: createControls Finished
1/9/2018 4:05:37 PM: GetTemplateDetails started
1/9/2018 4:05:37 PM: generatecontrols Started
1/9/2018 4:05:37 PM: GenerateControls:Loaded all Dropdownlist dynamically
1/9/2018 4:05:37 PM: GenerateControls:Loaded all Textbox dynamically
1/9/2018 4:05:37 PM: GenerateControls:Loaded all Textbox dynamically
1/9/2018 4:05:37 PM: GenerateControls:Loaded all Textbox dynamically
1/9/2018 4:05:37 PM: GenerateControls:Loaded all Textbox dynamically
1/9/2018 4:05:37 PM: GenerateControls:Loaded all Textbox dynamically
1/9/2018 4:05:39 PM: createControls Started
1/9/2018 4:05:39 PM: createControls Loaded all Dropdownlist dynamically
1/9/2018 4:05:39 PM: createControls Loaded all Textbox dynamically
1/9/2018 4:05:39 PM: createControls Loaded all Textbox dynamically
1/9/2018 4:05:39 PM: createControls Loaded all Textbox dynamically
1/9/2018 4:05:39 PM: createControls Loaded all Textbox dynamically
1/9/2018 4:05:39 PM: createControls Loaded all Textbox dynamically
1/9/2018 4:05:39 PM: createControls Finished
1/9/2018 4:05:39 PM: Started Loading Entity Drop Down
1/9/2018 4:05:39 PM: Finished Loading Entity Drop Down
1/9/2018 4:05:42 PM: createControls Started
1/9/2018 4:05:42 PM: createControls Loaded all Dropdownlist dynamically
1/9/2018 4:05:42 PM: createControls Loaded all Textbox dynamically
1/9/2018 4:05:42 PM: createControls Loaded all Textbox dynamically
1/9/2018 4:05:42 PM: createControls Loaded all Textbox dynamically
1/9/2018 4:05:42 PM: createControls Loaded all Textbox dynamically
1/9/2018 4:05:42 PM: createControls Loaded all Textbox dynamically
1/9/2018 4:05:42 PM: createControls Finished
1/9/2018 4:05:44 PM: createControls Started
1/9/2018 4:05:44 PM: createControls Loaded all Dropdownlist dynamically
1/9/2018 4:05:44 PM: createControls Loaded all Textbox dynamically
1/9/2018 4:05:44 PM: createControls Loaded all Textbox dynamically
1/9/2018 4:05:44 PM: createControls Loaded all Textbox dynamically
1/9/2018 4:05:44 PM: createControls Loaded all Textbox dynamically
1/9/2018 4:05:44 PM: createControls Loaded all Textbox dynamically
1/9/2018 4:05:44 PM: createControls Finished
1/9/2018 4:05:46 PM: createControls Started
1/9/2018 4:05:46 PM: createControls Loaded all Dropdownlist dynamically
1/9/2018 4:05:46 PM: createControls Loaded all Textbox dynamically
1/9/2018 4:05:46 PM: createControls Loaded all Textbox dynamically
1/9/2018 4:05:46 PM: createControls Loaded all Textbox dynamically
1/9/2018 4:05:46 PM: createControls Loaded all Textbox dynamically
1/9/2018 4:05:46 PM: createControls Loaded all Textbox dynamically
1/9/2018 4:05:46 PM: createControls Finished
1/9/2018 4:05:48 PM: createControls Started
1/9/2018 4:05:48 PM: createControls Loaded all Dropdownlist dynamically
1/9/2018 4:05:48 PM: createControls Loaded all Textbox dynamically
1/9/2018 4:05:48 PM: createControls Loaded all Textbox dynamically
1/9/2018 4:05:48 PM: createControls Loaded all Textbox dynamically
1/9/2018 4:05:48 PM: createControls Loaded all Textbox dynamically
1/9/2018 4:05:48 PM: createControls Loaded all Textbox dynamically
1/9/2018 4:05:48 PM: createControls Finished
1/9/2018 4:05:53 PM: createControls Started
1/9/2018 4:05:53 PM: createControls Loaded all Dropdownlist dynamically
1/9/2018 4:05:53 PM: createControls Loaded all Textbox dynamically
1/9/2018 4:05:53 PM: createControls Loaded all Textbox dynamically
1/9/2018 4:05:53 PM: createControls Loaded all Textbox dynamically
1/9/2018 4:05:53 PM: createControls Loaded all Textbox dynamically
1/9/2018 4:05:53 PM: createControls Loaded all Textbox dynamically
1/9/2018 4:05:53 PM: createControls Finished
1/9/2018 4:05:54 PM: createControls Started
1/9/2018 4:05:54 PM: createControls Loaded all Dropdownlist dynamically
1/9/2018 4:05:54 PM: createControls Loaded all Textbox dynamically
1/9/2018 4:05:54 PM: createControls Loaded all Textbox dynamically
1/9/2018 4:05:54 PM: createControls Loaded all Textbox dynamically
1/9/2018 4:05:54 PM: createControls Loaded all Textbox dynamically
1/9/2018 4:05:54 PM: createControls Loaded all Textbox dynamically
1/9/2018 4:05:54 PM: createControls Finished
1/9/2018 4:05:54 PM: GetTemplateDetails started
1/9/2018 4:05:54 PM: generatecontrols Started
1/9/2018 4:05:54 PM: GenerateControls:Loaded all Dropdownlist dynamically
1/9/2018 4:05:54 PM: GenerateControls:Loaded all Textbox dynamically
1/9/2018 4:05:54 PM: GenerateControls:Loaded all Textbox dynamically
1/9/2018 4:05:54 PM: GenerateControls:Loaded all Textbox dynamically
1/9/2018 4:05:54 PM: GenerateControls:Loaded all Textbox dynamically
1/9/2018 4:05:54 PM: GenerateControls:Loaded all Textbox dynamically
1/9/2018 4:05:55 PM: createControls Started
1/9/2018 4:05:55 PM: createControls Loaded all Dropdownlist dynamically
1/9/2018 4:05:55 PM: createControls Loaded all Textbox dynamically
1/9/2018 4:05:55 PM: createControls Loaded all Textbox dynamically
1/9/2018 4:05:55 PM: createControls Loaded all Textbox dynamically
1/9/2018 4:05:55 PM: createControls Loaded all Textbox dynamically
1/9/2018 4:05:55 PM: createControls Loaded all Textbox dynamically
1/9/2018 4:05:55 PM: createControls Finished
1/9/2018 4:05:55 PM: Started Loading Entity Drop Down
1/9/2018 4:05:55 PM: Finished Loading Entity Drop Down
1/9/2018 4:05:58 PM: createControls Started
1/9/2018 4:05:58 PM: createControls Loaded all Dropdownlist dynamically
1/9/2018 4:05:58 PM: createControls Loaded all Textbox dynamically
1/9/2018 4:05:58 PM: createControls Loaded all Textbox dynamically
1/9/2018 4:05:58 PM: createControls Loaded all Textbox dynamically
1/9/2018 4:05:58 PM: createControls Loaded all Textbox dynamically
1/9/2018 4:05:58 PM: createControls Loaded all Textbox dynamically
1/9/2018 4:05:58 PM: createControls Finished
1/9/2018 4:05:58 PM: GetTemplateDetails started
1/9/2018 4:05:58 PM: generatecontrols Started
1/9/2018 4:05:58 PM: GenerateControls:Loaded all Dropdownlist dynamically
1/9/2018 4:05:58 PM: GenerateControls:Loaded all Textbox dynamically
1/9/2018 4:05:58 PM: GenerateControls:Loaded all Textbox dynamically
1/9/2018 4:05:58 PM: GenerateControls:Loaded all Textbox dynamically
1/9/2018 4:05:58 PM: GenerateControls:Loaded all Textbox dynamically
1/9/2018 4:05:58 PM: GenerateControls:Loaded all Textbox dynamically
1/9/2018 4:05:59 PM: createControls Started
1/9/2018 4:05:59 PM: createControls Loaded all Dropdownlist dynamically
1/9/2018 4:05:59 PM: createControls Loaded all Textbox dynamically
1/9/2018 4:05:59 PM: createControls Loaded all Textbox dynamically
1/9/2018 4:05:59 PM: createControls Loaded all Textbox dynamically
1/9/2018 4:05:59 PM: createControls Loaded all Textbox dynamically
1/9/2018 4:05:59 PM: createControls Loaded all Textbox dynamically
1/9/2018 4:05:59 PM: createControls Finished
1/9/2018 4:05:59 PM: Started Loading Entity Drop Down
1/9/2018 4:05:59 PM: Finished Loading Entity Drop Down
1/9/2018 4:06:04 PM: createControls Started
1/9/2018 4:06:04 PM: createControls Loaded all Dropdownlist dynamically
1/9/2018 4:06:04 PM: createControls Loaded all Textbox dynamically
1/9/2018 4:06:04 PM: createControls Loaded all Textbox dynamically
1/9/2018 4:06:04 PM: createControls Loaded all Textbox dynamically
1/9/2018 4:06:04 PM: createControls Loaded all Textbox dynamically
1/9/2018 4:06:04 PM: createControls Loaded all Textbox dynamically
1/9/2018 4:06:04 PM: createControls Finished
1/9/2018 4:06:07 PM: createControls Started
1/9/2018 4:06:07 PM: createControls Loaded all Dropdownlist dynamically
1/9/2018 4:06:07 PM: createControls Loaded all Textbox dynamically
1/9/2018 4:06:07 PM: createControls Loaded all Textbox dynamically
1/9/2018 4:06:07 PM: createControls Loaded all Textbox dynamically
1/9/2018 4:06:07 PM: createControls Loaded all Textbox dynamically
1/9/2018 4:06:07 PM: createControls Loaded all Textbox dynamically
1/9/2018 4:06:07 PM: createControls Finished
1/9/2018 4:06:10 PM: createControls Started
1/9/2018 4:06:10 PM: createControls Loaded all Dropdownlist dynamically
1/9/2018 4:06:10 PM: createControls Loaded all Textbox dynamically
1/9/2018 4:06:10 PM: createControls Loaded all Textbox dynamically
1/9/2018 4:06:10 PM: createControls Loaded all Textbox dynamically
1/9/2018 4:06:10 PM: createControls Loaded all Textbox dynamically
1/9/2018 4:06:10 PM: createControls Loaded all Textbox dynamically
1/9/2018 4:06:10 PM: createControls Finished
1/9/2018 4:12:57 PM: BindDocumentType started
1/9/2018 4:12:57 PM: BindDocumentType finished
1/9/2018 4:13:01 PM: createControls Started
1/9/2018 4:13:01 PM: createControls Loaded all Dropdownlist dynamically
1/9/2018 4:13:01 PM: createControls Loaded all Textbox dynamically
1/9/2018 4:13:01 PM: createControls Loaded all Textbox dynamically
1/9/2018 4:13:01 PM: createControls Loaded all Textbox dynamically
1/9/2018 4:13:01 PM: createControls Loaded all Textbox dynamically
1/9/2018 4:13:01 PM: createControls Loaded all Textbox dynamically
1/9/2018 4:13:01 PM: createControls Finished
1/9/2018 4:13:01 PM: GetTemplateDetails started
1/9/2018 4:13:01 PM: generatecontrols Started
1/9/2018 4:13:02 PM: GenerateControls:Loaded all Dropdownlist dynamically
1/9/2018 4:13:02 PM: GenerateControls:Loaded all Textbox dynamically
1/9/2018 4:13:02 PM: GenerateControls:Loaded all Textbox dynamically
1/9/2018 4:13:02 PM: GenerateControls:Loaded all Textbox dynamically
1/9/2018 4:13:02 PM: GenerateControls:Loaded all Textbox dynamically
1/9/2018 4:13:02 PM: GenerateControls:Loaded all Textbox dynamically
1/9/2018 4:13:03 PM: createControls Started
1/9/2018 4:13:03 PM: createControls Loaded all Dropdownlist dynamically
1/9/2018 4:13:03 PM: createControls Loaded all Textbox dynamically
1/9/2018 4:13:03 PM: createControls Loaded all Textbox dynamically
1/9/2018 4:13:03 PM: createControls Loaded all Textbox dynamically
1/9/2018 4:13:03 PM: createControls Loaded all Textbox dynamically
1/9/2018 4:13:03 PM: createControls Loaded all Textbox dynamically
1/9/2018 4:13:03 PM: createControls Finished
1/9/2018 4:13:03 PM: Started Loading Entity Drop Down
1/9/2018 4:13:03 PM: Finished Loading Entity Drop Down
1/9/2018 4:13:14 PM: createControls Started
1/9/2018 4:13:14 PM: createControls Loaded all Dropdownlist dynamically
1/9/2018 4:13:14 PM: createControls Loaded all Textbox dynamically
1/9/2018 4:13:14 PM: createControls Loaded all Textbox dynamically
1/9/2018 4:13:14 PM: createControls Loaded all Textbox dynamically
1/9/2018 4:13:14 PM: createControls Loaded all Textbox dynamically
1/9/2018 4:13:14 PM: createControls Loaded all Textbox dynamically
1/9/2018 4:13:14 PM: createControls Finished
1/9/2018 4:13:14 PM: Started Loading Entity Drop Down
1/9/2018 4:13:14 PM: Finished Loading Entity Drop Down
1/9/2018 4:13:26 PM: createControls Started
1/9/2018 4:13:26 PM: createControls Loaded all Dropdownlist dynamically
1/9/2018 4:13:26 PM: createControls Loaded all Textbox dynamically
1/9/2018 4:13:26 PM: createControls Loaded all Textbox dynamically
1/9/2018 4:13:26 PM: createControls Loaded all Textbox dynamically
1/9/2018 4:13:26 PM: createControls Loaded all Textbox dynamically
1/9/2018 4:13:26 PM: createControls Loaded all Textbox dynamically
1/9/2018 4:13:26 PM: createControls Finished
1/9/2018 4:13:26 PM: Started Loading Entity Drop Down
1/9/2018 4:13:26 PM: Finished Loading Entity Drop Down
1/9/2018 4:13:40 PM: GetSginatureDetails Started:-
1/9/2018 4:13:41 PM: GetSginatureDetails Completed:-
1/9/2018 4:13:41 PM: GetTemplateDetails Started
1/9/2018 4:13:41 PM: GetTemplateDetails total record count:1
1/9/2018 4:13:41 PM: Createcontrols,Load all Dropdownlist dynamic
1/9/2018 4:13:41 PM: Create controls,Load all Textbox dynamic
1/9/2018 4:13:41 PM: Create controls,Load all Textbox dynamic
1/9/2018 4:13:41 PM: Create controls,Load all Textbox dynamic
1/9/2018 4:13:41 PM: Create controls,Load all Textbox dynamic
1/9/2018 4:13:41 PM: Create controls,Load all Textbox dynamic
1/9/2018 4:13:41 PM: GetTemplateDetails Finished
1/9/2018 4:13:41 PM: InitializeDocumentView started
1/9/2018 4:13:41 PM: InitializeDocumentView finished
1/9/2018 4:13:41 PM: Calling database to get annotated images. DocumentId: 339100, Action: GetAnnotatedPages
1/9/2018 4:13:42 PM: Calling database to get annotated images. DocumentId: 339100, Action: GetTaggedPages
1/9/2018 4:13:43 PM: LoadImageToViewer started
1/9/2018 4:13:43 PM: Setting image to viewer. Action:  Page count: 0 Current Page:1
1/9/2018 4:13:43 PM: MailPanelFill started
1/9/2018 4:13:44 PM: MailPanelFill finished
