5/15/2019 11:34:37 AM: createControls Started
5/15/2019 11:34:37 AM: Createcontrols,Load all Dropdownlist dynamic
5/15/2019 11:34:37 AM: Create controls,Load all Textbox dynamic
5/15/2019 11:34:37 AM: Create controls,Load all Textbox dynamic
5/15/2019 11:34:37 AM: Create controls,Load all Textbox dynamic
5/15/2019 11:34:37 AM: Create controls,Load all Textbox dynamic
5/15/2019 11:34:37 AM: Create controls,Load all Textbox dynamic
5/15/2019 11:34:37 AM: createControls Finished
5/15/2019 11:34:37 AM: generatecontrols Started
5/15/2019 11:34:37 AM: Calling database to get reference id and watermark.
5/15/2019 11:34:37 AM: Database returned result: WO_SA_598_269_10946|
5/15/2019 11:34:37 AM: generatecontrols,Load all Dropdownlist dynamic
5/15/2019 11:34:37 AM: Generatecontrols,Load all Textbox dynamic
5/15/2019 11:34:37 AM: Generatecontrols,Load all Textbox dynamic
5/15/2019 11:34:37 AM: Generatecontrols,Load all Textbox dynamic
5/15/2019 11:34:37 AM: Generatecontrols,Load all Textbox dynamic
5/15/2019 11:34:37 AM: Generatecontrols,Load all Textbox dynamic
5/15/2019 11:34:38 AM: createControls Started
5/15/2019 11:34:38 AM: Createcontrols,Load all Dropdownlist dynamic
5/15/2019 11:34:38 AM: Create controls,Load all Textbox dynamic
5/15/2019 11:34:38 AM: Create controls,Load all Textbox dynamic
5/15/2019 11:34:38 AM: Create controls,Load all Textbox dynamic
5/15/2019 11:34:38 AM: Create controls,Load all Textbox dynamic
5/15/2019 11:34:38 AM: Create controls,Load all Textbox dynamic
5/15/2019 11:34:38 AM: createControls Finished
5/15/2019 11:34:49 AM: createControls Started
5/15/2019 11:34:49 AM: Createcontrols,Load all Dropdownlist dynamic
5/15/2019 11:34:49 AM: Create controls,Load all Textbox dynamic
5/15/2019 11:34:49 AM: Create controls,Load all Textbox dynamic
5/15/2019 11:34:49 AM: Create controls,Load all Textbox dynamic
5/15/2019 11:34:49 AM: Create controls,Load all Textbox dynamic
5/15/2019 11:34:49 AM: Create controls,Load all Textbox dynamic
5/15/2019 11:34:49 AM: createControls Finished
5/15/2019 11:34:49 AM: AsyncFileUpload1_UploadedComplete Started
5/15/2019 11:34:49 AM: Started Saving Uploaded Document in AsyncFileUpload1_UploadedComplete 
5/15/2019 11:34:50 AM: Exception : Could not find a part of the path 'F:\WDMSDocument\TempWorkFolder\'.
5/15/2019 11:34:50 AM: createControls Started
5/15/2019 11:34:50 AM: Createcontrols,Load all Dropdownlist dynamic
5/15/2019 11:34:50 AM: Create controls,Load all Textbox dynamic
5/15/2019 11:34:50 AM: Create controls,Load all Textbox dynamic
5/15/2019 11:34:50 AM: Create controls,Load all Textbox dynamic
5/15/2019 11:34:50 AM: Create controls,Load all Textbox dynamic
5/15/2019 11:34:50 AM: Create controls,Load all Textbox dynamic
5/15/2019 11:34:50 AM: createControls Finished
5/15/2019 11:34:50 AM: btnSubmit_Click Started
5/15/2019 11:34:50 AM: btnSubmit_Click Finished
5/15/2019 11:35:18 AM: createControls Started
5/15/2019 11:35:18 AM: Createcontrols,Load all Dropdownlist dynamic
5/15/2019 11:35:18 AM: Create controls,Load all Textbox dynamic
5/15/2019 11:35:18 AM: Create controls,Load all Textbox dynamic
5/15/2019 11:35:18 AM: Create controls,Load all Textbox dynamic
5/15/2019 11:35:18 AM: Create controls,Load all Textbox dynamic
5/15/2019 11:35:18 AM: Create controls,Load all Textbox dynamic
5/15/2019 11:35:18 AM: createControls Finished
5/15/2019 11:35:18 AM: Started Saving Uploaded Document in Save Button Click
5/15/2019 11:35:18 AM: Exception : Could not find a part of the path 'F:\WDMSDocument\UploadedDocuments\whirlpoolindia\598\2019-05-15\'.
5/15/2019 11:35:18 AM: AsyncFileUpload1_UploadedComplete Started
5/15/2019 11:35:18 AM: Started Saving Uploaded Document in AsyncFileUpload1_UploadedComplete 
5/15/2019 11:35:18 AM: Exception : Could not find a part of the path 'F:\WDMSDocument\TempWorkFolder\'.
5/15/2019 11:36:15 AM: createControls Started
5/15/2019 11:36:15 AM: Createcontrols,Load all Dropdownlist dynamic
5/15/2019 11:36:15 AM: Create controls,Load all Textbox dynamic
5/15/2019 11:36:15 AM: Create controls,Load all Textbox dynamic
5/15/2019 11:36:15 AM: Create controls,Load all Textbox dynamic
5/15/2019 11:36:15 AM: Create controls,Load all Textbox dynamic
5/15/2019 11:36:15 AM: Create controls,Load all Textbox dynamic
5/15/2019 11:36:15 AM: createControls Finished
5/15/2019 11:36:15 AM: generatecontrols Started
5/15/2019 11:36:15 AM: Calling database to get reference id and watermark.
5/15/2019 11:36:15 AM: Database returned result: WO_SA_598_269_10946|
5/15/2019 11:36:15 AM: generatecontrols,Load all Dropdownlist dynamic
5/15/2019 11:36:15 AM: Generatecontrols,Load all Textbox dynamic
5/15/2019 11:36:15 AM: Generatecontrols,Load all Textbox dynamic
5/15/2019 11:36:15 AM: Generatecontrols,Load all Textbox dynamic
5/15/2019 11:36:15 AM: Generatecontrols,Load all Textbox dynamic
5/15/2019 11:36:15 AM: Generatecontrols,Load all Textbox dynamic
5/15/2019 11:36:16 AM: createControls Started
5/15/2019 11:36:16 AM: Createcontrols,Load all Dropdownlist dynamic
5/15/2019 11:36:16 AM: Create controls,Load all Textbox dynamic
5/15/2019 11:36:16 AM: Create controls,Load all Textbox dynamic
5/15/2019 11:36:16 AM: Create controls,Load all Textbox dynamic
5/15/2019 11:36:16 AM: Create controls,Load all Textbox dynamic
5/15/2019 11:36:16 AM: Create controls,Load all Textbox dynamic
5/15/2019 11:36:16 AM: createControls Finished
5/15/2019 11:36:20 AM: createControls Started
5/15/2019 11:36:20 AM: Createcontrols,Load all Dropdownlist dynamic
5/15/2019 11:36:20 AM: Create controls,Load all Textbox dynamic
5/15/2019 11:36:20 AM: Create controls,Load all Textbox dynamic
5/15/2019 11:36:20 AM: Create controls,Load all Textbox dynamic
5/15/2019 11:36:20 AM: Create controls,Load all Textbox dynamic
5/15/2019 11:36:20 AM: Create controls,Load all Textbox dynamic
5/15/2019 11:36:20 AM: createControls Finished
5/15/2019 11:36:20 AM: AsyncFileUpload1_UploadedComplete Started
5/15/2019 11:36:20 AM: Started Saving Uploaded Document in AsyncFileUpload1_UploadedComplete 
5/15/2019 11:36:20 AM: Exception : Could not find a part of the path 'E:\WDMSDocument\TempWorkFolder\'.
5/15/2019 11:36:20 AM: createControls Started
5/15/2019 11:36:20 AM: Createcontrols,Load all Dropdownlist dynamic
5/15/2019 11:36:20 AM: Create controls,Load all Textbox dynamic
5/15/2019 11:36:20 AM: Create controls,Load all Textbox dynamic
5/15/2019 11:36:20 AM: Create controls,Load all Textbox dynamic
5/15/2019 11:36:20 AM: Create controls,Load all Textbox dynamic
5/15/2019 11:36:20 AM: Create controls,Load all Textbox dynamic
5/15/2019 11:36:20 AM: createControls Finished
5/15/2019 11:36:20 AM: btnSubmit_Click Started
5/15/2019 11:36:20 AM: btnSubmit_Click Finished
5/15/2019 11:36:43 AM: createControls Started
5/15/2019 11:36:43 AM: Createcontrols,Load all Dropdownlist dynamic
5/15/2019 11:36:43 AM: Create controls,Load all Textbox dynamic
5/15/2019 11:36:43 AM: Create controls,Load all Textbox dynamic
5/15/2019 11:36:43 AM: Create controls,Load all Textbox dynamic
5/15/2019 11:36:43 AM: Create controls,Load all Textbox dynamic
5/15/2019 11:36:43 AM: Create controls,Load all Textbox dynamic
5/15/2019 11:36:43 AM: createControls Finished
5/15/2019 11:36:43 AM: Started Saving Uploaded Document in Save Button Click
5/15/2019 11:36:43 AM: Exception : Could not find a part of the path 'E:\WDMSDocument\UploadedDocuments\whirlpoolindia\598\2019-05-15\'.
5/15/2019 11:36:43 AM: AsyncFileUpload1_UploadedComplete Started
5/15/2019 11:36:43 AM: Started Saving Uploaded Document in AsyncFileUpload1_UploadedComplete 
5/15/2019 11:36:43 AM: Exception : Could not find a part of the path 'E:\WDMSDocument\TempWorkFolder\'.
5/15/2019 11:36:47 AM: createControls Started
5/15/2019 11:36:47 AM: Createcontrols,Load all Dropdownlist dynamic
5/15/2019 11:36:47 AM: Create controls,Load all Textbox dynamic
5/15/2019 11:36:47 AM: Create controls,Load all Textbox dynamic
5/15/2019 11:36:47 AM: Create controls,Load all Textbox dynamic
5/15/2019 11:36:47 AM: Create controls,Load all Textbox dynamic
5/15/2019 11:36:47 AM: Create controls,Load all Textbox dynamic
5/15/2019 11:36:47 AM: createControls Finished
5/15/2019 11:36:47 AM: AsyncFileUpload1_UploadedComplete Started
5/15/2019 11:36:47 AM: Started Saving Uploaded Document in AsyncFileUpload1_UploadedComplete 
5/15/2019 11:36:47 AM: Exception : Could not find a part of the path 'E:\WDMSDocument\TempWorkFolder\'.
5/15/2019 11:36:47 AM: createControls Started
5/15/2019 11:36:47 AM: Createcontrols,Load all Dropdownlist dynamic
5/15/2019 11:36:47 AM: Create controls,Load all Textbox dynamic
5/15/2019 11:36:47 AM: Create controls,Load all Textbox dynamic
5/15/2019 11:36:47 AM: Create controls,Load all Textbox dynamic
5/15/2019 11:36:47 AM: Create controls,Load all Textbox dynamic
5/15/2019 11:36:47 AM: Create controls,Load all Textbox dynamic
5/15/2019 11:36:47 AM: createControls Finished
5/15/2019 11:36:47 AM: btnSubmit_Click Started
5/15/2019 11:36:47 AM: btnSubmit_Click Finished
5/15/2019 11:36:54 AM: createControls Started
5/15/2019 11:36:54 AM: Createcontrols,Load all Dropdownlist dynamic
5/15/2019 11:36:54 AM: Create controls,Load all Textbox dynamic
5/15/2019 11:36:54 AM: Create controls,Load all Textbox dynamic
5/15/2019 11:36:54 AM: Create controls,Load all Textbox dynamic
5/15/2019 11:36:54 AM: Create controls,Load all Textbox dynamic
5/15/2019 11:36:54 AM: Create controls,Load all Textbox dynamic
5/15/2019 11:36:54 AM: createControls Finished
5/15/2019 11:36:54 AM: Started Saving Uploaded Document in Save Button Click
5/15/2019 11:36:54 AM: Exception : Could not find a part of the path 'E:\WDMSDocument\UploadedDocuments\whirlpoolindia\598\2019-05-15\'.
5/15/2019 11:36:54 AM: AsyncFileUpload1_UploadedComplete Started
5/15/2019 11:36:54 AM: Started Saving Uploaded Document in AsyncFileUpload1_UploadedComplete 
5/15/2019 11:36:54 AM: Exception : Could not find a part of the path 'E:\WDMSDocument\TempWorkFolder\'.
5/15/2019 11:36:59 AM: createControls Started
5/15/2019 11:36:59 AM: Createcontrols,Load all Dropdownlist dynamic
5/15/2019 11:36:59 AM: Create controls,Load all Textbox dynamic
5/15/2019 11:36:59 AM: Create controls,Load all Textbox dynamic
5/15/2019 11:36:59 AM: Create controls,Load all Textbox dynamic
5/15/2019 11:36:59 AM: Create controls,Load all Textbox dynamic
5/15/2019 11:36:59 AM: Create controls,Load all Textbox dynamic
5/15/2019 11:36:59 AM: createControls Finished
5/15/2019 11:36:59 AM: AsyncFileUpload1_UploadedComplete Started
5/15/2019 11:36:59 AM: Started Saving Uploaded Document in AsyncFileUpload1_UploadedComplete 
5/15/2019 11:36:59 AM: Exception : Could not find a part of the path 'E:\WDMSDocument\TempWorkFolder\'.
5/15/2019 11:37:00 AM: createControls Started
5/15/2019 11:37:00 AM: Createcontrols,Load all Dropdownlist dynamic
5/15/2019 11:37:00 AM: Create controls,Load all Textbox dynamic
5/15/2019 11:37:00 AM: Create controls,Load all Textbox dynamic
5/15/2019 11:37:00 AM: Create controls,Load all Textbox dynamic
5/15/2019 11:37:00 AM: Create controls,Load all Textbox dynamic
5/15/2019 11:37:00 AM: Create controls,Load all Textbox dynamic
5/15/2019 11:37:00 AM: createControls Finished
5/15/2019 11:37:00 AM: btnSubmit_Click Started
5/15/2019 11:37:00 AM: btnSubmit_Click Finished
5/15/2019 11:37:02 AM: createControls Started
5/15/2019 11:37:02 AM: Createcontrols,Load all Dropdownlist dynamic
5/15/2019 11:37:02 AM: Create controls,Load all Textbox dynamic
5/15/2019 11:37:02 AM: Create controls,Load all Textbox dynamic
5/15/2019 11:37:02 AM: Create controls,Load all Textbox dynamic
5/15/2019 11:37:02 AM: Create controls,Load all Textbox dynamic
5/15/2019 11:37:02 AM: Create controls,Load all Textbox dynamic
5/15/2019 11:37:02 AM: createControls Finished
5/15/2019 11:37:02 AM: Started Saving Uploaded Document in Save Button Click
5/15/2019 11:37:02 AM: Exception : Could not find a part of the path 'E:\WDMSDocument\UploadedDocuments\whirlpoolindia\598\2019-05-15\'.
5/15/2019 11:37:02 AM: AsyncFileUpload1_UploadedComplete Started
5/15/2019 11:37:02 AM: Started Saving Uploaded Document in AsyncFileUpload1_UploadedComplete 
5/15/2019 11:37:02 AM: Exception : Could not find a part of the path 'E:\WDMSDocument\TempWorkFolder\'.
5/15/2019 11:50:50 AM: createControls Started
5/15/2019 11:50:50 AM: Createcontrols,Load all Dropdownlist dynamic
5/15/2019 11:50:50 AM: Create controls,Load all Textbox dynamic
5/15/2019 11:50:50 AM: Create controls,Load all Textbox dynamic
5/15/2019 11:50:50 AM: Create controls,Load all Textbox dynamic
5/15/2019 11:50:50 AM: Create controls,Load all Textbox dynamic
5/15/2019 11:50:50 AM: Create controls,Load all Textbox dynamic
5/15/2019 11:50:50 AM: createControls Finished
5/15/2019 11:50:52 AM: createControls Started
5/15/2019 11:50:52 AM: Createcontrols,Load all Dropdownlist dynamic
5/15/2019 11:50:52 AM: Create controls,Load all Textbox dynamic
5/15/2019 11:50:52 AM: Create controls,Load all Textbox dynamic
5/15/2019 11:50:52 AM: Create controls,Load all Textbox dynamic
5/15/2019 11:50:52 AM: Create controls,Load all Textbox dynamic
5/15/2019 11:50:52 AM: Create controls,Load all Textbox dynamic
5/15/2019 11:50:52 AM: createControls Finished
5/15/2019 11:50:52 AM: generatecontrols Started
5/15/2019 11:50:52 AM: Calling database to get reference id and watermark.
5/15/2019 11:50:52 AM: Database returned result: WO_HU_598_269_10946|
5/15/2019 11:50:52 AM: generatecontrols,Load all Dropdownlist dynamic
5/15/2019 11:50:52 AM: Generatecontrols,Load all Textbox dynamic
5/15/2019 11:50:52 AM: Generatecontrols,Load all Textbox dynamic
5/15/2019 11:50:52 AM: Generatecontrols,Load all Textbox dynamic
5/15/2019 11:50:52 AM: Generatecontrols,Load all Textbox dynamic
5/15/2019 11:50:52 AM: Generatecontrols,Load all Textbox dynamic
5/15/2019 11:50:57 AM: createControls Started
5/15/2019 11:50:57 AM: Createcontrols,Load all Dropdownlist dynamic
5/15/2019 11:50:57 AM: Create controls,Load all Textbox dynamic
5/15/2019 11:50:57 AM: Create controls,Load all Textbox dynamic
5/15/2019 11:50:57 AM: Create controls,Load all Textbox dynamic
5/15/2019 11:50:57 AM: Create controls,Load all Textbox dynamic
5/15/2019 11:50:57 AM: Create controls,Load all Textbox dynamic
5/15/2019 11:50:57 AM: createControls Finished
5/15/2019 11:50:57 AM: AsyncFileUpload1_UploadedComplete Started
5/15/2019 11:50:57 AM: Started Saving Uploaded Document in AsyncFileUpload1_UploadedComplete 
5/15/2019 11:50:57 AM: Exception : Could not find a part of the path 'E:\WDMSDocument\TempWorkFolder\'.
5/15/2019 11:50:57 AM: createControls Started
5/15/2019 11:50:57 AM: Createcontrols,Load all Dropdownlist dynamic
5/15/2019 11:50:57 AM: Create controls,Load all Textbox dynamic
5/15/2019 11:50:57 AM: Create controls,Load all Textbox dynamic
5/15/2019 11:50:57 AM: Create controls,Load all Textbox dynamic
5/15/2019 11:50:57 AM: Create controls,Load all Textbox dynamic
5/15/2019 11:50:57 AM: Create controls,Load all Textbox dynamic
5/15/2019 11:50:57 AM: createControls Finished
5/15/2019 11:50:57 AM: btnSubmit_Click Started
5/15/2019 11:50:57 AM: btnSubmit_Click Finished
5/15/2019 11:51:25 AM: createControls Started
5/15/2019 11:51:25 AM: Createcontrols,Load all Dropdownlist dynamic
5/15/2019 11:51:25 AM: Create controls,Load all Textbox dynamic
5/15/2019 11:51:25 AM: Create controls,Load all Textbox dynamic
5/15/2019 11:51:25 AM: Create controls,Load all Textbox dynamic
5/15/2019 11:51:25 AM: Create controls,Load all Textbox dynamic
5/15/2019 11:51:25 AM: Create controls,Load all Textbox dynamic
5/15/2019 11:51:25 AM: createControls Finished
5/15/2019 11:51:25 AM: Started Saving Uploaded Document in Save Button Click
5/15/2019 11:51:25 AM: Exception : Could not find a part of the path 'E:\WDMSDocument\UploadedDocuments\whirlpoolindia\598\2019-05-15\'.
5/15/2019 11:51:25 AM: AsyncFileUpload1_UploadedComplete Started
5/15/2019 11:51:25 AM: Started Saving Uploaded Document in AsyncFileUpload1_UploadedComplete 
5/15/2019 11:51:25 AM: Exception : Could not find a part of the path 'E:\WDMSDocument\TempWorkFolder\'.
5/15/2019 11:53:46 AM: createControls Started
5/15/2019 11:53:46 AM: Createcontrols,Load all Dropdownlist dynamic
5/15/2019 11:53:46 AM: Create controls,Load all Textbox dynamic
5/15/2019 11:53:46 AM: Create controls,Load all Textbox dynamic
5/15/2019 11:53:46 AM: Create controls,Load all Textbox dynamic
5/15/2019 11:53:46 AM: Create controls,Load all Textbox dynamic
5/15/2019 11:53:46 AM: Create controls,Load all Textbox dynamic
5/15/2019 11:53:46 AM: createControls Finished
5/15/2019 11:53:58 AM: Started Saving Uploaded Document in Save Button Click
5/15/2019 11:55:11 AM: Exception : Could not find a part of the path 'E:\WDMSDocument\UploadedDocuments\whirlpoolindia\598\2019-05-15\'.
5/15/2019 11:56:15 AM: createControls Started
5/15/2019 11:56:15 AM: Createcontrols,Load all Dropdownlist dynamic
5/15/2019 11:56:15 AM: Create controls,Load all Textbox dynamic
5/15/2019 11:56:15 AM: Create controls,Load all Textbox dynamic
5/15/2019 11:56:15 AM: Create controls,Load all Textbox dynamic
5/15/2019 11:56:15 AM: Create controls,Load all Textbox dynamic
5/15/2019 11:56:15 AM: Create controls,Load all Textbox dynamic
5/15/2019 11:56:15 AM: createControls Finished
5/15/2019 11:56:15 AM: generatecontrols Started
5/15/2019 11:56:15 AM: Calling database to get reference id and watermark.
5/15/2019 11:56:15 AM: Database returned result: WO_SA_598_269_10946|
5/15/2019 11:56:15 AM: generatecontrols,Load all Dropdownlist dynamic
5/15/2019 11:56:15 AM: Generatecontrols,Load all Textbox dynamic
5/15/2019 11:56:15 AM: Generatecontrols,Load all Textbox dynamic
5/15/2019 11:56:15 AM: Generatecontrols,Load all Textbox dynamic
5/15/2019 11:56:15 AM: Generatecontrols,Load all Textbox dynamic
5/15/2019 11:56:15 AM: Generatecontrols,Load all Textbox dynamic
5/15/2019 11:56:17 AM: createControls Started
5/15/2019 11:56:17 AM: Createcontrols,Load all Dropdownlist dynamic
5/15/2019 11:56:17 AM: Create controls,Load all Textbox dynamic
5/15/2019 11:56:17 AM: Create controls,Load all Textbox dynamic
5/15/2019 11:56:17 AM: Create controls,Load all Textbox dynamic
5/15/2019 11:56:17 AM: Create controls,Load all Textbox dynamic
5/15/2019 11:56:17 AM: Create controls,Load all Textbox dynamic
5/15/2019 11:56:17 AM: createControls Finished
5/15/2019 11:56:19 AM: createControls Started
5/15/2019 11:56:19 AM: Createcontrols,Load all Dropdownlist dynamic
5/15/2019 11:56:19 AM: Create controls,Load all Textbox dynamic
5/15/2019 11:56:19 AM: Create controls,Load all Textbox dynamic
5/15/2019 11:56:19 AM: Create controls,Load all Textbox dynamic
5/15/2019 11:56:19 AM: Create controls,Load all Textbox dynamic
5/15/2019 11:56:19 AM: Create controls,Load all Textbox dynamic
5/15/2019 11:56:19 AM: createControls Finished
5/15/2019 11:56:25 AM: AsyncFileUpload1_UploadedComplete Started
5/15/2019 11:56:25 AM: Started Saving Uploaded Document in AsyncFileUpload1_UploadedComplete 
5/15/2019 11:56:25 AM: Finished Saving Uploaded Document in AsyncFileUpload1_UploadedComplete 
5/15/2019 11:56:26 AM: AsyncFileUpload1_UploadedComplete Pagecount of Image2Pdf().ExtractPages 4
5/15/2019 11:56:26 AM: AsyncFileUpload1_UploadedComplete Finished
5/15/2019 11:56:26 AM: createControls Started
5/15/2019 11:56:26 AM: Createcontrols,Load all Dropdownlist dynamic
5/15/2019 11:56:26 AM: Create controls,Load all Textbox dynamic
5/15/2019 11:56:26 AM: Create controls,Load all Textbox dynamic
5/15/2019 11:56:26 AM: Create controls,Load all Textbox dynamic
5/15/2019 11:56:26 AM: Create controls,Load all Textbox dynamic
5/15/2019 11:56:26 AM: Create controls,Load all Textbox dynamic
5/15/2019 11:56:26 AM: createControls Finished
5/15/2019 11:56:26 AM: btnSubmit_Click Started
5/15/2019 11:56:26 AM: btnSubmit_Click Finished
5/15/2019 11:56:36 AM: createControls Started
5/15/2019 11:56:36 AM: Createcontrols,Load all Dropdownlist dynamic
5/15/2019 11:56:36 AM: Create controls,Load all Textbox dynamic
5/15/2019 11:56:36 AM: Create controls,Load all Textbox dynamic
5/15/2019 11:56:36 AM: Create controls,Load all Textbox dynamic
5/15/2019 11:56:36 AM: Create controls,Load all Textbox dynamic
5/15/2019 11:56:36 AM: Create controls,Load all Textbox dynamic
5/15/2019 11:56:36 AM: createControls Finished
5/15/2019 11:56:37 AM: Started Saving Uploaded Document in Save Button Click
5/15/2019 11:56:39 AM: AsyncFileUpload1_UploadedComplete Started
5/15/2019 11:56:39 AM: AsyncFileUpload1_UploadedComplete Finished
5/15/2019 11:56:39 AM: GetDBFieldName the DBFld UPLOAD_vFld1
5/15/2019 11:56:39 AM: GetDBFieldName the DBFld UPLOAD_vFld2
5/15/2019 11:56:39 AM: GetDBFieldName the DBFld UPLOAD_vFld3
5/15/2019 11:56:39 AM: GetDBFieldName the DBFld UPLOAD_vFld4
5/15/2019 11:56:39 AM: GetDBFieldName the DBFld UPLOAD_vFld5
5/15/2019 11:56:39 AM: GetDBFieldName the DBFld UPLOAD_vFld6
5/15/2019 11:56:41 AM: CreateXML Started:-
5/15/2019 11:56:41 AM: CreateXML Completed:-
5/15/2019 11:56:41 AM: Save button click after saving or updating the ReturnCode= 0
5/15/2019 11:56:41 AM: Finished Saving Uploaded Document in Save Button Click
5/15/2019 11:56:42 AM: AsyncFileUpload1_UploadedComplete Started
5/15/2019 11:56:42 AM: AsyncFileUpload1_UploadedComplete Finished
5/15/2019 11:56:48 AM: GetTemplateDetails started
5/15/2019 11:56:48 AM: generatecontrols Started
5/15/2019 11:56:48 AM: GenerateControls:Loaded all Dropdownlist dynamically
5/15/2019 11:56:48 AM: GenerateControls:Loaded all Textbox dynamically
5/15/2019 11:56:48 AM: GenerateControls:Loaded all Textbox dynamically
5/15/2019 11:56:48 AM: GenerateControls:Loaded all Textbox dynamically
5/15/2019 11:56:48 AM: GenerateControls:Loaded all Textbox dynamically
5/15/2019 11:56:48 AM: GenerateControls:Loaded all Textbox dynamically
5/15/2019 11:56:48 AM: BindDocumentType started
5/15/2019 11:56:48 AM: BindDocumentType finished
5/15/2019 11:56:48 AM: createControls Started
5/15/2019 11:56:48 AM: createControls Loaded all Dropdownlist dynamically
5/15/2019 11:56:48 AM: createControls Loaded all Textbox dynamically
5/15/2019 11:56:48 AM: createControls Loaded all Textbox dynamically
5/15/2019 11:56:48 AM: createControls Loaded all Textbox dynamically
5/15/2019 11:56:48 AM: createControls Loaded all Textbox dynamically
5/15/2019 11:56:48 AM: createControls Loaded all Textbox dynamically
5/15/2019 11:56:48 AM: createControls Finished
5/15/2019 11:56:52 AM: createControls Started
5/15/2019 11:56:52 AM: createControls Loaded all Dropdownlist dynamically
5/15/2019 11:56:52 AM: createControls Loaded all Textbox dynamically
5/15/2019 11:56:52 AM: createControls Loaded all Textbox dynamically
5/15/2019 11:56:52 AM: createControls Loaded all Textbox dynamically
5/15/2019 11:56:52 AM: createControls Loaded all Textbox dynamically
5/15/2019 11:56:52 AM: createControls Loaded all Textbox dynamically
5/15/2019 11:56:52 AM: createControls Finished
5/15/2019 11:56:52 AM: GetTemplateDetails started
5/15/2019 11:56:52 AM: generatecontrols Started
5/15/2019 11:56:52 AM: GenerateControls:Loaded all Dropdownlist dynamically
5/15/2019 11:56:52 AM: GenerateControls:Loaded all Textbox dynamically
5/15/2019 11:56:52 AM: GenerateControls:Loaded all Textbox dynamically
5/15/2019 11:56:52 AM: GenerateControls:Loaded all Textbox dynamically
5/15/2019 11:56:52 AM: GenerateControls:Loaded all Textbox dynamically
5/15/2019 11:56:52 AM: GenerateControls:Loaded all Textbox dynamically
5/15/2019 11:56:58 AM: createControls Started
5/15/2019 11:56:58 AM: createControls Loaded all Dropdownlist dynamically
5/15/2019 11:56:58 AM: createControls Loaded all Textbox dynamically
5/15/2019 11:56:58 AM: createControls Loaded all Textbox dynamically
5/15/2019 11:56:58 AM: createControls Loaded all Textbox dynamically
5/15/2019 11:56:58 AM: createControls Loaded all Textbox dynamically
5/15/2019 11:56:58 AM: createControls Loaded all Textbox dynamically
5/15/2019 11:56:59 AM: createControls Finished
5/15/2019 11:56:59 AM: GetTemplateDetails started
5/15/2019 11:56:59 AM: generatecontrols Started
5/15/2019 11:56:59 AM: GenerateControls:Loaded all Dropdownlist dynamically
5/15/2019 11:56:59 AM: GenerateControls:Loaded all Textbox dynamically
5/15/2019 11:56:59 AM: GenerateControls:Loaded all Textbox dynamically
5/15/2019 11:56:59 AM: GenerateControls:Loaded all Textbox dynamically
5/15/2019 11:56:59 AM: GenerateControls:Loaded all Textbox dynamically
5/15/2019 11:56:59 AM: GenerateControls:Loaded all Textbox dynamically
5/15/2019 11:57:18 AM: createControls Started
5/15/2019 11:57:18 AM: createControls Loaded all Dropdownlist dynamically
5/15/2019 11:57:18 AM: createControls Loaded all Textbox dynamically
5/15/2019 11:57:18 AM: createControls Loaded all Textbox dynamically
5/15/2019 11:57:18 AM: createControls Loaded all Textbox dynamically
5/15/2019 11:57:18 AM: createControls Loaded all Textbox dynamically
5/15/2019 11:57:18 AM: createControls Loaded all Textbox dynamically
5/15/2019 11:57:18 AM: createControls Finished
5/15/2019 11:57:18 AM: Started Loading Entity Drop Down
5/15/2019 11:57:19 AM: Finished Loading Entity Drop Down
5/15/2019 11:57:57 AM: createControls Started
5/15/2019 11:57:57 AM: createControls Loaded all Dropdownlist dynamically
5/15/2019 11:57:57 AM: createControls Loaded all Textbox dynamically
5/15/2019 11:57:57 AM: createControls Loaded all Textbox dynamically
5/15/2019 11:57:57 AM: createControls Loaded all Textbox dynamically
5/15/2019 11:57:57 AM: createControls Loaded all Textbox dynamically
5/15/2019 11:57:57 AM: createControls Loaded all Textbox dynamically
5/15/2019 11:57:57 AM: createControls Finished
5/15/2019 11:57:57 AM: Started Loading Entity Drop Down
5/15/2019 12:04:10 PM: Finished Loading Entity Drop Down
5/15/2019 12:06:08 PM: createControls Started
5/15/2019 12:06:08 PM: createControls Loaded all Dropdownlist dynamically
5/15/2019 12:06:08 PM: createControls Loaded all Textbox dynamically
5/15/2019 12:06:08 PM: createControls Loaded all Textbox dynamically
5/15/2019 12:06:08 PM: createControls Loaded all Textbox dynamically
5/15/2019 12:06:08 PM: createControls Loaded all Textbox dynamically
5/15/2019 12:06:08 PM: createControls Loaded all Textbox dynamically
5/15/2019 12:06:08 PM: createControls Finished
5/15/2019 12:06:08 PM: Started Loading Entity Drop Down
5/15/2019 12:07:29 PM: Finished Loading Entity Drop Down
5/15/2019 12:08:23 PM: GetTemplateDetails started
5/15/2019 12:08:23 PM: generatecontrols Started
5/15/2019 12:08:23 PM: GenerateControls:Loaded all Dropdownlist dynamically
5/15/2019 12:08:23 PM: GenerateControls:Loaded all Textbox dynamically
5/15/2019 12:08:23 PM: GenerateControls:Loaded all Textbox dynamically
5/15/2019 12:08:23 PM: GenerateControls:Loaded all Textbox dynamically
5/15/2019 12:08:23 PM: GenerateControls:Loaded all Textbox dynamically
5/15/2019 12:08:23 PM: GenerateControls:Loaded all Textbox dynamically
5/15/2019 12:08:23 PM: BindDocumentType started
5/15/2019 12:08:23 PM: BindDocumentType finished
5/15/2019 12:08:23 PM: createControls Started
5/15/2019 12:08:23 PM: createControls Loaded all Dropdownlist dynamically
5/15/2019 12:08:23 PM: createControls Loaded all Textbox dynamically
5/15/2019 12:08:23 PM: createControls Loaded all Textbox dynamically
5/15/2019 12:08:23 PM: createControls Loaded all Textbox dynamically
5/15/2019 12:08:23 PM: createControls Loaded all Textbox dynamically
5/15/2019 12:08:23 PM: createControls Loaded all Textbox dynamically
5/15/2019 12:08:23 PM: createControls Finished
5/15/2019 12:08:26 PM: createControls Started
5/15/2019 12:08:26 PM: createControls Loaded all Dropdownlist dynamically
5/15/2019 12:08:26 PM: createControls Loaded all Textbox dynamically
5/15/2019 12:08:26 PM: createControls Loaded all Textbox dynamically
5/15/2019 12:08:26 PM: createControls Loaded all Textbox dynamically
5/15/2019 12:08:26 PM: createControls Loaded all Textbox dynamically
5/15/2019 12:08:26 PM: createControls Loaded all Textbox dynamically
5/15/2019 12:08:26 PM: createControls Finished
5/15/2019 12:08:26 PM: GetTemplateDetails started
5/15/2019 12:08:26 PM: generatecontrols Started
5/15/2019 12:08:26 PM: GenerateControls:Loaded all Dropdownlist dynamically
5/15/2019 12:08:26 PM: GenerateControls:Loaded all Textbox dynamically
5/15/2019 12:08:26 PM: GenerateControls:Loaded all Textbox dynamically
5/15/2019 12:08:26 PM: GenerateControls:Loaded all Textbox dynamically
5/15/2019 12:08:26 PM: GenerateControls:Loaded all Textbox dynamically
5/15/2019 12:08:26 PM: GenerateControls:Loaded all Textbox dynamically
5/15/2019 12:08:28 PM: createControls Started
5/15/2019 12:08:28 PM: createControls Loaded all Dropdownlist dynamically
5/15/2019 12:08:28 PM: createControls Loaded all Textbox dynamically
5/15/2019 12:08:28 PM: createControls Loaded all Textbox dynamically
5/15/2019 12:08:28 PM: createControls Loaded all Textbox dynamically
5/15/2019 12:08:28 PM: createControls Loaded all Textbox dynamically
5/15/2019 12:08:28 PM: createControls Loaded all Textbox dynamically
5/15/2019 12:08:28 PM: createControls Finished
5/15/2019 12:08:28 PM: GetTemplateDetails started
5/15/2019 12:08:28 PM: generatecontrols Started
5/15/2019 12:08:28 PM: GenerateControls:Loaded all Dropdownlist dynamically
5/15/2019 12:08:28 PM: GenerateControls:Loaded all Textbox dynamically
5/15/2019 12:08:28 PM: GenerateControls:Loaded all Textbox dynamically
5/15/2019 12:08:28 PM: GenerateControls:Loaded all Textbox dynamically
5/15/2019 12:08:28 PM: GenerateControls:Loaded all Textbox dynamically
5/15/2019 12:08:28 PM: GenerateControls:Loaded all Textbox dynamically
5/15/2019 12:08:30 PM: createControls Started
5/15/2019 12:08:30 PM: createControls Loaded all Dropdownlist dynamically
5/15/2019 12:08:30 PM: createControls Loaded all Textbox dynamically
5/15/2019 12:08:30 PM: createControls Loaded all Textbox dynamically
5/15/2019 12:08:30 PM: createControls Loaded all Textbox dynamically
5/15/2019 12:08:30 PM: createControls Loaded all Textbox dynamically
5/15/2019 12:08:30 PM: createControls Loaded all Textbox dynamically
5/15/2019 12:08:30 PM: createControls Finished
5/15/2019 12:08:30 PM: Started Loading Entity Drop Down
5/15/2019 12:08:46 PM: Finished Loading Entity Drop Down
5/15/2019 12:08:50 PM: createControls Started
5/15/2019 12:08:50 PM: createControls Loaded all Dropdownlist dynamically
5/15/2019 12:08:50 PM: createControls Loaded all Textbox dynamically
5/15/2019 12:08:50 PM: createControls Loaded all Textbox dynamically
5/15/2019 12:08:50 PM: createControls Loaded all Textbox dynamically
5/15/2019 12:08:50 PM: createControls Loaded all Textbox dynamically
5/15/2019 12:08:50 PM: createControls Loaded all Textbox dynamically
5/15/2019 12:08:50 PM: createControls Finished
5/15/2019 12:08:50 PM: Started Loading Entity Drop Down
5/15/2019 12:09:08 PM: Finished Loading Entity Drop Down
