12/8/2022 3:13:42 PM: Started Loading Domain Name Drop Down
12/8/2022 3:13:42 PM: Finished Loading Domain Name Drop Down
12/8/2022 3:14:51 PM: Started Loading Domain Name Drop Down
12/8/2022 3:14:51 PM: Finished Loading Domain Name Drop Down
12/8/2022 3:25:03 PM: Started Loading Domain Name Drop Down
12/8/2022 3:25:03 PM: Finished Loading Domain Name Drop Down
12/8/2022 3:45:51 PM: Started Loading Domain Name Drop Down
12/8/2022 3:45:51 PM: Finished Loading Domain Name Drop Down
12/8/2022 3:53:11 PM: Started Loading Domain Name Drop Down
12/8/2022 3:53:11 PM: Finished Loading Domain Name Drop Down
12/8/2022 3:55:59 PM: Started Loading Domain Name Drop Down
12/8/2022 3:55:59 PM: Finished Loading Domain Name Drop Down
12/8/2022 4:02:11 PM: Started Loading Domain Name Drop Down
12/8/2022 4:02:11 PM: Finished Loading Domain Name Drop Down
12/8/2022 4:13:45 PM: Started Loading Domain Name Drop Down
12/8/2022 4:13:45 PM: Finished Loading Domain Name Drop Down
12/8/2022 4:15:31 PM: Started Loading Domain Name Drop Down
12/8/2022 4:15:31 PM: Finished Loading Domain Name Drop Down
12/8/2022 4:15:45 PM: Started Loading Domain Name Drop Down
12/8/2022 4:15:45 PM: Finished Loading Domain Name Drop Down
12/8/2022 6:33:06 PM: createControls Started
12/8/2022 6:33:06 PM: Create controls,Load all Textbox dynamic
12/8/2022 6:33:06 PM: Create controls,Load all Textbox dynamic
12/8/2022 6:33:06 PM: Create controls,Load all Textbox dynamic
12/8/2022 6:33:06 PM: Create controls,Load all Textbox dynamic
12/8/2022 6:33:06 PM: createControls Finished
12/8/2022 6:33:06 PM: generatecontrols Started
12/8/2022 6:33:06 PM: Calling database to get reference id and watermark.
12/8/2022 6:33:06 PM: Database returned result: SI_LE_1896_304_1011|
12/8/2022 6:33:06 PM: Generatecontrols,Load all Textbox dynamic
12/8/2022 6:33:06 PM: Generatecontrols,Load all Textbox dynamic
12/8/2022 6:33:06 PM: Generatecontrols,Load all Textbox dynamic
12/8/2022 6:33:06 PM: Generatecontrols,Load all Textbox dynamic
12/8/2022 6:33:12 PM: createControls Started
12/8/2022 6:33:12 PM: Create controls,Load all Textbox dynamic
12/8/2022 6:33:12 PM: Create controls,Load all Textbox dynamic
12/8/2022 6:33:12 PM: Create controls,Load all Textbox dynamic
12/8/2022 6:33:12 PM: Create controls,Load all Textbox dynamic
12/8/2022 6:33:12 PM: createControls Finished
12/8/2022 6:33:12 PM: AsyncFileUpload1_UploadedComplete Started
12/8/2022 6:33:12 PM: Started Saving Uploaded Document in AsyncFileUpload1_UploadedComplete 
12/8/2022 6:33:12 PM: Finished Saving Uploaded Document in AsyncFileUpload1_UploadedComplete 
12/8/2022 6:34:29 PM: AsyncFileUpload1_UploadedComplete Pagecount of Image2Pdf().ExtractPages 13
12/8/2022 6:34:29 PM: AsyncFileUpload1_UploadedComplete Finished
12/8/2022 6:34:29 PM: createControls Started
12/8/2022 6:34:29 PM: Create controls,Load all Textbox dynamic
12/8/2022 6:34:29 PM: Create controls,Load all Textbox dynamic
12/8/2022 6:34:29 PM: Create controls,Load all Textbox dynamic
12/8/2022 6:34:29 PM: Create controls,Load all Textbox dynamic
12/8/2022 6:34:29 PM: createControls Finished
12/8/2022 6:34:29 PM: btnSubmit_Click Started
12/8/2022 6:34:29 PM: btnSubmit_Click Finished
12/8/2022 6:34:35 PM: BindDocumentType started
12/8/2022 6:34:35 PM: BindDocumentType finished
12/8/2022 6:34:39 PM: createControls Started
12/8/2022 6:34:39 PM: createControls Loaded all Textbox dynamically
12/8/2022 6:34:39 PM: createControls Loaded all Textbox dynamically
12/8/2022 6:34:39 PM: createControls Loaded all Textbox dynamically
12/8/2022 6:34:39 PM: createControls Loaded all Textbox dynamically
12/8/2022 6:34:39 PM: createControls Finished
12/8/2022 6:34:39 PM: GetTemplateDetails started
12/8/2022 6:34:39 PM: generatecontrols Started
12/8/2022 6:34:39 PM: GenerateControls:Loaded all Textbox dynamically
12/8/2022 6:34:39 PM: GenerateControls:Loaded all Textbox dynamically
12/8/2022 6:34:39 PM: GenerateControls:Loaded all Textbox dynamically
12/8/2022 6:34:39 PM: GenerateControls:Loaded all Textbox dynamically
12/8/2022 6:34:40 PM: createControls Started
12/8/2022 6:34:40 PM: createControls Loaded all Textbox dynamically
12/8/2022 6:34:40 PM: createControls Loaded all Textbox dynamically
12/8/2022 6:34:40 PM: createControls Loaded all Textbox dynamically
12/8/2022 6:34:40 PM: createControls Loaded all Textbox dynamically
12/8/2022 6:34:40 PM: createControls Finished
12/8/2022 6:34:40 PM: Started Loading Entity Drop Down
12/8/2022 6:34:41 PM: Finished Loading Entity Drop Down
12/8/2022 6:34:48 PM: GetSginatureDetails Started:-
12/8/2022 6:34:48 PM: GetSginatureDetails Completed:-
12/8/2022 6:34:48 PM: GetTemplateDetails Started
12/8/2022 6:34:48 PM: GetTemplateDetails total record count:1
12/8/2022 6:34:49 PM: Create controls,Load all Textbox dynamic
12/8/2022 6:34:49 PM: Create controls,Load all Textbox dynamic
12/8/2022 6:34:49 PM: Create controls,Load all Textbox dynamic
12/8/2022 6:34:49 PM: Create controls,Load all Textbox dynamic
12/8/2022 6:34:49 PM: GetTemplateDetails Finished
12/8/2022 6:34:49 PM: InitializeDocumentView started
12/8/2022 6:34:49 PM: InitializeDocumentView finished
12/8/2022 6:34:49 PM: Calling database to get annotated images. DocumentId: 292146, Action: GetAnnotatedPages
12/8/2022 6:34:50 PM: Calling database to get annotated images. DocumentId: 292146, Action: GetTaggedPages
12/8/2022 6:34:50 PM: LoadImageToViewer started
12/8/2022 6:34:50 PM: Setting image to viewer. Action:  Page count: 13 Current Page:1
12/8/2022 6:34:50 PM: Converting PDF to JPEG. PDF Path: D:\WDMSDocument\TempWorkFolder\U0lfTEVfMTg5Nl8zMDRfMTAxMA==\1.pdf Image Name: U0lfTEVfMTg5Nl8zMDRfMTAxMA== Page No: 1
12/8/2022 6:34:50 PM: Converting PDF to JPEG without applying watermark.
12/8/2022 6:34:51 PM: Invoke method to get annotations from databnase.
12/8/2022 6:34:51 PM: Get annotations from database.
12/8/2022 6:34:51 PM: Document Id: 292146 Page No: 1
12/8/2022 6:34:51 PM: Invoking method to get annotation data from database. Action: GetAnnotations
12/8/2022 6:34:51 PM: MailPanelFill started
12/8/2022 6:34:51 PM: MailPanelFill finished
12/8/2022 6:37:27 PM: GetSginatureDetails Started:-
12/8/2022 6:37:27 PM: GetSginatureDetails Completed:-
12/8/2022 6:37:27 PM: GetTemplateDetails Started
12/8/2022 6:37:27 PM: GetTemplateDetails total record count:1
12/8/2022 6:37:27 PM: Create controls,Load all Textbox dynamic
12/8/2022 6:37:27 PM: Create controls,Load all Textbox dynamic
12/8/2022 6:37:27 PM: Create controls,Load all Textbox dynamic
12/8/2022 6:37:27 PM: Create controls,Load all Textbox dynamic
12/8/2022 6:37:27 PM: GetTemplateDetails Finished
12/8/2022 6:37:27 PM: InitializeDocumentView started
12/8/2022 6:37:27 PM: InitializeDocumentView finished
12/8/2022 6:37:27 PM: Calling database to get annotated images. DocumentId: 292146, Action: GetAnnotatedPages
12/8/2022 6:37:27 PM: Calling database to get annotated images. DocumentId: 292146, Action: GetTaggedPages
12/8/2022 6:37:27 PM: LoadImageToViewer started
12/8/2022 6:37:27 PM: Setting image to viewer. Action:  Page count: 13 Current Page:1
12/8/2022 6:37:27 PM: Converting PDF to JPEG. PDF Path: D:\WDMSDocument\TempWorkFolder\U0lfTEVfMTg5Nl8zMDRfMTAxMA==\1.pdf Image Name: U0lfTEVfMTg5Nl8zMDRfMTAxMA== Page No: 1
12/8/2022 6:38:59 PM: Converting PDF to JPEG without applying watermark.
12/8/2022 6:39:42 PM: Exception: I/O error occurred.
12/8/2022 6:39:56 PM: convertPDFToImage method returned file path as empty.
12/8/2022 6:40:00 PM: Invoke method to get annotations from databnase.
12/8/2022 6:40:00 PM: Get annotations from database.
12/8/2022 6:40:00 PM: Document Id: 292146 Page No: 1
12/8/2022 6:40:00 PM: Invoking method to get annotation data from database. Action: GetAnnotations
12/8/2022 6:40:04 PM: MailPanelFill started
12/8/2022 6:40:04 PM: MailPanelFill finished
12/8/2022 6:40:22 PM: GetSginatureDetails Started:-
12/8/2022 6:40:22 PM: GetSginatureDetails Completed:-
12/8/2022 6:40:22 PM: GetTemplateDetails Started
12/8/2022 6:40:22 PM: GetTemplateDetails total record count:1
12/8/2022 6:40:22 PM: Create controls,Load all Textbox dynamic
12/8/2022 6:40:22 PM: Create controls,Load all Textbox dynamic
12/8/2022 6:40:22 PM: Create controls,Load all Textbox dynamic
12/8/2022 6:40:22 PM: Create controls,Load all Textbox dynamic
12/8/2022 6:40:22 PM: GetTemplateDetails Finished
12/8/2022 6:40:22 PM: InitializeDocumentView started
12/8/2022 6:40:22 PM: InitializeDocumentView finished
12/8/2022 6:40:22 PM: Calling database to get annotated images. DocumentId: 292145, Action: GetAnnotatedPages
12/8/2022 6:40:23 PM: Calling database to get annotated images. DocumentId: 292145, Action: GetTaggedPages
12/8/2022 6:40:23 PM: LoadImageToViewer started
12/8/2022 6:40:23 PM: Setting image to viewer. Action:  Page count: 13 Current Page:1
12/8/2022 6:40:23 PM: Converting PDF to JPEG. PDF Path: D:\WDMSDocument\TempWorkFolder\U0lfTEVfMTg5Nl8zMDRfMTAwOQ==\1.pdf Image Name: U0lfTEVfMTg5Nl8zMDRfMTAwOQ== Page No: 1
12/8/2022 6:40:24 PM: Converting PDF to JPEG without applying watermark.
12/8/2022 6:40:25 PM: Invoke method to get annotations from databnase.
12/8/2022 6:40:25 PM: Get annotations from database.
12/8/2022 6:40:25 PM: Document Id: 292145 Page No: 1
12/8/2022 6:40:25 PM: Invoking method to get annotation data from database. Action: GetAnnotations
12/8/2022 6:40:25 PM: MailPanelFill started
12/8/2022 6:40:25 PM: MailPanelFill finished
12/8/2022 6:40:31 PM: GetSginatureDetails Started:-
12/8/2022 6:40:32 PM: GetSginatureDetails Completed:-
12/8/2022 6:40:32 PM: GetTemplateDetails Started
12/8/2022 6:40:32 PM: GetTemplateDetails total record count:1
12/8/2022 6:40:32 PM: Create controls,Load all Textbox dynamic
12/8/2022 6:40:32 PM: Create controls,Load all Textbox dynamic
12/8/2022 6:40:32 PM: Create controls,Load all Textbox dynamic
12/8/2022 6:40:32 PM: Create controls,Load all Textbox dynamic
12/8/2022 6:40:32 PM: GetTemplateDetails Finished
12/8/2022 6:40:32 PM: InitializeDocumentView started
12/8/2022 6:40:32 PM: InitializeDocumentView finished
12/8/2022 6:40:32 PM: Calling database to get annotated images. DocumentId: 292145, Action: GetAnnotatedPages
12/8/2022 6:40:32 PM: Calling database to get annotated images. DocumentId: 292145, Action: GetTaggedPages
12/8/2022 6:40:32 PM: LoadImageToViewer started
12/8/2022 6:40:32 PM: Setting image to viewer. Action:  Page count: 13 Current Page:1
12/8/2022 6:40:32 PM: Converting PDF to JPEG. PDF Path: D:\WDMSDocument\TempWorkFolder\U0lfTEVfMTg5Nl8zMDRfMTAwOQ==\1.pdf Image Name: U0lfTEVfMTg5Nl8zMDRfMTAwOQ== Page No: 1
12/8/2022 6:40:45 PM: Converting PDF to JPEG without applying watermark.
12/8/2022 6:42:02 PM: Invoke method to get annotations from databnase.
12/8/2022 6:42:02 PM: Get annotations from database.
12/8/2022 6:42:02 PM: Document Id: 292145 Page No: 1
12/8/2022 6:42:02 PM: Invoking method to get annotation data from database. Action: GetAnnotations
12/8/2022 6:42:02 PM: MailPanelFill started
12/8/2022 6:42:02 PM: MailPanelFill finished
