12/5/2022 4:55:56 PM: BindDocumentType started
12/5/2022 4:55:56 PM: BindDocumentType finished
12/5/2022 4:55:59 PM: createControls Started
12/5/2022 4:55:59 PM: createControls Loaded all Textbox dynamically
12/5/2022 4:55:59 PM: createControls Loaded all Textbox dynamically
12/5/2022 4:55:59 PM: createControls Loaded all Textbox dynamically
12/5/2022 4:55:59 PM: createControls Loaded all Textbox dynamically
12/5/2022 4:55:59 PM: createControls Finished
12/5/2022 4:55:59 PM: GetTemplateDetails started
12/5/2022 4:56:00 PM: generatecontrols Started
12/5/2022 4:56:00 PM: GenerateControls:Loaded all Textbox dynamically
12/5/2022 4:56:00 PM: GenerateControls:Loaded all Textbox dynamically
12/5/2022 4:56:00 PM: GenerateControls:Loaded all Textbox dynamically
12/5/2022 4:56:00 PM: GenerateControls:Loaded all Textbox dynamically
12/5/2022 4:56:01 PM: createControls Started
12/5/2022 4:56:01 PM: createControls Loaded all Textbox dynamically
12/5/2022 4:56:01 PM: createControls Loaded all Textbox dynamically
12/5/2022 4:56:01 PM: createControls Loaded all Textbox dynamically
12/5/2022 4:56:01 PM: createControls Loaded all Textbox dynamically
12/5/2022 4:56:01 PM: createControls Finished
12/5/2022 4:56:01 PM: Started Loading Entity Drop Down
12/5/2022 4:56:02 PM: Finished Loading Entity Drop Down
12/5/2022 4:56:46 PM: BindDocumentType started
12/5/2022 4:56:46 PM: BindDocumentType finished
12/5/2022 4:57:06 PM: BindDocumentType started
12/5/2022 4:57:06 PM: BindDocumentType finished
12/5/2022 4:57:12 PM: createControls Started
12/5/2022 4:57:12 PM: createControls Loaded all Textbox dynamically
12/5/2022 4:57:12 PM: createControls Loaded all Textbox dynamically
12/5/2022 4:57:12 PM: createControls Loaded all Textbox dynamically
12/5/2022 4:57:12 PM: createControls Loaded all Textbox dynamically
12/5/2022 4:57:12 PM: createControls Finished
12/5/2022 4:57:12 PM: GetTemplateDetails started
12/5/2022 4:57:12 PM: generatecontrols Started
12/5/2022 4:57:12 PM: GenerateControls:Loaded all Textbox dynamically
12/5/2022 4:57:12 PM: GenerateControls:Loaded all Textbox dynamically
12/5/2022 4:57:12 PM: GenerateControls:Loaded all Textbox dynamically
12/5/2022 4:57:12 PM: GenerateControls:Loaded all Textbox dynamically
12/5/2022 4:57:14 PM: createControls Started
12/5/2022 4:57:14 PM: createControls Loaded all Textbox dynamically
12/5/2022 4:57:14 PM: createControls Loaded all Textbox dynamically
12/5/2022 4:57:14 PM: createControls Loaded all Textbox dynamically
12/5/2022 4:57:14 PM: createControls Loaded all Textbox dynamically
12/5/2022 4:57:14 PM: createControls Finished
12/5/2022 4:57:14 PM: Started Loading Entity Drop Down
12/5/2022 4:57:14 PM: Finished Loading Entity Drop Down
12/5/2022 4:58:38 PM: BindDocumentType started
12/5/2022 4:58:38 PM: BindDocumentType finished
12/5/2022 4:58:42 PM: createControls Started
12/5/2022 4:58:42 PM: createControls Loaded all Textbox dynamically
12/5/2022 4:58:42 PM: createControls Loaded all Textbox dynamically
12/5/2022 4:58:42 PM: createControls Loaded all Textbox dynamically
12/5/2022 4:58:42 PM: createControls Loaded all Textbox dynamically
12/5/2022 4:58:42 PM: createControls Finished
12/5/2022 4:58:42 PM: GetTemplateDetails started
12/5/2022 4:58:42 PM: generatecontrols Started
12/5/2022 4:58:42 PM: GenerateControls:Loaded all Textbox dynamically
12/5/2022 4:58:42 PM: GenerateControls:Loaded all Textbox dynamically
12/5/2022 4:58:42 PM: GenerateControls:Loaded all Textbox dynamically
12/5/2022 4:58:42 PM: GenerateControls:Loaded all Textbox dynamically
12/5/2022 4:59:16 PM: BindDocumentType started
12/5/2022 4:59:16 PM: BindDocumentType finished
12/5/2022 4:59:19 PM: createControls Started
12/5/2022 4:59:19 PM: createControls Loaded all Textbox dynamically
12/5/2022 4:59:19 PM: createControls Loaded all Textbox dynamically
12/5/2022 4:59:19 PM: createControls Loaded all Textbox dynamically
12/5/2022 4:59:19 PM: createControls Loaded all Textbox dynamically
12/5/2022 4:59:19 PM: createControls Finished
12/5/2022 4:59:19 PM: GetTemplateDetails started
12/5/2022 4:59:19 PM: generatecontrols Started
12/5/2022 4:59:19 PM: GenerateControls:Loaded all Textbox dynamically
12/5/2022 4:59:19 PM: GenerateControls:Loaded all Textbox dynamically
12/5/2022 4:59:19 PM: GenerateControls:Loaded all Textbox dynamically
12/5/2022 4:59:19 PM: GenerateControls:Loaded all Textbox dynamically
12/5/2022 4:59:20 PM: createControls Started
12/5/2022 4:59:20 PM: createControls Loaded all Textbox dynamically
12/5/2022 4:59:20 PM: createControls Loaded all Textbox dynamically
12/5/2022 4:59:20 PM: createControls Loaded all Textbox dynamically
12/5/2022 4:59:20 PM: createControls Loaded all Textbox dynamically
12/5/2022 4:59:20 PM: createControls Finished
12/5/2022 4:59:20 PM: Started Loading Entity Drop Down
12/5/2022 4:59:20 PM: Finished Loading Entity Drop Down
12/5/2022 5:00:20 PM: BindDocumentType started
12/5/2022 5:00:20 PM: BindDocumentType finished
12/5/2022 5:00:23 PM: createControls Started
12/5/2022 5:00:23 PM: createControls Loaded all Textbox dynamically
12/5/2022 5:00:23 PM: createControls Loaded all Textbox dynamically
12/5/2022 5:00:23 PM: createControls Loaded all Textbox dynamically
12/5/2022 5:00:23 PM: createControls Loaded all Textbox dynamically
12/5/2022 5:00:23 PM: createControls Finished
12/5/2022 5:00:23 PM: GetTemplateDetails started
12/5/2022 5:00:24 PM: generatecontrols Started
12/5/2022 5:00:24 PM: GenerateControls:Loaded all Textbox dynamically
12/5/2022 5:00:24 PM: GenerateControls:Loaded all Textbox dynamically
12/5/2022 5:00:24 PM: GenerateControls:Loaded all Textbox dynamically
12/5/2022 5:00:24 PM: GenerateControls:Loaded all Textbox dynamically
12/5/2022 5:00:24 PM: createControls Started
12/5/2022 5:00:24 PM: createControls Loaded all Textbox dynamically
12/5/2022 5:00:24 PM: createControls Loaded all Textbox dynamically
12/5/2022 5:00:24 PM: createControls Loaded all Textbox dynamically
12/5/2022 5:00:24 PM: createControls Loaded all Textbox dynamically
12/5/2022 5:00:24 PM: createControls Finished
12/5/2022 5:00:24 PM: Started Loading Entity Drop Down
12/5/2022 5:00:25 PM: Finished Loading Entity Drop Down
12/5/2022 5:03:23 PM: BindDocumentType started
12/5/2022 5:03:23 PM: BindDocumentType finished
12/5/2022 5:03:26 PM: createControls Started
12/5/2022 5:03:26 PM: createControls Loaded all Textbox dynamically
12/5/2022 5:03:26 PM: createControls Loaded all Textbox dynamically
12/5/2022 5:03:26 PM: createControls Loaded all Textbox dynamically
12/5/2022 5:03:26 PM: createControls Loaded all Textbox dynamically
12/5/2022 5:03:26 PM: createControls Finished
12/5/2022 5:03:26 PM: GetTemplateDetails started
12/5/2022 5:03:26 PM: generatecontrols Started
12/5/2022 5:03:27 PM: GenerateControls:Loaded all Textbox dynamically
12/5/2022 5:03:27 PM: GenerateControls:Loaded all Textbox dynamically
12/5/2022 5:03:27 PM: GenerateControls:Loaded all Textbox dynamically
12/5/2022 5:03:27 PM: GenerateControls:Loaded all Textbox dynamically
12/5/2022 5:03:28 PM: createControls Started
12/5/2022 5:03:28 PM: createControls Loaded all Textbox dynamically
12/5/2022 5:03:28 PM: createControls Loaded all Textbox dynamically
12/5/2022 5:03:28 PM: createControls Loaded all Textbox dynamically
12/5/2022 5:03:28 PM: createControls Loaded all Textbox dynamically
12/5/2022 5:03:28 PM: createControls Finished
12/5/2022 5:03:28 PM: Started Loading Entity Drop Down
12/5/2022 5:03:28 PM: Finished Loading Entity Drop Down
12/5/2022 5:03:31 PM: BindDocumentType started
12/5/2022 5:03:31 PM: BindDocumentType finished
12/5/2022 5:03:34 PM: createControls Started
12/5/2022 5:03:34 PM: createControls Loaded all Textbox dynamically
12/5/2022 5:03:34 PM: createControls Loaded all Textbox dynamically
12/5/2022 5:03:34 PM: createControls Loaded all Textbox dynamically
12/5/2022 5:03:34 PM: createControls Loaded all Textbox dynamically
12/5/2022 5:03:34 PM: createControls Finished
12/5/2022 5:03:34 PM: GetTemplateDetails started
12/5/2022 5:03:35 PM: generatecontrols Started
12/5/2022 5:03:35 PM: GenerateControls:Loaded all Textbox dynamically
12/5/2022 5:03:35 PM: GenerateControls:Loaded all Textbox dynamically
12/5/2022 5:03:35 PM: GenerateControls:Loaded all Textbox dynamically
12/5/2022 5:03:35 PM: GenerateControls:Loaded all Textbox dynamically
12/5/2022 5:03:35 PM: createControls Started
12/5/2022 5:03:35 PM: createControls Loaded all Textbox dynamically
12/5/2022 5:03:35 PM: createControls Loaded all Textbox dynamically
12/5/2022 5:03:35 PM: createControls Loaded all Textbox dynamically
12/5/2022 5:03:35 PM: createControls Loaded all Textbox dynamically
12/5/2022 5:03:35 PM: createControls Finished
12/5/2022 5:03:36 PM: Started Loading Entity Drop Down
12/5/2022 5:03:36 PM: Finished Loading Entity Drop Down
12/5/2022 5:05:35 PM: BindDocumentType started
12/5/2022 5:05:35 PM: BindDocumentType finished
12/5/2022 5:05:38 PM: createControls Started
12/5/2022 5:05:38 PM: createControls Loaded all Textbox dynamically
12/5/2022 5:05:38 PM: createControls Loaded all Textbox dynamically
12/5/2022 5:05:38 PM: createControls Loaded all Textbox dynamically
12/5/2022 5:05:38 PM: createControls Loaded all Textbox dynamically
12/5/2022 5:05:38 PM: createControls Finished
12/5/2022 5:05:38 PM: GetTemplateDetails started
12/5/2022 5:05:38 PM: generatecontrols Started
12/5/2022 5:05:38 PM: GenerateControls:Loaded all Textbox dynamically
12/5/2022 5:05:38 PM: GenerateControls:Loaded all Textbox dynamically
12/5/2022 5:05:38 PM: GenerateControls:Loaded all Textbox dynamically
12/5/2022 5:05:38 PM: GenerateControls:Loaded all Textbox dynamically
12/5/2022 5:05:39 PM: createControls Started
12/5/2022 5:05:39 PM: createControls Loaded all Textbox dynamically
12/5/2022 5:05:39 PM: createControls Loaded all Textbox dynamically
12/5/2022 5:05:39 PM: createControls Loaded all Textbox dynamically
12/5/2022 5:05:39 PM: createControls Loaded all Textbox dynamically
12/5/2022 5:05:39 PM: createControls Finished
12/5/2022 5:05:39 PM: Started Loading Entity Drop Down
12/5/2022 5:05:40 PM: Finished Loading Entity Drop Down
12/5/2022 5:08:52 PM: BindDocumentType started
12/5/2022 5:08:53 PM: BindDocumentType finished
12/5/2022 5:08:55 PM: createControls Started
12/5/2022 5:08:55 PM: createControls Loaded all Textbox dynamically
12/5/2022 5:08:55 PM: createControls Loaded all Textbox dynamically
12/5/2022 5:08:55 PM: createControls Loaded all Textbox dynamically
12/5/2022 5:08:55 PM: createControls Loaded all Textbox dynamically
12/5/2022 5:08:55 PM: createControls Finished
12/5/2022 5:08:55 PM: GetTemplateDetails started
12/5/2022 5:08:55 PM: generatecontrols Started
12/5/2022 5:08:56 PM: GenerateControls:Loaded all Textbox dynamically
12/5/2022 5:08:56 PM: GenerateControls:Loaded all Textbox dynamically
12/5/2022 5:08:56 PM: GenerateControls:Loaded all Textbox dynamically
12/5/2022 5:08:56 PM: GenerateControls:Loaded all Textbox dynamically
12/5/2022 5:08:56 PM: createControls Started
12/5/2022 5:08:56 PM: createControls Loaded all Textbox dynamically
12/5/2022 5:08:56 PM: createControls Loaded all Textbox dynamically
12/5/2022 5:08:56 PM: createControls Loaded all Textbox dynamically
12/5/2022 5:08:56 PM: createControls Loaded all Textbox dynamically
12/5/2022 5:08:56 PM: createControls Finished
12/5/2022 5:08:57 PM: Started Loading Entity Drop Down
12/5/2022 5:08:57 PM: Finished Loading Entity Drop Down
12/5/2022 5:10:26 PM: BindDocumentType started
12/5/2022 5:10:26 PM: BindDocumentType finished
12/5/2022 5:10:28 PM: createControls Started
12/5/2022 5:10:28 PM: createControls Loaded all Textbox dynamically
12/5/2022 5:10:28 PM: createControls Loaded all Textbox dynamically
12/5/2022 5:10:28 PM: createControls Loaded all Textbox dynamically
12/5/2022 5:10:28 PM: createControls Loaded all Textbox dynamically
12/5/2022 5:10:28 PM: createControls Finished
12/5/2022 5:10:28 PM: GetTemplateDetails started
12/5/2022 5:10:28 PM: generatecontrols Started
12/5/2022 5:10:29 PM: GenerateControls:Loaded all Textbox dynamically
12/5/2022 5:10:29 PM: GenerateControls:Loaded all Textbox dynamically
12/5/2022 5:10:29 PM: GenerateControls:Loaded all Textbox dynamically
12/5/2022 5:10:29 PM: GenerateControls:Loaded all Textbox dynamically
12/5/2022 5:10:29 PM: createControls Started
12/5/2022 5:10:29 PM: createControls Loaded all Textbox dynamically
12/5/2022 5:10:29 PM: createControls Loaded all Textbox dynamically
12/5/2022 5:10:29 PM: createControls Loaded all Textbox dynamically
12/5/2022 5:10:29 PM: createControls Loaded all Textbox dynamically
12/5/2022 5:10:29 PM: createControls Finished
12/5/2022 5:10:29 PM: Started Loading Entity Drop Down
12/5/2022 5:10:30 PM: Finished Loading Entity Drop Down
12/5/2022 5:12:05 PM: BindDocumentType started
12/5/2022 5:12:05 PM: BindDocumentType finished
12/5/2022 5:12:09 PM: createControls Started
12/5/2022 5:12:09 PM: createControls Loaded all Textbox dynamically
12/5/2022 5:12:09 PM: createControls Loaded all Textbox dynamically
12/5/2022 5:12:09 PM: createControls Loaded all Textbox dynamically
12/5/2022 5:12:09 PM: createControls Loaded all Textbox dynamically
12/5/2022 5:12:09 PM: createControls Finished
12/5/2022 5:12:09 PM: GetTemplateDetails started
12/5/2022 5:12:09 PM: generatecontrols Started
12/5/2022 5:12:09 PM: GenerateControls:Loaded all Textbox dynamically
12/5/2022 5:12:09 PM: GenerateControls:Loaded all Textbox dynamically
12/5/2022 5:12:09 PM: GenerateControls:Loaded all Textbox dynamically
12/5/2022 5:12:09 PM: GenerateControls:Loaded all Textbox dynamically
12/5/2022 5:16:04 PM: BindDocumentType started
12/5/2022 5:16:04 PM: BindDocumentType finished
12/5/2022 5:16:07 PM: createControls Started
12/5/2022 5:16:07 PM: createControls Loaded all Textbox dynamically
12/5/2022 5:16:07 PM: createControls Loaded all Textbox dynamically
12/5/2022 5:16:07 PM: createControls Loaded all Textbox dynamically
12/5/2022 5:16:07 PM: createControls Loaded all Textbox dynamically
12/5/2022 5:16:07 PM: createControls Finished
12/5/2022 5:16:07 PM: GetTemplateDetails started
12/5/2022 5:16:07 PM: generatecontrols Started
12/5/2022 5:16:08 PM: GenerateControls:Loaded all Textbox dynamically
12/5/2022 5:16:08 PM: GenerateControls:Loaded all Textbox dynamically
12/5/2022 5:16:08 PM: GenerateControls:Loaded all Textbox dynamically
12/5/2022 5:16:08 PM: GenerateControls:Loaded all Textbox dynamically
12/5/2022 5:16:09 PM: createControls Started
12/5/2022 5:16:09 PM: createControls Loaded all Textbox dynamically
12/5/2022 5:16:09 PM: createControls Loaded all Textbox dynamically
12/5/2022 5:16:09 PM: createControls Loaded all Textbox dynamically
12/5/2022 5:16:09 PM: createControls Loaded all Textbox dynamically
12/5/2022 5:16:09 PM: createControls Finished
12/5/2022 5:16:39 PM: Started Loading Entity Drop Down
12/5/2022 5:19:03 PM: Finished Loading Entity Drop Down
12/5/2022 5:30:03 PM: BindDocumentType started
12/5/2022 5:30:04 PM: BindDocumentType finished
12/5/2022 5:30:07 PM: createControls Started
12/5/2022 5:30:07 PM: createControls Loaded all Textbox dynamically
12/5/2022 5:30:07 PM: createControls Loaded all Textbox dynamically
12/5/2022 5:30:07 PM: createControls Loaded all Textbox dynamically
12/5/2022 5:30:07 PM: createControls Loaded all Textbox dynamically
12/5/2022 5:30:07 PM: createControls Finished
12/5/2022 5:30:07 PM: GetTemplateDetails started
12/5/2022 5:30:07 PM: generatecontrols Started
12/5/2022 5:30:07 PM: GenerateControls:Loaded all Textbox dynamically
12/5/2022 5:30:07 PM: GenerateControls:Loaded all Textbox dynamically
12/5/2022 5:30:07 PM: GenerateControls:Loaded all Textbox dynamically
12/5/2022 5:30:07 PM: GenerateControls:Loaded all Textbox dynamically
12/5/2022 5:30:08 PM: createControls Started
12/5/2022 5:30:08 PM: createControls Loaded all Textbox dynamically
12/5/2022 5:30:08 PM: createControls Loaded all Textbox dynamically
12/5/2022 5:30:08 PM: createControls Loaded all Textbox dynamically
12/5/2022 5:30:08 PM: createControls Loaded all Textbox dynamically
12/5/2022 5:30:08 PM: createControls Finished
12/5/2022 5:30:09 PM: Started Loading Entity Drop Down
12/5/2022 5:30:10 PM: Finished Loading Entity Drop Down
12/5/2022 5:31:08 PM: BindDocumentType started
12/5/2022 5:31:08 PM: BindDocumentType finished
12/5/2022 5:31:12 PM: createControls Started
12/5/2022 5:31:12 PM: createControls Loaded all Textbox dynamically
12/5/2022 5:31:13 PM: createControls Loaded all Dropdownlist dynamically
12/5/2022 5:31:13 PM: createControls Loaded all Textbox dynamically
12/5/2022 5:31:13 PM: createControls Loaded all Dropdownlist dynamically
12/5/2022 5:31:13 PM: createControls Finished
12/5/2022 5:31:13 PM: GetTemplateDetails started
12/5/2022 5:31:13 PM: generatecontrols Started
12/5/2022 5:31:13 PM: GenerateControls:Loaded all Textbox dynamically
12/5/2022 5:31:13 PM: GenerateControls:Loaded all Dropdownlist dynamically
12/5/2022 5:31:13 PM: GenerateControls:Loaded all Textbox dynamically
12/5/2022 5:31:13 PM: GenerateControls:Loaded all Dropdownlist dynamically
12/5/2022 5:31:14 PM: createControls Started
12/5/2022 5:31:14 PM: createControls Loaded all Textbox dynamically
12/5/2022 5:31:14 PM: createControls Loaded all Textbox dynamically
12/5/2022 5:31:14 PM: createControls Loaded all Textbox dynamically
12/5/2022 5:31:14 PM: createControls Loaded all Textbox dynamically
12/5/2022 5:31:14 PM: createControls Finished
12/5/2022 5:31:14 PM: GetTemplateDetails started
12/5/2022 5:31:14 PM: generatecontrols Started
12/5/2022 5:31:14 PM: GenerateControls:Loaded all Textbox dynamically
12/5/2022 5:31:14 PM: GenerateControls:Loaded all Textbox dynamically
12/5/2022 5:31:14 PM: GenerateControls:Loaded all Textbox dynamically
12/5/2022 5:31:14 PM: GenerateControls:Loaded all Textbox dynamically
12/5/2022 5:31:40 PM: createControls Started
12/5/2022 5:31:40 PM: createControls Loaded all Textbox dynamically
12/5/2022 5:31:40 PM: createControls Loaded all Textbox dynamically
12/5/2022 5:31:40 PM: createControls Loaded all Textbox dynamically
12/5/2022 5:31:40 PM: createControls Loaded all Textbox dynamically
12/5/2022 5:31:40 PM: createControls Finished
12/5/2022 5:31:42 PM: Started Loading Entity Drop Down
12/5/2022 5:32:04 PM: Finished Loading Entity Drop Down
12/5/2022 5:33:23 PM: BindDocumentType started
12/5/2022 5:33:23 PM: BindDocumentType finished
12/5/2022 5:33:26 PM: createControls Started
12/5/2022 5:33:26 PM: createControls Loaded all Textbox dynamically
12/5/2022 5:33:26 PM: createControls Loaded all Textbox dynamically
12/5/2022 5:33:26 PM: createControls Loaded all Textbox dynamically
12/5/2022 5:33:26 PM: createControls Loaded all Textbox dynamically
12/5/2022 5:33:26 PM: createControls Finished
12/5/2022 5:33:26 PM: GetTemplateDetails started
12/5/2022 5:33:26 PM: generatecontrols Started
12/5/2022 5:33:26 PM: GenerateControls:Loaded all Textbox dynamically
12/5/2022 5:33:26 PM: GenerateControls:Loaded all Textbox dynamically
12/5/2022 5:33:26 PM: GenerateControls:Loaded all Textbox dynamically
12/5/2022 5:33:26 PM: GenerateControls:Loaded all Textbox dynamically
12/5/2022 5:33:27 PM: createControls Started
12/5/2022 5:33:27 PM: createControls Loaded all Textbox dynamically
12/5/2022 5:33:27 PM: createControls Loaded all Textbox dynamically
12/5/2022 5:33:27 PM: createControls Loaded all Textbox dynamically
12/5/2022 5:33:27 PM: createControls Loaded all Textbox dynamically
12/5/2022 5:33:27 PM: createControls Finished
12/5/2022 5:33:28 PM: Started Loading Entity Drop Down
12/5/2022 5:33:37 PM: Finished Loading Entity Drop Down
12/5/2022 5:34:35 PM: BindDocumentType started
12/5/2022 5:34:35 PM: BindDocumentType finished
12/5/2022 5:34:37 PM: createControls Started
12/5/2022 5:34:37 PM: createControls Loaded all Textbox dynamically
12/5/2022 5:34:37 PM: createControls Loaded all Textbox dynamically
12/5/2022 5:34:37 PM: createControls Loaded all Textbox dynamically
12/5/2022 5:34:37 PM: createControls Loaded all Textbox dynamically
12/5/2022 5:34:37 PM: createControls Finished
12/5/2022 5:34:37 PM: GetTemplateDetails started
12/5/2022 5:34:37 PM: generatecontrols Started
12/5/2022 5:34:37 PM: GenerateControls:Loaded all Textbox dynamically
12/5/2022 5:34:37 PM: GenerateControls:Loaded all Textbox dynamically
12/5/2022 5:34:37 PM: GenerateControls:Loaded all Textbox dynamically
12/5/2022 5:34:37 PM: GenerateControls:Loaded all Textbox dynamically
12/5/2022 5:34:38 PM: createControls Started
12/5/2022 5:34:39 PM: createControls Loaded all Textbox dynamically
12/5/2022 5:34:39 PM: createControls Loaded all Textbox dynamically
12/5/2022 5:34:39 PM: createControls Loaded all Textbox dynamically
12/5/2022 5:34:39 PM: createControls Loaded all Textbox dynamically
12/5/2022 5:34:39 PM: createControls Finished
12/5/2022 5:34:40 PM: Started Loading Entity Drop Down
12/5/2022 5:34:41 PM: Finished Loading Entity Drop Down
12/5/2022 5:37:14 PM: BindDocumentType started
12/5/2022 5:37:14 PM: BindDocumentType finished
12/5/2022 5:37:17 PM: createControls Started
12/5/2022 5:37:17 PM: createControls Loaded all Textbox dynamically
12/5/2022 5:37:17 PM: createControls Loaded all Textbox dynamically
12/5/2022 5:37:17 PM: createControls Loaded all Textbox dynamically
12/5/2022 5:37:17 PM: createControls Loaded all Textbox dynamically
12/5/2022 5:37:17 PM: createControls Finished
12/5/2022 5:37:17 PM: GetTemplateDetails started
12/5/2022 5:37:17 PM: generatecontrols Started
12/5/2022 5:37:17 PM: GenerateControls:Loaded all Textbox dynamically
12/5/2022 5:37:17 PM: GenerateControls:Loaded all Textbox dynamically
12/5/2022 5:37:17 PM: GenerateControls:Loaded all Textbox dynamically
12/5/2022 5:37:17 PM: GenerateControls:Loaded all Textbox dynamically
12/5/2022 5:37:18 PM: createControls Started
12/5/2022 5:37:18 PM: createControls Loaded all Textbox dynamically
12/5/2022 5:37:18 PM: createControls Loaded all Textbox dynamically
12/5/2022 5:37:18 PM: createControls Loaded all Textbox dynamically
12/5/2022 5:37:18 PM: createControls Loaded all Textbox dynamically
12/5/2022 5:37:18 PM: createControls Finished
12/5/2022 5:37:20 PM: Started Loading Entity Drop Down
12/5/2022 5:37:21 PM: Finished Loading Entity Drop Down
12/5/2022 5:39:07 PM: BindDocumentType started
12/5/2022 5:39:07 PM: BindDocumentType finished
12/5/2022 5:39:12 PM: createControls Started
12/5/2022 5:39:12 PM: createControls Loaded all Textbox dynamically
12/5/2022 5:39:12 PM: createControls Loaded all Textbox dynamically
12/5/2022 5:39:12 PM: createControls Loaded all Textbox dynamically
12/5/2022 5:39:12 PM: createControls Loaded all Textbox dynamically
12/5/2022 5:39:12 PM: createControls Finished
12/5/2022 5:39:12 PM: GetTemplateDetails started
12/5/2022 5:39:12 PM: generatecontrols Started
12/5/2022 5:39:12 PM: GenerateControls:Loaded all Textbox dynamically
12/5/2022 5:39:12 PM: GenerateControls:Loaded all Textbox dynamically
12/5/2022 5:39:12 PM: GenerateControls:Loaded all Textbox dynamically
12/5/2022 5:39:12 PM: GenerateControls:Loaded all Textbox dynamically
12/5/2022 5:39:14 PM: createControls Started
12/5/2022 5:39:14 PM: createControls Loaded all Textbox dynamically
12/5/2022 5:39:14 PM: createControls Loaded all Textbox dynamically
12/5/2022 5:39:14 PM: createControls Loaded all Textbox dynamically
12/5/2022 5:39:14 PM: createControls Loaded all Textbox dynamically
12/5/2022 5:39:14 PM: createControls Finished
12/5/2022 5:39:17 PM: Started Loading Entity Drop Down
12/5/2022 5:39:18 PM: Finished Loading Entity Drop Down
12/5/2022 5:41:09 PM: BindDocumentType started
12/5/2022 5:41:09 PM: BindDocumentType finished
12/5/2022 5:41:13 PM: createControls Started
12/5/2022 5:41:13 PM: createControls Loaded all Textbox dynamically
12/5/2022 5:41:13 PM: createControls Loaded all Textbox dynamically
12/5/2022 5:41:13 PM: createControls Loaded all Textbox dynamically
12/5/2022 5:41:13 PM: createControls Loaded all Textbox dynamically
12/5/2022 5:41:13 PM: createControls Finished
12/5/2022 5:41:13 PM: GetTemplateDetails started
12/5/2022 5:41:13 PM: generatecontrols Started
12/5/2022 5:41:13 PM: GenerateControls:Loaded all Textbox dynamically
12/5/2022 5:41:13 PM: GenerateControls:Loaded all Textbox dynamically
12/5/2022 5:41:13 PM: GenerateControls:Loaded all Textbox dynamically
12/5/2022 5:41:13 PM: GenerateControls:Loaded all Textbox dynamically
12/5/2022 5:41:14 PM: createControls Started
12/5/2022 5:41:14 PM: createControls Loaded all Textbox dynamically
12/5/2022 5:41:14 PM: createControls Loaded all Textbox dynamically
12/5/2022 5:41:14 PM: createControls Loaded all Textbox dynamically
12/5/2022 5:41:14 PM: createControls Loaded all Textbox dynamically
12/5/2022 5:41:14 PM: createControls Finished
12/5/2022 5:41:16 PM: Started Loading Entity Drop Down
12/5/2022 5:41:17 PM: Finished Loading Entity Drop Down
12/5/2022 5:42:22 PM: BindDocumentType started
12/5/2022 5:42:22 PM: BindDocumentType finished
12/5/2022 5:42:25 PM: createControls Started
12/5/2022 5:42:25 PM: createControls Loaded all Textbox dynamically
12/5/2022 5:42:25 PM: createControls Loaded all Textbox dynamically
12/5/2022 5:42:25 PM: createControls Loaded all Textbox dynamically
12/5/2022 5:42:25 PM: createControls Loaded all Textbox dynamically
12/5/2022 5:42:25 PM: createControls Finished
12/5/2022 5:42:25 PM: GetTemplateDetails started
12/5/2022 5:42:25 PM: generatecontrols Started
12/5/2022 5:42:25 PM: GenerateControls:Loaded all Textbox dynamically
12/5/2022 5:42:25 PM: GenerateControls:Loaded all Textbox dynamically
12/5/2022 5:42:25 PM: GenerateControls:Loaded all Textbox dynamically
12/5/2022 5:42:25 PM: GenerateControls:Loaded all Textbox dynamically
12/5/2022 5:42:26 PM: createControls Started
12/5/2022 5:42:26 PM: createControls Loaded all Textbox dynamically
12/5/2022 5:42:26 PM: createControls Loaded all Textbox dynamically
12/5/2022 5:42:26 PM: createControls Loaded all Textbox dynamically
12/5/2022 5:42:26 PM: createControls Loaded all Textbox dynamically
12/5/2022 5:42:26 PM: createControls Finished
12/5/2022 5:42:27 PM: Started Loading Entity Drop Down
12/5/2022 5:42:29 PM: Finished Loading Entity Drop Down
12/5/2022 5:47:35 PM: BindDocumentType started
12/5/2022 5:47:35 PM: BindDocumentType finished
12/5/2022 5:47:38 PM: createControls Started
12/5/2022 5:47:38 PM: createControls Loaded all Textbox dynamically
12/5/2022 5:47:38 PM: createControls Loaded all Textbox dynamically
12/5/2022 5:47:38 PM: createControls Loaded all Textbox dynamically
12/5/2022 5:47:38 PM: createControls Loaded all Textbox dynamically
12/5/2022 5:47:38 PM: createControls Finished
12/5/2022 5:47:38 PM: GetTemplateDetails started
12/5/2022 5:47:38 PM: generatecontrols Started
12/5/2022 5:47:38 PM: GenerateControls:Loaded all Textbox dynamically
12/5/2022 5:47:38 PM: GenerateControls:Loaded all Textbox dynamically
12/5/2022 5:47:38 PM: GenerateControls:Loaded all Textbox dynamically
12/5/2022 5:47:38 PM: GenerateControls:Loaded all Textbox dynamically
12/5/2022 5:47:39 PM: createControls Started
12/5/2022 5:47:39 PM: createControls Loaded all Textbox dynamically
12/5/2022 5:47:39 PM: createControls Loaded all Textbox dynamically
12/5/2022 5:47:39 PM: createControls Loaded all Textbox dynamically
12/5/2022 5:47:39 PM: createControls Loaded all Textbox dynamically
12/5/2022 5:47:39 PM: createControls Finished
12/5/2022 5:47:42 PM: Started Loading Entity Drop Down
12/5/2022 5:47:45 PM: Finished Loading Entity Drop Down
12/5/2022 5:50:13 PM: BindDocumentType started
12/5/2022 5:50:13 PM: BindDocumentType finished
12/5/2022 5:50:16 PM: createControls Started
12/5/2022 5:50:16 PM: createControls Loaded all Textbox dynamically
12/5/2022 5:50:16 PM: createControls Loaded all Textbox dynamically
12/5/2022 5:50:16 PM: createControls Loaded all Textbox dynamically
12/5/2022 5:50:16 PM: createControls Loaded all Textbox dynamically
12/5/2022 5:50:16 PM: createControls Finished
12/5/2022 5:50:16 PM: GetTemplateDetails started
12/5/2022 5:50:16 PM: generatecontrols Started
12/5/2022 5:50:16 PM: GenerateControls:Loaded all Textbox dynamically
12/5/2022 5:50:16 PM: GenerateControls:Loaded all Textbox dynamically
12/5/2022 5:50:16 PM: GenerateControls:Loaded all Textbox dynamically
12/5/2022 5:50:16 PM: GenerateControls:Loaded all Textbox dynamically
12/5/2022 5:50:17 PM: createControls Started
12/5/2022 5:50:18 PM: createControls Loaded all Textbox dynamically
12/5/2022 5:50:18 PM: createControls Loaded all Textbox dynamically
12/5/2022 5:50:18 PM: createControls Loaded all Textbox dynamically
12/5/2022 5:50:18 PM: createControls Loaded all Textbox dynamically
12/5/2022 5:50:18 PM: createControls Finished
12/5/2022 5:50:19 PM: Started Loading Entity Drop Down
12/5/2022 5:50:20 PM: Finished Loading Entity Drop Down
12/5/2022 5:51:47 PM: BindDocumentType started
12/5/2022 5:51:47 PM: BindDocumentType finished
12/5/2022 5:51:50 PM: createControls Started
12/5/2022 5:51:50 PM: createControls Loaded all Textbox dynamically
12/5/2022 5:51:50 PM: createControls Loaded all Textbox dynamically
12/5/2022 5:51:50 PM: createControls Loaded all Textbox dynamically
12/5/2022 5:51:50 PM: createControls Loaded all Textbox dynamically
12/5/2022 5:51:50 PM: createControls Finished
12/5/2022 5:51:50 PM: GetTemplateDetails started
12/5/2022 5:51:50 PM: generatecontrols Started
12/5/2022 5:51:51 PM: GenerateControls:Loaded all Textbox dynamically
12/5/2022 5:51:51 PM: GenerateControls:Loaded all Textbox dynamically
12/5/2022 5:51:51 PM: GenerateControls:Loaded all Textbox dynamically
12/5/2022 5:51:51 PM: GenerateControls:Loaded all Textbox dynamically
12/5/2022 5:51:52 PM: createControls Started
12/5/2022 5:51:52 PM: createControls Loaded all Textbox dynamically
12/5/2022 5:51:52 PM: createControls Loaded all Textbox dynamically
12/5/2022 5:51:52 PM: createControls Loaded all Textbox dynamically
12/5/2022 5:51:52 PM: createControls Loaded all Textbox dynamically
12/5/2022 5:51:52 PM: createControls Finished
12/5/2022 5:51:53 PM: Started Loading Entity Drop Down
12/5/2022 5:51:54 PM: Finished Loading Entity Drop Down
12/5/2022 5:54:01 PM: BindDocumentType started
12/5/2022 5:54:01 PM: BindDocumentType finished
12/5/2022 5:54:05 PM: createControls Started
12/5/2022 5:54:06 PM: createControls Loaded all Textbox dynamically
12/5/2022 5:54:06 PM: createControls Loaded all Textbox dynamically
12/5/2022 5:54:06 PM: createControls Loaded all Textbox dynamically
12/5/2022 5:54:06 PM: createControls Loaded all Textbox dynamically
12/5/2022 5:54:06 PM: createControls Finished
12/5/2022 5:54:06 PM: GetTemplateDetails started
12/5/2022 5:54:06 PM: generatecontrols Started
12/5/2022 5:54:06 PM: GenerateControls:Loaded all Textbox dynamically
12/5/2022 5:54:06 PM: GenerateControls:Loaded all Textbox dynamically
12/5/2022 5:54:06 PM: GenerateControls:Loaded all Textbox dynamically
12/5/2022 5:54:06 PM: GenerateControls:Loaded all Textbox dynamically
12/5/2022 5:54:06 PM: createControls Started
12/5/2022 5:54:06 PM: createControls Loaded all Textbox dynamically
12/5/2022 5:54:06 PM: createControls Loaded all Textbox dynamically
12/5/2022 5:54:07 PM: createControls Loaded all Textbox dynamically
12/5/2022 5:54:07 PM: createControls Loaded all Textbox dynamically
12/5/2022 5:54:07 PM: createControls Finished
12/5/2022 5:54:08 PM: Started Loading Entity Drop Down
12/5/2022 5:54:09 PM: Finished Loading Entity Drop Down
12/5/2022 5:55:26 PM: BindDocumentType started
12/5/2022 5:55:27 PM: BindDocumentType finished
12/5/2022 5:55:30 PM: createControls Started
12/5/2022 5:55:30 PM: createControls Loaded all Textbox dynamically
12/5/2022 5:55:30 PM: createControls Loaded all Textbox dynamically
12/5/2022 5:55:30 PM: createControls Loaded all Textbox dynamically
12/5/2022 5:55:30 PM: createControls Loaded all Textbox dynamically
12/5/2022 5:55:30 PM: createControls Finished
12/5/2022 5:55:30 PM: GetTemplateDetails started
12/5/2022 5:55:30 PM: generatecontrols Started
12/5/2022 5:55:30 PM: GenerateControls:Loaded all Textbox dynamically
12/5/2022 5:55:30 PM: GenerateControls:Loaded all Textbox dynamically
12/5/2022 5:55:30 PM: GenerateControls:Loaded all Textbox dynamically
12/5/2022 5:55:30 PM: GenerateControls:Loaded all Textbox dynamically
12/5/2022 5:55:42 PM: createControls Started
12/5/2022 5:55:42 PM: createControls Loaded all Textbox dynamically
12/5/2022 5:55:42 PM: createControls Loaded all Textbox dynamically
12/5/2022 5:55:42 PM: createControls Loaded all Textbox dynamically
12/5/2022 5:55:42 PM: createControls Loaded all Textbox dynamically
12/5/2022 5:55:42 PM: createControls Finished
12/5/2022 5:55:44 PM: Started Loading Entity Drop Down
12/5/2022 5:55:45 PM: Finished Loading Entity Drop Down
12/5/2022 5:58:38 PM: BindDocumentType started
12/5/2022 5:58:38 PM: BindDocumentType finished
12/5/2022 5:58:41 PM: createControls Started
12/5/2022 5:58:41 PM: createControls Loaded all Textbox dynamically
12/5/2022 5:58:41 PM: createControls Loaded all Textbox dynamically
12/5/2022 5:58:41 PM: createControls Loaded all Textbox dynamically
12/5/2022 5:58:41 PM: createControls Loaded all Textbox dynamically
12/5/2022 5:58:41 PM: createControls Finished
12/5/2022 5:58:41 PM: GetTemplateDetails started
12/5/2022 5:58:41 PM: generatecontrols Started
12/5/2022 5:58:41 PM: GenerateControls:Loaded all Textbox dynamically
12/5/2022 5:58:41 PM: GenerateControls:Loaded all Textbox dynamically
12/5/2022 5:58:41 PM: GenerateControls:Loaded all Textbox dynamically
12/5/2022 5:58:41 PM: GenerateControls:Loaded all Textbox dynamically
12/5/2022 5:58:43 PM: createControls Started
12/5/2022 5:58:43 PM: createControls Loaded all Textbox dynamically
12/5/2022 5:58:43 PM: createControls Loaded all Textbox dynamically
12/5/2022 5:58:43 PM: createControls Loaded all Textbox dynamically
12/5/2022 5:58:43 PM: createControls Loaded all Textbox dynamically
12/5/2022 5:58:43 PM: createControls Finished
12/5/2022 5:58:44 PM: Started Loading Entity Drop Down
12/5/2022 5:58:52 PM: Finished Loading Entity Drop Down
12/5/2022 5:59:04 PM: createControls Started
12/5/2022 5:59:04 PM: createControls Loaded all Textbox dynamically
12/5/2022 5:59:04 PM: createControls Loaded all Textbox dynamically
12/5/2022 5:59:04 PM: createControls Loaded all Textbox dynamically
12/5/2022 5:59:04 PM: createControls Loaded all Textbox dynamically
12/5/2022 5:59:04 PM: createControls Finished
12/5/2022 6:02:05 PM: BindDocumentType started
12/5/2022 6:02:05 PM: BindDocumentType finished
12/5/2022 6:02:09 PM: createControls Started
12/5/2022 6:02:09 PM: createControls Loaded all Textbox dynamically
12/5/2022 6:02:09 PM: createControls Loaded all Textbox dynamically
12/5/2022 6:02:09 PM: createControls Loaded all Textbox dynamically
12/5/2022 6:02:09 PM: createControls Loaded all Textbox dynamically
12/5/2022 6:02:09 PM: createControls Finished
12/5/2022 6:02:09 PM: GetTemplateDetails started
12/5/2022 6:02:09 PM: generatecontrols Started
12/5/2022 6:02:09 PM: GenerateControls:Loaded all Textbox dynamically
12/5/2022 6:02:09 PM: GenerateControls:Loaded all Textbox dynamically
12/5/2022 6:02:09 PM: GenerateControls:Loaded all Textbox dynamically
12/5/2022 6:02:09 PM: GenerateControls:Loaded all Textbox dynamically
12/5/2022 6:02:10 PM: createControls Started
12/5/2022 6:02:10 PM: createControls Loaded all Textbox dynamically
12/5/2022 6:02:10 PM: createControls Loaded all Textbox dynamically
12/5/2022 6:02:10 PM: createControls Loaded all Textbox dynamically
12/5/2022 6:02:10 PM: createControls Loaded all Textbox dynamically
12/5/2022 6:02:10 PM: createControls Finished
12/5/2022 6:02:12 PM: Started Loading Entity Drop Down
12/5/2022 6:02:13 PM: Finished Loading Entity Drop Down
12/5/2022 6:08:47 PM: BindDocumentType started
12/5/2022 6:08:47 PM: BindDocumentType finished
12/5/2022 6:08:50 PM: createControls Started
12/5/2022 6:08:50 PM: createControls Loaded all Textbox dynamically
12/5/2022 6:08:50 PM: createControls Loaded all Textbox dynamically
12/5/2022 6:08:50 PM: createControls Loaded all Textbox dynamically
12/5/2022 6:08:50 PM: createControls Loaded all Textbox dynamically
12/5/2022 6:08:50 PM: createControls Finished
12/5/2022 6:08:50 PM: GetTemplateDetails started
12/5/2022 6:08:50 PM: generatecontrols Started
12/5/2022 6:08:50 PM: GenerateControls:Loaded all Textbox dynamically
12/5/2022 6:08:50 PM: GenerateControls:Loaded all Textbox dynamically
12/5/2022 6:08:50 PM: GenerateControls:Loaded all Textbox dynamically
12/5/2022 6:08:50 PM: GenerateControls:Loaded all Textbox dynamically
12/5/2022 6:08:51 PM: createControls Started
12/5/2022 6:08:51 PM: createControls Loaded all Textbox dynamically
12/5/2022 6:08:51 PM: createControls Loaded all Textbox dynamically
12/5/2022 6:08:51 PM: createControls Loaded all Textbox dynamically
12/5/2022 6:08:51 PM: createControls Loaded all Textbox dynamically
12/5/2022 6:08:51 PM: createControls Finished
12/5/2022 6:08:53 PM: Started Loading Entity Drop Down
12/5/2022 6:08:54 PM: Finished Loading Entity Drop Down
12/5/2022 6:10:37 PM: BindDocumentType started
12/5/2022 6:10:37 PM: BindDocumentType finished
12/5/2022 6:10:50 PM: createControls Started
12/5/2022 6:10:50 PM: createControls Loaded all Textbox dynamically
12/5/2022 6:10:50 PM: createControls Loaded all Textbox dynamically
12/5/2022 6:10:50 PM: createControls Loaded all Textbox dynamically
12/5/2022 6:10:50 PM: createControls Loaded all Textbox dynamically
12/5/2022 6:10:50 PM: createControls Finished
12/5/2022 6:10:50 PM: GetTemplateDetails started
12/5/2022 6:10:50 PM: generatecontrols Started
12/5/2022 6:10:50 PM: GenerateControls:Loaded all Textbox dynamically
12/5/2022 6:10:50 PM: GenerateControls:Loaded all Textbox dynamically
12/5/2022 6:10:50 PM: GenerateControls:Loaded all Textbox dynamically
12/5/2022 6:10:50 PM: GenerateControls:Loaded all Textbox dynamically
12/5/2022 6:10:51 PM: createControls Started
12/5/2022 6:10:51 PM: createControls Loaded all Textbox dynamically
12/5/2022 6:10:51 PM: createControls Loaded all Textbox dynamically
12/5/2022 6:10:51 PM: createControls Loaded all Textbox dynamically
12/5/2022 6:10:51 PM: createControls Loaded all Textbox dynamically
12/5/2022 6:10:51 PM: createControls Finished
12/5/2022 6:11:07 PM: Started Loading Entity Drop Down
12/5/2022 6:11:08 PM: Finished Loading Entity Drop Down
12/5/2022 6:13:17 PM: createControls Started
12/5/2022 6:13:17 PM: createControls Loaded all Textbox dynamically
12/5/2022 6:13:17 PM: createControls Loaded all Textbox dynamically
12/5/2022 6:13:17 PM: createControls Loaded all Textbox dynamically
12/5/2022 6:13:17 PM: createControls Loaded all Textbox dynamically
12/5/2022 6:13:17 PM: createControls Finished
12/5/2022 6:24:16 PM: BindDocumentType started
12/5/2022 6:24:16 PM: BindDocumentType finished
12/5/2022 6:24:20 PM: createControls Started
12/5/2022 6:24:20 PM: createControls Loaded all Textbox dynamically
12/5/2022 6:24:20 PM: createControls Loaded all Textbox dynamically
12/5/2022 6:24:20 PM: createControls Loaded all Textbox dynamically
12/5/2022 6:24:20 PM: createControls Loaded all Textbox dynamically
12/5/2022 6:24:20 PM: createControls Finished
12/5/2022 6:24:20 PM: GetTemplateDetails started
12/5/2022 6:24:20 PM: generatecontrols Started
12/5/2022 6:24:20 PM: GenerateControls:Loaded all Textbox dynamically
12/5/2022 6:24:20 PM: GenerateControls:Loaded all Textbox dynamically
12/5/2022 6:24:20 PM: GenerateControls:Loaded all Textbox dynamically
12/5/2022 6:24:20 PM: GenerateControls:Loaded all Textbox dynamically
12/5/2022 6:24:22 PM: createControls Started
12/5/2022 6:24:22 PM: createControls Loaded all Textbox dynamically
12/5/2022 6:24:22 PM: createControls Loaded all Textbox dynamically
12/5/2022 6:24:22 PM: createControls Loaded all Textbox dynamically
12/5/2022 6:24:22 PM: createControls Loaded all Textbox dynamically
12/5/2022 6:24:22 PM: createControls Finished
12/5/2022 6:24:24 PM: Started Loading Entity Drop Down
12/5/2022 6:24:25 PM: Finished Loading Entity Drop Down
12/5/2022 6:24:28 PM: createControls Started
12/5/2022 6:24:28 PM: createControls Loaded all Textbox dynamically
12/5/2022 6:24:28 PM: createControls Loaded all Textbox dynamically
12/5/2022 6:24:28 PM: createControls Loaded all Textbox dynamically
12/5/2022 6:24:28 PM: createControls Loaded all Textbox dynamically
12/5/2022 6:24:28 PM: createControls Finished
12/5/2022 6:25:17 PM: createControls Started
12/5/2022 6:25:17 PM: createControls Loaded all Textbox dynamically
12/5/2022 6:25:17 PM: createControls Loaded all Textbox dynamically
12/5/2022 6:25:17 PM: createControls Loaded all Textbox dynamically
12/5/2022 6:25:17 PM: createControls Loaded all Textbox dynamically
12/5/2022 6:25:17 PM: createControls Finished
12/5/2022 6:32:07 PM: BindDocumentType started
12/5/2022 6:32:07 PM: BindDocumentType finished
12/5/2022 6:32:10 PM: createControls Started
12/5/2022 6:32:10 PM: createControls Loaded all Textbox dynamically
12/5/2022 6:32:10 PM: createControls Loaded all Textbox dynamically
12/5/2022 6:32:10 PM: createControls Loaded all Textbox dynamically
12/5/2022 6:32:10 PM: createControls Loaded all Textbox dynamically
12/5/2022 6:32:10 PM: createControls Finished
12/5/2022 6:32:10 PM: GetTemplateDetails started
12/5/2022 6:32:10 PM: generatecontrols Started
12/5/2022 6:32:10 PM: GenerateControls:Loaded all Textbox dynamically
12/5/2022 6:32:10 PM: GenerateControls:Loaded all Textbox dynamically
12/5/2022 6:32:10 PM: GenerateControls:Loaded all Textbox dynamically
12/5/2022 6:32:10 PM: GenerateControls:Loaded all Textbox dynamically
12/5/2022 6:32:12 PM: createControls Started
12/5/2022 6:32:12 PM: createControls Loaded all Textbox dynamically
12/5/2022 6:32:12 PM: createControls Loaded all Textbox dynamically
12/5/2022 6:32:12 PM: createControls Loaded all Textbox dynamically
12/5/2022 6:32:12 PM: createControls Loaded all Textbox dynamically
12/5/2022 6:32:12 PM: createControls Finished
12/5/2022 6:32:20 PM: Started Loading Entity Drop Down
12/5/2022 6:32:21 PM: Finished Loading Entity Drop Down
12/5/2022 6:32:24 PM: createControls Started
12/5/2022 6:32:24 PM: createControls Loaded all Textbox dynamically
12/5/2022 6:32:24 PM: createControls Loaded all Textbox dynamically
12/5/2022 6:32:24 PM: createControls Loaded all Textbox dynamically
12/5/2022 6:32:24 PM: createControls Loaded all Textbox dynamically
12/5/2022 6:32:24 PM: createControls Finished
12/5/2022 6:41:46 PM: BindDocumentType started
12/5/2022 6:41:46 PM: BindDocumentType finished
12/5/2022 6:41:50 PM: createControls Started
12/5/2022 6:41:50 PM: createControls Loaded all Textbox dynamically
12/5/2022 6:41:50 PM: createControls Loaded all Textbox dynamically
12/5/2022 6:41:50 PM: createControls Loaded all Textbox dynamically
12/5/2022 6:41:50 PM: createControls Loaded all Textbox dynamically
12/5/2022 6:41:50 PM: createControls Finished
12/5/2022 6:41:50 PM: GetTemplateDetails started
12/5/2022 6:41:50 PM: generatecontrols Started
12/5/2022 6:41:50 PM: GenerateControls:Loaded all Textbox dynamically
12/5/2022 6:41:50 PM: GenerateControls:Loaded all Textbox dynamically
12/5/2022 6:41:50 PM: GenerateControls:Loaded all Textbox dynamically
12/5/2022 6:41:50 PM: GenerateControls:Loaded all Textbox dynamically
12/5/2022 6:41:51 PM: createControls Started
12/5/2022 6:41:51 PM: createControls Loaded all Textbox dynamically
12/5/2022 6:41:51 PM: createControls Loaded all Textbox dynamically
12/5/2022 6:41:51 PM: createControls Loaded all Textbox dynamically
12/5/2022 6:41:51 PM: createControls Loaded all Textbox dynamically
12/5/2022 6:41:51 PM: createControls Finished
12/5/2022 6:41:54 PM: Started Loading Entity Drop Down
12/5/2022 6:41:55 PM: Finished Loading Entity Drop Down
12/5/2022 6:42:00 PM: createControls Started
12/5/2022 6:42:00 PM: createControls Loaded all Textbox dynamically
12/5/2022 6:42:00 PM: createControls Loaded all Textbox dynamically
12/5/2022 6:42:00 PM: createControls Loaded all Textbox dynamically
12/5/2022 6:42:00 PM: createControls Loaded all Textbox dynamically
12/5/2022 6:42:00 PM: createControls Finished
12/5/2022 6:43:21 PM: createControls Started
12/5/2022 6:43:21 PM: createControls Loaded all Textbox dynamically
12/5/2022 6:43:21 PM: createControls Loaded all Textbox dynamically
12/5/2022 6:43:21 PM: createControls Loaded all Textbox dynamically
12/5/2022 6:43:21 PM: createControls Loaded all Textbox dynamically
12/5/2022 6:43:21 PM: createControls Finished
12/5/2022 6:50:09 PM: BindDocumentType started
12/5/2022 6:50:09 PM: BindDocumentType finished
12/5/2022 6:50:12 PM: createControls Started
12/5/2022 6:50:12 PM: createControls Loaded all Textbox dynamically
12/5/2022 6:50:12 PM: createControls Loaded all Textbox dynamically
12/5/2022 6:50:12 PM: createControls Loaded all Textbox dynamically
12/5/2022 6:50:12 PM: createControls Loaded all Textbox dynamically
12/5/2022 6:50:12 PM: createControls Finished
12/5/2022 6:50:12 PM: GetTemplateDetails started
12/5/2022 6:50:12 PM: generatecontrols Started
12/5/2022 6:50:12 PM: GenerateControls:Loaded all Textbox dynamically
12/5/2022 6:50:12 PM: GenerateControls:Loaded all Textbox dynamically
12/5/2022 6:50:12 PM: GenerateControls:Loaded all Textbox dynamically
12/5/2022 6:50:12 PM: GenerateControls:Loaded all Textbox dynamically
12/5/2022 6:50:14 PM: createControls Started
12/5/2022 6:50:14 PM: createControls Loaded all Textbox dynamically
12/5/2022 6:50:14 PM: createControls Loaded all Textbox dynamically
12/5/2022 6:50:14 PM: createControls Loaded all Textbox dynamically
12/5/2022 6:50:14 PM: createControls Loaded all Textbox dynamically
12/5/2022 6:50:14 PM: createControls Finished
12/5/2022 6:50:23 PM: Started Loading Entity Drop Down
12/5/2022 6:50:38 PM: Finished Loading Entity Drop Down
12/5/2022 6:50:43 PM: createControls Started
12/5/2022 6:50:43 PM: createControls Loaded all Textbox dynamically
12/5/2022 6:50:43 PM: createControls Loaded all Textbox dynamically
12/5/2022 6:50:43 PM: createControls Loaded all Textbox dynamically
12/5/2022 6:50:43 PM: createControls Loaded all Textbox dynamically
12/5/2022 6:50:43 PM: createControls Finished
12/5/2022 6:51:11 PM: createControls Started
12/5/2022 6:51:11 PM: createControls Loaded all Textbox dynamically
12/5/2022 6:51:11 PM: createControls Loaded all Textbox dynamically
12/5/2022 6:51:11 PM: createControls Loaded all Textbox dynamically
12/5/2022 6:51:11 PM: createControls Loaded all Textbox dynamically
12/5/2022 6:51:11 PM: createControls Finished
12/5/2022 6:55:21 PM: BindDocumentType started
12/5/2022 6:55:21 PM: BindDocumentType finished
12/5/2022 6:55:25 PM: createControls Started
12/5/2022 6:55:25 PM: createControls Loaded all Textbox dynamically
12/5/2022 6:55:25 PM: createControls Loaded all Textbox dynamically
12/5/2022 6:55:25 PM: createControls Loaded all Textbox dynamically
12/5/2022 6:55:25 PM: createControls Loaded all Textbox dynamically
12/5/2022 6:55:25 PM: createControls Finished
12/5/2022 6:55:25 PM: GetTemplateDetails started
12/5/2022 6:55:25 PM: generatecontrols Started
12/5/2022 6:55:25 PM: GenerateControls:Loaded all Textbox dynamically
12/5/2022 6:55:25 PM: GenerateControls:Loaded all Textbox dynamically
12/5/2022 6:55:25 PM: GenerateControls:Loaded all Textbox dynamically
12/5/2022 6:55:25 PM: GenerateControls:Loaded all Textbox dynamically
12/5/2022 6:55:26 PM: createControls Started
12/5/2022 6:55:26 PM: createControls Loaded all Textbox dynamically
12/5/2022 6:55:26 PM: createControls Loaded all Textbox dynamically
12/5/2022 6:55:26 PM: createControls Loaded all Textbox dynamically
12/5/2022 6:55:26 PM: createControls Loaded all Textbox dynamically
12/5/2022 6:55:26 PM: createControls Finished
12/5/2022 6:55:29 PM: Started Loading Entity Drop Down
12/5/2022 6:55:33 PM: Finished Loading Entity Drop Down
12/5/2022 6:55:36 PM: createControls Started
12/5/2022 6:55:36 PM: createControls Loaded all Textbox dynamically
12/5/2022 6:55:36 PM: createControls Loaded all Textbox dynamically
12/5/2022 6:55:36 PM: createControls Loaded all Textbox dynamically
12/5/2022 6:55:36 PM: createControls Loaded all Textbox dynamically
12/5/2022 6:55:36 PM: createControls Finished
12/5/2022 6:56:05 PM: createControls Started
12/5/2022 6:56:05 PM: createControls Loaded all Textbox dynamically
12/5/2022 6:56:05 PM: createControls Loaded all Textbox dynamically
12/5/2022 6:56:05 PM: createControls Loaded all Textbox dynamically
12/5/2022 6:56:05 PM: createControls Loaded all Textbox dynamically
12/5/2022 6:56:05 PM: createControls Finished
12/5/2022 6:56:06 PM: createControls Started
12/5/2022 6:56:06 PM: createControls Loaded all Textbox dynamically
12/5/2022 6:56:07 PM: createControls Loaded all Textbox dynamically
12/5/2022 6:56:07 PM: createControls Loaded all Textbox dynamically
12/5/2022 6:56:07 PM: createControls Loaded all Textbox dynamically
12/5/2022 6:56:07 PM: createControls Finished
12/5/2022 6:56:08 PM: createControls Started
12/5/2022 6:56:08 PM: createControls Loaded all Textbox dynamically
12/5/2022 6:56:08 PM: createControls Loaded all Textbox dynamically
12/5/2022 6:56:08 PM: createControls Loaded all Textbox dynamically
12/5/2022 6:56:08 PM: createControls Loaded all Textbox dynamically
12/5/2022 6:56:08 PM: createControls Finished
12/5/2022 6:56:10 PM: createControls Started
12/5/2022 6:56:10 PM: createControls Loaded all Textbox dynamically
12/5/2022 6:56:10 PM: createControls Loaded all Textbox dynamically
12/5/2022 6:56:10 PM: createControls Loaded all Textbox dynamically
12/5/2022 6:56:10 PM: createControls Loaded all Textbox dynamically
12/5/2022 6:56:10 PM: createControls Finished
12/5/2022 6:56:13 PM: createControls Started
12/5/2022 6:56:13 PM: createControls Loaded all Textbox dynamically
12/5/2022 6:56:13 PM: createControls Loaded all Textbox dynamically
12/5/2022 6:56:13 PM: createControls Loaded all Textbox dynamically
12/5/2022 6:56:13 PM: createControls Loaded all Textbox dynamically
12/5/2022 6:56:13 PM: createControls Finished
12/5/2022 6:56:14 PM: createControls Started
12/5/2022 6:56:14 PM: createControls Loaded all Textbox dynamically
12/5/2022 6:56:14 PM: createControls Loaded all Textbox dynamically
12/5/2022 6:56:14 PM: createControls Loaded all Textbox dynamically
12/5/2022 6:56:14 PM: createControls Loaded all Textbox dynamically
12/5/2022 6:56:14 PM: createControls Finished
