7/26/2022 5:14:32 PM: createControls Started
7/26/2022 5:14:33 PM: Create controls,Load all Textbox dynamic
7/26/2022 5:14:33 PM: Create controls,Load all Textbox dynamic
7/26/2022 5:14:33 PM: Create controls,Load all Textbox dynamic
7/26/2022 5:14:33 PM: Create controls,Load all Textbox dynamic
7/26/2022 5:14:33 PM: createControls Finished
7/26/2022 5:14:33 PM: generatecontrols Started
7/26/2022 5:14:33 PM: Calling database to get reference id and watermark.
7/26/2022 5:14:34 PM: Database returned result: SI_LE_1896_304_1015|
7/26/2022 5:15:20 PM: Generatecontrols,Load all Textbox dynamic
7/26/2022 5:15:20 PM: Generatecontrols,Load all Textbox dynamic
7/26/2022 5:15:20 PM: Generatecontrols,Load all Textbox dynamic
7/26/2022 5:15:20 PM: Generatecontrols,Load all Textbox dynamic
7/26/2022 5:15:50 PM: createControls Started
7/26/2022 5:15:50 PM: Create controls,Load all Textbox dynamic
7/26/2022 5:15:50 PM: Create controls,Load all Textbox dynamic
7/26/2022 5:15:50 PM: Create controls,Load all Textbox dynamic
7/26/2022 5:15:50 PM: Create controls,Load all Textbox dynamic
7/26/2022 5:15:50 PM: createControls Finished
7/26/2022 5:15:50 PM: generatecontrols Started
7/26/2022 5:15:50 PM: Calling database to get reference id and watermark.
7/26/2022 5:15:50 PM: Database returned result: SI_LE_1896_304_1015|
7/26/2022 5:44:26 PM: createControls Started
7/26/2022 5:44:26 PM: Create controls,Load all Textbox dynamic
7/26/2022 5:44:26 PM: Create controls,Load all Textbox dynamic
7/26/2022 5:44:26 PM: Create controls,Load all Textbox dynamic
7/26/2022 5:44:26 PM: Create controls,Load all Textbox dynamic
7/26/2022 5:44:26 PM: createControls Finished
7/26/2022 5:44:26 PM: generatecontrols Started
7/26/2022 5:44:26 PM: Calling database to get reference id and watermark.
7/26/2022 5:44:26 PM: Database returned result: SI_LE_1896_304_1015|
7/26/2022 5:44:50 PM: Generatecontrols,Load all Textbox dynamic
7/26/2022 5:44:56 PM: Generatecontrols,Load all Textbox dynamic
7/26/2022 5:44:56 PM: Generatecontrols,Load all Textbox dynamic
7/26/2022 5:44:56 PM: Generatecontrols,Load all Textbox dynamic
7/26/2022 5:49:12 PM: createControls Started
7/26/2022 5:49:12 PM: Create controls,Load all Textbox dynamic
7/26/2022 5:49:12 PM: Create controls,Load all Textbox dynamic
7/26/2022 5:49:12 PM: Create controls,Load all Textbox dynamic
7/26/2022 5:49:12 PM: Create controls,Load all Textbox dynamic
7/26/2022 5:49:12 PM: createControls Finished
7/26/2022 5:49:12 PM: generatecontrols Started
7/26/2022 5:49:12 PM: Calling database to get reference id and watermark.
7/26/2022 5:49:12 PM: Database returned result: SI_LE_1896_304_1015|
7/26/2022 5:49:16 PM: Generatecontrols,Load all Textbox dynamic
7/26/2022 5:49:16 PM: Generatecontrols,Load all Textbox dynamic
7/26/2022 5:49:16 PM: Generatecontrols,Load all Textbox dynamic
7/26/2022 5:49:17 PM: Generatecontrols,Load all Textbox dynamic
7/26/2022 5:51:11 PM: createControls Started
7/26/2022 5:51:11 PM: Create controls,Load all Textbox dynamic
7/26/2022 5:51:11 PM: Create controls,Load all Textbox dynamic
7/26/2022 5:51:11 PM: Create controls,Load all Textbox dynamic
7/26/2022 5:51:11 PM: Create controls,Load all Textbox dynamic
7/26/2022 5:51:11 PM: createControls Finished
7/26/2022 5:51:11 PM: generatecontrols Started
7/26/2022 5:51:11 PM: Calling database to get reference id and watermark.
7/26/2022 5:51:12 PM: Database returned result: SI_LE_1896_304_1015|
7/26/2022 5:51:23 PM: Generatecontrols,Load all Textbox dynamic
7/26/2022 5:51:23 PM: Generatecontrols,Load all Textbox dynamic
7/26/2022 5:51:23 PM: Generatecontrols,Load all Textbox dynamic
7/26/2022 5:51:24 PM: Generatecontrols,Load all Textbox dynamic
7/26/2022 5:52:39 PM: createControls Started
7/26/2022 5:52:39 PM: Create controls,Load all Textbox dynamic
7/26/2022 5:52:39 PM: Create controls,Load all Textbox dynamic
7/26/2022 5:52:39 PM: Create controls,Load all Textbox dynamic
7/26/2022 5:52:39 PM: Create controls,Load all Textbox dynamic
7/26/2022 5:52:39 PM: createControls Finished
7/26/2022 5:52:39 PM: generatecontrols Started
7/26/2022 5:52:39 PM: Calling database to get reference id and watermark.
7/26/2022 5:52:39 PM: Database returned result: SI_LE_1896_304_1015|
7/26/2022 5:53:26 PM: Generatecontrols,Load all Textbox dynamic
7/26/2022 5:53:38 PM: Generatecontrols,Load all Textbox dynamic
7/26/2022 5:53:40 PM: Generatecontrols,Load all Textbox dynamic
7/26/2022 5:53:41 PM: Generatecontrols,Load all Textbox dynamic
7/26/2022 5:56:04 PM: createControls Started
7/26/2022 5:56:04 PM: Create controls,Load all Textbox dynamic
7/26/2022 5:56:04 PM: Create controls,Load all Textbox dynamic
7/26/2022 5:56:04 PM: Create controls,Load all Textbox dynamic
7/26/2022 5:56:04 PM: Create controls,Load all Textbox dynamic
7/26/2022 5:56:04 PM: createControls Finished
7/26/2022 5:56:04 PM: generatecontrols Started
7/26/2022 5:56:04 PM: Calling database to get reference id and watermark.
7/26/2022 5:56:04 PM: Database returned result: SI_LE_1896_304_1015|
7/26/2022 5:56:07 PM: Generatecontrols,Load all Textbox dynamic
7/26/2022 5:56:07 PM: Generatecontrols,Load all Textbox dynamic
7/26/2022 5:56:07 PM: Generatecontrols,Load all Textbox dynamic
7/26/2022 5:56:07 PM: Generatecontrols,Load all Textbox dynamic
7/26/2022 6:04:07 PM: createControls Started
7/26/2022 6:04:07 PM: Create controls,Load all Textbox dynamic
7/26/2022 6:04:07 PM: Create controls,Load all Textbox dynamic
7/26/2022 6:04:07 PM: Create controls,Load all Textbox dynamic
7/26/2022 6:04:07 PM: Create controls,Load all Textbox dynamic
7/26/2022 6:04:07 PM: createControls Finished
7/26/2022 6:04:07 PM: generatecontrols Started
7/26/2022 6:04:07 PM: Calling database to get reference id and watermark.
7/26/2022 6:04:07 PM: Database returned result: SI_LE_1896_304_1015|
7/26/2022 6:04:09 PM: Generatecontrols,Load all Textbox dynamic
7/26/2022 6:04:09 PM: Generatecontrols,Load all Textbox dynamic
7/26/2022 6:04:12 PM: Generatecontrols,Load all Textbox dynamic
7/26/2022 6:04:14 PM: Generatecontrols,Load all Textbox dynamic
7/26/2022 6:04:50 PM: createControls Started
7/26/2022 6:04:50 PM: Create controls,Load all Textbox dynamic
7/26/2022 6:04:50 PM: Create controls,Load all Textbox dynamic
7/26/2022 6:04:50 PM: Create controls,Load all Textbox dynamic
7/26/2022 6:04:50 PM: Create controls,Load all Textbox dynamic
7/26/2022 6:04:50 PM: createControls Finished
7/26/2022 6:04:50 PM: generatecontrols Started
7/26/2022 6:04:50 PM: Calling database to get reference id and watermark.
7/26/2022 6:04:50 PM: Database returned result: SI_LE_1896_304_1015|
7/26/2022 6:05:04 PM: Generatecontrols,Load all Textbox dynamic
7/26/2022 6:05:04 PM: Generatecontrols,Load all Textbox dynamic
7/26/2022 6:05:04 PM: Generatecontrols,Load all Textbox dynamic
7/26/2022 6:05:04 PM: Generatecontrols,Load all Textbox dynamic
7/26/2022 6:09:55 PM: createControls Started
7/26/2022 6:09:56 PM: Create controls,Load all Textbox dynamic
7/26/2022 6:09:56 PM: Create controls,Load all Textbox dynamic
7/26/2022 6:09:56 PM: Create controls,Load all Textbox dynamic
7/26/2022 6:09:56 PM: Create controls,Load all Textbox dynamic
7/26/2022 6:09:56 PM: createControls Finished
7/26/2022 6:09:56 PM: generatecontrols Started
7/26/2022 6:09:56 PM: Calling database to get reference id and watermark.
7/26/2022 6:09:56 PM: Database returned result: SI_LE_1896_304_1015|
7/26/2022 6:09:56 PM: Generatecontrols,Load all Textbox dynamic
7/26/2022 6:09:56 PM: Generatecontrols,Load all Textbox dynamic
7/26/2022 6:09:56 PM: Generatecontrols,Load all Textbox dynamic
7/26/2022 6:09:56 PM: Generatecontrols,Load all Textbox dynamic
7/26/2022 6:13:29 PM: createControls Started
7/26/2022 6:13:29 PM: Create controls,Load all Textbox dynamic
7/26/2022 6:13:29 PM: Create controls,Load all Textbox dynamic
7/26/2022 6:13:29 PM: Create controls,Load all Textbox dynamic
7/26/2022 6:13:29 PM: Create controls,Load all Textbox dynamic
7/26/2022 6:13:29 PM: createControls Finished
7/26/2022 6:13:29 PM: generatecontrols Started
7/26/2022 6:13:29 PM: Calling database to get reference id and watermark.
7/26/2022 6:13:29 PM: Database returned result: SI_LE_1896_304_1015|
7/26/2022 6:13:29 PM: Generatecontrols,Load all Textbox dynamic
7/26/2022 6:13:29 PM: Generatecontrols,Load all Textbox dynamic
7/26/2022 6:13:29 PM: Generatecontrols,Load all Textbox dynamic
7/26/2022 6:13:29 PM: Generatecontrols,Load all Textbox dynamic
7/26/2022 6:15:28 PM: createControls Started
7/26/2022 6:15:28 PM: Create controls,Load all Textbox dynamic
7/26/2022 6:15:28 PM: Create controls,Load all Textbox dynamic
7/26/2022 6:15:28 PM: Create controls,Load all Textbox dynamic
7/26/2022 6:15:28 PM: Create controls,Load all Textbox dynamic
7/26/2022 6:15:28 PM: createControls Finished
7/26/2022 6:15:28 PM: generatecontrols Started
7/26/2022 6:15:28 PM: Calling database to get reference id and watermark.
7/26/2022 6:15:28 PM: Database returned result: SI_LE_1896_304_1015|
7/26/2022 6:15:28 PM: Generatecontrols,Load all Textbox dynamic
7/26/2022 6:15:28 PM: Generatecontrols,Load all Textbox dynamic
7/26/2022 6:15:28 PM: Generatecontrols,Load all Textbox dynamic
7/26/2022 6:15:28 PM: Generatecontrols,Load all Textbox dynamic
7/26/2022 6:17:25 PM: createControls Started
7/26/2022 6:17:25 PM: Create controls,Load all Textbox dynamic
7/26/2022 6:17:25 PM: Create controls,Load all Textbox dynamic
7/26/2022 6:17:25 PM: Create controls,Load all Textbox dynamic
7/26/2022 6:17:25 PM: Create controls,Load all Textbox dynamic
7/26/2022 6:17:25 PM: createControls Finished
7/26/2022 6:17:25 PM: generatecontrols Started
7/26/2022 6:17:25 PM: Calling database to get reference id and watermark.
7/26/2022 6:17:25 PM: Database returned result: SI_LE_1896_304_1015|
7/26/2022 6:17:25 PM: Generatecontrols,Load all Textbox dynamic
7/26/2022 6:17:25 PM: Generatecontrols,Load all Textbox dynamic
7/26/2022 6:17:25 PM: Generatecontrols,Load all Textbox dynamic
7/26/2022 6:17:25 PM: Generatecontrols,Load all Textbox dynamic
7/26/2022 6:19:35 PM: createControls Started
7/26/2022 6:19:35 PM: Create controls,Load all Textbox dynamic
7/26/2022 6:19:35 PM: Create controls,Load all Textbox dynamic
7/26/2022 6:19:35 PM: Create controls,Load all Textbox dynamic
7/26/2022 6:19:35 PM: Create controls,Load all Textbox dynamic
7/26/2022 6:19:35 PM: createControls Finished
7/26/2022 6:19:35 PM: generatecontrols Started
7/26/2022 6:19:35 PM: Calling database to get reference id and watermark.
7/26/2022 6:19:35 PM: Database returned result: SI_LE_1896_304_1015|
7/26/2022 6:19:35 PM: Generatecontrols,Load all Textbox dynamic
7/26/2022 6:19:35 PM: Generatecontrols,Load all Textbox dynamic
7/26/2022 6:19:35 PM: Generatecontrols,Load all Textbox dynamic
7/26/2022 6:19:35 PM: Generatecontrols,Load all Textbox dynamic
7/26/2022 6:22:00 PM: createControls Started
7/26/2022 6:22:01 PM: Create controls,Load all Textbox dynamic
7/26/2022 6:22:01 PM: Create controls,Load all Textbox dynamic
7/26/2022 6:22:01 PM: Create controls,Load all Textbox dynamic
7/26/2022 6:22:01 PM: Create controls,Load all Textbox dynamic
7/26/2022 6:22:01 PM: createControls Finished
7/26/2022 6:22:01 PM: generatecontrols Started
7/26/2022 6:22:01 PM: Calling database to get reference id and watermark.
7/26/2022 6:22:01 PM: Database returned result: SI_LE_1896_304_1015|
7/26/2022 6:22:01 PM: Generatecontrols,Load all Textbox dynamic
7/26/2022 6:22:01 PM: Generatecontrols,Load all Textbox dynamic
7/26/2022 6:22:01 PM: Generatecontrols,Load all Textbox dynamic
7/26/2022 6:22:01 PM: Generatecontrols,Load all Textbox dynamic
7/26/2022 6:22:39 PM: BindDocumentType started
7/26/2022 6:22:39 PM: BindDocumentType finished
7/26/2022 6:22:47 PM: createControls Started
7/26/2022 6:22:47 PM: createControls Loaded all Textbox dynamically
7/26/2022 6:22:47 PM: createControls Loaded all Textbox dynamically
7/26/2022 6:22:47 PM: createControls Loaded all Textbox dynamically
7/26/2022 6:22:47 PM: createControls Loaded all Textbox dynamically
7/26/2022 6:22:47 PM: createControls Finished
7/26/2022 6:22:47 PM: GetTemplateDetails started
7/26/2022 6:22:47 PM: generatecontrols Started
7/26/2022 6:22:47 PM: GenerateControls:Loaded all Textbox dynamically
7/26/2022 6:22:47 PM: GenerateControls:Loaded all Textbox dynamically
7/26/2022 6:22:47 PM: GenerateControls:Loaded all Textbox dynamically
7/26/2022 6:22:47 PM: GenerateControls:Loaded all Textbox dynamically
7/26/2022 6:24:05 PM: BindDocumentType started
7/26/2022 6:24:06 PM: BindDocumentType finished
7/26/2022 6:24:10 PM: createControls Started
7/26/2022 6:24:10 PM: createControls Loaded all Textbox dynamically
7/26/2022 6:24:10 PM: createControls Loaded all Textbox dynamically
7/26/2022 6:24:10 PM: createControls Loaded all Textbox dynamically
7/26/2022 6:24:10 PM: createControls Loaded all Textbox dynamically
7/26/2022 6:24:10 PM: createControls Finished
7/26/2022 6:24:10 PM: GetTemplateDetails started
7/26/2022 6:24:10 PM: generatecontrols Started
7/26/2022 6:24:11 PM: GenerateControls:Loaded all Textbox dynamically
7/26/2022 6:24:11 PM: GenerateControls:Loaded all Textbox dynamically
7/26/2022 6:24:11 PM: GenerateControls:Loaded all Textbox dynamically
7/26/2022 6:24:11 PM: GenerateControls:Loaded all Textbox dynamically
7/26/2022 6:28:44 PM: BindDocumentType started
7/26/2022 6:28:44 PM: BindDocumentType finished
7/26/2022 6:28:49 PM: createControls Started
7/26/2022 6:28:49 PM: createControls Loaded all Textbox dynamically
7/26/2022 6:28:49 PM: createControls Loaded all Textbox dynamically
7/26/2022 6:28:49 PM: createControls Loaded all Textbox dynamically
7/26/2022 6:28:49 PM: createControls Loaded all Textbox dynamically
7/26/2022 6:28:49 PM: createControls Finished
7/26/2022 6:28:49 PM: GetTemplateDetails started
7/26/2022 6:28:49 PM: generatecontrols Started
7/26/2022 6:28:49 PM: GenerateControls:Loaded all Textbox dynamically
7/26/2022 6:28:49 PM: GenerateControls:Loaded all Textbox dynamically
7/26/2022 6:28:49 PM: GenerateControls:Loaded all Textbox dynamically
7/26/2022 6:28:49 PM: GenerateControls:Loaded all Textbox dynamically
