6/27/2022 4:17:34 PM: BindDocumentType started
6/27/2022 4:17:34 PM: BindDocumentType finished
6/27/2022 4:17:47 PM: createControls Started
6/27/2022 4:17:47 PM: createControls Loaded all Textbox dynamically
6/27/2022 4:17:47 PM: createControls Loaded all Textbox dynamically
6/27/2022 4:17:47 PM: createControls Loaded all Textbox dynamically
6/27/2022 4:17:47 PM: createControls Loaded all Textbox dynamically
6/27/2022 4:17:47 PM: createControls Finished
6/27/2022 4:17:47 PM: GetTemplateDetails started
6/27/2022 4:17:47 PM: generatecontrols Started
6/27/2022 4:17:47 PM: GenerateControls:Loaded all Textbox dynamically
6/27/2022 4:17:47 PM: GenerateControls:Loaded all Textbox dynamically
6/27/2022 4:17:47 PM: GenerateControls:Loaded all Textbox dynamically
6/27/2022 4:17:47 PM: GenerateControls:Loaded all Textbox dynamically
6/27/2022 4:19:50 PM: BindDocumentType started
6/27/2022 4:19:50 PM: BindDocumentType finished
6/27/2022 4:21:58 PM: BindDocumentType started
6/27/2022 4:21:58 PM: BindDocumentType finished
6/27/2022 4:22:03 PM: createControls Started
6/27/2022 4:22:03 PM: createControls Loaded all Textbox dynamically
6/27/2022 4:22:03 PM: createControls Loaded all Textbox dynamically
6/27/2022 4:22:03 PM: createControls Loaded all Textbox dynamically
6/27/2022 4:22:03 PM: createControls Loaded all Textbox dynamically
6/27/2022 4:22:03 PM: createControls Finished
6/27/2022 4:22:03 PM: GetTemplateDetails started
6/27/2022 4:22:03 PM: generatecontrols Started
6/27/2022 4:22:03 PM: GenerateControls:Loaded all Textbox dynamically
6/27/2022 4:22:03 PM: GenerateControls:Loaded all Textbox dynamically
6/27/2022 4:22:03 PM: GenerateControls:Loaded all Textbox dynamically
6/27/2022 4:22:03 PM: GenerateControls:Loaded all Textbox dynamically
6/27/2022 4:22:08 PM: createControls Started
6/27/2022 4:22:08 PM: createControls Loaded all Textbox dynamically
6/27/2022 4:22:08 PM: createControls Loaded all Textbox dynamically
6/27/2022 4:22:08 PM: createControls Loaded all Textbox dynamically
6/27/2022 4:22:08 PM: createControls Loaded all Textbox dynamically
6/27/2022 4:22:08 PM: createControls Finished
6/27/2022 4:22:08 PM: Started Loading Entity Drop Down
6/27/2022 4:22:37 PM: createControls Started
6/27/2022 4:22:37 PM: createControls Loaded all Textbox dynamically
6/27/2022 4:22:38 PM: createControls Loaded all Dropdownlist dynamically
6/27/2022 4:22:38 PM: createControls Loaded all Textbox dynamically
6/27/2022 4:22:38 PM: createControls Loaded all Dropdownlist dynamically
6/27/2022 4:22:38 PM: createControls Finished
6/27/2022 4:22:38 PM: GetTemplateDetails started
6/27/2022 4:22:38 PM: generatecontrols Started
6/27/2022 4:22:38 PM: GenerateControls:Loaded all Textbox dynamically
6/27/2022 4:22:38 PM: GenerateControls:Loaded all Dropdownlist dynamically
6/27/2022 4:22:38 PM: GenerateControls:Loaded all Textbox dynamically
6/27/2022 4:22:38 PM: GenerateControls:Loaded all Dropdownlist dynamically
6/27/2022 4:22:40 PM: createControls Started
6/27/2022 4:22:40 PM: createControls Loaded all Textbox dynamically
6/27/2022 4:22:40 PM: createControls Loaded all Dropdownlist dynamically
6/27/2022 4:22:40 PM: createControls Loaded all Textbox dynamically
6/27/2022 4:22:40 PM: createControls Loaded all Dropdownlist dynamically
6/27/2022 4:22:40 PM: createControls Finished
6/27/2022 4:22:40 PM: Started Loading Entity Drop Down
6/27/2022 4:23:59 PM: createControls Started
6/27/2022 4:23:59 PM: createControls Loaded all Textbox dynamically
6/27/2022 4:23:59 PM: createControls Loaded all Dropdownlist dynamically
6/27/2022 4:23:59 PM: createControls Loaded all Textbox dynamically
6/27/2022 4:23:59 PM: createControls Loaded all Dropdownlist dynamically
6/27/2022 4:23:59 PM: createControls Finished
6/27/2022 4:23:59 PM: Started Loading Entity Drop Down
6/27/2022 4:27:36 PM: BindDocumentType started
6/27/2022 4:27:36 PM: BindDocumentType finished
6/27/2022 4:27:42 PM: createControls Started
6/27/2022 4:27:42 PM: createControls Loaded all Textbox dynamically
6/27/2022 4:27:42 PM: createControls Loaded all Dropdownlist dynamically
6/27/2022 4:27:42 PM: createControls Loaded all Textbox dynamically
6/27/2022 4:27:42 PM: createControls Loaded all Dropdownlist dynamically
6/27/2022 4:27:42 PM: createControls Finished
6/27/2022 4:27:42 PM: GetTemplateDetails started
6/27/2022 4:27:42 PM: generatecontrols Started
6/27/2022 4:27:42 PM: GenerateControls:Loaded all Textbox dynamically
6/27/2022 4:27:42 PM: GenerateControls:Loaded all Dropdownlist dynamically
6/27/2022 4:27:42 PM: GenerateControls:Loaded all Textbox dynamically
6/27/2022 4:27:42 PM: GenerateControls:Loaded all Dropdownlist dynamically
6/27/2022 4:27:44 PM: createControls Started
6/27/2022 4:27:44 PM: createControls Loaded all Textbox dynamically
6/27/2022 4:27:44 PM: createControls Loaded all Dropdownlist dynamically
6/27/2022 4:27:44 PM: createControls Loaded all Textbox dynamically
6/27/2022 4:27:44 PM: createControls Loaded all Dropdownlist dynamically
6/27/2022 4:27:44 PM: createControls Finished
6/27/2022 4:27:44 PM: Started Loading Entity Drop Down
6/27/2022 4:27:56 PM: Finished Loading Entity Drop Down
6/27/2022 4:28:17 PM: GetSginatureDetails Started:-
6/27/2022 4:28:18 PM: GetSginatureDetails Completed:-
6/27/2022 4:28:18 PM: GetTemplateDetails Started
6/27/2022 4:28:18 PM: GetTemplateDetails total record count:1
6/27/2022 4:28:18 PM: Create controls,Load all Textbox dynamic
6/27/2022 4:28:18 PM: Createcontrols,Load all Dropdownlist dynamic
6/27/2022 4:28:18 PM: Create controls,Load all Textbox dynamic
6/27/2022 4:28:18 PM: Createcontrols,Load all Dropdownlist dynamic
6/27/2022 4:28:18 PM: GetTemplateDetails Finished
6/27/2022 4:28:18 PM: InitializeDocumentView started
6/27/2022 4:28:18 PM: InitializeDocumentView finished
6/27/2022 4:28:18 PM: Calling database to get annotated images. DocumentId: 274330, Action: GetAnnotatedPages
6/27/2022 4:28:19 PM: Calling database to get annotated images. DocumentId: 274330, Action: GetTaggedPages
6/27/2022 4:28:20 PM: LoadImageToViewer started
6/27/2022 4:28:20 PM: Setting image to viewer. Action:  Page count: 0 Current Page:1
6/27/2022 4:28:20 PM: MailPanelFill started
6/27/2022 4:28:20 PM: MailPanelFill finished
6/27/2022 4:28:47 PM: createControls Started
6/27/2022 4:28:47 PM: createControls Loaded all Textbox dynamically
6/27/2022 4:28:47 PM: createControls Loaded all Textbox dynamically
6/27/2022 4:28:47 PM: createControls Loaded all Textbox dynamically
6/27/2022 4:28:47 PM: createControls Loaded all Dropdownlist dynamically
6/27/2022 4:28:47 PM: createControls Finished
6/27/2022 4:28:47 PM: GetTemplateDetails started
6/27/2022 4:28:47 PM: generatecontrols Started
6/27/2022 4:28:47 PM: GenerateControls:Loaded all Textbox dynamically
6/27/2022 4:28:47 PM: GenerateControls:Loaded all Textbox dynamically
6/27/2022 4:28:47 PM: GenerateControls:Loaded all Textbox dynamically
6/27/2022 4:28:47 PM: GenerateControls:Loaded all Dropdownlist dynamically
6/27/2022 4:28:49 PM: createControls Started
6/27/2022 4:28:49 PM: createControls Loaded all Textbox dynamically
6/27/2022 4:28:49 PM: createControls Loaded all Textbox dynamically
6/27/2022 4:28:49 PM: createControls Loaded all Textbox dynamically
6/27/2022 4:28:49 PM: createControls Loaded all Dropdownlist dynamically
6/27/2022 4:28:49 PM: createControls Finished
6/27/2022 4:28:49 PM: Started Loading Entity Drop Down
6/27/2022 4:28:52 PM: Finished Loading Entity Drop Down
6/27/2022 4:29:01 PM: createControls Started
6/27/2022 4:29:01 PM: createControls Loaded all Textbox dynamically
6/27/2022 4:29:01 PM: createControls Loaded all Textbox dynamically
6/27/2022 4:29:01 PM: createControls Loaded all Textbox dynamically
6/27/2022 4:29:01 PM: createControls Loaded all Dropdownlist dynamically
6/27/2022 4:29:01 PM: createControls Finished
6/27/2022 4:29:01 PM: Started Loading Entity Drop Down
6/27/2022 4:29:05 PM: Finished Loading Entity Drop Down
6/27/2022 5:08:58 PM: BindDocumentType started
6/27/2022 5:08:58 PM: BindDocumentType finished
6/27/2022 5:09:03 PM: createControls Started
6/27/2022 5:09:03 PM: createControls Loaded all Textbox dynamically
6/27/2022 5:09:03 PM: createControls Loaded all Textbox dynamically
6/27/2022 5:09:03 PM: createControls Loaded all Textbox dynamically
6/27/2022 5:09:03 PM: createControls Loaded all Textbox dynamically
6/27/2022 5:09:03 PM: createControls Finished
6/27/2022 5:09:03 PM: GetTemplateDetails started
6/27/2022 5:09:03 PM: generatecontrols Started
6/27/2022 5:09:03 PM: GenerateControls:Loaded all Textbox dynamically
6/27/2022 5:09:03 PM: GenerateControls:Loaded all Textbox dynamically
6/27/2022 5:09:03 PM: GenerateControls:Loaded all Textbox dynamically
6/27/2022 5:09:03 PM: GenerateControls:Loaded all Textbox dynamically
6/27/2022 5:09:07 PM: createControls Started
6/27/2022 5:09:07 PM: createControls Loaded all Textbox dynamically
6/27/2022 5:09:07 PM: createControls Loaded all Textbox dynamically
6/27/2022 5:09:07 PM: createControls Loaded all Textbox dynamically
6/27/2022 5:09:07 PM: createControls Loaded all Textbox dynamically
6/27/2022 5:09:07 PM: createControls Finished
6/27/2022 5:09:07 PM: Started Loading Entity Drop Down
6/27/2022 5:09:08 PM: Finished Loading Entity Drop Down
6/27/2022 5:09:14 PM: GetSginatureDetails Started:-
6/27/2022 5:09:14 PM: GetSginatureDetails Completed:-
6/27/2022 5:09:14 PM: GetTemplateDetails Started
6/27/2022 5:09:14 PM: GetTemplateDetails total record count:1
6/27/2022 5:09:14 PM: Create controls,Load all Textbox dynamic
6/27/2022 5:09:14 PM: Create controls,Load all Textbox dynamic
6/27/2022 5:09:14 PM: Create controls,Load all Textbox dynamic
6/27/2022 5:09:14 PM: Create controls,Load all Textbox dynamic
6/27/2022 5:09:14 PM: GetTemplateDetails Finished
6/27/2022 5:09:14 PM: InitializeDocumentView started
6/27/2022 5:09:14 PM: InitializeDocumentView finished
6/27/2022 5:09:14 PM: Calling database to get annotated images. DocumentId: 254416, Action: GetAnnotatedPages
6/27/2022 5:09:15 PM: Calling database to get annotated images. DocumentId: 254416, Action: GetTaggedPages
6/27/2022 5:09:15 PM: LoadImageToViewer started
6/27/2022 5:09:15 PM: Setting image to viewer. Action:  Page count: 0 Current Page:1
6/27/2022 5:09:15 PM: MailPanelFill started
6/27/2022 5:09:15 PM: MailPanelFill finished
6/27/2022 5:09:22 PM: createControls Started
6/27/2022 5:09:22 PM: createControls Loaded all Textbox dynamically
6/27/2022 5:09:22 PM: createControls Loaded all Dropdownlist dynamically
6/27/2022 5:09:22 PM: createControls Loaded all Textbox dynamically
6/27/2022 5:09:22 PM: createControls Loaded all Dropdownlist dynamically
6/27/2022 5:09:22 PM: createControls Finished
6/27/2022 5:09:22 PM: GetTemplateDetails started
6/27/2022 5:09:22 PM: generatecontrols Started
6/27/2022 5:09:22 PM: GenerateControls:Loaded all Textbox dynamically
6/27/2022 5:09:22 PM: GenerateControls:Loaded all Dropdownlist dynamically
6/27/2022 5:09:22 PM: GenerateControls:Loaded all Textbox dynamically
6/27/2022 5:09:22 PM: GenerateControls:Loaded all Dropdownlist dynamically
6/27/2022 5:09:31 PM: createControls Started
6/27/2022 5:09:31 PM: createControls Loaded all Textbox dynamically
6/27/2022 5:09:31 PM: createControls Loaded all Dropdownlist dynamically
6/27/2022 5:09:31 PM: createControls Loaded all Textbox dynamically
6/27/2022 5:09:31 PM: createControls Loaded all Dropdownlist dynamically
6/27/2022 5:09:31 PM: createControls Finished
6/27/2022 5:09:31 PM: Started Loading Entity Drop Down
6/27/2022 5:09:31 PM: Finished Loading Entity Drop Down
6/27/2022 5:09:36 PM: createControls Started
6/27/2022 5:09:36 PM: createControls Loaded all Textbox dynamically
6/27/2022 5:09:36 PM: createControls Loaded all Textbox dynamically
6/27/2022 5:09:36 PM: createControls Loaded all Textbox dynamically
6/27/2022 5:09:36 PM: createControls Loaded all Dropdownlist dynamically
6/27/2022 5:09:36 PM: createControls Finished
6/27/2022 5:09:36 PM: GetTemplateDetails started
6/27/2022 5:09:36 PM: generatecontrols Started
6/27/2022 5:09:36 PM: GenerateControls:Loaded all Textbox dynamically
6/27/2022 5:09:36 PM: GenerateControls:Loaded all Textbox dynamically
6/27/2022 5:09:36 PM: GenerateControls:Loaded all Textbox dynamically
6/27/2022 5:09:36 PM: GenerateControls:Loaded all Dropdownlist dynamically
6/27/2022 5:09:37 PM: createControls Started
6/27/2022 5:09:37 PM: createControls Loaded all Textbox dynamically
6/27/2022 5:09:37 PM: createControls Loaded all Textbox dynamically
6/27/2022 5:09:37 PM: createControls Loaded all Textbox dynamically
6/27/2022 5:09:37 PM: createControls Loaded all Dropdownlist dynamically
6/27/2022 5:09:37 PM: createControls Finished
6/27/2022 5:09:37 PM: Started Loading Entity Drop Down
6/27/2022 5:09:37 PM: Finished Loading Entity Drop Down
6/27/2022 5:10:16 PM: createControls Started
6/27/2022 5:10:16 PM: Create controls,Load all Textbox dynamic
6/27/2022 5:10:16 PM: Create controls,Load all Textbox dynamic
6/27/2022 5:10:16 PM: Create controls,Load all Textbox dynamic
6/27/2022 5:10:16 PM: Create controls,Load all Textbox dynamic
6/27/2022 5:10:16 PM: createControls Finished
6/27/2022 5:10:16 PM: generatecontrols Started
6/27/2022 5:10:16 PM: Calling database to get reference id and watermark.
6/27/2022 5:10:16 PM: Database returned result: SI_LE_1896_304_1007|
6/27/2022 5:10:16 PM: Generatecontrols,Load all Textbox dynamic
6/27/2022 5:10:16 PM: Generatecontrols,Load all Textbox dynamic
6/27/2022 5:10:16 PM: Generatecontrols,Load all Textbox dynamic
6/27/2022 5:10:16 PM: Generatecontrols,Load all Textbox dynamic
6/27/2022 5:10:23 PM: createControls Started
6/27/2022 5:10:23 PM: Create controls,Load all Textbox dynamic
6/27/2022 5:10:23 PM: Create controls,Load all Textbox dynamic
6/27/2022 5:10:23 PM: Create controls,Load all Textbox dynamic
6/27/2022 5:10:23 PM: Create controls,Load all Textbox dynamic
6/27/2022 5:10:23 PM: createControls Finished
6/27/2022 5:10:23 PM: AsyncFileUpload1_UploadedComplete Started
6/27/2022 5:10:23 PM: Started Saving Uploaded Document in AsyncFileUpload1_UploadedComplete 
6/27/2022 5:10:23 PM: Finished Saving Uploaded Document in AsyncFileUpload1_UploadedComplete 
6/27/2022 5:10:24 PM: AsyncFileUpload1_UploadedComplete Pagecount of Image2Pdf().ExtractPages 2
6/27/2022 5:10:24 PM: AsyncFileUpload1_UploadedComplete Finished
6/27/2022 5:10:24 PM: createControls Started
6/27/2022 5:10:24 PM: Create controls,Load all Textbox dynamic
6/27/2022 5:10:24 PM: Create controls,Load all Textbox dynamic
6/27/2022 5:10:24 PM: Create controls,Load all Textbox dynamic
6/27/2022 5:10:24 PM: Create controls,Load all Textbox dynamic
6/27/2022 5:10:24 PM: createControls Finished
6/27/2022 5:10:24 PM: btnSubmit_Click Started
6/27/2022 5:10:24 PM: btnSubmit_Click Finished
6/27/2022 5:11:02 PM: createControls Started
6/27/2022 5:11:02 PM: Create controls,Load all Textbox dynamic
6/27/2022 5:11:02 PM: Create controls,Load all Textbox dynamic
6/27/2022 5:11:02 PM: Create controls,Load all Textbox dynamic
6/27/2022 5:11:02 PM: Create controls,Load all Textbox dynamic
6/27/2022 5:11:02 PM: createControls Finished
6/27/2022 5:11:02 PM: Started Saving Uploaded Document in Save Button Click
6/27/2022 5:11:02 PM: AsyncFileUpload1_UploadedComplete Started
6/27/2022 5:11:02 PM: AsyncFileUpload1_UploadedComplete Finished
6/27/2022 5:11:02 PM: GetDBFieldName the DBFld UPLOAD_vFld1
6/27/2022 5:11:02 PM: GetDBFieldName the DBFld UPLOAD_vFld2
6/27/2022 5:11:02 PM: GetDBFieldName the DBFld UPLOAD_vFld3
6/27/2022 5:11:02 PM: GetDBFieldName the DBFld UPLOAD_vFld4
6/27/2022 5:11:07 PM: CreateXML Started:-
6/27/2022 5:11:07 PM: CreateXML Completed:-
6/27/2022 5:11:07 PM: Save button click after saving or updating the ReturnCode= 0
6/27/2022 5:11:07 PM: Finished Saving Uploaded Document in Save Button Click
6/27/2022 5:11:07 PM: AsyncFileUpload1_UploadedComplete Started
6/27/2022 5:11:07 PM: AsyncFileUpload1_UploadedComplete Finished
6/27/2022 5:11:12 PM: createControls Started
6/27/2022 5:11:12 PM: Create controls,Load all Textbox dynamic
6/27/2022 5:11:12 PM: Createcontrols,Load all Dropdownlist dynamic
6/27/2022 5:11:12 PM: Create controls,Load all Textbox dynamic
6/27/2022 5:11:12 PM: Createcontrols,Load all Dropdownlist dynamic
6/27/2022 5:11:12 PM: createControls Finished
6/27/2022 5:11:12 PM: generatecontrols Started
6/27/2022 5:11:12 PM: Calling database to get reference id and watermark.
6/27/2022 5:11:12 PM: Database returned result: SI_FI_1896_304_1008|
6/27/2022 5:11:12 PM: Generatecontrols,Load all Textbox dynamic
6/27/2022 5:11:12 PM: generatecontrols,Load all Dropdownlist dynamic
6/27/2022 5:11:12 PM: Generatecontrols,Load all Textbox dynamic
6/27/2022 5:11:12 PM: generatecontrols,Load all Dropdownlist dynamic
6/27/2022 5:11:22 PM: createControls Started
6/27/2022 5:11:22 PM: Create controls,Load all Textbox dynamic
6/27/2022 5:11:22 PM: Createcontrols,Load all Dropdownlist dynamic
6/27/2022 5:11:22 PM: Create controls,Load all Textbox dynamic
6/27/2022 5:11:22 PM: Createcontrols,Load all Dropdownlist dynamic
6/27/2022 5:11:22 PM: createControls Finished
6/27/2022 5:11:22 PM: AsyncFileUpload1_UploadedComplete Started
6/27/2022 5:11:22 PM: Started Saving Uploaded Document in AsyncFileUpload1_UploadedComplete 
6/27/2022 5:11:22 PM: Finished Saving Uploaded Document in AsyncFileUpload1_UploadedComplete 
6/27/2022 5:11:22 PM: AsyncFileUpload1_UploadedComplete Pagecount of Image2Pdf().ExtractPages 2
6/27/2022 5:11:22 PM: AsyncFileUpload1_UploadedComplete Finished
6/27/2022 5:11:22 PM: createControls Started
6/27/2022 5:11:22 PM: Create controls,Load all Textbox dynamic
6/27/2022 5:11:22 PM: Createcontrols,Load all Dropdownlist dynamic
6/27/2022 5:11:22 PM: Create controls,Load all Textbox dynamic
6/27/2022 5:11:22 PM: Createcontrols,Load all Dropdownlist dynamic
6/27/2022 5:11:22 PM: createControls Finished
6/27/2022 5:11:22 PM: btnSubmit_Click Started
6/27/2022 5:11:22 PM: btnSubmit_Click Finished
6/27/2022 5:11:34 PM: createControls Started
6/27/2022 5:11:34 PM: Create controls,Load all Textbox dynamic
6/27/2022 5:11:34 PM: Createcontrols,Load all Dropdownlist dynamic
6/27/2022 5:11:34 PM: Create controls,Load all Textbox dynamic
6/27/2022 5:11:34 PM: Createcontrols,Load all Dropdownlist dynamic
6/27/2022 5:11:34 PM: createControls Finished
6/27/2022 5:11:34 PM: Started Saving Uploaded Document in Save Button Click
6/27/2022 5:11:34 PM: AsyncFileUpload1_UploadedComplete Started
6/27/2022 5:11:34 PM: AsyncFileUpload1_UploadedComplete Finished
6/27/2022 5:11:34 PM: GetDBFieldName the DBFld UPLOAD_vFld1
6/27/2022 5:11:34 PM: GetDBFieldName the DBFld UPLOAD_vFld2
6/27/2022 5:11:34 PM: GetDBFieldName the DBFld UPLOAD_vFld3
6/27/2022 5:11:34 PM: GetDBFieldName the DBFld UPLOAD_vFld4
6/27/2022 5:11:37 PM: CreateXML Started:-
6/27/2022 5:11:37 PM: CreateXML Completed:-
6/27/2022 5:11:37 PM: Save button click after saving or updating the ReturnCode= 0
6/27/2022 5:11:37 PM: Finished Saving Uploaded Document in Save Button Click
6/27/2022 5:11:37 PM: AsyncFileUpload1_UploadedComplete Started
6/27/2022 5:11:37 PM: AsyncFileUpload1_UploadedComplete Finished
6/27/2022 5:11:42 PM: createControls Started
6/27/2022 5:11:42 PM: Create controls,Load all Textbox dynamic
6/27/2022 5:11:42 PM: Create controls,Load all Textbox dynamic
6/27/2022 5:11:42 PM: Create controls,Load all Textbox dynamic
6/27/2022 5:11:42 PM: Createcontrols,Load all Dropdownlist dynamic
6/27/2022 5:11:42 PM: createControls Finished
6/27/2022 5:11:42 PM: generatecontrols Started
6/27/2022 5:11:42 PM: Calling database to get reference id and watermark.
6/27/2022 5:11:42 PM: Database returned result: SI_HR_1896_304_1009|
6/27/2022 5:11:42 PM: Generatecontrols,Load all Textbox dynamic
6/27/2022 5:11:42 PM: Generatecontrols,Load all Textbox dynamic
6/27/2022 5:11:42 PM: Generatecontrols,Load all Textbox dynamic
6/27/2022 5:11:42 PM: generatecontrols,Load all Dropdownlist dynamic
6/27/2022 5:11:53 PM: createControls Started
6/27/2022 5:11:53 PM: Create controls,Load all Textbox dynamic
6/27/2022 5:11:53 PM: Create controls,Load all Textbox dynamic
6/27/2022 5:11:53 PM: Create controls,Load all Textbox dynamic
6/27/2022 5:11:53 PM: Createcontrols,Load all Dropdownlist dynamic
6/27/2022 5:11:53 PM: createControls Finished
6/27/2022 5:11:53 PM: AsyncFileUpload1_UploadedComplete Started
6/27/2022 5:11:53 PM: Started Saving Uploaded Document in AsyncFileUpload1_UploadedComplete 
6/27/2022 5:11:53 PM: Finished Saving Uploaded Document in AsyncFileUpload1_UploadedComplete 
6/27/2022 5:11:53 PM: AsyncFileUpload1_UploadedComplete Pagecount of Image2Pdf().ExtractPages 2
6/27/2022 5:11:53 PM: AsyncFileUpload1_UploadedComplete Finished
6/27/2022 5:11:53 PM: createControls Started
6/27/2022 5:11:53 PM: Create controls,Load all Textbox dynamic
6/27/2022 5:11:53 PM: Create controls,Load all Textbox dynamic
6/27/2022 5:11:53 PM: Create controls,Load all Textbox dynamic
6/27/2022 5:11:53 PM: Createcontrols,Load all Dropdownlist dynamic
6/27/2022 5:11:53 PM: createControls Finished
6/27/2022 5:11:53 PM: btnSubmit_Click Started
6/27/2022 5:11:53 PM: btnSubmit_Click Finished
6/27/2022 5:12:10 PM: createControls Started
6/27/2022 5:12:11 PM: Create controls,Load all Textbox dynamic
6/27/2022 5:12:11 PM: Create controls,Load all Textbox dynamic
6/27/2022 5:12:11 PM: Create controls,Load all Textbox dynamic
6/27/2022 5:12:11 PM: Createcontrols,Load all Dropdownlist dynamic
6/27/2022 5:12:11 PM: createControls Finished
6/27/2022 5:12:11 PM: Started Saving Uploaded Document in Save Button Click
6/27/2022 5:12:11 PM: AsyncFileUpload1_UploadedComplete Started
6/27/2022 5:12:11 PM: AsyncFileUpload1_UploadedComplete Finished
6/27/2022 5:12:11 PM: GetDBFieldName the DBFld UPLOAD_vFld1
6/27/2022 5:12:11 PM: GetDBFieldName the DBFld UPLOAD_vFld2
6/27/2022 5:12:11 PM: GetDBFieldName the DBFld UPLOAD_vFld3
6/27/2022 5:12:11 PM: GetDBFieldName the DBFld UPLOAD_vFld4
6/27/2022 5:12:12 PM: CreateXML Started:-
6/27/2022 5:12:12 PM: CreateXML Completed:-
6/27/2022 5:12:12 PM: Save button click after saving or updating the ReturnCode= 0
6/27/2022 5:12:12 PM: Finished Saving Uploaded Document in Save Button Click
6/27/2022 5:12:12 PM: AsyncFileUpload1_UploadedComplete Started
6/27/2022 5:12:12 PM: AsyncFileUpload1_UploadedComplete Finished
6/27/2022 5:12:16 PM: BindDocumentType started
6/27/2022 5:12:16 PM: BindDocumentType finished
6/27/2022 5:12:21 PM: createControls Started
6/27/2022 5:12:21 PM: createControls Loaded all Textbox dynamically
6/27/2022 5:12:21 PM: createControls Loaded all Textbox dynamically
6/27/2022 5:12:21 PM: createControls Loaded all Textbox dynamically
6/27/2022 5:12:21 PM: createControls Loaded all Textbox dynamically
6/27/2022 5:12:21 PM: createControls Finished
6/27/2022 5:12:21 PM: GetTemplateDetails started
6/27/2022 5:12:21 PM: generatecontrols Started
6/27/2022 5:12:21 PM: GenerateControls:Loaded all Textbox dynamically
6/27/2022 5:12:21 PM: GenerateControls:Loaded all Textbox dynamically
6/27/2022 5:12:21 PM: GenerateControls:Loaded all Textbox dynamically
6/27/2022 5:12:21 PM: GenerateControls:Loaded all Textbox dynamically
6/27/2022 5:12:23 PM: createControls Started
6/27/2022 5:12:23 PM: createControls Loaded all Textbox dynamically
6/27/2022 5:12:23 PM: createControls Loaded all Textbox dynamically
6/27/2022 5:12:23 PM: createControls Loaded all Textbox dynamically
6/27/2022 5:12:23 PM: createControls Loaded all Textbox dynamically
6/27/2022 5:12:23 PM: createControls Finished
6/27/2022 5:12:23 PM: Started Loading Entity Drop Down
6/27/2022 5:12:23 PM: Finished Loading Entity Drop Down
6/27/2022 5:12:40 PM: createControls Started
6/27/2022 5:12:40 PM: createControls Loaded all Textbox dynamically
6/27/2022 5:12:40 PM: createControls Loaded all Textbox dynamically
6/27/2022 5:12:40 PM: createControls Loaded all Textbox dynamically
6/27/2022 5:12:40 PM: createControls Loaded all Textbox dynamically
6/27/2022 5:12:40 PM: createControls Finished
6/27/2022 5:12:40 PM: Started Loading Entity Drop Down
6/27/2022 5:12:40 PM: Finished Loading Entity Drop Down
6/27/2022 5:12:53 PM: createControls Started
6/27/2022 5:12:53 PM: createControls Loaded all Textbox dynamically
6/27/2022 5:12:53 PM: createControls Loaded all Textbox dynamically
6/27/2022 5:12:53 PM: createControls Loaded all Textbox dynamically
6/27/2022 5:12:53 PM: createControls Loaded all Textbox dynamically
6/27/2022 5:12:53 PM: createControls Finished
6/27/2022 5:12:53 PM: Started Loading Entity Drop Down
6/27/2022 5:12:53 PM: Finished Loading Entity Drop Down
6/27/2022 5:12:59 PM: createControls Started
6/27/2022 5:12:59 PM: createControls Loaded all Textbox dynamically
6/27/2022 5:12:59 PM: createControls Loaded all Textbox dynamically
6/27/2022 5:12:59 PM: createControls Loaded all Textbox dynamically
6/27/2022 5:12:59 PM: createControls Loaded all Textbox dynamically
6/27/2022 5:12:59 PM: createControls Finished
6/27/2022 5:12:59 PM: Started Loading Entity Drop Down
6/27/2022 5:12:59 PM: Finished Loading Entity Drop Down
6/27/2022 5:13:07 PM: createControls Started
6/27/2022 5:13:07 PM: createControls Loaded all Textbox dynamically
6/27/2022 5:13:07 PM: createControls Loaded all Dropdownlist dynamically
6/27/2022 5:13:07 PM: createControls Loaded all Textbox dynamically
6/27/2022 5:13:07 PM: createControls Loaded all Dropdownlist dynamically
6/27/2022 5:13:07 PM: createControls Finished
6/27/2022 5:13:07 PM: GetTemplateDetails started
6/27/2022 5:13:07 PM: generatecontrols Started
6/27/2022 5:13:07 PM: GenerateControls:Loaded all Textbox dynamically
6/27/2022 5:13:07 PM: GenerateControls:Loaded all Dropdownlist dynamically
6/27/2022 5:13:07 PM: GenerateControls:Loaded all Textbox dynamically
6/27/2022 5:13:07 PM: GenerateControls:Loaded all Dropdownlist dynamically
6/27/2022 5:13:08 PM: createControls Started
6/27/2022 5:13:08 PM: createControls Loaded all Textbox dynamically
6/27/2022 5:13:08 PM: createControls Loaded all Dropdownlist dynamically
6/27/2022 5:13:08 PM: createControls Loaded all Textbox dynamically
6/27/2022 5:13:08 PM: createControls Loaded all Dropdownlist dynamically
6/27/2022 5:13:08 PM: createControls Finished
6/27/2022 5:13:08 PM: Started Loading Entity Drop Down
6/27/2022 5:13:08 PM: Finished Loading Entity Drop Down
6/27/2022 5:13:13 PM: createControls Started
6/27/2022 5:13:13 PM: createControls Loaded all Textbox dynamically
6/27/2022 5:13:13 PM: createControls Loaded all Dropdownlist dynamically
6/27/2022 5:13:13 PM: createControls Loaded all Textbox dynamically
6/27/2022 5:13:13 PM: createControls Loaded all Dropdownlist dynamically
6/27/2022 5:13:13 PM: createControls Finished
6/27/2022 5:13:13 PM: Started Loading Entity Drop Down
6/27/2022 5:13:14 PM: Finished Loading Entity Drop Down
6/27/2022 5:13:17 PM: createControls Started
6/27/2022 5:13:17 PM: createControls Loaded all Textbox dynamically
6/27/2022 5:13:17 PM: createControls Loaded all Textbox dynamically
6/27/2022 5:13:17 PM: createControls Loaded all Textbox dynamically
6/27/2022 5:13:17 PM: createControls Loaded all Dropdownlist dynamically
6/27/2022 5:13:17 PM: createControls Finished
6/27/2022 5:13:17 PM: GetTemplateDetails started
6/27/2022 5:13:17 PM: generatecontrols Started
6/27/2022 5:13:17 PM: GenerateControls:Loaded all Textbox dynamically
6/27/2022 5:13:17 PM: GenerateControls:Loaded all Textbox dynamically
6/27/2022 5:13:17 PM: GenerateControls:Loaded all Textbox dynamically
6/27/2022 5:13:17 PM: GenerateControls:Loaded all Dropdownlist dynamically
6/27/2022 5:13:18 PM: createControls Started
6/27/2022 5:13:18 PM: createControls Loaded all Textbox dynamically
6/27/2022 5:13:18 PM: createControls Loaded all Textbox dynamically
6/27/2022 5:13:18 PM: createControls Loaded all Textbox dynamically
6/27/2022 5:13:18 PM: createControls Loaded all Dropdownlist dynamically
6/27/2022 5:13:18 PM: createControls Finished
6/27/2022 5:13:18 PM: Started Loading Entity Drop Down
6/27/2022 5:13:18 PM: Finished Loading Entity Drop Down
6/27/2022 5:13:39 PM: createControls Started
6/27/2022 5:13:39 PM: createControls Loaded all Textbox dynamically
6/27/2022 5:13:39 PM: createControls Loaded all Textbox dynamically
6/27/2022 5:13:39 PM: createControls Loaded all Textbox dynamically
6/27/2022 5:13:39 PM: createControls Loaded all Dropdownlist dynamically
6/27/2022 5:13:39 PM: createControls Finished
6/27/2022 5:13:39 PM: Started Loading Entity Drop Down
6/27/2022 5:13:39 PM: Finished Loading Entity Drop Down
6/27/2022 5:13:43 PM: createControls Started
6/27/2022 5:13:43 PM: createControls Loaded all Textbox dynamically
6/27/2022 5:13:43 PM: createControls Loaded all Dropdownlist dynamically
6/27/2022 5:13:43 PM: createControls Loaded all Textbox dynamically
6/27/2022 5:13:43 PM: createControls Loaded all Dropdownlist dynamically
6/27/2022 5:13:43 PM: createControls Finished
6/27/2022 5:13:43 PM: GetTemplateDetails started
6/27/2022 5:13:43 PM: generatecontrols Started
6/27/2022 5:13:43 PM: GenerateControls:Loaded all Textbox dynamically
6/27/2022 5:13:43 PM: GenerateControls:Loaded all Dropdownlist dynamically
6/27/2022 5:13:43 PM: GenerateControls:Loaded all Textbox dynamically
6/27/2022 5:13:43 PM: GenerateControls:Loaded all Dropdownlist dynamically
6/27/2022 5:13:44 PM: createControls Started
6/27/2022 5:13:44 PM: createControls Loaded all Textbox dynamically
6/27/2022 5:13:44 PM: createControls Loaded all Dropdownlist dynamically
6/27/2022 5:13:44 PM: createControls Loaded all Textbox dynamically
6/27/2022 5:13:44 PM: createControls Loaded all Dropdownlist dynamically
6/27/2022 5:13:44 PM: createControls Finished
6/27/2022 5:13:44 PM: Started Loading Entity Drop Down
6/27/2022 5:13:44 PM: Finished Loading Entity Drop Down
6/27/2022 5:13:51 PM: createControls Started
6/27/2022 5:13:51 PM: createControls Loaded all Textbox dynamically
6/27/2022 5:13:51 PM: createControls Loaded all Dropdownlist dynamically
6/27/2022 5:13:51 PM: createControls Loaded all Textbox dynamically
6/27/2022 5:13:51 PM: createControls Loaded all Dropdownlist dynamically
6/27/2022 5:13:51 PM: createControls Finished
6/27/2022 5:13:51 PM: Started Loading Entity Drop Down
6/27/2022 5:13:52 PM: Finished Loading Entity Drop Down
6/27/2022 5:13:57 PM: createControls Started
6/27/2022 5:13:57 PM: createControls Loaded all Textbox dynamically
6/27/2022 5:13:57 PM: createControls Loaded all Dropdownlist dynamically
6/27/2022 5:13:57 PM: createControls Loaded all Textbox dynamically
6/27/2022 5:13:57 PM: createControls Loaded all Dropdownlist dynamically
6/27/2022 5:13:57 PM: createControls Finished
6/27/2022 5:13:57 PM: Started Loading Entity Drop Down
6/27/2022 5:13:57 PM: Finished Loading Entity Drop Down
6/27/2022 5:14:01 PM: GetSginatureDetails Started:-
6/27/2022 5:14:01 PM: GetSginatureDetails Completed:-
6/27/2022 5:14:01 PM: GetTemplateDetails Started
6/27/2022 5:14:02 PM: GetTemplateDetails total record count:1
6/27/2022 5:14:02 PM: Create controls,Load all Textbox dynamic
6/27/2022 5:14:02 PM: Createcontrols,Load all Dropdownlist dynamic
6/27/2022 5:14:02 PM: Create controls,Load all Textbox dynamic
6/27/2022 5:14:02 PM: Createcontrols,Load all Dropdownlist dynamic
6/27/2022 5:14:02 PM: GetTemplateDetails Finished
6/27/2022 5:14:02 PM: InitializeDocumentView started
6/27/2022 5:14:02 PM: InitializeDocumentView finished
6/27/2022 5:14:02 PM: Calling database to get annotated images. DocumentId: 282142, Action: GetAnnotatedPages
6/27/2022 5:14:02 PM: Calling database to get annotated images. DocumentId: 282142, Action: GetTaggedPages
6/27/2022 5:14:02 PM: LoadImageToViewer started
6/27/2022 5:14:02 PM: Setting image to viewer. Action:  Page count: 2 Current Page:1
6/27/2022 5:14:02 PM: Converting PDF to JPEG. PDF Path: D:\WDMSDocument\TempWorkFolder\U0lfRklfMTg5Nl8zMDRfMTAwOA==\1.pdf Image Name: U0lfRklfMTg5Nl8zMDRfMTAwOA== Page No: 1
6/27/2022 5:14:02 PM: Converting PDF to JPEG without applying watermark.
6/27/2022 5:14:02 PM: Setting image to viewer using RegisterStartupScript: http://localhost:55361/generichandler.ashx?f=d://wdmsdocument//tempworkfolder//u0lfrklfmtg5nl8zmdrfmtawoa==jpg//1.jpeg
6/27/2022 5:14:02 PM: Invoke method to get annotations from databnase.
6/27/2022 5:14:02 PM: Get annotations from database.
6/27/2022 5:14:02 PM: Document Id: 282142 Page No: 1
6/27/2022 5:14:02 PM: Invoking method to get annotation data from database. Action: GetAnnotations
6/27/2022 5:14:02 PM: MailPanelFill started
6/27/2022 5:14:02 PM: MailPanelFill finished
6/27/2022 5:14:22 PM: GetTemplateDetails Started
6/27/2022 5:14:22 PM: GetTemplateDetails total record count:1
6/27/2022 5:14:22 PM: Create controls,Load all Textbox dynamic
6/27/2022 5:14:22 PM: Createcontrols,Load all Dropdownlist dynamic
6/27/2022 5:14:22 PM: Create controls,Load all Textbox dynamic
6/27/2022 5:14:22 PM: Createcontrols,Load all Dropdownlist dynamic
6/27/2022 5:14:22 PM: GetTemplateDetails Finished
6/27/2022 5:14:22 PM: Downloading original document.
6/27/2022 5:14:22 PM: Copying splitted files from: D:\WDMSDocument\UploadedDocuments\sipcot_uat\1896\2022-06-27\U0lfRklfMTg5Nl8zMDRfMTAwOA== to temporary work folder: D:\WDMSDocument\TempWorkFolder\\U0lfRklfMTg5Nl8zMDRfMTAwOA==
6/27/2022 5:14:22 PM: Merging files: D:\WDMSDocument\TempWorkFolder\\U0lfRklfMTg5Nl8zMDRfMTAwOA==.pdf
6/27/2022 5:14:22 PM: getAvailablePages Started
6/27/2022 5:14:22 PM: Exception: Server cannot append header after HTTP headers have been sent.
6/27/2022 5:14:22 PM: Updating activity track table for the action: UpdateTrackTableOnDownload
6/27/2022 5:14:23 PM: Downloading original document completed.
6/27/2022 5:14:34 PM: BindDocumentType started
6/27/2022 5:14:34 PM: BindDocumentType finished
6/27/2022 5:15:06 PM: createControls Started
6/27/2022 5:15:06 PM: createControls Loaded all Textbox dynamically
6/27/2022 5:15:06 PM: createControls Loaded all Dropdownlist dynamically
6/27/2022 5:15:06 PM: createControls Loaded all Textbox dynamically
6/27/2022 5:15:06 PM: createControls Loaded all Dropdownlist dynamically
6/27/2022 5:15:06 PM: createControls Finished
