5/1/2023 11:30:02 AM: GetTemplateDetails started
5/1/2023 11:30:03 AM: generatecontrols Started
5/1/2023 11:30:03 AM: GenerateControls:Loaded all Textbox dynamically
5/1/2023 11:30:03 AM: GenerateControls:Loaded all Textbox dynamically
5/1/2023 11:30:03 AM: GenerateControls:Loaded all Textbox dynamically
5/1/2023 11:30:03 AM: GenerateControls:Loaded all Textbox dynamically
5/1/2023 11:30:03 AM: Started Loading Entity Drop Down
5/1/2023 11:30:13 AM: BindDocumentType started
5/1/2023 11:30:13 AM: BindDocumentType finished
5/1/2023 11:30:13 AM: BindQueries started
5/1/2023 11:30:13 AM: BindQueries finished
5/1/2023 11:30:13 AM: createControls Started
5/1/2023 11:30:13 AM: createControls Loaded all Textbox dynamically
5/1/2023 11:30:13 AM: createControls Loaded all Textbox dynamically
5/1/2023 11:30:13 AM: createControls Loaded all Textbox dynamically
5/1/2023 11:30:13 AM: createControls Loaded all Textbox dynamically
5/1/2023 11:30:13 AM: createControls Finished
5/1/2023 11:30:19 AM: createControls Started
5/1/2023 11:30:19 AM: createControls Loaded all Textbox dynamically
5/1/2023 11:30:19 AM: createControls Loaded all Textbox dynamically
5/1/2023 11:30:19 AM: createControls Loaded all Textbox dynamically
5/1/2023 11:30:19 AM: createControls Loaded all Textbox dynamically
5/1/2023 11:30:19 AM: createControls Finished
5/1/2023 11:30:19 AM: Started Loading Entity Drop Down
5/1/2023 11:32:27 AM: GetTemplateDetails started
5/1/2023 11:32:27 AM: generatecontrols Started
5/1/2023 11:32:27 AM: GenerateControls:Loaded all Textbox dynamically
5/1/2023 11:32:27 AM: GenerateControls:Loaded all Textbox dynamically
5/1/2023 11:32:27 AM: GenerateControls:Loaded all Textbox dynamically
5/1/2023 11:32:27 AM: GenerateControls:Loaded all Textbox dynamically
5/1/2023 11:32:28 AM: Started Loading Entity Drop Down
5/1/2023 11:32:50 AM: Finished Loading Entity Drop Down
5/1/2023 11:32:50 AM: BindDocumentType started
5/1/2023 11:32:50 AM: BindDocumentType finished
5/1/2023 11:32:51 AM: BindQueries started
5/1/2023 11:32:51 AM: BindQueries finished
5/1/2023 11:32:51 AM: createControls Started
5/1/2023 11:32:51 AM: createControls Loaded all Textbox dynamically
5/1/2023 11:32:51 AM: createControls Loaded all Textbox dynamically
5/1/2023 11:32:51 AM: createControls Loaded all Textbox dynamically
5/1/2023 11:32:51 AM: createControls Loaded all Textbox dynamically
5/1/2023 11:32:51 AM: createControls Finished
5/1/2023 11:36:07 AM: GetTemplateDetails started
5/1/2023 11:36:07 AM: generatecontrols Started
5/1/2023 11:36:07 AM: GenerateControls:Loaded all Textbox dynamically
5/1/2023 11:36:07 AM: GenerateControls:Loaded all Textbox dynamically
5/1/2023 11:36:07 AM: GenerateControls:Loaded all Textbox dynamically
5/1/2023 11:36:07 AM: GenerateControls:Loaded all Textbox dynamically
5/1/2023 11:36:08 AM: Started Loading Entity Drop Down
5/1/2023 11:36:09 AM: Finished Loading Entity Drop Down
5/1/2023 11:36:10 AM: BindDocumentType started
5/1/2023 11:36:10 AM: BindDocumentType finished
5/1/2023 11:36:10 AM: BindQueries started
5/1/2023 11:36:10 AM: BindQueries finished
5/1/2023 11:36:10 AM: createControls Started
5/1/2023 11:36:11 AM: createControls Loaded all Textbox dynamically
5/1/2023 11:36:11 AM: createControls Loaded all Textbox dynamically
5/1/2023 11:36:11 AM: createControls Loaded all Textbox dynamically
5/1/2023 11:36:11 AM: createControls Loaded all Textbox dynamically
5/1/2023 11:36:11 AM: createControls Finished
5/1/2023 11:36:34 AM: GetTemplateDetails started
5/1/2023 11:36:34 AM: generatecontrols Started
5/1/2023 11:36:34 AM: GenerateControls:Loaded all Textbox dynamically
5/1/2023 11:36:34 AM: GenerateControls:Loaded all Textbox dynamically
5/1/2023 11:36:34 AM: GenerateControls:Loaded all Textbox dynamically
5/1/2023 11:36:34 AM: GenerateControls:Loaded all Textbox dynamically
5/1/2023 11:36:34 AM: Started Loading Entity Drop Down
5/1/2023 11:36:34 AM: Finished Loading Entity Drop Down
5/1/2023 11:36:34 AM: BindDocumentType started
5/1/2023 11:36:34 AM: BindDocumentType finished
5/1/2023 11:36:34 AM: BindQueries started
5/1/2023 11:36:34 AM: BindQueries finished
5/1/2023 11:36:34 AM: createControls Started
5/1/2023 11:36:34 AM: createControls Loaded all Textbox dynamically
5/1/2023 11:36:34 AM: createControls Loaded all Textbox dynamically
5/1/2023 11:36:34 AM: createControls Loaded all Textbox dynamically
5/1/2023 11:36:34 AM: createControls Loaded all Textbox dynamically
5/1/2023 11:36:34 AM: createControls Finished
5/1/2023 11:40:34 AM: GetTemplateDetails started
5/1/2023 11:40:34 AM: generatecontrols Started
5/1/2023 11:40:35 AM: GenerateControls:Loaded all Textbox dynamically
5/1/2023 11:40:35 AM: GenerateControls:Loaded all Textbox dynamically
5/1/2023 11:40:35 AM: GenerateControls:Loaded all Textbox dynamically
5/1/2023 11:40:35 AM: GenerateControls:Loaded all Textbox dynamically
5/1/2023 11:40:35 AM: Started Loading Entity Drop Down
5/1/2023 11:40:48 AM: Finished Loading Entity Drop Down
5/1/2023 11:40:48 AM: BindDocumentType started
5/1/2023 11:40:48 AM: BindDocumentType finished
5/1/2023 11:40:48 AM: BindQueries started
5/1/2023 11:40:48 AM: BindQueries finished
5/1/2023 11:40:48 AM: createControls Started
5/1/2023 11:40:48 AM: createControls Loaded all Textbox dynamically
5/1/2023 11:40:48 AM: createControls Loaded all Textbox dynamically
5/1/2023 11:40:48 AM: createControls Loaded all Textbox dynamically
5/1/2023 11:40:48 AM: createControls Loaded all Textbox dynamically
5/1/2023 11:40:48 AM: createControls Finished
5/1/2023 11:57:02 AM: createControls Started
5/1/2023 11:57:02 AM: createControls Loaded all Textbox dynamically
5/1/2023 11:57:02 AM: createControls Loaded all Textbox dynamically
5/1/2023 11:57:02 AM: createControls Loaded all Textbox dynamically
5/1/2023 11:57:02 AM: createControls Loaded all Textbox dynamically
5/1/2023 11:57:02 AM: createControls Finished
5/1/2023 11:57:11 AM: GetSginatureDetails Started:-
5/1/2023 11:57:12 AM: GetSginatureDetails Completed:-
5/1/2023 11:57:12 AM: GetTemplateDetails Started
5/1/2023 11:57:12 AM: GetTemplateDetails total record count:1
5/1/2023 11:57:12 AM: Create controls,Load all Textbox dynamic
5/1/2023 11:57:12 AM: Create controls,Load all Textbox dynamic
5/1/2023 11:57:12 AM: Create controls,Load all Textbox dynamic
5/1/2023 11:57:12 AM: Create controls,Load all Textbox dynamic
5/1/2023 11:57:12 AM: GetTemplateDetails Finished
5/1/2023 11:57:12 AM: InitializeDocumentView started
5/1/2023 11:57:13 AM: InitializeDocumentView finished
5/1/2023 11:57:13 AM: Calling database to get annotated images. DocumentId: 282139, Action: GetAnnotatedPages
5/1/2023 11:57:13 AM: Calling database to get annotated images. DocumentId: 282139, Action: GetTaggedPages
5/1/2023 11:57:13 AM: LoadImageToViewer started
5/1/2023 11:57:13 AM: Setting image to viewer. Action:  Page count: 11 Current Page:1
5/1/2023 11:57:18 AM: Converting PDF to JPEG. PDF Path: D:\WDMSDocument\TempWorkFolder\U0lfTEVfMTg5Nl8zMDRfMTAwNA==\1.pdf Image Name: U0lfTEVfMTg5Nl8zMDRfMTAwNA== Page No: 1
5/1/2023 11:57:18 AM: Converting PDF to JPEG without applying watermark.
5/1/2023 11:57:39 AM: Setting image to viewer using RegisterStartupScript: http://localhost:55361/generichandler.ashx?f=d://wdmsdocument//tempworkfolder//u0lftevfmtg5nl8zmdrfmtawna==jpg//1.jpeg
5/1/2023 11:57:39 AM: Invoke method to get annotations from databnase.
5/1/2023 11:57:39 AM: Get annotations from database.
5/1/2023 11:57:39 AM: Document Id: 282139 Page No: 1
5/1/2023 11:57:39 AM: Invoking method to get annotation data from database. Action: GetAnnotations
5/1/2023 11:57:39 AM: MailPanelFill started
5/1/2023 11:57:39 AM: MailPanelFill finished
5/1/2023 11:58:44 AM: GetSginatureDetails Started:-
5/1/2023 11:58:44 AM: GetSginatureDetails Completed:-
5/1/2023 11:58:44 AM: GetTemplateDetails Started
5/1/2023 11:58:44 AM: GetTemplateDetails total record count:1
5/1/2023 11:58:44 AM: Create controls,Load all Textbox dynamic
5/1/2023 11:58:44 AM: Create controls,Load all Textbox dynamic
5/1/2023 11:58:44 AM: Create controls,Load all Textbox dynamic
5/1/2023 11:58:44 AM: Create controls,Load all Textbox dynamic
5/1/2023 11:58:44 AM: GetTemplateDetails Finished
5/1/2023 11:58:44 AM: InitializeDocumentView started
5/1/2023 11:58:44 AM: InitializeDocumentView finished
5/1/2023 11:58:44 AM: Calling database to get annotated images. DocumentId: 282139, Action: GetAnnotatedPages
5/1/2023 11:58:44 AM: Calling database to get annotated images. DocumentId: 282139, Action: GetTaggedPages
5/1/2023 11:58:44 AM: LoadImageToViewer started
5/1/2023 11:58:44 AM: Setting image to viewer. Action:  Page count: 11 Current Page:1
5/1/2023 11:59:18 AM: Converting PDF to JPEG. PDF Path: D:\WDMSDocument\TempWorkFolder\U0lfTEVfMTg5Nl8zMDRfMTAwNA==\1.pdf Image Name: U0lfTEVfMTg5Nl8zMDRfMTAwNA== Page No: 1
5/1/2023 11:59:18 AM: Converting PDF to JPEG without applying watermark.
5/1/2023 11:59:37 AM: Setting image to viewer using RegisterStartupScript: http://localhost:55361/generichandler.ashx?f=d://wdmsdocument//tempworkfolder//u0lftevfmtg5nl8zmdrfmtawna==jpg//1.jpeg
5/1/2023 11:59:37 AM: Invoke method to get annotations from databnase.
5/1/2023 11:59:37 AM: Get annotations from database.
5/1/2023 11:59:37 AM: Document Id: 282139 Page No: 1
5/1/2023 11:59:37 AM: Invoking method to get annotation data from database. Action: GetAnnotations
5/1/2023 11:59:37 AM: MailPanelFill started
5/1/2023 11:59:37 AM: MailPanelFill finished
5/1/2023 11:59:38 AM: GetSginatureDetails Started:-
5/1/2023 11:59:38 AM: GetSginatureDetails Completed:-
5/1/2023 11:59:38 AM: GetTemplateDetails Started
5/1/2023 11:59:38 AM: GetTemplateDetails total record count:1
5/1/2023 11:59:38 AM: Create controls,Load all Textbox dynamic
5/1/2023 11:59:38 AM: Create controls,Load all Textbox dynamic
5/1/2023 11:59:38 AM: Create controls,Load all Textbox dynamic
5/1/2023 11:59:38 AM: Create controls,Load all Textbox dynamic
5/1/2023 11:59:38 AM: GetTemplateDetails Finished
5/1/2023 11:59:38 AM: InitializeDocumentView started
5/1/2023 11:59:38 AM: InitializeDocumentView finished
5/1/2023 11:59:38 AM: Calling database to get annotated images. DocumentId: 282139, Action: GetAnnotatedPages
5/1/2023 11:59:38 AM: Calling database to get annotated images. DocumentId: 282139, Action: GetTaggedPages
5/1/2023 11:59:38 AM: LoadImageToViewer started
5/1/2023 11:59:38 AM: Setting image to viewer. Action:  Page count: 11 Current Page:1
5/1/2023 11:59:40 AM: Converting PDF to JPEG. PDF Path: D:\WDMSDocument\TempWorkFolder\U0lfTEVfMTg5Nl8zMDRfMTAwNA==\1.pdf Image Name: U0lfTEVfMTg5Nl8zMDRfMTAwNA== Page No: 1
5/1/2023 11:59:40 AM: Converting PDF to JPEG without applying watermark.
5/1/2023 11:59:59 AM: Setting image to viewer using RegisterStartupScript: http://localhost:55361/generichandler.ashx?f=d://wdmsdocument//tempworkfolder//u0lftevfmtg5nl8zmdrfmtawna==jpg//1.jpeg
5/1/2023 11:59:59 AM: Invoke method to get annotations from databnase.
5/1/2023 11:59:59 AM: Get annotations from database.
5/1/2023 11:59:59 AM: Document Id: 282139 Page No: 1
5/1/2023 11:59:59 AM: Invoking method to get annotation data from database. Action: GetAnnotations
5/1/2023 11:59:59 AM: MailPanelFill started
5/1/2023 11:59:59 AM: MailPanelFill finished
5/1/2023 11:59:59 AM: GetSginatureDetails Started:-
5/1/2023 11:59:59 AM: GetSginatureDetails Completed:-
5/1/2023 11:59:59 AM: GetTemplateDetails Started
5/1/2023 11:59:59 AM: GetTemplateDetails total record count:1
5/1/2023 11:59:59 AM: Create controls,Load all Textbox dynamic
5/1/2023 11:59:59 AM: Create controls,Load all Textbox dynamic
5/1/2023 11:59:59 AM: Create controls,Load all Textbox dynamic
5/1/2023 11:59:59 AM: Create controls,Load all Textbox dynamic
5/1/2023 11:59:59 AM: GetTemplateDetails Finished
5/1/2023 11:59:59 AM: InitializeDocumentView started
5/1/2023 11:59:59 AM: InitializeDocumentView finished
5/1/2023 11:59:59 AM: Calling database to get annotated images. DocumentId: 282139, Action: GetAnnotatedPages
5/1/2023 11:59:59 AM: Calling database to get annotated images. DocumentId: 282139, Action: GetTaggedPages
5/1/2023 11:59:59 AM: LoadImageToViewer started
5/1/2023 11:59:59 AM: Setting image to viewer. Action:  Page count: 11 Current Page:1
5/1/2023 11:59:59 AM: Converting PDF to JPEG. PDF Path: D:\WDMSDocument\TempWorkFolder\U0lfTEVfMTg5Nl8zMDRfMTAwNA==\1.pdf Image Name: U0lfTEVfMTg5Nl8zMDRfMTAwNA== Page No: 1
5/1/2023 11:59:59 AM: Converting PDF to JPEG without applying watermark.
5/1/2023 12:00:14 PM: Setting image to viewer using RegisterStartupScript: http://localhost:55361/generichandler.ashx?f=d://wdmsdocument//tempworkfolder//u0lftevfmtg5nl8zmdrfmtawna==jpg//1.jpeg
5/1/2023 12:00:14 PM: Invoke method to get annotations from databnase.
5/1/2023 12:00:14 PM: Get annotations from database.
5/1/2023 12:00:14 PM: Document Id: 282139 Page No: 1
5/1/2023 12:00:14 PM: Invoking method to get annotation data from database. Action: GetAnnotations
5/1/2023 12:00:14 PM: MailPanelFill started
5/1/2023 12:00:14 PM: MailPanelFill finished
5/1/2023 12:00:14 PM: GetSginatureDetails Started:-
5/1/2023 12:00:14 PM: GetSginatureDetails Completed:-
5/1/2023 12:00:14 PM: GetTemplateDetails Started
5/1/2023 12:00:14 PM: GetTemplateDetails total record count:1
5/1/2023 12:00:14 PM: Create controls,Load all Textbox dynamic
5/1/2023 12:00:14 PM: Create controls,Load all Textbox dynamic
5/1/2023 12:00:14 PM: Create controls,Load all Textbox dynamic
5/1/2023 12:00:14 PM: Create controls,Load all Textbox dynamic
5/1/2023 12:00:14 PM: GetTemplateDetails Finished
5/1/2023 12:00:14 PM: InitializeDocumentView started
5/1/2023 12:00:14 PM: InitializeDocumentView finished
5/1/2023 12:00:14 PM: Calling database to get annotated images. DocumentId: 282139, Action: GetAnnotatedPages
5/1/2023 12:00:14 PM: Calling database to get annotated images. DocumentId: 282139, Action: GetTaggedPages
5/1/2023 12:00:14 PM: LoadImageToViewer started
5/1/2023 12:00:14 PM: Setting image to viewer. Action:  Page count: 11 Current Page:1
5/1/2023 12:00:14 PM: Converting PDF to JPEG. PDF Path: D:\WDMSDocument\TempWorkFolder\U0lfTEVfMTg5Nl8zMDRfMTAwNA==\1.pdf Image Name: U0lfTEVfMTg5Nl8zMDRfMTAwNA== Page No: 1
5/1/2023 12:00:14 PM: Converting PDF to JPEG without applying watermark.
5/1/2023 12:00:28 PM: Setting image to viewer using RegisterStartupScript: http://localhost:55361/generichandler.ashx?f=d://wdmsdocument//tempworkfolder//u0lftevfmtg5nl8zmdrfmtawna==jpg//1.jpeg
5/1/2023 12:00:28 PM: Invoke method to get annotations from databnase.
5/1/2023 12:00:28 PM: Get annotations from database.
5/1/2023 12:00:28 PM: Document Id: 282139 Page No: 1
5/1/2023 12:00:28 PM: Invoking method to get annotation data from database. Action: GetAnnotations
5/1/2023 12:00:28 PM: MailPanelFill started
5/1/2023 12:00:28 PM: MailPanelFill finished
5/1/2023 12:00:28 PM: GetSginatureDetails Started:-
5/1/2023 12:00:28 PM: GetSginatureDetails Completed:-
5/1/2023 12:00:28 PM: GetTemplateDetails Started
5/1/2023 12:00:28 PM: GetTemplateDetails total record count:1
5/1/2023 12:00:28 PM: Create controls,Load all Textbox dynamic
5/1/2023 12:00:28 PM: Create controls,Load all Textbox dynamic
5/1/2023 12:00:28 PM: Create controls,Load all Textbox dynamic
5/1/2023 12:00:28 PM: Create controls,Load all Textbox dynamic
5/1/2023 12:00:28 PM: GetTemplateDetails Finished
5/1/2023 12:00:28 PM: InitializeDocumentView started
5/1/2023 12:00:28 PM: InitializeDocumentView finished
5/1/2023 12:00:28 PM: Calling database to get annotated images. DocumentId: 282139, Action: GetAnnotatedPages
5/1/2023 12:00:28 PM: Calling database to get annotated images. DocumentId: 282139, Action: GetTaggedPages
5/1/2023 12:00:28 PM: LoadImageToViewer started
5/1/2023 12:00:28 PM: Setting image to viewer. Action:  Page count: 11 Current Page:1
5/1/2023 12:00:28 PM: Converting PDF to JPEG. PDF Path: D:\WDMSDocument\TempWorkFolder\U0lfTEVfMTg5Nl8zMDRfMTAwNA==\1.pdf Image Name: U0lfTEVfMTg5Nl8zMDRfMTAwNA== Page No: 1
5/1/2023 12:00:28 PM: Converting PDF to JPEG without applying watermark.
5/1/2023 12:00:43 PM: Setting image to viewer using RegisterStartupScript: http://localhost:55361/generichandler.ashx?f=d://wdmsdocument//tempworkfolder//u0lftevfmtg5nl8zmdrfmtawna==jpg//1.jpeg
5/1/2023 12:00:43 PM: Invoke method to get annotations from databnase.
5/1/2023 12:00:43 PM: Get annotations from database.
5/1/2023 12:00:43 PM: Document Id: 282139 Page No: 1
5/1/2023 12:00:43 PM: Invoking method to get annotation data from database. Action: GetAnnotations
5/1/2023 12:00:43 PM: MailPanelFill started
5/1/2023 12:00:43 PM: MailPanelFill finished
5/1/2023 12:00:44 PM: GetSginatureDetails Started:-
5/1/2023 12:00:44 PM: GetSginatureDetails Completed:-
5/1/2023 12:00:44 PM: GetTemplateDetails Started
5/1/2023 12:00:44 PM: GetTemplateDetails total record count:1
5/1/2023 12:00:44 PM: Create controls,Load all Textbox dynamic
5/1/2023 12:00:44 PM: Create controls,Load all Textbox dynamic
5/1/2023 12:00:44 PM: Create controls,Load all Textbox dynamic
5/1/2023 12:00:44 PM: Create controls,Load all Textbox dynamic
5/1/2023 12:00:44 PM: GetTemplateDetails Finished
5/1/2023 12:00:44 PM: InitializeDocumentView started
5/1/2023 12:00:44 PM: InitializeDocumentView finished
5/1/2023 12:00:44 PM: Calling database to get annotated images. DocumentId: 282139, Action: GetAnnotatedPages
5/1/2023 12:00:44 PM: Calling database to get annotated images. DocumentId: 282139, Action: GetTaggedPages
5/1/2023 12:00:44 PM: LoadImageToViewer started
5/1/2023 12:00:44 PM: Setting image to viewer. Action:  Page count: 11 Current Page:1
5/1/2023 12:00:44 PM: Converting PDF to JPEG. PDF Path: D:\WDMSDocument\TempWorkFolder\U0lfTEVfMTg5Nl8zMDRfMTAwNA==\1.pdf Image Name: U0lfTEVfMTg5Nl8zMDRfMTAwNA== Page No: 1
5/1/2023 12:00:44 PM: Converting PDF to JPEG without applying watermark.
5/1/2023 12:01:00 PM: Setting image to viewer using RegisterStartupScript: http://localhost:55361/generichandler.ashx?f=d://wdmsdocument//tempworkfolder//u0lftevfmtg5nl8zmdrfmtawna==jpg//1.jpeg
5/1/2023 12:01:00 PM: Invoke method to get annotations from databnase.
5/1/2023 12:01:00 PM: Get annotations from database.
5/1/2023 12:01:00 PM: Document Id: 282139 Page No: 1
5/1/2023 12:01:00 PM: Invoking method to get annotation data from database. Action: GetAnnotations
5/1/2023 12:01:00 PM: MailPanelFill started
5/1/2023 12:01:00 PM: MailPanelFill finished
5/1/2023 12:03:50 PM: GetTemplateDetails started
5/1/2023 12:03:51 PM: generatecontrols Started
5/1/2023 12:03:51 PM: GenerateControls:Loaded all Textbox dynamically
5/1/2023 12:03:51 PM: GenerateControls:Loaded all Textbox dynamically
5/1/2023 12:03:51 PM: GenerateControls:Loaded all Textbox dynamically
5/1/2023 12:03:51 PM: GenerateControls:Loaded all Textbox dynamically
5/1/2023 12:03:51 PM: Started Loading Entity Drop Down
5/1/2023 12:03:51 PM: Finished Loading Entity Drop Down
5/1/2023 12:03:51 PM: BindDocumentType started
5/1/2023 12:03:51 PM: BindDocumentType finished
5/1/2023 12:03:52 PM: BindQueries started
5/1/2023 12:03:52 PM: BindQueries finished
5/1/2023 12:03:52 PM: createControls Started
5/1/2023 12:03:52 PM: createControls Loaded all Textbox dynamically
5/1/2023 12:03:52 PM: createControls Loaded all Textbox dynamically
5/1/2023 12:03:52 PM: createControls Loaded all Textbox dynamically
5/1/2023 12:03:52 PM: createControls Loaded all Textbox dynamically
5/1/2023 12:03:52 PM: createControls Finished
5/1/2023 12:03:58 PM: createControls Started
5/1/2023 12:03:58 PM: createControls Loaded all Textbox dynamically
5/1/2023 12:03:58 PM: createControls Loaded all Textbox dynamically
5/1/2023 12:03:58 PM: createControls Loaded all Textbox dynamically
5/1/2023 12:03:58 PM: createControls Loaded all Textbox dynamically
5/1/2023 12:03:58 PM: createControls Finished
5/1/2023 12:22:08 PM: GetTemplateDetails started
5/1/2023 12:22:08 PM: generatecontrols Started
5/1/2023 12:22:08 PM: GenerateControls:Loaded all Textbox dynamically
5/1/2023 12:22:08 PM: GenerateControls:Loaded all Textbox dynamically
5/1/2023 12:22:08 PM: GenerateControls:Loaded all Textbox dynamically
5/1/2023 12:22:08 PM: GenerateControls:Loaded all Textbox dynamically
5/1/2023 12:22:08 PM: Started Loading Entity Drop Down
5/1/2023 12:22:08 PM: Finished Loading Entity Drop Down
5/1/2023 12:22:08 PM: BindDocumentType started
5/1/2023 12:22:08 PM: BindDocumentType finished
5/1/2023 12:22:09 PM: BindQueries started
5/1/2023 12:22:09 PM: BindQueries finished
5/1/2023 12:22:09 PM: createControls Started
5/1/2023 12:22:09 PM: createControls Loaded all Textbox dynamically
5/1/2023 12:22:09 PM: createControls Loaded all Textbox dynamically
5/1/2023 12:22:09 PM: createControls Loaded all Textbox dynamically
5/1/2023 12:22:09 PM: createControls Loaded all Textbox dynamically
5/1/2023 12:22:09 PM: createControls Finished
5/1/2023 12:22:15 PM: createControls Started
5/1/2023 12:22:15 PM: createControls Loaded all Textbox dynamically
5/1/2023 12:22:15 PM: createControls Loaded all Textbox dynamically
5/1/2023 12:22:15 PM: createControls Loaded all Textbox dynamically
5/1/2023 12:22:15 PM: createControls Loaded all Textbox dynamically
5/1/2023 12:22:15 PM: createControls Finished
5/1/2023 2:04:04 PM: GetTemplateDetails started
5/1/2023 2:04:04 PM: generatecontrols Started
5/1/2023 2:04:05 PM: GenerateControls:Loaded all Textbox dynamically
5/1/2023 2:04:05 PM: GenerateControls:Loaded all Textbox dynamically
5/1/2023 2:04:05 PM: GenerateControls:Loaded all Textbox dynamically
5/1/2023 2:04:05 PM: GenerateControls:Loaded all Textbox dynamically
5/1/2023 2:04:05 PM: Started Loading Entity Drop Down
5/1/2023 2:04:05 PM: Finished Loading Entity Drop Down
5/1/2023 2:04:05 PM: BindDocumentType started
5/1/2023 2:04:05 PM: BindDocumentType finished
5/1/2023 2:04:05 PM: BindQueries started
5/1/2023 2:04:05 PM: BindQueries finished
5/1/2023 2:04:05 PM: createControls Started
5/1/2023 2:04:05 PM: createControls Loaded all Textbox dynamically
5/1/2023 2:04:05 PM: createControls Loaded all Textbox dynamically
5/1/2023 2:04:05 PM: createControls Loaded all Textbox dynamically
5/1/2023 2:04:05 PM: createControls Loaded all Textbox dynamically
5/1/2023 2:04:05 PM: createControls Finished
5/1/2023 2:04:14 PM: createControls Started
5/1/2023 2:04:14 PM: createControls Loaded all Textbox dynamically
5/1/2023 2:04:14 PM: createControls Loaded all Textbox dynamically
5/1/2023 2:04:14 PM: createControls Loaded all Textbox dynamically
5/1/2023 2:04:14 PM: createControls Loaded all Textbox dynamically
5/1/2023 2:04:14 PM: createControls Finished
5/1/2023 2:04:43 PM: Merging files: D:\Sachin\Writer\UploadedDocuments\sipcot_uat\1896\2022-06-18\U0lfTEVfMTg5Nl8zMDRfMTAwNA==.pdf
5/1/2023 2:37:57 PM: GetTemplateDetails started
5/1/2023 2:37:57 PM: generatecontrols Started
5/1/2023 2:37:57 PM: GenerateControls:Loaded all Textbox dynamically
5/1/2023 2:37:57 PM: GenerateControls:Loaded all Textbox dynamically
5/1/2023 2:37:57 PM: GenerateControls:Loaded all Textbox dynamically
5/1/2023 2:37:57 PM: GenerateControls:Loaded all Textbox dynamically
5/1/2023 2:37:57 PM: Started Loading Entity Drop Down
5/1/2023 2:37:58 PM: Finished Loading Entity Drop Down
5/1/2023 2:37:58 PM: BindDocumentType started
5/1/2023 2:37:58 PM: BindDocumentType finished
5/1/2023 2:37:58 PM: BindQueries started
5/1/2023 2:37:58 PM: BindQueries finished
5/1/2023 2:37:58 PM: createControls Started
5/1/2023 2:37:58 PM: createControls Loaded all Textbox dynamically
5/1/2023 2:37:58 PM: createControls Loaded all Textbox dynamically
5/1/2023 2:37:58 PM: createControls Loaded all Textbox dynamically
5/1/2023 2:37:58 PM: createControls Loaded all Textbox dynamically
5/1/2023 2:37:58 PM: createControls Finished
5/1/2023 2:38:09 PM: createControls Started
5/1/2023 2:38:09 PM: createControls Loaded all Textbox dynamically
5/1/2023 2:38:09 PM: createControls Loaded all Textbox dynamically
5/1/2023 2:38:09 PM: createControls Loaded all Textbox dynamically
5/1/2023 2:38:09 PM: createControls Loaded all Textbox dynamically
5/1/2023 2:38:09 PM: createControls Finished
5/1/2023 2:38:22 PM: Merging files: D:\Sachin\Writer\UploadedDocuments\sipcot_uat\1896\2022-06-18\U0lfTEVfMTg5Nl8zMDRfMTAwNA==.pdf
5/1/2023 2:39:39 PM: createControls Started
5/1/2023 2:39:39 PM: createControls Loaded all Textbox dynamically
5/1/2023 2:39:39 PM: createControls Loaded all Textbox dynamically
5/1/2023 2:39:39 PM: createControls Loaded all Textbox dynamically
5/1/2023 2:39:39 PM: createControls Loaded all Textbox dynamically
5/1/2023 2:39:39 PM: createControls Finished
5/1/2023 2:39:46 PM: Merging files: D:\Sachin\Writer\UploadedDocuments\sipcot_uat\1896\2022-06-18\U0lfTEVfMTg5Nl8zMDRfMTAwNA==.pdf
5/1/2023 2:47:27 PM: GetTemplateDetails started
5/1/2023 2:47:27 PM: generatecontrols Started
5/1/2023 2:47:27 PM: GenerateControls:Loaded all Textbox dynamically
5/1/2023 2:47:27 PM: GenerateControls:Loaded all Textbox dynamically
5/1/2023 2:47:27 PM: GenerateControls:Loaded all Textbox dynamically
5/1/2023 2:47:27 PM: GenerateControls:Loaded all Textbox dynamically
5/1/2023 2:47:27 PM: Started Loading Entity Drop Down
5/1/2023 2:47:27 PM: Finished Loading Entity Drop Down
5/1/2023 2:47:27 PM: BindDocumentType started
5/1/2023 2:47:27 PM: BindDocumentType finished
5/1/2023 2:47:27 PM: BindQueries started
5/1/2023 2:47:27 PM: BindQueries finished
5/1/2023 2:47:27 PM: createControls Started
5/1/2023 2:47:27 PM: createControls Loaded all Textbox dynamically
5/1/2023 2:47:27 PM: createControls Loaded all Textbox dynamically
5/1/2023 2:47:27 PM: createControls Loaded all Textbox dynamically
5/1/2023 2:47:27 PM: createControls Loaded all Textbox dynamically
5/1/2023 2:47:27 PM: createControls Finished
5/1/2023 2:47:32 PM: createControls Started
5/1/2023 2:47:32 PM: createControls Loaded all Textbox dynamically
5/1/2023 2:47:32 PM: createControls Loaded all Textbox dynamically
5/1/2023 2:47:32 PM: createControls Loaded all Textbox dynamically
5/1/2023 2:47:32 PM: createControls Loaded all Textbox dynamically
5/1/2023 2:47:32 PM: createControls Finished
5/1/2023 2:47:35 PM: Merging files: D:\Sachin\Writer\UploadedDocuments\sipcot_uat\1896\2022-06-18\U0lfTEVfMTg5Nl8zMDRfMTAwNA==.pdf
5/1/2023 2:47:58 PM: createControls Started
5/1/2023 2:47:58 PM: createControls Loaded all Textbox dynamically
5/1/2023 2:47:58 PM: createControls Loaded all Textbox dynamically
5/1/2023 2:47:58 PM: createControls Loaded all Textbox dynamically
5/1/2023 2:47:58 PM: createControls Loaded all Textbox dynamically
5/1/2023 2:47:58 PM: createControls Finished
5/1/2023 2:48:00 PM: Merging files: D:\Sachin\Writer\UploadedDocuments\sipcot_uat\1896\2022-06-18\U0lfTEVfMTg5Nl8zMDRfMTAwNA==.pdf
5/1/2023 2:48:25 PM: createControls Started
5/1/2023 2:48:25 PM: createControls Loaded all Textbox dynamically
5/1/2023 2:48:25 PM: createControls Loaded all Textbox dynamically
5/1/2023 2:48:25 PM: createControls Loaded all Textbox dynamically
5/1/2023 2:48:25 PM: createControls Loaded all Textbox dynamically
5/1/2023 2:48:25 PM: createControls Finished
5/1/2023 3:06:38 PM: GetTemplateDetails started
5/1/2023 3:06:38 PM: generatecontrols Started
5/1/2023 3:06:38 PM: GenerateControls:Loaded all Textbox dynamically
5/1/2023 3:06:38 PM: GenerateControls:Loaded all Textbox dynamically
5/1/2023 3:06:38 PM: GenerateControls:Loaded all Textbox dynamically
5/1/2023 3:06:38 PM: GenerateControls:Loaded all Textbox dynamically
5/1/2023 3:06:38 PM: Started Loading Entity Drop Down
5/1/2023 3:06:38 PM: Finished Loading Entity Drop Down
5/1/2023 3:06:38 PM: BindDocumentType started
5/1/2023 3:06:38 PM: BindDocumentType finished
5/1/2023 3:06:38 PM: BindQueries started
5/1/2023 3:06:38 PM: BindQueries finished
5/1/2023 3:06:38 PM: createControls Started
5/1/2023 3:06:38 PM: createControls Loaded all Textbox dynamically
5/1/2023 3:06:38 PM: createControls Loaded all Textbox dynamically
5/1/2023 3:06:38 PM: createControls Loaded all Textbox dynamically
5/1/2023 3:06:38 PM: createControls Loaded all Textbox dynamically
5/1/2023 3:06:38 PM: createControls Finished
5/1/2023 3:06:43 PM: createControls Started
5/1/2023 3:06:43 PM: createControls Loaded all Textbox dynamically
5/1/2023 3:06:43 PM: createControls Loaded all Textbox dynamically
5/1/2023 3:06:43 PM: createControls Loaded all Textbox dynamically
5/1/2023 3:06:43 PM: createControls Loaded all Textbox dynamically
5/1/2023 3:06:43 PM: createControls Finished
5/1/2023 3:09:56 PM: GetTemplateDetails started
5/1/2023 3:09:57 PM: generatecontrols Started
5/1/2023 3:09:57 PM: GenerateControls:Loaded all Textbox dynamically
5/1/2023 3:09:57 PM: GenerateControls:Loaded all Textbox dynamically
5/1/2023 3:09:57 PM: GenerateControls:Loaded all Textbox dynamically
5/1/2023 3:09:57 PM: GenerateControls:Loaded all Textbox dynamically
5/1/2023 3:09:57 PM: Started Loading Entity Drop Down
5/1/2023 3:09:57 PM: Finished Loading Entity Drop Down
5/1/2023 3:09:57 PM: BindDocumentType started
5/1/2023 3:09:57 PM: BindDocumentType finished
5/1/2023 3:09:57 PM: BindQueries started
5/1/2023 3:09:57 PM: BindQueries finished
5/1/2023 3:09:57 PM: createControls Started
5/1/2023 3:09:57 PM: createControls Loaded all Textbox dynamically
5/1/2023 3:09:57 PM: createControls Loaded all Textbox dynamically
5/1/2023 3:09:57 PM: createControls Loaded all Textbox dynamically
5/1/2023 3:09:57 PM: createControls Loaded all Textbox dynamically
5/1/2023 3:09:57 PM: createControls Finished
5/1/2023 3:10:02 PM: createControls Started
5/1/2023 3:10:02 PM: createControls Loaded all Textbox dynamically
5/1/2023 3:10:02 PM: createControls Loaded all Textbox dynamically
5/1/2023 3:10:02 PM: createControls Loaded all Textbox dynamically
5/1/2023 3:10:02 PM: createControls Loaded all Textbox dynamically
5/1/2023 3:10:02 PM: createControls Finished
5/1/2023 3:23:35 PM: GetTemplateDetails started
5/1/2023 3:23:35 PM: generatecontrols Started
5/1/2023 3:23:35 PM: GenerateControls:Loaded all Textbox dynamically
5/1/2023 3:23:35 PM: GenerateControls:Loaded all Textbox dynamically
5/1/2023 3:23:35 PM: GenerateControls:Loaded all Textbox dynamically
5/1/2023 3:23:35 PM: GenerateControls:Loaded all Textbox dynamically
5/1/2023 3:23:35 PM: Started Loading Entity Drop Down
5/1/2023 3:23:35 PM: Finished Loading Entity Drop Down
5/1/2023 3:23:35 PM: BindDocumentType started
5/1/2023 3:23:35 PM: BindDocumentType finished
5/1/2023 3:23:35 PM: BindQueries started
5/1/2023 3:23:35 PM: BindQueries finished
5/1/2023 3:23:35 PM: createControls Started
5/1/2023 3:23:35 PM: createControls Loaded all Textbox dynamically
5/1/2023 3:23:35 PM: createControls Loaded all Textbox dynamically
5/1/2023 3:23:35 PM: createControls Loaded all Textbox dynamically
5/1/2023 3:23:35 PM: createControls Loaded all Textbox dynamically
5/1/2023 3:23:35 PM: createControls Finished
5/1/2023 3:23:39 PM: createControls Started
5/1/2023 3:23:39 PM: createControls Loaded all Textbox dynamically
5/1/2023 3:23:39 PM: createControls Loaded all Textbox dynamically
5/1/2023 3:23:39 PM: createControls Loaded all Textbox dynamically
5/1/2023 3:23:39 PM: createControls Loaded all Textbox dynamically
5/1/2023 3:23:39 PM: createControls Finished
5/1/2023 3:25:19 PM: createControls Started
5/1/2023 3:25:19 PM: createControls Loaded all Textbox dynamically
5/1/2023 3:25:19 PM: createControls Loaded all Textbox dynamically
5/1/2023 3:25:19 PM: createControls Loaded all Textbox dynamically
5/1/2023 3:25:19 PM: createControls Loaded all Textbox dynamically
5/1/2023 3:25:19 PM: createControls Finished
5/1/2023 3:28:30 PM: GetTemplateDetails started
5/1/2023 3:28:30 PM: generatecontrols Started
5/1/2023 3:28:30 PM: GenerateControls:Loaded all Textbox dynamically
5/1/2023 3:28:30 PM: GenerateControls:Loaded all Textbox dynamically
5/1/2023 3:28:30 PM: GenerateControls:Loaded all Textbox dynamically
5/1/2023 3:28:30 PM: GenerateControls:Loaded all Textbox dynamically
5/1/2023 3:28:30 PM: Started Loading Entity Drop Down
5/1/2023 3:28:30 PM: Finished Loading Entity Drop Down
5/1/2023 3:28:30 PM: BindDocumentType started
5/1/2023 3:28:30 PM: BindDocumentType finished
5/1/2023 3:28:30 PM: BindQueries started
5/1/2023 3:28:30 PM: BindQueries finished
5/1/2023 3:28:30 PM: createControls Started
5/1/2023 3:28:30 PM: createControls Loaded all Textbox dynamically
5/1/2023 3:28:30 PM: createControls Loaded all Textbox dynamically
5/1/2023 3:28:30 PM: createControls Loaded all Textbox dynamically
5/1/2023 3:28:30 PM: createControls Loaded all Textbox dynamically
5/1/2023 3:28:30 PM: createControls Finished
5/1/2023 3:28:34 PM: createControls Started
5/1/2023 3:28:34 PM: createControls Loaded all Textbox dynamically
5/1/2023 3:28:34 PM: createControls Loaded all Textbox dynamically
5/1/2023 3:28:34 PM: createControls Loaded all Textbox dynamically
5/1/2023 3:28:34 PM: createControls Loaded all Textbox dynamically
5/1/2023 3:28:34 PM: createControls Finished
5/1/2023 7:41:48 PM: GetTemplateDetails started
5/1/2023 7:41:48 PM: generatecontrols Started
5/1/2023 7:41:48 PM: GenerateControls:Loaded all Textbox dynamically
5/1/2023 7:41:48 PM: GenerateControls:Loaded all Textbox dynamically
5/1/2023 7:41:48 PM: GenerateControls:Loaded all Textbox dynamically
5/1/2023 7:41:48 PM: GenerateControls:Loaded all Textbox dynamically
5/1/2023 7:41:48 PM: Started Loading Entity Drop Down
5/1/2023 7:41:49 PM: Finished Loading Entity Drop Down
5/1/2023 7:41:49 PM: BindDocumentType started
5/1/2023 7:41:49 PM: BindDocumentType finished
5/1/2023 7:41:49 PM: BindQueries started
5/1/2023 7:41:49 PM: BindQueries finished
5/1/2023 7:41:49 PM: createControls Started
5/1/2023 7:41:49 PM: createControls Loaded all Textbox dynamically
5/1/2023 7:41:49 PM: createControls Loaded all Textbox dynamically
5/1/2023 7:41:49 PM: createControls Loaded all Textbox dynamically
5/1/2023 7:41:49 PM: createControls Loaded all Textbox dynamically
5/1/2023 7:41:49 PM: createControls Finished
5/1/2023 7:41:57 PM: createControls Started
5/1/2023 7:41:57 PM: createControls Loaded all Textbox dynamically
5/1/2023 7:41:57 PM: createControls Loaded all Textbox dynamically
5/1/2023 7:41:57 PM: createControls Loaded all Textbox dynamically
5/1/2023 7:41:57 PM: createControls Loaded all Textbox dynamically
5/1/2023 7:41:57 PM: createControls Finished
5/1/2023 7:42:14 PM: GetTemplateDetails started
5/1/2023 7:42:14 PM: generatecontrols Started
5/1/2023 7:42:14 PM: GenerateControls:Loaded all Textbox dynamically
5/1/2023 7:42:14 PM: GenerateControls:Loaded all Textbox dynamically
5/1/2023 7:42:14 PM: GenerateControls:Loaded all Textbox dynamically
5/1/2023 7:42:14 PM: GenerateControls:Loaded all Textbox dynamically
5/1/2023 7:42:14 PM: Started Loading Entity Drop Down
5/1/2023 7:42:14 PM: Finished Loading Entity Drop Down
5/1/2023 7:42:15 PM: BindDocumentType started
5/1/2023 7:42:15 PM: BindDocumentType finished
5/1/2023 7:42:15 PM: BindQueries started
5/1/2023 7:42:15 PM: BindQueries finished
5/1/2023 7:42:15 PM: createControls Started
5/1/2023 7:42:15 PM: createControls Loaded all Textbox dynamically
5/1/2023 7:42:15 PM: createControls Loaded all Textbox dynamically
5/1/2023 7:42:15 PM: createControls Loaded all Textbox dynamically
5/1/2023 7:42:15 PM: createControls Loaded all Textbox dynamically
5/1/2023 7:42:15 PM: createControls Finished
5/1/2023 7:42:32 PM: createControls Started
5/1/2023 7:42:32 PM: createControls Loaded all Textbox dynamically
5/1/2023 7:42:32 PM: createControls Loaded all Textbox dynamically
5/1/2023 7:42:33 PM: createControls Loaded all Textbox dynamically
5/1/2023 7:42:33 PM: createControls Loaded all Textbox dynamically
5/1/2023 7:42:33 PM: createControls Finished
5/1/2023 7:42:33 PM: AddQuery started
5/1/2023 7:42:33 PM: btnAddClauseClick started
5/1/2023 7:42:33 PM: btnAddClauseClick finished
5/1/2023 7:42:33 PM: AddQuery finished
5/1/2023 7:42:36 PM: createControls Started
5/1/2023 7:42:36 PM: createControls Loaded all Textbox dynamically
5/1/2023 7:42:36 PM: createControls Loaded all Textbox dynamically
5/1/2023 7:42:36 PM: createControls Loaded all Textbox dynamically
5/1/2023 7:42:36 PM: createControls Loaded all Textbox dynamically
5/1/2023 7:42:36 PM: createControls Finished
5/1/2023 7:42:36 PM: btnPerformQueryClick started
5/1/2023 7:42:36 PM: BuildQuery() executed properly 
5/1/2023 7:42:36 PM: whereclause value 
5/1/2023 7:42:36 PM: From Search click,QueryWhereClause() is executed properly 
5/1/2023 7:42:36 PM: Before searching the details with whereclause : 
5/1/2023 7:42:37 PM: btnPerformQueryClick search result record count 1
5/1/2023 7:42:37 PM: btnPerformQueryClick finished
5/1/2023 7:42:46 PM: GetSginatureDetails Started:-
5/1/2023 7:42:46 PM: GetSginatureDetails Completed:-
5/1/2023 7:42:46 PM: GetTemplateDetails Started
5/1/2023 7:42:47 PM: GetTemplateDetails total record count:1
5/1/2023 7:42:47 PM: Create controls,Load all Textbox dynamic
5/1/2023 7:42:47 PM: Create controls,Load all Textbox dynamic
5/1/2023 7:42:47 PM: Create controls,Load all Textbox dynamic
5/1/2023 7:42:47 PM: Create controls,Load all Textbox dynamic
5/1/2023 7:42:47 PM: GetTemplateDetails Finished
5/1/2023 7:42:47 PM: InitializeDocumentView started
5/1/2023 7:42:47 PM: InitializeDocumentView finished
5/1/2023 7:42:47 PM: Calling database to get annotated images. DocumentId: 292147, Action: GetAnnotatedPages
5/1/2023 7:42:47 PM: Calling database to get annotated images. DocumentId: 292147, Action: GetTaggedPages
5/1/2023 7:42:47 PM: loading pages dropdown for fulltext started
5/1/2023 7:42:47 PM: getAvailablePages Started
5/1/2023 7:42:48 PM: LoadImageToViewer started
5/1/2023 7:42:48 PM: Setting image to viewer. Action:  Page count: 11 Current Page:1
5/1/2023 7:42:48 PM: Converting PDF to JPEG. PDF Path: D:\WDMSDocument\TempWorkFolder\U0lfTEVfMTg5Nl8zMDRfMTAxMQ==\1.pdf Image Name: U0lfTEVfMTg5Nl8zMDRfMTAxMQ== Page No: 1
5/1/2023 7:42:48 PM: Converting PDF to JPEG without applying watermark.
5/1/2023 7:43:09 PM: Setting image to viewer using RegisterStartupScript: http://localhost:55361/generichandler.ashx?f=d://wdmsdocument//tempworkfolder//u0lftevfmtg5nl8zmdrfmtaxmq==jpg//1.jpeg
5/1/2023 7:43:09 PM: Invoke method to get annotations from databnase.
5/1/2023 7:43:09 PM: Get annotations from database.
5/1/2023 7:43:09 PM: Document Id: 292147 Page No: 1
5/1/2023 7:43:09 PM: Invoking method to get annotation data from database. Action: GetAnnotations
5/1/2023 7:43:09 PM: loading pages dropdown for fulltext completed
5/1/2023 7:43:09 PM: MailPanelFill started
5/1/2023 7:43:09 PM: MailPanelFill finished
5/1/2023 7:43:46 PM: GetTemplateDetails started
5/1/2023 7:43:46 PM: generatecontrols Started
5/1/2023 7:43:46 PM: GenerateControls:Loaded all Textbox dynamically
5/1/2023 7:43:46 PM: GenerateControls:Loaded all Textbox dynamically
5/1/2023 7:43:46 PM: GenerateControls:Loaded all Textbox dynamically
5/1/2023 7:43:46 PM: GenerateControls:Loaded all Textbox dynamically
5/1/2023 7:43:46 PM: Started Loading Entity Drop Down
5/1/2023 7:43:46 PM: Finished Loading Entity Drop Down
5/1/2023 7:43:46 PM: BindDocumentType started
5/1/2023 7:43:46 PM: BindDocumentType finished
5/1/2023 7:43:46 PM: BindQueries started
5/1/2023 7:43:46 PM: BindQueries finished
5/1/2023 7:43:46 PM: createControls Started
5/1/2023 7:43:46 PM: createControls Loaded all Textbox dynamically
5/1/2023 7:43:46 PM: createControls Loaded all Textbox dynamically
5/1/2023 7:43:46 PM: createControls Loaded all Textbox dynamically
5/1/2023 7:43:46 PM: createControls Loaded all Textbox dynamically
5/1/2023 7:43:46 PM: createControls Finished
5/1/2023 7:45:14 PM: GetTemplateDetails started
5/1/2023 7:45:14 PM: generatecontrols Started
5/1/2023 7:45:14 PM: GenerateControls:Loaded all Textbox dynamically
5/1/2023 7:45:14 PM: GenerateControls:Loaded all Textbox dynamically
5/1/2023 7:45:14 PM: GenerateControls:Loaded all Textbox dynamically
5/1/2023 7:45:14 PM: GenerateControls:Loaded all Textbox dynamically
5/1/2023 7:45:14 PM: Started Loading Entity Drop Down
5/1/2023 7:45:14 PM: Finished Loading Entity Drop Down
5/1/2023 7:45:14 PM: BindDocumentType started
5/1/2023 7:45:14 PM: BindDocumentType finished
5/1/2023 7:45:14 PM: BindQueries started
5/1/2023 7:45:14 PM: BindQueries finished
5/1/2023 7:45:14 PM: createControls Started
5/1/2023 7:45:15 PM: createControls Loaded all Textbox dynamically
5/1/2023 7:45:15 PM: createControls Loaded all Textbox dynamically
5/1/2023 7:45:15 PM: createControls Loaded all Textbox dynamically
5/1/2023 7:45:15 PM: createControls Loaded all Textbox dynamically
5/1/2023 7:45:15 PM: createControls Finished
5/1/2023 7:51:02 PM: createControls Started
5/1/2023 7:51:02 PM: createControls Loaded all Textbox dynamically
5/1/2023 7:51:02 PM: createControls Loaded all Textbox dynamically
5/1/2023 7:51:02 PM: createControls Loaded all Textbox dynamically
5/1/2023 7:51:02 PM: createControls Loaded all Textbox dynamically
5/1/2023 7:51:02 PM: createControls Finished
5/1/2023 7:57:00 PM: GetTemplateDetails started
5/1/2023 7:57:00 PM: generatecontrols Started
5/1/2023 7:57:00 PM: GenerateControls:Loaded all Textbox dynamically
5/1/2023 7:57:00 PM: GenerateControls:Loaded all Textbox dynamically
5/1/2023 7:57:01 PM: GenerateControls:Loaded all Textbox dynamically
5/1/2023 7:57:01 PM: GenerateControls:Loaded all Textbox dynamically
5/1/2023 7:57:01 PM: Started Loading Entity Drop Down
5/1/2023 7:57:01 PM: Finished Loading Entity Drop Down
5/1/2023 7:57:01 PM: BindDocumentType started
5/1/2023 7:57:01 PM: BindDocumentType finished
5/1/2023 7:57:01 PM: BindQueries started
5/1/2023 7:57:01 PM: BindQueries finished
5/1/2023 7:57:01 PM: createControls Started
5/1/2023 7:57:01 PM: createControls Loaded all Textbox dynamically
5/1/2023 7:57:01 PM: createControls Loaded all Textbox dynamically
5/1/2023 7:57:01 PM: createControls Loaded all Textbox dynamically
5/1/2023 7:57:01 PM: createControls Loaded all Textbox dynamically
5/1/2023 7:57:01 PM: createControls Finished
5/1/2023 7:57:20 PM: createControls Started
5/1/2023 7:57:20 PM: createControls Loaded all Textbox dynamically
5/1/2023 7:57:20 PM: createControls Loaded all Textbox dynamically
5/1/2023 7:57:20 PM: createControls Loaded all Textbox dynamically
5/1/2023 7:57:20 PM: createControls Loaded all Textbox dynamically
5/1/2023 7:57:20 PM: createControls Finished
5/1/2023 7:57:22 PM: createControls Started
5/1/2023 7:57:22 PM: createControls Loaded all Textbox dynamically
5/1/2023 7:57:22 PM: createControls Loaded all Textbox dynamically
5/1/2023 7:57:22 PM: createControls Loaded all Textbox dynamically
5/1/2023 7:57:22 PM: createControls Loaded all Textbox dynamically
5/1/2023 7:57:22 PM: createControls Finished
5/1/2023 7:57:23 PM: createControls Started
5/1/2023 7:57:23 PM: createControls Loaded all Textbox dynamically
5/1/2023 7:57:23 PM: createControls Loaded all Textbox dynamically
5/1/2023 7:57:23 PM: createControls Loaded all Textbox dynamically
5/1/2023 7:57:23 PM: createControls Loaded all Textbox dynamically
5/1/2023 7:57:23 PM: createControls Finished
5/1/2023 7:57:27 PM: createControls Started
5/1/2023 7:57:27 PM: createControls Loaded all Textbox dynamically
5/1/2023 7:57:27 PM: createControls Loaded all Textbox dynamically
5/1/2023 7:57:27 PM: createControls Loaded all Textbox dynamically
5/1/2023 7:57:27 PM: createControls Loaded all Textbox dynamically
5/1/2023 7:57:27 PM: createControls Finished
5/1/2023 7:57:59 PM: GetTemplateDetails started
5/1/2023 7:57:59 PM: generatecontrols Started
5/1/2023 7:57:59 PM: GenerateControls:Loaded all Textbox dynamically
5/1/2023 7:57:59 PM: GenerateControls:Loaded all Textbox dynamically
5/1/2023 7:57:59 PM: GenerateControls:Loaded all Textbox dynamically
5/1/2023 7:57:59 PM: GenerateControls:Loaded all Textbox dynamically
5/1/2023 7:57:59 PM: Started Loading Entity Drop Down
5/1/2023 7:57:59 PM: Finished Loading Entity Drop Down
5/1/2023 7:57:59 PM: BindDocumentType started
5/1/2023 7:58:00 PM: BindDocumentType finished
5/1/2023 7:58:00 PM: BindQueries started
5/1/2023 7:58:00 PM: BindQueries finished
5/1/2023 7:58:00 PM: createControls Started
5/1/2023 7:58:00 PM: createControls Loaded all Textbox dynamically
5/1/2023 7:58:00 PM: createControls Loaded all Textbox dynamically
5/1/2023 7:58:00 PM: createControls Loaded all Textbox dynamically
5/1/2023 7:58:00 PM: createControls Loaded all Textbox dynamically
5/1/2023 7:58:00 PM: createControls Finished
5/1/2023 7:58:04 PM: createControls Started
5/1/2023 7:58:04 PM: createControls Loaded all Textbox dynamically
5/1/2023 7:58:04 PM: createControls Loaded all Textbox dynamically
5/1/2023 7:58:04 PM: createControls Loaded all Textbox dynamically
5/1/2023 7:58:04 PM: createControls Loaded all Textbox dynamically
5/1/2023 7:58:04 PM: createControls Finished
5/1/2023 7:58:16 PM: createControls Started
5/1/2023 7:58:16 PM: createControls Loaded all Textbox dynamically
5/1/2023 7:58:16 PM: createControls Loaded all Textbox dynamically
5/1/2023 7:58:16 PM: createControls Loaded all Textbox dynamically
5/1/2023 7:58:16 PM: createControls Loaded all Textbox dynamically
5/1/2023 7:58:16 PM: createControls Finished
5/1/2023 7:59:46 PM: GetTemplateDetails started
5/1/2023 7:59:46 PM: generatecontrols Started
5/1/2023 7:59:46 PM: GenerateControls:Loaded all Textbox dynamically
5/1/2023 7:59:46 PM: GenerateControls:Loaded all Textbox dynamically
5/1/2023 7:59:46 PM: GenerateControls:Loaded all Textbox dynamically
5/1/2023 7:59:46 PM: GenerateControls:Loaded all Textbox dynamically
5/1/2023 7:59:46 PM: Started Loading Entity Drop Down
5/1/2023 7:59:47 PM: Finished Loading Entity Drop Down
5/1/2023 7:59:47 PM: BindDocumentType started
5/1/2023 7:59:47 PM: BindDocumentType finished
5/1/2023 7:59:47 PM: BindQueries started
5/1/2023 7:59:47 PM: BindQueries finished
5/1/2023 7:59:47 PM: createControls Started
5/1/2023 7:59:47 PM: createControls Loaded all Textbox dynamically
5/1/2023 7:59:47 PM: createControls Loaded all Textbox dynamically
5/1/2023 7:59:47 PM: createControls Loaded all Textbox dynamically
5/1/2023 7:59:47 PM: createControls Loaded all Textbox dynamically
5/1/2023 7:59:47 PM: createControls Finished
5/1/2023 7:59:51 PM: createControls Started
5/1/2023 7:59:51 PM: createControls Loaded all Textbox dynamically
5/1/2023 7:59:51 PM: createControls Loaded all Textbox dynamically
5/1/2023 7:59:51 PM: createControls Loaded all Textbox dynamically
5/1/2023 7:59:51 PM: createControls Loaded all Textbox dynamically
5/1/2023 7:59:51 PM: createControls Finished
5/1/2023 8:04:55 PM: GetTemplateDetails started
5/1/2023 8:04:55 PM: generatecontrols Started
5/1/2023 8:04:56 PM: GenerateControls:Loaded all Textbox dynamically
5/1/2023 8:04:56 PM: GenerateControls:Loaded all Textbox dynamically
5/1/2023 8:04:56 PM: GenerateControls:Loaded all Textbox dynamically
5/1/2023 8:04:56 PM: GenerateControls:Loaded all Textbox dynamically
5/1/2023 8:04:56 PM: Started Loading Entity Drop Down
5/1/2023 8:04:56 PM: Finished Loading Entity Drop Down
5/1/2023 8:04:56 PM: BindDocumentType started
5/1/2023 8:04:56 PM: BindDocumentType finished
5/1/2023 8:04:56 PM: BindQueries started
5/1/2023 8:04:56 PM: BindQueries finished
5/1/2023 8:04:56 PM: createControls Started
5/1/2023 8:04:56 PM: createControls Loaded all Textbox dynamically
5/1/2023 8:04:56 PM: createControls Loaded all Textbox dynamically
5/1/2023 8:04:56 PM: createControls Loaded all Textbox dynamically
5/1/2023 8:04:56 PM: createControls Loaded all Textbox dynamically
5/1/2023 8:04:56 PM: createControls Finished
5/1/2023 8:05:02 PM: createControls Started
5/1/2023 8:05:02 PM: createControls Loaded all Textbox dynamically
5/1/2023 8:05:02 PM: createControls Loaded all Textbox dynamically
5/1/2023 8:05:02 PM: createControls Loaded all Textbox dynamically
5/1/2023 8:05:02 PM: createControls Loaded all Textbox dynamically
5/1/2023 8:05:02 PM: createControls Finished
5/1/2023 8:11:06 PM: GetTemplateDetails started
5/1/2023 8:11:07 PM: generatecontrols Started
5/1/2023 8:11:07 PM: GenerateControls:Loaded all Textbox dynamically
5/1/2023 8:11:07 PM: GenerateControls:Loaded all Textbox dynamically
5/1/2023 8:11:07 PM: GenerateControls:Loaded all Textbox dynamically
5/1/2023 8:11:07 PM: GenerateControls:Loaded all Textbox dynamically
5/1/2023 8:11:07 PM: Started Loading Entity Drop Down
5/1/2023 8:11:07 PM: Finished Loading Entity Drop Down
5/1/2023 8:11:07 PM: BindDocumentType started
5/1/2023 8:11:07 PM: BindDocumentType finished
5/1/2023 8:11:07 PM: BindQueries started
5/1/2023 8:11:07 PM: BindQueries finished
5/1/2023 8:11:07 PM: createControls Started
5/1/2023 8:11:07 PM: createControls Loaded all Textbox dynamically
5/1/2023 8:11:08 PM: createControls Loaded all Textbox dynamically
5/1/2023 8:11:08 PM: createControls Loaded all Textbox dynamically
5/1/2023 8:11:08 PM: createControls Loaded all Textbox dynamically
5/1/2023 8:11:08 PM: createControls Finished
5/1/2023 8:11:12 PM: createControls Started
5/1/2023 8:11:12 PM: createControls Loaded all Textbox dynamically
5/1/2023 8:11:12 PM: createControls Loaded all Textbox dynamically
5/1/2023 8:11:12 PM: createControls Loaded all Textbox dynamically
5/1/2023 8:11:12 PM: createControls Loaded all Textbox dynamically
5/1/2023 8:11:12 PM: createControls Finished
5/1/2023 11:37:40 PM: GetTemplateDetails started
5/1/2023 11:37:40 PM: generatecontrols Started
5/1/2023 11:37:40 PM: GenerateControls:Loaded all Textbox dynamically
5/1/2023 11:37:40 PM: GenerateControls:Loaded all Textbox dynamically
5/1/2023 11:37:40 PM: GenerateControls:Loaded all Textbox dynamically
5/1/2023 11:37:40 PM: GenerateControls:Loaded all Textbox dynamically
5/1/2023 11:37:40 PM: Started Loading Entity Drop Down
5/1/2023 11:37:41 PM: Finished Loading Entity Drop Down
5/1/2023 11:37:41 PM: BindDocumentType started
5/1/2023 11:37:41 PM: BindDocumentType finished
5/1/2023 11:37:41 PM: BindQueries started
5/1/2023 11:37:41 PM: BindQueries finished
5/1/2023 11:37:41 PM: createControls Started
5/1/2023 11:37:41 PM: createControls Loaded all Textbox dynamically
5/1/2023 11:37:41 PM: createControls Loaded all Textbox dynamically
5/1/2023 11:37:41 PM: createControls Loaded all Textbox dynamically
5/1/2023 11:37:41 PM: createControls Loaded all Textbox dynamically
5/1/2023 11:37:41 PM: createControls Finished
5/1/2023 11:37:48 PM: createControls Started
5/1/2023 11:37:48 PM: createControls Loaded all Textbox dynamically
5/1/2023 11:37:48 PM: createControls Loaded all Textbox dynamically
5/1/2023 11:37:48 PM: createControls Loaded all Textbox dynamically
5/1/2023 11:37:48 PM: createControls Loaded all Textbox dynamically
5/1/2023 11:37:48 PM: createControls Finished
5/1/2023 11:40:08 PM: GetTemplateDetails started
5/1/2023 11:40:08 PM: generatecontrols Started
5/1/2023 11:40:08 PM: GenerateControls:Loaded all Textbox dynamically
5/1/2023 11:40:08 PM: GenerateControls:Loaded all Textbox dynamically
5/1/2023 11:40:08 PM: GenerateControls:Loaded all Textbox dynamically
5/1/2023 11:40:08 PM: GenerateControls:Loaded all Textbox dynamically
5/1/2023 11:40:08 PM: Started Loading Entity Drop Down
5/1/2023 11:40:08 PM: Finished Loading Entity Drop Down
5/1/2023 11:40:09 PM: BindDocumentType started
5/1/2023 11:40:09 PM: BindDocumentType finished
5/1/2023 11:40:09 PM: BindQueries started
5/1/2023 11:40:09 PM: BindQueries finished
5/1/2023 11:40:09 PM: createControls Started
5/1/2023 11:40:09 PM: createControls Loaded all Textbox dynamically
5/1/2023 11:40:09 PM: createControls Loaded all Textbox dynamically
5/1/2023 11:40:09 PM: createControls Loaded all Textbox dynamically
5/1/2023 11:40:09 PM: createControls Loaded all Textbox dynamically
5/1/2023 11:40:09 PM: createControls Finished
5/1/2023 11:40:17 PM: createControls Started
5/1/2023 11:40:17 PM: createControls Loaded all Textbox dynamically
5/1/2023 11:40:17 PM: createControls Loaded all Textbox dynamically
5/1/2023 11:40:17 PM: createControls Loaded all Textbox dynamically
5/1/2023 11:40:17 PM: createControls Loaded all Textbox dynamically
5/1/2023 11:40:17 PM: createControls Finished
