4/10/2023 3:06:30 PM: BindDocumentType started
4/10/2023 3:06:30 PM: BindDocumentType finished
4/10/2023 3:06:38 PM: BindDocumentType started
4/10/2023 3:06:38 PM: BindDocumentType finished
4/10/2023 3:07:02 PM: BindDocumentType started
4/10/2023 3:07:02 PM: BindDocumentType finished
4/10/2023 3:08:10 PM: BindDocumentType started
4/10/2023 3:08:10 PM: BindDocumentType finished
4/10/2023 3:08:14 PM: BindDocumentType started
4/10/2023 3:08:14 PM: BindDocumentType finished
4/10/2023 3:08:15 PM: BindDocumentType started
4/10/2023 3:08:15 PM: BindDocumentType finished
4/10/2023 3:08:43 PM: BindDocumentType started
4/10/2023 3:08:43 PM: BindDocumentType finished
4/10/2023 3:09:03 PM: BindDocumentType started
4/10/2023 3:09:03 PM: BindDocumentType finished
4/10/2023 3:11:30 PM: BindDocumentType started
4/10/2023 3:11:30 PM: BindDocumentType finished
4/10/2023 3:11:34 PM: BindDocumentType started
4/10/2023 3:11:34 PM: BindDocumentType finished
4/10/2023 3:11:34 PM: BindDocumentType started
4/10/2023 3:11:34 PM: BindDocumentType finished
4/10/2023 3:11:35 PM: BindDocumentType started
4/10/2023 3:11:35 PM: BindDocumentType finished
4/10/2023 3:11:35 PM: BindDocumentType started
4/10/2023 3:11:35 PM: BindDocumentType finished
4/10/2023 3:12:35 PM: BindDocumentType started
4/10/2023 3:12:35 PM: BindDocumentType finished
4/10/2023 3:14:08 PM: BindDocumentType started
4/10/2023 3:14:08 PM: BindDocumentType finished
4/10/2023 3:14:47 PM: BindDocumentType started
4/10/2023 3:14:48 PM: BindDocumentType finished
4/10/2023 3:14:51 PM: BindDocumentType started
4/10/2023 3:14:51 PM: BindDocumentType finished
4/10/2023 3:14:52 PM: BindDocumentType started
4/10/2023 3:14:52 PM: BindDocumentType finished
4/10/2023 3:14:52 PM: BindDocumentType started
4/10/2023 3:14:52 PM: BindDocumentType finished
4/10/2023 3:14:52 PM: BindDocumentType started
4/10/2023 3:14:52 PM: BindDocumentType finished
4/10/2023 3:16:00 PM: BindDocumentType started
4/10/2023 3:16:00 PM: BindDocumentType finished
4/10/2023 3:16:51 PM: BindDocumentType started
4/10/2023 3:16:51 PM: BindDocumentType finished
4/10/2023 3:17:18 PM: BindDocumentType started
4/10/2023 3:17:18 PM: BindDocumentType finished
4/10/2023 3:17:37 PM: BindDocumentType started
4/10/2023 3:17:37 PM: BindDocumentType finished
4/10/2023 3:17:38 PM: BindDocumentType started
4/10/2023 3:17:38 PM: BindDocumentType finished
4/10/2023 3:18:11 PM: BindDocumentType started
4/10/2023 3:18:11 PM: BindDocumentType finished
4/10/2023 3:18:47 PM: BindDocumentType started
4/10/2023 3:18:47 PM: BindDocumentType finished
4/10/2023 3:18:50 PM: BindDocumentType started
4/10/2023 3:18:50 PM: BindDocumentType finished
4/10/2023 3:18:52 PM: BindDocumentType started
4/10/2023 3:18:52 PM: BindDocumentType finished
4/10/2023 3:19:23 PM: BindDocumentType started
4/10/2023 3:19:23 PM: BindDocumentType finished
4/10/2023 3:19:44 PM: BindDocumentType started
4/10/2023 3:19:44 PM: BindDocumentType finished
4/10/2023 3:25:44 PM: BindDocumentType started
4/10/2023 3:25:44 PM: BindDocumentType finished
4/10/2023 3:25:49 PM: BindDocumentType started
4/10/2023 3:25:50 PM: BindDocumentType finished
4/10/2023 3:25:50 PM: BindDocumentType started
4/10/2023 3:25:50 PM: BindDocumentType finished
4/10/2023 3:25:50 PM: BindDocumentType started
4/10/2023 3:25:50 PM: BindDocumentType finished
4/10/2023 3:38:01 PM: BindDocumentType started
4/10/2023 3:38:01 PM: BindDocumentType finished
4/10/2023 4:01:02 PM: BindDocumentType started
4/10/2023 4:01:02 PM: BindDocumentType finished
4/10/2023 4:01:05 PM: BindDocumentType started
4/10/2023 4:01:05 PM: BindDocumentType finished
4/10/2023 4:05:17 PM: createControls Started
4/10/2023 4:05:18 PM: createControls Loaded all Textbox dynamically
4/10/2023 4:05:18 PM: createControls Loaded all Textbox dynamically
4/10/2023 4:05:18 PM: createControls Loaded all Textbox dynamically
4/10/2023 4:05:18 PM: createControls Loaded all Textbox dynamically
4/10/2023 4:05:18 PM: createControls Finished
4/10/2023 4:05:18 PM: GetTemplateDetails started
4/10/2023 4:05:18 PM: generatecontrols Started
4/10/2023 4:05:18 PM: GenerateControls:Loaded all Textbox dynamically
4/10/2023 4:05:18 PM: GenerateControls:Loaded all Textbox dynamically
4/10/2023 4:05:18 PM: GenerateControls:Loaded all Textbox dynamically
4/10/2023 4:05:18 PM: GenerateControls:Loaded all Textbox dynamically
4/10/2023 4:05:18 PM: createControls Started
4/10/2023 4:05:18 PM: createControls Loaded all Textbox dynamically
4/10/2023 4:05:18 PM: createControls Loaded all Textbox dynamically
4/10/2023 4:05:18 PM: createControls Loaded all Textbox dynamically
4/10/2023 4:05:18 PM: createControls Loaded all Textbox dynamically
4/10/2023 4:05:18 PM: createControls Finished
4/10/2023 4:05:18 PM: GetTemplateDetails started
4/10/2023 4:05:18 PM: generatecontrols Started
4/10/2023 4:05:18 PM: GenerateControls:Loaded all Textbox dynamically
4/10/2023 4:05:18 PM: GenerateControls:Loaded all Textbox dynamically
4/10/2023 4:05:18 PM: GenerateControls:Loaded all Textbox dynamically
4/10/2023 4:05:18 PM: GenerateControls:Loaded all Textbox dynamically
4/10/2023 4:05:18 PM: Started Loading Entity Drop Down
4/10/2023 4:05:19 PM: Finished Loading Entity Drop Down
4/10/2023 4:06:47 PM: BindDocumentType started
4/10/2023 4:06:47 PM: BindDocumentType finished
4/10/2023 4:06:52 PM: createControls Started
4/10/2023 4:06:52 PM: createControls Loaded all Textbox dynamically
4/10/2023 4:06:52 PM: createControls Loaded all Textbox dynamically
4/10/2023 4:06:52 PM: createControls Loaded all Textbox dynamically
4/10/2023 4:06:52 PM: createControls Loaded all Textbox dynamically
4/10/2023 4:06:52 PM: createControls Finished
4/10/2023 4:06:52 PM: GetTemplateDetails started
4/10/2023 4:06:52 PM: generatecontrols Started
4/10/2023 4:06:52 PM: GenerateControls:Loaded all Textbox dynamically
4/10/2023 4:06:52 PM: GenerateControls:Loaded all Textbox dynamically
4/10/2023 4:06:52 PM: GenerateControls:Loaded all Textbox dynamically
4/10/2023 4:06:52 PM: GenerateControls:Loaded all Textbox dynamically
4/10/2023 4:06:54 PM: createControls Started
4/10/2023 4:06:54 PM: createControls Loaded all Textbox dynamically
4/10/2023 4:06:54 PM: createControls Loaded all Textbox dynamically
4/10/2023 4:06:54 PM: createControls Loaded all Textbox dynamically
4/10/2023 4:06:54 PM: createControls Loaded all Textbox dynamically
4/10/2023 4:06:54 PM: createControls Finished
4/10/2023 4:06:54 PM: Started Loading Entity Drop Down
4/10/2023 4:06:54 PM: Finished Loading Entity Drop Down
4/10/2023 4:07:34 PM: BindDocumentType started
4/10/2023 4:07:34 PM: BindDocumentType finished
4/10/2023 4:07:37 PM: BindDocumentType started
4/10/2023 4:07:37 PM: BindDocumentType finished
4/10/2023 4:07:43 PM: createControls Started
4/10/2023 4:07:43 PM: createControls Loaded all Textbox dynamically
4/10/2023 4:07:43 PM: createControls Loaded all Textbox dynamically
4/10/2023 4:07:43 PM: createControls Loaded all Textbox dynamically
4/10/2023 4:07:43 PM: createControls Loaded all Textbox dynamically
4/10/2023 4:07:43 PM: createControls Finished
4/10/2023 4:07:43 PM: GetTemplateDetails started
4/10/2023 4:07:43 PM: generatecontrols Started
4/10/2023 4:07:43 PM: GenerateControls:Loaded all Textbox dynamically
4/10/2023 4:07:43 PM: GenerateControls:Loaded all Textbox dynamically
4/10/2023 4:07:43 PM: GenerateControls:Loaded all Textbox dynamically
4/10/2023 4:07:43 PM: GenerateControls:Loaded all Textbox dynamically
4/10/2023 4:07:44 PM: createControls Started
4/10/2023 4:07:44 PM: createControls Loaded all Textbox dynamically
4/10/2023 4:07:44 PM: createControls Loaded all Textbox dynamically
4/10/2023 4:07:44 PM: createControls Loaded all Textbox dynamically
4/10/2023 4:07:44 PM: createControls Loaded all Textbox dynamically
4/10/2023 4:07:44 PM: createControls Finished
4/10/2023 4:07:44 PM: Started Loading Entity Drop Down
4/10/2023 4:07:44 PM: Finished Loading Entity Drop Down
4/10/2023 4:07:47 PM: BindDocumentType started
4/10/2023 4:07:47 PM: BindDocumentType finished
4/10/2023 4:07:47 PM: BindDocumentType started
4/10/2023 4:07:47 PM: BindDocumentType finished
4/10/2023 4:07:55 PM: createControls Started
4/10/2023 4:07:55 PM: createControls Loaded all Textbox dynamically
4/10/2023 4:07:55 PM: createControls Loaded all Textbox dynamically
4/10/2023 4:07:55 PM: createControls Loaded all Textbox dynamically
4/10/2023 4:07:55 PM: createControls Loaded all Textbox dynamically
4/10/2023 4:07:55 PM: createControls Finished
4/10/2023 4:07:55 PM: GetTemplateDetails started
4/10/2023 4:07:55 PM: generatecontrols Started
4/10/2023 4:07:55 PM: GenerateControls:Loaded all Textbox dynamically
4/10/2023 4:07:55 PM: GenerateControls:Loaded all Textbox dynamically
4/10/2023 4:07:55 PM: GenerateControls:Loaded all Textbox dynamically
4/10/2023 4:07:55 PM: GenerateControls:Loaded all Textbox dynamically
4/10/2023 4:07:56 PM: createControls Started
4/10/2023 4:07:56 PM: createControls Loaded all Textbox dynamically
4/10/2023 4:07:56 PM: createControls Loaded all Textbox dynamically
4/10/2023 4:07:56 PM: createControls Loaded all Textbox dynamically
4/10/2023 4:07:56 PM: createControls Loaded all Textbox dynamically
4/10/2023 4:07:56 PM: createControls Finished
4/10/2023 4:07:56 PM: Started Loading Entity Drop Down
4/10/2023 4:07:56 PM: Finished Loading Entity Drop Down
4/10/2023 4:08:46 PM: BindDocumentType started
4/10/2023 4:08:46 PM: BindDocumentType finished
4/10/2023 4:08:52 PM: createControls Started
4/10/2023 4:08:52 PM: createControls Loaded all Textbox dynamically
4/10/2023 4:08:52 PM: createControls Loaded all Textbox dynamically
4/10/2023 4:08:52 PM: createControls Loaded all Textbox dynamically
4/10/2023 4:08:52 PM: createControls Loaded all Textbox dynamically
4/10/2023 4:08:52 PM: createControls Finished
4/10/2023 4:08:52 PM: GetTemplateDetails started
4/10/2023 4:08:52 PM: generatecontrols Started
4/10/2023 4:08:52 PM: GenerateControls:Loaded all Textbox dynamically
4/10/2023 4:08:52 PM: GenerateControls:Loaded all Textbox dynamically
4/10/2023 4:08:52 PM: GenerateControls:Loaded all Textbox dynamically
4/10/2023 4:08:52 PM: GenerateControls:Loaded all Textbox dynamically
4/10/2023 4:08:53 PM: createControls Started
4/10/2023 4:08:53 PM: createControls Loaded all Textbox dynamically
4/10/2023 4:08:53 PM: createControls Loaded all Textbox dynamically
4/10/2023 4:08:53 PM: createControls Loaded all Textbox dynamically
4/10/2023 4:08:53 PM: createControls Loaded all Textbox dynamically
4/10/2023 4:08:53 PM: createControls Finished
4/10/2023 4:08:53 PM: Started Loading Entity Drop Down
4/10/2023 4:08:53 PM: Finished Loading Entity Drop Down
4/10/2023 4:10:17 PM: BindDocumentType started
4/10/2023 4:10:17 PM: BindDocumentType finished
4/10/2023 4:10:21 PM: createControls Started
4/10/2023 4:10:21 PM: createControls Loaded all Textbox dynamically
4/10/2023 4:10:21 PM: createControls Loaded all Textbox dynamically
4/10/2023 4:10:21 PM: createControls Loaded all Textbox dynamically
4/10/2023 4:10:21 PM: createControls Loaded all Textbox dynamically
4/10/2023 4:10:21 PM: createControls Finished
4/10/2023 4:10:21 PM: GetTemplateDetails started
4/10/2023 4:10:21 PM: generatecontrols Started
4/10/2023 4:10:21 PM: GenerateControls:Loaded all Textbox dynamically
4/10/2023 4:10:21 PM: GenerateControls:Loaded all Textbox dynamically
4/10/2023 4:10:21 PM: GenerateControls:Loaded all Textbox dynamically
4/10/2023 4:10:21 PM: GenerateControls:Loaded all Textbox dynamically
4/10/2023 4:10:22 PM: BindDocumentType started
4/10/2023 4:10:22 PM: BindDocumentType finished
4/10/2023 4:10:25 PM: BindDocumentType started
4/10/2023 4:10:25 PM: BindDocumentType finished
4/10/2023 4:10:29 PM: createControls Started
4/10/2023 4:10:29 PM: createControls Loaded all Textbox dynamically
4/10/2023 4:10:29 PM: createControls Loaded all Textbox dynamically
4/10/2023 4:10:29 PM: createControls Loaded all Textbox dynamically
4/10/2023 4:10:29 PM: createControls Loaded all Textbox dynamically
4/10/2023 4:10:29 PM: createControls Finished
4/10/2023 4:10:29 PM: GetTemplateDetails started
4/10/2023 4:10:29 PM: generatecontrols Started
4/10/2023 4:10:29 PM: GenerateControls:Loaded all Textbox dynamically
4/10/2023 4:10:29 PM: GenerateControls:Loaded all Textbox dynamically
4/10/2023 4:10:29 PM: GenerateControls:Loaded all Textbox dynamically
4/10/2023 4:10:29 PM: GenerateControls:Loaded all Textbox dynamically
4/10/2023 4:10:30 PM: createControls Started
4/10/2023 4:10:30 PM: createControls Loaded all Textbox dynamically
4/10/2023 4:10:30 PM: createControls Loaded all Textbox dynamically
4/10/2023 4:10:30 PM: createControls Loaded all Textbox dynamically
4/10/2023 4:10:30 PM: createControls Loaded all Textbox dynamically
4/10/2023 4:10:30 PM: createControls Finished
4/10/2023 4:10:30 PM: Started Loading Entity Drop Down
4/10/2023 4:10:30 PM: Finished Loading Entity Drop Down
4/10/2023 4:11:09 PM: BindDocumentType started
4/10/2023 4:11:09 PM: BindDocumentType finished
4/10/2023 4:11:13 PM: createControls Started
4/10/2023 4:11:13 PM: createControls Loaded all Textbox dynamically
4/10/2023 4:11:13 PM: createControls Loaded all Textbox dynamically
4/10/2023 4:11:13 PM: createControls Loaded all Textbox dynamically
4/10/2023 4:11:13 PM: createControls Loaded all Textbox dynamically
4/10/2023 4:11:13 PM: createControls Finished
4/10/2023 4:11:13 PM: GetTemplateDetails started
4/10/2023 4:11:13 PM: generatecontrols Started
4/10/2023 4:11:14 PM: GenerateControls:Loaded all Textbox dynamically
4/10/2023 4:11:14 PM: GenerateControls:Loaded all Textbox dynamically
4/10/2023 4:11:14 PM: GenerateControls:Loaded all Textbox dynamically
4/10/2023 4:11:14 PM: GenerateControls:Loaded all Textbox dynamically
4/10/2023 4:11:14 PM: createControls Started
4/10/2023 4:11:15 PM: createControls Loaded all Textbox dynamically
4/10/2023 4:11:15 PM: createControls Loaded all Textbox dynamically
4/10/2023 4:11:15 PM: createControls Loaded all Textbox dynamically
4/10/2023 4:11:15 PM: createControls Loaded all Textbox dynamically
4/10/2023 4:11:15 PM: createControls Finished
4/10/2023 4:11:15 PM: Started Loading Entity Drop Down
4/10/2023 4:11:15 PM: Finished Loading Entity Drop Down
4/10/2023 4:13:59 PM: BindDocumentType started
4/10/2023 4:13:59 PM: BindDocumentType finished
4/10/2023 4:14:06 PM: createControls Started
4/10/2023 4:14:06 PM: createControls Loaded all Textbox dynamically
4/10/2023 4:14:06 PM: createControls Loaded all Textbox dynamically
4/10/2023 4:14:06 PM: createControls Loaded all Textbox dynamically
4/10/2023 4:14:06 PM: createControls Loaded all Textbox dynamically
4/10/2023 4:14:06 PM: createControls Finished
4/10/2023 4:14:06 PM: GetTemplateDetails started
4/10/2023 4:14:06 PM: generatecontrols Started
4/10/2023 4:14:06 PM: GenerateControls:Loaded all Textbox dynamically
4/10/2023 4:14:06 PM: GenerateControls:Loaded all Textbox dynamically
4/10/2023 4:14:06 PM: GenerateControls:Loaded all Textbox dynamically
4/10/2023 4:14:06 PM: GenerateControls:Loaded all Textbox dynamically
4/10/2023 4:14:13 PM: createControls Started
4/10/2023 4:14:13 PM: createControls Loaded all Textbox dynamically
4/10/2023 4:14:13 PM: createControls Loaded all Textbox dynamically
4/10/2023 4:14:13 PM: createControls Loaded all Textbox dynamically
4/10/2023 4:14:13 PM: createControls Loaded all Textbox dynamically
4/10/2023 4:14:13 PM: createControls Finished
4/10/2023 4:14:13 PM: Started Loading Entity Drop Down
4/10/2023 4:14:13 PM: Finished Loading Entity Drop Down
4/10/2023 4:16:15 PM: BindDocumentType started
4/10/2023 4:16:15 PM: BindDocumentType finished
4/10/2023 4:16:26 PM: createControls Started
4/10/2023 4:16:26 PM: createControls Loaded all Textbox dynamically
4/10/2023 4:16:26 PM: createControls Loaded all Textbox dynamically
4/10/2023 4:16:26 PM: createControls Loaded all Textbox dynamically
4/10/2023 4:16:26 PM: createControls Loaded all Textbox dynamically
4/10/2023 4:16:26 PM: createControls Finished
4/10/2023 4:16:26 PM: GetTemplateDetails started
4/10/2023 4:16:26 PM: generatecontrols Started
4/10/2023 4:16:26 PM: GenerateControls:Loaded all Textbox dynamically
4/10/2023 4:16:26 PM: GenerateControls:Loaded all Textbox dynamically
4/10/2023 4:16:26 PM: GenerateControls:Loaded all Textbox dynamically
4/10/2023 4:16:26 PM: GenerateControls:Loaded all Textbox dynamically
4/10/2023 4:16:26 PM: createControls Started
4/10/2023 4:16:26 PM: createControls Loaded all Textbox dynamically
4/10/2023 4:16:26 PM: createControls Loaded all Textbox dynamically
4/10/2023 4:16:26 PM: createControls Loaded all Textbox dynamically
4/10/2023 4:16:26 PM: createControls Loaded all Textbox dynamically
4/10/2023 4:16:26 PM: createControls Finished
4/10/2023 4:16:27 PM: Started Loading Entity Drop Down
4/10/2023 4:16:27 PM: Finished Loading Entity Drop Down
4/10/2023 5:24:34 PM: BindDocumentType started
4/10/2023 5:24:34 PM: BindDocumentType finished
4/10/2023 5:24:49 PM: createControls Started
4/10/2023 5:24:49 PM: createControls Loaded all Textbox dynamically
4/10/2023 5:24:49 PM: createControls Loaded all Textbox dynamically
4/10/2023 5:24:49 PM: createControls Loaded all Textbox dynamically
4/10/2023 5:24:49 PM: createControls Loaded all Textbox dynamically
4/10/2023 5:24:49 PM: createControls Finished
4/10/2023 5:24:49 PM: GetTemplateDetails started
4/10/2023 5:24:49 PM: generatecontrols Started
4/10/2023 5:24:49 PM: GenerateControls:Loaded all Textbox dynamically
4/10/2023 5:24:49 PM: GenerateControls:Loaded all Textbox dynamically
4/10/2023 5:24:49 PM: GenerateControls:Loaded all Textbox dynamically
4/10/2023 5:24:49 PM: GenerateControls:Loaded all Textbox dynamically
4/10/2023 5:24:50 PM: createControls Started
4/10/2023 5:24:50 PM: createControls Loaded all Textbox dynamically
4/10/2023 5:24:50 PM: createControls Loaded all Textbox dynamically
4/10/2023 5:24:50 PM: createControls Loaded all Textbox dynamically
4/10/2023 5:24:50 PM: createControls Loaded all Textbox dynamically
4/10/2023 5:24:50 PM: createControls Finished
4/10/2023 5:24:50 PM: Started Loading Entity Drop Down
4/10/2023 5:24:50 PM: Finished Loading Entity Drop Down
4/10/2023 5:24:53 PM: createControls Started
4/10/2023 5:24:53 PM: createControls Loaded all Textbox dynamically
4/10/2023 5:24:53 PM: createControls Loaded all Textbox dynamically
4/10/2023 5:24:53 PM: createControls Loaded all Textbox dynamically
4/10/2023 5:24:53 PM: createControls Loaded all Textbox dynamically
4/10/2023 5:24:53 PM: createControls Finished
4/10/2023 5:25:54 PM: createControls Started
4/10/2023 5:25:54 PM: createControls Loaded all Textbox dynamically
4/10/2023 5:25:54 PM: createControls Loaded all Textbox dynamically
4/10/2023 5:25:54 PM: createControls Loaded all Textbox dynamically
4/10/2023 5:25:54 PM: createControls Loaded all Textbox dynamically
4/10/2023 5:25:54 PM: createControls Finished
4/10/2023 5:30:35 PM: BindDocumentType started
4/10/2023 5:30:35 PM: BindDocumentType finished
4/10/2023 5:30:42 PM: createControls Started
4/10/2023 5:30:42 PM: createControls Loaded all Textbox dynamically
4/10/2023 5:30:42 PM: createControls Loaded all Textbox dynamically
4/10/2023 5:30:42 PM: createControls Loaded all Textbox dynamically
4/10/2023 5:30:42 PM: createControls Loaded all Textbox dynamically
4/10/2023 5:30:42 PM: createControls Finished
4/10/2023 5:30:42 PM: GetTemplateDetails started
4/10/2023 5:30:42 PM: generatecontrols Started
4/10/2023 5:30:42 PM: GenerateControls:Loaded all Textbox dynamically
4/10/2023 5:30:42 PM: GenerateControls:Loaded all Textbox dynamically
4/10/2023 5:30:42 PM: GenerateControls:Loaded all Textbox dynamically
4/10/2023 5:30:42 PM: GenerateControls:Loaded all Textbox dynamically
4/10/2023 5:30:44 PM: createControls Started
4/10/2023 5:30:44 PM: createControls Loaded all Textbox dynamically
4/10/2023 5:30:44 PM: createControls Loaded all Textbox dynamically
4/10/2023 5:30:44 PM: createControls Loaded all Textbox dynamically
4/10/2023 5:30:44 PM: createControls Loaded all Textbox dynamically
4/10/2023 5:30:44 PM: createControls Finished
4/10/2023 5:30:44 PM: Started Loading Entity Drop Down
4/10/2023 5:30:44 PM: Finished Loading Entity Drop Down
4/10/2023 5:30:48 PM: createControls Started
4/10/2023 5:30:48 PM: createControls Loaded all Textbox dynamically
4/10/2023 5:30:48 PM: createControls Loaded all Textbox dynamically
4/10/2023 5:30:48 PM: createControls Loaded all Textbox dynamically
4/10/2023 5:30:48 PM: createControls Loaded all Textbox dynamically
4/10/2023 5:30:48 PM: createControls Finished
4/10/2023 5:31:19 PM: createControls Started
4/10/2023 5:31:19 PM: createControls Loaded all Textbox dynamically
4/10/2023 5:31:19 PM: createControls Loaded all Textbox dynamically
4/10/2023 5:31:19 PM: createControls Loaded all Textbox dynamically
4/10/2023 5:31:19 PM: createControls Loaded all Textbox dynamically
4/10/2023 5:31:19 PM: createControls Finished
4/10/2023 5:32:40 PM: createControls Started
4/10/2023 5:32:40 PM: createControls Loaded all Textbox dynamically
4/10/2023 5:32:40 PM: createControls Loaded all Textbox dynamically
4/10/2023 5:32:40 PM: createControls Loaded all Textbox dynamically
4/10/2023 5:32:40 PM: createControls Loaded all Textbox dynamically
4/10/2023 5:32:40 PM: createControls Finished
4/10/2023 5:32:40 PM: Started Loading Entity Drop Down
4/10/2023 5:32:42 PM: Finished Loading Entity Drop Down
4/10/2023 5:32:47 PM: createControls Started
4/10/2023 5:32:47 PM: createControls Loaded all Textbox dynamically
4/10/2023 5:32:47 PM: createControls Loaded all Textbox dynamically
4/10/2023 5:32:47 PM: createControls Loaded all Textbox dynamically
4/10/2023 5:32:47 PM: createControls Loaded all Textbox dynamically
4/10/2023 5:32:47 PM: createControls Finished
4/10/2023 5:32:47 PM: Started Loading Entity Drop Down
