4/29/2023 11:54:37 AM: GetTemplateDetails started
4/29/2023 11:54:37 AM: generatecontrols Started
4/29/2023 11:54:37 AM: GenerateControls:Loaded all Textbox dynamically
4/29/2023 11:54:37 AM: GenerateControls:Loaded all Textbox dynamically
4/29/2023 11:54:37 AM: GenerateControls:Loaded all Textbox dynamically
4/29/2023 11:54:37 AM: GenerateControls:Loaded all Textbox dynamically
4/29/2023 11:54:38 AM: Started Loading Entity Drop Down
4/29/2023 12:03:54 PM: Finished Loading Entity Drop Down
4/29/2023 12:03:55 PM: BindDocumentType started
4/29/2023 12:03:55 PM: BindDocumentType finished
4/29/2023 12:03:55 PM: BindQueries started
4/29/2023 12:03:56 PM: BindQueries finished
4/29/2023 12:03:56 PM: createControls Started
4/29/2023 12:03:56 PM: createControls Loaded all Textbox dynamically
4/29/2023 12:03:56 PM: createControls Loaded all Textbox dynamically
4/29/2023 12:03:56 PM: createControls Loaded all Textbox dynamically
4/29/2023 12:03:56 PM: createControls Loaded all Textbox dynamically
4/29/2023 12:03:56 PM: createControls Finished
4/29/2023 12:09:51 PM: GetTemplateDetails started
4/29/2023 12:09:51 PM: generatecontrols Started
4/29/2023 12:09:51 PM: GenerateControls:Loaded all Textbox dynamically
4/29/2023 12:09:51 PM: GenerateControls:Loaded all Textbox dynamically
4/29/2023 12:09:51 PM: GenerateControls:Loaded all Textbox dynamically
4/29/2023 12:09:51 PM: GenerateControls:Loaded all Textbox dynamically
4/29/2023 12:09:51 PM: Started Loading Entity Drop Down
4/29/2023 12:10:10 PM: Finished Loading Entity Drop Down
4/29/2023 12:10:10 PM: BindDocumentType started
4/29/2023 12:10:10 PM: BindDocumentType finished
4/29/2023 12:10:10 PM: BindQueries started
4/29/2023 12:10:10 PM: BindQueries finished
4/29/2023 12:10:10 PM: createControls Started
4/29/2023 12:10:10 PM: createControls Loaded all Textbox dynamically
4/29/2023 12:10:10 PM: createControls Loaded all Textbox dynamically
4/29/2023 12:10:10 PM: createControls Loaded all Textbox dynamically
4/29/2023 12:10:10 PM: createControls Loaded all Textbox dynamically
4/29/2023 12:10:10 PM: createControls Finished
4/29/2023 12:10:29 PM: GetTemplateDetails started
4/29/2023 12:10:29 PM: generatecontrols Started
4/29/2023 12:10:29 PM: GenerateControls:Loaded all Textbox dynamically
4/29/2023 12:10:29 PM: GenerateControls:Loaded all Textbox dynamically
4/29/2023 12:10:29 PM: GenerateControls:Loaded all Textbox dynamically
4/29/2023 12:10:29 PM: GenerateControls:Loaded all Textbox dynamically
4/29/2023 12:10:29 PM: Started Loading Entity Drop Down
4/29/2023 12:11:05 PM: Finished Loading Entity Drop Down
4/29/2023 12:11:28 PM: BindDocumentType started
4/29/2023 12:11:28 PM: BindDocumentType finished
4/29/2023 12:11:28 PM: BindQueries started
4/29/2023 12:11:28 PM: BindQueries finished
4/29/2023 12:11:28 PM: createControls Started
4/29/2023 12:11:28 PM: createControls Loaded all Textbox dynamically
4/29/2023 12:11:28 PM: createControls Loaded all Textbox dynamically
4/29/2023 12:11:28 PM: createControls Loaded all Textbox dynamically
4/29/2023 12:11:28 PM: createControls Loaded all Textbox dynamically
4/29/2023 12:11:28 PM: createControls Finished
4/29/2023 12:14:21 PM: GetTemplateDetails started
4/29/2023 12:14:21 PM: generatecontrols Started
4/29/2023 12:14:21 PM: GenerateControls:Loaded all Textbox dynamically
4/29/2023 12:14:21 PM: GenerateControls:Loaded all Textbox dynamically
4/29/2023 12:14:21 PM: GenerateControls:Loaded all Textbox dynamically
4/29/2023 12:14:21 PM: GenerateControls:Loaded all Textbox dynamically
4/29/2023 12:14:21 PM: Started Loading Entity Drop Down
4/29/2023 12:14:26 PM: Finished Loading Entity Drop Down
4/29/2023 12:14:26 PM: BindDocumentType started
4/29/2023 12:14:26 PM: BindDocumentType finished
4/29/2023 12:14:26 PM: BindQueries started
4/29/2023 12:14:26 PM: BindQueries finished
4/29/2023 12:14:26 PM: createControls Started
4/29/2023 12:14:26 PM: createControls Loaded all Textbox dynamically
4/29/2023 12:14:26 PM: createControls Loaded all Textbox dynamically
4/29/2023 12:14:26 PM: createControls Loaded all Textbox dynamically
4/29/2023 12:14:26 PM: createControls Loaded all Textbox dynamically
4/29/2023 12:14:26 PM: createControls Finished
4/29/2023 12:14:29 PM: createControls Started
4/29/2023 12:14:29 PM: createControls Loaded all Textbox dynamically
4/29/2023 12:14:29 PM: createControls Loaded all Textbox dynamically
4/29/2023 12:14:29 PM: createControls Loaded all Textbox dynamically
4/29/2023 12:14:29 PM: createControls Loaded all Textbox dynamically
4/29/2023 12:14:29 PM: createControls Finished
4/29/2023 12:14:29 PM: Started Loading Entity Drop Down
4/29/2023 12:14:32 PM: Finished Loading Entity Drop Down
4/29/2023 12:16:43 PM: GetTemplateDetails started
4/29/2023 12:16:43 PM: generatecontrols Started
4/29/2023 12:16:44 PM: GenerateControls:Loaded all Textbox dynamically
4/29/2023 12:16:44 PM: GenerateControls:Loaded all Textbox dynamically
4/29/2023 12:16:44 PM: GenerateControls:Loaded all Textbox dynamically
4/29/2023 12:16:44 PM: GenerateControls:Loaded all Textbox dynamically
4/29/2023 12:16:44 PM: Started Loading Entity Drop Down
4/29/2023 12:16:59 PM: Finished Loading Entity Drop Down
4/29/2023 12:16:59 PM: BindDocumentType started
4/29/2023 12:16:59 PM: BindDocumentType finished
4/29/2023 12:16:59 PM: BindQueries started
4/29/2023 12:16:59 PM: BindQueries finished
4/29/2023 12:16:59 PM: createControls Started
4/29/2023 12:16:59 PM: createControls Loaded all Textbox dynamically
4/29/2023 12:16:59 PM: createControls Loaded all Textbox dynamically
4/29/2023 12:16:59 PM: createControls Loaded all Textbox dynamically
4/29/2023 12:16:59 PM: createControls Loaded all Textbox dynamically
4/29/2023 12:16:59 PM: createControls Finished
4/29/2023 12:17:00 PM: GetTemplateDetails started
4/29/2023 12:17:00 PM: generatecontrols Started
4/29/2023 12:17:00 PM: GenerateControls:Loaded all Textbox dynamically
4/29/2023 12:17:00 PM: GenerateControls:Loaded all Textbox dynamically
4/29/2023 12:17:00 PM: GenerateControls:Loaded all Textbox dynamically
4/29/2023 12:17:00 PM: GenerateControls:Loaded all Textbox dynamically
4/29/2023 12:17:00 PM: Started Loading Entity Drop Down
4/29/2023 12:17:02 PM: Finished Loading Entity Drop Down
4/29/2023 12:17:02 PM: BindDocumentType started
4/29/2023 12:17:02 PM: BindDocumentType finished
4/29/2023 12:17:02 PM: BindQueries started
4/29/2023 12:17:02 PM: BindQueries finished
4/29/2023 12:17:02 PM: createControls Started
4/29/2023 12:17:02 PM: createControls Loaded all Textbox dynamically
4/29/2023 12:17:02 PM: createControls Loaded all Textbox dynamically
4/29/2023 12:17:02 PM: createControls Loaded all Textbox dynamically
4/29/2023 12:17:02 PM: createControls Loaded all Textbox dynamically
4/29/2023 12:17:02 PM: createControls Finished
4/29/2023 12:18:47 PM: GetTemplateDetails started
4/29/2023 12:18:47 PM: generatecontrols Started
4/29/2023 12:18:47 PM: GenerateControls:Loaded all Textbox dynamically
4/29/2023 12:18:47 PM: GenerateControls:Loaded all Textbox dynamically
4/29/2023 12:18:47 PM: GenerateControls:Loaded all Textbox dynamically
4/29/2023 12:18:47 PM: GenerateControls:Loaded all Textbox dynamically
4/29/2023 12:18:47 PM: Started Loading Entity Drop Down
4/29/2023 12:19:05 PM: Finished Loading Entity Drop Down
4/29/2023 12:19:05 PM: BindDocumentType started
4/29/2023 12:19:05 PM: BindDocumentType finished
4/29/2023 12:19:05 PM: BindQueries started
4/29/2023 12:19:05 PM: BindQueries finished
4/29/2023 12:19:05 PM: createControls Started
4/29/2023 12:19:05 PM: createControls Loaded all Textbox dynamically
4/29/2023 12:19:05 PM: createControls Loaded all Textbox dynamically
4/29/2023 12:19:05 PM: createControls Loaded all Textbox dynamically
4/29/2023 12:19:05 PM: createControls Loaded all Textbox dynamically
4/29/2023 12:19:05 PM: createControls Finished
4/29/2023 12:20:20 PM: GetTemplateDetails started
4/29/2023 12:20:20 PM: generatecontrols Started
4/29/2023 12:20:20 PM: GenerateControls:Loaded all Textbox dynamically
4/29/2023 12:20:20 PM: GenerateControls:Loaded all Textbox dynamically
4/29/2023 12:20:20 PM: GenerateControls:Loaded all Textbox dynamically
4/29/2023 12:20:20 PM: GenerateControls:Loaded all Textbox dynamically
4/29/2023 12:20:21 PM: Started Loading Entity Drop Down
4/29/2023 12:20:43 PM: Finished Loading Entity Drop Down
4/29/2023 12:20:44 PM: BindDocumentType started
4/29/2023 12:20:44 PM: BindDocumentType finished
4/29/2023 12:20:44 PM: BindQueries started
4/29/2023 12:20:44 PM: BindQueries finished
4/29/2023 12:20:44 PM: createControls Started
4/29/2023 12:20:44 PM: createControls Loaded all Textbox dynamically
4/29/2023 12:20:44 PM: createControls Loaded all Textbox dynamically
4/29/2023 12:20:44 PM: createControls Loaded all Textbox dynamically
4/29/2023 12:20:44 PM: createControls Loaded all Textbox dynamically
4/29/2023 12:20:44 PM: createControls Finished
4/29/2023 12:20:52 PM: createControls Started
4/29/2023 12:20:52 PM: createControls Loaded all Textbox dynamically
4/29/2023 12:20:52 PM: createControls Loaded all Textbox dynamically
4/29/2023 12:20:52 PM: createControls Loaded all Textbox dynamically
4/29/2023 12:20:52 PM: createControls Loaded all Textbox dynamically
4/29/2023 12:20:52 PM: createControls Finished
4/29/2023 12:20:55 PM: createControls Started
4/29/2023 12:20:55 PM: createControls Loaded all Textbox dynamically
4/29/2023 12:20:55 PM: createControls Loaded all Textbox dynamically
4/29/2023 12:20:55 PM: createControls Loaded all Textbox dynamically
4/29/2023 12:20:55 PM: createControls Loaded all Textbox dynamically
4/29/2023 12:20:55 PM: createControls Finished
4/29/2023 12:21:03 PM: createControls Started
4/29/2023 12:21:03 PM: createControls Loaded all Textbox dynamically
4/29/2023 12:21:03 PM: createControls Loaded all Textbox dynamically
4/29/2023 12:21:03 PM: createControls Loaded all Textbox dynamically
4/29/2023 12:21:03 PM: createControls Loaded all Textbox dynamically
4/29/2023 12:21:03 PM: createControls Finished
4/29/2023 12:21:11 PM: createControls Started
4/29/2023 12:21:11 PM: createControls Loaded all Textbox dynamically
4/29/2023 12:21:11 PM: createControls Loaded all Textbox dynamically
4/29/2023 12:21:11 PM: createControls Loaded all Textbox dynamically
4/29/2023 12:21:11 PM: createControls Loaded all Textbox dynamically
4/29/2023 12:21:11 PM: createControls Finished
4/29/2023 12:23:51 PM: GetTemplateDetails started
4/29/2023 12:23:51 PM: generatecontrols Started
4/29/2023 12:23:52 PM: GenerateControls:Loaded all Textbox dynamically
4/29/2023 12:23:52 PM: GenerateControls:Loaded all Textbox dynamically
4/29/2023 12:23:52 PM: GenerateControls:Loaded all Textbox dynamically
4/29/2023 12:23:52 PM: GenerateControls:Loaded all Textbox dynamically
4/29/2023 12:23:52 PM: Started Loading Entity Drop Down
4/29/2023 12:23:56 PM: BindDocumentType started
4/29/2023 12:23:56 PM: BindDocumentType finished
4/29/2023 12:23:56 PM: BindQueries started
4/29/2023 12:23:56 PM: BindQueries finished
4/29/2023 12:23:56 PM: createControls Started
4/29/2023 12:23:56 PM: createControls Loaded all Textbox dynamically
4/29/2023 12:23:56 PM: createControls Loaded all Textbox dynamically
4/29/2023 12:23:56 PM: createControls Loaded all Textbox dynamically
4/29/2023 12:23:56 PM: createControls Loaded all Textbox dynamically
4/29/2023 12:23:56 PM: createControls Finished
4/29/2023 12:26:06 PM: GetTemplateDetails started
4/29/2023 12:26:06 PM: generatecontrols Started
4/29/2023 12:26:06 PM: GenerateControls:Loaded all Textbox dynamically
4/29/2023 12:26:06 PM: GenerateControls:Loaded all Textbox dynamically
4/29/2023 12:26:06 PM: GenerateControls:Loaded all Textbox dynamically
4/29/2023 12:26:06 PM: GenerateControls:Loaded all Textbox dynamically
4/29/2023 12:26:06 PM: Started Loading Entity Drop Down
4/29/2023 12:26:37 PM: Finished Loading Entity Drop Down
4/29/2023 12:26:37 PM: BindDocumentType started
4/29/2023 12:26:37 PM: BindDocumentType finished
4/29/2023 12:26:37 PM: BindQueries started
4/29/2023 12:26:37 PM: BindQueries finished
4/29/2023 12:26:37 PM: createControls Started
4/29/2023 12:26:37 PM: createControls Loaded all Textbox dynamically
4/29/2023 12:26:37 PM: createControls Loaded all Textbox dynamically
4/29/2023 12:26:37 PM: createControls Loaded all Textbox dynamically
4/29/2023 12:26:37 PM: createControls Loaded all Textbox dynamically
4/29/2023 12:26:37 PM: createControls Finished
4/29/2023 12:27:06 PM: GetTemplateDetails started
4/29/2023 12:27:06 PM: generatecontrols Started
4/29/2023 12:27:06 PM: GenerateControls:Loaded all Textbox dynamically
4/29/2023 12:27:06 PM: GenerateControls:Loaded all Textbox dynamically
4/29/2023 12:27:06 PM: GenerateControls:Loaded all Textbox dynamically
4/29/2023 12:27:06 PM: GenerateControls:Loaded all Textbox dynamically
4/29/2023 12:27:06 PM: Started Loading Entity Drop Down
4/29/2023 12:27:10 PM: Finished Loading Entity Drop Down
4/29/2023 12:27:10 PM: BindDocumentType started
4/29/2023 12:27:10 PM: BindDocumentType finished
4/29/2023 12:27:10 PM: BindQueries started
4/29/2023 12:27:10 PM: BindQueries finished
4/29/2023 12:27:10 PM: createControls Started
4/29/2023 12:27:10 PM: createControls Loaded all Textbox dynamically
4/29/2023 12:27:10 PM: createControls Loaded all Textbox dynamically
4/29/2023 12:27:10 PM: createControls Loaded all Textbox dynamically
4/29/2023 12:27:10 PM: createControls Loaded all Textbox dynamically
4/29/2023 12:27:10 PM: createControls Finished
4/29/2023 12:27:16 PM: GetTemplateDetails started
4/29/2023 12:27:16 PM: generatecontrols Started
4/29/2023 12:27:16 PM: GenerateControls:Loaded all Textbox dynamically
4/29/2023 12:27:16 PM: GenerateControls:Loaded all Textbox dynamically
4/29/2023 12:27:16 PM: GenerateControls:Loaded all Textbox dynamically
4/29/2023 12:27:16 PM: GenerateControls:Loaded all Textbox dynamically
4/29/2023 12:27:16 PM: Started Loading Entity Drop Down
4/29/2023 12:29:29 PM: Finished Loading Entity Drop Down
4/29/2023 12:29:29 PM: BindDocumentType started
4/29/2023 12:29:29 PM: BindDocumentType finished
4/29/2023 12:29:30 PM: BindQueries started
4/29/2023 12:29:30 PM: BindQueries finished
4/29/2023 12:29:30 PM: createControls Started
4/29/2023 12:29:30 PM: createControls Loaded all Textbox dynamically
4/29/2023 12:29:30 PM: createControls Loaded all Textbox dynamically
4/29/2023 12:29:30 PM: createControls Loaded all Textbox dynamically
4/29/2023 12:29:30 PM: createControls Loaded all Textbox dynamically
4/29/2023 12:29:30 PM: createControls Finished
4/29/2023 12:29:30 PM: GetTemplateDetails started
4/29/2023 12:29:30 PM: generatecontrols Started
4/29/2023 12:29:30 PM: GenerateControls:Loaded all Textbox dynamically
4/29/2023 12:29:30 PM: GenerateControls:Loaded all Textbox dynamically
4/29/2023 12:29:30 PM: GenerateControls:Loaded all Textbox dynamically
4/29/2023 12:29:30 PM: GenerateControls:Loaded all Textbox dynamically
4/29/2023 12:29:30 PM: Started Loading Entity Drop Down
4/29/2023 12:29:33 PM: Finished Loading Entity Drop Down
4/29/2023 12:29:33 PM: BindDocumentType started
4/29/2023 12:29:33 PM: BindDocumentType finished
4/29/2023 12:29:33 PM: BindQueries started
4/29/2023 12:29:33 PM: BindQueries finished
4/29/2023 12:29:33 PM: createControls Started
4/29/2023 12:29:33 PM: createControls Loaded all Textbox dynamically
4/29/2023 12:29:33 PM: createControls Loaded all Textbox dynamically
4/29/2023 12:29:33 PM: createControls Loaded all Textbox dynamically
4/29/2023 12:29:33 PM: createControls Loaded all Textbox dynamically
4/29/2023 12:29:33 PM: createControls Finished
4/29/2023 12:29:36 PM: GetTemplateDetails started
4/29/2023 12:29:36 PM: generatecontrols Started
4/29/2023 12:29:36 PM: GenerateControls:Loaded all Textbox dynamically
4/29/2023 12:29:36 PM: GenerateControls:Loaded all Textbox dynamically
4/29/2023 12:29:36 PM: GenerateControls:Loaded all Textbox dynamically
4/29/2023 12:29:36 PM: GenerateControls:Loaded all Textbox dynamically
4/29/2023 12:29:36 PM: Started Loading Entity Drop Down
4/29/2023 12:29:38 PM: Finished Loading Entity Drop Down
4/29/2023 12:29:38 PM: BindDocumentType started
4/29/2023 12:29:38 PM: BindDocumentType finished
4/29/2023 12:29:38 PM: BindQueries started
4/29/2023 12:29:38 PM: BindQueries finished
4/29/2023 12:29:38 PM: createControls Started
4/29/2023 12:29:38 PM: createControls Loaded all Textbox dynamically
4/29/2023 12:29:38 PM: createControls Loaded all Textbox dynamically
4/29/2023 12:29:38 PM: createControls Loaded all Textbox dynamically
4/29/2023 12:29:38 PM: createControls Loaded all Textbox dynamically
4/29/2023 12:29:38 PM: createControls Finished
4/29/2023 12:30:39 PM: GetTemplateDetails started
4/29/2023 12:30:39 PM: generatecontrols Started
4/29/2023 12:30:39 PM: GenerateControls:Loaded all Textbox dynamically
4/29/2023 12:30:39 PM: GenerateControls:Loaded all Textbox dynamically
4/29/2023 12:30:39 PM: GenerateControls:Loaded all Textbox dynamically
4/29/2023 12:30:39 PM: GenerateControls:Loaded all Textbox dynamically
4/29/2023 12:30:39 PM: Started Loading Entity Drop Down
4/29/2023 12:31:21 PM: Finished Loading Entity Drop Down
4/29/2023 12:31:43 PM: BindDocumentType started
4/29/2023 12:31:43 PM: BindDocumentType finished
4/29/2023 12:31:43 PM: BindQueries started
4/29/2023 12:31:44 PM: BindQueries finished
4/29/2023 12:31:46 PM: createControls Started
4/29/2023 12:31:46 PM: createControls Loaded all Textbox dynamically
4/29/2023 12:31:46 PM: createControls Loaded all Textbox dynamically
4/29/2023 12:31:46 PM: createControls Loaded all Textbox dynamically
4/29/2023 12:31:46 PM: createControls Loaded all Textbox dynamically
4/29/2023 12:31:46 PM: createControls Finished
4/29/2023 12:35:50 PM: GetTemplateDetails started
4/29/2023 12:35:50 PM: generatecontrols Started
4/29/2023 12:35:50 PM: GenerateControls:Loaded all Textbox dynamically
4/29/2023 12:35:50 PM: GenerateControls:Loaded all Textbox dynamically
4/29/2023 12:35:50 PM: GenerateControls:Loaded all Textbox dynamically
4/29/2023 12:35:50 PM: GenerateControls:Loaded all Textbox dynamically
4/29/2023 12:35:50 PM: Started Loading Entity Drop Down
4/29/2023 12:36:01 PM: Finished Loading Entity Drop Down
4/29/2023 12:36:01 PM: BindDocumentType started
4/29/2023 12:36:01 PM: BindDocumentType finished
4/29/2023 12:36:01 PM: BindQueries started
4/29/2023 12:36:01 PM: BindQueries finished
4/29/2023 12:36:01 PM: createControls Started
4/29/2023 12:36:01 PM: createControls Loaded all Textbox dynamically
4/29/2023 12:36:01 PM: createControls Loaded all Textbox dynamically
4/29/2023 12:36:01 PM: createControls Loaded all Textbox dynamically
4/29/2023 12:36:01 PM: createControls Loaded all Textbox dynamically
4/29/2023 12:36:01 PM: createControls Finished
4/29/2023 12:36:04 PM: GetTemplateDetails started
4/29/2023 12:36:04 PM: generatecontrols Started
4/29/2023 12:36:04 PM: GenerateControls:Loaded all Textbox dynamically
4/29/2023 12:36:04 PM: GenerateControls:Loaded all Textbox dynamically
4/29/2023 12:36:04 PM: GenerateControls:Loaded all Textbox dynamically
4/29/2023 12:36:04 PM: GenerateControls:Loaded all Textbox dynamically
4/29/2023 12:36:04 PM: Started Loading Entity Drop Down
4/29/2023 12:36:13 PM: Finished Loading Entity Drop Down
4/29/2023 12:36:13 PM: BindDocumentType started
4/29/2023 12:36:13 PM: BindDocumentType finished
4/29/2023 12:36:13 PM: BindQueries started
4/29/2023 12:36:13 PM: BindQueries finished
4/29/2023 12:36:13 PM: createControls Started
4/29/2023 12:36:13 PM: createControls Loaded all Textbox dynamically
4/29/2023 12:36:13 PM: createControls Loaded all Textbox dynamically
4/29/2023 12:36:13 PM: createControls Loaded all Textbox dynamically
4/29/2023 12:36:13 PM: createControls Loaded all Textbox dynamically
4/29/2023 12:36:13 PM: createControls Finished
4/29/2023 12:37:14 PM: GetTemplateDetails started
4/29/2023 12:37:14 PM: generatecontrols Started
4/29/2023 12:37:14 PM: GenerateControls:Loaded all Textbox dynamically
4/29/2023 12:37:14 PM: GenerateControls:Loaded all Textbox dynamically
4/29/2023 12:37:14 PM: GenerateControls:Loaded all Textbox dynamically
4/29/2023 12:37:14 PM: GenerateControls:Loaded all Textbox dynamically
4/29/2023 12:37:14 PM: Started Loading Entity Drop Down
4/29/2023 12:37:25 PM: Finished Loading Entity Drop Down
4/29/2023 12:37:25 PM: BindDocumentType started
4/29/2023 12:37:25 PM: BindDocumentType finished
4/29/2023 12:37:25 PM: BindQueries started
4/29/2023 12:37:25 PM: BindQueries finished
4/29/2023 12:37:25 PM: createControls Started
4/29/2023 12:37:25 PM: createControls Loaded all Textbox dynamically
4/29/2023 12:37:25 PM: createControls Loaded all Textbox dynamically
4/29/2023 12:37:25 PM: createControls Loaded all Textbox dynamically
4/29/2023 12:37:25 PM: createControls Loaded all Textbox dynamically
4/29/2023 12:37:25 PM: createControls Finished
4/29/2023 12:40:42 PM: GetTemplateDetails started
4/29/2023 12:40:42 PM: generatecontrols Started
4/29/2023 12:40:42 PM: GenerateControls:Loaded all Textbox dynamically
4/29/2023 12:40:42 PM: GenerateControls:Loaded all Textbox dynamically
4/29/2023 12:40:42 PM: GenerateControls:Loaded all Textbox dynamically
4/29/2023 12:40:42 PM: GenerateControls:Loaded all Textbox dynamically
4/29/2023 12:40:42 PM: Started Loading Entity Drop Down
4/29/2023 12:40:46 PM: Finished Loading Entity Drop Down
4/29/2023 12:40:46 PM: BindDocumentType started
4/29/2023 12:40:46 PM: BindDocumentType finished
4/29/2023 12:40:46 PM: BindQueries started
4/29/2023 12:40:46 PM: BindQueries finished
4/29/2023 12:40:46 PM: createControls Started
4/29/2023 12:40:46 PM: createControls Loaded all Textbox dynamically
4/29/2023 12:40:46 PM: createControls Loaded all Textbox dynamically
4/29/2023 12:40:46 PM: createControls Loaded all Textbox dynamically
4/29/2023 12:40:46 PM: createControls Loaded all Textbox dynamically
4/29/2023 12:40:46 PM: createControls Finished
4/29/2023 12:42:28 PM: GetTemplateDetails started
4/29/2023 12:42:28 PM: generatecontrols Started
4/29/2023 12:42:28 PM: GenerateControls:Loaded all Textbox dynamically
4/29/2023 12:42:28 PM: GenerateControls:Loaded all Textbox dynamically
4/29/2023 12:42:28 PM: GenerateControls:Loaded all Textbox dynamically
4/29/2023 12:42:28 PM: GenerateControls:Loaded all Textbox dynamically
4/29/2023 12:42:28 PM: Started Loading Entity Drop Down
4/29/2023 12:42:33 PM: Finished Loading Entity Drop Down
4/29/2023 12:42:33 PM: BindDocumentType started
4/29/2023 12:42:33 PM: BindDocumentType finished
4/29/2023 12:42:33 PM: BindQueries started
4/29/2023 12:42:33 PM: BindQueries finished
4/29/2023 12:42:33 PM: createControls Started
4/29/2023 12:42:33 PM: createControls Loaded all Textbox dynamically
4/29/2023 12:42:33 PM: createControls Loaded all Textbox dynamically
4/29/2023 12:42:33 PM: createControls Loaded all Textbox dynamically
4/29/2023 12:42:33 PM: createControls Loaded all Textbox dynamically
4/29/2023 12:42:33 PM: createControls Finished
4/29/2023 12:44:12 PM: GetTemplateDetails started
4/29/2023 12:44:12 PM: generatecontrols Started
4/29/2023 12:44:12 PM: GenerateControls:Loaded all Textbox dynamically
4/29/2023 12:44:12 PM: GenerateControls:Loaded all Textbox dynamically
4/29/2023 12:44:12 PM: GenerateControls:Loaded all Textbox dynamically
4/29/2023 12:44:12 PM: GenerateControls:Loaded all Textbox dynamically
4/29/2023 12:44:12 PM: Started Loading Entity Drop Down
4/29/2023 12:44:15 PM: Finished Loading Entity Drop Down
4/29/2023 12:44:16 PM: BindDocumentType started
4/29/2023 12:44:16 PM: BindDocumentType finished
4/29/2023 12:44:16 PM: BindQueries started
4/29/2023 12:44:16 PM: BindQueries finished
4/29/2023 12:44:16 PM: createControls Started
4/29/2023 12:44:16 PM: createControls Loaded all Textbox dynamically
4/29/2023 12:44:16 PM: createControls Loaded all Textbox dynamically
4/29/2023 12:44:16 PM: createControls Loaded all Textbox dynamically
4/29/2023 12:44:16 PM: createControls Loaded all Textbox dynamically
4/29/2023 12:44:16 PM: createControls Finished
4/29/2023 12:44:47 PM: GetTemplateDetails started
4/29/2023 12:44:47 PM: generatecontrols Started
4/29/2023 12:44:47 PM: GenerateControls:Loaded all Textbox dynamically
4/29/2023 12:44:47 PM: GenerateControls:Loaded all Textbox dynamically
4/29/2023 12:44:47 PM: GenerateControls:Loaded all Textbox dynamically
4/29/2023 12:44:47 PM: GenerateControls:Loaded all Textbox dynamically
4/29/2023 12:44:47 PM: Started Loading Entity Drop Down
4/29/2023 12:44:59 PM: Finished Loading Entity Drop Down
4/29/2023 12:45:08 PM: BindDocumentType started
4/29/2023 12:45:08 PM: BindDocumentType finished
4/29/2023 12:45:08 PM: BindQueries started
4/29/2023 12:45:08 PM: BindQueries finished
4/29/2023 12:45:08 PM: createControls Started
4/29/2023 12:45:08 PM: createControls Loaded all Textbox dynamically
4/29/2023 12:45:08 PM: createControls Loaded all Textbox dynamically
4/29/2023 12:45:08 PM: createControls Loaded all Textbox dynamically
4/29/2023 12:45:08 PM: createControls Loaded all Textbox dynamically
4/29/2023 12:45:08 PM: createControls Finished
4/29/2023 12:47:01 PM: GetTemplateDetails started
4/29/2023 12:47:01 PM: generatecontrols Started
4/29/2023 12:47:02 PM: GenerateControls:Loaded all Textbox dynamically
4/29/2023 12:47:02 PM: GenerateControls:Loaded all Textbox dynamically
4/29/2023 12:47:02 PM: GenerateControls:Loaded all Textbox dynamically
4/29/2023 12:47:02 PM: GenerateControls:Loaded all Textbox dynamically
4/29/2023 12:47:02 PM: BindDocumentType started
4/29/2023 12:47:02 PM: BindDocumentType finished
4/29/2023 12:47:02 PM: BindQueries started
4/29/2023 12:47:02 PM: BindQueries finished
4/29/2023 12:47:02 PM: createControls Started
4/29/2023 12:47:02 PM: createControls Loaded all Textbox dynamically
4/29/2023 12:47:02 PM: createControls Loaded all Textbox dynamically
4/29/2023 12:47:02 PM: createControls Loaded all Textbox dynamically
4/29/2023 12:47:02 PM: createControls Loaded all Textbox dynamically
4/29/2023 12:47:02 PM: createControls Finished
4/29/2023 12:47:12 PM: GetTemplateDetails started
4/29/2023 12:47:12 PM: generatecontrols Started
4/29/2023 12:47:12 PM: GenerateControls:Loaded all Textbox dynamically
4/29/2023 12:47:12 PM: GenerateControls:Loaded all Textbox dynamically
4/29/2023 12:47:12 PM: GenerateControls:Loaded all Textbox dynamically
4/29/2023 12:47:12 PM: GenerateControls:Loaded all Textbox dynamically
4/29/2023 12:47:12 PM: BindDocumentType started
4/29/2023 12:47:12 PM: BindDocumentType finished
4/29/2023 12:47:12 PM: BindQueries started
4/29/2023 12:47:12 PM: BindQueries finished
4/29/2023 12:47:12 PM: createControls Started
4/29/2023 12:47:12 PM: createControls Loaded all Textbox dynamically
4/29/2023 12:47:12 PM: createControls Loaded all Textbox dynamically
4/29/2023 12:47:12 PM: createControls Loaded all Textbox dynamically
4/29/2023 12:47:12 PM: createControls Loaded all Textbox dynamically
4/29/2023 12:47:12 PM: createControls Finished
4/29/2023 12:48:30 PM: GetTemplateDetails started
4/29/2023 12:48:30 PM: generatecontrols Started
4/29/2023 12:48:30 PM: GenerateControls:Loaded all Textbox dynamically
4/29/2023 12:48:30 PM: GenerateControls:Loaded all Textbox dynamically
4/29/2023 12:48:30 PM: GenerateControls:Loaded all Textbox dynamically
4/29/2023 12:48:30 PM: GenerateControls:Loaded all Textbox dynamically
4/29/2023 12:48:30 PM: Started Loading Entity Drop Down
4/29/2023 12:48:34 PM: Finished Loading Entity Drop Down
4/29/2023 12:48:34 PM: BindDocumentType started
4/29/2023 12:48:34 PM: BindDocumentType finished
4/29/2023 12:48:34 PM: BindQueries started
4/29/2023 12:48:34 PM: BindQueries finished
4/29/2023 12:48:34 PM: createControls Started
4/29/2023 12:48:34 PM: createControls Loaded all Textbox dynamically
4/29/2023 12:48:34 PM: createControls Loaded all Textbox dynamically
4/29/2023 12:48:34 PM: createControls Loaded all Textbox dynamically
4/29/2023 12:48:34 PM: createControls Loaded all Textbox dynamically
4/29/2023 12:48:34 PM: createControls Finished
4/29/2023 2:35:03 PM: GetTemplateDetails started
4/29/2023 2:35:03 PM: generatecontrols Started
4/29/2023 2:35:03 PM: GenerateControls:Loaded all Textbox dynamically
4/29/2023 2:35:03 PM: GenerateControls:Loaded all Textbox dynamically
4/29/2023 2:35:03 PM: GenerateControls:Loaded all Textbox dynamically
4/29/2023 2:35:03 PM: GenerateControls:Loaded all Textbox dynamically
4/29/2023 2:35:03 PM: Started Loading Entity Drop Down
4/29/2023 2:35:06 PM: Finished Loading Entity Drop Down
4/29/2023 2:35:06 PM: BindDocumentType started
4/29/2023 2:35:06 PM: BindDocumentType finished
4/29/2023 2:35:06 PM: BindQueries started
4/29/2023 2:35:07 PM: BindQueries finished
4/29/2023 2:35:07 PM: createControls Started
4/29/2023 2:35:07 PM: createControls Loaded all Textbox dynamically
4/29/2023 2:35:07 PM: createControls Loaded all Textbox dynamically
4/29/2023 2:35:07 PM: createControls Loaded all Textbox dynamically
4/29/2023 2:35:07 PM: createControls Loaded all Textbox dynamically
4/29/2023 2:35:07 PM: createControls Finished
4/29/2023 2:35:11 PM: createControls Started
4/29/2023 2:35:11 PM: createControls Loaded all Textbox dynamically
4/29/2023 2:35:11 PM: createControls Loaded all Textbox dynamically
4/29/2023 2:35:11 PM: createControls Loaded all Textbox dynamically
4/29/2023 2:35:11 PM: createControls Loaded all Textbox dynamically
4/29/2023 2:35:11 PM: createControls Finished
4/29/2023 2:35:11 PM: AddQuery started
4/29/2023 2:35:11 PM: btnAddClauseClick started
4/29/2023 2:35:11 PM: btnAddClauseClick finished
4/29/2023 2:35:11 PM: AddQuery finished
4/29/2023 3:56:23 PM: GetTemplateDetails started
4/29/2023 3:56:23 PM: generatecontrols Started
4/29/2023 3:56:23 PM: GenerateControls:Loaded all Textbox dynamically
4/29/2023 3:56:23 PM: GenerateControls:Loaded all Textbox dynamically
4/29/2023 3:56:23 PM: GenerateControls:Loaded all Textbox dynamically
4/29/2023 3:56:23 PM: GenerateControls:Loaded all Textbox dynamically
4/29/2023 3:56:23 PM: Started Loading Entity Drop Down
4/29/2023 3:56:27 PM: Finished Loading Entity Drop Down
4/29/2023 3:56:27 PM: BindDocumentType started
4/29/2023 3:56:27 PM: BindDocumentType finished
4/29/2023 3:56:27 PM: BindQueries started
4/29/2023 3:56:27 PM: BindQueries finished
4/29/2023 3:56:27 PM: createControls Started
4/29/2023 3:56:27 PM: createControls Loaded all Textbox dynamically
4/29/2023 3:56:27 PM: createControls Loaded all Textbox dynamically
4/29/2023 3:56:27 PM: createControls Loaded all Textbox dynamically
4/29/2023 3:56:27 PM: createControls Loaded all Textbox dynamically
4/29/2023 3:56:27 PM: createControls Finished
4/29/2023 3:59:10 PM: GetTemplateDetails started
4/29/2023 3:59:10 PM: generatecontrols Started
4/29/2023 3:59:10 PM: GenerateControls:Loaded all Textbox dynamically
4/29/2023 3:59:10 PM: GenerateControls:Loaded all Textbox dynamically
4/29/2023 3:59:10 PM: GenerateControls:Loaded all Textbox dynamically
4/29/2023 3:59:10 PM: GenerateControls:Loaded all Textbox dynamically
4/29/2023 3:59:10 PM: Started Loading Entity Drop Down
4/29/2023 3:59:15 PM: Finished Loading Entity Drop Down
4/29/2023 3:59:15 PM: BindDocumentType started
4/29/2023 3:59:15 PM: BindDocumentType finished
4/29/2023 3:59:15 PM: BindQueries started
4/29/2023 3:59:15 PM: BindQueries finished
4/29/2023 3:59:15 PM: createControls Started
4/29/2023 3:59:15 PM: createControls Loaded all Textbox dynamically
4/29/2023 3:59:15 PM: createControls Loaded all Textbox dynamically
4/29/2023 3:59:15 PM: createControls Loaded all Textbox dynamically
4/29/2023 3:59:15 PM: createControls Loaded all Textbox dynamically
4/29/2023 3:59:15 PM: createControls Finished
4/29/2023 4:32:02 PM: GetTemplateDetails started
4/29/2023 4:32:02 PM: generatecontrols Started
4/29/2023 4:32:02 PM: GenerateControls:Loaded all Textbox dynamically
4/29/2023 4:32:02 PM: GenerateControls:Loaded all Textbox dynamically
4/29/2023 4:32:02 PM: GenerateControls:Loaded all Textbox dynamically
4/29/2023 4:32:02 PM: GenerateControls:Loaded all Textbox dynamically
4/29/2023 4:32:03 PM: Started Loading Entity Drop Down
4/29/2023 4:32:07 PM: Finished Loading Entity Drop Down
4/29/2023 4:32:07 PM: BindDocumentType started
4/29/2023 4:32:07 PM: BindDocumentType finished
4/29/2023 4:32:07 PM: BindQueries started
4/29/2023 4:32:07 PM: BindQueries finished
4/29/2023 4:32:07 PM: createControls Started
4/29/2023 4:32:07 PM: createControls Loaded all Textbox dynamically
4/29/2023 4:32:07 PM: createControls Loaded all Textbox dynamically
4/29/2023 4:32:07 PM: createControls Loaded all Textbox dynamically
4/29/2023 4:32:07 PM: createControls Loaded all Textbox dynamically
4/29/2023 4:32:07 PM: createControls Finished
4/29/2023 4:33:01 PM: createControls Started
4/29/2023 4:33:02 PM: createControls Loaded all Textbox dynamically
4/29/2023 4:33:02 PM: createControls Loaded all Textbox dynamically
4/29/2023 4:33:02 PM: createControls Loaded all Textbox dynamically
4/29/2023 4:33:02 PM: createControls Loaded all Textbox dynamically
4/29/2023 4:33:02 PM: createControls Finished
4/29/2023 4:33:02 PM: AddQuery started
4/29/2023 4:33:02 PM: btnAddClauseClick started
4/29/2023 4:33:02 PM: btnAddClauseClick finished
4/29/2023 4:33:02 PM: AddQuery finished
4/29/2023 4:33:06 PM: createControls Started
4/29/2023 4:33:06 PM: createControls Loaded all Textbox dynamically
4/29/2023 4:33:06 PM: createControls Loaded all Textbox dynamically
4/29/2023 4:33:06 PM: createControls Loaded all Textbox dynamically
4/29/2023 4:33:06 PM: createControls Loaded all Textbox dynamically
4/29/2023 4:33:06 PM: createControls Finished
4/29/2023 4:33:06 PM: btnPerformQueryClick started
4/29/2023 4:33:06 PM: BuildQuery() executed properly 
4/29/2023 4:33:06 PM: whereclause value 
4/29/2023 4:33:06 PM: From Search click,QueryWhereClause() is executed properly 
4/29/2023 4:33:06 PM: Before searching the details with whereclause : 
4/29/2023 4:33:07 PM: Exception : Object reference not set to an instance of an object.
4/29/2023 4:33:09 PM: createControls Started
4/29/2023 4:33:09 PM: createControls Loaded all Textbox dynamically
4/29/2023 4:33:09 PM: createControls Loaded all Textbox dynamically
4/29/2023 4:33:09 PM: createControls Loaded all Textbox dynamically
4/29/2023 4:33:09 PM: createControls Loaded all Textbox dynamically
4/29/2023 4:33:09 PM: createControls Finished
4/29/2023 4:33:09 PM: btnPerformQueryClick started
4/29/2023 4:33:09 PM: BuildQuery() executed properly 
4/29/2023 4:33:09 PM: whereclause value 
4/29/2023 4:33:09 PM: From Search click,QueryWhereClause() is executed properly 
4/29/2023 4:33:09 PM: Before searching the details with whereclause : 
4/29/2023 4:33:09 PM: Exception : Object reference not set to an instance of an object.
4/29/2023 4:33:16 PM: createControls Started
4/29/2023 4:33:16 PM: createControls Loaded all Textbox dynamically
4/29/2023 4:33:16 PM: createControls Loaded all Textbox dynamically
4/29/2023 4:33:16 PM: createControls Loaded all Textbox dynamically
4/29/2023 4:33:16 PM: createControls Loaded all Textbox dynamically
4/29/2023 4:33:16 PM: createControls Finished
4/29/2023 4:33:16 PM: btnPerformQueryClick started
4/29/2023 4:33:16 PM: BuildQuery() executed properly 
4/29/2023 4:33:16 PM: whereclause value 
4/29/2023 4:33:16 PM: From Search click,QueryWhereClause() is executed properly 
4/29/2023 4:33:16 PM: Before searching the details with whereclause : 
4/29/2023 4:33:16 PM: Exception : Object reference not set to an instance of an object.
4/29/2023 4:36:12 PM: createControls Started
4/29/2023 4:36:12 PM: createControls Loaded all Textbox dynamically
4/29/2023 4:36:12 PM: createControls Loaded all Textbox dynamically
4/29/2023 4:36:12 PM: createControls Loaded all Textbox dynamically
4/29/2023 4:36:12 PM: createControls Loaded all Textbox dynamically
4/29/2023 4:36:12 PM: createControls Finished
4/29/2023 4:36:12 PM: btnPerformQueryClick started
4/29/2023 4:36:12 PM: BuildQuery() executed properly 
4/29/2023 4:36:12 PM: whereclause value 
4/29/2023 4:36:12 PM: From Search click,QueryWhereClause() is executed properly 
4/29/2023 4:36:12 PM: Before searching the details with whereclause : 
4/29/2023 4:36:12 PM: Exception : Object reference not set to an instance of an object.
4/29/2023 4:36:22 PM: createControls Started
4/29/2023 4:36:22 PM: createControls Loaded all Textbox dynamically
4/29/2023 4:36:22 PM: createControls Loaded all Textbox dynamically
4/29/2023 4:36:22 PM: createControls Loaded all Textbox dynamically
4/29/2023 4:36:22 PM: createControls Loaded all Textbox dynamically
4/29/2023 4:36:22 PM: createControls Finished
4/29/2023 4:36:22 PM: btnPerformQueryClick started
4/29/2023 4:36:22 PM: BuildQuery() executed properly 
4/29/2023 4:36:22 PM: whereclause value 
4/29/2023 4:36:22 PM: From Search click,QueryWhereClause() is executed properly 
4/29/2023 4:36:22 PM: Before searching the details with whereclause : 
4/29/2023 4:36:22 PM: Exception : Object reference not set to an instance of an object.
4/29/2023 4:40:47 PM: GetTemplateDetails started
4/29/2023 4:40:47 PM: generatecontrols Started
4/29/2023 4:40:47 PM: GenerateControls:Loaded all Textbox dynamically
4/29/2023 4:40:47 PM: GenerateControls:Loaded all Textbox dynamically
4/29/2023 4:40:47 PM: GenerateControls:Loaded all Textbox dynamically
4/29/2023 4:40:47 PM: GenerateControls:Loaded all Textbox dynamically
4/29/2023 4:40:47 PM: Started Loading Entity Drop Down
4/29/2023 4:40:52 PM: Finished Loading Entity Drop Down
4/29/2023 4:40:52 PM: BindDocumentType started
4/29/2023 4:40:52 PM: BindDocumentType finished
4/29/2023 4:40:52 PM: BindQueries started
4/29/2023 4:40:52 PM: BindQueries finished
4/29/2023 4:40:52 PM: createControls Started
4/29/2023 4:40:52 PM: createControls Loaded all Textbox dynamically
4/29/2023 4:40:52 PM: createControls Loaded all Textbox dynamically
4/29/2023 4:40:52 PM: createControls Loaded all Textbox dynamically
4/29/2023 4:40:52 PM: createControls Loaded all Textbox dynamically
4/29/2023 4:40:52 PM: createControls Finished
4/29/2023 4:41:02 PM: createControls Started
4/29/2023 4:41:02 PM: createControls Loaded all Textbox dynamically
4/29/2023 4:41:02 PM: createControls Loaded all Textbox dynamically
4/29/2023 4:41:02 PM: createControls Loaded all Textbox dynamically
4/29/2023 4:41:02 PM: createControls Loaded all Textbox dynamically
4/29/2023 4:41:02 PM: createControls Finished
4/29/2023 4:41:02 PM: AddQuery started
4/29/2023 4:41:02 PM: btnAddClauseClick started
4/29/2023 4:41:02 PM: btnAddClauseClick finished
4/29/2023 4:41:02 PM: AddQuery finished
4/29/2023 4:41:06 PM: createControls Started
4/29/2023 4:41:06 PM: createControls Loaded all Textbox dynamically
4/29/2023 4:41:06 PM: createControls Loaded all Textbox dynamically
4/29/2023 4:41:06 PM: createControls Loaded all Textbox dynamically
4/29/2023 4:41:06 PM: createControls Loaded all Textbox dynamically
4/29/2023 4:41:06 PM: createControls Finished
4/29/2023 4:41:06 PM: btnPerformQueryClick started
4/29/2023 4:41:06 PM: BuildQuery() executed properly 
4/29/2023 4:41:06 PM: whereclause value 
4/29/2023 4:41:06 PM: From Search click,QueryWhereClause() is executed properly 
4/29/2023 4:41:06 PM: Before searching the details with whereclause : 
4/29/2023 4:41:06 PM: Exception : Object reference not set to an instance of an object.
4/29/2023 4:43:20 PM: createControls Started
4/29/2023 4:43:20 PM: createControls Loaded all Textbox dynamically
4/29/2023 4:43:20 PM: createControls Loaded all Textbox dynamically
4/29/2023 4:43:20 PM: createControls Loaded all Textbox dynamically
4/29/2023 4:43:20 PM: createControls Loaded all Textbox dynamically
4/29/2023 4:43:20 PM: createControls Finished
4/29/2023 4:43:26 PM: btnPerformQueryClick started
4/29/2023 4:43:27 PM: BuildQuery() executed properly 
4/29/2023 4:43:27 PM: whereclause value 
4/29/2023 4:43:27 PM: From Search click,QueryWhereClause() is executed properly 
4/29/2023 4:43:49 PM: Before searching the details with whereclause : 
4/29/2023 4:45:51 PM: Exception : Object reference not set to an instance of an object.
4/29/2023 4:45:54 PM: createControls Started
4/29/2023 4:45:54 PM: createControls Loaded all Textbox dynamically
4/29/2023 4:45:54 PM: createControls Loaded all Textbox dynamically
4/29/2023 4:45:54 PM: createControls Loaded all Textbox dynamically
4/29/2023 4:45:54 PM: createControls Loaded all Textbox dynamically
4/29/2023 4:45:54 PM: createControls Finished
4/29/2023 4:46:07 PM: btnPerformQueryClick started
4/29/2023 4:46:07 PM: BuildQuery() executed properly 
4/29/2023 4:46:07 PM: whereclause value 
4/29/2023 4:46:07 PM: From Search click,QueryWhereClause() is executed properly 
4/29/2023 4:46:07 PM: Before searching the details with whereclause : 
4/29/2023 4:47:30 PM: BuildQuery() executed properly 
4/29/2023 4:47:36 PM: whereclause value 
4/29/2023 4:47:47 PM: From Search click,QueryWhereClause() is executed properly 
4/29/2023 4:47:47 PM: Before searching the details with whereclause : 
4/29/2023 4:47:47 PM: Exception : Object reference not set to an instance of an object.
4/29/2023 4:50:39 PM: GetTemplateDetails started
4/29/2023 4:50:39 PM: generatecontrols Started
4/29/2023 4:50:39 PM: GenerateControls:Loaded all Textbox dynamically
4/29/2023 4:50:39 PM: GenerateControls:Loaded all Textbox dynamically
4/29/2023 4:50:39 PM: GenerateControls:Loaded all Textbox dynamically
4/29/2023 4:50:39 PM: GenerateControls:Loaded all Textbox dynamically
4/29/2023 4:50:39 PM: Started Loading Entity Drop Down
4/29/2023 4:50:43 PM: Finished Loading Entity Drop Down
4/29/2023 4:50:43 PM: BindDocumentType started
4/29/2023 4:50:43 PM: BindDocumentType finished
4/29/2023 4:50:43 PM: BindQueries started
4/29/2023 4:50:43 PM: BindQueries finished
4/29/2023 4:50:43 PM: createControls Started
4/29/2023 4:50:43 PM: createControls Loaded all Textbox dynamically
4/29/2023 4:50:43 PM: createControls Loaded all Textbox dynamically
4/29/2023 4:50:43 PM: createControls Loaded all Textbox dynamically
4/29/2023 4:50:43 PM: createControls Loaded all Textbox dynamically
4/29/2023 4:50:43 PM: createControls Finished
4/29/2023 4:50:48 PM: createControls Started
4/29/2023 4:50:48 PM: createControls Loaded all Textbox dynamically
4/29/2023 4:50:48 PM: createControls Loaded all Textbox dynamically
4/29/2023 4:50:48 PM: createControls Loaded all Textbox dynamically
4/29/2023 4:50:48 PM: createControls Loaded all Textbox dynamically
4/29/2023 4:50:48 PM: createControls Finished
4/29/2023 4:50:48 PM: AddQuery started
4/29/2023 4:50:48 PM: btnAddClauseClick started
4/29/2023 4:50:48 PM: btnAddClauseClick finished
4/29/2023 4:50:48 PM: AddQuery finished
4/29/2023 4:51:01 PM: createControls Started
4/29/2023 4:51:01 PM: createControls Loaded all Textbox dynamically
4/29/2023 4:51:01 PM: createControls Loaded all Textbox dynamically
4/29/2023 4:51:01 PM: createControls Loaded all Textbox dynamically
4/29/2023 4:51:01 PM: createControls Loaded all Textbox dynamically
4/29/2023 4:51:01 PM: createControls Finished
4/29/2023 4:51:07 PM: btnPerformQueryClick started
4/29/2023 4:51:09 PM: BuildQuery() executed properly 
4/29/2023 4:55:46 PM: whereclause value 
4/29/2023 4:55:46 PM: From Search click,QueryWhereClause() is executed properly 
4/29/2023 4:55:46 PM: Before searching the details with whereclause : 
4/29/2023 4:55:46 PM: Exception : Object reference not set to an instance of an object.
4/29/2023 5:06:47 PM: BindDocumentType started
4/29/2023 5:06:47 PM: BindDocumentType finished
4/29/2023 5:06:53 PM: createControls Started
4/29/2023 5:06:53 PM: createControls Loaded all Textbox dynamically
4/29/2023 5:06:53 PM: createControls Loaded all Textbox dynamically
4/29/2023 5:06:53 PM: createControls Loaded all Textbox dynamically
4/29/2023 5:06:53 PM: createControls Loaded all Textbox dynamically
4/29/2023 5:06:53 PM: createControls Finished
4/29/2023 5:06:53 PM: GetTemplateDetails started
4/29/2023 5:06:53 PM: generatecontrols Started
4/29/2023 5:06:53 PM: GenerateControls:Loaded all Textbox dynamically
4/29/2023 5:06:53 PM: GenerateControls:Loaded all Textbox dynamically
4/29/2023 5:06:53 PM: GenerateControls:Loaded all Textbox dynamically
4/29/2023 5:06:53 PM: GenerateControls:Loaded all Textbox dynamically
4/29/2023 5:06:55 PM: createControls Started
4/29/2023 5:06:55 PM: createControls Loaded all Textbox dynamically
4/29/2023 5:06:55 PM: createControls Loaded all Textbox dynamically
4/29/2023 5:06:55 PM: createControls Loaded all Textbox dynamically
4/29/2023 5:06:55 PM: createControls Loaded all Textbox dynamically
4/29/2023 5:06:55 PM: createControls Finished
4/29/2023 5:06:55 PM: Started Loading Entity Drop Down
4/29/2023 5:07:13 PM: createControls Started
4/29/2023 5:07:13 PM: createControls Loaded all Textbox dynamically
4/29/2023 5:07:13 PM: createControls Loaded all Textbox dynamically
4/29/2023 5:07:13 PM: createControls Loaded all Textbox dynamically
4/29/2023 5:07:13 PM: createControls Loaded all Textbox dynamically
4/29/2023 5:07:13 PM: createControls Finished
4/29/2023 5:07:13 PM: Started Loading Entity Drop Down
4/29/2023 5:07:25 PM: createControls Started
4/29/2023 5:07:25 PM: createControls Loaded all Textbox dynamically
4/29/2023 5:07:25 PM: createControls Loaded all Textbox dynamically
4/29/2023 5:07:25 PM: createControls Loaded all Textbox dynamically
4/29/2023 5:07:25 PM: createControls Loaded all Textbox dynamically
4/29/2023 5:07:25 PM: createControls Finished
4/29/2023 5:07:25 PM: Started Loading Entity Drop Down
4/29/2023 5:07:35 PM: createControls Started
4/29/2023 5:07:35 PM: createControls Loaded all Textbox dynamically
4/29/2023 5:07:35 PM: createControls Loaded all Textbox dynamically
4/29/2023 5:07:35 PM: createControls Loaded all Textbox dynamically
4/29/2023 5:07:35 PM: createControls Loaded all Textbox dynamically
4/29/2023 5:07:35 PM: createControls Finished
4/29/2023 5:07:35 PM: Started Loading Entity Drop Down
4/29/2023 5:08:30 PM: createControls Started
4/29/2023 5:08:30 PM: createControls Loaded all Textbox dynamically
4/29/2023 5:08:30 PM: createControls Loaded all Textbox dynamically
4/29/2023 5:08:30 PM: createControls Loaded all Textbox dynamically
4/29/2023 5:08:30 PM: createControls Loaded all Textbox dynamically
4/29/2023 5:08:30 PM: createControls Finished
4/29/2023 5:08:30 PM: Started Loading Entity Drop Down
4/29/2023 5:09:34 PM: createControls Started
4/29/2023 5:09:34 PM: createControls Loaded all Textbox dynamically
4/29/2023 5:09:34 PM: createControls Loaded all Textbox dynamically
4/29/2023 5:09:34 PM: createControls Loaded all Textbox dynamically
4/29/2023 5:09:34 PM: createControls Loaded all Textbox dynamically
4/29/2023 5:09:34 PM: createControls Finished
4/29/2023 5:09:34 PM: Started Loading Entity Drop Down
4/29/2023 5:10:50 PM: createControls Started
4/29/2023 5:10:50 PM: createControls Loaded all Textbox dynamically
4/29/2023 5:10:50 PM: createControls Loaded all Textbox dynamically
4/29/2023 5:10:50 PM: createControls Loaded all Textbox dynamically
4/29/2023 5:10:50 PM: createControls Loaded all Textbox dynamically
4/29/2023 5:10:50 PM: createControls Finished
4/29/2023 5:10:50 PM: Started Loading Entity Drop Down
4/29/2023 5:10:56 PM: Finished Loading Entity Drop Down
4/29/2023 5:11:15 PM: createControls Started
4/29/2023 5:11:15 PM: createControls Loaded all Textbox dynamically
4/29/2023 5:11:15 PM: createControls Loaded all Textbox dynamically
4/29/2023 5:11:15 PM: createControls Loaded all Textbox dynamically
4/29/2023 5:11:15 PM: createControls Loaded all Textbox dynamically
4/29/2023 5:11:15 PM: createControls Finished
4/29/2023 5:11:15 PM: BindQueries started
4/29/2023 5:11:15 PM: BindQueries finished
4/29/2023 5:11:16 PM: GetTemplatefieldDetails started
4/29/2023 5:11:16 PM: GetTemplatefieldDetails finished
4/29/2023 5:11:17 PM: AddQuery started
4/29/2023 5:11:17 PM: btnAddClauseClick started
4/29/2023 5:11:18 PM: Exception : Index was outside the bounds of the array.
4/29/2023 5:11:18 PM: btnAddClauseClick finished
4/29/2023 5:11:18 PM: AddQuery finished
4/29/2023 5:11:21 PM: Exception : Index was outside the bounds of the array.
4/29/2023 5:11:28 PM: btnPerformQueryClick started
4/29/2023 5:11:45 PM: BuildQuery() executed properly 
4/29/2023 5:12:12 PM: whereclause value Family
4/29/2023 5:12:12 PM: From Search click,QueryWhereClause() is executed properly 
4/29/2023 5:12:12 PM: Before searching the details with whereclause : Family
4/29/2023 5:12:15 PM: btnPerformQueryClick search result record count 1
4/29/2023 5:12:15 PM: btnPerformQueryClick finished
4/29/2023 11:39:45 PM: BindDocumentType started
4/29/2023 11:39:45 PM: BindDocumentType finished
4/29/2023 11:39:51 PM: createControls Started
4/29/2023 11:39:51 PM: createControls Loaded all Textbox dynamically
4/29/2023 11:39:51 PM: createControls Loaded all Dropdownlist dynamically
4/29/2023 11:39:52 PM: createControls Loaded all Textbox dynamically
4/29/2023 11:39:52 PM: createControls Loaded all Dropdownlist dynamically
4/29/2023 11:39:52 PM: createControls Finished
4/29/2023 11:39:52 PM: GetTemplateDetails started
4/29/2023 11:39:52 PM: generatecontrols Started
4/29/2023 11:39:52 PM: GenerateControls:Loaded all Textbox dynamically
4/29/2023 11:39:52 PM: GenerateControls:Loaded all Dropdownlist dynamically
4/29/2023 11:39:52 PM: GenerateControls:Loaded all Textbox dynamically
4/29/2023 11:39:52 PM: GenerateControls:Loaded all Dropdownlist dynamically
4/29/2023 11:39:53 PM: createControls Started
4/29/2023 11:39:53 PM: createControls Loaded all Textbox dynamically
4/29/2023 11:39:53 PM: createControls Loaded all Textbox dynamically
4/29/2023 11:39:53 PM: createControls Loaded all Textbox dynamically
4/29/2023 11:39:53 PM: createControls Loaded all Textbox dynamically
4/29/2023 11:39:53 PM: createControls Finished
4/29/2023 11:39:53 PM: GetTemplateDetails started
4/29/2023 11:39:53 PM: generatecontrols Started
4/29/2023 11:39:53 PM: GenerateControls:Loaded all Textbox dynamically
4/29/2023 11:39:53 PM: GenerateControls:Loaded all Textbox dynamically
4/29/2023 11:39:53 PM: GenerateControls:Loaded all Textbox dynamically
4/29/2023 11:39:53 PM: GenerateControls:Loaded all Textbox dynamically
4/29/2023 11:39:54 PM: createControls Started
4/29/2023 11:39:54 PM: createControls Loaded all Textbox dynamically
4/29/2023 11:39:54 PM: createControls Loaded all Textbox dynamically
4/29/2023 11:39:54 PM: createControls Loaded all Textbox dynamically
4/29/2023 11:39:54 PM: createControls Loaded all Textbox dynamically
4/29/2023 11:39:54 PM: createControls Finished
4/29/2023 11:39:54 PM: GetTemplateDetails started
4/29/2023 11:39:54 PM: generatecontrols Started
4/29/2023 11:39:54 PM: GenerateControls:Loaded all Textbox dynamically
4/29/2023 11:39:54 PM: GenerateControls:Loaded all Textbox dynamically
4/29/2023 11:39:54 PM: GenerateControls:Loaded all Textbox dynamically
4/29/2023 11:39:54 PM: GenerateControls:Loaded all Textbox dynamically
4/29/2023 11:39:54 PM: Started Loading Entity Drop Down
4/29/2023 11:39:55 PM: Finished Loading Entity Drop Down
4/29/2023 11:49:19 PM: BindDocumentType started
4/29/2023 11:49:19 PM: BindDocumentType finished
4/29/2023 11:49:19 PM: BindQueries started
4/29/2023 11:49:19 PM: BindQueries finished
4/29/2023 11:56:54 PM: Started Loading Entity Drop Down
4/29/2023 11:56:54 PM: BindDocumentType started
4/29/2023 11:56:54 PM: BindDocumentType finished
4/29/2023 11:56:54 PM: BindQueries started
4/29/2023 11:56:54 PM: BindQueries finished
