4/17/2023 12:02:31 AM: GetTemplateDetails started
4/17/2023 12:02:31 AM: generatecontrols Started
4/17/2023 12:02:32 AM: GenerateControls:Loaded all Textbox dynamically
4/17/2023 12:02:32 AM: GenerateControls:Loaded all Textbox dynamically
4/17/2023 12:02:32 AM: GenerateControls:Loaded all Textbox dynamically
4/17/2023 12:02:32 AM: GenerateControls:Loaded all Textbox dynamically
4/17/2023 12:02:32 AM: Started Loading Entity Drop Down
4/17/2023 12:02:32 AM: Finished Loading Entity Drop Down
4/17/2023 12:02:32 AM: BindDocumentType started
4/17/2023 12:02:32 AM: BindDocumentType finished
4/17/2023 12:02:32 AM: createControls Started
4/17/2023 12:02:32 AM: createControls Loaded all Textbox dynamically
4/17/2023 12:02:32 AM: createControls Loaded all Textbox dynamically
4/17/2023 12:02:32 AM: createControls Loaded all Textbox dynamically
4/17/2023 12:02:32 AM: createControls Loaded all Textbox dynamically
4/17/2023 12:02:32 AM: createControls Finished
4/17/2023 12:13:15 AM: GetTemplateDetails started
4/17/2023 12:13:15 AM: generatecontrols Started
4/17/2023 12:13:16 AM: GenerateControls:Loaded all Textbox dynamically
4/17/2023 12:13:16 AM: GenerateControls:Loaded all Textbox dynamically
4/17/2023 12:13:16 AM: GenerateControls:Loaded all Textbox dynamically
4/17/2023 12:13:16 AM: GenerateControls:Loaded all Textbox dynamically
4/17/2023 12:13:16 AM: Started Loading Entity Drop Down
4/17/2023 12:13:16 AM: Finished Loading Entity Drop Down
4/17/2023 12:13:16 AM: BindDocumentType started
4/17/2023 12:13:16 AM: BindDocumentType finished
4/17/2023 12:13:16 AM: createControls Started
4/17/2023 12:13:16 AM: createControls Loaded all Textbox dynamically
4/17/2023 12:13:16 AM: createControls Loaded all Textbox dynamically
4/17/2023 12:13:16 AM: createControls Loaded all Textbox dynamically
4/17/2023 12:13:16 AM: createControls Loaded all Textbox dynamically
4/17/2023 12:13:16 AM: createControls Finished
4/17/2023 12:19:09 AM: GetTemplateDetails started
4/17/2023 12:19:09 AM: generatecontrols Started
4/17/2023 12:19:09 AM: GenerateControls:Loaded all Textbox dynamically
4/17/2023 12:19:09 AM: GenerateControls:Loaded all Textbox dynamically
4/17/2023 12:19:09 AM: GenerateControls:Loaded all Textbox dynamically
4/17/2023 12:19:09 AM: GenerateControls:Loaded all Textbox dynamically
4/17/2023 12:19:10 AM: Started Loading Entity Drop Down
4/17/2023 12:19:10 AM: Finished Loading Entity Drop Down
4/17/2023 12:19:10 AM: BindDocumentType started
4/17/2023 12:19:10 AM: BindDocumentType finished
4/17/2023 12:19:10 AM: createControls Started
4/17/2023 12:19:10 AM: createControls Loaded all Textbox dynamically
4/17/2023 12:19:10 AM: createControls Loaded all Textbox dynamically
4/17/2023 12:19:10 AM: createControls Loaded all Textbox dynamically
4/17/2023 12:19:10 AM: createControls Loaded all Textbox dynamically
4/17/2023 12:19:10 AM: createControls Finished
4/17/2023 12:25:28 AM: GetTemplateDetails started
4/17/2023 12:25:28 AM: generatecontrols Started
4/17/2023 12:25:28 AM: GenerateControls:Loaded all Textbox dynamically
4/17/2023 12:25:28 AM: GenerateControls:Loaded all Textbox dynamically
4/17/2023 12:25:28 AM: GenerateControls:Loaded all Textbox dynamically
4/17/2023 12:25:28 AM: GenerateControls:Loaded all Textbox dynamically
4/17/2023 12:25:28 AM: Started Loading Entity Drop Down
4/17/2023 12:25:28 AM: Finished Loading Entity Drop Down
4/17/2023 12:25:29 AM: BindDocumentType started
4/17/2023 12:25:29 AM: BindDocumentType finished
4/17/2023 12:25:29 AM: createControls Started
4/17/2023 12:25:29 AM: createControls Loaded all Textbox dynamically
4/17/2023 12:25:29 AM: createControls Loaded all Textbox dynamically
4/17/2023 12:25:29 AM: createControls Loaded all Textbox dynamically
4/17/2023 12:25:29 AM: createControls Loaded all Textbox dynamically
4/17/2023 12:25:29 AM: createControls Finished
4/17/2023 12:35:47 AM: GetTemplateDetails started
4/17/2023 12:35:47 AM: generatecontrols Started
4/17/2023 12:35:48 AM: GenerateControls:Loaded all Textbox dynamically
4/17/2023 12:35:48 AM: GenerateControls:Loaded all Textbox dynamically
4/17/2023 12:35:48 AM: GenerateControls:Loaded all Textbox dynamically
4/17/2023 12:35:48 AM: GenerateControls:Loaded all Textbox dynamically
4/17/2023 12:35:48 AM: Started Loading Entity Drop Down
4/17/2023 12:35:48 AM: Finished Loading Entity Drop Down
4/17/2023 12:35:49 AM: BindDocumentType started
4/17/2023 12:35:49 AM: BindDocumentType finished
4/17/2023 12:35:49 AM: createControls Started
4/17/2023 12:35:49 AM: createControls Loaded all Textbox dynamically
4/17/2023 12:35:49 AM: createControls Loaded all Textbox dynamically
4/17/2023 12:35:49 AM: createControls Loaded all Textbox dynamically
4/17/2023 12:35:49 AM: createControls Loaded all Textbox dynamically
4/17/2023 12:35:49 AM: createControls Finished
4/17/2023 12:40:45 AM: GetTemplateDetails started
4/17/2023 12:40:45 AM: generatecontrols Started
4/17/2023 12:40:45 AM: GenerateControls:Loaded all Textbox dynamically
4/17/2023 12:40:45 AM: GenerateControls:Loaded all Textbox dynamically
4/17/2023 12:40:45 AM: GenerateControls:Loaded all Textbox dynamically
4/17/2023 12:40:45 AM: GenerateControls:Loaded all Textbox dynamically
4/17/2023 12:40:45 AM: Started Loading Entity Drop Down
4/17/2023 12:40:46 AM: Finished Loading Entity Drop Down
4/17/2023 12:40:46 AM: BindDocumentType started
4/17/2023 12:40:46 AM: BindDocumentType finished
4/17/2023 12:40:46 AM: createControls Started
4/17/2023 12:40:46 AM: createControls Loaded all Textbox dynamically
4/17/2023 12:40:46 AM: createControls Loaded all Textbox dynamically
4/17/2023 12:40:46 AM: createControls Loaded all Textbox dynamically
4/17/2023 12:40:46 AM: createControls Loaded all Textbox dynamically
4/17/2023 12:40:46 AM: createControls Finished
4/17/2023 12:46:17 AM: GetTemplateDetails started
4/17/2023 12:46:17 AM: generatecontrols Started
4/17/2023 12:46:17 AM: GenerateControls:Loaded all Textbox dynamically
4/17/2023 12:46:17 AM: GenerateControls:Loaded all Textbox dynamically
4/17/2023 12:46:17 AM: GenerateControls:Loaded all Textbox dynamically
4/17/2023 12:46:17 AM: GenerateControls:Loaded all Textbox dynamically
4/17/2023 12:46:17 AM: Started Loading Entity Drop Down
4/17/2023 12:46:17 AM: Finished Loading Entity Drop Down
4/17/2023 12:46:17 AM: BindDocumentType started
4/17/2023 12:46:17 AM: BindDocumentType finished
4/17/2023 12:46:17 AM: createControls Started
4/17/2023 12:46:17 AM: createControls Loaded all Textbox dynamically
4/17/2023 12:46:17 AM: createControls Loaded all Textbox dynamically
4/17/2023 12:46:17 AM: createControls Loaded all Textbox dynamically
4/17/2023 12:46:17 AM: createControls Loaded all Textbox dynamically
4/17/2023 12:46:17 AM: createControls Finished
4/17/2023 12:50:40 AM: GetTemplateDetails started
4/17/2023 12:50:40 AM: generatecontrols Started
4/17/2023 12:50:40 AM: GenerateControls:Loaded all Textbox dynamically
4/17/2023 12:50:40 AM: GenerateControls:Loaded all Textbox dynamically
4/17/2023 12:50:40 AM: GenerateControls:Loaded all Textbox dynamically
4/17/2023 12:50:40 AM: GenerateControls:Loaded all Textbox dynamically
4/17/2023 12:50:40 AM: Started Loading Entity Drop Down
4/17/2023 12:50:40 AM: Finished Loading Entity Drop Down
4/17/2023 12:50:40 AM: BindDocumentType started
4/17/2023 12:50:40 AM: BindDocumentType finished
4/17/2023 12:50:40 AM: createControls Started
4/17/2023 12:50:40 AM: createControls Loaded all Textbox dynamically
4/17/2023 12:50:40 AM: createControls Loaded all Textbox dynamically
4/17/2023 12:50:40 AM: createControls Loaded all Textbox dynamically
4/17/2023 12:50:40 AM: createControls Loaded all Textbox dynamically
4/17/2023 12:50:40 AM: createControls Finished
4/17/2023 12:57:38 AM: GetTemplateDetails started
4/17/2023 12:57:38 AM: generatecontrols Started
4/17/2023 12:57:38 AM: GenerateControls:Loaded all Textbox dynamically
4/17/2023 12:57:38 AM: GenerateControls:Loaded all Textbox dynamically
4/17/2023 12:57:38 AM: GenerateControls:Loaded all Textbox dynamically
4/17/2023 12:57:38 AM: GenerateControls:Loaded all Textbox dynamically
4/17/2023 12:57:38 AM: Started Loading Entity Drop Down
4/17/2023 12:57:38 AM: Finished Loading Entity Drop Down
4/17/2023 12:57:38 AM: BindDocumentType started
4/17/2023 12:57:38 AM: BindDocumentType finished
4/17/2023 12:57:38 AM: createControls Started
4/17/2023 12:57:38 AM: createControls Loaded all Textbox dynamically
4/17/2023 12:57:38 AM: createControls Loaded all Textbox dynamically
4/17/2023 12:57:38 AM: createControls Loaded all Textbox dynamically
4/17/2023 12:57:38 AM: createControls Loaded all Textbox dynamically
4/17/2023 12:57:38 AM: createControls Finished
4/17/2023 12:58:20 AM: GetTemplateDetails started
4/17/2023 12:58:20 AM: generatecontrols Started
4/17/2023 12:58:20 AM: GenerateControls:Loaded all Textbox dynamically
4/17/2023 12:58:20 AM: GenerateControls:Loaded all Textbox dynamically
4/17/2023 12:58:20 AM: GenerateControls:Loaded all Textbox dynamically
4/17/2023 12:58:20 AM: GenerateControls:Loaded all Textbox dynamically
4/17/2023 12:58:20 AM: Started Loading Entity Drop Down
4/17/2023 12:58:20 AM: Finished Loading Entity Drop Down
4/17/2023 12:58:21 AM: BindDocumentType started
4/17/2023 12:58:21 AM: BindDocumentType finished
4/17/2023 12:58:21 AM: createControls Started
4/17/2023 12:58:21 AM: createControls Loaded all Textbox dynamically
4/17/2023 12:58:21 AM: createControls Loaded all Textbox dynamically
4/17/2023 12:58:21 AM: createControls Loaded all Textbox dynamically
4/17/2023 12:58:21 AM: createControls Loaded all Textbox dynamically
4/17/2023 12:58:21 AM: createControls Finished
4/17/2023 12:59:05 AM: GetTemplateDetails started
4/17/2023 12:59:05 AM: generatecontrols Started
4/17/2023 12:59:05 AM: GenerateControls:Loaded all Textbox dynamically
4/17/2023 12:59:05 AM: GenerateControls:Loaded all Textbox dynamically
4/17/2023 12:59:05 AM: GenerateControls:Loaded all Textbox dynamically
4/17/2023 12:59:05 AM: GenerateControls:Loaded all Textbox dynamically
4/17/2023 12:59:05 AM: Started Loading Entity Drop Down
4/17/2023 12:59:05 AM: Finished Loading Entity Drop Down
4/17/2023 12:59:05 AM: BindDocumentType started
4/17/2023 12:59:05 AM: BindDocumentType finished
4/17/2023 12:59:05 AM: createControls Started
4/17/2023 12:59:05 AM: createControls Loaded all Textbox dynamically
4/17/2023 12:59:05 AM: createControls Loaded all Textbox dynamically
4/17/2023 12:59:05 AM: createControls Loaded all Textbox dynamically
4/17/2023 12:59:05 AM: createControls Loaded all Textbox dynamically
4/17/2023 12:59:05 AM: createControls Finished
4/17/2023 12:59:23 AM: GetSginatureDetails Started:-
4/17/2023 12:59:23 AM: GetSginatureDetails Completed:-
4/17/2023 12:59:23 AM: GetTemplateDetails Started
4/17/2023 12:59:23 AM: GetTemplateDetails total record count:1
4/17/2023 12:59:23 AM: Create controls,Load all Textbox dynamic
4/17/2023 12:59:23 AM: Create controls,Load all Textbox dynamic
4/17/2023 12:59:23 AM: Create controls,Load all Textbox dynamic
4/17/2023 12:59:23 AM: Create controls,Load all Textbox dynamic
4/17/2023 12:59:23 AM: GetTemplateDetails Finished
4/17/2023 12:59:23 AM: InitializeDocumentView started
4/17/2023 12:59:23 AM: InitializeDocumentView finished
4/17/2023 12:59:23 AM: Calling database to get annotated images. DocumentId: 282139, Action: GetAnnotatedPages
4/17/2023 12:59:24 AM: Calling database to get annotated images. DocumentId: 282139, Action: GetTaggedPages
4/17/2023 12:59:24 AM: LoadImageToViewer started
4/17/2023 12:59:24 AM: Setting image to viewer. Action:  Page count: 11 Current Page:1
4/17/2023 12:59:24 AM: Converting PDF to JPEG. PDF Path: D:\WDMSDocument\TempWorkFolder\U0lfTEVfMTg5Nl8zMDRfMTAwNA==\1.pdf Image Name: U0lfTEVfMTg5Nl8zMDRfMTAwNA== Page No: 1
4/17/2023 12:59:24 AM: Converting PDF to JPEG without applying watermark.
4/17/2023 12:59:24 AM: Exception: I/O error occurred.
4/17/2023 12:59:24 AM: convertPDFToImage method returned file path as empty.
4/17/2023 12:59:24 AM: Invoke method to get annotations from databnase.
4/17/2023 12:59:24 AM: Get annotations from database.
4/17/2023 12:59:24 AM: Document Id: 282139 Page No: 1
4/17/2023 12:59:24 AM: Invoking method to get annotation data from database. Action: GetAnnotations
4/17/2023 12:59:24 AM: MailPanelFill started
4/17/2023 12:59:24 AM: MailPanelFill finished
4/17/2023 1:06:37 AM: createControls Started
4/17/2023 1:06:37 AM: createControls Finished
4/17/2023 1:06:37 AM: GetTemplateDetails started
4/17/2023 1:06:37 AM: generatecontrols Started
4/17/2023 1:06:37 AM: GenerateControls:Loaded all Textbox dynamically
4/17/2023 1:06:37 AM: GenerateControls:Loaded all Textbox dynamically
4/17/2023 1:06:37 AM: GenerateControls:Loaded all Textbox dynamically
4/17/2023 1:06:37 AM: GenerateControls:Loaded all Textbox dynamically
4/17/2023 1:06:37 AM: Started Loading Entity Drop Down
4/17/2023 1:06:38 AM: Finished Loading Entity Drop Down
4/17/2023 1:09:32 AM: GetTemplateDetails started
4/17/2023 1:09:32 AM: generatecontrols Started
4/17/2023 1:09:32 AM: GenerateControls:Loaded all Textbox dynamically
4/17/2023 1:09:32 AM: GenerateControls:Loaded all Textbox dynamically
4/17/2023 1:09:32 AM: GenerateControls:Loaded all Textbox dynamically
4/17/2023 1:09:32 AM: GenerateControls:Loaded all Textbox dynamically
4/17/2023 1:09:32 AM: Started Loading Entity Drop Down
4/17/2023 1:09:32 AM: Finished Loading Entity Drop Down
4/17/2023 1:09:32 AM: BindDocumentType started
4/17/2023 1:09:32 AM: BindDocumentType finished
4/17/2023 1:09:32 AM: createControls Started
4/17/2023 1:09:32 AM: createControls Loaded all Textbox dynamically
4/17/2023 1:09:32 AM: createControls Loaded all Textbox dynamically
4/17/2023 1:09:32 AM: createControls Loaded all Textbox dynamically
4/17/2023 1:09:32 AM: createControls Loaded all Textbox dynamically
4/17/2023 1:09:32 AM: createControls Finished
4/17/2023 1:09:36 AM: createControls Started
4/17/2023 1:09:36 AM: createControls Loaded all Textbox dynamically
4/17/2023 1:09:36 AM: createControls Loaded all Textbox dynamically
4/17/2023 1:09:36 AM: createControls Loaded all Textbox dynamically
4/17/2023 1:09:36 AM: createControls Loaded all Textbox dynamically
4/17/2023 1:09:36 AM: createControls Finished
4/17/2023 1:09:51 AM: GetTemplateDetails started
4/17/2023 1:09:51 AM: generatecontrols Started
4/17/2023 1:09:51 AM: GenerateControls:Loaded all Textbox dynamically
4/17/2023 1:09:51 AM: GenerateControls:Loaded all Textbox dynamically
4/17/2023 1:09:51 AM: GenerateControls:Loaded all Textbox dynamically
4/17/2023 1:09:51 AM: GenerateControls:Loaded all Textbox dynamically
4/17/2023 1:09:51 AM: Started Loading Entity Drop Down
4/17/2023 1:09:52 AM: Finished Loading Entity Drop Down
4/17/2023 1:09:52 AM: BindDocumentType started
4/17/2023 1:09:52 AM: BindDocumentType finished
4/17/2023 1:09:52 AM: createControls Started
4/17/2023 1:09:52 AM: createControls Loaded all Textbox dynamically
4/17/2023 1:09:52 AM: createControls Loaded all Textbox dynamically
4/17/2023 1:09:52 AM: createControls Loaded all Textbox dynamically
4/17/2023 1:09:52 AM: createControls Loaded all Textbox dynamically
4/17/2023 1:09:52 AM: createControls Finished
4/17/2023 1:11:43 AM: GetTemplateDetails started
4/17/2023 1:11:43 AM: generatecontrols Started
4/17/2023 1:11:43 AM: GenerateControls:Loaded all Textbox dynamically
4/17/2023 1:11:43 AM: GenerateControls:Loaded all Textbox dynamically
4/17/2023 1:11:43 AM: GenerateControls:Loaded all Textbox dynamically
4/17/2023 1:11:43 AM: GenerateControls:Loaded all Textbox dynamically
4/17/2023 1:11:43 AM: Started Loading Entity Drop Down
4/17/2023 1:11:43 AM: Finished Loading Entity Drop Down
4/17/2023 1:11:43 AM: BindDocumentType started
4/17/2023 1:11:44 AM: BindDocumentType finished
4/17/2023 1:11:44 AM: createControls Started
4/17/2023 1:11:44 AM: createControls Loaded all Textbox dynamically
4/17/2023 1:11:44 AM: createControls Loaded all Textbox dynamically
4/17/2023 1:11:44 AM: createControls Loaded all Textbox dynamically
4/17/2023 1:11:44 AM: createControls Loaded all Textbox dynamically
4/17/2023 1:11:44 AM: createControls Finished
4/17/2023 1:12:46 AM: GetTemplateDetails started
4/17/2023 1:12:46 AM: generatecontrols Started
4/17/2023 1:12:46 AM: GenerateControls:Loaded all Textbox dynamically
4/17/2023 1:12:46 AM: GenerateControls:Loaded all Textbox dynamically
4/17/2023 1:12:46 AM: GenerateControls:Loaded all Textbox dynamically
4/17/2023 1:12:46 AM: GenerateControls:Loaded all Textbox dynamically
4/17/2023 1:12:46 AM: Started Loading Entity Drop Down
4/17/2023 1:12:46 AM: Finished Loading Entity Drop Down
4/17/2023 1:12:46 AM: BindDocumentType started
4/17/2023 1:12:47 AM: BindDocumentType finished
4/17/2023 1:12:47 AM: createControls Started
4/17/2023 1:12:47 AM: createControls Loaded all Textbox dynamically
4/17/2023 1:12:47 AM: createControls Loaded all Textbox dynamically
4/17/2023 1:12:47 AM: createControls Loaded all Textbox dynamically
4/17/2023 1:12:47 AM: createControls Loaded all Textbox dynamically
4/17/2023 1:12:47 AM: createControls Finished
4/17/2023 1:13:26 AM: GetTemplateDetails started
4/17/2023 1:13:26 AM: generatecontrols Started
4/17/2023 1:13:26 AM: GenerateControls:Loaded all Textbox dynamically
4/17/2023 1:13:26 AM: GenerateControls:Loaded all Textbox dynamically
4/17/2023 1:13:26 AM: GenerateControls:Loaded all Textbox dynamically
4/17/2023 1:13:26 AM: GenerateControls:Loaded all Textbox dynamically
4/17/2023 1:13:26 AM: Started Loading Entity Drop Down
4/17/2023 1:13:26 AM: Finished Loading Entity Drop Down
4/17/2023 1:13:26 AM: BindDocumentType started
4/17/2023 1:13:26 AM: BindDocumentType finished
4/17/2023 1:13:26 AM: createControls Started
4/17/2023 1:13:26 AM: createControls Loaded all Textbox dynamically
4/17/2023 1:13:26 AM: createControls Loaded all Textbox dynamically
4/17/2023 1:13:26 AM: createControls Loaded all Textbox dynamically
4/17/2023 1:13:26 AM: createControls Loaded all Textbox dynamically
4/17/2023 1:13:26 AM: createControls Finished
4/17/2023 1:13:34 AM: GetTemplateDetails started
4/17/2023 1:13:34 AM: generatecontrols Started
4/17/2023 1:13:34 AM: GenerateControls:Loaded all Textbox dynamically
4/17/2023 1:13:34 AM: GenerateControls:Loaded all Textbox dynamically
4/17/2023 1:13:34 AM: GenerateControls:Loaded all Textbox dynamically
4/17/2023 1:13:34 AM: GenerateControls:Loaded all Textbox dynamically
4/17/2023 1:13:34 AM: Started Loading Entity Drop Down
4/17/2023 1:13:34 AM: Finished Loading Entity Drop Down
4/17/2023 1:13:34 AM: BindDocumentType started
4/17/2023 1:13:34 AM: BindDocumentType finished
4/17/2023 1:13:34 AM: createControls Started
4/17/2023 1:13:34 AM: createControls Loaded all Textbox dynamically
4/17/2023 1:13:34 AM: createControls Loaded all Textbox dynamically
4/17/2023 1:13:34 AM: createControls Loaded all Textbox dynamically
4/17/2023 1:13:34 AM: createControls Loaded all Textbox dynamically
4/17/2023 1:13:34 AM: createControls Finished
4/17/2023 1:13:40 AM: GetSginatureDetails Started:-
4/17/2023 1:13:40 AM: GetSginatureDetails Completed:-
4/17/2023 1:13:40 AM: GetTemplateDetails Started
4/17/2023 1:13:41 AM: GetTemplateDetails total record count:1
4/17/2023 1:13:41 AM: Create controls,Load all Textbox dynamic
4/17/2023 1:13:41 AM: Create controls,Load all Textbox dynamic
4/17/2023 1:13:41 AM: Create controls,Load all Textbox dynamic
4/17/2023 1:13:41 AM: Create controls,Load all Textbox dynamic
4/17/2023 1:13:41 AM: GetTemplateDetails Finished
4/17/2023 1:13:41 AM: InitializeDocumentView started
4/17/2023 1:13:41 AM: InitializeDocumentView finished
4/17/2023 1:13:41 AM: Calling database to get annotated images. DocumentId: 282139, Action: GetAnnotatedPages
4/17/2023 1:13:41 AM: Calling database to get annotated images. DocumentId: 282139, Action: GetTaggedPages
4/17/2023 1:13:41 AM: LoadImageToViewer started
4/17/2023 1:13:41 AM: Setting image to viewer. Action:  Page count: 11 Current Page:1
4/17/2023 1:13:41 AM: Converting PDF to JPEG. PDF Path: D:\WDMSDocument\TempWorkFolder\U0lfTEVfMTg5Nl8zMDRfMTAwNA==\1.pdf Image Name: U0lfTEVfMTg5Nl8zMDRfMTAwNA== Page No: 1
4/17/2023 1:13:41 AM: Converting PDF to JPEG without applying watermark.
4/17/2023 1:13:41 AM: Exception: I/O error occurred.
4/17/2023 1:13:41 AM: convertPDFToImage method returned file path as empty.
4/17/2023 1:13:41 AM: Invoke method to get annotations from databnase.
4/17/2023 1:13:41 AM: Get annotations from database.
4/17/2023 1:13:41 AM: Document Id: 282139 Page No: 1
4/17/2023 1:13:41 AM: Invoking method to get annotation data from database. Action: GetAnnotations
4/17/2023 1:13:41 AM: MailPanelFill started
4/17/2023 1:13:41 AM: MailPanelFill finished
4/17/2023 1:25:37 AM: GetTemplateDetails started
4/17/2023 1:25:38 AM: generatecontrols Started
4/17/2023 1:25:38 AM: GenerateControls:Loaded all Textbox dynamically
4/17/2023 1:25:38 AM: GenerateControls:Loaded all Textbox dynamically
4/17/2023 1:25:38 AM: GenerateControls:Loaded all Textbox dynamically
4/17/2023 1:25:38 AM: GenerateControls:Loaded all Textbox dynamically
4/17/2023 1:25:38 AM: Started Loading Entity Drop Down
4/17/2023 1:25:38 AM: Finished Loading Entity Drop Down
4/17/2023 1:25:38 AM: BindDocumentType started
4/17/2023 1:25:38 AM: BindDocumentType finished
4/17/2023 1:25:38 AM: createControls Started
4/17/2023 1:25:38 AM: createControls Loaded all Textbox dynamically
4/17/2023 1:25:38 AM: createControls Loaded all Textbox dynamically
4/17/2023 1:25:38 AM: createControls Loaded all Textbox dynamically
4/17/2023 1:25:38 AM: createControls Loaded all Textbox dynamically
4/17/2023 1:25:38 AM: createControls Finished
4/17/2023 1:25:49 AM: GetSginatureDetails Started:-
4/17/2023 1:25:49 AM: GetSginatureDetails Completed:-
4/17/2023 1:25:49 AM: GetTemplateDetails Started
4/17/2023 1:25:50 AM: GetTemplateDetails total record count:1
4/17/2023 1:25:50 AM: Create controls,Load all Textbox dynamic
4/17/2023 1:25:50 AM: Create controls,Load all Textbox dynamic
4/17/2023 1:25:50 AM: Create controls,Load all Textbox dynamic
4/17/2023 1:25:50 AM: Create controls,Load all Textbox dynamic
4/17/2023 1:25:50 AM: GetTemplateDetails Finished
4/17/2023 1:25:50 AM: InitializeDocumentView started
4/17/2023 1:25:50 AM: InitializeDocumentView finished
4/17/2023 1:25:50 AM: Calling database to get annotated images. DocumentId: 282139, Action: GetAnnotatedPages
4/17/2023 1:25:50 AM: Calling database to get annotated images. DocumentId: 282139, Action: GetTaggedPages
4/17/2023 1:25:50 AM: LoadImageToViewer started
4/17/2023 1:25:50 AM: Setting image to viewer. Action:  Page count: 11 Current Page:1
4/17/2023 1:25:50 AM: Converting PDF to JPEG. PDF Path: D:\WDMSDocument\TempWorkFolder\U0lfTEVfMTg5Nl8zMDRfMTAwNA==\1.pdf Image Name: U0lfTEVfMTg5Nl8zMDRfMTAwNA== Page No: 1
4/17/2023 1:25:50 AM: Converting PDF to JPEG without applying watermark.
4/17/2023 1:25:51 AM: Exception: I/O error occurred.
4/17/2023 1:25:51 AM: convertPDFToImage method returned file path as empty.
4/17/2023 1:25:51 AM: Invoke method to get annotations from databnase.
4/17/2023 1:25:51 AM: Get annotations from database.
4/17/2023 1:25:51 AM: Document Id: 282139 Page No: 1
4/17/2023 1:25:51 AM: Invoking method to get annotation data from database. Action: GetAnnotations
4/17/2023 1:25:51 AM: MailPanelFill started
4/17/2023 1:25:51 AM: MailPanelFill finished
4/17/2023 1:26:06 AM: GetTemplateDetails Started
4/17/2023 1:26:06 AM: GetTemplateDetails total record count:1
4/17/2023 1:26:07 AM: Create controls,Load all Textbox dynamic
4/17/2023 1:26:07 AM: Create controls,Load all Textbox dynamic
4/17/2023 1:26:07 AM: Create controls,Load all Textbox dynamic
4/17/2023 1:26:07 AM: Create controls,Load all Textbox dynamic
4/17/2023 1:26:07 AM: GetTemplateDetails Finished
4/17/2023 1:26:07 AM: Downloading original document.
4/17/2023 1:26:35 AM: Copying splitted files from: D:\Sachin\Writer\UploadedDocuments\sipcot_uat\1896\2022-06-18\U0lfTEVfMTg5Nl8zMDRfMTAwNA== to temporary work folder: D:\WDMSDocument\TempWorkFolder\\U0lfTEVfMTg5Nl8zMDRfMTAwNA==
4/17/2023 1:27:53 AM: Merging files: D:\WDMSDocument\TempWorkFolder\\U0lfTEVfMTg5Nl8zMDRfMTAwNA==.pdf
4/17/2023 1:30:20 AM: getAvailablePages Started
4/17/2023 1:57:00 AM: GetTemplateDetails started
4/17/2023 1:57:00 AM: generatecontrols Started
4/17/2023 1:57:00 AM: GenerateControls:Loaded all Textbox dynamically
4/17/2023 1:57:00 AM: GenerateControls:Loaded all Textbox dynamically
4/17/2023 1:57:00 AM: GenerateControls:Loaded all Textbox dynamically
4/17/2023 1:57:00 AM: GenerateControls:Loaded all Textbox dynamically
4/17/2023 1:57:00 AM: Started Loading Entity Drop Down
4/17/2023 1:57:00 AM: Finished Loading Entity Drop Down
4/17/2023 1:57:00 AM: BindDocumentType started
4/17/2023 1:57:00 AM: BindDocumentType finished
4/17/2023 1:57:00 AM: createControls Started
4/17/2023 1:57:00 AM: createControls Loaded all Textbox dynamically
4/17/2023 1:57:00 AM: createControls Loaded all Textbox dynamically
4/17/2023 1:57:00 AM: createControls Loaded all Textbox dynamically
4/17/2023 1:57:00 AM: createControls Loaded all Textbox dynamically
4/17/2023 1:57:00 AM: createControls Finished
4/17/2023 1:57:11 AM: GetSginatureDetails Started:-
4/17/2023 1:57:11 AM: GetSginatureDetails Completed:-
4/17/2023 1:57:11 AM: GetTemplateDetails Started
4/17/2023 1:57:11 AM: GetTemplateDetails total record count:1
4/17/2023 1:57:11 AM: Create controls,Load all Textbox dynamic
4/17/2023 1:57:11 AM: Create controls,Load all Textbox dynamic
4/17/2023 1:57:11 AM: Create controls,Load all Textbox dynamic
4/17/2023 1:57:11 AM: Create controls,Load all Textbox dynamic
4/17/2023 1:57:11 AM: GetTemplateDetails Finished
4/17/2023 1:57:12 AM: InitializeDocumentView started
4/17/2023 1:57:12 AM: InitializeDocumentView finished
4/17/2023 1:57:12 AM: Calling database to get annotated images. DocumentId: 282139, Action: GetAnnotatedPages
4/17/2023 1:57:12 AM: Calling database to get annotated images. DocumentId: 282139, Action: GetTaggedPages
4/17/2023 1:57:12 AM: LoadImageToViewer started
4/17/2023 1:57:12 AM: Setting image to viewer. Action:  Page count: 11 Current Page:1
4/17/2023 1:57:12 AM: Converting PDF to JPEG. PDF Path: D:\WDMSDocument\TempWorkFolder\U0lfTEVfMTg5Nl8zMDRfMTAwNA==\1.pdf Image Name: U0lfTEVfMTg5Nl8zMDRfMTAwNA== Page No: 1
4/17/2023 1:57:12 AM: Converting PDF to JPEG without applying watermark.
4/17/2023 1:57:24 AM: Setting image to viewer using RegisterStartupScript: http://localhost:55361/generichandler.ashx?f=d://wdmsdocument//tempworkfolder//u0lftevfmtg5nl8zmdrfmtawna==jpg//1.jpeg
4/17/2023 1:57:24 AM: Invoke method to get annotations from databnase.
4/17/2023 1:57:24 AM: Get annotations from database.
4/17/2023 1:57:24 AM: Document Id: 282139 Page No: 1
4/17/2023 1:57:24 AM: Invoking method to get annotation data from database. Action: GetAnnotations
4/17/2023 1:57:24 AM: MailPanelFill started
4/17/2023 1:57:24 AM: MailPanelFill finished
4/17/2023 1:57:36 AM: GetTemplateDetails Started
4/17/2023 1:57:36 AM: GetTemplateDetails total record count:1
4/17/2023 1:57:36 AM: Create controls,Load all Textbox dynamic
4/17/2023 1:57:36 AM: Create controls,Load all Textbox dynamic
4/17/2023 1:57:36 AM: Create controls,Load all Textbox dynamic
4/17/2023 1:57:36 AM: Create controls,Load all Textbox dynamic
4/17/2023 1:57:36 AM: GetTemplateDetails Finished
4/17/2023 1:57:36 AM: Downloading original document.
4/17/2023 1:57:41 AM: Copying splitted files from: D:\Sachin\Writer\UploadedDocuments\sipcot_uat\1896\2022-06-18\U0lfTEVfMTg5Nl8zMDRfMTAwNA== to temporary work folder: D:\WDMSDocument\TempWorkFolder\\U0lfTEVfMTg5Nl8zMDRfMTAwNA==
4/17/2023 1:57:45 AM: Merging files: D:\WDMSDocument\TempWorkFolder\\U0lfTEVfMTg5Nl8zMDRfMTAwNA==.pdf
4/17/2023 10:01:21 AM: GetTemplateDetails started
4/17/2023 10:01:22 AM: generatecontrols Started
4/17/2023 10:01:22 AM: GenerateControls:Loaded all Textbox dynamically
4/17/2023 10:01:22 AM: GenerateControls:Loaded all Textbox dynamically
4/17/2023 10:01:22 AM: GenerateControls:Loaded all Textbox dynamically
4/17/2023 10:01:22 AM: GenerateControls:Loaded all Textbox dynamically
4/17/2023 10:01:22 AM: Started Loading Entity Drop Down
4/17/2023 10:01:23 AM: Finished Loading Entity Drop Down
4/17/2023 10:01:23 AM: BindDocumentType started
4/17/2023 10:01:23 AM: BindDocumentType finished
4/17/2023 10:01:23 AM: createControls Started
4/17/2023 10:01:24 AM: createControls Loaded all Textbox dynamically
4/17/2023 10:01:24 AM: createControls Loaded all Textbox dynamically
4/17/2023 10:01:24 AM: createControls Loaded all Textbox dynamically
4/17/2023 10:01:24 AM: createControls Loaded all Textbox dynamically
4/17/2023 10:01:24 AM: createControls Finished
4/17/2023 10:01:39 AM: GetSginatureDetails Started:-
4/17/2023 10:01:40 AM: GetSginatureDetails Completed:-
4/17/2023 10:01:40 AM: GetTemplateDetails Started
4/17/2023 10:01:40 AM: GetTemplateDetails total record count:1
4/17/2023 10:01:40 AM: Create controls,Load all Textbox dynamic
4/17/2023 10:01:40 AM: Create controls,Load all Textbox dynamic
4/17/2023 10:01:40 AM: Create controls,Load all Textbox dynamic
4/17/2023 10:01:40 AM: Create controls,Load all Textbox dynamic
4/17/2023 10:01:40 AM: GetTemplateDetails Finished
4/17/2023 10:01:40 AM: InitializeDocumentView started
4/17/2023 10:01:40 AM: InitializeDocumentView finished
4/17/2023 10:01:40 AM: Calling database to get annotated images. DocumentId: 282139, Action: GetAnnotatedPages
4/17/2023 10:01:40 AM: Calling database to get annotated images. DocumentId: 282139, Action: GetTaggedPages
4/17/2023 10:01:41 AM: LoadImageToViewer started
4/17/2023 10:01:41 AM: Setting image to viewer. Action:  Page count: 11 Current Page:1
4/17/2023 10:01:41 AM: Converting PDF to JPEG. PDF Path: D:\WDMSDocument\TempWorkFolder\U0lfTEVfMTg5Nl8zMDRfMTAwNA==\1.pdf Image Name: U0lfTEVfMTg5Nl8zMDRfMTAwNA== Page No: 1
4/17/2023 10:01:41 AM: Converting PDF to JPEG without applying watermark.
4/17/2023 10:02:06 AM: Setting image to viewer using RegisterStartupScript: http://localhost:55361/generichandler.ashx?f=d://wdmsdocument//tempworkfolder//u0lftevfmtg5nl8zmdrfmtawna==jpg//1.jpeg
4/17/2023 10:02:06 AM: Invoke method to get annotations from databnase.
4/17/2023 10:02:06 AM: Get annotations from database.
4/17/2023 10:02:06 AM: Document Id: 282139 Page No: 1
4/17/2023 10:02:06 AM: Invoking method to get annotation data from database. Action: GetAnnotations
4/17/2023 10:02:06 AM: MailPanelFill started
4/17/2023 10:02:06 AM: MailPanelFill finished
4/17/2023 10:02:35 AM: GetTemplateDetails Started
4/17/2023 10:02:35 AM: GetTemplateDetails total record count:1
4/17/2023 10:02:35 AM: Create controls,Load all Textbox dynamic
4/17/2023 10:02:35 AM: Create controls,Load all Textbox dynamic
4/17/2023 10:02:35 AM: Create controls,Load all Textbox dynamic
4/17/2023 10:02:35 AM: Create controls,Load all Textbox dynamic
4/17/2023 10:02:35 AM: GetTemplateDetails Finished
4/17/2023 10:02:35 AM: Downloading original document.
4/17/2023 10:02:41 AM: Copying splitted files from: D:\Sachin\Writer\UploadedDocuments\sipcot_uat\1896\2022-06-18\U0lfTEVfMTg5Nl8zMDRfMTAwNA== to temporary work folder: D:\WDMSDocument\TempWorkFolder\\U0lfTEVfMTg5Nl8zMDRfMTAwNA==
4/17/2023 10:02:42 AM: Merging files: D:\WDMSDocument\TempWorkFolder\\U0lfTEVfMTg5Nl8zMDRfMTAwNA==.pdf
4/17/2023 10:12:02 AM: getAvailablePages Started
4/17/2023 10:14:21 AM: GetTemplateDetails started
4/17/2023 10:14:21 AM: generatecontrols Started
4/17/2023 10:14:21 AM: GenerateControls:Loaded all Textbox dynamically
4/17/2023 10:14:21 AM: GenerateControls:Loaded all Textbox dynamically
4/17/2023 10:14:21 AM: GenerateControls:Loaded all Textbox dynamically
4/17/2023 10:14:21 AM: GenerateControls:Loaded all Textbox dynamically
4/17/2023 10:14:21 AM: Started Loading Entity Drop Down
4/17/2023 10:14:22 AM: Finished Loading Entity Drop Down
4/17/2023 10:14:22 AM: BindDocumentType started
4/17/2023 10:14:22 AM: BindDocumentType finished
4/17/2023 10:14:22 AM: createControls Started
4/17/2023 10:14:22 AM: createControls Loaded all Textbox dynamically
4/17/2023 10:14:22 AM: createControls Loaded all Textbox dynamically
4/17/2023 10:14:22 AM: createControls Loaded all Textbox dynamically
4/17/2023 10:14:22 AM: createControls Loaded all Textbox dynamically
4/17/2023 10:14:22 AM: createControls Finished
4/17/2023 10:14:36 AM: GetSginatureDetails Started:-
4/17/2023 10:14:36 AM: GetSginatureDetails Completed:-
4/17/2023 10:14:36 AM: GetTemplateDetails Started
4/17/2023 10:14:37 AM: GetTemplateDetails total record count:1
4/17/2023 10:14:37 AM: Create controls,Load all Textbox dynamic
4/17/2023 10:14:37 AM: Create controls,Load all Textbox dynamic
4/17/2023 10:14:37 AM: Create controls,Load all Textbox dynamic
4/17/2023 10:14:37 AM: Create controls,Load all Textbox dynamic
4/17/2023 10:14:37 AM: GetTemplateDetails Finished
4/17/2023 10:14:37 AM: InitializeDocumentView started
4/17/2023 10:14:37 AM: InitializeDocumentView finished
4/17/2023 10:14:37 AM: Calling database to get annotated images. DocumentId: 282139, Action: GetAnnotatedPages
4/17/2023 10:14:37 AM: Calling database to get annotated images. DocumentId: 282139, Action: GetTaggedPages
4/17/2023 10:14:37 AM: LoadImageToViewer started
4/17/2023 10:14:37 AM: Setting image to viewer. Action:  Page count: 11 Current Page:1
4/17/2023 10:14:37 AM: Converting PDF to JPEG. PDF Path: D:\WDMSDocument\TempWorkFolder\U0lfTEVfMTg5Nl8zMDRfMTAwNA==\1.pdf Image Name: U0lfTEVfMTg5Nl8zMDRfMTAwNA== Page No: 1
4/17/2023 10:14:37 AM: Converting PDF to JPEG without applying watermark.
4/17/2023 10:15:01 AM: Setting image to viewer using RegisterStartupScript: http://localhost:55361/generichandler.ashx?f=d://wdmsdocument//tempworkfolder//u0lftevfmtg5nl8zmdrfmtawna==jpg//1.jpeg
4/17/2023 10:15:01 AM: Invoke method to get annotations from databnase.
4/17/2023 10:15:01 AM: Get annotations from database.
4/17/2023 10:15:01 AM: Document Id: 282139 Page No: 1
4/17/2023 10:15:01 AM: Invoking method to get annotation data from database. Action: GetAnnotations
4/17/2023 10:15:01 AM: MailPanelFill started
4/17/2023 10:15:01 AM: MailPanelFill finished
4/17/2023 10:15:15 AM: GetTemplateDetails Started
4/17/2023 10:15:15 AM: GetTemplateDetails total record count:1
4/17/2023 10:15:16 AM: Create controls,Load all Textbox dynamic
4/17/2023 10:15:16 AM: Create controls,Load all Textbox dynamic
4/17/2023 10:15:16 AM: Create controls,Load all Textbox dynamic
4/17/2023 10:15:16 AM: Create controls,Load all Textbox dynamic
4/17/2023 10:15:16 AM: GetTemplateDetails Finished
4/17/2023 10:15:16 AM: Downloading original document.
4/17/2023 10:15:26 AM: Copying splitted files from: D:\Sachin\Writer\UploadedDocuments\sipcot_uat\1896\2022-06-18\U0lfTEVfMTg5Nl8zMDRfMTAwNA== to temporary work folder: D:\WDMSDocument\TempWorkFolder\\U0lfTEVfMTg5Nl8zMDRfMTAwNA==
4/17/2023 10:15:27 AM: Merging files: D:\WDMSDocument\TempWorkFolder\\U0lfTEVfMTg5Nl8zMDRfMTAwNA==.pdf
4/17/2023 10:18:26 AM: GetTemplateDetails started
4/17/2023 10:18:26 AM: generatecontrols Started
4/17/2023 10:18:26 AM: GenerateControls:Loaded all Textbox dynamically
4/17/2023 10:18:26 AM: GenerateControls:Loaded all Textbox dynamically
4/17/2023 10:18:26 AM: GenerateControls:Loaded all Textbox dynamically
4/17/2023 10:18:26 AM: GenerateControls:Loaded all Textbox dynamically
4/17/2023 10:18:26 AM: Started Loading Entity Drop Down
4/17/2023 10:18:26 AM: Finished Loading Entity Drop Down
4/17/2023 10:18:27 AM: BindDocumentType started
4/17/2023 10:18:27 AM: BindDocumentType finished
4/17/2023 10:18:27 AM: createControls Started
4/17/2023 10:18:27 AM: createControls Loaded all Textbox dynamically
4/17/2023 10:18:27 AM: createControls Loaded all Textbox dynamically
4/17/2023 10:18:27 AM: createControls Loaded all Textbox dynamically
4/17/2023 10:18:27 AM: createControls Loaded all Textbox dynamically
4/17/2023 10:18:27 AM: createControls Finished
4/17/2023 10:18:38 AM: GetSginatureDetails Started:-
4/17/2023 10:18:39 AM: GetSginatureDetails Completed:-
4/17/2023 10:18:39 AM: GetTemplateDetails Started
4/17/2023 10:18:39 AM: GetTemplateDetails total record count:1
4/17/2023 10:18:39 AM: Create controls,Load all Textbox dynamic
4/17/2023 10:18:39 AM: Create controls,Load all Textbox dynamic
4/17/2023 10:18:39 AM: Create controls,Load all Textbox dynamic
4/17/2023 10:18:39 AM: Create controls,Load all Textbox dynamic
4/17/2023 10:18:39 AM: GetTemplateDetails Finished
4/17/2023 10:18:39 AM: InitializeDocumentView started
4/17/2023 10:18:39 AM: InitializeDocumentView finished
4/17/2023 10:18:39 AM: Calling database to get annotated images. DocumentId: 282139, Action: GetAnnotatedPages
4/17/2023 10:18:39 AM: Calling database to get annotated images. DocumentId: 282139, Action: GetTaggedPages
4/17/2023 10:18:39 AM: LoadImageToViewer started
4/17/2023 10:18:39 AM: Setting image to viewer. Action:  Page count: 11 Current Page:1
4/17/2023 10:18:39 AM: Converting PDF to JPEG. PDF Path: D:\WDMSDocument\TempWorkFolder\U0lfTEVfMTg5Nl8zMDRfMTAwNA==\1.pdf Image Name: U0lfTEVfMTg5Nl8zMDRfMTAwNA== Page No: 1
4/17/2023 10:18:39 AM: Converting PDF to JPEG without applying watermark.
4/17/2023 10:19:02 AM: Setting image to viewer using RegisterStartupScript: http://localhost:55361/generichandler.ashx?f=d://wdmsdocument//tempworkfolder//u0lftevfmtg5nl8zmdrfmtawna==jpg//1.jpeg
4/17/2023 10:19:02 AM: Invoke method to get annotations from databnase.
4/17/2023 10:19:02 AM: Get annotations from database.
4/17/2023 10:19:02 AM: Document Id: 282139 Page No: 1
4/17/2023 10:19:02 AM: Invoking method to get annotation data from database. Action: GetAnnotations
4/17/2023 10:19:02 AM: MailPanelFill started
4/17/2023 10:19:02 AM: MailPanelFill finished
4/17/2023 10:19:57 AM: GetTemplateDetails Started
4/17/2023 10:19:57 AM: GetTemplateDetails total record count:1
4/17/2023 10:19:58 AM: Create controls,Load all Textbox dynamic
4/17/2023 10:19:58 AM: Create controls,Load all Textbox dynamic
4/17/2023 10:19:58 AM: Create controls,Load all Textbox dynamic
4/17/2023 10:19:58 AM: Create controls,Load all Textbox dynamic
4/17/2023 10:19:58 AM: GetTemplateDetails Finished
4/17/2023 10:19:58 AM: Downloading original document.
4/17/2023 10:20:01 AM: Copying splitted files from: D:\Sachin\Writer\UploadedDocuments\sipcot_uat\1896\2022-06-18\U0lfTEVfMTg5Nl8zMDRfMTAwNA== to temporary work folder: D:\WDMSDocument\TempWorkFolder\\U0lfTEVfMTg5Nl8zMDRfMTAwNA==
4/17/2023 10:20:02 AM: Merging files: D:\WDMSDocument\TempWorkFolder\\U0lfTEVfMTg5Nl8zMDRfMTAwNA==.pdf
4/17/2023 10:21:06 AM: getAvailablePages Started
4/17/2023 10:22:48 AM: GetTemplateDetails started
4/17/2023 10:22:48 AM: generatecontrols Started
4/17/2023 10:22:48 AM: GenerateControls:Loaded all Textbox dynamically
4/17/2023 10:22:48 AM: GenerateControls:Loaded all Textbox dynamically
4/17/2023 10:22:48 AM: GenerateControls:Loaded all Textbox dynamically
4/17/2023 10:22:48 AM: GenerateControls:Loaded all Textbox dynamically
4/17/2023 10:22:48 AM: Started Loading Entity Drop Down
4/17/2023 10:22:48 AM: Finished Loading Entity Drop Down
4/17/2023 10:22:49 AM: BindDocumentType started
4/17/2023 10:22:49 AM: BindDocumentType finished
4/17/2023 10:22:49 AM: createControls Started
4/17/2023 10:22:49 AM: createControls Loaded all Textbox dynamically
4/17/2023 10:22:49 AM: createControls Loaded all Textbox dynamically
4/17/2023 10:22:49 AM: createControls Loaded all Textbox dynamically
4/17/2023 10:22:49 AM: createControls Loaded all Textbox dynamically
4/17/2023 10:22:49 AM: createControls Finished
4/17/2023 10:23:01 AM: GetSginatureDetails Started:-
4/17/2023 10:23:01 AM: GetSginatureDetails Completed:-
4/17/2023 10:23:01 AM: GetTemplateDetails Started
4/17/2023 10:23:01 AM: GetTemplateDetails total record count:1
4/17/2023 10:23:01 AM: Create controls,Load all Textbox dynamic
4/17/2023 10:23:01 AM: Create controls,Load all Textbox dynamic
4/17/2023 10:23:01 AM: Create controls,Load all Textbox dynamic
4/17/2023 10:23:01 AM: Create controls,Load all Textbox dynamic
4/17/2023 10:23:01 AM: GetTemplateDetails Finished
4/17/2023 10:23:02 AM: InitializeDocumentView started
4/17/2023 10:23:02 AM: InitializeDocumentView finished
4/17/2023 10:23:02 AM: Calling database to get annotated images. DocumentId: 282139, Action: GetAnnotatedPages
4/17/2023 10:23:02 AM: Calling database to get annotated images. DocumentId: 282139, Action: GetTaggedPages
4/17/2023 10:23:02 AM: LoadImageToViewer started
4/17/2023 10:23:02 AM: Setting image to viewer. Action:  Page count: 11 Current Page:1
4/17/2023 10:23:02 AM: Converting PDF to JPEG. PDF Path: D:\WDMSDocument\TempWorkFolder\U0lfTEVfMTg5Nl8zMDRfMTAwNA==\1.pdf Image Name: U0lfTEVfMTg5Nl8zMDRfMTAwNA== Page No: 1
4/17/2023 10:23:02 AM: Converting PDF to JPEG without applying watermark.
4/17/2023 10:23:44 AM: GetTemplateDetails started
4/17/2023 10:23:44 AM: generatecontrols Started
4/17/2023 10:23:44 AM: GenerateControls:Loaded all Textbox dynamically
4/17/2023 10:23:44 AM: GenerateControls:Loaded all Textbox dynamically
4/17/2023 10:23:44 AM: GenerateControls:Loaded all Textbox dynamically
4/17/2023 10:23:44 AM: GenerateControls:Loaded all Textbox dynamically
4/17/2023 10:23:45 AM: Started Loading Entity Drop Down
4/17/2023 10:23:45 AM: Finished Loading Entity Drop Down
4/17/2023 10:23:45 AM: BindDocumentType started
4/17/2023 10:23:45 AM: BindDocumentType finished
4/17/2023 10:23:45 AM: createControls Started
4/17/2023 10:23:45 AM: createControls Loaded all Textbox dynamically
4/17/2023 10:23:45 AM: createControls Loaded all Textbox dynamically
4/17/2023 10:23:45 AM: createControls Loaded all Textbox dynamically
4/17/2023 10:23:45 AM: createControls Loaded all Textbox dynamically
4/17/2023 10:23:45 AM: createControls Finished
4/17/2023 10:23:50 AM: GetSginatureDetails Started:-
4/17/2023 10:23:51 AM: GetSginatureDetails Completed:-
4/17/2023 10:23:51 AM: GetTemplateDetails Started
4/17/2023 10:23:51 AM: GetTemplateDetails total record count:1
4/17/2023 10:23:51 AM: Create controls,Load all Textbox dynamic
4/17/2023 10:23:51 AM: Create controls,Load all Textbox dynamic
4/17/2023 10:23:51 AM: Create controls,Load all Textbox dynamic
4/17/2023 10:23:51 AM: Create controls,Load all Textbox dynamic
4/17/2023 10:23:51 AM: GetTemplateDetails Finished
4/17/2023 10:23:52 AM: InitializeDocumentView started
4/17/2023 10:23:52 AM: InitializeDocumentView finished
4/17/2023 10:23:52 AM: Calling database to get annotated images. DocumentId: 282139, Action: GetAnnotatedPages
4/17/2023 10:23:52 AM: Calling database to get annotated images. DocumentId: 282139, Action: GetTaggedPages
4/17/2023 10:23:52 AM: LoadImageToViewer started
4/17/2023 10:23:52 AM: Setting image to viewer. Action:  Page count: 11 Current Page:1
4/17/2023 10:23:52 AM: Converting PDF to JPEG. PDF Path: D:\WDMSDocument\TempWorkFolder\U0lfTEVfMTg5Nl8zMDRfMTAwNA==\1.pdf Image Name: U0lfTEVfMTg5Nl8zMDRfMTAwNA== Page No: 1
4/17/2023 10:23:52 AM: Converting PDF to JPEG without applying watermark.
4/17/2023 10:24:14 AM: Setting image to viewer using RegisterStartupScript: http://localhost:55361/generichandler.ashx?f=d://wdmsdocument//tempworkfolder//u0lftevfmtg5nl8zmdrfmtawna==jpg//1.jpeg
4/17/2023 10:24:14 AM: Invoke method to get annotations from databnase.
4/17/2023 10:24:14 AM: Get annotations from database.
4/17/2023 10:24:14 AM: Document Id: 282139 Page No: 1
4/17/2023 10:24:14 AM: Invoking method to get annotation data from database. Action: GetAnnotations
4/17/2023 10:24:14 AM: MailPanelFill started
4/17/2023 10:24:14 AM: MailPanelFill finished
4/17/2023 10:24:27 AM: GetTemplateDetails Started
4/17/2023 10:24:27 AM: GetTemplateDetails total record count:1
4/17/2023 10:24:27 AM: Create controls,Load all Textbox dynamic
4/17/2023 10:24:27 AM: Create controls,Load all Textbox dynamic
4/17/2023 10:24:27 AM: Create controls,Load all Textbox dynamic
4/17/2023 10:24:27 AM: Create controls,Load all Textbox dynamic
4/17/2023 10:24:27 AM: GetTemplateDetails Finished
4/17/2023 10:24:27 AM: Downloading original document.
4/17/2023 10:24:29 AM: Copying splitted files from: D:\Sachin\Writer\UploadedDocuments\sipcot_uat\1896\2022-06-18\U0lfTEVfMTg5Nl8zMDRfMTAwNA== to temporary work folder: D:\WDMSDocument\TempWorkFolder\\U0lfTEVfMTg5Nl8zMDRfMTAwNA==
4/17/2023 10:24:30 AM: Merging files: D:\WDMSDocument\TempWorkFolder\\U0lfTEVfMTg5Nl8zMDRfMTAwNA==.pdf
4/17/2023 10:29:10 AM: getAvailablePages Started
4/17/2023 10:31:54 AM: GetTemplateDetails started
4/17/2023 10:31:55 AM: generatecontrols Started
4/17/2023 10:31:55 AM: GenerateControls:Loaded all Textbox dynamically
4/17/2023 10:31:55 AM: GenerateControls:Loaded all Textbox dynamically
4/17/2023 10:31:55 AM: GenerateControls:Loaded all Textbox dynamically
4/17/2023 10:31:55 AM: GenerateControls:Loaded all Textbox dynamically
4/17/2023 10:31:55 AM: Started Loading Entity Drop Down
4/17/2023 10:31:55 AM: Finished Loading Entity Drop Down
4/17/2023 10:31:55 AM: BindDocumentType started
4/17/2023 10:31:55 AM: BindDocumentType finished
4/17/2023 10:31:55 AM: createControls Started
4/17/2023 10:31:55 AM: createControls Loaded all Textbox dynamically
4/17/2023 10:31:55 AM: createControls Loaded all Textbox dynamically
4/17/2023 10:31:55 AM: createControls Loaded all Textbox dynamically
4/17/2023 10:31:55 AM: createControls Loaded all Textbox dynamically
4/17/2023 10:31:55 AM: createControls Finished
4/17/2023 10:32:08 AM: GetSginatureDetails Started:-
4/17/2023 10:32:09 AM: GetSginatureDetails Completed:-
4/17/2023 10:32:09 AM: GetTemplateDetails Started
4/17/2023 10:32:09 AM: GetTemplateDetails total record count:1
4/17/2023 10:32:09 AM: Create controls,Load all Textbox dynamic
4/17/2023 10:32:09 AM: Create controls,Load all Textbox dynamic
4/17/2023 10:32:09 AM: Create controls,Load all Textbox dynamic
4/17/2023 10:32:09 AM: Create controls,Load all Textbox dynamic
4/17/2023 10:32:09 AM: GetTemplateDetails Finished
4/17/2023 10:32:09 AM: InitializeDocumentView started
4/17/2023 10:32:09 AM: InitializeDocumentView finished
4/17/2023 10:32:09 AM: Calling database to get annotated images. DocumentId: 282139, Action: GetAnnotatedPages
4/17/2023 10:32:09 AM: Calling database to get annotated images. DocumentId: 282139, Action: GetTaggedPages
4/17/2023 10:32:09 AM: LoadImageToViewer started
4/17/2023 10:32:09 AM: Setting image to viewer. Action:  Page count: 11 Current Page:1
4/17/2023 10:32:09 AM: Converting PDF to JPEG. PDF Path: D:\WDMSDocument\TempWorkFolder\U0lfTEVfMTg5Nl8zMDRfMTAwNA==\1.pdf Image Name: U0lfTEVfMTg5Nl8zMDRfMTAwNA== Page No: 1
4/17/2023 10:32:09 AM: Converting PDF to JPEG without applying watermark.
4/17/2023 10:32:32 AM: Setting image to viewer using RegisterStartupScript: http://localhost:55361/generichandler.ashx?f=d://wdmsdocument//tempworkfolder//u0lftevfmtg5nl8zmdrfmtawna==jpg//1.jpeg
4/17/2023 10:32:32 AM: Invoke method to get annotations from databnase.
4/17/2023 10:32:32 AM: Get annotations from database.
4/17/2023 10:32:32 AM: Document Id: 282139 Page No: 1
4/17/2023 10:32:32 AM: Invoking method to get annotation data from database. Action: GetAnnotations
4/17/2023 10:32:32 AM: MailPanelFill started
4/17/2023 10:32:32 AM: MailPanelFill finished
4/17/2023 10:32:41 AM: GetTemplateDetails Started
4/17/2023 10:32:41 AM: GetTemplateDetails total record count:1
4/17/2023 10:32:41 AM: Create controls,Load all Textbox dynamic
4/17/2023 10:32:41 AM: Create controls,Load all Textbox dynamic
4/17/2023 10:32:41 AM: Create controls,Load all Textbox dynamic
4/17/2023 10:32:41 AM: Create controls,Load all Textbox dynamic
4/17/2023 10:32:41 AM: GetTemplateDetails Finished
4/17/2023 10:32:42 AM: Downloading original document.
4/17/2023 10:32:45 AM: Copying splitted files from: D:\Sachin\Writer\UploadedDocuments\sipcot_uat\1896\2022-06-18\U0lfTEVfMTg5Nl8zMDRfMTAwNA== to temporary work folder: D:\WDMSDocument\TempWorkFolder\\U0lfTEVfMTg5Nl8zMDRfMTAwNA==
4/17/2023 10:32:48 AM: Merging files: D:\WDMSDocument\TempWorkFolder\\U0lfTEVfMTg5Nl8zMDRfMTAwNA==.pdf
4/17/2023 11:34:58 AM: GetTemplateDetails started
4/17/2023 11:34:58 AM: generatecontrols Started
4/17/2023 11:34:58 AM: GenerateControls:Loaded all Textbox dynamically
4/17/2023 11:34:58 AM: GenerateControls:Loaded all Textbox dynamically
4/17/2023 11:34:58 AM: GenerateControls:Loaded all Textbox dynamically
4/17/2023 11:34:58 AM: GenerateControls:Loaded all Textbox dynamically
4/17/2023 11:34:58 AM: Started Loading Entity Drop Down
4/17/2023 11:34:58 AM: Finished Loading Entity Drop Down
4/17/2023 11:34:59 AM: BindDocumentType started
4/17/2023 11:34:59 AM: BindDocumentType finished
4/17/2023 11:34:59 AM: createControls Started
4/17/2023 11:34:59 AM: createControls Loaded all Textbox dynamically
4/17/2023 11:34:59 AM: createControls Loaded all Textbox dynamically
4/17/2023 11:34:59 AM: createControls Loaded all Textbox dynamically
4/17/2023 11:34:59 AM: createControls Loaded all Textbox dynamically
4/17/2023 11:34:59 AM: createControls Finished
4/17/2023 11:35:07 AM: GetSginatureDetails Started:-
4/17/2023 11:35:07 AM: GetSginatureDetails Completed:-
4/17/2023 11:35:07 AM: GetTemplateDetails Started
4/17/2023 11:35:07 AM: GetTemplateDetails total record count:1
4/17/2023 11:35:08 AM: Create controls,Load all Textbox dynamic
4/17/2023 11:35:08 AM: Create controls,Load all Textbox dynamic
4/17/2023 11:35:08 AM: Create controls,Load all Textbox dynamic
4/17/2023 11:35:08 AM: Create controls,Load all Textbox dynamic
4/17/2023 11:35:08 AM: GetTemplateDetails Finished
4/17/2023 11:35:08 AM: InitializeDocumentView started
4/17/2023 11:35:08 AM: InitializeDocumentView finished
4/17/2023 11:35:08 AM: Calling database to get annotated images. DocumentId: 282139, Action: GetAnnotatedPages
4/17/2023 11:35:08 AM: Calling database to get annotated images. DocumentId: 282139, Action: GetTaggedPages
4/17/2023 11:35:08 AM: LoadImageToViewer started
4/17/2023 11:35:08 AM: Setting image to viewer. Action:  Page count: 11 Current Page:1
4/17/2023 11:35:08 AM: Converting PDF to JPEG. PDF Path: D:\WDMSDocument\TempWorkFolder\U0lfTEVfMTg5Nl8zMDRfMTAwNA==\1.pdf Image Name: U0lfTEVfMTg5Nl8zMDRfMTAwNA== Page No: 1
4/17/2023 11:35:08 AM: Converting PDF to JPEG without applying watermark.
4/17/2023 11:35:16 AM: Setting image to viewer using RegisterStartupScript: http://localhost:55361/generichandler.ashx?f=d://wdmsdocument//tempworkfolder//u0lftevfmtg5nl8zmdrfmtawna==jpg//1.jpeg
4/17/2023 11:35:16 AM: Invoke method to get annotations from databnase.
4/17/2023 11:35:16 AM: Get annotations from database.
4/17/2023 11:35:16 AM: Document Id: 282139 Page No: 1
4/17/2023 11:35:16 AM: Invoking method to get annotation data from database. Action: GetAnnotations
4/17/2023 11:35:16 AM: MailPanelFill started
4/17/2023 11:35:16 AM: MailPanelFill finished
4/17/2023 11:35:25 AM: GetTemplateDetails Started
4/17/2023 11:35:25 AM: GetTemplateDetails total record count:1
4/17/2023 11:35:25 AM: Create controls,Load all Textbox dynamic
4/17/2023 11:35:25 AM: Create controls,Load all Textbox dynamic
4/17/2023 11:35:25 AM: Create controls,Load all Textbox dynamic
4/17/2023 11:35:25 AM: Create controls,Load all Textbox dynamic
4/17/2023 11:35:25 AM: GetTemplateDetails Finished
4/17/2023 11:35:25 AM: Downloading original document.
4/17/2023 11:35:25 AM: Copying splitted files from: D:\Sachin\Writer\UploadedDocuments\sipcot_uat\1896\2022-06-18\U0lfTEVfMTg5Nl8zMDRfMTAwNA== to temporary work folder: D:\WDMSDocument\TempWorkFolder\\U0lfTEVfMTg5Nl8zMDRfMTAwNA==
4/17/2023 11:35:25 AM: Merging files: D:\WDMSDocument\TempWorkFolder\\U0lfTEVfMTg5Nl8zMDRfMTAwNA==.pdf
4/17/2023 11:35:25 AM: getAvailablePages Started
4/17/2023 2:44:27 PM: GetTemplateDetails started
4/17/2023 2:44:27 PM: generatecontrols Started
4/17/2023 2:44:27 PM: GenerateControls:Loaded all Textbox dynamically
4/17/2023 2:44:27 PM: GenerateControls:Loaded all Textbox dynamically
4/17/2023 2:44:27 PM: GenerateControls:Loaded all Textbox dynamically
4/17/2023 2:44:27 PM: GenerateControls:Loaded all Textbox dynamically
4/17/2023 2:44:27 PM: Started Loading Entity Drop Down
4/17/2023 2:44:28 PM: Finished Loading Entity Drop Down
4/17/2023 2:44:28 PM: BindDocumentType started
4/17/2023 2:44:28 PM: BindDocumentType finished
4/17/2023 2:44:28 PM: createControls Started
4/17/2023 2:44:28 PM: createControls Loaded all Textbox dynamically
4/17/2023 2:44:28 PM: createControls Loaded all Textbox dynamically
4/17/2023 2:44:28 PM: createControls Loaded all Textbox dynamically
4/17/2023 2:44:28 PM: createControls Loaded all Textbox dynamically
4/17/2023 2:44:28 PM: createControls Finished
4/17/2023 2:44:40 PM: GetSginatureDetails Started:-
4/17/2023 2:44:40 PM: GetSginatureDetails Completed:-
4/17/2023 2:44:41 PM: GetTemplateDetails Started
4/17/2023 2:44:41 PM: GetTemplateDetails total record count:1
4/17/2023 2:44:41 PM: Create controls,Load all Textbox dynamic
4/17/2023 2:44:41 PM: Create controls,Load all Textbox dynamic
4/17/2023 2:44:41 PM: Create controls,Load all Textbox dynamic
4/17/2023 2:44:41 PM: Create controls,Load all Textbox dynamic
4/17/2023 2:44:41 PM: GetTemplateDetails Finished
4/17/2023 2:44:41 PM: InitializeDocumentView started
4/17/2023 2:44:41 PM: InitializeDocumentView finished
4/17/2023 2:44:41 PM: Calling database to get annotated images. DocumentId: 282139, Action: GetAnnotatedPages
4/17/2023 2:44:41 PM: Calling database to get annotated images. DocumentId: 282139, Action: GetTaggedPages
4/17/2023 2:44:41 PM: LoadImageToViewer started
4/17/2023 2:44:41 PM: Setting image to viewer. Action:  Page count: 11 Current Page:1
4/17/2023 2:44:41 PM: Converting PDF to JPEG. PDF Path: D:\WDMSDocument\TempWorkFolder\U0lfTEVfMTg5Nl8zMDRfMTAwNA==\1.pdf Image Name: U0lfTEVfMTg5Nl8zMDRfMTAwNA== Page No: 1
4/17/2023 2:44:41 PM: Converting PDF to JPEG without applying watermark.
4/17/2023 2:44:49 PM: Setting image to viewer using RegisterStartupScript: http://localhost:55361/generichandler.ashx?f=d://wdmsdocument//tempworkfolder//u0lftevfmtg5nl8zmdrfmtawna==jpg//1.jpeg
4/17/2023 2:44:49 PM: Invoke method to get annotations from databnase.
4/17/2023 2:44:49 PM: Get annotations from database.
4/17/2023 2:44:49 PM: Document Id: 282139 Page No: 1
4/17/2023 2:44:49 PM: Invoking method to get annotation data from database. Action: GetAnnotations
4/17/2023 2:44:49 PM: MailPanelFill started
4/17/2023 2:44:49 PM: MailPanelFill finished
4/17/2023 2:44:52 PM: GetSginatureDetails Started:-
4/17/2023 2:44:52 PM: GetSginatureDetails Completed:-
4/17/2023 2:44:52 PM: GetTemplateDetails Started
4/17/2023 2:44:52 PM: GetTemplateDetails total record count:1
4/17/2023 2:44:52 PM: Create controls,Load all Textbox dynamic
4/17/2023 2:44:52 PM: Create controls,Load all Textbox dynamic
4/17/2023 2:44:52 PM: Create controls,Load all Textbox dynamic
4/17/2023 2:44:52 PM: Create controls,Load all Textbox dynamic
4/17/2023 2:44:52 PM: GetTemplateDetails Finished
4/17/2023 2:44:52 PM: InitializeDocumentView started
4/17/2023 2:44:52 PM: InitializeDocumentView finished
4/17/2023 2:44:52 PM: Calling database to get annotated images. DocumentId: 282139, Action: GetAnnotatedPages
4/17/2023 2:44:52 PM: Calling database to get annotated images. DocumentId: 282139, Action: GetTaggedPages
4/17/2023 2:44:53 PM: LoadImageToViewer started
4/17/2023 2:44:53 PM: Setting image to viewer. Action:  Page count: 11 Current Page:1
4/17/2023 2:44:53 PM: Converting PDF to JPEG. PDF Path: D:\WDMSDocument\TempWorkFolder\U0lfTEVfMTg5Nl8zMDRfMTAwNA==\1.pdf Image Name: U0lfTEVfMTg5Nl8zMDRfMTAwNA== Page No: 1
4/17/2023 2:44:53 PM: Converting PDF to JPEG without applying watermark.
4/17/2023 2:45:02 PM: Setting image to viewer using RegisterStartupScript: http://localhost:55361/generichandler.ashx?f=d://wdmsdocument//tempworkfolder//u0lftevfmtg5nl8zmdrfmtawna==jpg//1.jpeg
4/17/2023 2:45:02 PM: Invoke method to get annotations from databnase.
4/17/2023 2:45:02 PM: Get annotations from database.
4/17/2023 2:45:02 PM: Document Id: 282139 Page No: 1
4/17/2023 2:45:02 PM: Invoking method to get annotation data from database. Action: GetAnnotations
4/17/2023 2:45:02 PM: MailPanelFill started
4/17/2023 2:45:02 PM: MailPanelFill finished
4/17/2023 2:45:02 PM: GetSginatureDetails Started:-
4/17/2023 2:45:03 PM: GetSginatureDetails Completed:-
4/17/2023 2:45:03 PM: GetTemplateDetails Started
4/17/2023 2:45:03 PM: GetTemplateDetails total record count:1
4/17/2023 2:45:03 PM: Create controls,Load all Textbox dynamic
4/17/2023 2:45:03 PM: Create controls,Load all Textbox dynamic
4/17/2023 2:45:03 PM: Create controls,Load all Textbox dynamic
4/17/2023 2:45:03 PM: Create controls,Load all Textbox dynamic
4/17/2023 2:45:03 PM: GetTemplateDetails Finished
4/17/2023 2:45:03 PM: InitializeDocumentView started
4/17/2023 2:45:03 PM: InitializeDocumentView finished
4/17/2023 2:45:03 PM: Calling database to get annotated images. DocumentId: 282139, Action: GetAnnotatedPages
4/17/2023 2:45:03 PM: Calling database to get annotated images. DocumentId: 282139, Action: GetTaggedPages
4/17/2023 2:45:03 PM: LoadImageToViewer started
4/17/2023 2:45:03 PM: Setting image to viewer. Action:  Page count: 11 Current Page:1
4/17/2023 2:45:03 PM: Converting PDF to JPEG. PDF Path: D:\WDMSDocument\TempWorkFolder\U0lfTEVfMTg5Nl8zMDRfMTAwNA==\1.pdf Image Name: U0lfTEVfMTg5Nl8zMDRfMTAwNA== Page No: 1
4/17/2023 2:45:03 PM: Converting PDF to JPEG without applying watermark.
4/17/2023 2:45:11 PM: Setting image to viewer using RegisterStartupScript: http://localhost:55361/generichandler.ashx?f=d://wdmsdocument//tempworkfolder//u0lftevfmtg5nl8zmdrfmtawna==jpg//1.jpeg
4/17/2023 2:45:11 PM: Invoke method to get annotations from databnase.
4/17/2023 2:45:11 PM: Get annotations from database.
4/17/2023 2:45:11 PM: Document Id: 282139 Page No: 1
4/17/2023 2:45:11 PM: Invoking method to get annotation data from database. Action: GetAnnotations
4/17/2023 2:45:11 PM: MailPanelFill started
4/17/2023 2:45:11 PM: MailPanelFill finished
4/17/2023 2:45:11 PM: GetSginatureDetails Started:-
4/17/2023 2:45:11 PM: GetSginatureDetails Completed:-
4/17/2023 2:45:11 PM: GetTemplateDetails Started
4/17/2023 2:45:11 PM: GetTemplateDetails total record count:1
4/17/2023 2:45:11 PM: Create controls,Load all Textbox dynamic
4/17/2023 2:45:11 PM: Create controls,Load all Textbox dynamic
4/17/2023 2:45:11 PM: Create controls,Load all Textbox dynamic
4/17/2023 2:45:11 PM: Create controls,Load all Textbox dynamic
4/17/2023 2:45:11 PM: GetTemplateDetails Finished
4/17/2023 2:45:11 PM: InitializeDocumentView started
4/17/2023 2:45:11 PM: InitializeDocumentView finished
4/17/2023 2:45:11 PM: Calling database to get annotated images. DocumentId: 282139, Action: GetAnnotatedPages
4/17/2023 2:45:12 PM: Calling database to get annotated images. DocumentId: 282139, Action: GetTaggedPages
4/17/2023 2:45:12 PM: LoadImageToViewer started
4/17/2023 2:45:12 PM: Setting image to viewer. Action:  Page count: 11 Current Page:1
4/17/2023 2:45:12 PM: Converting PDF to JPEG. PDF Path: D:\WDMSDocument\TempWorkFolder\U0lfTEVfMTg5Nl8zMDRfMTAwNA==\1.pdf Image Name: U0lfTEVfMTg5Nl8zMDRfMTAwNA== Page No: 1
4/17/2023 2:45:12 PM: Converting PDF to JPEG without applying watermark.
4/17/2023 2:45:21 PM: Setting image to viewer using RegisterStartupScript: http://localhost:55361/generichandler.ashx?f=d://wdmsdocument//tempworkfolder//u0lftevfmtg5nl8zmdrfmtawna==jpg//1.jpeg
4/17/2023 2:45:21 PM: Invoke method to get annotations from databnase.
4/17/2023 2:45:21 PM: Get annotations from database.
4/17/2023 2:45:21 PM: Document Id: 282139 Page No: 1
4/17/2023 2:45:21 PM: Invoking method to get annotation data from database. Action: GetAnnotations
4/17/2023 2:45:21 PM: MailPanelFill started
4/17/2023 2:45:21 PM: MailPanelFill finished
4/17/2023 2:45:22 PM: GetSginatureDetails Started:-
4/17/2023 2:45:22 PM: GetSginatureDetails Completed:-
4/17/2023 2:45:22 PM: GetTemplateDetails Started
4/17/2023 2:45:22 PM: GetTemplateDetails total record count:1
4/17/2023 2:45:22 PM: Create controls,Load all Textbox dynamic
4/17/2023 2:45:22 PM: Create controls,Load all Textbox dynamic
4/17/2023 2:45:22 PM: Create controls,Load all Textbox dynamic
4/17/2023 2:45:22 PM: Create controls,Load all Textbox dynamic
4/17/2023 2:45:22 PM: GetTemplateDetails Finished
4/17/2023 2:45:22 PM: InitializeDocumentView started
4/17/2023 2:45:22 PM: InitializeDocumentView finished
4/17/2023 2:45:22 PM: Calling database to get annotated images. DocumentId: 282139, Action: GetAnnotatedPages
4/17/2023 2:45:22 PM: Calling database to get annotated images. DocumentId: 282139, Action: GetTaggedPages
4/17/2023 2:45:22 PM: LoadImageToViewer started
4/17/2023 2:45:22 PM: Setting image to viewer. Action:  Page count: 11 Current Page:1
4/17/2023 2:45:22 PM: Converting PDF to JPEG. PDF Path: D:\WDMSDocument\TempWorkFolder\U0lfTEVfMTg5Nl8zMDRfMTAwNA==\1.pdf Image Name: U0lfTEVfMTg5Nl8zMDRfMTAwNA== Page No: 1
4/17/2023 2:45:22 PM: Converting PDF to JPEG without applying watermark.
4/17/2023 2:45:35 PM: Setting image to viewer using RegisterStartupScript: http://localhost:55361/generichandler.ashx?f=d://wdmsdocument//tempworkfolder//u0lftevfmtg5nl8zmdrfmtawna==jpg//1.jpeg
4/17/2023 2:45:35 PM: Invoke method to get annotations from databnase.
4/17/2023 2:45:35 PM: Get annotations from database.
4/17/2023 2:45:35 PM: Document Id: 282139 Page No: 1
4/17/2023 2:45:35 PM: Invoking method to get annotation data from database. Action: GetAnnotations
4/17/2023 2:45:35 PM: MailPanelFill started
4/17/2023 2:45:35 PM: MailPanelFill finished
4/17/2023 2:58:58 PM: GetTemplateDetails started
4/17/2023 2:58:58 PM: generatecontrols Started
4/17/2023 2:58:58 PM: GenerateControls:Loaded all Textbox dynamically
4/17/2023 2:58:58 PM: GenerateControls:Loaded all Textbox dynamically
4/17/2023 2:58:58 PM: GenerateControls:Loaded all Textbox dynamically
4/17/2023 2:58:58 PM: GenerateControls:Loaded all Textbox dynamically
4/17/2023 2:58:58 PM: Started Loading Entity Drop Down
4/17/2023 2:58:59 PM: Finished Loading Entity Drop Down
4/17/2023 2:58:59 PM: BindDocumentType started
4/17/2023 2:58:59 PM: BindDocumentType finished
4/17/2023 2:58:59 PM: createControls Started
4/17/2023 2:58:59 PM: createControls Loaded all Textbox dynamically
4/17/2023 2:58:59 PM: createControls Loaded all Textbox dynamically
4/17/2023 2:58:59 PM: createControls Loaded all Textbox dynamically
4/17/2023 2:58:59 PM: createControls Loaded all Textbox dynamically
4/17/2023 2:58:59 PM: createControls Finished
4/17/2023 2:59:10 PM: GetSginatureDetails Started:-
4/17/2023 2:59:10 PM: GetSginatureDetails Completed:-
4/17/2023 2:59:10 PM: GetTemplateDetails Started
4/17/2023 2:59:10 PM: GetTemplateDetails total record count:1
4/17/2023 2:59:10 PM: Create controls,Load all Textbox dynamic
4/17/2023 2:59:10 PM: Create controls,Load all Textbox dynamic
4/17/2023 2:59:10 PM: Create controls,Load all Textbox dynamic
4/17/2023 2:59:10 PM: Create controls,Load all Textbox dynamic
4/17/2023 2:59:10 PM: GetTemplateDetails Finished
4/17/2023 2:59:11 PM: InitializeDocumentView started
4/17/2023 2:59:11 PM: InitializeDocumentView finished
4/17/2023 2:59:11 PM: Calling database to get annotated images. DocumentId: 282139, Action: GetAnnotatedPages
4/17/2023 2:59:11 PM: Calling database to get annotated images. DocumentId: 282139, Action: GetTaggedPages
4/17/2023 2:59:11 PM: LoadImageToViewer started
4/17/2023 2:59:11 PM: Setting image to viewer. Action:  Page count: 11 Current Page:1
4/17/2023 2:59:11 PM: Converting PDF to JPEG. PDF Path: D:\WDMSDocument\TempWorkFolder\U0lfTEVfMTg5Nl8zMDRfMTAwNA==\1.pdf Image Name: U0lfTEVfMTg5Nl8zMDRfMTAwNA== Page No: 1
4/17/2023 2:59:11 PM: Converting PDF to JPEG without applying watermark.
4/17/2023 2:59:23 PM: Setting image to viewer using RegisterStartupScript: http://localhost:55361/generichandler.ashx?f=d://wdmsdocument//tempworkfolder//u0lftevfmtg5nl8zmdrfmtawna==jpg//1.jpeg
4/17/2023 2:59:23 PM: Invoke method to get annotations from databnase.
4/17/2023 2:59:23 PM: Get annotations from database.
4/17/2023 2:59:23 PM: Document Id: 282139 Page No: 1
4/17/2023 2:59:23 PM: Invoking method to get annotation data from database. Action: GetAnnotations
4/17/2023 2:59:23 PM: MailPanelFill started
4/17/2023 2:59:23 PM: MailPanelFill finished
4/17/2023 2:59:33 PM: GetTemplateDetails Started
4/17/2023 2:59:33 PM: GetTemplateDetails total record count:1
4/17/2023 2:59:33 PM: Create controls,Load all Textbox dynamic
4/17/2023 2:59:33 PM: Create controls,Load all Textbox dynamic
4/17/2023 2:59:33 PM: Create controls,Load all Textbox dynamic
4/17/2023 2:59:33 PM: Create controls,Load all Textbox dynamic
4/17/2023 2:59:33 PM: GetTemplateDetails Finished
4/17/2023 2:59:33 PM: Downloading original document.
4/17/2023 2:59:33 PM: Copying splitted files from: D:\Sachin\Writer\UploadedDocuments\sipcot_uat\1896\2022-06-18\U0lfTEVfMTg5Nl8zMDRfMTAwNA== to temporary work folder: D:\WDMSDocument\TempWorkFolder\\U0lfTEVfMTg5Nl8zMDRfMTAwNA==
4/17/2023 2:59:33 PM: Merging files: D:\WDMSDocument\TempWorkFolder\\U0lfTEVfMTg5Nl8zMDRfMTAwNA==.pdf
4/17/2023 2:59:35 PM: getAvailablePages Started
4/17/2023 3:00:20 PM: LoadImageToViewer started
4/17/2023 3:00:20 PM: Setting image to viewer. Action:  Page count: 11 Current Page:1
4/17/2023 3:00:20 PM: Converting PDF to JPEG. PDF Path: D:\WDMSDocument\TempWorkFolder\U0lfTEVfMTg5Nl8zMDRfMTAwNA==\1.pdf Image Name: U0lfTEVfMTg5Nl8zMDRfMTAwNA== Page No: 1
4/17/2023 3:00:20 PM: Converting PDF to JPEG without applying watermark.
4/17/2023 3:00:31 PM: Setting image to viewer using RegisterStartupScript: http://localhost:55361/generichandler.ashx?f=d://wdmsdocument//tempworkfolder//u0lftevfmtg5nl8zmdrfmtawna==jpg//1.jpeg
4/17/2023 3:00:31 PM: Invoke method to get annotations from databnase.
4/17/2023 3:00:31 PM: Get annotations from database.
4/17/2023 3:00:31 PM: Document Id: 282139 Page No: 1
4/17/2023 3:00:31 PM: Invoking method to get annotation data from database. Action: GetAnnotations
4/17/2023 3:01:11 PM: GetTemplateDetails Started
4/17/2023 3:01:11 PM: GetTemplateDetails total record count:1
4/17/2023 3:01:11 PM: Create controls,Load all Textbox dynamic
4/17/2023 3:01:11 PM: Create controls,Load all Textbox dynamic
4/17/2023 3:01:11 PM: Create controls,Load all Textbox dynamic
4/17/2023 3:01:11 PM: Create controls,Load all Textbox dynamic
4/17/2023 3:01:11 PM: GetTemplateDetails Finished
4/17/2023 3:01:11 PM: Downloading original document.
4/17/2023 3:01:11 PM: Copying splitted files from: D:\Sachin\Writer\UploadedDocuments\sipcot_uat\1896\2022-06-18\U0lfTEVfMTg5Nl8zMDRfMTAwNA== to temporary work folder: D:\WDMSDocument\TempWorkFolder\\U0lfTEVfMTg5Nl8zMDRfMTAwNA==
4/17/2023 3:01:11 PM: Merging files: D:\WDMSDocument\TempWorkFolder\\U0lfTEVfMTg5Nl8zMDRfMTAwNA==.pdf
4/17/2023 3:01:13 PM: getAvailablePages Started
4/17/2023 3:02:23 PM: LoadImageToViewer started
4/17/2023 3:02:23 PM: Setting image to viewer. Action:  Page count: 11 Current Page:1
4/17/2023 3:02:23 PM: Converting PDF to JPEG. PDF Path: D:\WDMSDocument\TempWorkFolder\U0lfTEVfMTg5Nl8zMDRfMTAwNA==\1.pdf Image Name: U0lfTEVfMTg5Nl8zMDRfMTAwNA== Page No: 1
4/17/2023 3:02:23 PM: Converting PDF to JPEG without applying watermark.
4/17/2023 3:02:34 PM: Setting image to viewer using RegisterStartupScript: http://localhost:55361/generichandler.ashx?f=d://wdmsdocument//tempworkfolder//u0lftevfmtg5nl8zmdrfmtawna==jpg//1.jpeg
4/17/2023 3:02:34 PM: Invoke method to get annotations from databnase.
4/17/2023 3:02:34 PM: Get annotations from database.
4/17/2023 3:02:34 PM: Document Id: 282139 Page No: 1
4/17/2023 3:02:34 PM: Invoking method to get annotation data from database. Action: GetAnnotations
4/17/2023 3:05:57 PM: GetTemplateDetails started
4/17/2023 3:05:57 PM: generatecontrols Started
4/17/2023 3:05:57 PM: GenerateControls:Loaded all Textbox dynamically
4/17/2023 3:05:57 PM: GenerateControls:Loaded all Textbox dynamically
4/17/2023 3:05:57 PM: GenerateControls:Loaded all Textbox dynamically
4/17/2023 3:05:57 PM: GenerateControls:Loaded all Textbox dynamically
4/17/2023 3:05:57 PM: Started Loading Entity Drop Down
4/17/2023 3:05:58 PM: Finished Loading Entity Drop Down
4/17/2023 3:05:58 PM: BindDocumentType started
4/17/2023 3:05:58 PM: BindDocumentType finished
4/17/2023 3:05:58 PM: createControls Started
4/17/2023 3:05:58 PM: createControls Loaded all Textbox dynamically
4/17/2023 3:05:58 PM: createControls Loaded all Textbox dynamically
4/17/2023 3:05:58 PM: createControls Loaded all Textbox dynamically
4/17/2023 3:05:58 PM: createControls Loaded all Textbox dynamically
4/17/2023 3:05:58 PM: createControls Finished
4/17/2023 3:06:06 PM: GetSginatureDetails Started:-
4/17/2023 3:06:06 PM: GetSginatureDetails Completed:-
4/17/2023 3:06:06 PM: GetTemplateDetails Started
4/17/2023 3:06:06 PM: GetTemplateDetails total record count:1
4/17/2023 3:06:06 PM: Create controls,Load all Textbox dynamic
4/17/2023 3:06:06 PM: Create controls,Load all Textbox dynamic
4/17/2023 3:06:06 PM: Create controls,Load all Textbox dynamic
4/17/2023 3:06:06 PM: Create controls,Load all Textbox dynamic
4/17/2023 3:06:06 PM: GetTemplateDetails Finished
4/17/2023 3:06:06 PM: InitializeDocumentView started
4/17/2023 3:06:06 PM: InitializeDocumentView finished
4/17/2023 3:06:06 PM: Calling database to get annotated images. DocumentId: 282139, Action: GetAnnotatedPages
4/17/2023 3:06:06 PM: Calling database to get annotated images. DocumentId: 282139, Action: GetTaggedPages
4/17/2023 3:06:06 PM: LoadImageToViewer started
4/17/2023 3:06:06 PM: Setting image to viewer. Action:  Page count: 11 Current Page:1
4/17/2023 3:06:06 PM: Converting PDF to JPEG. PDF Path: D:\WDMSDocument\TempWorkFolder\U0lfTEVfMTg5Nl8zMDRfMTAwNA==\1.pdf Image Name: U0lfTEVfMTg5Nl8zMDRfMTAwNA== Page No: 1
4/17/2023 3:06:06 PM: Converting PDF to JPEG without applying watermark.
4/17/2023 3:06:16 PM: Setting image to viewer using RegisterStartupScript: http://localhost:55361/generichandler.ashx?f=d://wdmsdocument//tempworkfolder//u0lftevfmtg5nl8zmdrfmtawna==jpg//1.jpeg
4/17/2023 3:06:16 PM: Invoke method to get annotations from databnase.
4/17/2023 3:06:16 PM: Get annotations from database.
4/17/2023 3:06:16 PM: Document Id: 282139 Page No: 1
4/17/2023 3:06:16 PM: Invoking method to get annotation data from database. Action: GetAnnotations
4/17/2023 3:06:16 PM: MailPanelFill started
4/17/2023 3:06:16 PM: MailPanelFill finished
4/17/2023 3:07:22 PM: GetTemplateDetails started
4/17/2023 3:07:22 PM: generatecontrols Started
4/17/2023 3:07:23 PM: GenerateControls:Loaded all Textbox dynamically
4/17/2023 3:07:23 PM: GenerateControls:Loaded all Textbox dynamically
4/17/2023 3:07:23 PM: GenerateControls:Loaded all Textbox dynamically
4/17/2023 3:07:23 PM: GenerateControls:Loaded all Textbox dynamically
4/17/2023 3:07:23 PM: Started Loading Entity Drop Down
4/17/2023 3:07:23 PM: Finished Loading Entity Drop Down
4/17/2023 3:07:23 PM: BindDocumentType started
4/17/2023 3:07:23 PM: BindDocumentType finished
4/17/2023 3:07:23 PM: createControls Started
4/17/2023 3:07:23 PM: createControls Loaded all Textbox dynamically
4/17/2023 3:07:23 PM: createControls Loaded all Textbox dynamically
4/17/2023 3:07:23 PM: createControls Loaded all Textbox dynamically
4/17/2023 3:07:23 PM: createControls Loaded all Textbox dynamically
4/17/2023 3:07:23 PM: createControls Finished
4/17/2023 3:07:30 PM: GetSginatureDetails Started:-
4/17/2023 3:07:30 PM: GetSginatureDetails Completed:-
4/17/2023 3:07:30 PM: GetTemplateDetails Started
4/17/2023 3:07:30 PM: GetTemplateDetails total record count:1
4/17/2023 3:07:30 PM: Create controls,Load all Textbox dynamic
4/17/2023 3:07:30 PM: Create controls,Load all Textbox dynamic
4/17/2023 3:07:30 PM: Create controls,Load all Textbox dynamic
4/17/2023 3:07:30 PM: Create controls,Load all Textbox dynamic
4/17/2023 3:07:30 PM: GetTemplateDetails Finished
4/17/2023 3:07:31 PM: InitializeDocumentView started
4/17/2023 3:07:31 PM: InitializeDocumentView finished
4/17/2023 3:07:31 PM: Calling database to get annotated images. DocumentId: 282139, Action: GetAnnotatedPages
4/17/2023 3:07:31 PM: Calling database to get annotated images. DocumentId: 282139, Action: GetTaggedPages
4/17/2023 3:07:31 PM: LoadImageToViewer started
4/17/2023 3:07:31 PM: Setting image to viewer. Action:  Page count: 11 Current Page:1
4/17/2023 3:07:31 PM: Converting PDF to JPEG. PDF Path: D:\WDMSDocument\TempWorkFolder\U0lfTEVfMTg5Nl8zMDRfMTAwNA==\1.pdf Image Name: U0lfTEVfMTg5Nl8zMDRfMTAwNA== Page No: 1
4/17/2023 3:07:31 PM: Converting PDF to JPEG without applying watermark.
4/17/2023 3:07:40 PM: Setting image to viewer using RegisterStartupScript: http://localhost:55361/generichandler.ashx?f=d://wdmsdocument//tempworkfolder//u0lftevfmtg5nl8zmdrfmtawna==jpg//1.jpeg
4/17/2023 3:07:40 PM: Invoke method to get annotations from databnase.
4/17/2023 3:07:40 PM: Get annotations from database.
4/17/2023 3:07:40 PM: Document Id: 282139 Page No: 1
4/17/2023 3:07:40 PM: Invoking method to get annotation data from database. Action: GetAnnotations
4/17/2023 3:07:40 PM: MailPanelFill started
4/17/2023 3:07:40 PM: MailPanelFill finished
4/17/2023 3:46:12 PM: GetTemplateDetails started
4/17/2023 3:46:12 PM: generatecontrols Started
4/17/2023 3:46:12 PM: GenerateControls:Loaded all Textbox dynamically
4/17/2023 3:46:12 PM: GenerateControls:Loaded all Textbox dynamically
4/17/2023 3:46:12 PM: GenerateControls:Loaded all Textbox dynamically
4/17/2023 3:46:12 PM: GenerateControls:Loaded all Textbox dynamically
4/17/2023 3:46:13 PM: Started Loading Entity Drop Down
4/17/2023 3:46:13 PM: Finished Loading Entity Drop Down
4/17/2023 3:46:14 PM: BindDocumentType started
4/17/2023 3:46:14 PM: BindDocumentType finished
4/17/2023 3:46:14 PM: createControls Started
4/17/2023 3:46:14 PM: createControls Loaded all Textbox dynamically
4/17/2023 3:46:14 PM: createControls Loaded all Textbox dynamically
4/17/2023 3:46:14 PM: createControls Loaded all Textbox dynamically
4/17/2023 3:46:14 PM: createControls Loaded all Textbox dynamically
4/17/2023 3:46:14 PM: createControls Finished
4/17/2023 3:46:42 PM: GetSginatureDetails Started:-
4/17/2023 3:46:43 PM: GetSginatureDetails Completed:-
4/17/2023 3:46:43 PM: GetTemplateDetails Started
4/17/2023 3:46:43 PM: GetTemplateDetails total record count:1
4/17/2023 3:46:43 PM: Create controls,Load all Textbox dynamic
4/17/2023 3:46:43 PM: Create controls,Load all Textbox dynamic
4/17/2023 3:46:43 PM: Create controls,Load all Textbox dynamic
4/17/2023 3:46:43 PM: Create controls,Load all Textbox dynamic
4/17/2023 3:46:43 PM: GetTemplateDetails Finished
4/17/2023 3:46:43 PM: InitializeDocumentView started
4/17/2023 3:46:43 PM: InitializeDocumentView finished
4/17/2023 3:46:43 PM: Calling database to get annotated images. DocumentId: 282139, Action: GetAnnotatedPages
4/17/2023 3:46:43 PM: Calling database to get annotated images. DocumentId: 282139, Action: GetTaggedPages
4/17/2023 3:46:43 PM: LoadImageToViewer started
4/17/2023 3:46:43 PM: Setting image to viewer. Action:  Page count: 11 Current Page:1
4/17/2023 3:46:43 PM: Converting PDF to JPEG. PDF Path: D:\WDMSDocument\TempWorkFolder\U0lfTEVfMTg5Nl8zMDRfMTAwNA==\1.pdf Image Name: U0lfTEVfMTg5Nl8zMDRfMTAwNA== Page No: 1
4/17/2023 3:46:43 PM: Converting PDF to JPEG without applying watermark.
4/17/2023 3:47:08 PM: Setting image to viewer using RegisterStartupScript: http://localhost:55361/generichandler.ashx?f=d://wdmsdocument//tempworkfolder//u0lftevfmtg5nl8zmdrfmtawna==jpg//1.jpeg
4/17/2023 3:47:08 PM: Invoke method to get annotations from databnase.
4/17/2023 3:47:08 PM: Get annotations from database.
4/17/2023 3:47:08 PM: Document Id: 282139 Page No: 1
4/17/2023 3:47:08 PM: Invoking method to get annotation data from database. Action: GetAnnotations
4/17/2023 3:47:08 PM: MailPanelFill started
4/17/2023 3:47:08 PM: MailPanelFill finished
4/17/2023 4:16:11 PM: GetTemplateDetails started
4/17/2023 4:16:11 PM: generatecontrols Started
4/17/2023 4:16:11 PM: GenerateControls:Loaded all Textbox dynamically
4/17/2023 4:16:11 PM: GenerateControls:Loaded all Textbox dynamically
4/17/2023 4:16:11 PM: GenerateControls:Loaded all Textbox dynamically
4/17/2023 4:16:11 PM: GenerateControls:Loaded all Textbox dynamically
4/17/2023 4:16:11 PM: Started Loading Entity Drop Down
4/17/2023 4:16:11 PM: Finished Loading Entity Drop Down
4/17/2023 4:16:11 PM: BindDocumentType started
4/17/2023 4:16:11 PM: BindDocumentType finished
4/17/2023 4:16:11 PM: createControls Started
4/17/2023 4:16:12 PM: createControls Loaded all Textbox dynamically
4/17/2023 4:16:12 PM: createControls Loaded all Textbox dynamically
4/17/2023 4:16:12 PM: createControls Loaded all Textbox dynamically
4/17/2023 4:16:12 PM: createControls Loaded all Textbox dynamically
4/17/2023 4:16:12 PM: createControls Finished
4/17/2023 4:17:24 PM: createControls Started
4/17/2023 4:17:24 PM: createControls Loaded all Textbox dynamically
4/17/2023 4:17:24 PM: createControls Loaded all Textbox dynamically
4/17/2023 4:17:24 PM: createControls Loaded all Textbox dynamically
4/17/2023 4:17:24 PM: createControls Loaded all Textbox dynamically
4/17/2023 4:17:24 PM: createControls Finished
4/17/2023 4:18:56 PM: GetTemplateDetails started
4/17/2023 4:18:56 PM: generatecontrols Started
4/17/2023 4:18:56 PM: GenerateControls:Loaded all Textbox dynamically
4/17/2023 4:18:56 PM: GenerateControls:Loaded all Textbox dynamically
4/17/2023 4:18:56 PM: GenerateControls:Loaded all Textbox dynamically
4/17/2023 4:18:56 PM: GenerateControls:Loaded all Textbox dynamically
4/17/2023 4:18:56 PM: Started Loading Entity Drop Down
4/17/2023 4:18:56 PM: Finished Loading Entity Drop Down
4/17/2023 4:18:56 PM: BindDocumentType started
4/17/2023 4:18:56 PM: BindDocumentType finished
4/17/2023 4:18:56 PM: createControls Started
4/17/2023 4:18:56 PM: createControls Loaded all Textbox dynamically
4/17/2023 4:18:56 PM: createControls Loaded all Textbox dynamically
4/17/2023 4:18:56 PM: createControls Loaded all Textbox dynamically
4/17/2023 4:18:56 PM: createControls Loaded all Textbox dynamically
4/17/2023 4:18:56 PM: createControls Finished
4/17/2023 4:18:59 PM: createControls Started
4/17/2023 4:18:59 PM: createControls Loaded all Textbox dynamically
4/17/2023 4:18:59 PM: createControls Loaded all Textbox dynamically
4/17/2023 4:18:59 PM: createControls Loaded all Textbox dynamically
4/17/2023 4:18:59 PM: createControls Loaded all Textbox dynamically
4/17/2023 4:18:59 PM: createControls Finished
4/17/2023 4:24:05 PM: GetTemplateDetails started
4/17/2023 4:24:05 PM: generatecontrols Started
4/17/2023 4:24:05 PM: GenerateControls:Loaded all Textbox dynamically
4/17/2023 4:24:05 PM: GenerateControls:Loaded all Textbox dynamically
4/17/2023 4:24:05 PM: GenerateControls:Loaded all Textbox dynamically
4/17/2023 4:24:05 PM: GenerateControls:Loaded all Textbox dynamically
4/17/2023 4:24:05 PM: Started Loading Entity Drop Down
4/17/2023 4:24:05 PM: Finished Loading Entity Drop Down
4/17/2023 4:24:05 PM: BindDocumentType started
4/17/2023 4:24:05 PM: BindDocumentType finished
4/17/2023 4:24:05 PM: createControls Started
4/17/2023 4:24:05 PM: createControls Loaded all Textbox dynamically
4/17/2023 4:24:05 PM: createControls Loaded all Textbox dynamically
4/17/2023 4:24:05 PM: createControls Loaded all Textbox dynamically
4/17/2023 4:24:05 PM: createControls Loaded all Textbox dynamically
4/17/2023 4:24:05 PM: createControls Finished
4/17/2023 4:24:09 PM: createControls Started
4/17/2023 4:24:09 PM: createControls Loaded all Textbox dynamically
4/17/2023 4:24:09 PM: createControls Loaded all Textbox dynamically
4/17/2023 4:24:09 PM: createControls Loaded all Textbox dynamically
4/17/2023 4:24:09 PM: createControls Loaded all Textbox dynamically
4/17/2023 4:24:09 PM: createControls Finished
4/17/2023 4:24:58 PM: GetTemplateDetails started
4/17/2023 4:24:58 PM: generatecontrols Started
4/17/2023 4:24:58 PM: GenerateControls:Loaded all Textbox dynamically
4/17/2023 4:24:58 PM: GenerateControls:Loaded all Textbox dynamically
4/17/2023 4:24:58 PM: GenerateControls:Loaded all Textbox dynamically
4/17/2023 4:24:58 PM: GenerateControls:Loaded all Textbox dynamically
4/17/2023 4:24:58 PM: Started Loading Entity Drop Down
4/17/2023 4:24:58 PM: Finished Loading Entity Drop Down
4/17/2023 4:24:58 PM: BindDocumentType started
4/17/2023 4:24:58 PM: BindDocumentType finished
4/17/2023 4:24:58 PM: createControls Started
4/17/2023 4:24:58 PM: createControls Loaded all Textbox dynamically
4/17/2023 4:24:58 PM: createControls Loaded all Textbox dynamically
4/17/2023 4:24:58 PM: createControls Loaded all Textbox dynamically
4/17/2023 4:24:58 PM: createControls Loaded all Textbox dynamically
4/17/2023 4:24:58 PM: createControls Finished
4/17/2023 4:25:00 PM: createControls Started
4/17/2023 4:25:00 PM: createControls Loaded all Textbox dynamically
4/17/2023 4:25:00 PM: createControls Loaded all Textbox dynamically
4/17/2023 4:25:00 PM: createControls Loaded all Textbox dynamically
4/17/2023 4:25:00 PM: createControls Loaded all Textbox dynamically
4/17/2023 4:25:00 PM: createControls Finished
4/17/2023 4:38:10 PM: GetTemplateDetails started
4/17/2023 4:38:10 PM: generatecontrols Started
4/17/2023 4:38:10 PM: GenerateControls:Loaded all Textbox dynamically
4/17/2023 4:38:10 PM: GenerateControls:Loaded all Textbox dynamically
4/17/2023 4:38:10 PM: GenerateControls:Loaded all Textbox dynamically
4/17/2023 4:38:10 PM: GenerateControls:Loaded all Textbox dynamically
4/17/2023 4:38:10 PM: Started Loading Entity Drop Down
4/17/2023 4:38:10 PM: Finished Loading Entity Drop Down
4/17/2023 4:38:10 PM: BindDocumentType started
4/17/2023 4:38:10 PM: BindDocumentType finished
4/17/2023 4:38:10 PM: createControls Started
4/17/2023 4:38:10 PM: createControls Loaded all Textbox dynamically
4/17/2023 4:38:10 PM: createControls Loaded all Textbox dynamically
4/17/2023 4:38:10 PM: createControls Loaded all Textbox dynamically
4/17/2023 4:38:10 PM: createControls Loaded all Textbox dynamically
4/17/2023 4:38:10 PM: createControls Finished
4/17/2023 4:50:00 PM: GetTemplateDetails started
4/17/2023 4:50:00 PM: generatecontrols Started
4/17/2023 4:50:00 PM: GenerateControls:Loaded all Textbox dynamically
4/17/2023 4:50:00 PM: GenerateControls:Loaded all Textbox dynamically
4/17/2023 4:50:00 PM: GenerateControls:Loaded all Textbox dynamically
4/17/2023 4:50:00 PM: GenerateControls:Loaded all Textbox dynamically
4/17/2023 4:50:00 PM: Started Loading Entity Drop Down
4/17/2023 4:50:00 PM: Finished Loading Entity Drop Down
4/17/2023 4:50:01 PM: BindDocumentType started
4/17/2023 4:50:01 PM: BindDocumentType finished
4/17/2023 4:50:01 PM: createControls Started
4/17/2023 4:50:01 PM: createControls Loaded all Textbox dynamically
4/17/2023 4:50:01 PM: createControls Loaded all Textbox dynamically
4/17/2023 4:50:01 PM: createControls Loaded all Textbox dynamically
4/17/2023 4:50:01 PM: createControls Loaded all Textbox dynamically
4/17/2023 4:50:01 PM: createControls Finished
4/17/2023 4:50:03 PM: createControls Started
4/17/2023 4:50:03 PM: createControls Loaded all Textbox dynamically
4/17/2023 4:50:03 PM: createControls Loaded all Textbox dynamically
4/17/2023 4:50:03 PM: createControls Loaded all Textbox dynamically
4/17/2023 4:50:03 PM: createControls Loaded all Textbox dynamically
4/17/2023 4:50:03 PM: createControls Finished
4/17/2023 4:52:38 PM: GetTemplateDetails started
4/17/2023 4:52:38 PM: generatecontrols Started
4/17/2023 4:52:38 PM: GenerateControls:Loaded all Textbox dynamically
4/17/2023 4:52:38 PM: GenerateControls:Loaded all Textbox dynamically
4/17/2023 4:52:38 PM: GenerateControls:Loaded all Textbox dynamically
4/17/2023 4:52:38 PM: GenerateControls:Loaded all Textbox dynamically
4/17/2023 4:52:38 PM: Started Loading Entity Drop Down
4/17/2023 4:52:38 PM: Finished Loading Entity Drop Down
4/17/2023 4:52:38 PM: BindDocumentType started
4/17/2023 4:52:38 PM: BindDocumentType finished
4/17/2023 4:52:38 PM: createControls Started
4/17/2023 4:52:38 PM: createControls Loaded all Textbox dynamically
4/17/2023 4:52:38 PM: createControls Loaded all Textbox dynamically
4/17/2023 4:52:38 PM: createControls Loaded all Textbox dynamically
4/17/2023 4:52:38 PM: createControls Loaded all Textbox dynamically
4/17/2023 4:52:38 PM: createControls Finished
