4/13/2023 1:06:24 AM: BindDocumentType started
4/13/2023 1:06:24 AM: BindDocumentType finished
4/13/2023 1:06:32 AM: createControls Started
4/13/2023 1:06:32 AM: createControls Loaded all Textbox dynamically
4/13/2023 1:06:32 AM: createControls Loaded all Textbox dynamically
4/13/2023 1:06:32 AM: createControls Loaded all Textbox dynamically
4/13/2023 1:06:32 AM: createControls Loaded all Textbox dynamically
4/13/2023 1:06:32 AM: createControls Finished
4/13/2023 1:06:32 AM: GetTemplateDetails started
4/13/2023 1:06:32 AM: generatecontrols Started
4/13/2023 1:06:32 AM: GenerateControls:Loaded all Textbox dynamically
4/13/2023 1:06:32 AM: GenerateControls:Loaded all Textbox dynamically
4/13/2023 1:06:32 AM: GenerateControls:Loaded all Textbox dynamically
4/13/2023 1:06:32 AM: GenerateControls:Loaded all Textbox dynamically
4/13/2023 1:06:36 AM: createControls Started
4/13/2023 1:06:36 AM: createControls Loaded all Textbox dynamically
4/13/2023 1:06:36 AM: createControls Loaded all Textbox dynamically
4/13/2023 1:06:36 AM: createControls Loaded all Textbox dynamically
4/13/2023 1:06:36 AM: createControls Loaded all Textbox dynamically
4/13/2023 1:06:36 AM: createControls Finished
4/13/2023 1:06:37 AM: Started Loading Entity Drop Down
4/13/2023 1:06:47 AM: Finished Loading Entity Drop Down
4/13/2023 1:06:52 AM: createControls Started
4/13/2023 1:06:52 AM: createControls Loaded all Textbox dynamically
4/13/2023 1:06:52 AM: createControls Loaded all Textbox dynamically
4/13/2023 1:06:52 AM: createControls Loaded all Textbox dynamically
4/13/2023 1:06:52 AM: createControls Loaded all Textbox dynamically
4/13/2023 1:06:52 AM: createControls Finished
4/13/2023 1:07:00 AM: createControls Started
4/13/2023 1:07:00 AM: createControls Loaded all Textbox dynamically
4/13/2023 1:07:00 AM: createControls Loaded all Textbox dynamically
4/13/2023 1:07:00 AM: createControls Loaded all Textbox dynamically
4/13/2023 1:07:00 AM: createControls Loaded all Textbox dynamically
4/13/2023 1:07:00 AM: createControls Finished
4/13/2023 1:13:43 AM: BindDocumentType started
4/13/2023 1:13:43 AM: BindDocumentType finished
4/13/2023 1:13:52 AM: createControls Started
4/13/2023 1:13:52 AM: createControls Loaded all Textbox dynamically
4/13/2023 1:13:52 AM: createControls Loaded all Textbox dynamically
4/13/2023 1:13:52 AM: createControls Loaded all Textbox dynamically
4/13/2023 1:13:52 AM: createControls Loaded all Textbox dynamically
4/13/2023 1:13:52 AM: createControls Finished
4/13/2023 1:13:52 AM: GetTemplateDetails started
4/13/2023 1:13:53 AM: generatecontrols Started
4/13/2023 1:13:53 AM: GenerateControls:Loaded all Textbox dynamically
4/13/2023 1:13:53 AM: GenerateControls:Loaded all Textbox dynamically
4/13/2023 1:13:53 AM: GenerateControls:Loaded all Textbox dynamically
4/13/2023 1:13:53 AM: GenerateControls:Loaded all Textbox dynamically
4/13/2023 1:13:56 AM: createControls Started
4/13/2023 1:13:56 AM: createControls Loaded all Textbox dynamically
4/13/2023 1:13:56 AM: createControls Loaded all Textbox dynamically
4/13/2023 1:13:56 AM: createControls Loaded all Textbox dynamically
4/13/2023 1:13:56 AM: createControls Loaded all Textbox dynamically
4/13/2023 1:13:56 AM: createControls Finished
4/13/2023 1:13:57 AM: Started Loading Entity Drop Down
4/13/2023 1:14:01 AM: Finished Loading Entity Drop Down
4/13/2023 1:20:49 AM: BindDocumentType started
4/13/2023 1:20:49 AM: BindDocumentType finished
4/13/2023 1:20:57 AM: createControls Started
4/13/2023 1:20:58 AM: createControls Loaded all Textbox dynamically
4/13/2023 1:20:58 AM: createControls Loaded all Textbox dynamically
4/13/2023 1:20:58 AM: createControls Loaded all Textbox dynamically
4/13/2023 1:20:58 AM: createControls Loaded all Textbox dynamically
4/13/2023 1:20:58 AM: createControls Finished
4/13/2023 1:20:58 AM: GetTemplateDetails started
4/13/2023 1:20:58 AM: generatecontrols Started
4/13/2023 1:20:58 AM: GenerateControls:Loaded all Textbox dynamically
4/13/2023 1:20:58 AM: GenerateControls:Loaded all Textbox dynamically
4/13/2023 1:20:58 AM: GenerateControls:Loaded all Textbox dynamically
4/13/2023 1:20:58 AM: GenerateControls:Loaded all Textbox dynamically
4/13/2023 1:21:02 AM: createControls Started
4/13/2023 1:21:02 AM: createControls Loaded all Textbox dynamically
4/13/2023 1:21:02 AM: createControls Loaded all Textbox dynamically
4/13/2023 1:21:02 AM: createControls Loaded all Textbox dynamically
4/13/2023 1:21:02 AM: createControls Loaded all Textbox dynamically
4/13/2023 1:21:02 AM: createControls Finished
4/13/2023 1:21:03 AM: Started Loading Entity Drop Down
4/13/2023 1:21:08 AM: Finished Loading Entity Drop Down
4/13/2023 1:21:12 AM: createControls Started
4/13/2023 1:21:12 AM: createControls Loaded all Textbox dynamically
4/13/2023 1:21:12 AM: createControls Loaded all Textbox dynamically
4/13/2023 1:21:12 AM: createControls Loaded all Textbox dynamically
4/13/2023 1:21:12 AM: createControls Loaded all Textbox dynamically
4/13/2023 1:21:12 AM: createControls Finished
4/13/2023 1:22:14 AM: BindDocumentType started
4/13/2023 1:22:14 AM: BindDocumentType finished
4/13/2023 1:22:21 AM: createControls Started
4/13/2023 1:22:21 AM: createControls Loaded all Textbox dynamically
4/13/2023 1:22:21 AM: createControls Loaded all Textbox dynamically
4/13/2023 1:22:21 AM: createControls Loaded all Textbox dynamically
4/13/2023 1:22:21 AM: createControls Loaded all Textbox dynamically
4/13/2023 1:22:21 AM: createControls Finished
4/13/2023 1:22:21 AM: GetTemplateDetails started
4/13/2023 1:22:21 AM: generatecontrols Started
4/13/2023 1:22:21 AM: GenerateControls:Loaded all Textbox dynamically
4/13/2023 1:22:21 AM: GenerateControls:Loaded all Textbox dynamically
4/13/2023 1:22:21 AM: GenerateControls:Loaded all Textbox dynamically
4/13/2023 1:22:21 AM: GenerateControls:Loaded all Textbox dynamically
4/13/2023 1:22:23 AM: createControls Started
4/13/2023 1:22:23 AM: createControls Loaded all Textbox dynamically
4/13/2023 1:22:23 AM: createControls Loaded all Textbox dynamically
4/13/2023 1:22:23 AM: createControls Loaded all Textbox dynamically
4/13/2023 1:22:23 AM: createControls Loaded all Textbox dynamically
4/13/2023 1:22:23 AM: createControls Finished
4/13/2023 1:22:24 AM: Started Loading Entity Drop Down
4/13/2023 1:26:35 AM: Finished Loading Entity Drop Down
4/13/2023 5:50:44 PM: BindDocumentType started
4/13/2023 5:50:44 PM: BindDocumentType finished
4/13/2023 5:51:13 PM: createControls Started
4/13/2023 5:51:13 PM: createControls Loaded all Textbox dynamically
4/13/2023 5:51:13 PM: createControls Loaded all Textbox dynamically
4/13/2023 5:51:13 PM: createControls Loaded all Textbox dynamically
4/13/2023 5:51:13 PM: createControls Loaded all Textbox dynamically
4/13/2023 5:51:13 PM: createControls Finished
4/13/2023 5:51:13 PM: GetTemplateDetails started
4/13/2023 5:51:13 PM: generatecontrols Started
4/13/2023 5:51:13 PM: GenerateControls:Loaded all Textbox dynamically
4/13/2023 5:51:13 PM: GenerateControls:Loaded all Textbox dynamically
4/13/2023 5:51:13 PM: GenerateControls:Loaded all Textbox dynamically
4/13/2023 5:51:13 PM: GenerateControls:Loaded all Textbox dynamically
4/13/2023 5:51:15 PM: createControls Started
4/13/2023 5:51:15 PM: createControls Loaded all Textbox dynamically
4/13/2023 5:51:15 PM: createControls Loaded all Textbox dynamically
4/13/2023 5:51:15 PM: createControls Loaded all Textbox dynamically
4/13/2023 5:51:15 PM: createControls Loaded all Textbox dynamically
4/13/2023 5:51:15 PM: createControls Finished
4/13/2023 5:51:15 PM: Started Loading Entity Drop Down
4/13/2023 5:51:15 PM: Finished Loading Entity Drop Down
4/13/2023 5:51:27 PM: GetSginatureDetails Started:-
4/13/2023 5:51:27 PM: GetSginatureDetails Completed:-
4/13/2023 5:51:27 PM: GetTemplateDetails Started
4/13/2023 5:51:27 PM: GetTemplateDetails total record count:1
4/13/2023 5:51:27 PM: Create controls,Load all Textbox dynamic
4/13/2023 5:51:27 PM: Create controls,Load all Textbox dynamic
4/13/2023 5:51:27 PM: Create controls,Load all Textbox dynamic
4/13/2023 5:51:27 PM: Create controls,Load all Textbox dynamic
4/13/2023 5:51:27 PM: GetTemplateDetails Finished
4/13/2023 5:51:27 PM: InitializeDocumentView started
4/13/2023 5:51:28 PM: InitializeDocumentView finished
4/13/2023 5:51:28 PM: Calling database to get annotated images. DocumentId: 282139, Action: GetAnnotatedPages
4/13/2023 5:51:28 PM: Calling database to get annotated images. DocumentId: 282139, Action: GetTaggedPages
4/13/2023 5:51:28 PM: LoadImageToViewer started
4/13/2023 5:51:28 PM: Setting image to viewer. Action:  Page count: 11 Current Page:1
4/13/2023 5:51:28 PM: Converting PDF to JPEG. PDF Path: D:\WDMSDocument\TempWorkFolder\U0lfTEVfMTg5Nl8zMDRfMTAwNA==\1.pdf Image Name: U0lfTEVfMTg5Nl8zMDRfMTAwNA== Page No: 1
4/13/2023 5:51:28 PM: Converting PDF to JPEG without applying watermark.
4/13/2023 5:51:28 PM: Exception: I/O error occurred.
4/13/2023 5:51:28 PM: convertPDFToImage method returned file path as empty.
4/13/2023 5:51:28 PM: Invoke method to get annotations from databnase.
4/13/2023 5:51:28 PM: Get annotations from database.
4/13/2023 5:51:28 PM: Document Id: 282139 Page No: 1
4/13/2023 5:51:28 PM: Invoking method to get annotation data from database. Action: GetAnnotations
4/13/2023 5:51:28 PM: MailPanelFill started
4/13/2023 5:51:28 PM: MailPanelFill finished
4/13/2023 5:59:13 PM: BindDocumentType started
4/13/2023 5:59:13 PM: BindDocumentType finished
4/13/2023 5:59:18 PM: createControls Started
4/13/2023 5:59:18 PM: createControls Loaded all Textbox dynamically
4/13/2023 5:59:18 PM: createControls Loaded all Textbox dynamically
4/13/2023 5:59:18 PM: createControls Loaded all Textbox dynamically
4/13/2023 5:59:18 PM: createControls Loaded all Textbox dynamically
4/13/2023 5:59:18 PM: createControls Finished
4/13/2023 5:59:18 PM: GetTemplateDetails started
4/13/2023 5:59:18 PM: generatecontrols Started
4/13/2023 5:59:19 PM: GenerateControls:Loaded all Textbox dynamically
4/13/2023 5:59:19 PM: GenerateControls:Loaded all Textbox dynamically
4/13/2023 5:59:19 PM: GenerateControls:Loaded all Textbox dynamically
4/13/2023 5:59:19 PM: GenerateControls:Loaded all Textbox dynamically
4/13/2023 5:59:21 PM: createControls Started
4/13/2023 5:59:21 PM: createControls Loaded all Textbox dynamically
4/13/2023 5:59:21 PM: createControls Loaded all Textbox dynamically
4/13/2023 5:59:21 PM: createControls Loaded all Textbox dynamically
4/13/2023 5:59:21 PM: createControls Loaded all Textbox dynamically
4/13/2023 5:59:21 PM: createControls Finished
4/13/2023 5:59:21 PM: Started Loading Entity Drop Down
4/13/2023 5:59:21 PM: Finished Loading Entity Drop Down
4/13/2023 5:59:31 PM: GetSginatureDetails Started:-
4/13/2023 5:59:31 PM: GetSginatureDetails Completed:-
4/13/2023 5:59:31 PM: GetTemplateDetails Started
4/13/2023 5:59:31 PM: GetTemplateDetails total record count:1
4/13/2023 5:59:31 PM: Create controls,Load all Textbox dynamic
4/13/2023 5:59:31 PM: Create controls,Load all Textbox dynamic
4/13/2023 5:59:31 PM: Create controls,Load all Textbox dynamic
4/13/2023 5:59:31 PM: Create controls,Load all Textbox dynamic
4/13/2023 5:59:31 PM: GetTemplateDetails Finished
4/13/2023 5:59:31 PM: InitializeDocumentView started
4/13/2023 5:59:31 PM: InitializeDocumentView finished
4/13/2023 5:59:31 PM: Calling database to get annotated images. DocumentId: 282139, Action: GetAnnotatedPages
4/13/2023 5:59:31 PM: Calling database to get annotated images. DocumentId: 282139, Action: GetTaggedPages
4/13/2023 5:59:31 PM: LoadImageToViewer started
4/13/2023 5:59:31 PM: Setting image to viewer. Action:  Page count: 11 Current Page:1
4/13/2023 5:59:31 PM: Converting PDF to JPEG. PDF Path: D:\WDMSDocument\TempWorkFolder\U0lfTEVfMTg5Nl8zMDRfMTAwNA==\1.pdf Image Name: U0lfTEVfMTg5Nl8zMDRfMTAwNA== Page No: 1
4/13/2023 5:59:31 PM: Converting PDF to JPEG without applying watermark.
4/13/2023 5:59:31 PM: Exception: I/O error occurred.
4/13/2023 5:59:31 PM: convertPDFToImage method returned file path as empty.
4/13/2023 5:59:31 PM: Invoke method to get annotations from databnase.
4/13/2023 5:59:31 PM: Get annotations from database.
4/13/2023 5:59:31 PM: Document Id: 282139 Page No: 1
4/13/2023 5:59:31 PM: Invoking method to get annotation data from database. Action: GetAnnotations
4/13/2023 5:59:31 PM: MailPanelFill started
4/13/2023 5:59:31 PM: MailPanelFill finished
4/13/2023 6:01:14 PM: BindDocumentType started
4/13/2023 6:01:14 PM: BindDocumentType finished
4/13/2023 6:01:31 PM: createControls Started
4/13/2023 6:01:31 PM: createControls Loaded all Textbox dynamically
4/13/2023 6:01:31 PM: createControls Loaded all Textbox dynamically
4/13/2023 6:01:31 PM: createControls Loaded all Textbox dynamically
4/13/2023 6:01:31 PM: createControls Loaded all Textbox dynamically
4/13/2023 6:01:31 PM: createControls Finished
4/13/2023 6:01:31 PM: GetTemplateDetails started
4/13/2023 6:01:32 PM: generatecontrols Started
4/13/2023 6:01:32 PM: GenerateControls:Loaded all Textbox dynamically
4/13/2023 6:01:32 PM: GenerateControls:Loaded all Textbox dynamically
4/13/2023 6:01:32 PM: GenerateControls:Loaded all Textbox dynamically
4/13/2023 6:01:32 PM: GenerateControls:Loaded all Textbox dynamically
4/13/2023 6:01:33 PM: createControls Started
4/13/2023 6:01:33 PM: createControls Loaded all Textbox dynamically
4/13/2023 6:01:33 PM: createControls Loaded all Textbox dynamically
4/13/2023 6:01:33 PM: createControls Loaded all Textbox dynamically
4/13/2023 6:01:33 PM: createControls Loaded all Textbox dynamically
4/13/2023 6:01:33 PM: createControls Finished
4/13/2023 6:01:33 PM: Started Loading Entity Drop Down
4/13/2023 6:01:33 PM: Finished Loading Entity Drop Down
4/13/2023 6:01:36 PM: GetSginatureDetails Started:-
4/13/2023 6:01:36 PM: GetSginatureDetails Completed:-
4/13/2023 6:01:36 PM: GetTemplateDetails Started
4/13/2023 6:01:37 PM: GetTemplateDetails total record count:1
4/13/2023 6:01:37 PM: Create controls,Load all Textbox dynamic
4/13/2023 6:01:37 PM: Create controls,Load all Textbox dynamic
4/13/2023 6:01:37 PM: Create controls,Load all Textbox dynamic
4/13/2023 6:01:37 PM: Create controls,Load all Textbox dynamic
4/13/2023 6:01:37 PM: GetTemplateDetails Finished
4/13/2023 6:01:37 PM: InitializeDocumentView started
4/13/2023 6:01:37 PM: InitializeDocumentView finished
4/13/2023 6:01:37 PM: Calling database to get annotated images. DocumentId: 282139, Action: GetAnnotatedPages
4/13/2023 6:01:37 PM: Calling database to get annotated images. DocumentId: 282139, Action: GetTaggedPages
4/13/2023 6:01:48 PM: LoadImageToViewer started
4/13/2023 6:01:54 PM: Setting image to viewer. Action:  Page count: 11 Current Page:1
4/13/2023 6:07:49 PM: Converting PDF to JPEG. PDF Path: D:\WDMSDocument\TempWorkFolder\U0lfTEVfMTg5Nl8zMDRfMTAwNA==\1.pdf Image Name: U0lfTEVfMTg5Nl8zMDRfMTAwNA== Page No: 1
4/13/2023 6:11:15 PM: Converting PDF to JPEG without applying watermark.
4/13/2023 6:11:15 PM: Exception: I/O error occurred.
4/13/2023 6:38:33 PM: BindDocumentType started
4/13/2023 6:38:33 PM: BindDocumentType finished
4/13/2023 6:38:39 PM: createControls Started
4/13/2023 6:38:39 PM: createControls Loaded all Textbox dynamically
4/13/2023 6:38:39 PM: createControls Loaded all Textbox dynamically
4/13/2023 6:38:39 PM: createControls Loaded all Textbox dynamically
4/13/2023 6:38:39 PM: createControls Loaded all Textbox dynamically
4/13/2023 6:38:39 PM: createControls Finished
4/13/2023 6:38:39 PM: GetTemplateDetails started
4/13/2023 6:38:39 PM: generatecontrols Started
4/13/2023 6:38:39 PM: GenerateControls:Loaded all Textbox dynamically
4/13/2023 6:38:39 PM: GenerateControls:Loaded all Textbox dynamically
4/13/2023 6:38:39 PM: GenerateControls:Loaded all Textbox dynamically
4/13/2023 6:38:39 PM: GenerateControls:Loaded all Textbox dynamically
4/13/2023 6:38:41 PM: createControls Started
4/13/2023 6:38:41 PM: createControls Loaded all Textbox dynamically
4/13/2023 6:38:41 PM: createControls Loaded all Textbox dynamically
4/13/2023 6:38:41 PM: createControls Loaded all Textbox dynamically
4/13/2023 6:38:41 PM: createControls Loaded all Textbox dynamically
4/13/2023 6:38:41 PM: createControls Finished
4/13/2023 6:38:41 PM: Started Loading Entity Drop Down
4/13/2023 6:38:42 PM: Finished Loading Entity Drop Down
4/13/2023 6:38:51 PM: GetSginatureDetails Started:-
4/13/2023 6:38:51 PM: GetSginatureDetails Completed:-
4/13/2023 6:38:51 PM: GetTemplateDetails Started
4/13/2023 6:38:51 PM: GetTemplateDetails total record count:1
4/13/2023 6:38:51 PM: Create controls,Load all Textbox dynamic
4/13/2023 6:38:51 PM: Create controls,Load all Textbox dynamic
4/13/2023 6:38:51 PM: Create controls,Load all Textbox dynamic
4/13/2023 6:38:51 PM: Create controls,Load all Textbox dynamic
4/13/2023 6:38:51 PM: GetTemplateDetails Finished
4/13/2023 6:38:52 PM: InitializeDocumentView started
4/13/2023 6:38:52 PM: InitializeDocumentView finished
4/13/2023 6:38:52 PM: Calling database to get annotated images. DocumentId: 282139, Action: GetAnnotatedPages
4/13/2023 6:38:52 PM: Calling database to get annotated images. DocumentId: 282139, Action: GetTaggedPages
4/13/2023 6:38:59 PM: LoadImageToViewer started
4/13/2023 6:39:00 PM: Setting image to viewer. Action:  Page count: 11 Current Page:1
4/13/2023 6:39:51 PM: Converting PDF to JPEG. PDF Path: D:\WDMSDocument\TempWorkFolder\U0lfTEVfMTg5Nl8zMDRfMTAwNA==\1.pdf Image Name: U0lfTEVfMTg5Nl8zMDRfMTAwNA== Page No: 1
4/13/2023 6:39:52 PM: Converting PDF to JPEG without applying watermark.
4/13/2023 6:39:52 PM: Exception: I/O error occurred.
4/13/2023 6:39:55 PM: convertPDFToImage method returned file path as empty.
4/13/2023 6:40:03 PM: Invoke method to get annotations from databnase.
4/13/2023 6:40:03 PM: Get annotations from database.
4/13/2023 6:40:03 PM: Document Id: 282139 Page No: 1
4/13/2023 6:40:03 PM: Invoking method to get annotation data from database. Action: GetAnnotations
4/13/2023 6:40:06 PM: MailPanelFill started
4/13/2023 6:40:06 PM: MailPanelFill finished
4/13/2023 6:49:56 PM: BindDocumentType started
4/13/2023 6:49:56 PM: BindDocumentType finished
4/13/2023 6:50:01 PM: createControls Started
4/13/2023 6:50:01 PM: createControls Loaded all Textbox dynamically
4/13/2023 6:50:01 PM: createControls Loaded all Textbox dynamically
4/13/2023 6:50:01 PM: createControls Loaded all Textbox dynamically
4/13/2023 6:50:01 PM: createControls Loaded all Textbox dynamically
4/13/2023 6:50:01 PM: createControls Finished
4/13/2023 6:50:01 PM: GetTemplateDetails started
4/13/2023 6:50:01 PM: generatecontrols Started
4/13/2023 6:50:01 PM: GenerateControls:Loaded all Textbox dynamically
4/13/2023 6:50:01 PM: GenerateControls:Loaded all Textbox dynamically
4/13/2023 6:50:01 PM: GenerateControls:Loaded all Textbox dynamically
4/13/2023 6:50:01 PM: GenerateControls:Loaded all Textbox dynamically
4/13/2023 6:50:03 PM: createControls Started
4/13/2023 6:50:03 PM: createControls Loaded all Textbox dynamically
4/13/2023 6:50:03 PM: createControls Loaded all Textbox dynamically
4/13/2023 6:50:03 PM: createControls Loaded all Textbox dynamically
4/13/2023 6:50:03 PM: createControls Loaded all Textbox dynamically
4/13/2023 6:50:03 PM: createControls Finished
4/13/2023 6:50:03 PM: Started Loading Entity Drop Down
4/13/2023 6:50:03 PM: Finished Loading Entity Drop Down
4/13/2023 6:50:11 PM: GetSginatureDetails Started:-
4/13/2023 6:50:11 PM: GetSginatureDetails Completed:-
4/13/2023 6:50:11 PM: GetTemplateDetails Started
4/13/2023 6:50:11 PM: GetTemplateDetails total record count:1
4/13/2023 6:50:11 PM: Create controls,Load all Textbox dynamic
4/13/2023 6:50:11 PM: Create controls,Load all Textbox dynamic
4/13/2023 6:50:11 PM: Create controls,Load all Textbox dynamic
4/13/2023 6:50:11 PM: Create controls,Load all Textbox dynamic
4/13/2023 6:50:11 PM: GetTemplateDetails Finished
4/13/2023 6:50:12 PM: InitializeDocumentView started
4/13/2023 6:50:12 PM: InitializeDocumentView finished
4/13/2023 6:50:12 PM: Calling database to get annotated images. DocumentId: 282139, Action: GetAnnotatedPages
4/13/2023 6:50:12 PM: Calling database to get annotated images. DocumentId: 282139, Action: GetTaggedPages
4/13/2023 6:51:17 PM: LoadImageToViewer started
4/13/2023 6:51:17 PM: Setting image to viewer. Action:  Page count: 11 Current Page:1
4/13/2023 6:52:23 PM: Converting PDF to JPEG. PDF Path: D:\WDMSDocument\TempWorkFolder\U0lfTEVfMTg5Nl8zMDRfMTAwNA==\1.pdf Image Name: U0lfTEVfMTg5Nl8zMDRfMTAwNA== Page No: 1
4/13/2023 6:52:24 PM: Converting PDF to JPEG without applying watermark.
4/13/2023 6:52:24 PM: Exception: I/O error occurred.
4/13/2023 6:52:24 PM: convertPDFToImage method returned file path as empty.
4/13/2023 6:52:24 PM: Invoke method to get annotations from databnase.
4/13/2023 6:52:24 PM: Get annotations from database.
4/13/2023 6:52:24 PM: Document Id: 282139 Page No: 1
4/13/2023 6:52:24 PM: Invoking method to get annotation data from database. Action: GetAnnotations
4/13/2023 6:52:24 PM: MailPanelFill started
4/13/2023 6:52:24 PM: MailPanelFill finished
