5/24/2023 2:59:05 PM: GetTemplateDetails started
5/24/2023 2:59:05 PM: generatecontrols Started
5/24/2023 2:59:05 PM: GenerateControls:Loaded all Textbox dynamically
5/24/2023 2:59:05 PM: GenerateControls:Loaded all Textbox dynamically
5/24/2023 2:59:05 PM: GenerateControls:Loaded all Textbox dynamically
5/24/2023 2:59:05 PM: GenerateControls:Loaded all Textbox dynamically
5/24/2023 2:59:05 PM: GetTemplatefieldDetails started
5/24/2023 2:59:05 PM: GetTemplatefieldDetails finished
5/24/2023 2:59:05 PM: Started Loading Entity Drop Down
5/24/2023 2:59:05 PM: Finished Loading Entity Drop Down
5/24/2023 2:59:06 PM: BindDocumentType started
5/24/2023 2:59:06 PM: BindDocumentType finished
5/24/2023 2:59:06 PM: BindQueries started
5/24/2023 2:59:06 PM: BindQueries finished
5/24/2023 2:59:06 PM: createControls Started
5/24/2023 2:59:06 PM: createControls Loaded all Textbox dynamically
5/24/2023 2:59:06 PM: createControls Loaded all Textbox dynamically
5/24/2023 2:59:06 PM: createControls Loaded all Textbox dynamically
5/24/2023 2:59:06 PM: createControls Loaded all Textbox dynamically
5/24/2023 2:59:06 PM: createControls Finished
5/24/2023 2:59:43 PM: createControls Started
5/24/2023 2:59:43 PM: createControls Loaded all Textbox dynamically
5/24/2023 2:59:43 PM: createControls Loaded all Textbox dynamically
5/24/2023 2:59:43 PM: createControls Loaded all Textbox dynamically
5/24/2023 2:59:43 PM: createControls Loaded all Textbox dynamically
5/24/2023 2:59:43 PM: createControls Finished
5/24/2023 2:59:44 PM: Started Loading Entity Drop Down
5/24/2023 2:59:44 PM: Finished Loading Entity Drop Down
5/24/2023 3:01:19 PM: GetTemplateDetails started
5/24/2023 3:01:19 PM: generatecontrols Started
5/24/2023 3:01:19 PM: GenerateControls:Loaded all Textbox dynamically
5/24/2023 3:01:19 PM: GenerateControls:Loaded all Textbox dynamically
5/24/2023 3:01:19 PM: GenerateControls:Loaded all Textbox dynamically
5/24/2023 3:01:19 PM: GenerateControls:Loaded all Textbox dynamically
5/24/2023 3:01:19 PM: GetTemplatefieldDetails started
5/24/2023 3:01:19 PM: GetTemplatefieldDetails finished
5/24/2023 3:01:19 PM: Started Loading Entity Drop Down
5/24/2023 3:01:19 PM: Finished Loading Entity Drop Down
5/24/2023 3:01:19 PM: BindDocumentType started
5/24/2023 3:01:19 PM: BindDocumentType finished
5/24/2023 3:01:19 PM: BindQueries started
5/24/2023 3:01:19 PM: BindQueries finished
5/24/2023 3:01:19 PM: createControls Started
5/24/2023 3:01:19 PM: createControls Loaded all Textbox dynamically
5/24/2023 3:01:19 PM: createControls Loaded all Textbox dynamically
5/24/2023 3:01:19 PM: createControls Loaded all Textbox dynamically
5/24/2023 3:01:19 PM: createControls Loaded all Textbox dynamically
5/24/2023 3:01:19 PM: createControls Finished
5/24/2023 3:01:46 PM: GetTemplateDetails started
5/24/2023 3:01:46 PM: generatecontrols Started
5/24/2023 3:01:46 PM: GenerateControls:Loaded all Textbox dynamically
5/24/2023 3:01:46 PM: GenerateControls:Loaded all Textbox dynamically
5/24/2023 3:01:46 PM: GenerateControls:Loaded all Textbox dynamically
5/24/2023 3:01:46 PM: GenerateControls:Loaded all Textbox dynamically
5/24/2023 3:01:46 PM: GetTemplatefieldDetails started
5/24/2023 3:01:46 PM: GetTemplatefieldDetails finished
5/24/2023 3:01:46 PM: Started Loading Entity Drop Down
5/24/2023 3:01:46 PM: Finished Loading Entity Drop Down
5/24/2023 3:01:46 PM: BindDocumentType started
5/24/2023 3:01:46 PM: BindDocumentType finished
5/24/2023 3:01:46 PM: BindQueries started
5/24/2023 3:01:46 PM: BindQueries finished
5/24/2023 3:01:46 PM: createControls Started
5/24/2023 3:01:46 PM: createControls Loaded all Textbox dynamically
5/24/2023 3:01:46 PM: createControls Loaded all Textbox dynamically
5/24/2023 3:01:46 PM: createControls Loaded all Textbox dynamically
5/24/2023 3:01:46 PM: createControls Loaded all Textbox dynamically
5/24/2023 3:01:46 PM: createControls Finished
5/24/2023 3:02:11 PM: GetTemplateDetails started
5/24/2023 3:02:11 PM: generatecontrols Started
5/24/2023 3:02:11 PM: GenerateControls:Loaded all Textbox dynamically
5/24/2023 3:02:11 PM: GenerateControls:Loaded all Textbox dynamically
5/24/2023 3:02:11 PM: GenerateControls:Loaded all Textbox dynamically
5/24/2023 3:02:11 PM: GenerateControls:Loaded all Textbox dynamically
5/24/2023 3:02:11 PM: GetTemplatefieldDetails started
5/24/2023 3:02:11 PM: GetTemplatefieldDetails finished
5/24/2023 3:02:11 PM: Started Loading Entity Drop Down
5/24/2023 3:02:11 PM: Finished Loading Entity Drop Down
5/24/2023 3:02:11 PM: BindDocumentType started
5/24/2023 3:02:11 PM: BindDocumentType finished
5/24/2023 3:02:11 PM: BindQueries started
5/24/2023 3:02:11 PM: BindQueries finished
5/24/2023 3:02:11 PM: createControls Started
5/24/2023 3:02:11 PM: createControls Loaded all Textbox dynamically
5/24/2023 3:02:11 PM: createControls Loaded all Textbox dynamically
5/24/2023 3:02:11 PM: createControls Loaded all Textbox dynamically
5/24/2023 3:02:11 PM: createControls Loaded all Textbox dynamically
5/24/2023 3:02:11 PM: createControls Finished
5/24/2023 3:02:54 PM: GetTemplateDetails started
5/24/2023 3:02:54 PM: generatecontrols Started
5/24/2023 3:02:54 PM: GenerateControls:Loaded all Textbox dynamically
5/24/2023 3:02:54 PM: GenerateControls:Loaded all Textbox dynamically
5/24/2023 3:02:54 PM: GenerateControls:Loaded all Textbox dynamically
5/24/2023 3:02:54 PM: GenerateControls:Loaded all Textbox dynamically
5/24/2023 3:02:54 PM: GetTemplatefieldDetails started
5/24/2023 3:02:54 PM: GetTemplatefieldDetails finished
5/24/2023 3:02:54 PM: Started Loading Entity Drop Down
5/24/2023 3:02:55 PM: Finished Loading Entity Drop Down
5/24/2023 3:02:55 PM: BindDocumentType started
5/24/2023 3:02:55 PM: BindDocumentType finished
5/24/2023 3:02:55 PM: BindQueries started
5/24/2023 3:02:55 PM: BindQueries finished
5/24/2023 3:02:55 PM: createControls Started
5/24/2023 3:02:55 PM: createControls Loaded all Textbox dynamically
5/24/2023 3:02:55 PM: createControls Loaded all Textbox dynamically
5/24/2023 3:02:55 PM: createControls Loaded all Textbox dynamically
5/24/2023 3:02:55 PM: createControls Loaded all Textbox dynamically
5/24/2023 3:02:55 PM: createControls Finished
5/24/2023 3:03:05 PM: createControls Started
5/24/2023 3:03:05 PM: createControls Loaded all Textbox dynamically
5/24/2023 3:03:05 PM: createControls Loaded all Dropdownlist dynamically
5/24/2023 3:03:05 PM: createControls Loaded all Textbox dynamically
5/24/2023 3:03:05 PM: createControls Loaded all Dropdownlist dynamically
5/24/2023 3:03:05 PM: createControls Finished
5/24/2023 3:03:05 PM: generatecontrols Started
5/24/2023 3:03:05 PM: GenerateControls:Loaded all Textbox dynamically
5/24/2023 3:03:05 PM: GenerateControls:Loaded all Dropdownlist dynamically
5/24/2023 3:03:05 PM: GenerateControls:Loaded all Textbox dynamically
5/24/2023 3:03:05 PM: GenerateControls:Loaded all Dropdownlist dynamically
5/24/2023 3:03:05 PM: Started Loading Entity Drop Down
5/24/2023 3:03:06 PM: Finished Loading Entity Drop Down
5/24/2023 3:03:13 PM: createControls Started
5/24/2023 3:03:13 PM: createControls Loaded all Textbox dynamically
5/24/2023 3:03:13 PM: createControls Loaded all Textbox dynamically
5/24/2023 3:03:13 PM: createControls Loaded all Textbox dynamically
5/24/2023 3:03:13 PM: createControls Loaded all Dropdownlist dynamically
5/24/2023 3:03:13 PM: createControls Finished
5/24/2023 3:03:13 PM: generatecontrols Started
5/24/2023 3:03:13 PM: GenerateControls:Loaded all Textbox dynamically
5/24/2023 3:03:13 PM: GenerateControls:Loaded all Textbox dynamically
5/24/2023 3:03:13 PM: GenerateControls:Loaded all Textbox dynamically
5/24/2023 3:03:13 PM: GenerateControls:Loaded all Dropdownlist dynamically
5/24/2023 3:03:13 PM: Started Loading Entity Drop Down
5/24/2023 3:03:13 PM: Finished Loading Entity Drop Down
5/24/2023 3:04:20 PM: createControls Started
5/24/2023 3:04:20 PM: createControls Loaded all Textbox dynamically
5/24/2023 3:04:20 PM: createControls Loaded all Textbox dynamically
5/24/2023 3:04:20 PM: createControls Loaded all Textbox dynamically
5/24/2023 3:04:20 PM: createControls Loaded all Dropdownlist dynamically
5/24/2023 3:04:20 PM: createControls Finished
5/24/2023 3:04:20 PM: Started Loading Entity Drop Down
5/24/2023 3:04:20 PM: Finished Loading Entity Drop Down
5/24/2023 3:04:26 PM: createControls Started
5/24/2023 3:04:26 PM: createControls Loaded all Textbox dynamically
5/24/2023 3:04:26 PM: createControls Loaded all Dropdownlist dynamically
5/24/2023 3:04:26 PM: createControls Loaded all Textbox dynamically
5/24/2023 3:04:26 PM: createControls Loaded all Dropdownlist dynamically
5/24/2023 3:04:26 PM: createControls Finished
5/24/2023 3:04:26 PM: generatecontrols Started
5/24/2023 3:04:26 PM: GenerateControls:Loaded all Textbox dynamically
5/24/2023 3:04:26 PM: GenerateControls:Loaded all Dropdownlist dynamically
5/24/2023 3:04:26 PM: GenerateControls:Loaded all Textbox dynamically
5/24/2023 3:04:26 PM: GenerateControls:Loaded all Dropdownlist dynamically
5/24/2023 3:04:26 PM: Started Loading Entity Drop Down
5/24/2023 3:04:26 PM: Finished Loading Entity Drop Down
5/24/2023 4:07:12 PM: GetTemplateDetails started
5/24/2023 4:07:12 PM: generatecontrols Started
5/24/2023 4:07:12 PM: GenerateControls:Loaded all Textbox dynamically
5/24/2023 4:07:12 PM: GenerateControls:Loaded all Textbox dynamically
5/24/2023 4:07:12 PM: GenerateControls:Loaded all Textbox dynamically
5/24/2023 4:07:12 PM: GenerateControls:Loaded all Textbox dynamically
5/24/2023 4:07:12 PM: GetTemplatefieldDetails started
5/24/2023 4:07:12 PM: GetTemplatefieldDetails finished
5/24/2023 4:07:12 PM: Started Loading Entity Drop Down
5/24/2023 4:07:13 PM: Finished Loading Entity Drop Down
5/24/2023 4:07:13 PM: BindDocumentType started
5/24/2023 4:07:13 PM: BindDocumentType finished
5/24/2023 4:07:13 PM: BindQueries started
5/24/2023 4:07:13 PM: BindQueries finished
5/24/2023 4:07:13 PM: createControls Started
5/24/2023 4:07:13 PM: createControls Loaded all Textbox dynamically
5/24/2023 4:07:13 PM: createControls Loaded all Textbox dynamically
5/24/2023 4:07:13 PM: createControls Loaded all Textbox dynamically
5/24/2023 4:07:13 PM: createControls Loaded all Textbox dynamically
5/24/2023 4:07:13 PM: createControls Finished
5/24/2023 4:08:04 PM: GetTemplateDetails started
5/24/2023 4:08:04 PM: generatecontrols Started
5/24/2023 4:08:04 PM: GenerateControls:Loaded all Textbox dynamically
5/24/2023 4:08:04 PM: GenerateControls:Loaded all Textbox dynamically
5/24/2023 4:08:04 PM: GenerateControls:Loaded all Textbox dynamically
5/24/2023 4:08:04 PM: GenerateControls:Loaded all Textbox dynamically
5/24/2023 4:08:04 PM: GetTemplatefieldDetails started
5/24/2023 4:08:04 PM: GetTemplatefieldDetails finished
5/24/2023 4:08:04 PM: Started Loading Entity Drop Down
5/24/2023 4:08:04 PM: Finished Loading Entity Drop Down
5/24/2023 4:08:04 PM: BindDocumentType started
5/24/2023 4:08:04 PM: BindDocumentType finished
5/24/2023 4:08:04 PM: BindQueries started
5/24/2023 4:08:04 PM: BindQueries finished
5/24/2023 4:08:04 PM: createControls Started
5/24/2023 4:08:04 PM: createControls Loaded all Textbox dynamically
5/24/2023 4:08:04 PM: createControls Loaded all Textbox dynamically
5/24/2023 4:08:04 PM: createControls Loaded all Textbox dynamically
5/24/2023 4:08:04 PM: createControls Loaded all Textbox dynamically
5/24/2023 4:08:04 PM: createControls Finished
5/24/2023 4:08:12 PM: createControls Started
5/24/2023 4:08:12 PM: createControls Loaded all Textbox dynamically
5/24/2023 4:08:12 PM: createControls Loaded all Textbox dynamically
5/24/2023 4:08:12 PM: createControls Loaded all Textbox dynamically
5/24/2023 4:08:12 PM: createControls Loaded all Textbox dynamically
5/24/2023 4:08:12 PM: createControls Finished
5/24/2023 4:08:12 PM: Started Loading Entity Drop Down
5/24/2023 4:08:12 PM: Finished Loading Entity Drop Down
5/24/2023 4:09:04 PM: createControls Started
5/24/2023 4:09:04 PM: createControls Loaded all Textbox dynamically
5/24/2023 4:09:04 PM: createControls Loaded all Textbox dynamically
5/24/2023 4:09:04 PM: createControls Loaded all Textbox dynamically
5/24/2023 4:09:04 PM: createControls Loaded all Textbox dynamically
5/24/2023 4:09:04 PM: createControls Finished
5/24/2023 4:09:04 PM: Started Loading Entity Drop Down
5/24/2023 4:09:04 PM: Finished Loading Entity Drop Down
5/24/2023 4:09:34 PM: createControls Started
5/24/2023 4:09:34 PM: createControls Loaded all Textbox dynamically
5/24/2023 4:09:34 PM: createControls Loaded all Textbox dynamically
5/24/2023 4:09:34 PM: createControls Loaded all Textbox dynamically
5/24/2023 4:09:34 PM: createControls Loaded all Textbox dynamically
5/24/2023 4:09:34 PM: createControls Finished
5/24/2023 4:09:34 PM: Started Loading Entity Drop Down
5/24/2023 4:09:34 PM: Finished Loading Entity Drop Down
5/24/2023 4:22:35 PM: createControls Started
5/24/2023 4:22:35 PM: createControls Loaded all Textbox dynamically
5/24/2023 4:22:35 PM: createControls Loaded all Textbox dynamically
5/24/2023 4:22:35 PM: createControls Loaded all Textbox dynamically
5/24/2023 4:22:35 PM: createControls Loaded all Textbox dynamically
5/24/2023 4:22:35 PM: createControls Finished
5/24/2023 4:22:35 PM: Started Loading Entity Drop Down
5/24/2023 4:22:36 PM: Finished Loading Entity Drop Down
5/24/2023 4:22:36 PM: createControls Started
5/24/2023 4:22:36 PM: createControls Loaded all Textbox dynamically
5/24/2023 4:22:36 PM: createControls Loaded all Textbox dynamically
5/24/2023 4:22:36 PM: createControls Loaded all Textbox dynamically
5/24/2023 4:22:36 PM: createControls Loaded all Textbox dynamically
5/24/2023 4:22:36 PM: createControls Finished
5/24/2023 4:22:36 PM: Started Loading Entity Drop Down
5/24/2023 4:22:36 PM: Finished Loading Entity Drop Down
5/24/2023 4:22:36 PM: createControls Started
5/24/2023 4:22:36 PM: createControls Loaded all Textbox dynamically
5/24/2023 4:22:36 PM: createControls Loaded all Textbox dynamically
5/24/2023 4:22:36 PM: createControls Loaded all Textbox dynamically
5/24/2023 4:22:36 PM: createControls Loaded all Textbox dynamically
5/24/2023 4:22:36 PM: createControls Finished
5/24/2023 4:22:37 PM: Started Loading Entity Drop Down
5/24/2023 4:22:37 PM: Finished Loading Entity Drop Down
5/24/2023 4:23:49 PM: createControls Started
5/24/2023 4:23:49 PM: createControls Loaded all Textbox dynamically
5/24/2023 4:23:49 PM: createControls Loaded all Textbox dynamically
5/24/2023 4:23:49 PM: createControls Loaded all Textbox dynamically
5/24/2023 4:23:49 PM: createControls Loaded all Textbox dynamically
5/24/2023 4:23:49 PM: createControls Finished
5/24/2023 4:23:49 PM: Started Loading Entity Drop Down
5/24/2023 4:23:49 PM: Finished Loading Entity Drop Down
5/24/2023 4:23:50 PM: GetTemplateDetails started
5/24/2023 4:23:50 PM: generatecontrols Started
5/24/2023 4:23:50 PM: GenerateControls:Loaded all Textbox dynamically
5/24/2023 4:23:50 PM: GenerateControls:Loaded all Textbox dynamically
5/24/2023 4:23:50 PM: GenerateControls:Loaded all Textbox dynamically
5/24/2023 4:23:50 PM: GenerateControls:Loaded all Textbox dynamically
5/24/2023 4:23:50 PM: GetTemplatefieldDetails started
5/24/2023 4:23:50 PM: GetTemplatefieldDetails finished
5/24/2023 4:23:50 PM: Started Loading Entity Drop Down
5/24/2023 4:23:50 PM: Finished Loading Entity Drop Down
5/24/2023 4:23:50 PM: BindDocumentType started
5/24/2023 4:23:50 PM: BindDocumentType finished
5/24/2023 4:23:50 PM: BindQueries started
5/24/2023 4:23:50 PM: BindQueries finished
5/24/2023 4:23:50 PM: createControls Started
5/24/2023 4:23:50 PM: createControls Loaded all Textbox dynamically
5/24/2023 4:23:50 PM: createControls Loaded all Textbox dynamically
5/24/2023 4:23:50 PM: createControls Loaded all Textbox dynamically
5/24/2023 4:23:50 PM: createControls Loaded all Textbox dynamically
5/24/2023 4:23:50 PM: createControls Finished
5/24/2023 4:24:09 PM: createControls Started
5/24/2023 4:24:09 PM: createControls Loaded all Textbox dynamically
5/24/2023 4:24:09 PM: createControls Loaded all Dropdownlist dynamically
5/24/2023 4:24:09 PM: createControls Loaded all Textbox dynamically
5/24/2023 4:24:09 PM: createControls Loaded all Dropdownlist dynamically
5/24/2023 4:24:09 PM: createControls Finished
5/24/2023 4:24:09 PM: generatecontrols Started
5/24/2023 4:24:10 PM: GenerateControls:Loaded all Textbox dynamically
5/24/2023 4:24:10 PM: GenerateControls:Loaded all Dropdownlist dynamically
5/24/2023 4:24:10 PM: GenerateControls:Loaded all Textbox dynamically
5/24/2023 4:24:10 PM: GenerateControls:Loaded all Dropdownlist dynamically
5/24/2023 4:24:10 PM: Started Loading Entity Drop Down
5/24/2023 4:24:10 PM: Finished Loading Entity Drop Down
5/24/2023 5:35:12 PM: GetTemplateDetails started
5/24/2023 5:35:12 PM: generatecontrols Started
5/24/2023 5:35:12 PM: GenerateControls:Loaded all Textbox dynamically
5/24/2023 5:35:12 PM: GenerateControls:Loaded all Textbox dynamically
5/24/2023 5:35:12 PM: GenerateControls:Loaded all Textbox dynamically
5/24/2023 5:35:12 PM: GenerateControls:Loaded all Textbox dynamically
5/24/2023 5:35:12 PM: GetTemplatefieldDetails started
5/24/2023 5:35:12 PM: GetTemplatefieldDetails finished
5/24/2023 5:35:12 PM: Started Loading Entity Drop Down
5/24/2023 5:35:12 PM: Finished Loading Entity Drop Down
5/24/2023 5:35:12 PM: BindDocumentType started
5/24/2023 5:35:12 PM: BindDocumentType finished
5/24/2023 5:35:12 PM: BindQueries started
5/24/2023 5:35:12 PM: BindQueries finished
5/24/2023 5:35:12 PM: createControls Started
5/24/2023 5:35:12 PM: createControls Loaded all Textbox dynamically
5/24/2023 5:35:12 PM: createControls Loaded all Textbox dynamically
5/24/2023 5:35:12 PM: createControls Loaded all Textbox dynamically
5/24/2023 5:35:12 PM: createControls Loaded all Textbox dynamically
5/24/2023 5:35:12 PM: createControls Finished
5/24/2023 5:36:56 PM: GetSginatureDetails Started:-
5/24/2023 5:36:56 PM: GetSginatureDetails Completed:-
5/24/2023 5:36:56 PM: GetTemplateDetails Started
5/24/2023 5:36:57 PM: GetTemplateDetails total record count:1
5/24/2023 5:36:57 PM: Create controls,Load all Textbox dynamic
5/24/2023 5:36:57 PM: Create controls,Load all Textbox dynamic
5/24/2023 5:36:57 PM: Create controls,Load all Textbox dynamic
5/24/2023 5:36:57 PM: Create controls,Load all Textbox dynamic
5/24/2023 5:36:57 PM: GetTemplateDetails Finished
5/24/2023 5:36:57 PM: InitializeDocumentView started
5/24/2023 5:36:57 PM: InitializeDocumentView finished
5/24/2023 5:36:57 PM: Calling database to get annotated images. DocumentId: 282139, Action: GetAnnotatedPages
5/24/2023 5:36:58 PM: Calling database to get annotated images. DocumentId: 282139, Action: GetTaggedPages
5/24/2023 5:36:58 PM: LoadImageToViewer started
5/24/2023 5:36:58 PM: Setting image to viewer. Action:  Page count: 11 Current Page:1
5/24/2023 5:36:58 PM: Converting PDF to JPEG. PDF Path: D:\WDMSDocument\TempWorkFolder\U0lfTEVfMTg5Nl8zMDRfMTAwNA==\1.pdf Image Name: U0lfTEVfMTg5Nl8zMDRfMTAwNA== Page No: 1
5/24/2023 5:36:58 PM: Converting PDF to JPEG without applying watermark.
5/24/2023 5:37:07 PM: Setting image to viewer using RegisterStartupScript: http://localhost:55361/generichandler.ashx?f=d://wdmsdocument//tempworkfolder//u0lftevfmtg5nl8zmdrfmtawna==jpg//1.jpeg
5/24/2023 5:37:07 PM: Invoke method to get annotations from databnase.
5/24/2023 5:37:07 PM: Get annotations from database.
5/24/2023 5:37:07 PM: Document Id: 282139 Page No: 1
5/24/2023 5:37:07 PM: Invoking method to get annotation data from database. Action: GetAnnotations
5/24/2023 5:37:07 PM: MailPanelFill started
5/24/2023 5:37:07 PM: MailPanelFill finished
5/24/2023 5:38:02 PM: GetTemplateDetails Started
5/24/2023 5:38:02 PM: GetTemplateDetails total record count:1
5/24/2023 5:38:02 PM: Create controls,Load all Textbox dynamic
5/24/2023 5:38:02 PM: Create controls,Load all Textbox dynamic
5/24/2023 5:38:02 PM: Create controls,Load all Textbox dynamic
5/24/2023 5:38:02 PM: Create controls,Load all Textbox dynamic
5/24/2023 5:38:02 PM: GetTemplateDetails Finished
5/24/2023 5:38:14 PM: btnSendMail_Click started
5/24/2023 6:04:07 PM: Exception : Could not find a part of the path 'F:\Test_Sabina\f7ab16b8-9e4b-4dc1-97c3-f71c47989d23'.
5/24/2023 6:05:11 PM: GetTemplateDetails started
5/24/2023 6:05:11 PM: generatecontrols Started
5/24/2023 6:05:11 PM: GenerateControls:Loaded all Textbox dynamically
5/24/2023 6:05:11 PM: GenerateControls:Loaded all Textbox dynamically
5/24/2023 6:05:11 PM: GenerateControls:Loaded all Textbox dynamically
5/24/2023 6:05:11 PM: GenerateControls:Loaded all Textbox dynamically
5/24/2023 6:05:11 PM: GetTemplatefieldDetails started
5/24/2023 6:05:11 PM: GetTemplatefieldDetails finished
5/24/2023 6:05:11 PM: Started Loading Entity Drop Down
5/24/2023 6:05:11 PM: Finished Loading Entity Drop Down
5/24/2023 6:05:11 PM: BindDocumentType started
5/24/2023 6:05:11 PM: BindDocumentType finished
5/24/2023 6:05:11 PM: BindQueries started
5/24/2023 6:05:11 PM: BindQueries finished
5/24/2023 6:05:11 PM: createControls Started
5/24/2023 6:05:11 PM: createControls Loaded all Textbox dynamically
5/24/2023 6:05:11 PM: createControls Loaded all Textbox dynamically
5/24/2023 6:05:11 PM: createControls Loaded all Textbox dynamically
5/24/2023 6:05:11 PM: createControls Loaded all Textbox dynamically
5/24/2023 6:05:11 PM: createControls Finished
5/24/2023 6:05:21 PM: GetSginatureDetails Started:-
5/24/2023 6:05:21 PM: GetSginatureDetails Completed:-
5/24/2023 6:05:21 PM: GetTemplateDetails Started
5/24/2023 6:05:21 PM: GetTemplateDetails total record count:1
5/24/2023 6:05:21 PM: Create controls,Load all Textbox dynamic
5/24/2023 6:05:21 PM: Create controls,Load all Textbox dynamic
5/24/2023 6:05:21 PM: Create controls,Load all Textbox dynamic
5/24/2023 6:05:21 PM: Create controls,Load all Textbox dynamic
5/24/2023 6:05:21 PM: GetTemplateDetails Finished
5/24/2023 6:05:21 PM: InitializeDocumentView started
5/24/2023 6:05:21 PM: InitializeDocumentView finished
5/24/2023 6:05:21 PM: Calling database to get annotated images. DocumentId: 282142, Action: GetAnnotatedPages
5/24/2023 6:05:21 PM: Calling database to get annotated images. DocumentId: 282142, Action: GetTaggedPages
5/24/2023 6:05:22 PM: LoadImageToViewer started
5/24/2023 6:05:22 PM: Setting image to viewer. Action:  Page count: 0 Current Page:1
5/24/2023 6:05:22 PM: MailPanelFill started
5/24/2023 6:05:22 PM: MailPanelFill finished
5/24/2023 6:05:51 PM: GetSginatureDetails Started:-
5/24/2023 6:05:51 PM: GetSginatureDetails Completed:-
5/24/2023 6:05:51 PM: GetTemplateDetails Started
5/24/2023 6:05:51 PM: GetTemplateDetails total record count:1
5/24/2023 6:05:51 PM: Create controls,Load all Textbox dynamic
5/24/2023 6:05:51 PM: Create controls,Load all Textbox dynamic
5/24/2023 6:05:51 PM: Create controls,Load all Textbox dynamic
5/24/2023 6:05:51 PM: Create controls,Load all Textbox dynamic
5/24/2023 6:05:51 PM: GetTemplateDetails Finished
5/24/2023 6:05:51 PM: InitializeDocumentView started
5/24/2023 6:05:51 PM: InitializeDocumentView finished
5/24/2023 6:05:51 PM: Calling database to get annotated images. DocumentId: 282139, Action: GetAnnotatedPages
5/24/2023 6:05:51 PM: Calling database to get annotated images. DocumentId: 282139, Action: GetTaggedPages
5/24/2023 6:05:51 PM: LoadImageToViewer started
5/24/2023 6:05:51 PM: Setting image to viewer. Action:  Page count: 11 Current Page:1
5/24/2023 6:05:51 PM: Converting PDF to JPEG. PDF Path: D:\WDMSDocument\TempWorkFolder\U0lfTEVfMTg5Nl8zMDRfMTAwNA==\1.pdf Image Name: U0lfTEVfMTg5Nl8zMDRfMTAwNA== Page No: 1
5/24/2023 6:05:51 PM: Converting PDF to JPEG without applying watermark.
5/24/2023 6:06:00 PM: Setting image to viewer using RegisterStartupScript: http://localhost:55361/generichandler.ashx?f=d://wdmsdocument//tempworkfolder//u0lftevfmtg5nl8zmdrfmtawna==jpg//1.jpeg
5/24/2023 6:06:00 PM: Invoke method to get annotations from databnase.
5/24/2023 6:06:00 PM: Get annotations from database.
5/24/2023 6:06:00 PM: Document Id: 282139 Page No: 1
5/24/2023 6:06:00 PM: Invoking method to get annotation data from database. Action: GetAnnotations
5/24/2023 6:06:00 PM: MailPanelFill started
5/24/2023 6:06:00 PM: MailPanelFill finished
5/24/2023 6:06:23 PM: GetTemplateDetails Started
5/24/2023 6:06:23 PM: GetTemplateDetails total record count:1
5/24/2023 6:06:23 PM: Create controls,Load all Textbox dynamic
5/24/2023 6:06:23 PM: Create controls,Load all Textbox dynamic
5/24/2023 6:06:23 PM: Create controls,Load all Textbox dynamic
5/24/2023 6:06:23 PM: Create controls,Load all Textbox dynamic
5/24/2023 6:06:23 PM: GetTemplateDetails Finished
5/24/2023 6:06:38 PM: btnSendMail_Click started
5/24/2023 6:16:59 PM: Exception : Could not find a part of the path 'F:\Test_Sabina\f5aaa397-bbd5-4227-af35-b466775a7a53'.
5/24/2023 6:18:02 PM: GetTemplateDetails started
5/24/2023 6:18:03 PM: generatecontrols Started
5/24/2023 6:18:03 PM: GenerateControls:Loaded all Textbox dynamically
5/24/2023 6:18:03 PM: GenerateControls:Loaded all Textbox dynamically
5/24/2023 6:18:03 PM: GenerateControls:Loaded all Textbox dynamically
5/24/2023 6:18:03 PM: GenerateControls:Loaded all Textbox dynamically
5/24/2023 6:18:03 PM: GetTemplatefieldDetails started
5/24/2023 6:18:03 PM: GetTemplatefieldDetails finished
5/24/2023 6:18:03 PM: Started Loading Entity Drop Down
5/24/2023 6:18:03 PM: Finished Loading Entity Drop Down
5/24/2023 6:18:03 PM: BindDocumentType started
5/24/2023 6:18:03 PM: BindDocumentType finished
5/24/2023 6:18:03 PM: BindQueries started
5/24/2023 6:18:03 PM: BindQueries finished
5/24/2023 6:18:03 PM: createControls Started
5/24/2023 6:18:03 PM: createControls Loaded all Textbox dynamically
5/24/2023 6:18:03 PM: createControls Loaded all Textbox dynamically
5/24/2023 6:18:03 PM: createControls Loaded all Textbox dynamically
5/24/2023 6:18:03 PM: createControls Loaded all Textbox dynamically
5/24/2023 6:18:03 PM: createControls Finished
5/24/2023 6:18:09 PM: GetSginatureDetails Started:-
5/24/2023 6:18:09 PM: GetSginatureDetails Completed:-
5/24/2023 6:18:09 PM: GetTemplateDetails Started
5/24/2023 6:18:09 PM: GetTemplateDetails total record count:1
5/24/2023 6:18:09 PM: Create controls,Load all Textbox dynamic
5/24/2023 6:18:09 PM: Create controls,Load all Textbox dynamic
5/24/2023 6:18:09 PM: Create controls,Load all Textbox dynamic
5/24/2023 6:18:09 PM: Create controls,Load all Textbox dynamic
5/24/2023 6:18:09 PM: GetTemplateDetails Finished
5/24/2023 6:18:09 PM: InitializeDocumentView started
5/24/2023 6:18:09 PM: InitializeDocumentView finished
5/24/2023 6:18:09 PM: Calling database to get annotated images. DocumentId: 282139, Action: GetAnnotatedPages
5/24/2023 6:18:09 PM: Calling database to get annotated images. DocumentId: 282139, Action: GetTaggedPages
5/24/2023 6:18:09 PM: LoadImageToViewer started
5/24/2023 6:18:09 PM: Setting image to viewer. Action:  Page count: 11 Current Page:1
5/24/2023 6:18:09 PM: Converting PDF to JPEG. PDF Path: D:\WDMSDocument\TempWorkFolder\U0lfTEVfMTg5Nl8zMDRfMTAwNA==\1.pdf Image Name: U0lfTEVfMTg5Nl8zMDRfMTAwNA== Page No: 1
5/24/2023 6:18:09 PM: Converting PDF to JPEG without applying watermark.
5/24/2023 6:18:19 PM: Setting image to viewer using RegisterStartupScript: http://localhost:55361/generichandler.ashx?f=d://wdmsdocument//tempworkfolder//u0lftevfmtg5nl8zmdrfmtawna==jpg//1.jpeg
5/24/2023 6:18:19 PM: Invoke method to get annotations from databnase.
5/24/2023 6:18:19 PM: Get annotations from database.
5/24/2023 6:18:19 PM: Document Id: 282139 Page No: 1
5/24/2023 6:18:19 PM: Invoking method to get annotation data from database. Action: GetAnnotations
5/24/2023 6:18:19 PM: MailPanelFill started
5/24/2023 6:18:19 PM: MailPanelFill finished
5/24/2023 6:19:48 PM: GetTemplateDetails started
5/24/2023 6:19:48 PM: generatecontrols Started
5/24/2023 6:19:48 PM: GenerateControls:Loaded all Textbox dynamically
5/24/2023 6:19:48 PM: GenerateControls:Loaded all Textbox dynamically
5/24/2023 6:19:48 PM: GenerateControls:Loaded all Textbox dynamically
5/24/2023 6:19:48 PM: GenerateControls:Loaded all Textbox dynamically
5/24/2023 6:19:48 PM: GetTemplatefieldDetails started
5/24/2023 6:19:48 PM: GetTemplatefieldDetails finished
5/24/2023 6:19:48 PM: Started Loading Entity Drop Down
5/24/2023 6:19:49 PM: Finished Loading Entity Drop Down
5/24/2023 6:19:49 PM: BindDocumentType started
5/24/2023 6:19:49 PM: BindDocumentType finished
5/24/2023 6:19:49 PM: BindQueries started
5/24/2023 6:19:49 PM: BindQueries finished
5/24/2023 6:19:49 PM: createControls Started
5/24/2023 6:19:49 PM: createControls Loaded all Textbox dynamically
5/24/2023 6:19:49 PM: createControls Loaded all Textbox dynamically
5/24/2023 6:19:49 PM: createControls Loaded all Textbox dynamically
5/24/2023 6:19:49 PM: createControls Loaded all Textbox dynamically
5/24/2023 6:19:49 PM: createControls Finished
5/24/2023 6:19:53 PM: GetSginatureDetails Started:-
5/24/2023 6:19:53 PM: GetSginatureDetails Completed:-
5/24/2023 6:19:53 PM: GetTemplateDetails Started
5/24/2023 6:19:54 PM: GetTemplateDetails total record count:1
5/24/2023 6:19:54 PM: Create controls,Load all Textbox dynamic
5/24/2023 6:19:54 PM: Create controls,Load all Textbox dynamic
5/24/2023 6:19:54 PM: Create controls,Load all Textbox dynamic
5/24/2023 6:19:54 PM: Create controls,Load all Textbox dynamic
5/24/2023 6:19:54 PM: GetTemplateDetails Finished
5/24/2023 6:19:54 PM: InitializeDocumentView started
5/24/2023 6:19:54 PM: InitializeDocumentView finished
5/24/2023 6:19:54 PM: Calling database to get annotated images. DocumentId: 282139, Action: GetAnnotatedPages
5/24/2023 6:19:54 PM: Calling database to get annotated images. DocumentId: 282139, Action: GetTaggedPages
5/24/2023 6:19:54 PM: LoadImageToViewer started
5/24/2023 6:19:54 PM: Setting image to viewer. Action:  Page count: 11 Current Page:1
5/24/2023 6:19:54 PM: Converting PDF to JPEG. PDF Path: D:\WDMSDocument\TempWorkFolder\U0lfTEVfMTg5Nl8zMDRfMTAwNA==\1.pdf Image Name: U0lfTEVfMTg5Nl8zMDRfMTAwNA== Page No: 1
5/24/2023 6:19:54 PM: Converting PDF to JPEG without applying watermark.
5/24/2023 6:20:03 PM: Setting image to viewer using RegisterStartupScript: http://localhost:55361/generichandler.ashx?f=d://wdmsdocument//tempworkfolder//u0lftevfmtg5nl8zmdrfmtawna==jpg//1.jpeg
5/24/2023 6:20:03 PM: Invoke method to get annotations from databnase.
5/24/2023 6:20:03 PM: Get annotations from database.
5/24/2023 6:20:03 PM: Document Id: 282139 Page No: 1
5/24/2023 6:20:03 PM: Invoking method to get annotation data from database. Action: GetAnnotations
5/24/2023 6:20:03 PM: MailPanelFill started
5/24/2023 6:20:03 PM: MailPanelFill finished
5/24/2023 6:20:32 PM: GetTemplateDetails Started
5/24/2023 6:20:32 PM: GetTemplateDetails total record count:1
5/24/2023 6:20:32 PM: Create controls,Load all Textbox dynamic
5/24/2023 6:20:32 PM: Create controls,Load all Textbox dynamic
5/24/2023 6:20:32 PM: Create controls,Load all Textbox dynamic
5/24/2023 6:20:32 PM: Create controls,Load all Textbox dynamic
5/24/2023 6:20:32 PM: GetTemplateDetails Finished
5/24/2023 6:20:40 PM: GetTemplateDetails Started
5/24/2023 6:20:40 PM: GetTemplateDetails total record count:1
5/24/2023 6:20:40 PM: Create controls,Load all Textbox dynamic
5/24/2023 6:20:40 PM: Create controls,Load all Textbox dynamic
5/24/2023 6:20:40 PM: Create controls,Load all Textbox dynamic
5/24/2023 6:20:40 PM: Create controls,Load all Textbox dynamic
5/24/2023 6:20:40 PM: GetTemplateDetails Finished
5/24/2023 6:20:45 PM: btnSendMail_Click started
5/24/2023 6:27:18 PM: Exception : The operation has timed out.
5/24/2023 6:27:18 PM: GetTemplateDetails Started
5/24/2023 6:27:18 PM: GetTemplateDetails total record count:1
5/24/2023 6:27:18 PM: Create controls,Load all Textbox dynamic
5/24/2023 6:27:18 PM: Create controls,Load all Textbox dynamic
5/24/2023 6:27:18 PM: Create controls,Load all Textbox dynamic
5/24/2023 6:27:18 PM: Create controls,Load all Textbox dynamic
5/24/2023 6:27:18 PM: GetTemplateDetails Finished
5/24/2023 6:27:31 PM: btnSendMail_Click started
5/24/2023 6:40:45 PM: Exception : The operation has timed out.
5/24/2023 6:40:45 PM: GetTemplateDetails Started
5/24/2023 6:40:45 PM: GetTemplateDetails total record count:1
5/24/2023 6:40:45 PM: Create controls,Load all Textbox dynamic
5/24/2023 6:40:45 PM: Create controls,Load all Textbox dynamic
5/24/2023 6:40:45 PM: Create controls,Load all Textbox dynamic
5/24/2023 6:40:45 PM: Create controls,Load all Textbox dynamic
5/24/2023 6:40:45 PM: GetTemplateDetails Finished
5/24/2023 6:40:45 PM: btnSendMail_Click started
5/24/2023 6:43:42 PM: Exception : The operation has timed out.
5/24/2023 6:43:42 PM: GetSginatureDetails Started:-
5/24/2023 6:43:42 PM: GetSginatureDetails Completed:-
5/24/2023 6:43:42 PM: GetTemplateDetails Started
5/24/2023 6:43:42 PM: GetTemplateDetails total record count:1
5/24/2023 6:43:42 PM: Create controls,Load all Textbox dynamic
5/24/2023 6:43:42 PM: Create controls,Load all Textbox dynamic
5/24/2023 6:43:42 PM: Create controls,Load all Textbox dynamic
5/24/2023 6:43:42 PM: Create controls,Load all Textbox dynamic
5/24/2023 6:43:42 PM: GetTemplateDetails Finished
5/24/2023 6:43:42 PM: InitializeDocumentView started
5/24/2023 6:43:42 PM: InitializeDocumentView finished
5/24/2023 6:43:42 PM: Calling database to get annotated images. DocumentId: 282139, Action: GetAnnotatedPages
5/24/2023 6:43:42 PM: Calling database to get annotated images. DocumentId: 282139, Action: GetTaggedPages
5/24/2023 6:43:42 PM: LoadImageToViewer started
5/24/2023 6:43:42 PM: Setting image to viewer. Action:  Page count: 11 Current Page:1
5/24/2023 6:43:42 PM: Converting PDF to JPEG. PDF Path: D:\WDMSDocument\TempWorkFolder\U0lfTEVfMTg5Nl8zMDRfMTAwNA==\1.pdf Image Name: U0lfTEVfMTg5Nl8zMDRfMTAwNA== Page No: 1
5/24/2023 6:43:42 PM: Converting PDF to JPEG without applying watermark.
5/24/2023 6:43:51 PM: Setting image to viewer using RegisterStartupScript: http://localhost:55361/generichandler.ashx?f=d://wdmsdocument//tempworkfolder//u0lftevfmtg5nl8zmdrfmtawna==jpg//1.jpeg
5/24/2023 6:43:51 PM: Invoke method to get annotations from databnase.
5/24/2023 6:43:51 PM: Get annotations from database.
5/24/2023 6:43:51 PM: Document Id: 282139 Page No: 1
5/24/2023 6:43:51 PM: Invoking method to get annotation data from database. Action: GetAnnotations
5/24/2023 6:43:51 PM: MailPanelFill started
5/24/2023 6:43:51 PM: MailPanelFill finished
5/24/2023 6:44:16 PM: GetTemplateDetails Started
5/24/2023 6:44:16 PM: GetTemplateDetails total record count:1
5/24/2023 6:44:16 PM: Create controls,Load all Textbox dynamic
5/24/2023 6:44:16 PM: Create controls,Load all Textbox dynamic
5/24/2023 6:44:16 PM: Create controls,Load all Textbox dynamic
5/24/2023 6:44:16 PM: Create controls,Load all Textbox dynamic
5/24/2023 6:44:16 PM: GetTemplateDetails Finished
5/24/2023 6:44:16 PM: btnSendMail_Click started
5/24/2023 6:46:29 PM: Exception : The operation has timed out.
