10/24/2017 5:32:04 PM: BindDocumentType started
10/24/2017 5:32:04 PM: BindDocumentType finished
10/24/2017 5:32:07 PM: createControls Started
10/24/2017 5:32:07 PM: createControls Loaded all Dropdownlist dynamically
10/24/2017 5:32:07 PM: createControls Loaded all Textbox dynamically
10/24/2017 5:32:07 PM: createControls Loaded all Textbox dynamically
10/24/2017 5:32:07 PM: createControls Loaded all Textbox dynamically
10/24/2017 5:32:07 PM: createControls Loaded all Textbox dynamically
10/24/2017 5:32:07 PM: createControls Loaded all Dropdownlist dynamically
10/24/2017 5:32:07 PM: createControls Loaded all Dropdownlist dynamically
10/24/2017 5:32:07 PM: createControls Loaded all Dropdownlist dynamically
10/24/2017 5:32:07 PM: createControls Loaded all Dropdownlist dynamically
10/24/2017 5:32:07 PM: createControls Loaded all Textbox dynamically
10/24/2017 5:32:07 PM: createControls Loaded all Dropdownlist dynamically
10/24/2017 5:32:07 PM: createControls Loaded all Textbox dynamically
10/24/2017 5:32:07 PM: createControls Finished
10/24/2017 5:32:07 PM: GetTemplateDetails started
10/24/2017 5:32:07 PM: generatecontrols Started
10/24/2017 5:32:07 PM: GenerateControls:Loaded all Dropdownlist dynamically
10/24/2017 5:32:07 PM: GenerateControls:Loaded all Textbox dynamically
10/24/2017 5:32:07 PM: GenerateControls:Loaded all Textbox dynamically
10/24/2017 5:32:07 PM: GenerateControls:Loaded all Textbox dynamically
10/24/2017 5:32:07 PM: GenerateControls:Loaded all Textbox dynamically
10/24/2017 5:32:07 PM: GenerateControls:Loaded all Dropdownlist dynamically
10/24/2017 5:32:07 PM: GenerateControls:Loaded all Dropdownlist dynamically
10/24/2017 5:32:08 PM: GenerateControls:Loaded all Dropdownlist dynamically
10/24/2017 5:32:08 PM: GenerateControls:Loaded all Dropdownlist dynamically
10/24/2017 5:32:08 PM: GenerateControls:Loaded all Textbox dynamically
10/24/2017 5:32:08 PM: GenerateControls:Loaded all Dropdownlist dynamically
10/24/2017 5:32:08 PM: GenerateControls:Loaded all Textbox dynamically
10/24/2017 5:32:09 PM: createControls Started
10/24/2017 5:32:09 PM: createControls Loaded all Dropdownlist dynamically
10/24/2017 5:32:09 PM: createControls Loaded all Textbox dynamically
10/24/2017 5:32:09 PM: createControls Loaded all Textbox dynamically
10/24/2017 5:32:09 PM: createControls Loaded all Textbox dynamically
10/24/2017 5:32:09 PM: createControls Loaded all Textbox dynamically
10/24/2017 5:32:10 PM: createControls Loaded all Dropdownlist dynamically
10/24/2017 5:32:10 PM: createControls Loaded all Dropdownlist dynamically
10/24/2017 5:32:10 PM: createControls Loaded all Dropdownlist dynamically
10/24/2017 5:32:10 PM: createControls Loaded all Dropdownlist dynamically
10/24/2017 5:32:10 PM: createControls Loaded all Textbox dynamically
10/24/2017 5:32:10 PM: createControls Loaded all Dropdownlist dynamically
10/24/2017 5:32:10 PM: createControls Loaded all Textbox dynamically
10/24/2017 5:32:10 PM: createControls Finished
10/24/2017 5:32:10 PM: Started Loading Entity Drop Down
10/24/2017 5:32:10 PM: Finished Loading Entity Drop Down
10/24/2017 5:32:19 PM: BindDocumentType started
10/24/2017 5:32:19 PM: BindDocumentType finished
10/24/2017 5:40:14 PM: BindDocumentType started
10/24/2017 5:40:15 PM: BindDocumentType finished
10/24/2017 5:40:18 PM: createControls Started
10/24/2017 5:40:19 PM: createControls Loaded all Dropdownlist dynamically
10/24/2017 5:40:19 PM: createControls Loaded all Textbox dynamically
10/24/2017 5:40:19 PM: createControls Loaded all Textbox dynamically
10/24/2017 5:40:19 PM: createControls Loaded all Textbox dynamically
10/24/2017 5:40:19 PM: createControls Loaded all Textbox dynamically
10/24/2017 5:40:19 PM: createControls Loaded all Dropdownlist dynamically
10/24/2017 5:40:19 PM: createControls Loaded all Dropdownlist dynamically
10/24/2017 5:40:19 PM: createControls Loaded all Dropdownlist dynamically
10/24/2017 5:40:19 PM: createControls Loaded all Dropdownlist dynamically
10/24/2017 5:40:19 PM: createControls Loaded all Textbox dynamically
10/24/2017 5:40:20 PM: createControls Loaded all Dropdownlist dynamically
10/24/2017 5:40:20 PM: createControls Loaded all Textbox dynamically
10/24/2017 5:40:20 PM: createControls Finished
10/24/2017 5:40:20 PM: GetTemplateDetails started
10/24/2017 5:40:20 PM: generatecontrols Started
10/24/2017 5:40:21 PM: GenerateControls:Loaded all Dropdownlist dynamically
10/24/2017 5:40:21 PM: GenerateControls:Loaded all Textbox dynamically
10/24/2017 5:40:21 PM: GenerateControls:Loaded all Textbox dynamically
10/24/2017 5:40:21 PM: GenerateControls:Loaded all Textbox dynamically
10/24/2017 5:40:21 PM: GenerateControls:Loaded all Textbox dynamically
10/24/2017 5:40:21 PM: GenerateControls:Loaded all Dropdownlist dynamically
10/24/2017 5:40:21 PM: GenerateControls:Loaded all Dropdownlist dynamically
10/24/2017 5:40:21 PM: GenerateControls:Loaded all Dropdownlist dynamically
10/24/2017 5:40:21 PM: GenerateControls:Loaded all Dropdownlist dynamically
10/24/2017 5:40:21 PM: GenerateControls:Loaded all Textbox dynamically
10/24/2017 5:40:22 PM: GenerateControls:Loaded all Dropdownlist dynamically
10/24/2017 5:40:22 PM: GenerateControls:Loaded all Textbox dynamically
10/24/2017 5:40:22 PM: createControls Started
10/24/2017 5:40:23 PM: createControls Loaded all Dropdownlist dynamically
10/24/2017 5:40:23 PM: createControls Loaded all Textbox dynamically
10/24/2017 5:40:23 PM: createControls Loaded all Textbox dynamically
10/24/2017 5:40:23 PM: createControls Loaded all Textbox dynamically
10/24/2017 5:40:23 PM: createControls Loaded all Textbox dynamically
10/24/2017 5:40:23 PM: createControls Loaded all Dropdownlist dynamically
10/24/2017 5:40:23 PM: createControls Loaded all Dropdownlist dynamically
10/24/2017 5:40:23 PM: createControls Loaded all Dropdownlist dynamically
10/24/2017 5:40:23 PM: createControls Loaded all Dropdownlist dynamically
10/24/2017 5:40:23 PM: createControls Loaded all Textbox dynamically
10/24/2017 5:40:24 PM: createControls Loaded all Dropdownlist dynamically
10/24/2017 5:40:24 PM: createControls Loaded all Textbox dynamically
10/24/2017 5:40:24 PM: createControls Finished
10/24/2017 5:40:24 PM: GetTemplateDetails started
10/24/2017 5:40:24 PM: generatecontrols Started
10/24/2017 5:40:24 PM: GenerateControls:Loaded all Dropdownlist dynamically
10/24/2017 5:40:24 PM: GenerateControls:Loaded all Textbox dynamically
10/24/2017 5:40:24 PM: GenerateControls:Loaded all Textbox dynamically
10/24/2017 5:40:24 PM: GenerateControls:Loaded all Textbox dynamically
10/24/2017 5:40:24 PM: GenerateControls:Loaded all Textbox dynamically
10/24/2017 5:40:24 PM: GenerateControls:Loaded all Dropdownlist dynamically
10/24/2017 5:40:25 PM: GenerateControls:Loaded all Dropdownlist dynamically
10/24/2017 5:40:25 PM: GenerateControls:Loaded all Dropdownlist dynamically
10/24/2017 5:40:25 PM: GenerateControls:Loaded all Dropdownlist dynamically
10/24/2017 5:40:25 PM: GenerateControls:Loaded all Textbox dynamically
10/24/2017 5:40:25 PM: GenerateControls:Loaded all Dropdownlist dynamically
10/24/2017 5:40:25 PM: GenerateControls:Loaded all Textbox dynamically
10/24/2017 5:40:25 PM: Started Loading Entity Drop Down
10/24/2017 5:40:26 PM: Finished Loading Entity Drop Down
10/24/2017 5:40:33 PM: GetSginatureDetails Started:-
10/24/2017 5:40:33 PM: GetSginatureDetails Completed:-
10/24/2017 5:40:33 PM: GetTemplateDetails Started
10/24/2017 5:40:33 PM: GetTemplateDetails total record count:1
10/24/2017 5:40:34 PM: Createcontrols,Load all Dropdownlist dynamic
10/24/2017 5:40:34 PM: Create controls,Load all Textbox dynamic
10/24/2017 5:40:34 PM: Create controls,Load all Textbox dynamic
10/24/2017 5:40:34 PM: Create controls,Load all Textbox dynamic
10/24/2017 5:40:34 PM: Create controls,Load all Textbox dynamic
10/24/2017 5:40:34 PM: Createcontrols,Load all Dropdownlist dynamic
10/24/2017 5:40:34 PM: Createcontrols,Load all Dropdownlist dynamic
10/24/2017 5:40:34 PM: Createcontrols,Load all Dropdownlist dynamic
10/24/2017 5:40:34 PM: Createcontrols,Load all Dropdownlist dynamic
10/24/2017 5:40:34 PM: Create controls,Load all Textbox dynamic
10/24/2017 5:40:34 PM: Createcontrols,Load all Dropdownlist dynamic
10/24/2017 5:40:34 PM: Create controls,Load all Textbox dynamic
10/24/2017 5:40:34 PM: GetTemplateDetails Finished
10/24/2017 5:40:34 PM: InitializeDocumentView started
10/24/2017 5:40:34 PM: InitializeDocumentView finished
10/24/2017 5:40:34 PM: Calling database to get annotated images. DocumentId: 2389, Action: GetAnnotatedPages
10/24/2017 5:40:34 PM: Calling database to get annotated images. DocumentId: 2389, Action: GetTaggedPages
10/24/2017 5:40:34 PM: LoadImageToViewer started
10/24/2017 5:40:34 PM: Setting image to viewer. Action:  Page count: 0 Current Page:1
10/24/2017 5:40:34 PM: MailPanelFill started
10/24/2017 5:40:34 PM: MailPanelFill finished
10/24/2017 5:41:19 PM: GetSginatureDetails Started:-
10/24/2017 5:41:19 PM: GetSginatureDetails Completed:-
10/24/2017 5:41:19 PM: GetTemplateDetails Started
10/24/2017 5:41:20 PM: GetTemplateDetails total record count:1
10/24/2017 5:41:20 PM: Createcontrols,Load all Dropdownlist dynamic
10/24/2017 5:41:20 PM: Create controls,Load all Textbox dynamic
10/24/2017 5:41:20 PM: Create controls,Load all Textbox dynamic
10/24/2017 5:41:20 PM: Create controls,Load all Textbox dynamic
10/24/2017 5:41:20 PM: Create controls,Load all Textbox dynamic
10/24/2017 5:41:20 PM: Createcontrols,Load all Dropdownlist dynamic
10/24/2017 5:41:20 PM: Createcontrols,Load all Dropdownlist dynamic
10/24/2017 5:41:20 PM: Createcontrols,Load all Dropdownlist dynamic
10/24/2017 5:41:20 PM: Createcontrols,Load all Dropdownlist dynamic
10/24/2017 5:41:20 PM: Create controls,Load all Textbox dynamic
10/24/2017 5:41:20 PM: Createcontrols,Load all Dropdownlist dynamic
10/24/2017 5:41:20 PM: Create controls,Load all Textbox dynamic
10/24/2017 5:41:20 PM: GetTemplateDetails Finished
10/24/2017 5:41:20 PM: InitializeDocumentView started
10/24/2017 5:41:20 PM: InitializeDocumentView finished
10/24/2017 5:41:20 PM: Calling database to get annotated images. DocumentId: 2389, Action: GetAnnotatedPages
10/24/2017 5:41:20 PM: Calling database to get annotated images. DocumentId: 2389, Action: GetTaggedPages
10/24/2017 5:41:21 PM: LoadImageToViewer started
10/24/2017 5:41:21 PM: Setting image to viewer. Action:  Page count: 0 Current Page:1
10/24/2017 5:41:21 PM: MailPanelFill started
10/24/2017 5:41:21 PM: MailPanelFill finished
10/24/2017 5:42:42 PM: GetSginatureDetails Started:-
10/24/2017 5:42:43 PM: GetSginatureDetails Completed:-
10/24/2017 5:42:43 PM: GetTemplateDetails Started
10/24/2017 5:42:43 PM: GetTemplateDetails total record count:1
10/24/2017 5:42:43 PM: Createcontrols,Load all Dropdownlist dynamic
10/24/2017 5:42:43 PM: Create controls,Load all Textbox dynamic
10/24/2017 5:42:43 PM: Create controls,Load all Textbox dynamic
10/24/2017 5:42:43 PM: Create controls,Load all Textbox dynamic
10/24/2017 5:42:43 PM: Create controls,Load all Textbox dynamic
10/24/2017 5:42:43 PM: Createcontrols,Load all Dropdownlist dynamic
10/24/2017 5:42:43 PM: Createcontrols,Load all Dropdownlist dynamic
10/24/2017 5:42:43 PM: Createcontrols,Load all Dropdownlist dynamic
10/24/2017 5:42:43 PM: Createcontrols,Load all Dropdownlist dynamic
10/24/2017 5:42:43 PM: Create controls,Load all Textbox dynamic
10/24/2017 5:42:43 PM: Createcontrols,Load all Dropdownlist dynamic
10/24/2017 5:42:43 PM: Create controls,Load all Textbox dynamic
10/24/2017 5:42:43 PM: GetTemplateDetails Finished
10/24/2017 5:42:43 PM: InitializeDocumentView started
10/24/2017 5:42:43 PM: InitializeDocumentView finished
10/24/2017 5:42:43 PM: Calling database to get annotated images. DocumentId: 2389, Action: GetAnnotatedPages
10/24/2017 5:42:43 PM: Calling database to get annotated images. DocumentId: 2389, Action: GetTaggedPages
10/24/2017 5:42:43 PM: LoadImageToViewer started
10/24/2017 5:42:43 PM: Setting image to viewer. Action:  Page count: 0 Current Page:1
10/24/2017 5:42:43 PM: MailPanelFill started
10/24/2017 5:42:43 PM: MailPanelFill finished
10/24/2017 5:43:03 PM: GetSginatureDetails Started:-
10/24/2017 5:43:03 PM: GetSginatureDetails Completed:-
10/24/2017 5:43:03 PM: GetTemplateDetails Started
10/24/2017 5:43:03 PM: GetTemplateDetails total record count:1
10/24/2017 5:43:03 PM: Createcontrols,Load all Dropdownlist dynamic
10/24/2017 5:43:03 PM: Create controls,Load all Textbox dynamic
10/24/2017 5:43:03 PM: Create controls,Load all Textbox dynamic
10/24/2017 5:43:03 PM: Create controls,Load all Textbox dynamic
10/24/2017 5:43:03 PM: Create controls,Load all Textbox dynamic
10/24/2017 5:43:03 PM: Createcontrols,Load all Dropdownlist dynamic
10/24/2017 5:43:03 PM: Createcontrols,Load all Dropdownlist dynamic
10/24/2017 5:43:03 PM: Createcontrols,Load all Dropdownlist dynamic
10/24/2017 5:43:03 PM: Createcontrols,Load all Dropdownlist dynamic
10/24/2017 5:43:03 PM: Create controls,Load all Textbox dynamic
10/24/2017 5:43:03 PM: Createcontrols,Load all Dropdownlist dynamic
10/24/2017 5:43:03 PM: Create controls,Load all Textbox dynamic
10/24/2017 5:43:03 PM: GetTemplateDetails Finished
10/24/2017 5:43:03 PM: InitializeDocumentView started
10/24/2017 5:43:03 PM: InitializeDocumentView finished
10/24/2017 5:43:03 PM: Calling database to get annotated images. DocumentId: 2389, Action: GetAnnotatedPages
10/24/2017 5:43:04 PM: Calling database to get annotated images. DocumentId: 2389, Action: GetTaggedPages
10/24/2017 5:43:04 PM: LoadImageToViewer started
10/24/2017 5:43:04 PM: Setting image to viewer. Action:  Page count: 0 Current Page:1
10/24/2017 5:43:04 PM: MailPanelFill started
10/24/2017 5:43:04 PM: MailPanelFill finished
10/24/2017 5:59:22 PM: BindDocumentType started
10/24/2017 5:59:22 PM: BindDocumentType finished
10/24/2017 5:59:25 PM: createControls Started
10/24/2017 5:59:25 PM: createControls Loaded all Dropdownlist dynamically
10/24/2017 5:59:25 PM: createControls Loaded all Textbox dynamically
10/24/2017 5:59:25 PM: createControls Loaded all Textbox dynamically
10/24/2017 5:59:25 PM: createControls Loaded all Textbox dynamically
10/24/2017 5:59:25 PM: createControls Loaded all Textbox dynamically
10/24/2017 5:59:25 PM: createControls Loaded all Dropdownlist dynamically
10/24/2017 5:59:25 PM: createControls Loaded all Dropdownlist dynamically
10/24/2017 5:59:25 PM: createControls Loaded all Dropdownlist dynamically
10/24/2017 5:59:25 PM: createControls Loaded all Dropdownlist dynamically
10/24/2017 5:59:25 PM: createControls Loaded all Textbox dynamically
10/24/2017 5:59:25 PM: createControls Loaded all Dropdownlist dynamically
10/24/2017 5:59:25 PM: createControls Loaded all Textbox dynamically
10/24/2017 5:59:25 PM: createControls Finished
10/24/2017 5:59:25 PM: GetTemplateDetails started
10/24/2017 5:59:25 PM: generatecontrols Started
10/24/2017 5:59:25 PM: GenerateControls:Loaded all Dropdownlist dynamically
10/24/2017 5:59:25 PM: GenerateControls:Loaded all Textbox dynamically
10/24/2017 5:59:25 PM: GenerateControls:Loaded all Textbox dynamically
10/24/2017 5:59:25 PM: GenerateControls:Loaded all Textbox dynamically
10/24/2017 5:59:25 PM: GenerateControls:Loaded all Textbox dynamically
10/24/2017 5:59:25 PM: GenerateControls:Loaded all Dropdownlist dynamically
10/24/2017 5:59:25 PM: GenerateControls:Loaded all Dropdownlist dynamically
10/24/2017 5:59:25 PM: GenerateControls:Loaded all Dropdownlist dynamically
10/24/2017 5:59:26 PM: GenerateControls:Loaded all Dropdownlist dynamically
10/24/2017 5:59:26 PM: GenerateControls:Loaded all Textbox dynamically
10/24/2017 5:59:26 PM: GenerateControls:Loaded all Dropdownlist dynamically
10/24/2017 5:59:26 PM: GenerateControls:Loaded all Textbox dynamically
10/24/2017 5:59:27 PM: createControls Started
10/24/2017 5:59:27 PM: createControls Loaded all Dropdownlist dynamically
10/24/2017 5:59:27 PM: createControls Loaded all Textbox dynamically
10/24/2017 5:59:27 PM: createControls Loaded all Textbox dynamically
10/24/2017 5:59:27 PM: createControls Loaded all Textbox dynamically
10/24/2017 5:59:27 PM: createControls Loaded all Textbox dynamically
10/24/2017 5:59:27 PM: createControls Loaded all Dropdownlist dynamically
10/24/2017 5:59:27 PM: createControls Loaded all Dropdownlist dynamically
10/24/2017 5:59:27 PM: createControls Loaded all Dropdownlist dynamically
10/24/2017 5:59:28 PM: createControls Loaded all Dropdownlist dynamically
10/24/2017 5:59:28 PM: createControls Loaded all Textbox dynamically
10/24/2017 5:59:28 PM: createControls Loaded all Dropdownlist dynamically
10/24/2017 5:59:28 PM: createControls Loaded all Textbox dynamically
10/24/2017 5:59:28 PM: createControls Finished
10/24/2017 5:59:28 PM: Started Loading Entity Drop Down
10/24/2017 5:59:28 PM: Finished Loading Entity Drop Down
10/24/2017 5:59:29 PM: GetSginatureDetails Started:-
10/24/2017 5:59:29 PM: GetSginatureDetails Completed:-
10/24/2017 5:59:29 PM: GetTemplateDetails Started
10/24/2017 5:59:29 PM: GetTemplateDetails total record count:1
10/24/2017 5:59:29 PM: Createcontrols,Load all Dropdownlist dynamic
10/24/2017 5:59:29 PM: Create controls,Load all Textbox dynamic
10/24/2017 5:59:29 PM: Create controls,Load all Textbox dynamic
10/24/2017 5:59:29 PM: Create controls,Load all Textbox dynamic
10/24/2017 5:59:29 PM: Create controls,Load all Textbox dynamic
10/24/2017 5:59:29 PM: Createcontrols,Load all Dropdownlist dynamic
10/24/2017 5:59:30 PM: Createcontrols,Load all Dropdownlist dynamic
10/24/2017 5:59:30 PM: Createcontrols,Load all Dropdownlist dynamic
10/24/2017 5:59:30 PM: Createcontrols,Load all Dropdownlist dynamic
10/24/2017 5:59:30 PM: Create controls,Load all Textbox dynamic
10/24/2017 5:59:30 PM: Createcontrols,Load all Dropdownlist dynamic
10/24/2017 5:59:30 PM: Create controls,Load all Textbox dynamic
10/24/2017 5:59:30 PM: GetTemplateDetails Finished
10/24/2017 5:59:30 PM: InitializeDocumentView started
10/24/2017 5:59:30 PM: InitializeDocumentView finished
10/24/2017 5:59:30 PM: Calling database to get annotated images. DocumentId: 2387, Action: GetAnnotatedPages
10/24/2017 5:59:30 PM: Calling database to get annotated images. DocumentId: 2387, Action: GetTaggedPages
10/24/2017 5:59:30 PM: LoadImageToViewer started
10/24/2017 5:59:30 PM: Setting image to viewer. Action:  Page count: 0 Current Page:1
10/24/2017 5:59:30 PM: MailPanelFill started
10/24/2017 5:59:30 PM: MailPanelFill finished
10/24/2017 5:59:41 PM: GetTemplateDetails Started
10/24/2017 5:59:41 PM: GetTemplateDetails total record count:1
10/24/2017 5:59:41 PM: Createcontrols,Load all Dropdownlist dynamic
10/24/2017 5:59:41 PM: Create controls,Load all Textbox dynamic
10/24/2017 5:59:41 PM: Create controls,Load all Textbox dynamic
10/24/2017 5:59:41 PM: Create controls,Load all Textbox dynamic
10/24/2017 5:59:41 PM: Create controls,Load all Textbox dynamic
10/24/2017 5:59:41 PM: Createcontrols,Load all Dropdownlist dynamic
10/24/2017 5:59:42 PM: Createcontrols,Load all Dropdownlist dynamic
10/24/2017 5:59:42 PM: Createcontrols,Load all Dropdownlist dynamic
10/24/2017 5:59:42 PM: Createcontrols,Load all Dropdownlist dynamic
10/24/2017 5:59:42 PM: Create controls,Load all Textbox dynamic
10/24/2017 5:59:42 PM: Createcontrols,Load all Dropdownlist dynamic
10/24/2017 5:59:42 PM: Create controls,Load all Textbox dynamic
10/24/2017 5:59:42 PM: GetTemplateDetails Finished
10/24/2017 5:59:42 PM: GetSginatureDetails Started:-
10/24/2017 5:59:42 PM: GetSginatureDetails Completed:-
10/24/2017 5:59:42 PM: GetTemplateDetails Started
10/24/2017 5:59:42 PM: GetTemplateDetails total record count:1
10/24/2017 5:59:42 PM: Createcontrols,Load all Dropdownlist dynamic
10/24/2017 5:59:42 PM: Create controls,Load all Textbox dynamic
10/24/2017 5:59:42 PM: Create controls,Load all Textbox dynamic
10/24/2017 5:59:42 PM: Create controls,Load all Textbox dynamic
10/24/2017 5:59:42 PM: Create controls,Load all Textbox dynamic
10/24/2017 5:59:42 PM: Createcontrols,Load all Dropdownlist dynamic
10/24/2017 5:59:42 PM: Createcontrols,Load all Dropdownlist dynamic
10/24/2017 5:59:42 PM: Createcontrols,Load all Dropdownlist dynamic
10/24/2017 5:59:42 PM: Createcontrols,Load all Dropdownlist dynamic
10/24/2017 5:59:42 PM: Create controls,Load all Textbox dynamic
10/24/2017 5:59:42 PM: Createcontrols,Load all Dropdownlist dynamic
10/24/2017 5:59:42 PM: Create controls,Load all Textbox dynamic
10/24/2017 5:59:43 PM: GetTemplateDetails Finished
10/24/2017 5:59:43 PM: InitializeDocumentView started
10/24/2017 5:59:43 PM: InitializeDocumentView finished
10/24/2017 5:59:43 PM: Calling database to get annotated images. DocumentId: 2389, Action: GetAnnotatedPages
10/24/2017 5:59:43 PM: Calling database to get annotated images. DocumentId: 2389, Action: GetTaggedPages
10/24/2017 5:59:43 PM: LoadImageToViewer started
10/24/2017 5:59:43 PM: Setting image to viewer. Action:  Page count: 0 Current Page:1
10/24/2017 5:59:43 PM: MailPanelFill started
10/24/2017 5:59:43 PM: MailPanelFill finished
10/24/2017 5:59:50 PM: GetTemplateDetails Started
10/24/2017 5:59:50 PM: GetTemplateDetails total record count:1
10/24/2017 5:59:51 PM: Createcontrols,Load all Dropdownlist dynamic
10/24/2017 5:59:51 PM: Create controls,Load all Textbox dynamic
10/24/2017 5:59:51 PM: Create controls,Load all Textbox dynamic
10/24/2017 5:59:51 PM: Create controls,Load all Textbox dynamic
10/24/2017 5:59:51 PM: Create controls,Load all Textbox dynamic
10/24/2017 5:59:51 PM: Createcontrols,Load all Dropdownlist dynamic
10/24/2017 5:59:51 PM: Createcontrols,Load all Dropdownlist dynamic
10/24/2017 5:59:51 PM: Createcontrols,Load all Dropdownlist dynamic
10/24/2017 5:59:51 PM: Createcontrols,Load all Dropdownlist dynamic
10/24/2017 5:59:51 PM: Create controls,Load all Textbox dynamic
10/24/2017 5:59:51 PM: Createcontrols,Load all Dropdownlist dynamic
10/24/2017 5:59:51 PM: Create controls,Load all Textbox dynamic
10/24/2017 5:59:51 PM: GetTemplateDetails Finished
10/24/2017 5:59:51 PM: GetSginatureDetails Started:-
10/24/2017 5:59:51 PM: GetSginatureDetails Completed:-
10/24/2017 5:59:51 PM: GetTemplateDetails Started
10/24/2017 5:59:52 PM: GetTemplateDetails total record count:1
10/24/2017 5:59:52 PM: Createcontrols,Load all Dropdownlist dynamic
10/24/2017 5:59:52 PM: Create controls,Load all Textbox dynamic
10/24/2017 5:59:52 PM: Create controls,Load all Textbox dynamic
10/24/2017 5:59:52 PM: Create controls,Load all Textbox dynamic
10/24/2017 5:59:52 PM: Create controls,Load all Textbox dynamic
10/24/2017 5:59:52 PM: Createcontrols,Load all Dropdownlist dynamic
10/24/2017 5:59:52 PM: Createcontrols,Load all Dropdownlist dynamic
10/24/2017 5:59:52 PM: Createcontrols,Load all Dropdownlist dynamic
10/24/2017 5:59:52 PM: Createcontrols,Load all Dropdownlist dynamic
10/24/2017 5:59:52 PM: Create controls,Load all Textbox dynamic
10/24/2017 5:59:52 PM: Createcontrols,Load all Dropdownlist dynamic
10/24/2017 5:59:52 PM: Create controls,Load all Textbox dynamic
10/24/2017 5:59:52 PM: GetTemplateDetails Finished
10/24/2017 5:59:52 PM: InitializeDocumentView started
10/24/2017 5:59:52 PM: InitializeDocumentView finished
10/24/2017 5:59:52 PM: Calling database to get annotated images. DocumentId: 2390, Action: GetAnnotatedPages
10/24/2017 5:59:52 PM: Calling database to get annotated images. DocumentId: 2390, Action: GetTaggedPages
10/24/2017 5:59:52 PM: LoadImageToViewer started
10/24/2017 5:59:52 PM: Setting image to viewer. Action:  Page count: 0 Current Page:1
10/24/2017 5:59:52 PM: MailPanelFill started
10/24/2017 5:59:52 PM: MailPanelFill finished
10/24/2017 5:59:58 PM: GetTemplateDetails Started
10/24/2017 5:59:58 PM: GetTemplateDetails total record count:1
10/24/2017 5:59:58 PM: Createcontrols,Load all Dropdownlist dynamic
10/24/2017 5:59:58 PM: Create controls,Load all Textbox dynamic
10/24/2017 5:59:58 PM: Create controls,Load all Textbox dynamic
10/24/2017 5:59:58 PM: Create controls,Load all Textbox dynamic
10/24/2017 5:59:58 PM: Create controls,Load all Textbox dynamic
10/24/2017 5:59:58 PM: Createcontrols,Load all Dropdownlist dynamic
10/24/2017 5:59:58 PM: Createcontrols,Load all Dropdownlist dynamic
10/24/2017 5:59:58 PM: Createcontrols,Load all Dropdownlist dynamic
10/24/2017 5:59:58 PM: Createcontrols,Load all Dropdownlist dynamic
10/24/2017 5:59:58 PM: Create controls,Load all Textbox dynamic
10/24/2017 5:59:58 PM: Createcontrols,Load all Dropdownlist dynamic
10/24/2017 5:59:58 PM: Create controls,Load all Textbox dynamic
10/24/2017 5:59:58 PM: GetTemplateDetails Finished
10/24/2017 5:59:58 PM: GetSginatureDetails Started:-
10/24/2017 5:59:58 PM: GetSginatureDetails Completed:-
10/24/2017 5:59:58 PM: GetTemplateDetails Started
10/24/2017 5:59:58 PM: GetTemplateDetails total record count:1
10/24/2017 5:59:59 PM: Createcontrols,Load all Dropdownlist dynamic
10/24/2017 5:59:59 PM: Create controls,Load all Textbox dynamic
10/24/2017 5:59:59 PM: Create controls,Load all Textbox dynamic
10/24/2017 5:59:59 PM: Create controls,Load all Textbox dynamic
10/24/2017 5:59:59 PM: Create controls,Load all Textbox dynamic
10/24/2017 5:59:59 PM: Createcontrols,Load all Dropdownlist dynamic
10/24/2017 5:59:59 PM: Createcontrols,Load all Dropdownlist dynamic
10/24/2017 5:59:59 PM: Createcontrols,Load all Dropdownlist dynamic
10/24/2017 5:59:59 PM: Createcontrols,Load all Dropdownlist dynamic
10/24/2017 5:59:59 PM: Create controls,Load all Textbox dynamic
10/24/2017 5:59:59 PM: Createcontrols,Load all Dropdownlist dynamic
10/24/2017 5:59:59 PM: Create controls,Load all Textbox dynamic
10/24/2017 5:59:59 PM: GetTemplateDetails Finished
10/24/2017 5:59:59 PM: InitializeDocumentView started
10/24/2017 5:59:59 PM: InitializeDocumentView finished
10/24/2017 5:59:59 PM: Calling database to get annotated images. DocumentId: 2391, Action: GetAnnotatedPages
10/24/2017 5:59:59 PM: Calling database to get annotated images. DocumentId: 2391, Action: GetTaggedPages
10/24/2017 5:59:59 PM: LoadImageToViewer started
10/24/2017 5:59:59 PM: Setting image to viewer. Action:  Page count: 0 Current Page:1
10/24/2017 5:59:59 PM: MailPanelFill started
10/24/2017 5:59:59 PM: MailPanelFill finished
10/24/2017 6:00:05 PM: GetTemplateDetails Started
10/24/2017 6:00:05 PM: GetTemplateDetails total record count:1
10/24/2017 6:00:05 PM: Createcontrols,Load all Dropdownlist dynamic
10/24/2017 6:00:05 PM: Create controls,Load all Textbox dynamic
10/24/2017 6:00:05 PM: Create controls,Load all Textbox dynamic
10/24/2017 6:00:05 PM: Create controls,Load all Textbox dynamic
10/24/2017 6:00:05 PM: Create controls,Load all Textbox dynamic
10/24/2017 6:00:05 PM: Createcontrols,Load all Dropdownlist dynamic
10/24/2017 6:00:05 PM: Createcontrols,Load all Dropdownlist dynamic
10/24/2017 6:00:05 PM: Createcontrols,Load all Dropdownlist dynamic
10/24/2017 6:00:05 PM: Createcontrols,Load all Dropdownlist dynamic
10/24/2017 6:00:05 PM: Create controls,Load all Textbox dynamic
10/24/2017 6:00:05 PM: Createcontrols,Load all Dropdownlist dynamic
10/24/2017 6:00:05 PM: Create controls,Load all Textbox dynamic
10/24/2017 6:00:05 PM: GetTemplateDetails Finished
10/24/2017 6:00:05 PM: GetSginatureDetails Started:-
10/24/2017 6:00:06 PM: GetSginatureDetails Completed:-
10/24/2017 6:00:06 PM: GetTemplateDetails Started
10/24/2017 6:00:06 PM: GetTemplateDetails total record count:1
10/24/2017 6:00:06 PM: Createcontrols,Load all Dropdownlist dynamic
10/24/2017 6:00:06 PM: Create controls,Load all Textbox dynamic
10/24/2017 6:00:06 PM: Create controls,Load all Textbox dynamic
10/24/2017 6:00:06 PM: Create controls,Load all Textbox dynamic
10/24/2017 6:00:06 PM: Create controls,Load all Textbox dynamic
10/24/2017 6:00:06 PM: Createcontrols,Load all Dropdownlist dynamic
10/24/2017 6:00:06 PM: Createcontrols,Load all Dropdownlist dynamic
10/24/2017 6:00:06 PM: Createcontrols,Load all Dropdownlist dynamic
10/24/2017 6:00:06 PM: Createcontrols,Load all Dropdownlist dynamic
10/24/2017 6:00:06 PM: Create controls,Load all Textbox dynamic
10/24/2017 6:00:06 PM: Createcontrols,Load all Dropdownlist dynamic
10/24/2017 6:00:06 PM: Create controls,Load all Textbox dynamic
10/24/2017 6:00:06 PM: GetTemplateDetails Finished
10/24/2017 6:00:06 PM: InitializeDocumentView started
10/24/2017 6:00:06 PM: InitializeDocumentView finished
10/24/2017 6:00:06 PM: Calling database to get annotated images. DocumentId: 2387, Action: GetAnnotatedPages
10/24/2017 6:00:06 PM: Calling database to get annotated images. DocumentId: 2387, Action: GetTaggedPages
10/24/2017 6:00:06 PM: LoadImageToViewer started
10/24/2017 6:00:06 PM: Setting image to viewer. Action:  Page count: 0 Current Page:1
10/24/2017 6:00:06 PM: MailPanelFill started
10/24/2017 6:00:06 PM: MailPanelFill finished
10/24/2017 6:00:13 PM: GetTemplateDetails Started
10/24/2017 6:00:13 PM: GetTemplateDetails total record count:1
10/24/2017 6:00:14 PM: Createcontrols,Load all Dropdownlist dynamic
10/24/2017 6:00:14 PM: Create controls,Load all Textbox dynamic
10/24/2017 6:00:14 PM: Create controls,Load all Textbox dynamic
10/24/2017 6:00:14 PM: Create controls,Load all Textbox dynamic
10/24/2017 6:00:14 PM: Create controls,Load all Textbox dynamic
10/24/2017 6:00:14 PM: Createcontrols,Load all Dropdownlist dynamic
10/24/2017 6:00:14 PM: Createcontrols,Load all Dropdownlist dynamic
10/24/2017 6:00:14 PM: Createcontrols,Load all Dropdownlist dynamic
10/24/2017 6:00:14 PM: Createcontrols,Load all Dropdownlist dynamic
10/24/2017 6:00:14 PM: Create controls,Load all Textbox dynamic
10/24/2017 6:00:14 PM: Createcontrols,Load all Dropdownlist dynamic
10/24/2017 6:00:14 PM: Create controls,Load all Textbox dynamic
10/24/2017 6:00:14 PM: GetTemplateDetails Finished
10/24/2017 6:00:14 PM: GetSginatureDetails Started:-
10/24/2017 6:00:14 PM: GetSginatureDetails Completed:-
10/24/2017 6:00:14 PM: GetTemplateDetails Started
10/24/2017 6:00:14 PM: GetTemplateDetails total record count:1
10/24/2017 6:00:14 PM: Createcontrols,Load all Dropdownlist dynamic
10/24/2017 6:00:14 PM: Create controls,Load all Textbox dynamic
10/24/2017 6:00:14 PM: Create controls,Load all Textbox dynamic
10/24/2017 6:00:14 PM: Create controls,Load all Textbox dynamic
10/24/2017 6:00:14 PM: Create controls,Load all Textbox dynamic
10/24/2017 6:00:14 PM: Createcontrols,Load all Dropdownlist dynamic
10/24/2017 6:00:14 PM: Createcontrols,Load all Dropdownlist dynamic
10/24/2017 6:00:14 PM: Createcontrols,Load all Dropdownlist dynamic
10/24/2017 6:00:14 PM: Createcontrols,Load all Dropdownlist dynamic
10/24/2017 6:00:14 PM: Create controls,Load all Textbox dynamic
10/24/2017 6:00:14 PM: Createcontrols,Load all Dropdownlist dynamic
10/24/2017 6:00:14 PM: Create controls,Load all Textbox dynamic
10/24/2017 6:00:14 PM: GetTemplateDetails Finished
10/24/2017 6:00:14 PM: InitializeDocumentView started
10/24/2017 6:00:14 PM: InitializeDocumentView finished
10/24/2017 6:00:14 PM: Calling database to get annotated images. DocumentId: 2391, Action: GetAnnotatedPages
10/24/2017 6:00:14 PM: Calling database to get annotated images. DocumentId: 2391, Action: GetTaggedPages
10/24/2017 6:00:14 PM: LoadImageToViewer started
10/24/2017 6:00:14 PM: Setting image to viewer. Action:  Page count: 0 Current Page:1
10/24/2017 6:00:14 PM: MailPanelFill started
10/24/2017 6:00:14 PM: MailPanelFill finished
10/24/2017 6:00:19 PM: BindDocumentType started
10/24/2017 6:00:19 PM: BindDocumentType finished
10/24/2017 6:00:24 PM: createControls Started
10/24/2017 6:00:24 PM: createControls Loaded all Dropdownlist dynamically
10/24/2017 6:00:24 PM: createControls Loaded all Textbox dynamically
10/24/2017 6:00:24 PM: createControls Loaded all Textbox dynamically
10/24/2017 6:00:24 PM: createControls Loaded all Textbox dynamically
10/24/2017 6:00:24 PM: createControls Loaded all Textbox dynamically
10/24/2017 6:00:24 PM: createControls Loaded all Dropdownlist dynamically
10/24/2017 6:00:24 PM: createControls Loaded all Dropdownlist dynamically
10/24/2017 6:00:24 PM: createControls Loaded all Dropdownlist dynamically
10/24/2017 6:00:24 PM: createControls Loaded all Dropdownlist dynamically
10/24/2017 6:00:24 PM: createControls Loaded all Textbox dynamically
10/24/2017 6:00:24 PM: createControls Loaded all Dropdownlist dynamically
10/24/2017 6:00:24 PM: createControls Loaded all Textbox dynamically
10/24/2017 6:00:24 PM: createControls Finished
10/24/2017 6:00:24 PM: GetTemplateDetails started
10/24/2017 6:00:24 PM: generatecontrols Started
10/24/2017 6:00:24 PM: GenerateControls:Loaded all Dropdownlist dynamically
10/24/2017 6:00:24 PM: GenerateControls:Loaded all Textbox dynamically
10/24/2017 6:00:24 PM: GenerateControls:Loaded all Textbox dynamically
10/24/2017 6:00:24 PM: GenerateControls:Loaded all Textbox dynamically
10/24/2017 6:00:24 PM: GenerateControls:Loaded all Textbox dynamically
10/24/2017 6:00:24 PM: GenerateControls:Loaded all Dropdownlist dynamically
10/24/2017 6:00:24 PM: GenerateControls:Loaded all Dropdownlist dynamically
10/24/2017 6:00:24 PM: GenerateControls:Loaded all Dropdownlist dynamically
10/24/2017 6:00:24 PM: GenerateControls:Loaded all Dropdownlist dynamically
10/24/2017 6:00:24 PM: GenerateControls:Loaded all Textbox dynamically
10/24/2017 6:00:24 PM: GenerateControls:Loaded all Dropdownlist dynamically
10/24/2017 6:00:24 PM: GenerateControls:Loaded all Textbox dynamically
10/24/2017 6:00:26 PM: createControls Started
10/24/2017 6:00:26 PM: createControls Loaded all Dropdownlist dynamically
10/24/2017 6:00:26 PM: createControls Loaded all Textbox dynamically
10/24/2017 6:00:26 PM: createControls Loaded all Textbox dynamically
10/24/2017 6:00:26 PM: createControls Loaded all Textbox dynamically
10/24/2017 6:00:26 PM: createControls Loaded all Textbox dynamically
10/24/2017 6:00:26 PM: createControls Loaded all Dropdownlist dynamically
10/24/2017 6:00:26 PM: createControls Loaded all Dropdownlist dynamically
10/24/2017 6:00:26 PM: createControls Loaded all Dropdownlist dynamically
10/24/2017 6:00:26 PM: createControls Loaded all Dropdownlist dynamically
10/24/2017 6:00:26 PM: createControls Loaded all Textbox dynamically
10/24/2017 6:00:26 PM: createControls Loaded all Dropdownlist dynamically
10/24/2017 6:00:26 PM: createControls Loaded all Textbox dynamically
10/24/2017 6:00:26 PM: createControls Finished
10/24/2017 6:00:26 PM: Started Loading Entity Drop Down
10/24/2017 6:00:26 PM: Finished Loading Entity Drop Down
10/24/2017 6:00:33 PM: createControls Started
10/24/2017 6:00:33 PM: createControls Loaded all Dropdownlist dynamically
10/24/2017 6:00:33 PM: createControls Loaded all Textbox dynamically
10/24/2017 6:00:33 PM: createControls Loaded all Textbox dynamically
10/24/2017 6:00:33 PM: createControls Loaded all Textbox dynamically
10/24/2017 6:00:33 PM: createControls Loaded all Textbox dynamically
10/24/2017 6:00:33 PM: createControls Loaded all Dropdownlist dynamically
10/24/2017 6:00:34 PM: createControls Loaded all Dropdownlist dynamically
10/24/2017 6:00:34 PM: createControls Loaded all Dropdownlist dynamically
10/24/2017 6:00:34 PM: createControls Loaded all Dropdownlist dynamically
10/24/2017 6:00:34 PM: createControls Loaded all Textbox dynamically
10/24/2017 6:00:34 PM: createControls Loaded all Dropdownlist dynamically
10/24/2017 6:00:34 PM: createControls Loaded all Textbox dynamically
10/24/2017 6:00:34 PM: createControls Finished
