10/11/2017 10:41:38 AM: BindDocumentType started
10/11/2017 10:41:38 AM: BindDocumentType finished
10/11/2017 10:41:39 AM: BindDocumentType started
10/11/2017 10:41:39 AM: BindDocumentType finished
10/11/2017 10:41:45 AM: createControls Started
10/11/2017 10:41:45 AM: createControls Loaded all Textbox dynamically
10/11/2017 10:41:45 AM: createControls Loaded all Textbox dynamically
10/11/2017 10:41:45 AM: createControls Loaded all Textbox dynamically
10/11/2017 10:41:45 AM: createControls Loaded all Textbox dynamically
10/11/2017 10:41:45 AM: createControls Loaded all Textbox dynamically
10/11/2017 10:41:45 AM: createControls Loaded all Textbox dynamically
10/11/2017 10:41:45 AM: createControls Loaded all Textbox dynamically
10/11/2017 10:41:45 AM: createControls Loaded all Textbox dynamically
10/11/2017 10:41:45 AM: createControls Loaded all Textbox dynamically
10/11/2017 10:41:45 AM: createControls Loaded all Textbox dynamically
10/11/2017 10:41:45 AM: createControls Loaded all Textbox dynamically
10/11/2017 10:41:45 AM: createControls Loaded all Textbox dynamically
10/11/2017 10:41:45 AM: createControls Finished
10/11/2017 10:41:45 AM: GetTemplateDetails started
10/11/2017 10:41:45 AM: generatecontrols Started
10/11/2017 10:41:45 AM: GenerateControls:Loaded all Textbox dynamically
10/11/2017 10:41:45 AM: GenerateControls:Loaded all Textbox dynamically
10/11/2017 10:41:45 AM: GenerateControls:Loaded all Textbox dynamically
10/11/2017 10:41:45 AM: GenerateControls:Loaded all Textbox dynamically
10/11/2017 10:41:45 AM: GenerateControls:Loaded all Textbox dynamically
10/11/2017 10:41:45 AM: GenerateControls:Loaded all Textbox dynamically
10/11/2017 10:41:45 AM: GenerateControls:Loaded all Textbox dynamically
10/11/2017 10:41:45 AM: GenerateControls:Loaded all Textbox dynamically
10/11/2017 10:41:45 AM: GenerateControls:Loaded all Textbox dynamically
10/11/2017 10:41:45 AM: GenerateControls:Loaded all Textbox dynamically
10/11/2017 10:41:45 AM: GenerateControls:Loaded all Textbox dynamically
10/11/2017 10:41:45 AM: GenerateControls:Loaded all Textbox dynamically
10/11/2017 10:41:47 AM: createControls Started
10/11/2017 10:41:47 AM: createControls Loaded all Textbox dynamically
10/11/2017 10:41:47 AM: createControls Loaded all Textbox dynamically
10/11/2017 10:41:47 AM: createControls Loaded all Textbox dynamically
10/11/2017 10:41:47 AM: createControls Loaded all Textbox dynamically
10/11/2017 10:41:47 AM: createControls Finished
10/11/2017 10:41:47 AM: GetTemplateDetails started
10/11/2017 10:41:47 AM: generatecontrols Started
10/11/2017 10:41:47 AM: GenerateControls:Loaded all Textbox dynamically
10/11/2017 10:41:47 AM: GenerateControls:Loaded all Textbox dynamically
10/11/2017 10:41:47 AM: GenerateControls:Loaded all Textbox dynamically
10/11/2017 10:41:47 AM: GenerateControls:Loaded all Textbox dynamically
10/11/2017 10:41:49 AM: createControls Started
10/11/2017 10:41:49 AM: createControls Loaded all Textbox dynamically
10/11/2017 10:41:49 AM: createControls Loaded all Textbox dynamically
10/11/2017 10:41:49 AM: createControls Loaded all Textbox dynamically
10/11/2017 10:41:49 AM: createControls Loaded all Textbox dynamically
10/11/2017 10:41:49 AM: createControls Finished
10/11/2017 10:41:49 AM: Started Loading Entity Drop Down
10/11/2017 10:41:49 AM: Finished Loading Entity Drop Down
10/11/2017 10:43:25 AM: createControls Started
10/11/2017 10:43:25 AM: createControls Loaded all Textbox dynamically
10/11/2017 10:43:25 AM: createControls Loaded all Textbox dynamically
10/11/2017 10:43:25 AM: createControls Loaded all Textbox dynamically
10/11/2017 10:43:25 AM: createControls Loaded all Textbox dynamically
10/11/2017 10:43:25 AM: createControls Finished
10/11/2017 10:43:25 AM: Started Loading Entity Drop Down
10/11/2017 10:43:25 AM: Finished Loading Entity Drop Down
10/11/2017 10:44:15 AM: createControls Started
10/11/2017 10:44:15 AM: createControls Loaded all Textbox dynamically
10/11/2017 10:44:15 AM: createControls Loaded all Textbox dynamically
10/11/2017 10:44:15 AM: createControls Loaded all Textbox dynamically
10/11/2017 10:44:15 AM: createControls Loaded all Textbox dynamically
10/11/2017 10:44:15 AM: createControls Finished
10/11/2017 10:44:15 AM: Started Loading Entity Drop Down
10/11/2017 10:44:15 AM: Finished Loading Entity Drop Down
10/11/2017 10:48:02 AM: BindDocumentType started
10/11/2017 10:48:02 AM: BindDocumentType finished
10/11/2017 10:48:31 AM: BindDocumentType started
10/11/2017 10:48:31 AM: BindDocumentType finished
10/11/2017 10:48:40 AM: BindDocumentType started
10/11/2017 10:48:40 AM: BindDocumentType finished
10/11/2017 10:48:41 AM: BindDocumentType started
10/11/2017 10:48:41 AM: BindDocumentType finished
10/11/2017 10:48:41 AM: BindDocumentType started
10/11/2017 10:48:42 AM: BindDocumentType finished
10/11/2017 10:48:42 AM: BindDocumentType started
10/11/2017 10:48:42 AM: BindDocumentType finished
10/11/2017 10:48:42 AM: BindDocumentType started
10/11/2017 10:48:42 AM: BindDocumentType finished
10/11/2017 10:48:42 AM: BindDocumentType started
10/11/2017 10:48:42 AM: BindDocumentType finished
10/11/2017 10:48:43 AM: BindDocumentType started
10/11/2017 10:48:43 AM: BindDocumentType finished
10/11/2017 10:48:43 AM: BindDocumentType started
10/11/2017 10:48:43 AM: BindDocumentType finished
10/11/2017 10:48:44 AM: BindDocumentType started
10/11/2017 10:48:44 AM: BindDocumentType finished
10/11/2017 10:49:17 AM: BindDocumentType started
10/11/2017 10:49:17 AM: BindDocumentType finished
10/11/2017 10:49:20 AM: BindDocumentType started
10/11/2017 10:49:20 AM: BindDocumentType finished
10/11/2017 10:49:21 AM: BindDocumentType started
10/11/2017 10:49:21 AM: BindDocumentType finished
10/11/2017 11:11:19 AM: BindDocumentType started
10/11/2017 11:11:19 AM: BindDocumentType finished
10/11/2017 11:38:57 AM: BindDocumentType started
10/11/2017 11:38:57 AM: BindDocumentType finished
10/11/2017 11:39:00 AM: BindDocumentType started
10/11/2017 11:39:00 AM: BindDocumentType finished
10/11/2017 11:39:01 AM: BindDocumentType started
10/11/2017 11:39:01 AM: BindDocumentType finished
10/11/2017 11:39:02 AM: BindDocumentType started
10/11/2017 11:39:02 AM: BindDocumentType finished
10/11/2017 11:39:02 AM: BindDocumentType started
10/11/2017 11:39:02 AM: BindDocumentType finished
10/11/2017 11:39:02 AM: BindDocumentType started
10/11/2017 11:39:02 AM: BindDocumentType finished
10/11/2017 11:39:03 AM: BindDocumentType started
10/11/2017 11:39:03 AM: BindDocumentType finished
10/11/2017 11:39:03 AM: BindDocumentType started
10/11/2017 11:39:03 AM: BindDocumentType finished
10/11/2017 11:39:03 AM: BindDocumentType started
10/11/2017 11:39:03 AM: BindDocumentType finished
10/11/2017 11:39:04 AM: BindDocumentType started
10/11/2017 11:39:04 AM: BindDocumentType finished
10/11/2017 11:49:46 AM: BindDocumentType started
10/11/2017 11:49:46 AM: BindDocumentType finished
10/11/2017 11:49:48 AM: BindDocumentType started
10/11/2017 11:49:48 AM: BindDocumentType finished
10/11/2017 11:49:48 AM: BindDocumentType started
10/11/2017 11:49:48 AM: BindDocumentType finished
10/11/2017 11:49:49 AM: BindDocumentType started
10/11/2017 11:49:49 AM: BindDocumentType finished
10/11/2017 11:49:49 AM: BindDocumentType started
10/11/2017 11:49:49 AM: BindDocumentType finished
10/11/2017 11:49:50 AM: BindDocumentType started
10/11/2017 11:49:50 AM: BindDocumentType finished
10/11/2017 11:49:50 AM: BindDocumentType started
10/11/2017 11:49:50 AM: BindDocumentType finished
10/11/2017 11:58:18 AM: BindDocumentType started
10/11/2017 11:58:18 AM: BindDocumentType finished
10/11/2017 11:58:21 AM: BindDocumentType started
10/11/2017 11:58:21 AM: BindDocumentType finished
10/11/2017 11:58:21 AM: BindDocumentType started
10/11/2017 11:58:21 AM: BindDocumentType finished
10/11/2017 11:58:22 AM: BindDocumentType started
10/11/2017 11:58:22 AM: BindDocumentType finished
10/11/2017 11:58:22 AM: BindDocumentType started
10/11/2017 11:58:22 AM: BindDocumentType finished
10/11/2017 11:58:22 AM: BindDocumentType started
10/11/2017 11:58:22 AM: BindDocumentType finished
10/11/2017 11:58:23 AM: BindDocumentType started
10/11/2017 11:58:23 AM: BindDocumentType finished
10/11/2017 11:58:23 AM: BindDocumentType started
10/11/2017 11:58:23 AM: BindDocumentType finished
10/11/2017 11:58:23 AM: BindDocumentType started
10/11/2017 11:58:23 AM: BindDocumentType finished
10/11/2017 11:58:23 AM: BindDocumentType started
10/11/2017 11:58:23 AM: BindDocumentType finished
10/11/2017 11:58:24 AM: BindDocumentType started
10/11/2017 11:58:24 AM: BindDocumentType finished
10/11/2017 11:58:24 AM: BindDocumentType started
10/11/2017 11:58:24 AM: BindDocumentType finished
10/11/2017 11:58:25 AM: BindDocumentType started
10/11/2017 11:58:25 AM: BindDocumentType finished
10/11/2017 11:58:25 AM: BindDocumentType started
10/11/2017 11:58:25 AM: BindDocumentType finished
10/11/2017 12:02:20 PM: BindDocumentType started
10/11/2017 12:02:20 PM: BindDocumentType finished
10/11/2017 12:02:26 PM: createControls Started
10/11/2017 12:02:26 PM: createControls Loaded all Textbox dynamically
10/11/2017 12:02:26 PM: createControls Loaded all Textbox dynamically
10/11/2017 12:02:26 PM: createControls Loaded all Textbox dynamically
10/11/2017 12:02:26 PM: createControls Loaded all Textbox dynamically
10/11/2017 12:02:26 PM: createControls Finished
10/11/2017 12:02:26 PM: GetTemplateDetails started
10/11/2017 12:02:26 PM: generatecontrols Started
10/11/2017 12:02:26 PM: GenerateControls:Loaded all Textbox dynamically
10/11/2017 12:02:26 PM: GenerateControls:Loaded all Textbox dynamically
10/11/2017 12:02:26 PM: GenerateControls:Loaded all Textbox dynamically
10/11/2017 12:02:26 PM: GenerateControls:Loaded all Textbox dynamically
10/11/2017 12:02:28 PM: createControls Started
10/11/2017 12:02:28 PM: createControls Loaded all Textbox dynamically
10/11/2017 12:02:28 PM: createControls Loaded all Textbox dynamically
10/11/2017 12:02:28 PM: createControls Loaded all Textbox dynamically
10/11/2017 12:02:28 PM: createControls Loaded all Textbox dynamically
10/11/2017 12:02:28 PM: createControls Finished
10/11/2017 12:02:28 PM: Started Loading Entity Drop Down
10/11/2017 12:02:28 PM: Finished Loading Entity Drop Down
10/11/2017 12:03:29 PM: BindDocumentType started
10/11/2017 12:03:29 PM: BindDocumentType finished
10/11/2017 12:03:33 PM: BindDocumentType started
10/11/2017 12:03:33 PM: BindDocumentType finished
10/11/2017 12:03:34 PM: BindDocumentType started
10/11/2017 12:03:34 PM: BindDocumentType finished
10/11/2017 12:03:38 PM: createControls Started
10/11/2017 12:03:38 PM: createControls Loaded all Textbox dynamically
10/11/2017 12:03:38 PM: createControls Loaded all Textbox dynamically
10/11/2017 12:03:38 PM: createControls Loaded all Textbox dynamically
10/11/2017 12:03:38 PM: createControls Loaded all Textbox dynamically
10/11/2017 12:03:38 PM: createControls Finished
10/11/2017 12:03:38 PM: GetTemplateDetails started
10/11/2017 12:03:38 PM: generatecontrols Started
10/11/2017 12:03:38 PM: GenerateControls:Loaded all Textbox dynamically
10/11/2017 12:03:38 PM: GenerateControls:Loaded all Textbox dynamically
10/11/2017 12:03:38 PM: GenerateControls:Loaded all Textbox dynamically
10/11/2017 12:03:38 PM: GenerateControls:Loaded all Textbox dynamically
10/11/2017 12:03:40 PM: createControls Started
10/11/2017 12:03:40 PM: createControls Loaded all Textbox dynamically
10/11/2017 12:03:40 PM: createControls Loaded all Textbox dynamically
10/11/2017 12:03:40 PM: createControls Loaded all Textbox dynamically
10/11/2017 12:03:40 PM: createControls Loaded all Textbox dynamically
10/11/2017 12:03:40 PM: createControls Finished
10/11/2017 12:03:40 PM: Started Loading Entity Drop Down
10/11/2017 12:03:40 PM: Finished Loading Entity Drop Down
10/11/2017 12:07:25 PM: createControls Started
10/11/2017 12:07:25 PM: createControls Loaded all Textbox dynamically
10/11/2017 12:07:25 PM: createControls Loaded all Textbox dynamically
10/11/2017 12:07:25 PM: createControls Loaded all Textbox dynamically
10/11/2017 12:07:25 PM: createControls Loaded all Textbox dynamically
10/11/2017 12:07:25 PM: createControls Finished
10/11/2017 12:07:26 PM: Started Loading Entity Drop Down
10/11/2017 12:07:26 PM: Finished Loading Entity Drop Down
10/11/2017 12:07:28 PM: createControls Started
10/11/2017 12:07:28 PM: createControls Loaded all Textbox dynamically
10/11/2017 12:07:28 PM: createControls Loaded all Textbox dynamically
10/11/2017 12:07:28 PM: createControls Loaded all Textbox dynamically
10/11/2017 12:07:28 PM: createControls Loaded all Textbox dynamically
10/11/2017 12:07:28 PM: createControls Finished
10/11/2017 12:07:28 PM: Started Loading Entity Drop Down
10/11/2017 12:07:28 PM: Finished Loading Entity Drop Down
10/11/2017 12:07:35 PM: createControls Started
10/11/2017 12:07:35 PM: createControls Loaded all Textbox dynamically
10/11/2017 12:07:35 PM: createControls Loaded all Textbox dynamically
10/11/2017 12:07:35 PM: createControls Loaded all Textbox dynamically
10/11/2017 12:07:35 PM: createControls Loaded all Textbox dynamically
10/11/2017 12:07:35 PM: createControls Finished
10/11/2017 12:07:35 PM: Started Loading Entity Drop Down
10/11/2017 12:07:35 PM: Finished Loading Entity Drop Down
10/11/2017 12:07:42 PM: BindDocumentType started
10/11/2017 12:07:42 PM: BindDocumentType finished
10/11/2017 12:07:46 PM: createControls Started
10/11/2017 12:07:46 PM: createControls Loaded all Textbox dynamically
10/11/2017 12:07:46 PM: createControls Loaded all Textbox dynamically
10/11/2017 12:07:46 PM: createControls Loaded all Textbox dynamically
10/11/2017 12:07:46 PM: createControls Loaded all Textbox dynamically
10/11/2017 12:07:46 PM: createControls Finished
10/11/2017 12:07:46 PM: GetTemplateDetails started
10/11/2017 12:07:46 PM: generatecontrols Started
10/11/2017 12:07:46 PM: GenerateControls:Loaded all Textbox dynamically
10/11/2017 12:07:46 PM: GenerateControls:Loaded all Textbox dynamically
10/11/2017 12:07:46 PM: GenerateControls:Loaded all Textbox dynamically
10/11/2017 12:07:46 PM: GenerateControls:Loaded all Textbox dynamically
10/11/2017 12:07:47 PM: createControls Started
10/11/2017 12:07:47 PM: createControls Loaded all Textbox dynamically
10/11/2017 12:07:47 PM: createControls Loaded all Textbox dynamically
10/11/2017 12:07:47 PM: createControls Loaded all Textbox dynamically
10/11/2017 12:07:47 PM: createControls Loaded all Textbox dynamically
10/11/2017 12:07:47 PM: createControls Finished
10/11/2017 12:07:47 PM: Started Loading Entity Drop Down
10/11/2017 12:07:47 PM: Finished Loading Entity Drop Down
10/11/2017 12:35:12 PM: BindDocumentType started
10/11/2017 12:35:12 PM: BindDocumentType finished
10/11/2017 1:24:54 PM: BindDocumentType started
10/11/2017 1:24:54 PM: BindDocumentType finished
10/11/2017 1:24:58 PM: createControls Started
10/11/2017 1:24:58 PM: createControls Loaded all Textbox dynamically
10/11/2017 1:24:58 PM: createControls Loaded all Textbox dynamically
10/11/2017 1:24:58 PM: createControls Loaded all Textbox dynamically
10/11/2017 1:24:58 PM: createControls Loaded all Textbox dynamically
10/11/2017 1:24:58 PM: createControls Finished
10/11/2017 1:24:58 PM: GetTemplateDetails started
10/11/2017 1:24:58 PM: generatecontrols Started
10/11/2017 1:24:58 PM: GenerateControls:Loaded all Textbox dynamically
10/11/2017 1:24:58 PM: GenerateControls:Loaded all Textbox dynamically
10/11/2017 1:24:58 PM: GenerateControls:Loaded all Textbox dynamically
10/11/2017 1:24:58 PM: GenerateControls:Loaded all Textbox dynamically
10/11/2017 1:25:05 PM: createControls Started
10/11/2017 1:25:05 PM: createControls Loaded all Textbox dynamically
10/11/2017 1:25:05 PM: createControls Loaded all Textbox dynamically
10/11/2017 1:25:05 PM: createControls Loaded all Textbox dynamically
10/11/2017 1:25:05 PM: createControls Loaded all Textbox dynamically
10/11/2017 1:25:05 PM: createControls Finished
10/11/2017 1:25:05 PM: Started Loading Entity Drop Down
10/11/2017 1:25:05 PM: Finished Loading Entity Drop Down
10/11/2017 1:25:08 PM: createControls Started
10/11/2017 1:25:08 PM: createControls Loaded all Textbox dynamically
10/11/2017 1:25:08 PM: createControls Loaded all Textbox dynamically
10/11/2017 1:25:08 PM: createControls Loaded all Textbox dynamically
10/11/2017 1:25:08 PM: createControls Loaded all Textbox dynamically
10/11/2017 1:25:08 PM: createControls Finished
10/11/2017 1:25:11 PM: GetSginatureDetails Started:-
10/11/2017 1:25:11 PM: GetSginatureDetails Completed:-
10/11/2017 1:25:11 PM: GetTemplateDetails Started
10/11/2017 1:25:11 PM: GetTemplateDetails total record count:1
10/11/2017 1:25:11 PM: Create controls,Load all Textbox dynamic
10/11/2017 1:25:11 PM: Create controls,Load all Textbox dynamic
10/11/2017 1:25:11 PM: Create controls,Load all Textbox dynamic
10/11/2017 1:25:11 PM: Create controls,Load all Textbox dynamic
10/11/2017 1:25:11 PM: GetTemplateDetails Finished
10/11/2017 1:25:11 PM: InitializeDocumentView started
10/11/2017 1:25:12 PM: InitializeDocumentView finished
10/11/2017 1:25:12 PM: Calling database to get annotated images. DocumentId: 2375, Action: GetAnnotatedPages
10/11/2017 1:25:12 PM: Calling database to get annotated images. DocumentId: 2375, Action: GetTaggedPages
10/11/2017 1:25:12 PM: LoadImageToViewer started
10/11/2017 1:25:12 PM: Setting image to viewer. Action:  Page count: 17 Current Page:1
10/11/2017 1:25:12 PM: Converting PDF to JPEG. PDF Path: D:\WDMSDocument\TempWorkFolder\REhfSE9fNTUzXzI1OV8xMDAwMDI1\6.pdf Image Name: REhfSE9fNTUzXzI1OV8xMDAwMDI1 Page No: 6
10/11/2017 1:25:12 PM: Converting PDF to JPEG without applying watermark.
10/11/2017 1:25:13 PM: Setting image to viewer using RegisterStartupScript: http://localhost:55361/generichandler.ashx?f=d://wdmsdocument//tempworkfolder//rehfse9fntuzxzi1ov8xmdawmdi1jpg//6.jpeg
10/11/2017 1:25:13 PM: Invoke method to get annotations from databnase.
10/11/2017 1:25:13 PM: Get annotations from database.
10/11/2017 1:25:13 PM: Document Id: 2375 Page No: 6
10/11/2017 1:25:13 PM: Invoking method to get annotation data from database. Action: GetAnnotations
10/11/2017 1:25:13 PM: MailPanelFill started
10/11/2017 1:25:13 PM: MailPanelFill finished
10/11/2017 1:25:13 PM: Unzipping file. Filepath: D:\WDMSDocument\TempWorkFolder\\REhfSE9fNTUzXzI1OV8xMDAwMDI1.zip
10/11/2017 2:54:06 PM: BindDocumentType started
10/11/2017 2:54:06 PM: BindDocumentType finished
10/11/2017 2:54:11 PM: createControls Started
10/11/2017 2:54:11 PM: createControls Loaded all Textbox dynamically
10/11/2017 2:54:11 PM: createControls Loaded all Textbox dynamically
10/11/2017 2:54:11 PM: createControls Loaded all Textbox dynamically
10/11/2017 2:54:11 PM: createControls Loaded all Textbox dynamically
10/11/2017 2:54:11 PM: createControls Finished
10/11/2017 2:54:11 PM: GetTemplateDetails started
10/11/2017 2:54:11 PM: generatecontrols Started
10/11/2017 2:54:11 PM: GenerateControls:Loaded all Textbox dynamically
10/11/2017 2:54:11 PM: GenerateControls:Loaded all Textbox dynamically
10/11/2017 2:54:11 PM: GenerateControls:Loaded all Textbox dynamically
10/11/2017 2:54:11 PM: GenerateControls:Loaded all Textbox dynamically
10/11/2017 2:54:15 PM: createControls Started
10/11/2017 2:54:15 PM: createControls Loaded all Textbox dynamically
10/11/2017 2:54:15 PM: createControls Loaded all Textbox dynamically
10/11/2017 2:54:15 PM: createControls Loaded all Textbox dynamically
10/11/2017 2:54:15 PM: createControls Loaded all Textbox dynamically
10/11/2017 2:54:15 PM: createControls Finished
10/11/2017 2:54:15 PM: Started Loading Entity Drop Down
10/11/2017 2:54:15 PM: Finished Loading Entity Drop Down
10/11/2017 2:54:27 PM: createControls Started
10/11/2017 2:54:27 PM: createControls Loaded all Textbox dynamically
10/11/2017 2:54:27 PM: createControls Loaded all Textbox dynamically
10/11/2017 2:54:27 PM: createControls Loaded all Textbox dynamically
10/11/2017 2:54:27 PM: createControls Loaded all Textbox dynamically
10/11/2017 2:54:27 PM: createControls Finished
10/11/2017 2:54:27 PM: Started Loading Entity Drop Down
10/11/2017 2:54:27 PM: Finished Loading Entity Drop Down
10/11/2017 2:54:32 PM: createControls Started
10/11/2017 2:54:32 PM: createControls Loaded all Textbox dynamically
10/11/2017 2:54:32 PM: createControls Loaded all Textbox dynamically
10/11/2017 2:54:32 PM: createControls Loaded all Textbox dynamically
10/11/2017 2:54:32 PM: createControls Loaded all Textbox dynamically
10/11/2017 2:54:32 PM: createControls Finished
10/11/2017 2:54:32 PM: Started Loading Entity Drop Down
10/11/2017 2:54:32 PM: Finished Loading Entity Drop Down
10/11/2017 2:54:39 PM: createControls Started
10/11/2017 2:54:39 PM: createControls Loaded all Textbox dynamically
10/11/2017 2:54:39 PM: createControls Loaded all Textbox dynamically
10/11/2017 2:54:39 PM: createControls Loaded all Textbox dynamically
10/11/2017 2:54:39 PM: createControls Loaded all Textbox dynamically
10/11/2017 2:54:39 PM: createControls Finished
10/11/2017 2:54:51 PM: createControls Started
10/11/2017 2:54:51 PM: createControls Loaded all Textbox dynamically
10/11/2017 2:54:51 PM: createControls Loaded all Textbox dynamically
10/11/2017 2:54:51 PM: createControls Loaded all Textbox dynamically
10/11/2017 2:54:51 PM: createControls Loaded all Textbox dynamically
10/11/2017 2:54:51 PM: createControls Finished
10/11/2017 2:54:55 PM: createControls Started
10/11/2017 2:54:55 PM: createControls Loaded all Textbox dynamically
10/11/2017 2:54:55 PM: createControls Loaded all Textbox dynamically
10/11/2017 2:54:55 PM: createControls Loaded all Textbox dynamically
10/11/2017 2:54:55 PM: createControls Loaded all Textbox dynamically
10/11/2017 2:54:55 PM: createControls Finished
10/11/2017 2:54:55 PM: Started Loading Entity Drop Down
10/11/2017 2:54:55 PM: Finished Loading Entity Drop Down
10/11/2017 2:55:13 PM: createControls Started
10/11/2017 2:55:13 PM: createControls Loaded all Textbox dynamically
10/11/2017 2:55:13 PM: createControls Loaded all Textbox dynamically
10/11/2017 2:55:13 PM: createControls Loaded all Textbox dynamically
10/11/2017 2:55:13 PM: createControls Loaded all Textbox dynamically
10/11/2017 2:55:13 PM: createControls Finished
10/11/2017 2:55:13 PM: Started Loading Entity Drop Down
10/11/2017 2:55:13 PM: Finished Loading Entity Drop Down
10/11/2017 2:55:15 PM: createControls Started
10/11/2017 2:55:15 PM: createControls Loaded all Textbox dynamically
10/11/2017 2:55:15 PM: createControls Loaded all Textbox dynamically
10/11/2017 2:55:15 PM: createControls Loaded all Textbox dynamically
10/11/2017 2:55:15 PM: createControls Loaded all Textbox dynamically
10/11/2017 2:55:15 PM: createControls Finished
10/11/2017 2:55:15 PM: Started Loading Entity Drop Down
10/11/2017 2:55:15 PM: Finished Loading Entity Drop Down
10/11/2017 2:55:31 PM: createControls Started
10/11/2017 2:55:31 PM: createControls Loaded all Textbox dynamically
10/11/2017 2:55:31 PM: createControls Loaded all Textbox dynamically
10/11/2017 2:55:31 PM: createControls Loaded all Textbox dynamically
10/11/2017 2:55:31 PM: createControls Loaded all Textbox dynamically
10/11/2017 2:55:31 PM: createControls Finished
10/11/2017 2:55:32 PM: Started Loading Entity Drop Down
10/11/2017 2:55:32 PM: Finished Loading Entity Drop Down
10/11/2017 2:59:19 PM: BindDocumentType started
10/11/2017 2:59:19 PM: BindDocumentType finished
10/11/2017 2:59:38 PM: createControls Started
10/11/2017 2:59:38 PM: createControls Loaded all Textbox dynamically
10/11/2017 2:59:38 PM: createControls Loaded all Textbox dynamically
10/11/2017 2:59:38 PM: createControls Loaded all Textbox dynamically
10/11/2017 2:59:38 PM: createControls Loaded all Textbox dynamically
10/11/2017 2:59:38 PM: createControls Finished
10/11/2017 2:59:38 PM: GetTemplateDetails started
10/11/2017 2:59:38 PM: generatecontrols Started
10/11/2017 2:59:38 PM: GenerateControls:Loaded all Textbox dynamically
10/11/2017 2:59:38 PM: GenerateControls:Loaded all Textbox dynamically
10/11/2017 2:59:38 PM: GenerateControls:Loaded all Textbox dynamically
10/11/2017 2:59:38 PM: GenerateControls:Loaded all Textbox dynamically
10/11/2017 2:59:42 PM: createControls Started
10/11/2017 2:59:42 PM: createControls Loaded all Textbox dynamically
10/11/2017 2:59:42 PM: createControls Loaded all Textbox dynamically
10/11/2017 2:59:42 PM: createControls Loaded all Textbox dynamically
10/11/2017 2:59:42 PM: createControls Loaded all Textbox dynamically
10/11/2017 2:59:42 PM: createControls Finished
10/11/2017 2:59:42 PM: Started Loading Entity Drop Down
10/11/2017 2:59:42 PM: Finished Loading Entity Drop Down
10/11/2017 3:33:38 PM: BindDocumentType started
10/11/2017 3:33:38 PM: BindDocumentType finished
10/11/2017 3:33:44 PM: createControls Started
10/11/2017 3:33:44 PM: createControls Loaded all Textbox dynamically
10/11/2017 3:33:44 PM: createControls Loaded all Textbox dynamically
10/11/2017 3:33:44 PM: createControls Loaded all Textbox dynamically
10/11/2017 3:33:44 PM: createControls Loaded all Textbox dynamically
10/11/2017 3:33:44 PM: createControls Finished
10/11/2017 3:33:44 PM: GetTemplateDetails started
10/11/2017 3:33:44 PM: generatecontrols Started
10/11/2017 3:33:44 PM: GenerateControls:Loaded all Textbox dynamically
10/11/2017 3:33:44 PM: GenerateControls:Loaded all Textbox dynamically
10/11/2017 3:33:44 PM: GenerateControls:Loaded all Textbox dynamically
10/11/2017 3:33:44 PM: GenerateControls:Loaded all Textbox dynamically
10/11/2017 3:33:47 PM: createControls Started
10/11/2017 3:33:47 PM: createControls Loaded all Textbox dynamically
10/11/2017 3:33:47 PM: createControls Loaded all Textbox dynamically
10/11/2017 3:33:47 PM: createControls Loaded all Textbox dynamically
10/11/2017 3:33:47 PM: createControls Loaded all Textbox dynamically
10/11/2017 3:33:47 PM: createControls Finished
10/11/2017 3:33:47 PM: Started Loading Entity Drop Down
10/11/2017 3:33:48 PM: Finished Loading Entity Drop Down
10/11/2017 3:33:50 PM: createControls Started
10/11/2017 3:33:50 PM: createControls Loaded all Textbox dynamically
10/11/2017 3:33:50 PM: createControls Loaded all Textbox dynamically
10/11/2017 3:33:50 PM: createControls Loaded all Textbox dynamically
10/11/2017 3:33:50 PM: createControls Loaded all Textbox dynamically
10/11/2017 3:33:50 PM: createControls Finished
10/11/2017 3:33:54 PM: GetSginatureDetails Started:-
10/11/2017 3:33:54 PM: GetSginatureDetails Completed:-
10/11/2017 3:33:54 PM: GetTemplateDetails Started
10/11/2017 3:33:54 PM: GetTemplateDetails total record count:1
10/11/2017 3:33:54 PM: Create controls,Load all Textbox dynamic
10/11/2017 3:33:54 PM: Create controls,Load all Textbox dynamic
10/11/2017 3:33:54 PM: Create controls,Load all Textbox dynamic
10/11/2017 3:33:54 PM: Create controls,Load all Textbox dynamic
10/11/2017 3:33:54 PM: GetTemplateDetails Finished
10/11/2017 3:33:54 PM: InitializeDocumentView started
10/11/2017 3:33:54 PM: InitializeDocumentView finished
10/11/2017 3:33:54 PM: Calling database to get annotated images. DocumentId: 2375, Action: GetAnnotatedPages
10/11/2017 3:33:54 PM: Calling database to get annotated images. DocumentId: 2375, Action: GetTaggedPages
10/11/2017 3:33:55 PM: LoadImageToViewer started
10/11/2017 3:33:55 PM: Setting image to viewer. Action:  Page count: 17 Current Page:1
10/11/2017 3:33:55 PM: Converting PDF to JPEG. PDF Path: D:\WDMSDocument\TempWorkFolder\REhfSE9fNTUzXzI1OV8xMDAwMDI1\6.pdf Image Name: REhfSE9fNTUzXzI1OV8xMDAwMDI1 Page No: 6
10/11/2017 3:33:55 PM: Converting PDF to JPEG without applying watermark.
10/11/2017 3:33:56 PM: Setting image to viewer using RegisterStartupScript: http://localhost:55361/generichandler.ashx?f=d://wdmsdocument//tempworkfolder//rehfse9fntuzxzi1ov8xmdawmdi1jpg//6.jpeg
10/11/2017 3:33:56 PM: Invoke method to get annotations from databnase.
10/11/2017 3:33:56 PM: Get annotations from database.
10/11/2017 3:33:56 PM: Document Id: 2375 Page No: 6
10/11/2017 3:33:56 PM: Invoking method to get annotation data from database. Action: GetAnnotations
10/11/2017 3:33:56 PM: MailPanelFill started
10/11/2017 3:33:56 PM: MailPanelFill finished
10/11/2017 3:38:15 PM: BindDocumentType started
10/11/2017 3:38:15 PM: BindDocumentType finished
10/11/2017 3:38:22 PM: createControls Started
10/11/2017 3:38:22 PM: createControls Loaded all Textbox dynamically
10/11/2017 3:38:22 PM: createControls Loaded all Textbox dynamically
10/11/2017 3:38:22 PM: createControls Loaded all Textbox dynamically
10/11/2017 3:38:22 PM: createControls Loaded all Textbox dynamically
10/11/2017 3:38:22 PM: createControls Finished
10/11/2017 3:38:22 PM: GetTemplateDetails started
10/11/2017 3:38:22 PM: generatecontrols Started
10/11/2017 3:38:22 PM: GenerateControls:Loaded all Textbox dynamically
10/11/2017 3:38:22 PM: GenerateControls:Loaded all Textbox dynamically
10/11/2017 3:38:22 PM: GenerateControls:Loaded all Textbox dynamically
10/11/2017 3:38:22 PM: GenerateControls:Loaded all Textbox dynamically
10/11/2017 3:38:25 PM: createControls Started
10/11/2017 3:38:25 PM: createControls Loaded all Textbox dynamically
10/11/2017 3:38:25 PM: createControls Loaded all Textbox dynamically
10/11/2017 3:38:25 PM: createControls Loaded all Textbox dynamically
10/11/2017 3:38:25 PM: createControls Loaded all Textbox dynamically
10/11/2017 3:38:25 PM: createControls Finished
10/11/2017 3:38:25 PM: Started Loading Entity Drop Down
10/11/2017 3:38:25 PM: Finished Loading Entity Drop Down
10/11/2017 3:38:27 PM: createControls Started
10/11/2017 3:38:27 PM: createControls Loaded all Textbox dynamically
10/11/2017 3:38:27 PM: createControls Loaded all Textbox dynamically
10/11/2017 3:38:27 PM: createControls Loaded all Textbox dynamically
10/11/2017 3:38:27 PM: createControls Loaded all Textbox dynamically
10/11/2017 3:38:27 PM: createControls Finished
10/11/2017 3:38:30 PM: GetSginatureDetails Started:-
10/11/2017 3:38:30 PM: GetSginatureDetails Completed:-
10/11/2017 3:38:30 PM: GetTemplateDetails Started
10/11/2017 3:38:30 PM: GetTemplateDetails total record count:1
10/11/2017 3:38:30 PM: Create controls,Load all Textbox dynamic
10/11/2017 3:38:30 PM: Create controls,Load all Textbox dynamic
10/11/2017 3:38:30 PM: Create controls,Load all Textbox dynamic
10/11/2017 3:38:30 PM: Create controls,Load all Textbox dynamic
10/11/2017 3:38:30 PM: GetTemplateDetails Finished
10/11/2017 3:38:30 PM: InitializeDocumentView started
10/11/2017 3:38:30 PM: InitializeDocumentView finished
10/11/2017 3:38:30 PM: Calling database to get annotated images. DocumentId: 2375, Action: GetAnnotatedPages
10/11/2017 3:38:30 PM: Calling database to get annotated images. DocumentId: 2375, Action: GetTaggedPages
10/11/2017 3:38:30 PM: LoadImageToViewer started
10/11/2017 3:38:30 PM: Setting image to viewer. Action:  Page count: 17 Current Page:1
10/11/2017 3:38:30 PM: Converting PDF to JPEG. PDF Path: D:\WDMSDocument\TempWorkFolder\REhfSE9fNTUzXzI1OV8xMDAwMDI1\6.pdf Image Name: REhfSE9fNTUzXzI1OV8xMDAwMDI1 Page No: 6
10/11/2017 3:38:30 PM: Converting PDF to JPEG without applying watermark.
10/11/2017 3:38:31 PM: Setting image to viewer using RegisterStartupScript: http://localhost:55361/generichandler.ashx?f=d://wdmsdocument//tempworkfolder//rehfse9fntuzxzi1ov8xmdawmdi1jpg//6.jpeg
10/11/2017 3:38:31 PM: Invoke method to get annotations from databnase.
10/11/2017 3:38:31 PM: Get annotations from database.
10/11/2017 3:38:31 PM: Document Id: 2375 Page No: 6
10/11/2017 3:38:31 PM: Invoking method to get annotation data from database. Action: GetAnnotations
10/11/2017 3:38:31 PM: MailPanelFill started
10/11/2017 3:38:31 PM: MailPanelFill finished
10/11/2017 3:42:10 PM: BindDocumentType started
10/11/2017 3:42:10 PM: BindDocumentType finished
10/11/2017 3:42:16 PM: createControls Started
10/11/2017 3:42:16 PM: createControls Loaded all Textbox dynamically
10/11/2017 3:42:16 PM: createControls Loaded all Textbox dynamically
10/11/2017 3:42:16 PM: createControls Loaded all Textbox dynamically
10/11/2017 3:42:16 PM: createControls Loaded all Textbox dynamically
10/11/2017 3:42:16 PM: createControls Finished
10/11/2017 3:42:16 PM: GetTemplateDetails started
10/11/2017 3:42:16 PM: generatecontrols Started
10/11/2017 3:42:16 PM: GenerateControls:Loaded all Textbox dynamically
10/11/2017 3:42:16 PM: GenerateControls:Loaded all Textbox dynamically
10/11/2017 3:42:16 PM: GenerateControls:Loaded all Textbox dynamically
10/11/2017 3:42:16 PM: GenerateControls:Loaded all Textbox dynamically
10/11/2017 3:42:20 PM: createControls Started
10/11/2017 3:42:20 PM: createControls Loaded all Textbox dynamically
10/11/2017 3:42:20 PM: createControls Loaded all Textbox dynamically
10/11/2017 3:42:20 PM: createControls Loaded all Textbox dynamically
10/11/2017 3:42:20 PM: createControls Loaded all Textbox dynamically
10/11/2017 3:42:20 PM: createControls Finished
10/11/2017 3:42:20 PM: Started Loading Entity Drop Down
10/11/2017 3:42:20 PM: Finished Loading Entity Drop Down
10/11/2017 3:42:22 PM: createControls Started
10/11/2017 3:42:22 PM: createControls Loaded all Textbox dynamically
10/11/2017 3:42:22 PM: createControls Loaded all Textbox dynamically
10/11/2017 3:42:22 PM: createControls Loaded all Textbox dynamically
10/11/2017 3:42:22 PM: createControls Loaded all Textbox dynamically
10/11/2017 3:42:22 PM: createControls Finished
10/11/2017 3:42:27 PM: GetSginatureDetails Started:-
10/11/2017 3:42:27 PM: GetSginatureDetails Completed:-
10/11/2017 3:42:27 PM: GetTemplateDetails Started
10/11/2017 3:42:27 PM: GetTemplateDetails total record count:1
10/11/2017 3:42:27 PM: Create controls,Load all Textbox dynamic
10/11/2017 3:42:27 PM: Create controls,Load all Textbox dynamic
10/11/2017 3:42:27 PM: Create controls,Load all Textbox dynamic
10/11/2017 3:42:27 PM: Create controls,Load all Textbox dynamic
10/11/2017 3:42:27 PM: GetTemplateDetails Finished
10/11/2017 3:42:27 PM: InitializeDocumentView started
10/11/2017 3:42:27 PM: InitializeDocumentView finished
10/11/2017 3:42:27 PM: Calling database to get annotated images. DocumentId: 2375, Action: GetAnnotatedPages
10/11/2017 3:42:27 PM: Calling database to get annotated images. DocumentId: 2375, Action: GetTaggedPages
10/11/2017 3:42:27 PM: LoadImageToViewer started
10/11/2017 3:42:27 PM: Setting image to viewer. Action:  Page count: 17 Current Page:1
10/11/2017 3:42:27 PM: Converting PDF to JPEG. PDF Path: D:\WDMSDocument\TempWorkFolder\REhfSE9fNTUzXzI1OV8xMDAwMDI1\6.pdf Image Name: REhfSE9fNTUzXzI1OV8xMDAwMDI1 Page No: 6
10/11/2017 3:42:27 PM: Converting PDF to JPEG without applying watermark.
10/11/2017 3:42:27 PM: Setting image to viewer using RegisterStartupScript: http://localhost:55361/generichandler.ashx?f=d://wdmsdocument//tempworkfolder//rehfse9fntuzxzi1ov8xmdawmdi1jpg//6.jpeg
10/11/2017 3:42:27 PM: Invoke method to get annotations from databnase.
10/11/2017 3:42:27 PM: Get annotations from database.
10/11/2017 3:42:27 PM: Document Id: 2375 Page No: 6
10/11/2017 3:42:27 PM: Invoking method to get annotation data from database. Action: GetAnnotations
10/11/2017 3:42:27 PM: MailPanelFill started
10/11/2017 3:42:27 PM: MailPanelFill finished
10/11/2017 3:42:45 PM: GetTemplateDetails Started
10/11/2017 3:42:45 PM: GetTemplateDetails total record count:1
10/11/2017 3:42:45 PM: Create controls,Load all Textbox dynamic
10/11/2017 3:42:45 PM: Create controls,Load all Textbox dynamic
10/11/2017 3:42:45 PM: Create controls,Load all Textbox dynamic
10/11/2017 3:42:45 PM: Create controls,Load all Textbox dynamic
10/11/2017 3:42:45 PM: GetTemplateDetails Finished
10/11/2017 4:01:43 PM: BindDocumentType started
10/11/2017 4:01:43 PM: BindDocumentType finished
10/11/2017 4:01:47 PM: createControls Started
10/11/2017 4:01:47 PM: createControls Loaded all Textbox dynamically
10/11/2017 4:01:47 PM: createControls Loaded all Textbox dynamically
10/11/2017 4:01:47 PM: createControls Loaded all Textbox dynamically
10/11/2017 4:01:47 PM: createControls Loaded all Textbox dynamically
10/11/2017 4:01:47 PM: createControls Finished
10/11/2017 4:01:47 PM: GetTemplateDetails started
10/11/2017 4:01:47 PM: generatecontrols Started
10/11/2017 4:01:47 PM: GenerateControls:Loaded all Textbox dynamically
10/11/2017 4:01:47 PM: GenerateControls:Loaded all Textbox dynamically
10/11/2017 4:01:47 PM: GenerateControls:Loaded all Textbox dynamically
10/11/2017 4:01:47 PM: GenerateControls:Loaded all Textbox dynamically
10/11/2017 4:01:49 PM: createControls Started
10/11/2017 4:01:49 PM: createControls Loaded all Textbox dynamically
10/11/2017 4:01:49 PM: createControls Loaded all Textbox dynamically
10/11/2017 4:01:49 PM: createControls Loaded all Textbox dynamically
10/11/2017 4:01:49 PM: createControls Loaded all Textbox dynamically
10/11/2017 4:01:49 PM: createControls Finished
10/11/2017 4:01:49 PM: Started Loading Entity Drop Down
10/11/2017 4:01:49 PM: Finished Loading Entity Drop Down
10/11/2017 4:01:51 PM: createControls Started
10/11/2017 4:01:51 PM: createControls Loaded all Textbox dynamically
10/11/2017 4:01:51 PM: createControls Loaded all Textbox dynamically
10/11/2017 4:01:51 PM: createControls Loaded all Textbox dynamically
10/11/2017 4:01:51 PM: createControls Loaded all Textbox dynamically
10/11/2017 4:01:51 PM: createControls Finished
10/11/2017 4:16:56 PM: BindDocumentType started
10/11/2017 4:16:56 PM: BindDocumentType finished
10/11/2017 4:17:00 PM: createControls Started
10/11/2017 4:17:00 PM: createControls Loaded all Textbox dynamically
10/11/2017 4:17:00 PM: createControls Loaded all Textbox dynamically
10/11/2017 4:17:00 PM: createControls Loaded all Textbox dynamically
10/11/2017 4:17:00 PM: createControls Loaded all Textbox dynamically
10/11/2017 4:17:00 PM: createControls Finished
10/11/2017 4:17:00 PM: GetTemplateDetails started
10/11/2017 4:17:00 PM: generatecontrols Started
10/11/2017 4:17:00 PM: GenerateControls:Loaded all Textbox dynamically
10/11/2017 4:17:00 PM: GenerateControls:Loaded all Textbox dynamically
10/11/2017 4:17:00 PM: GenerateControls:Loaded all Textbox dynamically
10/11/2017 4:17:00 PM: GenerateControls:Loaded all Textbox dynamically
10/11/2017 4:17:07 PM: createControls Started
10/11/2017 4:17:07 PM: createControls Loaded all Textbox dynamically
10/11/2017 4:17:07 PM: createControls Loaded all Textbox dynamically
10/11/2017 4:17:07 PM: createControls Loaded all Textbox dynamically
10/11/2017 4:17:07 PM: createControls Loaded all Textbox dynamically
10/11/2017 4:17:07 PM: createControls Finished
10/11/2017 4:17:07 PM: Started Loading Entity Drop Down
10/11/2017 4:17:07 PM: Finished Loading Entity Drop Down
10/11/2017 4:17:09 PM: createControls Started
10/11/2017 4:17:09 PM: createControls Loaded all Textbox dynamically
10/11/2017 4:17:09 PM: createControls Loaded all Textbox dynamically
10/11/2017 4:17:09 PM: createControls Loaded all Textbox dynamically
10/11/2017 4:17:09 PM: createControls Loaded all Textbox dynamically
10/11/2017 4:17:09 PM: createControls Finished
10/11/2017 4:19:28 PM: BindDocumentType started
10/11/2017 4:19:28 PM: BindDocumentType finished
10/11/2017 4:19:33 PM: createControls Started
10/11/2017 4:19:33 PM: createControls Loaded all Textbox dynamically
10/11/2017 4:19:33 PM: createControls Loaded all Textbox dynamically
10/11/2017 4:19:33 PM: createControls Loaded all Textbox dynamically
10/11/2017 4:19:33 PM: createControls Loaded all Textbox dynamically
10/11/2017 4:19:33 PM: createControls Finished
10/11/2017 4:19:33 PM: GetTemplateDetails started
10/11/2017 4:19:33 PM: generatecontrols Started
10/11/2017 4:19:33 PM: GenerateControls:Loaded all Textbox dynamically
10/11/2017 4:19:33 PM: GenerateControls:Loaded all Textbox dynamically
10/11/2017 4:19:33 PM: GenerateControls:Loaded all Textbox dynamically
10/11/2017 4:19:33 PM: GenerateControls:Loaded all Textbox dynamically
10/11/2017 4:19:36 PM: createControls Started
10/11/2017 4:19:36 PM: createControls Loaded all Textbox dynamically
10/11/2017 4:19:36 PM: createControls Loaded all Textbox dynamically
10/11/2017 4:19:36 PM: createControls Loaded all Textbox dynamically
10/11/2017 4:19:36 PM: createControls Loaded all Textbox dynamically
10/11/2017 4:19:36 PM: createControls Finished
10/11/2017 4:19:36 PM: Started Loading Entity Drop Down
10/11/2017 4:19:36 PM: Finished Loading Entity Drop Down
10/11/2017 4:19:38 PM: createControls Started
10/11/2017 4:19:38 PM: createControls Loaded all Textbox dynamically
10/11/2017 4:19:38 PM: createControls Loaded all Textbox dynamically
10/11/2017 4:19:38 PM: createControls Loaded all Textbox dynamically
10/11/2017 4:19:38 PM: createControls Loaded all Textbox dynamically
10/11/2017 4:19:38 PM: createControls Finished
10/11/2017 4:24:44 PM: BindDocumentType started
10/11/2017 4:24:44 PM: BindDocumentType finished
10/11/2017 4:24:50 PM: createControls Started
10/11/2017 4:24:50 PM: createControls Loaded all Textbox dynamically
10/11/2017 4:24:50 PM: createControls Loaded all Textbox dynamically
10/11/2017 4:24:50 PM: createControls Loaded all Textbox dynamically
10/11/2017 4:24:50 PM: createControls Loaded all Textbox dynamically
10/11/2017 4:24:50 PM: createControls Finished
10/11/2017 4:24:50 PM: GetTemplateDetails started
10/11/2017 4:24:50 PM: generatecontrols Started
10/11/2017 4:24:50 PM: GenerateControls:Loaded all Textbox dynamically
10/11/2017 4:24:50 PM: GenerateControls:Loaded all Textbox dynamically
10/11/2017 4:24:50 PM: GenerateControls:Loaded all Textbox dynamically
10/11/2017 4:24:50 PM: GenerateControls:Loaded all Textbox dynamically
10/11/2017 4:24:53 PM: createControls Started
10/11/2017 4:24:53 PM: createControls Loaded all Textbox dynamically
10/11/2017 4:24:53 PM: createControls Loaded all Textbox dynamically
10/11/2017 4:24:53 PM: createControls Loaded all Textbox dynamically
10/11/2017 4:24:53 PM: createControls Loaded all Textbox dynamically
10/11/2017 4:24:53 PM: createControls Finished
10/11/2017 4:24:53 PM: Started Loading Entity Drop Down
10/11/2017 4:24:53 PM: Finished Loading Entity Drop Down
10/11/2017 4:24:55 PM: createControls Started
10/11/2017 4:24:55 PM: createControls Loaded all Textbox dynamically
10/11/2017 4:24:55 PM: createControls Loaded all Textbox dynamically
10/11/2017 4:24:55 PM: createControls Loaded all Textbox dynamically
10/11/2017 4:24:55 PM: createControls Loaded all Textbox dynamically
10/11/2017 4:24:55 PM: createControls Finished
10/11/2017 4:46:15 PM: BindDocumentType started
10/11/2017 4:46:15 PM: BindDocumentType finished
10/11/2017 4:46:20 PM: createControls Started
10/11/2017 4:46:20 PM: createControls Loaded all Textbox dynamically
10/11/2017 4:46:20 PM: createControls Loaded all Textbox dynamically
10/11/2017 4:46:20 PM: createControls Loaded all Textbox dynamically
10/11/2017 4:46:20 PM: createControls Loaded all Textbox dynamically
10/11/2017 4:46:20 PM: createControls Finished
10/11/2017 4:46:20 PM: GetTemplateDetails started
10/11/2017 4:46:20 PM: generatecontrols Started
10/11/2017 4:46:20 PM: GenerateControls:Loaded all Textbox dynamically
10/11/2017 4:46:20 PM: GenerateControls:Loaded all Textbox dynamically
10/11/2017 4:46:20 PM: GenerateControls:Loaded all Textbox dynamically
10/11/2017 4:46:20 PM: GenerateControls:Loaded all Textbox dynamically
10/11/2017 4:46:24 PM: createControls Started
10/11/2017 4:46:24 PM: createControls Loaded all Textbox dynamically
10/11/2017 4:46:24 PM: createControls Loaded all Textbox dynamically
10/11/2017 4:46:24 PM: createControls Loaded all Textbox dynamically
10/11/2017 4:46:24 PM: createControls Loaded all Textbox dynamically
10/11/2017 4:46:24 PM: createControls Finished
10/11/2017 4:46:24 PM: Started Loading Entity Drop Down
10/11/2017 4:46:24 PM: Finished Loading Entity Drop Down
10/11/2017 4:46:26 PM: createControls Started
10/11/2017 4:46:26 PM: createControls Loaded all Textbox dynamically
10/11/2017 4:46:26 PM: createControls Loaded all Textbox dynamically
10/11/2017 4:46:26 PM: createControls Loaded all Textbox dynamically
10/11/2017 4:46:26 PM: createControls Loaded all Textbox dynamically
10/11/2017 4:46:26 PM: createControls Finished
