10/10/2017 5:05:06 PM: BindDocumentType started
10/10/2017 5:05:06 PM: BindDocumentType finished
10/10/2017 5:05:14 PM: BindDocumentType started
10/10/2017 5:05:14 PM: BindDocumentType finished
10/10/2017 5:06:06 PM: BindDocumentType started
10/10/2017 5:06:06 PM: BindDocumentType finished
10/10/2017 5:06:09 PM: BindDocumentType started
10/10/2017 5:06:09 PM: BindDocumentType finished
10/10/2017 5:06:10 PM: BindDocumentType started
10/10/2017 5:06:10 PM: BindDocumentType finished
10/10/2017 5:06:47 PM: BindDocumentType started
10/10/2017 5:06:47 PM: BindDocumentType finished
10/10/2017 5:06:49 PM: BindDocumentType started
10/10/2017 5:06:49 PM: BindDocumentType finished
10/10/2017 5:07:51 PM: BindDocumentType started
10/10/2017 5:07:51 PM: BindDocumentType finished
10/10/2017 5:07:53 PM: BindDocumentType started
10/10/2017 5:07:53 PM: BindDocumentType finished
10/10/2017 5:07:53 PM: BindDocumentType started
10/10/2017 5:07:53 PM: BindDocumentType finished
10/10/2017 5:08:32 PM: BindDocumentType started
10/10/2017 5:08:32 PM: BindDocumentType finished
10/10/2017 5:08:47 PM: BindDocumentType started
10/10/2017 5:08:47 PM: BindDocumentType finished
10/10/2017 5:08:49 PM: BindDocumentType started
10/10/2017 5:08:49 PM: BindDocumentType finished
10/10/2017 5:09:13 PM: BindDocumentType started
10/10/2017 5:09:13 PM: BindDocumentType finished
10/10/2017 5:10:21 PM: BindDocumentType started
10/10/2017 5:10:21 PM: BindDocumentType finished
10/10/2017 5:10:23 PM: BindDocumentType started
10/10/2017 5:10:23 PM: BindDocumentType finished
10/10/2017 5:10:42 PM: BindDocumentType started
10/10/2017 5:10:42 PM: BindDocumentType finished
10/10/2017 5:10:43 PM: BindDocumentType started
10/10/2017 5:10:43 PM: BindDocumentType finished
10/10/2017 5:11:46 PM: BindDocumentType started
10/10/2017 5:11:46 PM: BindDocumentType finished
10/10/2017 5:11:49 PM: BindDocumentType started
10/10/2017 5:11:49 PM: BindDocumentType finished
10/10/2017 5:11:50 PM: BindDocumentType started
10/10/2017 5:11:50 PM: BindDocumentType finished
10/10/2017 5:11:51 PM: BindDocumentType started
10/10/2017 5:11:51 PM: BindDocumentType finished
10/10/2017 5:11:52 PM: BindDocumentType started
10/10/2017 5:11:52 PM: BindDocumentType finished
10/10/2017 5:11:52 PM: BindDocumentType started
10/10/2017 5:11:52 PM: BindDocumentType finished
10/10/2017 5:11:53 PM: BindDocumentType started
10/10/2017 5:11:53 PM: BindDocumentType finished
10/10/2017 5:16:29 PM: BindDocumentType started
10/10/2017 5:16:29 PM: BindDocumentType finished
10/10/2017 5:20:37 PM: BindDocumentType started
10/10/2017 5:20:37 PM: BindDocumentType finished
10/10/2017 5:20:37 PM: BindDocumentType started
10/10/2017 5:20:37 PM: BindDocumentType finished
10/10/2017 5:20:44 PM: createControls Started
10/10/2017 5:20:44 PM: createControls Loaded all Textbox dynamically
10/10/2017 5:20:44 PM: createControls Loaded all Textbox dynamically
10/10/2017 5:20:44 PM: createControls Loaded all Textbox dynamically
10/10/2017 5:20:44 PM: createControls Loaded all Textbox dynamically
10/10/2017 5:20:44 PM: createControls Finished
10/10/2017 5:20:44 PM: GetTemplateDetails started
10/10/2017 5:20:44 PM: generatecontrols Started
10/10/2017 5:20:44 PM: GenerateControls:Loaded all Textbox dynamically
10/10/2017 5:20:44 PM: GenerateControls:Loaded all Textbox dynamically
10/10/2017 5:20:44 PM: GenerateControls:Loaded all Textbox dynamically
10/10/2017 5:20:44 PM: GenerateControls:Loaded all Textbox dynamically
10/10/2017 5:20:45 PM: createControls Started
10/10/2017 5:20:45 PM: createControls Loaded all Textbox dynamically
10/10/2017 5:20:45 PM: createControls Loaded all Textbox dynamically
10/10/2017 5:20:45 PM: createControls Loaded all Textbox dynamically
10/10/2017 5:20:45 PM: createControls Loaded all Textbox dynamically
10/10/2017 5:20:45 PM: createControls Finished
10/10/2017 5:20:45 PM: Started Loading Entity Drop Down
10/10/2017 5:20:45 PM: Finished Loading Entity Drop Down
10/10/2017 5:23:05 PM: BindDocumentType started
10/10/2017 5:23:05 PM: BindDocumentType finished
10/10/2017 5:23:09 PM: BindDocumentType started
10/10/2017 5:23:09 PM: BindDocumentType finished
10/10/2017 5:23:11 PM: BindDocumentType started
10/10/2017 5:23:11 PM: BindDocumentType finished
10/10/2017 5:28:44 PM: BindDocumentType started
10/10/2017 5:28:44 PM: BindDocumentType finished
10/10/2017 5:28:47 PM: BindDocumentType started
10/10/2017 5:28:47 PM: BindDocumentType finished
10/10/2017 5:28:49 PM: BindDocumentType started
10/10/2017 5:28:49 PM: BindDocumentType finished
10/10/2017 5:28:49 PM: BindDocumentType started
10/10/2017 5:28:49 PM: BindDocumentType finished
10/10/2017 5:28:49 PM: BindDocumentType started
10/10/2017 5:28:50 PM: BindDocumentType finished
10/10/2017 5:28:50 PM: BindDocumentType started
10/10/2017 5:28:50 PM: BindDocumentType finished
10/10/2017 5:28:51 PM: BindDocumentType started
10/10/2017 5:28:51 PM: BindDocumentType finished
10/10/2017 5:28:51 PM: BindDocumentType started
10/10/2017 5:28:51 PM: BindDocumentType finished
10/10/2017 5:28:52 PM: BindDocumentType started
10/10/2017 5:28:52 PM: BindDocumentType finished
10/10/2017 5:29:09 PM: BindDocumentType started
10/10/2017 5:29:09 PM: BindDocumentType finished
10/10/2017 5:29:16 PM: BindDocumentType started
10/10/2017 5:29:16 PM: BindDocumentType finished
