10/9/2017 11:21:37 AM: BindDocumentType started
10/9/2017 11:21:37 AM: BindDocumentType finished
10/9/2017 11:21:42 AM: createControls Started
10/9/2017 11:21:42 AM: createControls Loaded all Textbox dynamically
10/9/2017 11:21:42 AM: createControls Loaded all Textbox dynamically
10/9/2017 11:21:42 AM: createControls Loaded all Textbox dynamically
10/9/2017 11:21:42 AM: createControls Loaded all Textbox dynamically
10/9/2017 11:21:42 AM: createControls Finished
10/9/2017 11:21:42 AM: GetTemplateDetails started
10/9/2017 11:21:42 AM: generatecontrols Started
10/9/2017 11:21:42 AM: GenerateControls:Loaded all Textbox dynamically
10/9/2017 11:21:42 AM: GenerateControls:Loaded all Textbox dynamically
10/9/2017 11:21:42 AM: GenerateControls:Loaded all Textbox dynamically
10/9/2017 11:21:42 AM: GenerateControls:Loaded all Textbox dynamically
10/9/2017 11:21:44 AM: createControls Started
10/9/2017 11:21:44 AM: createControls Loaded all Textbox dynamically
10/9/2017 11:21:44 AM: createControls Loaded all Textbox dynamically
10/9/2017 11:21:44 AM: createControls Loaded all Textbox dynamically
10/9/2017 11:21:44 AM: createControls Loaded all Textbox dynamically
10/9/2017 11:21:44 AM: createControls Finished
10/9/2017 11:21:44 AM: Started Loading Entity Drop Down
10/9/2017 11:21:44 AM: Finished Loading Entity Drop Down
10/9/2017 11:21:51 AM: createControls Started
10/9/2017 11:21:51 AM: createControls Loaded all Textbox dynamically
10/9/2017 11:21:51 AM: createControls Loaded all Textbox dynamically
10/9/2017 11:21:51 AM: createControls Loaded all Textbox dynamically
10/9/2017 11:21:51 AM: createControls Loaded all Textbox dynamically
10/9/2017 11:21:51 AM: createControls Finished
10/9/2017 11:24:33 AM: BindDocumentType started
10/9/2017 11:24:33 AM: BindDocumentType finished
10/9/2017 11:24:37 AM: createControls Started
10/9/2017 11:24:37 AM: createControls Loaded all Textbox dynamically
10/9/2017 11:24:37 AM: createControls Loaded all Textbox dynamically
10/9/2017 11:24:37 AM: createControls Loaded all Textbox dynamically
10/9/2017 11:24:37 AM: createControls Loaded all Textbox dynamically
10/9/2017 11:24:37 AM: createControls Finished
10/9/2017 11:24:37 AM: GetTemplateDetails started
10/9/2017 11:24:37 AM: generatecontrols Started
10/9/2017 11:24:37 AM: GenerateControls:Loaded all Textbox dynamically
10/9/2017 11:24:37 AM: GenerateControls:Loaded all Textbox dynamically
10/9/2017 11:24:37 AM: GenerateControls:Loaded all Textbox dynamically
10/9/2017 11:24:37 AM: GenerateControls:Loaded all Textbox dynamically
10/9/2017 11:24:39 AM: createControls Started
10/9/2017 11:24:39 AM: createControls Loaded all Textbox dynamically
10/9/2017 11:24:39 AM: createControls Loaded all Textbox dynamically
10/9/2017 11:24:39 AM: createControls Loaded all Textbox dynamically
10/9/2017 11:24:39 AM: createControls Loaded all Textbox dynamically
10/9/2017 11:24:39 AM: createControls Finished
10/9/2017 11:24:39 AM: Started Loading Entity Drop Down
10/9/2017 11:24:39 AM: Finished Loading Entity Drop Down
10/9/2017 11:24:41 AM: createControls Started
10/9/2017 11:24:41 AM: createControls Loaded all Textbox dynamically
10/9/2017 11:24:41 AM: createControls Loaded all Textbox dynamically
10/9/2017 11:24:41 AM: createControls Loaded all Textbox dynamically
10/9/2017 11:24:41 AM: createControls Loaded all Textbox dynamically
10/9/2017 11:24:41 AM: createControls Finished
10/9/2017 11:24:44 AM: GetSginatureDetails Started:-
10/9/2017 11:24:44 AM: GetSginatureDetails Completed:-
10/9/2017 11:24:44 AM: GetTemplateDetails Started
10/9/2017 11:24:44 AM: GetTemplateDetails total record count:1
10/9/2017 11:24:44 AM: Create controls,Load all Textbox dynamic
10/9/2017 11:24:44 AM: Create controls,Load all Textbox dynamic
10/9/2017 11:24:44 AM: Create controls,Load all Textbox dynamic
10/9/2017 11:24:44 AM: Create controls,Load all Textbox dynamic
10/9/2017 11:24:44 AM: GetTemplateDetails Finished
10/9/2017 11:24:44 AM: InitializeDocumentView started
10/9/2017 11:24:44 AM: InitializeDocumentView finished
10/9/2017 11:24:44 AM: Calling database to get annotated images. DocumentId: 2375, Action: GetAnnotatedPages
10/9/2017 11:24:45 AM: Calling database to get annotated images. DocumentId: 2375, Action: GetTaggedPages
10/9/2017 11:24:45 AM: LoadImageToViewer started
10/9/2017 11:24:45 AM: Setting image to viewer. Action:  Page count: 17 Current Page:1
10/9/2017 11:24:45 AM: Converting PDF to JPEG. PDF Path: D:\WDMSDocument\TempWorkFolder\REhfSE9fNTUzXzI1OV8xMDAwMDI1\6.pdf Image Name: REhfSE9fNTUzXzI1OV8xMDAwMDI1 Page No: 6
10/9/2017 11:24:45 AM: Converting PDF to JPEG without applying watermark.
10/9/2017 11:24:45 AM: Setting image to viewer using RegisterStartupScript: http://localhost:55361/generichandler.ashx?f=d://wdmsdocument//tempworkfolder//rehfse9fntuzxzi1ov8xmdawmdi1jpg//6.jpeg
10/9/2017 11:24:45 AM: Invoke method to get annotations from databnase.
10/9/2017 11:24:45 AM: Get annotations from database.
10/9/2017 11:24:45 AM: Document Id: 2375 Page No: 6
10/9/2017 11:24:45 AM: Invoking method to get annotation data from database. Action: GetAnnotations
10/9/2017 11:24:45 AM: MailPanelFill started
10/9/2017 11:24:45 AM: MailPanelFill finished
10/9/2017 11:24:45 AM: Unzipping file. Filepath: D:\WDMSDocument\TempWorkFolder\\REhfSE9fNTUzXzI1OV8xMDAwMDI1.zip
10/9/2017 11:29:14 AM: GetDocumentTypeWithId Started
10/9/2017 11:29:14 AM: SetDepartmentTemplate Started
10/9/2017 11:29:14 AM: SetDepartmentTemplate Finished
10/9/2017 11:29:14 AM: GetDocumentTypeWithId Finished
10/9/2017 11:29:27 AM: GetDocumentTypeWithId Started
10/9/2017 11:29:27 AM: SetDepartmentTemplate Started
10/9/2017 11:29:27 AM: SetDepartmentTemplate Finished
10/9/2017 11:29:27 AM: GetDocumentTypeWithId Finished
10/9/2017 11:29:47 AM: GetIndexFieldsByTemplateId Started
10/9/2017 11:29:47 AM: GetIndexFieldsByTemplateId Finished
10/9/2017 5:51:52 PM: BindDocumentType started
10/9/2017 5:51:52 PM: BindDocumentType finished
10/9/2017 5:51:59 PM: createControls Started
10/9/2017 5:51:59 PM: createControls Loaded all Textbox dynamically
10/9/2017 5:51:59 PM: createControls Loaded all Textbox dynamically
10/9/2017 5:51:59 PM: createControls Loaded all Textbox dynamically
10/9/2017 5:51:59 PM: createControls Loaded all Textbox dynamically
10/9/2017 5:51:59 PM: createControls Finished
10/9/2017 5:51:59 PM: GetTemplateDetails started
10/9/2017 5:51:59 PM: generatecontrols Started
10/9/2017 5:51:59 PM: GenerateControls:Loaded all Textbox dynamically
10/9/2017 5:51:59 PM: GenerateControls:Loaded all Textbox dynamically
10/9/2017 5:51:59 PM: GenerateControls:Loaded all Textbox dynamically
10/9/2017 5:51:59 PM: GenerateControls:Loaded all Textbox dynamically
10/9/2017 5:52:00 PM: createControls Started
10/9/2017 5:52:00 PM: createControls Loaded all Textbox dynamically
10/9/2017 5:52:00 PM: createControls Loaded all Textbox dynamically
10/9/2017 5:52:00 PM: createControls Loaded all Textbox dynamically
10/9/2017 5:52:00 PM: createControls Loaded all Textbox dynamically
10/9/2017 5:52:00 PM: createControls Finished
10/9/2017 5:52:00 PM: Started Loading Entity Drop Down
10/9/2017 5:52:00 PM: Finished Loading Entity Drop Down
