4/8/2015 12:08:04 PM: DataEntryTypes count : 3
4/8/2015 12:09:05 PM: DataEntryTypes count : 3
4/8/2015 12:10:32 PM: DataEntryTypes count : 3
4/8/2015 12:10:41 PM: DataEntryTypes count : 3
4/8/2015 12:39:20 PM: DataEntryTypes count : 3
4/8/2015 12:39:48 PM: Dataentry Type of the stage : Form
4/8/2015 12:39:48 PM: TemplatefilePath from database : E:\Writer\StageFileUpload/2/3/7/temp_7.pdf
4/8/2015 12:39:48 PM: Directory created : D:\LotexProjects\DMSEnh5\DMS_Infosearch\trunk\SourceCode\WebApplications\CoreDMS\Images/2/3/7/
4/8/2015 12:39:48 PM: deleting all existing files from image folder: 
4/8/2015 12:39:48 PM: Exception: Could not find a part of the path 'E:\Writer\StageFileUpload\2\3\7'.
4/8/2015 12:39:48 PM: Retrived the data to bind the controls
4/8/2015 12:39:48 PM: All controls values binded properly
4/8/2015 12:40:05 PM: Dataentry Type of the stage : Form
4/8/2015 12:49:13 PM: DataEntryTypes count : 3
4/8/2015 12:57:17 PM: DataEntryTypes count : 3
4/8/2015 12:57:28 PM: DataEntryTypes count : 3
4/8/2015 12:57:40 PM: DataEntryTypes count : 3
4/8/2015 12:57:54 PM: DataEntryTypes count : 3
4/8/2015 12:59:28 PM: DataEntryTypes count : 3
4/8/2015 1:43:57 PM: DataEntryTypes count : 3
4/8/2015 1:44:23 PM: DataEntryTypes count : 3
4/8/2015 1:44:44 PM: DataEntryTypes count : 3
4/8/2015 1:45:32 PM: DataEntryTypes count : 3
4/8/2015 1:45:56 PM: Dataentry Type of the stage : Normal
4/8/2015 1:45:56 PM: TemplatefilePath from database : 
4/8/2015 1:45:56 PM: Exception: The path is not of a legal form.
4/8/2015 1:47:57 PM: DataEntryTypes count : 3
4/8/2015 1:48:03 PM: Dataentry Type of the stage : Normal
4/8/2015 1:48:03 PM: TemplatefilePath from database : 
4/8/2015 1:48:03 PM: Exception: The path is not of a legal form.
4/8/2015 1:53:17 PM: DataEntryTypes count : 3
4/8/2015 1:53:21 PM: Dataentry Type of the stage : Normal
4/8/2015 1:53:21 PM: TemplatefilePath from database : 
4/8/2015 1:53:21 PM: Exception: The path is not of a legal form.
4/8/2015 1:55:00 PM: Dataentry Type of the stage : Normal
4/8/2015 1:55:03 PM: Dataentry Type of the stage : Normal
4/8/2015 1:55:03 PM: TemplatefilePath from database : 
4/8/2015 1:55:03 PM: Exception: The path is not of a legal form.
4/8/2015 1:55:23 PM: Dataentry Type of the stage : Normal
4/8/2015 1:55:28 PM: DataEntryTypes count : 3
4/8/2015 1:58:38 PM: Dataentry Type of the stage : Normal
4/8/2015 1:58:38 PM: TemplatefilePath from database : 
4/8/2015 1:58:38 PM: Exception: The path is not of a legal form.
4/8/2015 2:18:57 PM: DataEntryTypes count : 3
4/8/2015 2:19:04 PM: DataEntryTypes count : 3
4/8/2015 2:19:10 PM: Dataentry Type of the stage : Normal
4/8/2015 2:19:10 PM: TemplatefilePath from database : 
4/8/2015 2:19:10 PM: Exception: The path is not of a legal form.
4/8/2015 2:41:04 PM: DataEntryTypes count : 3
4/8/2015 2:41:16 PM: Dataentry Type of the stage : Normal
4/8/2015 2:41:16 PM: TemplatefilePath from database : 
4/8/2015 2:41:16 PM: Exception: The path is not of a legal form.
4/8/2015 2:43:05 PM: Dataentry Type of the stage : Normal
4/8/2015 2:43:05 PM: TemplatefilePath from database : 
4/8/2015 2:43:05 PM: Exception: The path is not of a legal form.
4/8/2015 2:51:13 PM: Dataentry Type of the stage : Normal
4/8/2015 2:51:13 PM: TemplatefilePath from database : 
4/8/2015 2:51:13 PM: Exception: The path is not of a legal form.
4/8/2015 3:03:09 PM: Dataentry Type of the stage : Normal
4/8/2015 3:03:09 PM: TemplatefilePath from database : 
4/8/2015 3:03:09 PM: Exception: The path is not of a legal form.
4/8/2015 3:03:16 PM: Dataentry Type of the stage : Normal
4/8/2015 3:11:06 PM: DataEntryTypes count : 3
4/8/2015 3:11:14 PM: Dataentry Type of the stage : Normal
4/8/2015 3:11:14 PM: TemplatefilePath from database : 
4/8/2015 3:11:14 PM: Loading image based on page number for coordinate capturing
4/8/2015 3:11:14 PM: ImagePath for binding the viewer: /Images/3/5/12/1.
4/8/2015 3:11:46 PM: Dataentry Type of the stage : Normal
4/8/2015 3:11:46 PM: retrive the data from textbox to save the values
4/8/2015 3:11:52 PM: Dataentry Type of the stage : Normal
4/8/2015 3:11:52 PM: retrive the data from textbox to save the values
4/8/2015 3:11:55 PM: Dataentry Type of the stage : Normal
4/8/2015 3:11:55 PM: retrive the data from textbox to save the values
4/8/2015 3:12:02 PM: Dataentry Type of the stage : Normal
4/8/2015 3:12:02 PM: retrive the data from textbox to save the values
4/8/2015 3:12:06 PM: Dataentry Type of the stage : Normal
4/8/2015 3:12:06 PM: retrive the data from textbox to save the values
4/8/2015 3:12:08 PM: Dataentry Type of the stage : Normal
4/8/2015 3:12:08 PM: retrive the data from textbox to save the values
4/8/2015 3:12:13 PM: Dataentry Type of the stage : Normal
4/8/2015 3:12:13 PM: retrive the data from textbox to save the values
4/8/2015 3:12:18 PM: Dataentry Type of the stage : Normal
4/8/2015 3:12:33 PM: Dataentry Type of the stage : Normal
4/8/2015 3:12:33 PM: TemplatefilePath from database : 
4/8/2015 3:12:33 PM: Loading image based on page number for coordinate capturing
4/8/2015 3:12:34 PM: ImagePath for binding the viewer: /Images/3/5/12/1.
4/8/2015 3:13:34 PM: Dataentry Type of the stage : Normal
4/8/2015 3:13:34 PM: retrive the data from textbox to save the values
4/8/2015 3:13:35 PM: Save completed successfully: 
4/8/2015 3:13:40 PM: Dataentry Type of the stage : Normal
4/8/2015 3:13:40 PM: TemplatefilePath from database : 
4/8/2015 3:13:40 PM: Loading image based on page number for coordinate capturing
4/8/2015 3:13:40 PM: ImagePath for binding the viewer: /Images/3/5/12/1.
4/8/2015 3:13:40 PM: Retrived the data to bind the controls
4/8/2015 3:13:40 PM: All controls values binded properly
4/8/2015 3:14:10 PM: Dataentry Type of the stage : Normal
4/8/2015 3:14:10 PM: retrive the data from textbox to save the values
4/8/2015 3:14:10 PM: Save completed successfully: 
4/8/2015 3:14:20 PM: Dataentry Type of the stage : Normal
4/8/2015 3:14:20 PM: TemplatefilePath from database : 
4/8/2015 3:14:20 PM: Loading image based on page number for coordinate capturing
4/8/2015 3:14:20 PM: ImagePath for binding the viewer: /Images/3/5/12/1.
4/8/2015 3:14:29 PM: Dataentry Type of the stage : Normal
4/8/2015 3:14:29 PM: retrive the data from textbox to save the values
4/8/2015 3:14:34 PM: Dataentry Type of the stage : Normal
4/8/2015 3:14:35 PM: retrive the data from textbox to save the values
4/8/2015 3:14:35 PM: Save completed successfully: 
4/8/2015 3:15:02 PM: Dataentry Type of the stage : Normal
4/8/2015 3:15:02 PM: TemplatefilePath from database : 
4/8/2015 3:15:02 PM: Loading image based on page number for coordinate capturing
4/8/2015 3:15:02 PM: ImagePath for binding the viewer: /Images/3/5/12/1.
4/8/2015 3:15:02 PM: Retrived the data to bind the controls
4/8/2015 3:15:02 PM: All controls values binded properly
4/8/2015 3:15:14 PM: Dataentry Type of the stage : Normal
4/8/2015 3:15:14 PM: retrive the data from textbox to save the values
4/8/2015 3:15:14 PM: Save completed successfully: 
4/8/2015 3:16:51 PM: DataEntryTypes count : 3
4/8/2015 3:16:57 PM: Dataentry Type of the stage : Normal
4/8/2015 3:16:57 PM: TemplatefilePath from database : 
4/8/2015 3:16:57 PM: Loading image based on page number for coordinate capturing
4/8/2015 3:16:57 PM: ImagePath for binding the viewer: /Images/3/5/13/1.
4/8/2015 3:17:18 PM: Dataentry Type of the stage : Normal
4/8/2015 3:17:18 PM: retrive the data from textbox to save the values
4/8/2015 3:17:18 PM: Save completed successfully: 
4/8/2015 3:17:39 PM: DataEntryTypes count : 3
4/8/2015 3:18:11 PM: Dataentry Type of the stage : Normal
4/8/2015 3:18:11 PM: TemplatefilePath from database : 
4/8/2015 3:18:11 PM: Loading image based on page number for coordinate capturing
4/8/2015 3:18:11 PM: ImagePath for binding the viewer: /Images/3/5/14/1.
4/8/2015 3:18:19 PM: Dataentry Type of the stage : Normal
4/8/2015 3:18:19 PM: retrive the data from textbox to save the values
4/8/2015 3:18:23 PM: Dataentry Type of the stage : Normal
4/8/2015 3:18:23 PM: retrive the data from textbox to save the values
4/8/2015 3:18:27 PM: Dataentry Type of the stage : Normal
4/8/2015 3:18:27 PM: retrive the data from textbox to save the values
4/8/2015 3:18:30 PM: Dataentry Type of the stage : Normal
4/8/2015 3:18:30 PM: retrive the data from textbox to save the values
4/8/2015 3:18:37 PM: Dataentry Type of the stage : Normal
4/8/2015 3:18:41 PM: Dataentry Type of the stage : Normal
4/8/2015 3:18:41 PM: TemplatefilePath from database : 
4/8/2015 3:18:41 PM: Loading image based on page number for coordinate capturing
4/8/2015 3:18:41 PM: ImagePath for binding the viewer: /Images/3/5/14/1.
4/8/2015 3:18:47 PM: Dataentry Type of the stage : Normal
4/8/2015 3:18:47 PM: retrive the data from textbox to save the values
4/8/2015 3:18:50 PM: Dataentry Type of the stage : Normal
4/8/2015 3:18:50 PM: retrive the data from textbox to save the values
4/8/2015 3:18:54 PM: Dataentry Type of the stage : Normal
4/8/2015 3:18:54 PM: retrive the data from textbox to save the values
4/8/2015 3:18:59 PM: Dataentry Type of the stage : Normal
4/8/2015 3:19:05 PM: Dataentry Type of the stage : Normal
4/8/2015 3:19:05 PM: TemplatefilePath from database : 
4/8/2015 3:19:05 PM: Loading image based on page number for coordinate capturing
4/8/2015 3:19:05 PM: ImagePath for binding the viewer: /Images/3/5/14/1.
4/8/2015 3:19:13 PM: Dataentry Type of the stage : Normal
4/8/2015 3:19:13 PM: retrive the data from textbox to save the values
4/8/2015 3:19:13 PM: Save completed successfully: 
4/8/2015 3:19:17 PM: Dataentry Type of the stage : Normal
4/8/2015 3:19:17 PM: TemplatefilePath from database : 
4/8/2015 3:19:17 PM: Loading image based on page number for coordinate capturing
4/8/2015 3:19:17 PM: ImagePath for binding the viewer: /Images/3/5/14/1.
4/8/2015 3:19:25 PM: Dataentry Type of the stage : Normal
4/8/2015 3:19:25 PM: retrive the data from textbox to save the values
4/8/2015 3:19:29 PM: Dataentry Type of the stage : Normal
4/8/2015 3:19:29 PM: retrive the data from textbox to save the values
4/8/2015 3:19:32 PM: Dataentry Type of the stage : Normal
4/8/2015 3:19:32 PM: retrive the data from textbox to save the values
4/8/2015 3:19:52 PM: Dataentry Type of the stage : Normal
4/8/2015 3:19:56 PM: Dataentry Type of the stage : Normal
4/8/2015 3:19:56 PM: TemplatefilePath from database : 
4/8/2015 3:19:56 PM: Loading image based on page number for coordinate capturing
4/8/2015 3:19:56 PM: ImagePath for binding the viewer: /Images/3/5/14/1.
4/8/2015 3:20:14 PM: Dataentry Type of the stage : Normal
4/8/2015 3:20:18 PM: Dataentry Type of the stage : Normal
4/8/2015 3:20:18 PM: TemplatefilePath from database : 
4/8/2015 3:20:18 PM: Loading image based on page number for coordinate capturing
4/8/2015 3:20:18 PM: ImagePath for binding the viewer: /Images/3/5/14/1.
4/8/2015 3:20:39 PM: Dataentry Type of the stage : Normal
4/8/2015 3:20:39 PM: retrive the data from textbox to save the values
4/8/2015 3:20:44 PM: Dataentry Type of the stage : Normal
4/8/2015 3:20:44 PM: retrive the data from textbox to save the values
4/8/2015 3:23:43 PM: createControls Started
4/8/2015 3:23:43 PM: Create controls,Load all Textbox dynamic
4/8/2015 3:23:43 PM: Create controls,Load all Textbox dynamic
4/8/2015 3:23:43 PM: Create controls,Load all Textbox dynamic
4/8/2015 3:23:43 PM: Createcontrols,Load all Dropdownlist dynamic
4/8/2015 3:23:43 PM: Createcontrols,Load all Dropdownlist dynamic
4/8/2015 3:23:43 PM: Create controls,Load all Textbox dynamic
4/8/2015 3:23:43 PM: createControls Finished
4/8/2015 3:23:43 PM: generatecontrols Started
4/8/2015 3:23:43 PM: Calling database to get reference id and watermark.
4/8/2015 3:23:43 PM: Database returned result: AI_AD_1_1_1099|Airtel
4/8/2015 3:23:43 PM: Generatecontrols,Load all Textbox dynamic
4/8/2015 3:23:43 PM: Generatecontrols,Load all Textbox dynamic
4/8/2015 3:23:43 PM: Generatecontrols,Load all Textbox dynamic
4/8/2015 3:23:43 PM: generatecontrols,Load all Dropdownlist dynamic
4/8/2015 3:23:43 PM: generatecontrols,Load all Dropdownlist dynamic
4/8/2015 3:23:43 PM: Generatecontrols,Load all Textbox dynamic
4/8/2015 3:24:16 PM: createControls Started
4/8/2015 3:24:16 PM: Create controls,Load all Textbox dynamic
4/8/2015 3:24:16 PM: Create controls,Load all Textbox dynamic
4/8/2015 3:24:16 PM: Create controls,Load all Textbox dynamic
4/8/2015 3:24:16 PM: Createcontrols,Load all Dropdownlist dynamic
4/8/2015 3:24:16 PM: Createcontrols,Load all Dropdownlist dynamic
4/8/2015 3:24:16 PM: Create controls,Load all Textbox dynamic
4/8/2015 3:24:16 PM: createControls Finished
4/8/2015 3:24:16 PM: AsyncFileUpload1_UploadedComplete Started
4/8/2015 3:24:16 PM: Started Saving Uploaded Document in AsyncFileUpload1_UploadedComplete 
4/8/2015 3:24:16 PM: Finished Saving Uploaded Document in AsyncFileUpload1_UploadedComplete 
4/8/2015 3:24:22 PM: AsyncFileUpload1_UploadedComplete Pagecount of Image2Pdf().ExtractPages 82
4/8/2015 3:24:22 PM: AsyncFileUpload1_UploadedComplete Finished
4/8/2015 3:24:24 PM: createControls Started
4/8/2015 3:24:24 PM: Create controls,Load all Textbox dynamic
4/8/2015 3:24:24 PM: Create controls,Load all Textbox dynamic
4/8/2015 3:24:24 PM: Create controls,Load all Textbox dynamic
4/8/2015 3:24:24 PM: Createcontrols,Load all Dropdownlist dynamic
4/8/2015 3:24:24 PM: Createcontrols,Load all Dropdownlist dynamic
4/8/2015 3:24:24 PM: Create controls,Load all Textbox dynamic
4/8/2015 3:24:24 PM: createControls Finished
4/8/2015 3:24:25 PM: btnSubmit_Click Started
4/8/2015 3:24:25 PM: btnSubmit_Click Finished
4/8/2015 3:24:33 PM: createControls Started
4/8/2015 3:24:33 PM: Create controls,Load all Textbox dynamic
4/8/2015 3:24:33 PM: Create controls,Load all Textbox dynamic
4/8/2015 3:24:33 PM: Create controls,Load all Textbox dynamic
4/8/2015 3:24:33 PM: Createcontrols,Load all Dropdownlist dynamic
4/8/2015 3:24:33 PM: Createcontrols,Load all Dropdownlist dynamic
4/8/2015 3:24:33 PM: Create controls,Load all Textbox dynamic
4/8/2015 3:24:33 PM: createControls Finished
4/8/2015 3:24:33 PM: Started Previewing Uploaded Document in btnPreview_Click 
4/8/2015 3:24:33 PM: Src Details : http://localhost:55357/GenericHandler.ashx?f=D:\Writer\TempWorkFolder\QUlfQURfMV8xXzEwOTk=.pdf
4/8/2015 3:24:33 PM: Setting image to viewer. Action:  Page count: 82 Current Page:1
4/8/2015 3:24:33 PM: Converting PDF to JPEG. PDF Path: D:\Writer\TempWorkFolder\QUlfQURfMV8xXzEwOTk=\1.pdf Image Name: QUlfQURfMV8xXzEwOTk= Page No: 1
4/8/2015 3:24:33 PM: Converting PDF to JPEG along with watermark. Watermark text: Airtel
4/8/2015 3:24:36 PM: Setting image to viewer using RegisterStartupScript: http://localhost:55357/generichandler.ashx?f=d://writer//tempworkfolder//qulfqurfmv8xxzewotk=jpg//1.jpeg
4/8/2015 3:24:36 PM: Finished Previewing Uploaded Document in btnPreview_Click 
4/8/2015 3:24:47 PM: createControls Started
4/8/2015 3:24:47 PM: Create controls,Load all Textbox dynamic
4/8/2015 3:24:47 PM: Create controls,Load all Textbox dynamic
4/8/2015 3:24:47 PM: Create controls,Load all Textbox dynamic
4/8/2015 3:24:47 PM: Createcontrols,Load all Dropdownlist dynamic
4/8/2015 3:24:47 PM: Createcontrols,Load all Dropdownlist dynamic
4/8/2015 3:24:47 PM: Create controls,Load all Textbox dynamic
4/8/2015 3:24:47 PM: createControls Finished
4/8/2015 3:24:48 PM: createControls Started
4/8/2015 3:24:48 PM: Create controls,Load all Textbox dynamic
4/8/2015 3:24:48 PM: Create controls,Load all Textbox dynamic
4/8/2015 3:24:48 PM: Create controls,Load all Textbox dynamic
4/8/2015 3:24:48 PM: Createcontrols,Load all Dropdownlist dynamic
4/8/2015 3:24:48 PM: Createcontrols,Load all Dropdownlist dynamic
4/8/2015 3:24:48 PM: Create controls,Load all Textbox dynamic
4/8/2015 3:24:48 PM: createControls Finished
4/8/2015 3:24:50 PM: createControls Started
4/8/2015 3:24:50 PM: Create controls,Load all Textbox dynamic
4/8/2015 3:24:50 PM: Create controls,Load all Textbox dynamic
4/8/2015 3:24:50 PM: Create controls,Load all Textbox dynamic
4/8/2015 3:24:50 PM: Createcontrols,Load all Dropdownlist dynamic
4/8/2015 3:24:50 PM: Createcontrols,Load all Dropdownlist dynamic
4/8/2015 3:24:50 PM: Create controls,Load all Textbox dynamic
4/8/2015 3:24:50 PM: createControls Finished
4/8/2015 3:24:50 PM: Started Saving Uploaded Document in Save Button Click
4/8/2015 3:24:52 PM: AsyncFileUpload1_UploadedComplete Started
4/8/2015 3:24:52 PM: AsyncFileUpload1_UploadedComplete Finished
4/8/2015 3:24:52 PM: GetDBFieldName the DBFld UPLOAD_vFld1
4/8/2015 3:24:52 PM: GetDBFieldName the DBFld UPLOAD_vFld2
4/8/2015 3:24:52 PM: GetDBFieldName the DBFld UPLOAD_vFld3
4/8/2015 3:24:52 PM: GetDBFieldName the DBFld UPLOAD_vFld4
4/8/2015 3:24:52 PM: GetDBFieldName the DBFld UPLOAD_vFld5
4/8/2015 3:24:52 PM: GetDBFieldName the DBFld UPLOAD_vFld6
4/8/2015 3:24:52 PM: CreateXML Started:-
4/8/2015 3:24:52 PM: CreateXML Completed:-
4/8/2015 3:24:52 PM: Save button click after saving or updating the ReturnCode= 0
4/8/2015 3:24:53 PM: Exception : Thread was being aborted.
4/8/2015 3:25:20 PM: DataEntryTypes count : 3
4/8/2015 3:25:38 PM: DataEntryTypes count : 3
4/8/2015 3:25:48 PM: DataEntryTypes count : 3
4/8/2015 3:25:59 PM: DataEntryTypes count : 3
4/8/2015 3:26:11 PM: DataEntryTypes count : 3
4/8/2015 3:27:42 PM: DataEntryTypes count : 3
4/8/2015 3:27:49 PM: DataEntryTypes count : 3
4/8/2015 3:28:05 PM: DataEntryTypes count : 3
4/8/2015 3:28:22 PM: createControls Started
4/8/2015 3:28:22 PM: Create controls,Load all Textbox dynamic
4/8/2015 3:28:22 PM: Create controls,Load all Textbox dynamic
4/8/2015 3:28:22 PM: Create controls,Load all Textbox dynamic
4/8/2015 3:28:22 PM: Createcontrols,Load all Dropdownlist dynamic
4/8/2015 3:28:22 PM: Createcontrols,Load all Dropdownlist dynamic
4/8/2015 3:28:22 PM: Create controls,Load all Textbox dynamic
4/8/2015 3:28:22 PM: createControls Finished
4/8/2015 3:28:22 PM: generatecontrols Started
4/8/2015 3:28:23 PM: Calling database to get reference id and watermark.
4/8/2015 3:28:23 PM: Database returned result: AI_AD_1_1_1100|Airtel
4/8/2015 3:28:23 PM: Generatecontrols,Load all Textbox dynamic
4/8/2015 3:28:23 PM: Generatecontrols,Load all Textbox dynamic
4/8/2015 3:28:23 PM: Generatecontrols,Load all Textbox dynamic
4/8/2015 3:28:23 PM: generatecontrols,Load all Dropdownlist dynamic
4/8/2015 3:28:23 PM: generatecontrols,Load all Dropdownlist dynamic
4/8/2015 3:28:23 PM: Generatecontrols,Load all Textbox dynamic
4/8/2015 3:28:32 PM: createControls Started
4/8/2015 3:28:32 PM: Create controls,Load all Textbox dynamic
4/8/2015 3:28:32 PM: Create controls,Load all Textbox dynamic
4/8/2015 3:28:32 PM: Create controls,Load all Textbox dynamic
4/8/2015 3:28:33 PM: Createcontrols,Load all Dropdownlist dynamic
4/8/2015 3:28:33 PM: Createcontrols,Load all Dropdownlist dynamic
4/8/2015 3:28:33 PM: Create controls,Load all Textbox dynamic
4/8/2015 3:28:33 PM: createControls Finished
4/8/2015 3:28:33 PM: AsyncFileUpload1_UploadedComplete Started
4/8/2015 3:28:33 PM: Started Saving Uploaded Document in AsyncFileUpload1_UploadedComplete 
4/8/2015 3:28:33 PM: Finished Saving Uploaded Document in AsyncFileUpload1_UploadedComplete 
4/8/2015 3:28:37 PM: AsyncFileUpload1_UploadedComplete Pagecount of Image2Pdf().ExtractPages 82
4/8/2015 3:28:37 PM: AsyncFileUpload1_UploadedComplete Finished
4/8/2015 3:28:38 PM: createControls Started
4/8/2015 3:28:38 PM: Create controls,Load all Textbox dynamic
4/8/2015 3:28:38 PM: Create controls,Load all Textbox dynamic
4/8/2015 3:28:38 PM: Create controls,Load all Textbox dynamic
4/8/2015 3:28:38 PM: Createcontrols,Load all Dropdownlist dynamic
4/8/2015 3:28:38 PM: Createcontrols,Load all Dropdownlist dynamic
4/8/2015 3:28:38 PM: Create controls,Load all Textbox dynamic
4/8/2015 3:28:38 PM: createControls Finished
4/8/2015 3:28:38 PM: btnSubmit_Click Started
4/8/2015 3:28:38 PM: btnSubmit_Click Finished
4/8/2015 3:28:48 PM: createControls Started
4/8/2015 3:28:48 PM: Create controls,Load all Textbox dynamic
4/8/2015 3:28:48 PM: Create controls,Load all Textbox dynamic
4/8/2015 3:28:48 PM: Create controls,Load all Textbox dynamic
4/8/2015 3:28:48 PM: Createcontrols,Load all Dropdownlist dynamic
4/8/2015 3:28:48 PM: Createcontrols,Load all Dropdownlist dynamic
4/8/2015 3:28:48 PM: Create controls,Load all Textbox dynamic
4/8/2015 3:28:48 PM: createControls Finished
4/8/2015 3:28:49 PM: createControls Started
4/8/2015 3:28:49 PM: Create controls,Load all Textbox dynamic
4/8/2015 3:28:49 PM: Create controls,Load all Textbox dynamic
4/8/2015 3:28:49 PM: Create controls,Load all Textbox dynamic
4/8/2015 3:28:49 PM: Createcontrols,Load all Dropdownlist dynamic
4/8/2015 3:28:49 PM: Createcontrols,Load all Dropdownlist dynamic
4/8/2015 3:28:49 PM: Create controls,Load all Textbox dynamic
4/8/2015 3:28:49 PM: createControls Finished
4/8/2015 3:28:52 PM: createControls Started
4/8/2015 3:28:52 PM: Create controls,Load all Textbox dynamic
4/8/2015 3:28:52 PM: Create controls,Load all Textbox dynamic
4/8/2015 3:28:52 PM: Create controls,Load all Textbox dynamic
4/8/2015 3:28:52 PM: Createcontrols,Load all Dropdownlist dynamic
4/8/2015 3:28:52 PM: Createcontrols,Load all Dropdownlist dynamic
4/8/2015 3:28:52 PM: Create controls,Load all Textbox dynamic
4/8/2015 3:28:53 PM: createControls Finished
4/8/2015 3:28:53 PM: Started Saving Uploaded Document in Save Button Click
4/8/2015 3:28:53 PM: AsyncFileUpload1_UploadedComplete Started
4/8/2015 3:28:53 PM: AsyncFileUpload1_UploadedComplete Finished
4/8/2015 3:28:53 PM: GetDBFieldName the DBFld UPLOAD_vFld1
4/8/2015 3:28:53 PM: GetDBFieldName the DBFld UPLOAD_vFld2
4/8/2015 3:28:53 PM: GetDBFieldName the DBFld UPLOAD_vFld3
4/8/2015 3:28:53 PM: GetDBFieldName the DBFld UPLOAD_vFld4
4/8/2015 3:28:53 PM: GetDBFieldName the DBFld UPLOAD_vFld5
4/8/2015 3:28:53 PM: GetDBFieldName the DBFld UPLOAD_vFld6
4/8/2015 3:28:53 PM: CreateXML Started:-
4/8/2015 3:28:53 PM: CreateXML Completed:-
4/8/2015 3:28:54 PM: Save button click after saving or updating the ReturnCode= 0
4/8/2015 3:28:54 PM: Exception : Thread was being aborted.
4/8/2015 3:28:59 PM: BindDocumentType started
4/8/2015 3:28:59 PM: BindDocumentType finished
4/8/2015 3:29:05 PM: createControls Started
4/8/2015 3:29:05 PM: createControls Loaded all Textbox dynamically
4/8/2015 3:29:05 PM: createControls Loaded all Textbox dynamically
4/8/2015 3:29:05 PM: createControls Loaded all Textbox dynamically
4/8/2015 3:29:05 PM: createControls Loaded all Dropdownlist dynamically
4/8/2015 3:29:05 PM: createControls Loaded all Dropdownlist dynamically
4/8/2015 3:29:05 PM: createControls Loaded all Textbox dynamically
4/8/2015 3:29:05 PM: createControls Finished
4/8/2015 3:29:05 PM: GetTemplateDetails started
4/8/2015 3:29:05 PM: generatecontrols Started
4/8/2015 3:29:05 PM: GenerateControls:Loaded all Textbox dynamically
4/8/2015 3:29:05 PM: GenerateControls:Loaded all Textbox dynamically
4/8/2015 3:29:05 PM: GenerateControls:Loaded all Textbox dynamically
4/8/2015 3:29:05 PM: GenerateControls:Loaded all Dropdownlist dynamically
4/8/2015 3:29:05 PM: GenerateControls:Loaded all Dropdownlist dynamically
4/8/2015 3:29:05 PM: GenerateControls:Loaded all Textbox dynamically
4/8/2015 3:43:58 PM: DataEntryTypes count : 3
4/8/2015 3:44:03 PM: Dataentry Type of the stage : Form
4/8/2015 3:44:03 PM: TemplatefilePath from database : E:\Writer\StageFileUpload/2/3/7/temp_7.pdf
4/8/2015 3:44:03 PM: Directory created : D:\LotexProjects\DMSEnh5\DMS_Infosearch\trunk\SourceCode\WebApplications\CoreDMS\Images/2/3/7/
4/8/2015 3:44:03 PM: deleting all existing files from image folder: 
4/8/2015 3:44:03 PM: Exception: Could not find a part of the path 'E:\Writer\StageFileUpload\2\3\7'.
4/8/2015 3:44:11 PM: Dataentry Type of the stage : Form
4/8/2015 3:44:19 PM: DataEntryTypes count : 3
4/8/2015 3:44:23 PM: Dataentry Type of the stage : Normal
4/8/2015 3:44:23 PM: TemplatefilePath from database : 
4/8/2015 3:44:23 PM: Loading image based on page number for coordinate capturing
4/8/2015 3:44:23 PM: ImagePath for binding the viewer: /Images/3/5/12/1.
4/8/2015 3:46:58 PM: Dataentry Type of the stage : Normal
4/8/2015 3:46:58 PM: retrive the data from textbox to save the values
4/8/2015 3:47:01 PM: Dataentry Type of the stage : Normal
4/8/2015 3:47:01 PM: retrive the data from textbox to save the values
4/8/2015 3:47:04 PM: Dataentry Type of the stage : Normal
4/8/2015 3:47:04 PM: retrive the data from textbox to save the values
4/8/2015 3:47:07 PM: Dataentry Type of the stage : Normal
4/8/2015 3:47:07 PM: retrive the data from textbox to save the values
4/8/2015 5:53:50 PM: DataEntryTypes count : 3
4/8/2015 5:58:03 PM: DataEntryTypes count : 3
4/8/2015 7:27:23 PM: DataEntryTypes count : 3
4/8/2015 7:28:54 PM: DataEntryTypes count : 3
4/8/2015 7:32:55 PM: Dataentry Type of the stage : Form
4/8/2015 7:32:55 PM: Get all stage related data from database
4/8/2015 7:32:55 PM: Binding controls started
4/8/2015 7:32:58 PM: controls binded successfully
4/8/2015 7:33:05 PM: Binding controls started
4/8/2015 7:33:07 PM: controls binded successfully
4/8/2015 7:35:58 PM: DataEntryTypes count : 3
4/8/2015 7:36:44 PM: DataEntryTypes count : 3
4/8/2015 7:36:50 PM: DataEntryTypes count : 3
