7/17/2015 12:23:25 PM: BindDocumentType started
7/17/2015 12:23:25 PM: BindDocumentType finished
7/17/2015 12:23:29 PM: createControls Started
7/17/2015 12:23:30 PM: createControls Loaded all Dropdownlist dynamically
7/17/2015 12:23:30 PM: createControls Loaded all Dropdownlist dynamically
7/17/2015 12:23:30 PM: createControls Loaded all Textbox dynamically
7/17/2015 12:23:30 PM: createControls Loaded all Textbox dynamically
7/17/2015 12:23:30 PM: createControls Loaded all Textbox dynamically
7/17/2015 12:23:30 PM: createControls Loaded all Textbox dynamically
7/17/2015 12:23:30 PM: createControls Loaded all Textbox dynamically
7/17/2015 12:23:30 PM: createControls Loaded all Textbox dynamically
7/17/2015 12:23:30 PM: createControls Finished
7/17/2015 12:23:30 PM: GetTemplateDetails started
7/17/2015 12:23:30 PM: generatecontrols Started
7/17/2015 12:23:30 PM: GenerateControls:Loaded all Dropdownlist dynamically
7/17/2015 12:23:30 PM: GenerateControls:Loaded all Dropdownlist dynamically
7/17/2015 12:23:30 PM: GenerateControls:Loaded all Textbox dynamically
7/17/2015 12:23:30 PM: GenerateControls:Loaded all Textbox dynamically
7/17/2015 12:23:30 PM: GenerateControls:Loaded all Textbox dynamically
7/17/2015 12:23:30 PM: GenerateControls:Loaded all Textbox dynamically
7/17/2015 12:23:30 PM: GenerateControls:Loaded all Textbox dynamically
7/17/2015 12:23:30 PM: GenerateControls:Loaded all Textbox dynamically
7/17/2015 12:23:35 PM: createControls Started
7/17/2015 12:23:35 PM: createControls Loaded all Dropdownlist dynamically
7/17/2015 12:23:35 PM: createControls Loaded all Dropdownlist dynamically
7/17/2015 12:23:35 PM: createControls Loaded all Textbox dynamically
7/17/2015 12:23:35 PM: createControls Loaded all Textbox dynamically
7/17/2015 12:23:35 PM: createControls Loaded all Textbox dynamically
7/17/2015 12:23:35 PM: createControls Loaded all Textbox dynamically
7/17/2015 12:23:35 PM: createControls Loaded all Textbox dynamically
7/17/2015 12:23:35 PM: createControls Loaded all Textbox dynamically
7/17/2015 12:23:35 PM: createControls Finished
7/17/2015 12:23:35 PM: GetTemplateDetails started
7/17/2015 12:23:49 PM: BindDocumentType started
7/17/2015 12:23:49 PM: BindDocumentType finished
