6/10/2015 2:34:32 PM: BindDocumentType started
6/10/2015 2:34:32 PM: BindDocumentType finished
6/10/2015 3:57:26 PM: Started Saving Uploaded Document in AsyncFileUpload1_UploadedComplete 
6/10/2015 3:57:27 PM: Started Extracting Soft Data
6/10/2015 3:57:30 PM: Finished Saving Uploaded Document in AsyncFileUpload1_UploadedComplete 
6/10/2015 4:27:48 PM: pBindData started
6/10/2015 4:27:49 PM: pBindData finished
6/10/2015 4:28:09 PM: Started Saving Uploaded Document in AsyncFileUpload1_UploadedComplete 
6/10/2015 4:28:09 PM: Started Extracting Soft Data
6/10/2015 4:28:10 PM: Finished Saving Uploaded Document in AsyncFileUpload1_UploadedComplete 
6/10/2015 4:29:15 PM: Started Saving Uploaded Document in AsyncFileUpload1_UploadedComplete 
6/10/2015 4:29:16 PM: Started Extracting Soft Data
6/10/2015 4:29:17 PM: Finished Saving Uploaded Document in AsyncFileUpload1_UploadedComplete 
6/10/2015 4:30:00 PM: Started Saving Uploaded Document in AsyncFileUpload1_UploadedComplete 
6/10/2015 4:30:01 PM: Started Extracting Soft Data
6/10/2015 4:30:02 PM: Finished Saving Uploaded Document in AsyncFileUpload1_UploadedComplete 
6/10/2015 4:38:36 PM: Started Saving Uploaded Document in AsyncFileUpload1_UploadedComplete 
6/10/2015 4:38:36 PM: Started Extracting Soft Data
6/10/2015 4:38:36 PM: Finished Saving Uploaded Document in AsyncFileUpload1_UploadedComplete 
6/10/2015 4:39:32 PM: Started Saving Uploaded Document in AsyncFileUpload1_UploadedComplete 
6/10/2015 4:39:33 PM: Started Extracting Soft Data
6/10/2015 4:39:33 PM: Finished Saving Uploaded Document in AsyncFileUpload1_UploadedComplete 
6/10/2015 4:48:44 PM: Started Saving Uploaded Document in AsyncFileUpload1_UploadedComplete 
6/10/2015 4:48:44 PM: Started Extracting Soft Data
6/10/2015 4:48:45 PM: Finished Saving Uploaded Document in AsyncFileUpload1_UploadedComplete 
6/10/2015 4:49:56 PM: Started Saving Uploaded Document in AsyncFileUpload1_UploadedComplete 
6/10/2015 4:49:57 PM: Started Extracting Soft Data
6/10/2015 4:49:57 PM: Finished Saving Uploaded Document in AsyncFileUpload1_UploadedComplete 
6/10/2015 4:51:32 PM: Started Saving Uploaded Document in AsyncFileUpload1_UploadedComplete 
6/10/2015 4:51:33 PM: Started Extracting Soft Data
6/10/2015 4:51:33 PM: Exception:Selected file is not matching to Customer App.
6/10/2015 4:51:33 PM: Exception:Selected file is not matching to Customer App.
6/10/2015 4:51:40 PM: Started Saving Uploaded Document in AsyncFileUpload1_UploadedComplete 
6/10/2015 4:51:40 PM: Started Extracting Soft Data
6/10/2015 4:51:40 PM: Finished Saving Uploaded Document in AsyncFileUpload1_UploadedComplete 
6/10/2015 4:52:53 PM: Started Saving Uploaded Document in AsyncFileUpload1_UploadedComplete 
6/10/2015 4:52:53 PM: Started Extracting Soft Data
6/10/2015 4:52:53 PM: Finished Saving Uploaded Document in AsyncFileUpload1_UploadedComplete 
6/10/2015 4:54:30 PM: Started Saving Uploaded Document in AsyncFileUpload1_UploadedComplete 
6/10/2015 4:54:30 PM: Started Extracting Soft Data
6/10/2015 4:54:30 PM: Finished Saving Uploaded Document in AsyncFileUpload1_UploadedComplete 
6/10/2015 5:00:35 PM: Started Saving Uploaded Document in AsyncFileUpload1_UploadedComplete 
6/10/2015 5:00:36 PM: Started Extracting Soft Data
6/10/2015 5:00:36 PM: Exception:Selected file is not matching to Customer App.
6/10/2015 5:00:36 PM: Exception:Selected file is not matching to Customer App.
6/10/2015 5:00:41 PM: Started Saving Uploaded Document in AsyncFileUpload1_UploadedComplete 
6/10/2015 5:00:41 PM: Started Extracting Soft Data
6/10/2015 5:00:41 PM: Finished Saving Uploaded Document in AsyncFileUpload1_UploadedComplete 
6/10/2015 5:00:58 PM: Started Saving Uploaded Document in AsyncFileUpload1_UploadedComplete 
6/10/2015 5:00:58 PM: Started Extracting Soft Data
6/10/2015 5:00:58 PM: Exception:Selected file is not matching to Customer App.
6/10/2015 5:00:59 PM: Exception:Selected file is not matching to Customer App.
6/10/2015 5:01:04 PM: Started Saving Uploaded Document in AsyncFileUpload1_UploadedComplete 
6/10/2015 5:01:04 PM: Started Extracting Soft Data
6/10/2015 5:01:04 PM: Finished Saving Uploaded Document in AsyncFileUpload1_UploadedComplete 
6/10/2015 5:01:25 PM: Started Saving Uploaded Document in AsyncFileUpload1_UploadedComplete 
6/10/2015 5:01:25 PM: Started Extracting Soft Data
6/10/2015 5:01:25 PM: Exception:Selected file is not matching to Customer App.
6/10/2015 5:01:25 PM: Exception:Selected file is not matching to Customer App.
6/10/2015 5:01:30 PM: Started Saving Uploaded Document in AsyncFileUpload1_UploadedComplete 
6/10/2015 5:01:30 PM: Started Extracting Soft Data
6/10/2015 5:01:30 PM: Finished Saving Uploaded Document in AsyncFileUpload1_UploadedComplete 
6/10/2015 5:05:56 PM: Started Saving Uploaded Document in AsyncFileUpload1_UploadedComplete 
6/10/2015 5:05:56 PM: Started Extracting Soft Data
6/10/2015 5:05:57 PM: Finished Saving Uploaded Document in AsyncFileUpload1_UploadedComplete 
6/10/2015 5:07:16 PM: Started Saving Uploaded Document in AsyncFileUpload1_UploadedComplete 
6/10/2015 5:07:16 PM: Started Extracting Soft Data
6/10/2015 5:07:17 PM: Finished Saving Uploaded Document in AsyncFileUpload1_UploadedComplete 
6/10/2015 5:08:28 PM: Started Saving Uploaded Document in AsyncFileUpload1_UploadedComplete 
6/10/2015 5:08:28 PM: Started Extracting Soft Data
6/10/2015 5:08:29 PM: Finished Saving Uploaded Document in AsyncFileUpload1_UploadedComplete 
6/10/2015 5:22:50 PM: Started Saving Uploaded Document in AsyncFileUpload1_UploadedComplete 
6/10/2015 5:22:50 PM: Started Extracting Soft Data
6/10/2015 5:22:50 PM: Finished Saving Uploaded Document in AsyncFileUpload1_UploadedComplete 
6/10/2015 5:56:41 PM: Started Saving Uploaded Document in AsyncFileUpload1_UploadedComplete 
6/10/2015 5:56:41 PM: Started Extracting Soft Data
6/10/2015 5:57:42 PM: Finished Saving Uploaded Document in AsyncFileUpload1_UploadedComplete 
6/10/2015 6:12:42 PM: Started Saving Uploaded Document in AsyncFileUpload1_UploadedComplete 
6/10/2015 6:12:42 PM: Started Extracting Soft Data
6/10/2015 6:12:46 PM: Finished Saving Uploaded Document in AsyncFileUpload1_UploadedComplete 
6/10/2015 6:14:51 PM: Started Saving Uploaded Document in AsyncFileUpload1_UploadedComplete 
6/10/2015 6:14:51 PM: Started Extracting Soft Data
6/10/2015 6:14:55 PM: Finished Saving Uploaded Document in AsyncFileUpload1_UploadedComplete 
6/10/2015 6:16:51 PM: Started Saving Uploaded Document in AsyncFileUpload1_UploadedComplete 
6/10/2015 6:16:51 PM: Started Extracting Soft Data
6/10/2015 6:16:54 PM: Finished Saving Uploaded Document in AsyncFileUpload1_UploadedComplete 
6/10/2015 6:39:26 PM: pBindData started
6/10/2015 6:39:26 PM: pBindData finished
6/10/2015 6:39:41 PM: Started Saving Uploaded Document in AsyncFileUpload1_UploadedComplete 
6/10/2015 6:39:41 PM: Started Extracting Soft Data
6/10/2015 6:39:45 PM: Finished Saving Uploaded Document in AsyncFileUpload1_UploadedComplete 
