7/3/2015 10:30:02 AM: Dataentry Type of the stage : Form
7/3/2015 10:30:02 AM: Get all stage related data from database
7/3/2015 10:30:02 AM: Virtual folder path of data entry images/Images/DataEntry/318a5a06-6c14-47e8-b820-482e4b5b9f18/12/16/209
7/3/2015 10:30:02 AM: controls binded successfully
7/3/2015 10:52:18 AM: CreateLinKs started
7/3/2015 10:52:18 AM: CreateLinKs started
7/3/2015 10:52:18 AM: CreateLinKs started
7/3/2015 10:52:18 AM: CreateLinKs started
7/3/2015 10:52:18 AM: CreateLinKs started
7/3/2015 10:52:18 AM: CreateLinKs started
7/3/2015 10:54:02 AM: CreateLinKs started
7/3/2015 10:54:02 AM: CreateLinKs started
7/3/2015 10:54:02 AM: CreateLinKs started
7/3/2015 10:54:02 AM: CreateLinKs started
7/3/2015 10:54:02 AM: CreateLinKs started
7/3/2015 10:54:02 AM: CreateLinKs started
7/3/2015 10:56:37 AM: DataEntryTypes count : 3
7/3/2015 12:51:24 PM: DataEntryTypes count : 3
7/3/2015 12:53:05 PM: DataEntryTypes count : 3
7/3/2015 12:54:15 PM: DataEntryTypes count : 3
7/3/2015 3:21:06 PM: IntitialLoadGrid Started:-
7/3/2015 3:21:10 PM: IntitialLoadGrid Completed:-
7/3/2015 3:26:32 PM: IntitialLoadGrid Started:-
7/3/2015 3:26:35 PM: IntitialLoadGrid Completed:-
