8/12/2015 11:45:06 AM: BindDocumentType started
8/12/2015 11:45:06 AM: BindDocumentType finished
8/12/2015 11:45:11 AM: IntitialLoadGrid Started:-
8/12/2015 11:45:12 AM: CreateLinKs started
8/12/2015 11:45:12 AM: CreateLinKs started
8/12/2015 11:45:12 AM: CreateLinKs started
8/12/2015 11:45:12 AM: CreateLinKs started
8/12/2015 11:45:12 AM: CreateLinKs started
8/12/2015 11:45:12 AM: CreateLinKs started
8/12/2015 11:45:12 AM: CreateLinKs started
8/12/2015 11:45:12 AM: CreateLinKs started
8/12/2015 11:45:12 AM: IntitialLoadGrid Completed:-
8/12/2015 11:45:18 AM: IntitialLoadGrid Started:-
8/12/2015 11:45:18 AM: CreateLinKs started
8/12/2015 11:45:18 AM: CreateLinKs started
8/12/2015 11:45:18 AM: CreateLinKs started
8/12/2015 11:45:18 AM: CreateLinKs started
8/12/2015 11:45:18 AM: CreateLinKs started
8/12/2015 11:45:18 AM: CreateLinKs started
8/12/2015 11:45:18 AM: CreateLinKs started
8/12/2015 11:45:18 AM: CreateLinKs started
8/12/2015 11:45:18 AM: IntitialLoadGrid Completed:-
