7/29/2015 12:22:30 PM: createControls Started
7/29/2015 12:22:31 PM: Createcontrols,Load all Dropdownlist dynamic
7/29/2015 12:22:31 PM: Createcontrols,Load all Dropdownlist dynamic
7/29/2015 12:22:31 PM: Create controls,Load all Textbox dynamic
7/29/2015 12:22:31 PM: Create controls,Load all Textbox dynamic
7/29/2015 12:22:31 PM: Create controls,Load all Textbox dynamic
7/29/2015 12:22:31 PM: Create controls,Load all Textbox dynamic
7/29/2015 12:22:31 PM: Create controls,Load all Textbox dynamic
7/29/2015 12:22:31 PM: Create controls,Load all Textbox dynamic
7/29/2015 12:22:31 PM: createControls Finished
7/29/2015 12:22:31 PM: generatecontrols Started
7/29/2015 12:22:31 PM: Calling database to get reference id and watermark.
7/29/2015 12:22:31 PM: Database returned result: DM_AD_1_1_1177|Lotex Business Solutions
7/29/2015 12:22:31 PM: generatecontrols,Load all Dropdownlist dynamic
7/29/2015 12:22:31 PM: generatecontrols,Load all Dropdownlist dynamic
7/29/2015 12:22:31 PM: Generatecontrols,Load all Textbox dynamic
7/29/2015 12:22:31 PM: Generatecontrols,Load all Textbox dynamic
7/29/2015 12:22:31 PM: Generatecontrols,Load all Textbox dynamic
7/29/2015 12:22:31 PM: Generatecontrols,Load all Textbox dynamic
7/29/2015 12:22:31 PM: Generatecontrols,Load all Textbox dynamic
7/29/2015 12:22:31 PM: Generatecontrols,Load all Textbox dynamic
7/29/2015 12:22:40 PM: createControls Started
7/29/2015 12:22:40 PM: Createcontrols,Load all Dropdownlist dynamic
7/29/2015 12:22:40 PM: Createcontrols,Load all Dropdownlist dynamic
7/29/2015 12:22:40 PM: Create controls,Load all Textbox dynamic
7/29/2015 12:22:40 PM: Create controls,Load all Textbox dynamic
7/29/2015 12:22:40 PM: Create controls,Load all Textbox dynamic
7/29/2015 12:22:40 PM: Create controls,Load all Textbox dynamic
7/29/2015 12:22:40 PM: Create controls,Load all Textbox dynamic
7/29/2015 12:22:40 PM: Create controls,Load all Textbox dynamic
7/29/2015 12:22:40 PM: createControls Finished
7/29/2015 12:22:40 PM: AsyncFileUpload1_UploadedComplete Started
7/29/2015 12:22:40 PM: Started Saving Uploaded Document in AsyncFileUpload1_UploadedComplete 
7/29/2015 12:22:40 PM: Finished Saving Uploaded Document in AsyncFileUpload1_UploadedComplete 
7/29/2015 12:22:40 PM: AsyncFileUpload1_UploadedComplete Finished
7/29/2015 12:22:42 PM: createControls Started
7/29/2015 12:22:42 PM: Createcontrols,Load all Dropdownlist dynamic
7/29/2015 12:22:42 PM: Createcontrols,Load all Dropdownlist dynamic
7/29/2015 12:22:42 PM: Create controls,Load all Textbox dynamic
7/29/2015 12:22:42 PM: Create controls,Load all Textbox dynamic
7/29/2015 12:22:42 PM: Create controls,Load all Textbox dynamic
7/29/2015 12:22:42 PM: Create controls,Load all Textbox dynamic
7/29/2015 12:22:42 PM: Create controls,Load all Textbox dynamic
7/29/2015 12:22:42 PM: Create controls,Load all Textbox dynamic
7/29/2015 12:22:42 PM: createControls Finished
7/29/2015 12:22:42 PM: btnSubmit_Click Started
7/29/2015 12:22:42 PM: btnSubmit_Click Finished
7/29/2015 12:22:45 PM: createControls Started
7/29/2015 12:22:45 PM: Createcontrols,Load all Dropdownlist dynamic
7/29/2015 12:22:45 PM: Createcontrols,Load all Dropdownlist dynamic
7/29/2015 12:22:45 PM: Create controls,Load all Textbox dynamic
7/29/2015 12:22:45 PM: Create controls,Load all Textbox dynamic
7/29/2015 12:22:45 PM: Create controls,Load all Textbox dynamic
7/29/2015 12:22:45 PM: Create controls,Load all Textbox dynamic
7/29/2015 12:22:45 PM: Create controls,Load all Textbox dynamic
7/29/2015 12:22:45 PM: Create controls,Load all Textbox dynamic
7/29/2015 12:22:45 PM: createControls Finished
7/29/2015 12:22:47 PM: createControls Started
7/29/2015 12:22:47 PM: Createcontrols,Load all Dropdownlist dynamic
7/29/2015 12:22:47 PM: Createcontrols,Load all Dropdownlist dynamic
7/29/2015 12:22:47 PM: Create controls,Load all Textbox dynamic
7/29/2015 12:22:47 PM: Create controls,Load all Textbox dynamic
7/29/2015 12:22:47 PM: Create controls,Load all Textbox dynamic
7/29/2015 12:22:47 PM: Create controls,Load all Textbox dynamic
7/29/2015 12:22:47 PM: Create controls,Load all Textbox dynamic
7/29/2015 12:22:47 PM: Create controls,Load all Textbox dynamic
7/29/2015 12:22:47 PM: createControls Finished
7/29/2015 12:22:52 PM: createControls Started
7/29/2015 12:22:52 PM: Createcontrols,Load all Dropdownlist dynamic
7/29/2015 12:22:52 PM: Createcontrols,Load all Dropdownlist dynamic
7/29/2015 12:22:52 PM: Create controls,Load all Textbox dynamic
7/29/2015 12:22:52 PM: Create controls,Load all Textbox dynamic
7/29/2015 12:22:52 PM: Create controls,Load all Textbox dynamic
7/29/2015 12:22:52 PM: Create controls,Load all Textbox dynamic
7/29/2015 12:22:52 PM: Create controls,Load all Textbox dynamic
7/29/2015 12:22:52 PM: Create controls,Load all Textbox dynamic
7/29/2015 12:22:52 PM: createControls Finished
7/29/2015 12:22:52 PM: Started Saving Uploaded Document in Save Button Click
7/29/2015 12:22:52 PM: AsyncFileUpload1_UploadedComplete Started
7/29/2015 12:22:52 PM: AsyncFileUpload1_UploadedComplete Finished
7/29/2015 12:22:52 PM: GetDBFieldName the DBFld UPLOAD_vFld1
7/29/2015 12:22:52 PM: GetDBFieldName the DBFld UPLOAD_vFld2
7/29/2015 12:22:52 PM: GetDBFieldName the DBFld UPLOAD_vFld5
7/29/2015 12:22:52 PM: GetDBFieldName the DBFld UPLOAD_vFld6
7/29/2015 12:22:52 PM: GetDBFieldName the DBFld UPLOAD_vFld7
7/29/2015 12:22:52 PM: GetDBFieldName the DBFld UPLOAD_vFld8
7/29/2015 12:22:52 PM: GetDBFieldName the DBFld UPLOAD_vFld9
7/29/2015 12:22:52 PM: GetDBFieldName the DBFld UPLOAD_vFld10
7/29/2015 12:22:54 PM: CreateXML Started:-
7/29/2015 12:22:54 PM: CreateXML Completed:-
7/29/2015 12:22:54 PM: Save button click after saving or updating the ReturnCode= 0
7/29/2015 12:22:54 PM: Exception : Thread was being aborted.
7/29/2015 12:22:54 PM: createControls Started
7/29/2015 12:22:54 PM: Createcontrols,Load all Dropdownlist dynamic
7/29/2015 12:22:54 PM: Createcontrols,Load all Dropdownlist dynamic
7/29/2015 12:22:54 PM: Create controls,Load all Textbox dynamic
7/29/2015 12:22:54 PM: Create controls,Load all Textbox dynamic
7/29/2015 12:22:54 PM: Create controls,Load all Textbox dynamic
7/29/2015 12:22:54 PM: Create controls,Load all Textbox dynamic
7/29/2015 12:22:54 PM: Create controls,Load all Textbox dynamic
7/29/2015 12:22:54 PM: Create controls,Load all Textbox dynamic
7/29/2015 12:22:54 PM: createControls Finished
7/29/2015 12:22:54 PM: Started Saving Uploaded Document in Save Button Click
7/29/2015 12:22:54 PM: AsyncFileUpload1_UploadedComplete Started
7/29/2015 12:22:54 PM: AsyncFileUpload1_UploadedComplete Finished
7/29/2015 12:22:54 PM: Exception : The file 'D:\TEMPWDMSDocument\UploadedDocuments\global\1\2015-07-29\RE1fQURfMV8xXzExNzc=\leave_summary.pdf' already exists.
7/29/2015 12:22:54 PM: AsyncFileUpload1_UploadedComplete Started
7/29/2015 12:22:54 PM: Started Saving Uploaded Document in AsyncFileUpload1_UploadedComplete 
7/29/2015 12:22:54 PM: Finished Saving Uploaded Document in AsyncFileUpload1_UploadedComplete 
7/29/2015 12:22:54 PM: AsyncFileUpload1_UploadedComplete Finished
7/29/2015 12:23:22 PM: createControls Started
7/29/2015 12:23:22 PM: Createcontrols,Load all Dropdownlist dynamic
7/29/2015 12:23:22 PM: Createcontrols,Load all Dropdownlist dynamic
7/29/2015 12:23:23 PM: Create controls,Load all Textbox dynamic
7/29/2015 12:23:23 PM: Create controls,Load all Textbox dynamic
7/29/2015 12:23:23 PM: Create controls,Load all Textbox dynamic
7/29/2015 12:23:23 PM: Create controls,Load all Textbox dynamic
7/29/2015 12:23:23 PM: Create controls,Load all Textbox dynamic
7/29/2015 12:23:23 PM: Create controls,Load all Textbox dynamic
7/29/2015 12:23:23 PM: createControls Finished
7/29/2015 12:24:00 PM: createControls Started
7/29/2015 12:24:00 PM: Createcontrols,Load all Dropdownlist dynamic
7/29/2015 12:24:00 PM: Createcontrols,Load all Dropdownlist dynamic
7/29/2015 12:24:00 PM: Create controls,Load all Textbox dynamic
7/29/2015 12:24:00 PM: Create controls,Load all Textbox dynamic
7/29/2015 12:24:01 PM: Create controls,Load all Textbox dynamic
7/29/2015 12:24:01 PM: Create controls,Load all Textbox dynamic
7/29/2015 12:24:01 PM: Create controls,Load all Textbox dynamic
7/29/2015 12:24:01 PM: Create controls,Load all Textbox dynamic
7/29/2015 12:24:01 PM: createControls Finished
7/29/2015 12:24:01 PM: generatecontrols Started
7/29/2015 12:24:01 PM: Calling database to get reference id and watermark.
7/29/2015 12:24:01 PM: Database returned result: DM_AD_1_1_1178|Lotex Business Solutions
7/29/2015 12:24:01 PM: generatecontrols,Load all Dropdownlist dynamic
7/29/2015 12:24:01 PM: generatecontrols,Load all Dropdownlist dynamic
7/29/2015 12:24:01 PM: Generatecontrols,Load all Textbox dynamic
7/29/2015 12:24:01 PM: Generatecontrols,Load all Textbox dynamic
7/29/2015 12:24:01 PM: Generatecontrols,Load all Textbox dynamic
7/29/2015 12:24:01 PM: Generatecontrols,Load all Textbox dynamic
7/29/2015 12:24:01 PM: Generatecontrols,Load all Textbox dynamic
7/29/2015 12:24:01 PM: Generatecontrols,Load all Textbox dynamic
7/29/2015 12:24:13 PM: createControls Started
7/29/2015 12:24:13 PM: Createcontrols,Load all Dropdownlist dynamic
7/29/2015 12:24:13 PM: Createcontrols,Load all Dropdownlist dynamic
7/29/2015 12:24:13 PM: Create controls,Load all Textbox dynamic
7/29/2015 12:24:13 PM: Create controls,Load all Textbox dynamic
7/29/2015 12:24:13 PM: Create controls,Load all Textbox dynamic
7/29/2015 12:24:13 PM: Create controls,Load all Textbox dynamic
7/29/2015 12:24:13 PM: Create controls,Load all Textbox dynamic
7/29/2015 12:24:13 PM: Create controls,Load all Textbox dynamic
7/29/2015 12:24:13 PM: createControls Finished
7/29/2015 12:24:13 PM: AsyncFileUpload1_UploadedComplete Started
7/29/2015 12:24:13 PM: Started Saving Uploaded Document in AsyncFileUpload1_UploadedComplete 
7/29/2015 12:24:13 PM: Finished Saving Uploaded Document in AsyncFileUpload1_UploadedComplete 
7/29/2015 12:24:13 PM: AsyncFileUpload1_UploadedComplete Finished
7/29/2015 12:24:14 PM: createControls Started
7/29/2015 12:24:14 PM: Createcontrols,Load all Dropdownlist dynamic
7/29/2015 12:24:14 PM: Createcontrols,Load all Dropdownlist dynamic
7/29/2015 12:24:14 PM: Create controls,Load all Textbox dynamic
7/29/2015 12:24:14 PM: Create controls,Load all Textbox dynamic
7/29/2015 12:24:14 PM: Create controls,Load all Textbox dynamic
7/29/2015 12:24:14 PM: Create controls,Load all Textbox dynamic
7/29/2015 12:24:14 PM: Create controls,Load all Textbox dynamic
7/29/2015 12:24:14 PM: Create controls,Load all Textbox dynamic
7/29/2015 12:24:15 PM: createControls Finished
7/29/2015 12:24:15 PM: btnSubmit_Click Started
7/29/2015 12:24:15 PM: btnSubmit_Click Finished
7/29/2015 12:24:16 PM: createControls Started
7/29/2015 12:24:16 PM: Createcontrols,Load all Dropdownlist dynamic
7/29/2015 12:24:16 PM: Createcontrols,Load all Dropdownlist dynamic
7/29/2015 12:24:16 PM: Create controls,Load all Textbox dynamic
7/29/2015 12:24:16 PM: Create controls,Load all Textbox dynamic
7/29/2015 12:24:16 PM: Create controls,Load all Textbox dynamic
7/29/2015 12:24:16 PM: Create controls,Load all Textbox dynamic
7/29/2015 12:24:16 PM: Create controls,Load all Textbox dynamic
7/29/2015 12:24:16 PM: Create controls,Load all Textbox dynamic
7/29/2015 12:24:16 PM: createControls Finished
7/29/2015 12:24:16 PM: Started Saving Uploaded Document in Save Button Click
7/29/2015 12:24:16 PM: AsyncFileUpload1_UploadedComplete Started
7/29/2015 12:24:16 PM: AsyncFileUpload1_UploadedComplete Finished
7/29/2015 12:24:16 PM: GetDBFieldName the DBFld UPLOAD_vFld1
7/29/2015 12:24:16 PM: GetDBFieldName the DBFld UPLOAD_vFld2
7/29/2015 12:24:16 PM: GetDBFieldName the DBFld UPLOAD_vFld5
7/29/2015 12:24:16 PM: GetDBFieldName the DBFld UPLOAD_vFld6
7/29/2015 12:24:16 PM: GetDBFieldName the DBFld UPLOAD_vFld7
7/29/2015 12:24:16 PM: GetDBFieldName the DBFld UPLOAD_vFld8
7/29/2015 12:24:16 PM: GetDBFieldName the DBFld UPLOAD_vFld9
7/29/2015 12:24:16 PM: GetDBFieldName the DBFld UPLOAD_vFld10
7/29/2015 12:24:16 PM: CreateXML Started:-
7/29/2015 12:24:16 PM: CreateXML Completed:-
7/29/2015 12:24:17 PM: Save button click after saving or updating the ReturnCode= 0
7/29/2015 12:24:17 PM: Exception : Thread was being aborted.
7/29/2015 12:33:14 PM: createControls Started
7/29/2015 12:33:14 PM: Createcontrols,Load all Dropdownlist dynamic
7/29/2015 12:33:14 PM: Createcontrols,Load all Dropdownlist dynamic
7/29/2015 12:33:14 PM: Create controls,Load all Textbox dynamic
7/29/2015 12:33:14 PM: Create controls,Load all Textbox dynamic
7/29/2015 12:33:14 PM: Create controls,Load all Textbox dynamic
7/29/2015 12:33:14 PM: Create controls,Load all Textbox dynamic
7/29/2015 12:33:14 PM: Create controls,Load all Textbox dynamic
7/29/2015 12:33:14 PM: Create controls,Load all Textbox dynamic
7/29/2015 12:33:14 PM: createControls Finished
7/29/2015 12:33:14 PM: generatecontrols Started
7/29/2015 12:33:14 PM: Calling database to get reference id and watermark.
7/29/2015 12:33:14 PM: Database returned result: DM_AD_1_1_1179|Lotex Business Solutions
7/29/2015 12:33:14 PM: generatecontrols,Load all Dropdownlist dynamic
7/29/2015 12:33:14 PM: generatecontrols,Load all Dropdownlist dynamic
7/29/2015 12:33:14 PM: Generatecontrols,Load all Textbox dynamic
7/29/2015 12:33:14 PM: Generatecontrols,Load all Textbox dynamic
7/29/2015 12:33:14 PM: Generatecontrols,Load all Textbox dynamic
7/29/2015 12:33:14 PM: Generatecontrols,Load all Textbox dynamic
7/29/2015 12:33:14 PM: Generatecontrols,Load all Textbox dynamic
7/29/2015 12:33:14 PM: Generatecontrols,Load all Textbox dynamic
7/29/2015 12:33:21 PM: createControls Started
7/29/2015 12:33:21 PM: Createcontrols,Load all Dropdownlist dynamic
7/29/2015 12:33:21 PM: Createcontrols,Load all Dropdownlist dynamic
7/29/2015 12:33:21 PM: Create controls,Load all Textbox dynamic
7/29/2015 12:33:21 PM: Create controls,Load all Textbox dynamic
7/29/2015 12:33:21 PM: Create controls,Load all Textbox dynamic
7/29/2015 12:33:21 PM: Create controls,Load all Textbox dynamic
7/29/2015 12:33:21 PM: Create controls,Load all Textbox dynamic
7/29/2015 12:33:21 PM: Create controls,Load all Textbox dynamic
7/29/2015 12:33:21 PM: createControls Finished
7/29/2015 12:33:21 PM: AsyncFileUpload1_UploadedComplete Started
7/29/2015 12:33:21 PM: Started Saving Uploaded Document in AsyncFileUpload1_UploadedComplete 
7/29/2015 12:33:21 PM: Finished Saving Uploaded Document in AsyncFileUpload1_UploadedComplete 
7/29/2015 12:33:21 PM: AsyncFileUpload1_UploadedComplete Finished
7/29/2015 12:33:22 PM: createControls Started
7/29/2015 12:33:22 PM: Createcontrols,Load all Dropdownlist dynamic
7/29/2015 12:33:22 PM: Createcontrols,Load all Dropdownlist dynamic
7/29/2015 12:33:22 PM: Create controls,Load all Textbox dynamic
7/29/2015 12:33:22 PM: Create controls,Load all Textbox dynamic
7/29/2015 12:33:22 PM: Create controls,Load all Textbox dynamic
7/29/2015 12:33:22 PM: Create controls,Load all Textbox dynamic
7/29/2015 12:33:22 PM: Create controls,Load all Textbox dynamic
7/29/2015 12:33:22 PM: Create controls,Load all Textbox dynamic
7/29/2015 12:33:22 PM: createControls Finished
7/29/2015 12:33:22 PM: btnSubmit_Click Started
7/29/2015 12:33:22 PM: btnSubmit_Click Finished
7/29/2015 12:33:25 PM: createControls Started
7/29/2015 12:33:25 PM: Createcontrols,Load all Dropdownlist dynamic
7/29/2015 12:33:25 PM: Createcontrols,Load all Dropdownlist dynamic
7/29/2015 12:33:25 PM: Create controls,Load all Textbox dynamic
7/29/2015 12:33:25 PM: Create controls,Load all Textbox dynamic
7/29/2015 12:33:25 PM: Create controls,Load all Textbox dynamic
7/29/2015 12:33:25 PM: Create controls,Load all Textbox dynamic
7/29/2015 12:33:25 PM: Create controls,Load all Textbox dynamic
7/29/2015 12:33:25 PM: Create controls,Load all Textbox dynamic
7/29/2015 12:33:25 PM: createControls Finished
7/29/2015 12:33:25 PM: Started Saving Uploaded Document in Save Button Click
7/29/2015 12:33:25 PM: AsyncFileUpload1_UploadedComplete Started
7/29/2015 12:33:25 PM: AsyncFileUpload1_UploadedComplete Finished
7/29/2015 12:33:26 PM: GetDBFieldName the DBFld UPLOAD_vFld1
7/29/2015 12:33:26 PM: GetDBFieldName the DBFld UPLOAD_vFld2
7/29/2015 12:33:26 PM: GetDBFieldName the DBFld UPLOAD_vFld5
7/29/2015 12:33:26 PM: GetDBFieldName the DBFld UPLOAD_vFld6
7/29/2015 12:33:26 PM: GetDBFieldName the DBFld UPLOAD_vFld7
7/29/2015 12:33:26 PM: GetDBFieldName the DBFld UPLOAD_vFld8
7/29/2015 12:33:26 PM: GetDBFieldName the DBFld UPLOAD_vFld9
7/29/2015 12:33:26 PM: GetDBFieldName the DBFld UPLOAD_vFld10
7/29/2015 12:33:26 PM: CreateXML Started:-
7/29/2015 12:33:26 PM: CreateXML Completed:-
7/29/2015 12:33:26 PM: Save button click after saving or updating the ReturnCode= 0
7/29/2015 12:33:26 PM: Exception : Thread was being aborted.
7/29/2015 12:34:02 PM: IntitialLoadGrid Started:-
7/29/2015 12:34:02 PM: CreateLinKs started
7/29/2015 12:34:02 PM: CreateLinKs started
7/29/2015 12:34:02 PM: CreateLinKs started
7/29/2015 12:34:02 PM: CreateLinKs started
7/29/2015 12:34:02 PM: CreateLinKs started
7/29/2015 12:34:02 PM: CreateLinKs started
7/29/2015 12:34:02 PM: CreateLinKs started
7/29/2015 12:34:02 PM: CreateLinKs started
7/29/2015 12:34:02 PM: IntitialLoadGrid Completed:-
