6/12/2015 10:52:33 AM: Started Saving Uploaded Document in AsyncFileUpload1_UploadedComplete 
6/12/2015 10:52:34 AM: Started Extracting Soft Data
6/12/2015 10:52:40 AM: Finished Saving Uploaded Document in AsyncFileUpload1_UploadedComplete 
6/12/2015 10:55:31 AM: Started Saving Uploaded Document in AsyncFileUpload1_UploadedComplete 
6/12/2015 10:55:32 AM: Started Extracting Soft Data
6/12/2015 10:55:34 AM: Finished Saving Uploaded Document in AsyncFileUpload1_UploadedComplete 
6/12/2015 11:15:12 AM: Started Saving Uploaded Document in AsyncFileUpload1_UploadedComplete 
6/12/2015 11:15:12 AM: Started Extracting Soft Data
6/12/2015 11:15:13 AM: Exception:Thread was being aborted.
6/12/2015 11:15:13 AM: Exception:Thread was being aborted.
6/12/2015 11:15:44 AM: Started Saving Uploaded Document in AsyncFileUpload1_UploadedComplete 
6/12/2015 11:15:44 AM: Started Extracting Soft Data
6/12/2015 11:15:48 AM: Finished Saving Uploaded Document in AsyncFileUpload1_UploadedComplete 
6/12/2015 2:17:08 PM: Started Saving Uploaded Document in AsyncFileUpload1_UploadedComplete 
6/12/2015 2:17:08 PM: Started Extracting Soft Data
6/12/2015 2:17:13 PM: Finished Saving Uploaded Document in AsyncFileUpload1_UploadedComplete 
6/12/2015 2:27:35 PM: Started Saving Uploaded Document in AsyncFileUpload1_UploadedComplete 
6/12/2015 2:27:36 PM: Started Extracting Soft Data
6/12/2015 2:27:43 PM: Finished Saving Uploaded Document in AsyncFileUpload1_UploadedComplete 
6/12/2015 2:28:22 PM: Started Saving Uploaded Document in AsyncFileUpload1_UploadedComplete 
6/12/2015 2:28:22 PM: Started Extracting Soft Data
6/12/2015 2:28:29 PM: Finished Saving Uploaded Document in AsyncFileUpload1_UploadedComplete 
6/12/2015 2:41:08 PM: Started Saving Uploaded Document in AsyncFileUpload1_UploadedComplete 
6/12/2015 2:41:09 PM: Started Extracting Soft Data
6/12/2015 2:41:13 PM: Finished Saving Uploaded Document in AsyncFileUpload1_UploadedComplete 
6/12/2015 2:52:40 PM: Started Saving Uploaded Document in AsyncFileUpload1_UploadedComplete 
6/12/2015 2:52:40 PM: Started Extracting Soft Data
6/12/2015 2:52:46 PM: Finished Saving Uploaded Document in AsyncFileUpload1_UploadedComplete 
6/12/2015 2:53:11 PM: Started Saving Uploaded Document in AsyncFileUpload1_UploadedComplete 
6/12/2015 2:53:11 PM: Started Extracting Soft Data
6/12/2015 2:53:16 PM: Finished Saving Uploaded Document in AsyncFileUpload1_UploadedComplete 
6/12/2015 2:59:06 PM: Started Saving Uploaded Document in AsyncFileUpload1_UploadedComplete 
6/12/2015 2:59:06 PM: Started Extracting Soft Data
6/12/2015 2:59:08 PM: Finished Saving Uploaded Document in AsyncFileUpload1_UploadedComplete 
6/12/2015 3:31:43 PM: Started Saving Uploaded Document in AsyncFileUpload1_UploadedComplete 
6/12/2015 3:31:43 PM: Started Extracting Soft Data
6/12/2015 3:31:45 PM: Finished Saving Uploaded Document in AsyncFileUpload1_UploadedComplete 
6/12/2015 3:32:52 PM: Started Saving Uploaded Document in AsyncFileUpload1_UploadedComplete 
6/12/2015 3:32:52 PM: Started Extracting Soft Data
6/12/2015 3:32:54 PM: Finished Saving Uploaded Document in AsyncFileUpload1_UploadedComplete 
6/12/2015 3:34:08 PM: Started Saving Uploaded Document in AsyncFileUpload1_UploadedComplete 
6/12/2015 3:34:08 PM: Started Extracting Soft Data
6/12/2015 3:34:10 PM: Finished Saving Uploaded Document in AsyncFileUpload1_UploadedComplete 
6/12/2015 3:37:27 PM: Started Saving Uploaded Document in AsyncFileUpload1_UploadedComplete 
6/12/2015 3:37:27 PM: Started Extracting Soft Data
6/12/2015 3:37:30 PM: Finished Saving Uploaded Document in AsyncFileUpload1_UploadedComplete 
6/12/2015 3:38:45 PM: Started Saving Uploaded Document in AsyncFileUpload1_UploadedComplete 
6/12/2015 3:38:45 PM: Started Extracting Soft Data
6/12/2015 3:38:47 PM: Finished Saving Uploaded Document in AsyncFileUpload1_UploadedComplete 
6/12/2015 3:40:34 PM: Started Saving Uploaded Document in AsyncFileUpload1_UploadedComplete 
6/12/2015 3:40:34 PM: Started Extracting Soft Data
6/12/2015 3:40:36 PM: Finished Saving Uploaded Document in AsyncFileUpload1_UploadedComplete 
6/12/2015 3:40:57 PM: Started Saving Uploaded Document in AsyncFileUpload1_UploadedComplete 
6/12/2015 3:40:57 PM: Started Extracting Soft Data
6/12/2015 3:40:59 PM: Finished Saving Uploaded Document in AsyncFileUpload1_UploadedComplete 
6/12/2015 3:43:56 PM: Started Saving Uploaded Document in AsyncFileUpload1_UploadedComplete 
6/12/2015 3:43:57 PM: Started Extracting Soft Data
6/12/2015 3:43:59 PM: Finished Saving Uploaded Document in AsyncFileUpload1_UploadedComplete 
6/12/2015 3:44:16 PM: Started Saving Uploaded Document in AsyncFileUpload1_UploadedComplete 
6/12/2015 3:44:16 PM: Started Extracting Soft Data
6/12/2015 3:44:18 PM: Finished Saving Uploaded Document in AsyncFileUpload1_UploadedComplete 
6/12/2015 3:49:10 PM: Started Saving Uploaded Document in AsyncFileUpload1_UploadedComplete 
6/12/2015 3:49:10 PM: Started Extracting Soft Data
6/12/2015 3:49:13 PM: Finished Saving Uploaded Document in AsyncFileUpload1_UploadedComplete 
6/12/2015 3:52:32 PM: Started Saving Uploaded Document in AsyncFileUpload1_UploadedComplete 
6/12/2015 3:52:32 PM: Started Extracting Soft Data
6/12/2015 3:52:35 PM: Finished Saving Uploaded Document in AsyncFileUpload1_UploadedComplete 
6/12/2015 3:54:46 PM: Started Saving Uploaded Document in AsyncFileUpload1_UploadedComplete 
6/12/2015 3:54:47 PM: Started Extracting Soft Data
6/12/2015 3:54:49 PM: Finished Saving Uploaded Document in AsyncFileUpload1_UploadedComplete 
6/12/2015 3:57:03 PM: Started Saving Uploaded Document in AsyncFileUpload1_UploadedComplete 
6/12/2015 3:57:03 PM: Started Extracting Soft Data
6/12/2015 3:57:04 PM: Finished Saving Uploaded Document in AsyncFileUpload1_UploadedComplete 
6/12/2015 3:58:40 PM: Started Saving Uploaded Document in AsyncFileUpload1_UploadedComplete 
6/12/2015 3:58:40 PM: Started Extracting Soft Data
6/12/2015 3:58:42 PM: Finished Saving Uploaded Document in AsyncFileUpload1_UploadedComplete 
6/12/2015 3:59:43 PM: Started Saving Uploaded Document in AsyncFileUpload1_UploadedComplete 
6/12/2015 3:59:43 PM: Started Extracting Soft Data
6/12/2015 3:59:45 PM: Finished Saving Uploaded Document in AsyncFileUpload1_UploadedComplete 
6/12/2015 4:07:11 PM: Started Saving Uploaded Document in AsyncFileUpload1_UploadedComplete 
6/12/2015 4:07:11 PM: Started Extracting Soft Data
6/12/2015 4:07:13 PM: Finished Saving Uploaded Document in AsyncFileUpload1_UploadedComplete 
