4/9/2015 11:35:21 AM: DataEntryTypes count : 3
4/9/2015 11:35:28 AM: Dataentry Type of the stage : Normal
4/9/2015 11:35:28 AM: TemplatefilePath from database : 
4/9/2015 11:35:28 AM: Loading image based on page number for coordinate capturing
4/9/2015 11:35:28 AM: ImagePath for binding the viewer: /Images/3/5/12/1.
4/9/2015 11:35:35 AM: Dataentry Type of the stage : Normal
4/9/2015 11:35:35 AM: retrive the data from textbox to save the values
4/9/2015 11:35:37 AM: Dataentry Type of the stage : Normal
4/9/2015 11:35:40 AM: Dataentry Type of the stage : Normal
4/9/2015 11:35:41 AM: TemplatefilePath from database : 
4/9/2015 11:35:41 AM: Loading image based on page number for coordinate capturing
4/9/2015 11:35:41 AM: ImagePath for binding the viewer: /Images/3/5/12/1.
4/9/2015 11:35:41 AM: Retrived the data to bind the controls
4/9/2015 11:35:41 AM: All controls values binded properly
4/9/2015 11:35:45 AM: Dataentry Type of the stage : Normal
4/9/2015 11:35:45 AM: retrive the data from textbox to save the values
4/9/2015 11:35:45 AM: Save completed successfully: 
4/9/2015 11:35:48 AM: Dataentry Type of the stage : Normal
4/9/2015 11:35:48 AM: TemplatefilePath from database : 
4/9/2015 11:35:48 AM: Loading image based on page number for coordinate capturing
4/9/2015 11:35:48 AM: ImagePath for binding the viewer: /Images/3/5/12/1.
4/9/2015 11:35:48 AM: Retrived the data to bind the controls
4/9/2015 11:35:48 AM: All controls values binded properly
4/9/2015 11:35:53 AM: Dataentry Type of the stage : Normal
4/9/2015 11:35:53 AM: retrive the data from textbox to save the values
4/9/2015 11:35:53 AM: Save completed successfully: 
4/9/2015 11:36:55 AM: Dataentry Type of the stage : Normal
4/9/2015 11:36:55 AM: TemplatefilePath from database : 
4/9/2015 11:36:55 AM: Loading image based on page number for coordinate capturing
4/9/2015 11:36:55 AM: ImagePath for binding the viewer: /Images/3/5/12/1.
4/9/2015 11:37:00 AM: Retrived the data to bind the controls
4/9/2015 11:37:00 AM: All controls values binded properly
4/9/2015 11:37:04 AM: Dataentry Type of the stage : Normal
4/9/2015 11:37:05 AM: retrive the data from textbox to save the values
4/9/2015 11:37:21 AM: Save completed successfully: 
4/9/2015 11:38:27 AM: DataEntryTypes count : 3
4/9/2015 11:38:36 AM: Dataentry Type of the stage : Normal
4/9/2015 11:38:36 AM: TemplatefilePath from database : 
4/9/2015 11:38:36 AM: Loading image based on page number for coordinate capturing
4/9/2015 11:38:36 AM: ImagePath for binding the viewer: /Images/3/5/12/1.
4/9/2015 11:38:36 AM: Retrived the data to bind the controls
4/9/2015 11:38:36 AM: All controls values binded properly
4/9/2015 11:38:39 AM: Dataentry Type of the stage : Normal
4/9/2015 11:38:39 AM: retrive the data from textbox to save the values
4/9/2015 11:38:39 AM: Save completed successfully: 
4/9/2015 11:38:42 AM: Dataentry Type of the stage : Normal
4/9/2015 11:38:42 AM: TemplatefilePath from database : 
4/9/2015 11:38:42 AM: Loading image based on page number for coordinate capturing
4/9/2015 11:38:42 AM: ImagePath for binding the viewer: /Images/3/5/12/1.
4/9/2015 11:38:42 AM: Retrived the data to bind the controls
4/9/2015 11:38:42 AM: All controls values binded properly
4/9/2015 11:38:46 AM: Dataentry Type of the stage : Normal
4/9/2015 11:38:47 AM: retrive the data from textbox to save the values
4/9/2015 11:38:47 AM: Save completed successfully: 
4/9/2015 11:38:49 AM: Dataentry Type of the stage : Normal
4/9/2015 11:38:49 AM: TemplatefilePath from database : 
4/9/2015 11:38:49 AM: Loading image based on page number for coordinate capturing
4/9/2015 11:38:49 AM: ImagePath for binding the viewer: /Images/3/5/12/1.
4/9/2015 11:38:49 AM: Retrived the data to bind the controls
4/9/2015 11:38:49 AM: All controls values binded properly
4/9/2015 11:38:52 AM: Dataentry Type of the stage : Normal
4/9/2015 11:38:52 AM: retrive the data from textbox to save the values
4/9/2015 11:38:52 AM: Save completed successfully: 
4/9/2015 6:05:53 PM: DataEntryTypes count : 3
4/9/2015 6:06:12 PM: DataEntryTypes count : 3
4/9/2015 6:08:48 PM: DataEntryTypes count : 3
4/9/2015 6:08:58 PM: DataEntryTypes count : 3
4/9/2015 6:09:08 PM: DataEntryTypes count : 3
4/9/2015 6:29:57 PM: DataEntryTypes count : 3
4/9/2015 7:24:55 PM: DataEntryTypes count : 3
