4/11/2015 3:51:51 PM: createControls Started
4/11/2015 3:51:51 PM: Create controls,Load all Textbox dynamic
4/11/2015 3:51:51 PM: Create controls,Load all Textbox dynamic
4/11/2015 3:51:51 PM: Create controls,Load all Textbox dynamic
4/11/2015 3:51:51 PM: Createcontrols,Load all Dropdownlist dynamic
4/11/2015 3:51:51 PM: Createcontrols,Load all Dropdownlist dynamic
4/11/2015 3:51:51 PM: createControls Finished
4/11/2015 3:51:51 PM: generatecontrols Started
4/11/2015 3:51:51 PM: Calling database to get reference id and watermark.
4/11/2015 3:51:51 PM: Database returned result: TE_AD_1_1_1105|sxsx
4/11/2015 3:51:51 PM: Generatecontrols,Load all Textbox dynamic
4/11/2015 3:51:51 PM: Generatecontrols,Load all Textbox dynamic
4/11/2015 3:51:51 PM: Generatecontrols,Load all Textbox dynamic
4/11/2015 3:51:51 PM: generatecontrols,Load all Dropdownlist dynamic
4/11/2015 3:51:51 PM: generatecontrols,Load all Dropdownlist dynamic
4/11/2015 3:51:56 PM: createControls Started
4/11/2015 3:51:56 PM: Create controls,Load all Textbox dynamic
4/11/2015 3:51:56 PM: Create controls,Load all Textbox dynamic
4/11/2015 3:51:56 PM: Create controls,Load all Textbox dynamic
4/11/2015 3:51:56 PM: Createcontrols,Load all Dropdownlist dynamic
4/11/2015 3:51:56 PM: Createcontrols,Load all Dropdownlist dynamic
4/11/2015 3:51:56 PM: createControls Finished
4/11/2015 3:51:56 PM: AsyncFileUpload1_UploadedComplete Started
4/11/2015 3:51:56 PM: Started Saving Uploaded Document in AsyncFileUpload1_UploadedComplete 
4/11/2015 3:51:59 PM: Finished Saving Uploaded Document in AsyncFileUpload1_UploadedComplete 
4/11/2015 3:52:17 PM: AsyncFileUpload1_UploadedComplete Pagecount of Image2Pdf().ExtractPages 82
4/11/2015 3:52:17 PM: AsyncFileUpload1_UploadedComplete Finished
4/11/2015 3:52:18 PM: createControls Started
4/11/2015 3:52:18 PM: Create controls,Load all Textbox dynamic
4/11/2015 3:52:18 PM: Create controls,Load all Textbox dynamic
4/11/2015 3:52:18 PM: Create controls,Load all Textbox dynamic
4/11/2015 3:52:18 PM: Createcontrols,Load all Dropdownlist dynamic
4/11/2015 3:52:18 PM: Createcontrols,Load all Dropdownlist dynamic
4/11/2015 3:52:18 PM: createControls Finished
4/11/2015 3:52:18 PM: btnSubmit_Click Started
4/11/2015 3:52:18 PM: btnSubmit_Click Finished
4/11/2015 3:52:24 PM: createControls Started
4/11/2015 3:52:24 PM: Create controls,Load all Textbox dynamic
4/11/2015 3:52:24 PM: Create controls,Load all Textbox dynamic
4/11/2015 3:52:24 PM: Create controls,Load all Textbox dynamic
4/11/2015 3:52:24 PM: Createcontrols,Load all Dropdownlist dynamic
4/11/2015 3:52:24 PM: Createcontrols,Load all Dropdownlist dynamic
4/11/2015 3:52:24 PM: createControls Finished
4/11/2015 3:52:25 PM: createControls Started
4/11/2015 3:52:25 PM: Create controls,Load all Textbox dynamic
4/11/2015 3:52:25 PM: Create controls,Load all Textbox dynamic
4/11/2015 3:52:25 PM: Create controls,Load all Textbox dynamic
4/11/2015 3:52:25 PM: Createcontrols,Load all Dropdownlist dynamic
4/11/2015 3:52:25 PM: Createcontrols,Load all Dropdownlist dynamic
4/11/2015 3:52:25 PM: createControls Finished
4/11/2015 3:52:26 PM: createControls Started
4/11/2015 3:52:26 PM: Create controls,Load all Textbox dynamic
4/11/2015 3:52:26 PM: Create controls,Load all Textbox dynamic
4/11/2015 3:52:26 PM: Create controls,Load all Textbox dynamic
4/11/2015 3:52:26 PM: Createcontrols,Load all Dropdownlist dynamic
4/11/2015 3:52:26 PM: Createcontrols,Load all Dropdownlist dynamic
4/11/2015 3:52:26 PM: createControls Finished
4/11/2015 3:52:26 PM: Started Saving Uploaded Document in Save Button Click
4/11/2015 3:52:43 PM: AsyncFileUpload1_UploadedComplete Started
4/11/2015 3:52:43 PM: AsyncFileUpload1_UploadedComplete Finished
4/11/2015 3:52:43 PM: GetDBFieldName the DBFld UPLOAD_vFld1
4/11/2015 3:52:43 PM: GetDBFieldName the DBFld UPLOAD_vFld2
4/11/2015 3:52:43 PM: GetDBFieldName the DBFld UPLOAD_vFld3
4/11/2015 3:52:43 PM: GetDBFieldName the DBFld UPLOAD_vFld4
4/11/2015 3:52:43 PM: GetDBFieldName the DBFld UPLOAD_vFld5
4/11/2015 3:52:43 PM: CreateXML Started:-
4/11/2015 3:52:43 PM: CreateXML Completed:-
4/11/2015 3:52:43 PM: Save button click after saving or updating the ReturnCode= 0
4/11/2015 3:52:43 PM: Finished Saving Uploaded Document in Save Button Click
4/11/2015 3:52:43 PM: AsyncFileUpload1_UploadedComplete Started
4/11/2015 3:52:43 PM: Started Saving Uploaded Document in AsyncFileUpload1_UploadedComplete 
4/11/2015 3:52:45 PM: Finished Saving Uploaded Document in AsyncFileUpload1_UploadedComplete 
4/11/2015 3:53:01 PM: AsyncFileUpload1_UploadedComplete Pagecount of Image2Pdf().ExtractPages 82
4/11/2015 3:53:01 PM: AsyncFileUpload1_UploadedComplete Finished
4/11/2015 3:53:30 PM: createControls Started
4/11/2015 3:53:30 PM: Create controls,Load all Textbox dynamic
4/11/2015 3:53:30 PM: Create controls,Load all Textbox dynamic
4/11/2015 3:53:30 PM: Create controls,Load all Textbox dynamic
4/11/2015 3:53:30 PM: Createcontrols,Load all Dropdownlist dynamic
4/11/2015 3:53:30 PM: Createcontrols,Load all Dropdownlist dynamic
4/11/2015 3:53:30 PM: createControls Finished
4/11/2015 3:53:30 PM: generatecontrols Started
4/11/2015 3:53:30 PM: Calling database to get reference id and watermark.
4/11/2015 3:53:30 PM: Database returned result: TE_AD_1_1_1105|sxsx
4/11/2015 3:53:30 PM: Generatecontrols,Load all Textbox dynamic
4/11/2015 3:53:30 PM: Generatecontrols,Load all Textbox dynamic
4/11/2015 3:53:30 PM: Generatecontrols,Load all Textbox dynamic
4/11/2015 3:53:30 PM: generatecontrols,Load all Dropdownlist dynamic
4/11/2015 3:53:30 PM: generatecontrols,Load all Dropdownlist dynamic
4/11/2015 3:53:36 PM: createControls Started
4/11/2015 3:53:36 PM: Create controls,Load all Textbox dynamic
4/11/2015 3:53:36 PM: Create controls,Load all Textbox dynamic
4/11/2015 3:53:36 PM: Create controls,Load all Textbox dynamic
4/11/2015 3:53:36 PM: Createcontrols,Load all Dropdownlist dynamic
4/11/2015 3:53:36 PM: Createcontrols,Load all Dropdownlist dynamic
4/11/2015 3:53:36 PM: createControls Finished
4/11/2015 3:53:36 PM: AsyncFileUpload1_UploadedComplete Started
4/11/2015 3:53:36 PM: Started Saving Uploaded Document in AsyncFileUpload1_UploadedComplete 
4/11/2015 3:53:38 PM: Finished Saving Uploaded Document in AsyncFileUpload1_UploadedComplete 
4/11/2015 3:53:56 PM: AsyncFileUpload1_UploadedComplete Pagecount of Image2Pdf().ExtractPages 82
4/11/2015 3:53:56 PM: AsyncFileUpload1_UploadedComplete Finished
4/11/2015 3:53:57 PM: createControls Started
4/11/2015 3:53:57 PM: Create controls,Load all Textbox dynamic
4/11/2015 3:53:57 PM: Create controls,Load all Textbox dynamic
4/11/2015 3:53:57 PM: Create controls,Load all Textbox dynamic
4/11/2015 3:53:57 PM: Createcontrols,Load all Dropdownlist dynamic
4/11/2015 3:53:57 PM: Createcontrols,Load all Dropdownlist dynamic
4/11/2015 3:53:57 PM: createControls Finished
4/11/2015 3:54:00 PM: createControls Started
4/11/2015 3:54:00 PM: Create controls,Load all Textbox dynamic
4/11/2015 3:54:00 PM: Create controls,Load all Textbox dynamic
4/11/2015 3:54:00 PM: Create controls,Load all Textbox dynamic
4/11/2015 3:54:00 PM: Createcontrols,Load all Dropdownlist dynamic
4/11/2015 3:54:00 PM: Createcontrols,Load all Dropdownlist dynamic
4/11/2015 3:54:00 PM: createControls Finished
4/11/2015 3:54:00 PM: btnSubmit_Click Started
4/11/2015 3:54:00 PM: btnSubmit_Click Finished
4/11/2015 3:54:06 PM: createControls Started
4/11/2015 3:54:06 PM: Create controls,Load all Textbox dynamic
4/11/2015 3:54:06 PM: Create controls,Load all Textbox dynamic
4/11/2015 3:54:06 PM: Create controls,Load all Textbox dynamic
4/11/2015 3:54:06 PM: Createcontrols,Load all Dropdownlist dynamic
4/11/2015 3:54:06 PM: Createcontrols,Load all Dropdownlist dynamic
4/11/2015 3:54:06 PM: createControls Finished
4/11/2015 3:54:07 PM: createControls Started
4/11/2015 3:54:07 PM: Create controls,Load all Textbox dynamic
4/11/2015 3:54:07 PM: Create controls,Load all Textbox dynamic
4/11/2015 3:54:07 PM: Create controls,Load all Textbox dynamic
4/11/2015 3:54:07 PM: Createcontrols,Load all Dropdownlist dynamic
4/11/2015 3:54:07 PM: Createcontrols,Load all Dropdownlist dynamic
4/11/2015 3:54:07 PM: createControls Finished
4/11/2015 3:54:11 PM: createControls Started
4/11/2015 3:54:11 PM: Create controls,Load all Textbox dynamic
4/11/2015 3:54:11 PM: Create controls,Load all Textbox dynamic
4/11/2015 3:54:11 PM: Create controls,Load all Textbox dynamic
4/11/2015 3:54:11 PM: Createcontrols,Load all Dropdownlist dynamic
4/11/2015 3:54:11 PM: Createcontrols,Load all Dropdownlist dynamic
4/11/2015 3:54:11 PM: createControls Finished
4/11/2015 3:54:11 PM: Started Saving Uploaded Document in Save Button Click
4/11/2015 3:54:29 PM: AsyncFileUpload1_UploadedComplete Started
4/11/2015 3:54:29 PM: AsyncFileUpload1_UploadedComplete Finished
4/11/2015 3:54:29 PM: GetDBFieldName the DBFld UPLOAD_vFld1
4/11/2015 3:54:29 PM: GetDBFieldName the DBFld UPLOAD_vFld2
4/11/2015 3:54:29 PM: GetDBFieldName the DBFld UPLOAD_vFld3
4/11/2015 3:54:29 PM: GetDBFieldName the DBFld UPLOAD_vFld4
4/11/2015 3:54:29 PM: GetDBFieldName the DBFld UPLOAD_vFld5
4/11/2015 3:54:29 PM: CreateXML Started:-
4/11/2015 3:54:29 PM: CreateXML Completed:-
4/11/2015 3:54:30 PM: Save button click after saving or updating the ReturnCode= 0
4/11/2015 3:54:30 PM: Exception : Thread was being aborted.
4/11/2015 3:59:56 PM: createControls Started
4/11/2015 3:59:56 PM: Create controls,Load all Textbox dynamic
4/11/2015 3:59:56 PM: Create controls,Load all Textbox dynamic
4/11/2015 3:59:57 PM: Create controls,Load all Textbox dynamic
4/11/2015 3:59:57 PM: Createcontrols,Load all Dropdownlist dynamic
4/11/2015 3:59:57 PM: Createcontrols,Load all Dropdownlist dynamic
4/11/2015 3:59:57 PM: createControls Finished
4/11/2015 3:59:57 PM: generatecontrols Started
4/11/2015 3:59:57 PM: Calling database to get reference id and watermark.
4/11/2015 3:59:57 PM: Database returned result: TE_AD_1_1_1106|sxsx
4/11/2015 3:59:57 PM: Generatecontrols,Load all Textbox dynamic
4/11/2015 3:59:57 PM: Generatecontrols,Load all Textbox dynamic
4/11/2015 3:59:57 PM: Generatecontrols,Load all Textbox dynamic
4/11/2015 3:59:57 PM: generatecontrols,Load all Dropdownlist dynamic
4/11/2015 3:59:57 PM: generatecontrols,Load all Dropdownlist dynamic
4/11/2015 4:00:01 PM: createControls Started
4/11/2015 4:00:01 PM: Create controls,Load all Textbox dynamic
4/11/2015 4:00:01 PM: Create controls,Load all Textbox dynamic
4/11/2015 4:00:01 PM: Create controls,Load all Textbox dynamic
4/11/2015 4:00:01 PM: Createcontrols,Load all Dropdownlist dynamic
4/11/2015 4:00:01 PM: Createcontrols,Load all Dropdownlist dynamic
4/11/2015 4:00:01 PM: createControls Finished
4/11/2015 4:00:01 PM: AsyncFileUpload1_UploadedComplete Started
4/11/2015 4:00:01 PM: Started Saving Uploaded Document in AsyncFileUpload1_UploadedComplete 
4/11/2015 4:00:04 PM: Finished Saving Uploaded Document in AsyncFileUpload1_UploadedComplete 
4/11/2015 4:00:25 PM: AsyncFileUpload1_UploadedComplete Pagecount of Image2Pdf().ExtractPages 82
4/11/2015 4:00:25 PM: AsyncFileUpload1_UploadedComplete Finished
4/11/2015 4:00:26 PM: createControls Started
4/11/2015 4:00:26 PM: Create controls,Load all Textbox dynamic
4/11/2015 4:00:26 PM: Create controls,Load all Textbox dynamic
4/11/2015 4:00:26 PM: Create controls,Load all Textbox dynamic
4/11/2015 4:00:26 PM: Createcontrols,Load all Dropdownlist dynamic
4/11/2015 4:00:26 PM: Createcontrols,Load all Dropdownlist dynamic
4/11/2015 4:00:26 PM: createControls Finished
4/11/2015 4:00:26 PM: btnSubmit_Click Started
4/11/2015 4:00:26 PM: btnSubmit_Click Finished
4/11/2015 4:00:36 PM: createControls Started
4/11/2015 4:00:36 PM: Create controls,Load all Textbox dynamic
4/11/2015 4:00:36 PM: Create controls,Load all Textbox dynamic
4/11/2015 4:00:36 PM: Create controls,Load all Textbox dynamic
4/11/2015 4:00:36 PM: Createcontrols,Load all Dropdownlist dynamic
4/11/2015 4:00:36 PM: Createcontrols,Load all Dropdownlist dynamic
4/11/2015 4:00:36 PM: createControls Finished
4/11/2015 4:00:37 PM: createControls Started
4/11/2015 4:00:37 PM: Create controls,Load all Textbox dynamic
4/11/2015 4:00:37 PM: Create controls,Load all Textbox dynamic
4/11/2015 4:00:37 PM: Create controls,Load all Textbox dynamic
4/11/2015 4:00:37 PM: Createcontrols,Load all Dropdownlist dynamic
4/11/2015 4:00:37 PM: Createcontrols,Load all Dropdownlist dynamic
4/11/2015 4:00:37 PM: createControls Finished
4/11/2015 4:00:38 PM: createControls Started
4/11/2015 4:00:38 PM: Create controls,Load all Textbox dynamic
4/11/2015 4:00:38 PM: Create controls,Load all Textbox dynamic
4/11/2015 4:00:38 PM: Create controls,Load all Textbox dynamic
4/11/2015 4:00:38 PM: Createcontrols,Load all Dropdownlist dynamic
4/11/2015 4:00:38 PM: Createcontrols,Load all Dropdownlist dynamic
4/11/2015 4:00:38 PM: createControls Finished
4/11/2015 4:00:38 PM: Started Saving Uploaded Document in Save Button Click
4/11/2015 4:00:54 PM: AsyncFileUpload1_UploadedComplete Started
4/11/2015 4:00:54 PM: AsyncFileUpload1_UploadedComplete Finished
4/11/2015 4:00:54 PM: GetDBFieldName the DBFld UPLOAD_vFld1
4/11/2015 4:00:54 PM: GetDBFieldName the DBFld UPLOAD_vFld2
4/11/2015 4:00:54 PM: GetDBFieldName the DBFld UPLOAD_vFld3
4/11/2015 4:00:54 PM: GetDBFieldName the DBFld UPLOAD_vFld4
4/11/2015 4:00:54 PM: GetDBFieldName the DBFld UPLOAD_vFld5
4/11/2015 4:00:54 PM: CreateXML Started:-
4/11/2015 4:00:54 PM: CreateXML Completed:-
4/11/2015 4:00:54 PM: Save button click after saving or updating the ReturnCode= 0
4/11/2015 4:00:54 PM: Exception : Thread was being aborted.
4/11/2015 4:23:15 PM: DataEntryTypes count : 3
4/11/2015 4:23:23 PM: Dataentry Type of the stage : Normal
4/11/2015 4:23:23 PM: TemplatefilePath from database : 
4/11/2015 4:23:23 PM: Loading image based on page number for coordinate capturing
4/11/2015 4:23:23 PM: ImagePath for binding the viewer: /Images/5/5/10/1.
4/11/2015 4:23:23 PM: Retrived the data to bind the controls
4/11/2015 4:23:23 PM: All controls values binded properly
4/11/2015 4:23:27 PM: Dataentry Type of the stage : Normal
4/11/2015 4:23:27 PM: retrive the data from textbox to save the values
4/11/2015 4:23:27 PM: Save completed successfully: 
4/11/2015 4:23:54 PM: DataEntryTypes count : 3
4/11/2015 4:24:02 PM: Dataentry Type of the stage : Normal
4/11/2015 4:24:02 PM: TemplatefilePath from database : 
4/11/2015 4:24:02 PM: Loading image based on page number for coordinate capturing
4/11/2015 4:24:02 PM: ImagePath for binding the viewer: /Images/5/5/10/1.
4/11/2015 4:24:02 PM: Retrived the data to bind the controls
4/11/2015 4:24:02 PM: All controls values binded properly
4/11/2015 4:24:12 PM: Dataentry Type of the stage : Normal
4/11/2015 4:25:21 PM: Before binding image to viewer 
4/11/2015 4:25:31 PM: Before binding image to viewer 
4/11/2015 4:34:54 PM: Before binding image to viewer \\\\172.16.1.11\\WDMSDocument\\UploadedDocuments\\global\\1\\2015-04-11\\VEVfQURfMV8xXzExMDU=.pdf
4/11/2015 4:34:54 PM: Setting image to viewer. Action:  Page count: 82 Current Page:1
4/11/2015 4:34:54 PM: source file path \\172.16.1.11\WDMSDocument\UploadedDocuments\global\1\2015-04-11\VEVfQURfMV8xXzExMDU=\1.pdf
4/11/2015 4:34:54 PM: source file path \\172.16.1.11\WDMSDocument\UploadedDocuments\global\1\2015-04-11\VEVfQURfMV8xXzExMDU=
4/11/2015 4:34:54 PM: Converting PDF to JPEG.
4/11/2015 4:34:55 PM: Setting image to viewer using RegisterStartupScript: http://localhost:55357/generichandler.ashx?f=////172.16.1.11//wdmsdocument//uploadeddocuments//global//1//2015-04-11//vevfqurfmv8xxzexmdu=//1.jpg
4/11/2015 4:35:02 PM: Before binding image to viewer \\\\172.16.1.11\\WDMSDocument\\UploadedDocuments\\global\\1\\2015-04-11\\VEVfQURfMV8xXzExMDU=.pdf
4/11/2015 4:35:28 PM: Before binding image to viewer \\\\172.16.1.11\\WDMSDocument\\UploadedDocuments\\global\\1\\2015-04-11\\VEVfQURfMV8xXzExMDY=.pdf
4/11/2015 4:35:28 PM: Setting image to viewer. Action:  Page count: 82 Current Page:1
4/11/2015 4:35:28 PM: source file path \\172.16.1.11\WDMSDocument\UploadedDocuments\global\1\2015-04-11\VEVfQURfMV8xXzExMDY=\1.pdf
4/11/2015 4:35:28 PM: source file path \\172.16.1.11\WDMSDocument\UploadedDocuments\global\1\2015-04-11\VEVfQURfMV8xXzExMDY=
4/11/2015 4:35:28 PM: Converting PDF to JPEG.
4/11/2015 4:35:28 PM: Setting image to viewer using RegisterStartupScript: http://localhost:55357/generichandler.ashx?f=////172.16.1.11//wdmsdocument//uploadeddocuments//global//1//2015-04-11//vevfqurfmv8xxzexmdy=//1.jpg
4/11/2015 4:35:36 PM: Before binding image to viewer \\\\172.16.1.11\\WDMSDocument\\UploadedDocuments\\global\\1\\2015-04-11\\VEVfQURfMV8xXzExMDY=.pdf
4/11/2015 6:17:07 PM: Before binding image to viewer 
4/11/2015 6:18:19 PM: Dataentry Type of the stage : Form
4/11/2015 6:18:19 PM: Get all stage related data from database
4/11/2015 6:18:19 PM: Binding controls started
4/11/2015 6:18:19 PM: Virtual folder path of data entry images/Images/DataEntry/1bea4e05-0eac-4fa8-a5f7-ee4b244e74cf/2/2/2
4/11/2015 6:18:20 PM: Pages count 2
4/11/2015 6:18:20 PM: Creating directory in web to store jpg files for data entry. Path: D:\LotexProjects\DMSEnh5\DMS_Infosearch\trunk\SourceCode\WebApplications\CoreDMS\/Images/DataEntry/1bea4e05-0eac-4fa8-a5f7-ee4b244e74cf/2/2/2
4/11/2015 6:18:20 PM: deleting the old jpg files in folder:D:\LotexProjects\DMSEnh5\DMS_Infosearch\trunk\SourceCode\WebApplications\CoreDMS\/Images/DataEntry/1bea4e05-0eac-4fa8-a5f7-ee4b244e74cf/2/2/2
4/11/2015 6:18:20 PM: Converting pdf file into jpg. Source: \\172.16.1.11\WDMSDocument\UploadedDocuments\global\335\2015-04-08\UE9fQURfMzM1XzFfMTM5Mw==\1.pdf Destination: D:\LotexProjects\DMSEnh5\DMS_Infosearch\trunk\SourceCode\WebApplications\CoreDMS\/Images/DataEntry/1bea4e05-0eac-4fa8-a5f7-ee4b244e74cf/2/2/2\1.jpg
4/11/2015 6:18:21 PM: Converting pdf file into jpg. Source: \\172.16.1.11\WDMSDocument\UploadedDocuments\global\335\2015-04-08\UE9fQURfMzM1XzFfMTM5Mw==\2.pdf Destination: D:\LotexProjects\DMSEnh5\DMS_Infosearch\trunk\SourceCode\WebApplications\CoreDMS\/Images/DataEntry/1bea4e05-0eac-4fa8-a5f7-ee4b244e74cf/2/2/2\2.jpg
4/11/2015 6:18:22 PM: Converted pdf to jpg
4/11/2015 6:18:22 PM: Binding image to panel started
4/11/2015 6:18:22 PM: Image url:http://localhost:55357/GenericHandler.ashx?f=D:\LotexProjects\DMSEnh5\DMS_Infosearch\trunk\SourceCode\WebApplications\CoreDMS\/Images/DataEntry/1bea4e05-0eac-4fa8-a5f7-ee4b244e74cf/2/2/2\/1.jpg
4/11/2015 6:18:22 PM: Image url:http://localhost:55357/GenericHandler.ashx?f=D:\LotexProjects\DMSEnh5\DMS_Infosearch\trunk\SourceCode\WebApplications\CoreDMS\/Images/DataEntry/1bea4e05-0eac-4fa8-a5f7-ee4b244e74cf/2/2/2\/2.jpg
4/11/2015 6:18:22 PM: No controls to binded for previous stage
4/11/2015 6:18:22 PM: Textbox control binding started
4/11/2015 6:18:22 PM: Textbox control binding started
4/11/2015 6:18:22 PM: Textbox control binding started
4/11/2015 6:18:22 PM: controls binded successfully for cuurent stage
4/11/2015 6:18:22 PM: BindValuesToCurrentStage
4/11/2015 6:18:22 PM:  BindValuesToPreviousStage
4/11/2015 6:18:22 PM: controls binded successfully
