5/3/2016 12:20:33 PM: BindDocumentType started
5/3/2016 12:20:33 PM: BindDocumentType finished
5/3/2016 12:22:17 PM: BindDocumentType started
5/3/2016 12:22:17 PM: BindDocumentType finished
5/3/2016 12:27:14 PM: GetSginatureDetails Started:-
5/3/2016 12:27:14 PM: GetSginatureDetails Completed:-
5/3/2016 12:27:14 PM: GetTemplateDetails Started
5/3/2016 12:27:14 PM: GetTemplateDetails total record count:1
5/3/2016 12:27:14 PM: Create controls,Load all Textbox dynamic
5/3/2016 12:27:14 PM: Create controls,Load all Textbox dynamic
5/3/2016 12:27:14 PM: Createcontrols,Load all Dropdownlist dynamic
5/3/2016 12:27:14 PM: Createcontrols,Load all Dropdownlist dynamic
5/3/2016 12:27:14 PM: GetTemplateDetails Finished
5/3/2016 12:27:14 PM: InitializeDocumentView started
5/3/2016 12:27:24 PM: GetSginatureDetails Started:-
5/3/2016 12:27:24 PM: GetSginatureDetails Completed:-
5/3/2016 12:27:24 PM: GetTemplateDetails Started
5/3/2016 12:27:24 PM: GetTemplateDetails total record count:1
5/3/2016 12:27:24 PM: Create controls,Load all Textbox dynamic
5/3/2016 12:27:24 PM: Create controls,Load all Textbox dynamic
5/3/2016 12:27:24 PM: Createcontrols,Load all Dropdownlist dynamic
5/3/2016 12:27:24 PM: Createcontrols,Load all Dropdownlist dynamic
5/3/2016 12:27:24 PM: GetTemplateDetails Finished
5/3/2016 12:27:24 PM: InitializeDocumentView started
5/3/2016 12:27:26 PM: GetSginatureDetails Started:-
5/3/2016 12:27:26 PM: GetSginatureDetails Completed:-
5/3/2016 12:27:26 PM: GetTemplateDetails Started
5/3/2016 12:27:26 PM: GetTemplateDetails total record count:1
5/3/2016 12:27:26 PM: Create controls,Load all Textbox dynamic
5/3/2016 12:27:26 PM: Create controls,Load all Textbox dynamic
5/3/2016 12:27:26 PM: Createcontrols,Load all Dropdownlist dynamic
5/3/2016 12:27:26 PM: Createcontrols,Load all Dropdownlist dynamic
5/3/2016 12:27:26 PM: GetTemplateDetails Finished
5/3/2016 12:27:26 PM: InitializeDocumentView started
5/3/2016 12:27:57 PM: GetSginatureDetails Started:-
5/3/2016 12:27:57 PM: GetSginatureDetails Completed:-
5/3/2016 12:27:57 PM: GetTemplateDetails Started
5/3/2016 12:27:57 PM: GetTemplateDetails total record count:1
5/3/2016 12:27:57 PM: Create controls,Load all Textbox dynamic
5/3/2016 12:27:57 PM: Create controls,Load all Textbox dynamic
5/3/2016 12:27:57 PM: Createcontrols,Load all Dropdownlist dynamic
5/3/2016 12:27:57 PM: Createcontrols,Load all Dropdownlist dynamic
5/3/2016 12:27:57 PM: GetTemplateDetails Finished
5/3/2016 12:27:57 PM: InitializeDocumentView started
5/3/2016 12:27:57 PM: GetSginatureDetails Started:-
5/3/2016 12:27:57 PM: GetSginatureDetails Completed:-
5/3/2016 12:27:57 PM: GetTemplateDetails Started
5/3/2016 12:27:57 PM: GetTemplateDetails total record count:1
5/3/2016 12:27:57 PM: Create controls,Load all Textbox dynamic
5/3/2016 12:27:57 PM: Create controls,Load all Textbox dynamic
5/3/2016 12:27:57 PM: Createcontrols,Load all Dropdownlist dynamic
5/3/2016 12:27:57 PM: Createcontrols,Load all Dropdownlist dynamic
5/3/2016 12:27:57 PM: GetTemplateDetails Finished
5/3/2016 12:27:57 PM: InitializeDocumentView started
5/3/2016 12:27:58 PM: GetSginatureDetails Started:-
5/3/2016 12:27:58 PM: GetSginatureDetails Completed:-
5/3/2016 12:27:58 PM: GetTemplateDetails Started
5/3/2016 12:27:58 PM: GetTemplateDetails total record count:1
5/3/2016 12:27:58 PM: Create controls,Load all Textbox dynamic
5/3/2016 12:27:58 PM: Create controls,Load all Textbox dynamic
5/3/2016 12:27:58 PM: Createcontrols,Load all Dropdownlist dynamic
5/3/2016 12:27:58 PM: Createcontrols,Load all Dropdownlist dynamic
5/3/2016 12:27:58 PM: GetTemplateDetails Finished
5/3/2016 12:27:58 PM: InitializeDocumentView started
5/3/2016 12:27:58 PM: GetSginatureDetails Started:-
5/3/2016 12:27:58 PM: GetSginatureDetails Completed:-
5/3/2016 12:27:58 PM: GetTemplateDetails Started
5/3/2016 12:27:58 PM: GetTemplateDetails total record count:1
5/3/2016 12:27:58 PM: Create controls,Load all Textbox dynamic
5/3/2016 12:27:58 PM: Create controls,Load all Textbox dynamic
5/3/2016 12:27:58 PM: Createcontrols,Load all Dropdownlist dynamic
5/3/2016 12:27:58 PM: Createcontrols,Load all Dropdownlist dynamic
5/3/2016 12:27:58 PM: GetTemplateDetails Finished
5/3/2016 12:27:58 PM: InitializeDocumentView started
5/3/2016 2:19:54 PM: BindDocumentType started
5/3/2016 2:19:54 PM: BindDocumentType finished
5/3/2016 2:36:59 PM: BindDocumentType started
5/3/2016 2:36:59 PM: BindDocumentType finished
5/3/2016 3:05:07 PM: BindDocumentType started
5/3/2016 3:05:07 PM: BindDocumentType finished
5/3/2016 3:06:00 PM: BindDocumentType started
5/3/2016 3:06:00 PM: BindDocumentType finished
