5/5/2016 11:31:16 AM: BindDocumentType started
5/5/2016 11:31:16 AM: BindDocumentType finished
5/5/2016 11:31:22 AM: createControls Started
5/5/2016 11:31:22 AM: createControls Loaded all Textbox dynamically
5/5/2016 11:31:22 AM: createControls Loaded all Textbox dynamically
5/5/2016 11:31:22 AM: createControls Loaded all Dropdownlist dynamically
5/5/2016 11:31:22 AM: createControls Loaded all Dropdownlist dynamically
5/5/2016 11:31:22 AM: createControls Finished
5/5/2016 11:31:22 AM: GetTemplateDetails started
5/5/2016 11:31:22 AM: generatecontrols Started
5/5/2016 11:31:22 AM: GenerateControls:Loaded all Textbox dynamically
5/5/2016 11:31:22 AM: GenerateControls:Loaded all Textbox dynamically
5/5/2016 11:31:22 AM: GenerateControls:Loaded all Dropdownlist dynamically
5/5/2016 11:31:22 AM: GenerateControls:Loaded all Dropdownlist dynamically
5/5/2016 11:31:28 AM: createControls Started
5/5/2016 11:31:28 AM: createControls Loaded all Textbox dynamically
5/5/2016 11:31:28 AM: createControls Loaded all Textbox dynamically
5/5/2016 11:31:28 AM: createControls Loaded all Dropdownlist dynamically
5/5/2016 11:31:28 AM: createControls Loaded all Dropdownlist dynamically
5/5/2016 11:31:28 AM: createControls Finished
5/5/2016 11:31:31 AM: createControls Started
5/5/2016 11:31:31 AM: createControls Loaded all Textbox dynamically
5/5/2016 11:31:31 AM: createControls Loaded all Textbox dynamically
5/5/2016 11:31:31 AM: createControls Loaded all Dropdownlist dynamically
5/5/2016 11:31:31 AM: createControls Loaded all Dropdownlist dynamically
5/5/2016 11:31:31 AM: createControls Finished
5/5/2016 11:31:31 AM: GetTemplateDetails started
5/5/2016 11:31:31 AM: generatecontrols Started
5/5/2016 11:31:31 AM: GenerateControls:Loaded all Textbox dynamically
5/5/2016 11:31:31 AM: GenerateControls:Loaded all Textbox dynamically
5/5/2016 11:31:31 AM: GenerateControls:Loaded all Dropdownlist dynamically
5/5/2016 11:31:31 AM: GenerateControls:Loaded all Dropdownlist dynamically
5/5/2016 11:31:49 AM: BindDocumentType started
5/5/2016 11:31:49 AM: BindDocumentType finished
5/5/2016 11:35:45 AM: BindDocumentType started
5/5/2016 11:35:45 AM: BindDocumentType finished
5/5/2016 11:36:27 AM: BindDocumentType started
5/5/2016 11:36:27 AM: BindDocumentType finished
5/5/2016 11:36:45 AM: BindDocumentType started
5/5/2016 11:36:45 AM: BindDocumentType finished
5/5/2016 11:37:03 AM: BindDocumentType started
5/5/2016 11:37:03 AM: BindDocumentType finished
5/5/2016 11:37:45 AM: BindDocumentType started
5/5/2016 11:37:45 AM: BindDocumentType finished
