12.04.2023 17:14:25: BindDocumentType started
12.04.2023 17:14:25: BindDocumentType finished
12.04.2023 17:14:49: IntitialLoadGrid Started:-
12.04.2023 17:14:51: CreateLinKs started
12.04.2023 17:14:51: CreateLinKs started
12.04.2023 17:14:51: CreateLinKs started
12.04.2023 17:14:51: CreateLinKs started
12.04.2023 17:14:51: CreateLinKs started
12.04.2023 17:14:51: IntitialLoadGrid Completed:-
12.04.2023 17:14:52: Exception: Syntax error in the expression.
12.04.2023 17:14:58: IntitialLoadGrid Started:-
12.04.2023 17:14:59: CreateLinKs started
12.04.2023 17:14:59: CreateLinKs started
12.04.2023 17:14:59: CreateLinKs started
12.04.2023 17:14:59: CreateLinKs started
12.04.2023 17:14:59: CreateLinKs started
12.04.2023 17:14:59: IntitialLoadGrid Completed:-
12.04.2023 17:14:59: Exception: Syntax error in the expression.
12.04.2023 17:16:07: CreateLinKs started
12.04.2023 17:16:08: CreateLinKs started
12.04.2023 17:16:10: CreateLinKs started
12.04.2023 17:16:11: CreateLinKs started
12.04.2023 17:16:15: Dataentry Type of the stage : Form
12.04.2023 17:16:16: Get all stage related data from database
12.04.2023 17:16:16: Virtual folder path of data entry images/Images/DataEntry/25ff7c94-585a-405b-a313-f449f2eaad45/22/26/46
12.04.2023 17:16:16: controls binded successfully
12.04.2023 17:16:16: Exception: Syntax error in the expression.
