4/17/2015 10:36:34 AM: GetGroupRightsWithGroupId started
4/17/2015 10:36:34 AM: GetGroupRightsWithGroupId Finished
4/17/2015 10:41:35 AM: GetGroupRightsWithGroupId started
4/17/2015 10:41:35 AM: GetGroupRightsWithGroupId Finished
4/17/2015 10:42:03 AM: GetGroupRightsWithGroupId started
4/17/2015 10:42:03 AM: GetGroupRightsWithGroupId Finished
4/17/2015 10:42:03 AM: GetGroupRightsWithGroupId started
4/17/2015 10:42:03 AM: GetGroupRightsWithGroupId Finished
4/17/2015 10:42:38 AM: btnSubmit_Click Started
4/17/2015 10:42:38 AM: btnSubmit_Click Finished
4/17/2015 10:42:45 AM: GetGroupRightsWithGroupId started
4/17/2015 10:42:45 AM: GetGroupRightsWithGroupId Finished
4/17/2015 10:42:46 AM: GetGroupRightsWithGroupId started
4/17/2015 10:42:46 AM: GetGroupRightsWithGroupId Finished
4/17/2015 10:43:13 AM: GetGroupRightsWithGroupId started
4/17/2015 10:43:13 AM: GetGroupRightsWithGroupId Finished
4/17/2015 10:43:14 AM: GetGroupRightsWithGroupId started
4/17/2015 10:43:14 AM: GetGroupRightsWithGroupId Finished
4/17/2015 10:43:23 AM: GetGroupRightsWithGroupId started
4/17/2015 10:43:23 AM: GetGroupRightsWithGroupId Finished
4/17/2015 10:43:27 AM: GetGroupRightsWithGroupId started
4/17/2015 10:43:27 AM: GetGroupRightsWithGroupId Finished
4/17/2015 10:43:29 AM: GetGroupRightsWithGroupId started
4/17/2015 10:43:29 AM: GetGroupRightsWithGroupId Finished
4/17/2015 10:43:46 AM: GetGroupRightsWithGroupId started
4/17/2015 10:43:46 AM: GetGroupRightsWithGroupId Finished
4/17/2015 10:43:49 AM: GetGroupRightsWithGroupId started
4/17/2015 10:43:49 AM: GetGroupRightsWithGroupId Finished
4/17/2015 10:43:49 AM: GetGroupRightsWithGroupId started
4/17/2015 10:43:49 AM: GetGroupRightsWithGroupId Finished
4/17/2015 10:43:52 AM: GetGroupRightsWithGroupId started
4/17/2015 10:43:52 AM: GetGroupRightsWithGroupId Finished
4/17/2015 12:48:53 PM: AsyncFULogo_UploadedComplete Started
4/17/2015 12:48:54 PM: Finished Saving Logo in AsyncFULogo_Uploaded Complete 
4/17/2015 12:49:04 PM: btnSubmit_Click Started
4/17/2015 12:49:04 PM: btnSubmit_Click Finished
4/17/2015 12:49:04 PM: AsyncFULogo_UploadedComplete Started
4/17/2015 12:49:04 PM: Finished Saving Logo in AsyncFULogo_Uploaded Complete 
4/17/2015 12:53:59 PM: GetGroupRightsWithGroupId started
4/17/2015 12:53:59 PM: GetGroupRightsWithGroupId Finished
4/17/2015 12:54:18 PM: btnSubmit_Click Started
4/17/2015 12:54:18 PM: btnSubmit_Click Finished
4/17/2015 12:54:33 PM: GetGroupRightsWithGroupId started
4/17/2015 12:54:33 PM: GetGroupRightsWithGroupId Finished
4/17/2015 12:54:37 PM: GetGroupRightsWithGroupId started
4/17/2015 12:54:37 PM: GetGroupRightsWithGroupId Finished
4/17/2015 12:54:39 PM: GetGroupRightsWithGroupId started
4/17/2015 12:54:39 PM: GetGroupRightsWithGroupId Finished
4/17/2015 12:54:40 PM: GetGroupRightsWithGroupId started
4/17/2015 12:54:40 PM: GetGroupRightsWithGroupId Finished
4/17/2015 12:54:42 PM: GetGroupRightsWithGroupId started
4/17/2015 12:54:42 PM: GetGroupRightsWithGroupId Finished
4/17/2015 12:54:43 PM: GetGroupRightsWithGroupId started
4/17/2015 12:54:43 PM: GetGroupRightsWithGroupId Finished
4/17/2015 12:54:49 PM: GetGroupRightsWithGroupId started
4/17/2015 12:54:49 PM: GetGroupRightsWithGroupId Finished
4/17/2015 12:54:54 PM: GetGroupRightsWithGroupId started
4/17/2015 12:54:54 PM: GetGroupRightsWithGroupId Finished
4/17/2015 12:54:55 PM: GetGroupRightsWithGroupId started
4/17/2015 12:54:55 PM: GetGroupRightsWithGroupId Finished
4/17/2015 12:55:24 PM: GetGroupRightsWithGroupId started
4/17/2015 12:55:24 PM: GetGroupRightsWithGroupId Finished
4/17/2015 12:55:25 PM: GetGroupRightsWithGroupId started
4/17/2015 12:55:25 PM: GetGroupRightsWithGroupId Finished
4/17/2015 12:55:47 PM: GetGroupRightsWithGroupId started
4/17/2015 12:55:47 PM: GetGroupRightsWithGroupId Finished
4/17/2015 12:55:58 PM: GetGroupRightsWithGroupId started
4/17/2015 12:55:58 PM: GetGroupRightsWithGroupId Finished
4/17/2015 12:56:25 PM: GetGroupRightsWithGroupId started
4/17/2015 12:56:25 PM: GetGroupRightsWithGroupId Finished
4/17/2015 12:56:26 PM: GetGroupRightsWithGroupId started
4/17/2015 12:56:26 PM: GetGroupRightsWithGroupId Finished
4/17/2015 12:56:29 PM: GetGroupRightsWithGroupId started
4/17/2015 12:56:29 PM: GetGroupRightsWithGroupId Finished
4/17/2015 12:56:31 PM: GetGroupRightsWithGroupId started
4/17/2015 12:56:31 PM: GetGroupRightsWithGroupId Finished
4/17/2015 12:56:50 PM: GetGroupRightsWithGroupId started
4/17/2015 12:56:50 PM: GetGroupRightsWithGroupId Finished
4/17/2015 12:56:54 PM: GetGroupRightsWithGroupId started
4/17/2015 12:56:54 PM: GetGroupRightsWithGroupId Finished
4/17/2015 12:56:55 PM: GetGroupRightsWithGroupId started
4/17/2015 12:56:55 PM: GetGroupRightsWithGroupId Finished
4/17/2015 12:56:56 PM: GetGroupRightsWithGroupId started
4/17/2015 12:56:56 PM: GetGroupRightsWithGroupId Finished
4/17/2015 12:57:23 PM: GetGroupRightsWithGroupId started
4/17/2015 12:57:23 PM: GetGroupRightsWithGroupId Finished
4/17/2015 12:57:24 PM: GetGroupRightsWithGroupId started
4/17/2015 12:57:24 PM: GetGroupRightsWithGroupId Finished
4/17/2015 12:58:14 PM: GetGroupRightsWithGroupId started
4/17/2015 12:58:14 PM: GetGroupRightsWithGroupId Finished
4/17/2015 12:58:39 PM: GetGroupRightsWithGroupId started
4/17/2015 12:58:39 PM: GetGroupRightsWithGroupId Finished
4/17/2015 12:59:17 PM: btnSubmit_Click Started
4/17/2015 12:59:17 PM: btnSubmit_Click Finished
4/17/2015 12:59:28 PM: GetGroupRightsWithGroupId started
4/17/2015 12:59:28 PM: GetGroupRightsWithGroupId Finished
4/17/2015 1:01:55 PM: btnSubmit_Click Started
4/17/2015 1:01:56 PM: btnSubmit_Click Finished
4/17/2015 1:04:07 PM: btnSubmit_Click Started
4/17/2015 1:04:07 PM: btnSubmit_Click Finished
4/17/2015 2:06:11 PM: GetGroupRightsWithGroupId started
4/17/2015 2:06:11 PM: GetGroupRightsWithGroupId Finished
4/17/2015 2:06:14 PM: GetGroupRightsWithGroupId started
4/17/2015 2:06:14 PM: GetGroupRightsWithGroupId Finished
