4/30/2015 11:25:24 AM: btnSubmit_Click Started
4/30/2015 11:25:28 AM: btnSubmit_Click Finished
4/30/2015 11:27:45 AM: btnSubmit_Click Started
4/30/2015 11:27:48 AM: btnSubmit_Click Finished
4/30/2015 11:45:13 AM: btnSubmit_Click Started
4/30/2015 11:45:13 AM: btnSubmit_Click Finished
4/30/2015 11:45:51 AM: btnSubmit_Click Started
4/30/2015 11:45:51 AM: btnSubmit_Click Finished
4/30/2015 12:31:54 PM: btnSubmit_Click Started
4/30/2015 12:32:01 PM: btnSubmit_Click Finished
4/30/2015 12:35:19 PM: GetGroupRightsWithGroupId started
4/30/2015 12:35:19 PM: GetGroupRightsWithGroupId Finished
4/30/2015 12:35:21 PM: GetGroupRightsWithGroupId started
4/30/2015 12:35:21 PM: GetGroupRightsWithGroupId Finished
4/30/2015 12:40:47 PM: GetGroupRightsWithGroupId started
4/30/2015 12:40:47 PM: GetGroupRightsWithGroupId Finished
4/30/2015 12:40:50 PM: GetGroupRightsWithGroupId started
4/30/2015 12:40:50 PM: GetGroupRightsWithGroupId Finished
4/30/2015 12:41:07 PM: GetGroupRightsWithGroupId started
4/30/2015 12:41:07 PM: GetGroupRightsWithGroupId Finished
4/30/2015 2:42:42 PM: GetGroupRightsWithGroupId started
4/30/2015 2:42:43 PM: GetGroupRightsWithGroupId Finished
4/30/2015 2:42:47 PM: GetGroupRightsWithGroupId started
4/30/2015 2:42:47 PM: GetGroupRightsWithGroupId Finished
4/30/2015 2:44:11 PM: GetGroupRightsWithGroupId started
4/30/2015 2:44:11 PM: GetGroupRightsWithGroupId Finished
4/30/2015 2:44:19 PM: GetGroupRightsWithGroupId started
4/30/2015 2:45:45 PM: GetGroupRightsWithGroupId Finished
4/30/2015 2:45:51 PM: GetGroupRightsWithGroupId started
4/30/2015 2:48:58 PM: GetGroupRightsWithGroupId Finished
4/30/2015 2:49:03 PM: GetGroupRightsWithGroupId started
4/30/2015 2:49:07 PM: GetGroupRightsWithGroupId Finished
4/30/2015 2:49:32 PM: GetGroupRightsWithGroupId started
4/30/2015 2:57:58 PM: GetGroupRightsWithGroupId Finished
4/30/2015 2:58:03 PM: GetGroupRightsWithGroupId started
4/30/2015 2:58:09 PM: GetGroupRightsWithGroupId Finished
4/30/2015 2:58:10 PM: GetGroupRightsWithGroupId started
4/30/2015 2:58:10 PM: GetGroupRightsWithGroupId Finished
4/30/2015 2:58:17 PM: GetGroupRightsWithGroupId started
4/30/2015 2:58:17 PM: GetGroupRightsWithGroupId Finished
4/30/2015 3:09:22 PM: GetGroupRightsWithGroupId started
4/30/2015 3:09:22 PM: GetGroupRightsWithGroupId Finished
4/30/2015 3:09:35 PM: GetGroupRightsWithGroupId started
4/30/2015 3:09:35 PM: GetGroupRightsWithGroupId Finished
4/30/2015 3:09:53 PM: GetGroupRightsWithGroupId started
4/30/2015 3:09:53 PM: GetGroupRightsWithGroupId Finished
4/30/2015 3:09:55 PM: GetGroupRightsWithGroupId started
4/30/2015 3:09:55 PM: GetGroupRightsWithGroupId Finished
4/30/2015 3:10:05 PM: GetGroupRightsWithGroupId started
4/30/2015 3:10:05 PM: GetGroupRightsWithGroupId Finished
4/30/2015 3:10:25 PM: GetGroupRightsWithGroupId started
4/30/2015 3:10:39 PM: GetGroupRightsWithGroupId Finished
4/30/2015 3:10:41 PM: GetGroupRightsWithGroupId started
4/30/2015 3:10:44 PM: GetGroupRightsWithGroupId Finished
4/30/2015 3:13:22 PM: GetGroupRightsWithGroupId started
4/30/2015 3:13:27 PM: GetGroupRightsWithGroupId Finished
4/30/2015 3:13:58 PM: GetGroupRightsWithGroupId started
4/30/2015 3:13:58 PM: GetGroupRightsWithGroupId Finished
4/30/2015 3:23:42 PM: GetGroupRightsWithGroupId started
4/30/2015 3:23:42 PM: GetGroupRightsWithGroupId Finished
4/30/2015 3:23:48 PM: GetGroupRightsWithGroupId started
4/30/2015 3:23:48 PM: GetGroupRightsWithGroupId Finished
4/30/2015 3:42:58 PM: btnSubmit_Click Started
4/30/2015 3:42:58 PM: btnSubmit_Click Finished
