7/13/2015 4:15:47 PM: Writer DMS InfoSearch Serivce Intializing
7/13/2015 4:15:47 PM: Writer DMS InfoSearch Serivce Started
7/13/2015 4:15:47 PM: Initializing BackgroundWorker. Thread(s) Count : 1
7/13/2015 4:16:17 PM: Calling service to get data for splitting.
7/13/2015 4:16:21 PM: No data received from database.
7/13/2015 4:16:47 PM: Calling service to get data for splitting.
7/13/2015 4:16:47 PM: No data received from database.
7/13/2015 4:17:17 PM: Calling service to get data for splitting.
7/13/2015 4:17:23 PM: Exception : There was no endpoint listening at http://localhost:55362/Service.svc/REST that could accept the message. This is often caused by an incorrect address or SOAP action. See InnerException, if present, for more details.
7/13/2015 4:17:47 PM: Calling service to get data for splitting.
7/13/2015 4:17:49 PM: Exception : There was no endpoint listening at http://localhost:55362/Service.svc/REST that could accept the message. This is often caused by an incorrect address or SOAP action. See InnerException, if present, for more details.
7/13/2015 4:18:17 PM: Calling service to get data for splitting.
7/13/2015 4:18:19 PM: Exception : There was no endpoint listening at http://localhost:55362/Service.svc/REST that could accept the message. This is often caused by an incorrect address or SOAP action. See InnerException, if present, for more details.
7/13/2015 4:18:47 PM: Calling service to get data for splitting.
7/13/2015 4:18:49 PM: Exception : There was no endpoint listening at http://localhost:55362/Service.svc/REST that could accept the message. This is often caused by an incorrect address or SOAP action. See InnerException, if present, for more details.
7/13/2015 4:19:17 PM: Calling service to get data for splitting.
7/13/2015 4:19:19 PM: Exception : There was no endpoint listening at http://localhost:55362/Service.svc/REST that could accept the message. This is often caused by an incorrect address or SOAP action. See InnerException, if present, for more details.
7/13/2015 4:19:47 PM: Calling service to get data for splitting.
7/13/2015 4:19:49 PM: Exception : There was no endpoint listening at http://localhost:55362/Service.svc/REST that could accept the message. This is often caused by an incorrect address or SOAP action. See InnerException, if present, for more details.
7/13/2015 4:20:17 PM: Calling service to get data for splitting.
7/13/2015 4:20:19 PM: Exception : There was no endpoint listening at http://localhost:55362/Service.svc/REST that could accept the message. This is often caused by an incorrect address or SOAP action. See InnerException, if present, for more details.
7/13/2015 4:20:47 PM: Calling service to get data for splitting.
7/13/2015 4:20:49 PM: Exception : There was no endpoint listening at http://localhost:55362/Service.svc/REST that could accept the message. This is often caused by an incorrect address or SOAP action. See InnerException, if present, for more details.
7/13/2015 4:21:17 PM: Calling service to get data for splitting.
7/13/2015 4:21:19 PM: Exception : There was no endpoint listening at http://localhost:55362/Service.svc/REST that could accept the message. This is often caused by an incorrect address or SOAP action. See InnerException, if present, for more details.
7/13/2015 4:21:47 PM: Calling service to get data for splitting.
7/13/2015 4:21:49 PM: Exception : There was no endpoint listening at http://localhost:55362/Service.svc/REST that could accept the message. This is often caused by an incorrect address or SOAP action. See InnerException, if present, for more details.
7/13/2015 4:22:17 PM: Calling service to get data for splitting.
7/13/2015 4:22:19 PM: Exception : There was no endpoint listening at http://localhost:55362/Service.svc/REST that could accept the message. This is often caused by an incorrect address or SOAP action. See InnerException, if present, for more details.
7/13/2015 4:22:47 PM: Calling service to get data for splitting.
7/13/2015 4:22:48 PM: No data received from database.
7/13/2015 4:23:17 PM: Calling service to get data for splitting.
7/13/2015 4:23:21 PM: Exception : There was no endpoint listening at http://localhost:55362/Service.svc/REST that could accept the message. This is often caused by an incorrect address or SOAP action. See InnerException, if present, for more details.
7/13/2015 4:23:47 PM: Calling service to get data for splitting.
7/13/2015 4:23:49 PM: Exception : There was no endpoint listening at http://localhost:55362/Service.svc/REST that could accept the message. This is often caused by an incorrect address or SOAP action. See InnerException, if present, for more details.
7/13/2015 4:24:17 PM: Calling service to get data for splitting.
7/13/2015 4:24:20 PM: No data received from database.
7/13/2015 4:24:47 PM: Calling service to get data for splitting.
7/13/2015 4:24:47 PM: No data received from database.
7/13/2015 4:25:17 PM: Calling service to get data for splitting.
7/13/2015 4:25:17 PM: No data received from database.
7/13/2015 4:25:47 PM: Calling service to get data for splitting.
7/13/2015 4:25:47 PM: No data received from database.
7/13/2015 4:26:17 PM: Calling service to get data for splitting.
7/13/2015 4:26:17 PM: No data received from database.
7/13/2015 4:26:47 PM: Calling service to get data for splitting.
7/13/2015 4:26:47 PM: No data received from database.
7/13/2015 4:27:17 PM: Calling service to get data for splitting.
7/13/2015 4:27:17 PM: No data received from database.
7/13/2015 4:45:19 PM: Calling service to get data for splitting.
7/13/2015 4:45:29 PM: Exception : The process cannot access the file 'D:\LotexProjects\DMSEnh5\DMS_Infosearch\trunk\SourceCode\WindowsServices\WindowsService\bin\Debug\Logs\Writer DMS InfoSearch Serivce\20150713.Log' because it is being used by another process.
7/13/2015 4:45:29 PM: Received data from database. Count : 2
7/13/2015 4:45:29 PM: Invoking threads for each record/document.
7/13/2015 4:45:33 PM: Processing document. Row number: 0
7/13/2015 4:45:34 PM: Timer Stopped.
7/13/2015 4:45:34 PM: Drive E:\ not found or inaccessible.
7/13/2015 4:45:49 PM: Processing document. Row number: 1
7/13/2015 4:45:49 PM: Timer Stopped.
7/13/2015 4:45:49 PM: Drive E:\ not found or inaccessible.
7/13/2015 4:51:18 PM: Writer DMS InfoSearch Serivce Stopped
7/13/2015 4:51:21 PM: Writer DMS InfoSearch Serivce Intializing
7/13/2015 4:51:21 PM: Writer DMS InfoSearch Serivce Started
7/13/2015 4:51:21 PM: Initializing BackgroundWorker. Thread(s) Count : 1
7/13/2015 4:51:56 PM: Calling service to get data for splitting.
7/13/2015 4:52:25 PM: Calling service to get data for splitting.
7/13/2015 4:52:49 PM: Calling service to get data for splitting.
7/13/2015 4:52:54 PM: Calling service to get data for splitting.
7/13/2015 4:53:01 PM: Received data from database. Count : 2
7/13/2015 4:53:01 PM: Invoking threads for each record/document.
7/13/2015 4:53:02 PM: Processing document. Row number: 0
7/13/2015 4:53:04 PM: Timer Stopped.
7/13/2015 4:53:08 PM: Drive E:\ not found or inaccessible.
7/13/2015 4:53:54 PM: Received data from database. Count : 2
7/13/2015 4:53:54 PM: Invoking threads for each record/document.
7/13/2015 4:53:54 PM: Processing document. Row number: 0
7/13/2015 4:53:54 PM: Timer Stopped.
7/13/2015 4:53:54 PM: Drive E:\ not found or inaccessible.
7/13/2015 4:53:59 PM: Processing document. Row number: 1
7/13/2015 4:53:59 PM: Timer Stopped.
7/13/2015 4:53:59 PM: Drive E:\ not found or inaccessible.
7/13/2015 4:54:39 PM: Writer DMS InfoSearch Serivce Stopped
7/13/2015 4:55:03 PM: Writer DMS InfoSearch Serivce Intializing
7/13/2015 4:55:03 PM: Writer DMS InfoSearch Serivce Started
7/13/2015 4:55:03 PM: Initializing BackgroundWorker. Thread(s) Count : 1
7/13/2015 4:55:54 PM: Calling service to get data for splitting.
7/13/2015 4:55:54 PM: Received data from database. Count : 2
7/13/2015 4:55:54 PM: Invoking threads for each record/document.
7/13/2015 4:55:58 PM: Processing document. Row number: 0
7/13/2015 4:55:58 PM: Timer Stopped.
7/13/2015 4:56:00 PM: Drive E:\ not found or inaccessible.
7/13/2015 4:56:09 PM: Processing document. Row number: 1
7/13/2015 4:56:10 PM: Timer Stopped.
7/13/2015 4:56:19 PM: Drive E:\ not found or inaccessible.
7/13/2015 4:58:02 PM: Writer DMS InfoSearch Serivce Stopped
7/13/2015 4:58:04 PM: Writer DMS InfoSearch Serivce Intializing
7/13/2015 4:58:04 PM: Writer DMS InfoSearch Serivce Started
7/13/2015 4:58:04 PM: Initializing BackgroundWorker. Thread(s) Count : 1
7/13/2015 4:58:48 PM: Calling service to get data for splitting.
7/13/2015 4:58:48 PM: Received data from database. Count : 2
7/13/2015 4:58:48 PM: Invoking threads for each record/document.
7/13/2015 4:58:53 PM: Processing document. Row number: 0
7/13/2015 4:58:54 PM: Timer Stopped.
7/13/2015 4:58:56 PM: Drive E:\ not found or inaccessible.
7/13/2015 4:59:35 PM: Writer DMS InfoSearch Serivce Stopped
7/13/2015 4:59:48 PM: Writer DMS InfoSearch Serivce Intializing
7/13/2015 4:59:48 PM: Writer DMS InfoSearch Serivce Started
7/13/2015 4:59:48 PM: Initializing BackgroundWorker. Thread(s) Count : 1
7/13/2015 5:00:22 PM: Calling service to get data for splitting.
7/13/2015 5:00:23 PM: Received data from database. Count : 2
7/13/2015 5:00:23 PM: Invoking threads for each record/document.
7/13/2015 5:00:33 PM: Processing document. Row number: 0
7/13/2015 5:00:33 PM: Timer Stopped.
7/13/2015 5:00:37 PM: Fresh upload.
7/13/2015 5:00:37 PM: File Gokul CURRICULUM VITAE .pdf is processing.
7/13/2015 5:00:53 PM: Copy file. Source : D:\WDMSDocument\Testing\Gokul CURRICULUM VITAE .pdf Destination  : D:\\Writer\UploadedDocuments\GLOBAL\332\2015-07-13\R09fQURfMzI1XzFfMTAyMA==.pdf
7/13/2015 5:01:27 PM: Invoke document extract. Path : D:\\Writer\UploadedDocuments\GLOBAL\332\2015-07-13\R09fQURfMzI1XzFfMTAyMA==.pdf
7/13/2015 5:01:28 PM: Zipping document. File path : D:\\Writer\UploadedDocuments\GLOBAL\332\2015-07-13\R09fQURfMzI1XzFfMTAyMA==.pdf
7/13/2015 5:01:29 PM: Call service to update database.
7/13/2015 5:01:33 PM: Exception : There was no endpoint listening at http://localhost:55362/Service.svc/REST that could accept the message. This is often caused by an incorrect address or SOAP action. See InnerException, if present, for more details.
7/13/2015 5:01:33 PM: Timer started agan.
7/13/2015 5:01:37 PM: Processing document. Row number: 1
7/13/2015 5:01:37 PM: Timer Stopped.
7/13/2015 5:01:37 PM: Fresh upload.
7/13/2015 5:01:37 PM: File Gokul CURRICULUM VITAE.docx is processing.
7/13/2015 5:01:37 PM: Copy file. Source : D:\WDMSDocument\Testing\Gokul CURRICULUM VITAE.docx Destination  : D:\\Writer\UploadedDocuments\GLOBAL\332\2015-07-13\R09fQURfMzI1XzFfMTAyMQ==.docx
7/13/2015 5:01:37 PM: Invalid file extension : docx
7/13/2015 5:01:37 PM: Zipping document. File path : D:\\Writer\UploadedDocuments\GLOBAL\332\2015-07-13\R09fQURfMzI1XzFfMTAyMQ==.docx
7/13/2015 5:01:37 PM: Call service to update database.
7/13/2015 5:01:39 PM: Exception : There was no endpoint listening at http://localhost:55362/Service.svc/REST that could accept the message. This is often caused by an incorrect address or SOAP action. See InnerException, if present, for more details.
7/13/2015 5:01:39 PM: Timer started agan.
7/13/2015 5:02:03 PM: Writer DMS InfoSearch Serivce Stopped
7/13/2015 5:02:14 PM: Writer DMS InfoSearch Serivce Intializing
7/13/2015 5:02:14 PM: Writer DMS InfoSearch Serivce Started
7/13/2015 5:02:14 PM: Initializing BackgroundWorker. Thread(s) Count : 1
7/13/2015 5:02:46 PM: Calling service to get data for splitting.
7/13/2015 5:02:48 PM: Received data from database. Count : 2
7/13/2015 5:02:48 PM: Invoking threads for each record/document.
7/13/2015 5:02:49 PM: Processing document. Row number: 0
7/13/2015 5:02:49 PM: Timer Stopped.
7/13/2015 5:02:52 PM: Fresh upload.
7/13/2015 5:02:52 PM: File Gokul CURRICULUM VITAE .pdf is processing.
7/13/2015 5:02:52 PM: Copy file. Source : D:\WDMSDocument\Testing\Gokul CURRICULUM VITAE .pdf Destination  : D:\\Writer\UploadedDocuments\GLOBAL\332\2015-07-13\R09fQURfMzI1XzFfMTAyMA==.pdf
7/13/2015 5:02:57 PM: Invoke document extract. Path : D:\\Writer\UploadedDocuments\GLOBAL\332\2015-07-13\R09fQURfMzI1XzFfMTAyMA==.pdf
7/13/2015 5:02:57 PM: Zipping document. File path : D:\\Writer\UploadedDocuments\GLOBAL\332\2015-07-13\R09fQURfMzI1XzFfMTAyMA==.pdf
7/13/2015 5:02:58 PM: Call service to update database.
7/13/2015 5:02:58 PM: Database update success.
7/13/2015 5:02:58 PM: Deleting file. Path : D:\WDMSDocument\Testing\Gokul CURRICULUM VITAE .pdf
7/13/2015 5:02:58 PM: Deleting directory. Path : d:\wdmsdocument\testing
7/13/2015 5:02:58 PM: Exception : The process cannot access the file 'Gokul CURRICULUM VITAE.docx' because it is being used by another process.
7/13/2015 5:02:58 PM: Timer started agan.
7/13/2015 5:04:34 PM: Processing document. Row number: 1
7/13/2015 5:04:34 PM: Timer Stopped.
7/13/2015 5:04:34 PM: Fresh upload.
7/13/2015 5:04:34 PM: File Gokul CURRICULUM VITAE.docx is processing.
7/13/2015 5:04:34 PM: Copy file. Source : D:\WDMSDocument\Testing\Gokul CURRICULUM VITAE.docx Destination  : D:\\Writer\UploadedDocuments\GLOBAL\332\2015-07-13\R09fQURfMzI1XzFfMTAyMQ==.docx
7/13/2015 5:04:34 PM: Received data from database. Count : 1
7/13/2015 5:04:34 PM: Invoking threads for each record/document.
7/13/2015 5:05:14 PM: Writer DMS InfoSearch Serivce Stopped
7/13/2015 5:05:16 PM: Writer DMS InfoSearch Serivce Intializing
7/13/2015 5:05:16 PM: Writer DMS InfoSearch Serivce Started
7/13/2015 5:05:16 PM: Initializing BackgroundWorker. Thread(s) Count : 1
7/13/2015 5:06:01 PM: Calling service to get data for splitting.
7/13/2015 5:06:02 PM: Received data from database. Count : 1
7/13/2015 5:06:02 PM: Invoking threads for each record/document.
7/13/2015 5:06:08 PM: Processing document. Row number: 0
7/13/2015 5:06:08 PM: Timer Stopped.
7/13/2015 5:06:29 PM: Fresh upload.
7/13/2015 5:06:30 PM: File Gokul CURRICULUM VITAE.docx is processing.
7/13/2015 5:06:31 PM: Copy file. Source : D:\WDMSDocument\Testing\Gokul CURRICULUM VITAE.docx Destination  : D:\\Writer\UploadedDocuments\GLOBAL\332\2015-07-13\R09fQURfMzI1XzFfMTAyMQ==.docx
7/13/2015 5:07:23 PM: Writer DMS InfoSearch Serivce Stopped
7/13/2015 5:07:25 PM: Writer DMS InfoSearch Serivce Intializing
7/13/2015 5:07:25 PM: Writer DMS InfoSearch Serivce Started
7/13/2015 5:07:25 PM: Initializing BackgroundWorker. Thread(s) Count : 1
7/13/2015 5:08:06 PM: Calling service to get data for splitting.
7/13/2015 5:08:07 PM: Received data from database. Count : 1
7/13/2015 5:08:07 PM: Invoking threads for each record/document.
7/13/2015 5:08:09 PM: Processing document. Row number: 0
7/13/2015 5:08:09 PM: Timer Stopped.
7/13/2015 5:08:15 PM: Fresh upload.
7/13/2015 5:08:16 PM: File Gokul CURRICULUM VITAE.docx is processing.
7/13/2015 5:08:16 PM: Copy file. Source : D:\WDMSDocument\Testing\Gokul CURRICULUM VITAE.docx Destination  : D:\\Writer\UploadedDocuments\GLOBAL\332\2015-07-13\R09fQURfMzI1XzFfMTAyMQ==.docx
7/13/2015 5:08:40 PM: Writer DMS InfoSearch Serivce Stopped
7/13/2015 5:08:43 PM: Writer DMS InfoSearch Serivce Intializing
7/13/2015 5:08:43 PM: Writer DMS InfoSearch Serivce Started
7/13/2015 5:08:43 PM: Initializing BackgroundWorker. Thread(s) Count : 1
7/13/2015 5:09:24 PM: Calling service to get data for splitting.
7/13/2015 5:09:24 PM: Received data from database. Count : 1
7/13/2015 5:09:24 PM: Invoking threads for each record/document.
7/13/2015 5:09:29 PM: Processing document. Row number: 0
7/13/2015 5:09:29 PM: Timer Stopped.
7/13/2015 5:09:36 PM: Fresh upload.
7/13/2015 5:09:36 PM: File Gokul CURRICULUM VITAE.docx is processing.
7/13/2015 5:09:36 PM: Copy file. Source : D:\WDMSDocument\Testing\Gokul CURRICULUM VITAE.docx Destination  : D:\\Writer\UploadedDocuments\GLOBAL\332\2015-07-13\R09fQURfMzI1XzFfMTAyMQ==.docx
7/13/2015 5:11:02 PM: Writer DMS InfoSearch Serivce Stopped
7/13/2015 5:11:04 PM: Writer DMS InfoSearch Serivce Intializing
7/13/2015 5:11:04 PM: Writer DMS InfoSearch Serivce Started
7/13/2015 5:11:04 PM: Initializing BackgroundWorker. Thread(s) Count : 1
7/13/2015 5:35:36 PM: Calling service to get data for splitting.
7/13/2015 5:35:37 PM: Calling service to get data for splitting.
7/13/2015 5:35:39 PM: Received data from database. Count : 1
7/13/2015 5:35:39 PM: Invoking threads for each record/document.
7/13/2015 5:35:39 PM: Received data from database. Count : 1
7/13/2015 5:35:40 PM: Invoking threads for each record/document.
7/13/2015 5:35:40 PM: Timer Stopped.
7/13/2015 5:35:46 PM: Fresh upload.
7/13/2015 5:35:46 PM: File Gokul CURRICULUM VITAE.docx is processing.
7/13/2015 5:35:46 PM: Copy file. Source : D:\WDMSDocument\Testing\Gokul CURRICULUM VITAE.docx Destination  : D:\\Writer\UploadedDocuments\GLOBAL\332\2015-07-13\R09fQURfMzI1XzFfMTAyMQ==.docx
7/13/2015 5:38:06 PM: Writer DMS InfoSearch Serivce Stopped
7/13/2015 5:38:09 PM: Writer DMS InfoSearch Serivce Intializing
7/13/2015 5:38:09 PM: Writer DMS InfoSearch Serivce Started
7/13/2015 5:38:09 PM: Initializing BackgroundWorker. Thread(s) Count : 1
7/13/2015 5:38:45 PM: Calling service to get data for splitting.
7/13/2015 5:38:45 PM: Received data from database. Count : 1
7/13/2015 5:38:45 PM: Invoking threads for each record/document.
7/13/2015 5:38:49 PM: Processing document. Row number: 0
7/13/2015 5:38:49 PM: Timer Stopped.
7/13/2015 5:38:53 PM: Fresh upload.
7/13/2015 5:38:53 PM: File Gokul CURRICULUM VITAE.docx is processing.
7/13/2015 5:38:53 PM: Copy file. Source : D:\WDMSDocument\Testing\Gokul CURRICULUM VITAE.docx Destination  : D:\\Writer\UploadedDocuments\GLOBAL\332\2015-07-13\R09fQURfMzI1XzFfMTAyMQ==.docx
7/13/2015 5:42:21 PM: Writer DMS InfoSearch Serivce Stopped
7/13/2015 5:43:24 PM: Writer DMS InfoSearch Serivce Intializing
7/13/2015 5:43:24 PM: Writer DMS InfoSearch Serivce Started
7/13/2015 5:43:24 PM: Initializing BackgroundWorker. Thread(s) Count : 1
7/13/2015 5:44:17 PM: Calling service to get data for splitting.
7/13/2015 5:44:17 PM: Received data from database. Count : 1
7/13/2015 5:44:17 PM: Invoking threads for each record/document.
7/13/2015 5:44:19 PM: Processing document. Row number: 0
7/13/2015 5:44:19 PM: Timer Stopped.
7/13/2015 5:44:20 PM: Fresh upload.
7/13/2015 5:44:20 PM: File Gokul CURRICULUM VITAE.docx is processing.
7/13/2015 5:44:20 PM: Copy file. Source : D:\WDMSDocument\Testing\Gokul CURRICULUM VITAE.docx Destination  : D:\\Writer\UploadedDocuments\GLOBAL\332\2015-07-13\R09fQURfMzI1XzFfMTAyMQ==.docx
7/13/2015 5:50:36 PM: Writer DMS InfoSearch Serivce Stopped
7/13/2015 5:50:38 PM: Writer DMS InfoSearch Serivce Intializing
7/13/2015 5:50:38 PM: Writer DMS InfoSearch Serivce Started
7/13/2015 5:50:38 PM: Initializing BackgroundWorker. Thread(s) Count : 1
7/13/2015 5:51:09 PM: Calling service to get data for splitting.
7/13/2015 5:51:09 PM: Received data from database. Count : 1
7/13/2015 5:51:09 PM: Invoking threads for each record/document.
7/13/2015 5:51:09 PM: Processing document. Row number: 0
7/13/2015 5:51:09 PM: Timer Stopped.
7/13/2015 5:51:09 PM: Fresh upload.
7/13/2015 5:51:09 PM: File Gokul CURRICULUM VITAE.docx is processing.
7/13/2015 5:51:09 PM: Copy file. Source : D:\WDMSDocument\Testing\Gokul CURRICULUM VITAE.docx Destination  : D:\\Writer\UploadedDocuments\GLOBAL\332\2015-07-13\R09fQURfMzI1XzFfMTAyMQ==.docx
7/13/2015 5:55:12 PM: Writer DMS InfoSearch Serivce Stopped
7/13/2015 5:55:14 PM: Writer DMS InfoSearch Serivce Intializing
7/13/2015 5:55:14 PM: Writer DMS InfoSearch Serivce Started
7/13/2015 5:55:14 PM: Initializing BackgroundWorker. Thread(s) Count : 1
7/13/2015 5:56:31 PM: Calling service to get data for splitting.
7/13/2015 5:56:31 PM: Calling service to get data for splitting.
7/13/2015 5:56:33 PM: Received data from database. Count : 1
7/13/2015 5:56:33 PM: Invoking threads for each record/document.
7/13/2015 5:56:34 PM: Processing document. Row number: 0
7/13/2015 5:56:34 PM: Timer Stopped.
7/13/2015 5:56:37 PM: Fresh upload.
7/13/2015 5:56:37 PM: File Gokul CURRICULUM VITAE.docx is processing.
7/13/2015 5:56:37 PM: Invoking threads for each record/document.
7/13/2015 5:57:25 PM: Writer DMS InfoSearch Serivce Stopped
7/13/2015 5:57:28 PM: Writer DMS InfoSearch Serivce Intializing
7/13/2015 5:57:28 PM: Writer DMS InfoSearch Serivce Started
7/13/2015 5:57:28 PM: Initializing BackgroundWorker. Thread(s) Count : 1
7/13/2015 5:58:23 PM: Calling service to get data for splitting.
7/13/2015 5:58:24 PM: Received data from database. Count : 1
7/13/2015 5:58:24 PM: Invoking threads for each record/document.
7/13/2015 5:58:24 PM: Processing document. Row number: 0
7/13/2015 5:58:25 PM: Timer Stopped.
7/13/2015 5:58:25 PM: Fresh upload.
7/13/2015 5:58:25 PM: File Gokul CURRICULUM VITAE.docx is processing.
7/13/2015 5:58:25 PM: Copy file. Source : D:\WDMSDocument\Testing\Gokul CURRICULUM VITAE.docx Destination  : D:\\Writer\UploadedDocuments\GLOBAL\332\2015-07-13\R09fQURfMzI1XzFfMTAyMQ==.docx
7/13/2015 6:02:55 PM: Writer DMS InfoSearch Serivce Stopped
7/13/2015 6:06:33 PM: Writer DMS InfoSearch Serivce Intializing
7/13/2015 6:06:33 PM: Writer DMS InfoSearch Serivce Started
7/13/2015 6:06:33 PM: Initializing BackgroundWorker. Thread(s) Count : 1
7/13/2015 6:07:10 PM: Calling service to get data for splitting.
7/13/2015 6:07:33 PM: Calling service to get data for splitting.
7/13/2015 6:07:33 PM: Exception : There was no endpoint listening at http://localhost:55362/Service.svc/REST that could accept the message. This is often caused by an incorrect address or SOAP action. See InnerException, if present, for more details.
7/13/2015 6:07:35 PM: Exception : There was no endpoint listening at http://localhost:55362/Service.svc/REST that could accept the message. This is often caused by an incorrect address or SOAP action. See InnerException, if present, for more details.
7/13/2015 6:08:03 PM: Calling service to get data for splitting.
7/13/2015 6:08:05 PM: Exception : There was no endpoint listening at http://localhost:55362/Service.svc/REST that could accept the message. This is often caused by an incorrect address or SOAP action. See InnerException, if present, for more details.
7/13/2015 6:08:33 PM: Calling service to get data for splitting.
7/13/2015 6:08:35 PM: Exception : There was no endpoint listening at http://localhost:55362/Service.svc/REST that could accept the message. This is often caused by an incorrect address or SOAP action. See InnerException, if present, for more details.
7/13/2015 6:09:03 PM: Calling service to get data for splitting.
7/13/2015 6:09:05 PM: Exception : There was no endpoint listening at http://localhost:55362/Service.svc/REST that could accept the message. This is often caused by an incorrect address or SOAP action. See InnerException, if present, for more details.
7/13/2015 6:09:33 PM: Calling service to get data for splitting.
7/13/2015 6:09:35 PM: Exception : There was no endpoint listening at http://localhost:55362/Service.svc/REST that could accept the message. This is often caused by an incorrect address or SOAP action. See InnerException, if present, for more details.
7/13/2015 6:10:03 PM: Calling service to get data for splitting.
7/13/2015 6:10:05 PM: Exception : There was no endpoint listening at http://localhost:55362/Service.svc/REST that could accept the message. This is often caused by an incorrect address or SOAP action. See InnerException, if present, for more details.
7/13/2015 6:10:33 PM: Calling service to get data for splitting.
7/13/2015 6:10:35 PM: Exception : There was no endpoint listening at http://localhost:55362/Service.svc/REST that could accept the message. This is often caused by an incorrect address or SOAP action. See InnerException, if present, for more details.
7/13/2015 6:10:43 PM: Writer DMS InfoSearch Serivce Stopped
7/13/2015 6:11:18 PM: Writer DMS InfoSearch Serivce Intializing
7/13/2015 6:11:18 PM: Writer DMS InfoSearch Serivce Started
7/13/2015 6:11:18 PM: Initializing BackgroundWorker. Thread(s) Count : 1
7/13/2015 6:11:55 PM: Calling service to get data for splitting.
7/13/2015 6:12:00 PM: Received data from database. Count : 1
7/13/2015 6:12:00 PM: Invoking threads for each record/document.
7/13/2015 6:12:01 PM: Processing document. Row number: 0
7/13/2015 6:12:01 PM: Timer Stopped.
7/13/2015 6:12:02 PM: Fresh upload.
7/13/2015 6:12:02 PM: File Gokul CURRICULUM VITAE.docx is processing.
7/13/2015 6:12:02 PM: Copy file. Source : D:\WDMSDocument\Testing\Gokul CURRICULUM VITAE.docx Destination  : D:\\Writer\UploadedDocuments\GLOBAL\332\2015-07-13\R09fQURfMzI1XzFfMTAyMQ==.docx
7/13/2015 6:13:56 PM: Writer DMS InfoSearch Serivce Stopped
7/13/2015 6:13:58 PM: Writer DMS InfoSearch Serivce Intializing
7/13/2015 6:13:58 PM: Writer DMS InfoSearch Serivce Started
7/13/2015 6:13:58 PM: Initializing BackgroundWorker. Thread(s) Count : 1
7/13/2015 6:14:30 PM: Calling service to get data for splitting.
7/13/2015 6:14:31 PM: Received data from database. Count : 1
7/13/2015 6:14:31 PM: Invoking threads for each record/document.
7/13/2015 6:14:31 PM: Processing document. Row number: 0
7/13/2015 6:14:31 PM: Timer Stopped.
7/13/2015 6:14:32 PM: Fresh upload.
7/13/2015 6:14:32 PM: File Gokul CURRICULUM VITAE.docx is processing.
7/13/2015 6:14:32 PM: Copy file. Source : D:\WDMSDocument\Testing\Gokul CURRICULUM VITAE.docx Destination  : D:\\Writer\UploadedDocuments\GLOBAL\332\2015-07-13\R09fQURfMzI1XzFfMTAyMQ==.docx
7/13/2015 6:14:32 PM: Exception : The process cannot access the file 'D:\\Writer\UploadedDocuments\GLOBAL\332\2015-07-13\R09fQURfMzI1XzFfMTAyMQ==.docx' because it is being used by another process.
7/13/2015 6:14:32 PM: Timer started agan.
7/13/2015 6:15:06 PM: Calling service to get data for splitting.
7/13/2015 6:15:06 PM: Received data from database. Count : 1
7/13/2015 6:15:06 PM: Invoking threads for each record/document.
7/13/2015 6:15:07 PM: Processing document. Row number: 0
7/13/2015 6:15:07 PM: Timer Stopped.
7/13/2015 6:15:10 PM: Fresh upload.
7/13/2015 6:15:10 PM: File Gokul CURRICULUM VITAE.docx is processing.
7/13/2015 6:15:10 PM: Copy file. Source : D:\WDMSDocument\Testing\Gokul CURRICULUM VITAE.docx Destination  : D:\\Writer\UploadedDocuments\GLOBAL\332\2015-07-13\R09fQURfMzI1XzFfMTAyMQ==.docx
7/13/2015 6:15:24 PM: Exception : The process cannot access the file 'D:\\Writer\UploadedDocuments\GLOBAL\332\2015-07-13\R09fQURfMzI1XzFfMTAyMQ==.docx' because it is being used by another process.
7/13/2015 6:15:24 PM: Timer started agan.
7/13/2015 6:15:26 PM: Writer DMS InfoSearch Serivce Stopped
