7/15/2015 2:53:57 PM: Writer DMS InfoSearch Serivce Intializing
7/15/2015 2:53:57 PM: Writer DMS InfoSearch Serivce Started
7/15/2015 2:53:57 PM: Initializing BackgroundWorker. Thread(s) Count : 1
7/15/2015 2:54:29 PM: Calling service to get data for splitting.
7/15/2015 2:54:47 PM: Exception : There was no endpoint listening at http://localhost:55362/Service.svc/REST that could accept the message. This is often caused by an incorrect address or SOAP action. See InnerException, if present, for more details.
7/15/2015 2:54:57 PM: Calling service to get data for splitting.
7/15/2015 2:54:59 PM: Exception : There was no endpoint listening at http://localhost:55362/Service.svc/REST that could accept the message. This is often caused by an incorrect address or SOAP action. See InnerException, if present, for more details.
7/15/2015 2:55:27 PM: Calling service to get data for splitting.
7/15/2015 2:55:29 PM: Exception : There was no endpoint listening at http://localhost:55362/Service.svc/REST that could accept the message. This is often caused by an incorrect address or SOAP action. See InnerException, if present, for more details.
7/15/2015 2:55:57 PM: Calling service to get data for splitting.
7/15/2015 2:55:59 PM: Exception : There was no endpoint listening at http://localhost:55362/Service.svc/REST that could accept the message. This is often caused by an incorrect address or SOAP action. See InnerException, if present, for more details.
7/15/2015 2:56:27 PM: Calling service to get data for splitting.
7/15/2015 2:56:29 PM: Exception : There was no endpoint listening at http://localhost:55362/Service.svc/REST that could accept the message. This is often caused by an incorrect address or SOAP action. See InnerException, if present, for more details.
7/15/2015 2:56:57 PM: Calling service to get data for splitting.
7/15/2015 2:56:59 PM: Exception : There was no endpoint listening at http://localhost:55362/Service.svc/REST that could accept the message. This is often caused by an incorrect address or SOAP action. See InnerException, if present, for more details.
7/15/2015 2:57:27 PM: Calling service to get data for splitting.
7/15/2015 2:57:29 PM: Exception : There was no endpoint listening at http://localhost:55362/Service.svc/REST that could accept the message. This is often caused by an incorrect address or SOAP action. See InnerException, if present, for more details.
7/15/2015 2:57:57 PM: Calling service to get data for splitting.
7/15/2015 2:57:59 PM: Exception : There was no endpoint listening at http://localhost:55362/Service.svc/REST that could accept the message. This is often caused by an incorrect address or SOAP action. See InnerException, if present, for more details.
7/15/2015 2:58:27 PM: Calling service to get data for splitting.
7/15/2015 2:58:29 PM: Exception : There was no endpoint listening at http://localhost:55362/Service.svc/REST that could accept the message. This is often caused by an incorrect address or SOAP action. See InnerException, if present, for more details.
7/15/2015 2:58:57 PM: Calling service to get data for splitting.
7/15/2015 2:58:59 PM: Exception : There was no endpoint listening at http://localhost:55362/Service.svc/REST that could accept the message. This is often caused by an incorrect address or SOAP action. See InnerException, if present, for more details.
7/15/2015 2:59:27 PM: Calling service to get data for splitting.
7/15/2015 2:59:29 PM: Exception : There was no endpoint listening at http://localhost:55362/Service.svc/REST that could accept the message. This is often caused by an incorrect address or SOAP action. See InnerException, if present, for more details.
7/15/2015 2:59:57 PM: Calling service to get data for splitting.
7/15/2015 2:59:59 PM: Exception : There was no endpoint listening at http://localhost:55362/Service.svc/REST that could accept the message. This is often caused by an incorrect address or SOAP action. See InnerException, if present, for more details.
7/15/2015 3:00:27 PM: Calling service to get data for splitting.
7/15/2015 3:00:29 PM: Exception : There was no endpoint listening at http://localhost:55362/Service.svc/REST that could accept the message. This is often caused by an incorrect address or SOAP action. See InnerException, if present, for more details.
7/15/2015 3:00:57 PM: Calling service to get data for splitting.
7/15/2015 3:00:59 PM: Exception : There was no endpoint listening at http://localhost:55362/Service.svc/REST that could accept the message. This is often caused by an incorrect address or SOAP action. See InnerException, if present, for more details.
7/15/2015 3:01:27 PM: Calling service to get data for splitting.
7/15/2015 3:01:29 PM: Exception : There was no endpoint listening at http://localhost:55362/Service.svc/REST that could accept the message. This is often caused by an incorrect address or SOAP action. See InnerException, if present, for more details.
7/15/2015 3:01:57 PM: Calling service to get data for splitting.
7/15/2015 3:01:59 PM: Exception : There was no endpoint listening at http://localhost:55362/Service.svc/REST that could accept the message. This is often caused by an incorrect address or SOAP action. See InnerException, if present, for more details.
7/15/2015 3:02:27 PM: Calling service to get data for splitting.
7/15/2015 3:02:29 PM: Exception : There was no endpoint listening at http://localhost:55362/Service.svc/REST that could accept the message. This is often caused by an incorrect address or SOAP action. See InnerException, if present, for more details.
7/15/2015 3:02:57 PM: Calling service to get data for splitting.
7/15/2015 3:02:59 PM: Exception : There was no endpoint listening at http://localhost:55362/Service.svc/REST that could accept the message. This is often caused by an incorrect address or SOAP action. See InnerException, if present, for more details.
7/15/2015 3:03:27 PM: Calling service to get data for splitting.
7/15/2015 3:03:29 PM: Exception : There was no endpoint listening at http://localhost:55362/Service.svc/REST that could accept the message. This is often caused by an incorrect address or SOAP action. See InnerException, if present, for more details.
7/15/2015 3:03:57 PM: Calling service to get data for splitting.
7/15/2015 3:03:59 PM: Exception : There was no endpoint listening at http://localhost:55362/Service.svc/REST that could accept the message. This is often caused by an incorrect address or SOAP action. See InnerException, if present, for more details.
7/15/2015 3:04:27 PM: Calling service to get data for splitting.
7/15/2015 3:04:29 PM: Exception : There was no endpoint listening at http://localhost:55362/Service.svc/REST that could accept the message. This is often caused by an incorrect address or SOAP action. See InnerException, if present, for more details.
7/15/2015 3:04:57 PM: Calling service to get data for splitting.
7/15/2015 3:04:59 PM: Exception : There was no endpoint listening at http://localhost:55362/Service.svc/REST that could accept the message. This is often caused by an incorrect address or SOAP action. See InnerException, if present, for more details.
7/15/2015 3:05:27 PM: Calling service to get data for splitting.
7/15/2015 3:05:29 PM: Exception : There was no endpoint listening at http://localhost:55362/Service.svc/REST that could accept the message. This is often caused by an incorrect address or SOAP action. See InnerException, if present, for more details.
7/15/2015 3:05:57 PM: Calling service to get data for splitting.
7/15/2015 3:05:59 PM: Exception : There was no endpoint listening at http://localhost:55362/Service.svc/REST that could accept the message. This is often caused by an incorrect address or SOAP action. See InnerException, if present, for more details.
7/15/2015 3:06:27 PM: Calling service to get data for splitting.
7/15/2015 3:06:29 PM: Exception : There was no endpoint listening at http://localhost:55362/Service.svc/REST that could accept the message. This is often caused by an incorrect address or SOAP action. See InnerException, if present, for more details.
7/15/2015 3:06:57 PM: Calling service to get data for splitting.
7/15/2015 3:06:59 PM: Exception : There was no endpoint listening at http://localhost:55362/Service.svc/REST that could accept the message. This is often caused by an incorrect address or SOAP action. See InnerException, if present, for more details.
7/15/2015 3:07:27 PM: Calling service to get data for splitting.
7/15/2015 3:07:29 PM: Exception : There was no endpoint listening at http://localhost:55362/Service.svc/REST that could accept the message. This is often caused by an incorrect address or SOAP action. See InnerException, if present, for more details.
7/15/2015 3:07:57 PM: Calling service to get data for splitting.
7/15/2015 3:07:59 PM: Exception : There was no endpoint listening at http://localhost:55362/Service.svc/REST that could accept the message. This is often caused by an incorrect address or SOAP action. See InnerException, if present, for more details.
7/15/2015 3:08:27 PM: Calling service to get data for splitting.
7/15/2015 3:08:29 PM: Exception : There was no endpoint listening at http://localhost:55362/Service.svc/REST that could accept the message. This is often caused by an incorrect address or SOAP action. See InnerException, if present, for more details.
7/15/2015 3:08:57 PM: Calling service to get data for splitting.
7/15/2015 3:08:59 PM: Exception : There was no endpoint listening at http://localhost:55362/Service.svc/REST that could accept the message. This is often caused by an incorrect address or SOAP action. See InnerException, if present, for more details.
7/15/2015 3:09:27 PM: Calling service to get data for splitting.
7/15/2015 3:09:29 PM: Exception : There was no endpoint listening at http://localhost:55362/Service.svc/REST that could accept the message. This is often caused by an incorrect address or SOAP action. See InnerException, if present, for more details.
7/15/2015 3:09:57 PM: Calling service to get data for splitting.
7/15/2015 3:09:59 PM: Exception : There was no endpoint listening at http://localhost:55362/Service.svc/REST that could accept the message. This is often caused by an incorrect address or SOAP action. See InnerException, if present, for more details.
7/15/2015 3:10:27 PM: Calling service to get data for splitting.
7/15/2015 3:10:29 PM: Exception : There was no endpoint listening at http://localhost:55362/Service.svc/REST that could accept the message. This is often caused by an incorrect address or SOAP action. See InnerException, if present, for more details.
7/15/2015 3:10:57 PM: Calling service to get data for splitting.
7/15/2015 3:10:59 PM: Exception : There was no endpoint listening at http://localhost:55362/Service.svc/REST that could accept the message. This is often caused by an incorrect address or SOAP action. See InnerException, if present, for more details.
7/15/2015 3:11:27 PM: Calling service to get data for splitting.
7/15/2015 3:11:29 PM: Exception : There was no endpoint listening at http://localhost:55362/Service.svc/REST that could accept the message. This is often caused by an incorrect address or SOAP action. See InnerException, if present, for more details.
7/15/2015 3:11:57 PM: Calling service to get data for splitting.
7/15/2015 3:11:59 PM: Exception : There was no endpoint listening at http://localhost:55362/Service.svc/REST that could accept the message. This is often caused by an incorrect address or SOAP action. See InnerException, if present, for more details.
7/15/2015 3:12:27 PM: Calling service to get data for splitting.
7/15/2015 3:12:29 PM: Exception : There was no endpoint listening at http://localhost:55362/Service.svc/REST that could accept the message. This is often caused by an incorrect address or SOAP action. See InnerException, if present, for more details.
7/15/2015 3:12:57 PM: Calling service to get data for splitting.
7/15/2015 3:12:59 PM: No data received from database.
7/15/2015 3:13:27 PM: Calling service to get data for splitting.
7/15/2015 3:13:27 PM: No data received from database.
7/15/2015 3:13:57 PM: Calling service to get data for splitting.
7/15/2015 3:13:57 PM: No data received from database.
7/15/2015 3:14:27 PM: Calling service to get data for splitting.
7/15/2015 3:14:27 PM: No data received from database.
7/15/2015 3:14:57 PM: Calling service to get data for splitting.
7/15/2015 3:14:57 PM: No data received from database.
7/15/2015 3:15:27 PM: Calling service to get data for splitting.
7/15/2015 3:15:27 PM: No data received from database.
7/15/2015 3:15:57 PM: Calling service to get data for splitting.
7/15/2015 3:15:57 PM: No data received from database.
7/15/2015 3:16:27 PM: Calling service to get data for splitting.
7/15/2015 3:16:27 PM: No data received from database.
7/15/2015 3:16:57 PM: Calling service to get data for splitting.
7/15/2015 3:16:57 PM: No data received from database.
7/15/2015 3:17:27 PM: Calling service to get data for splitting.
7/15/2015 3:17:27 PM: No data received from database.
7/15/2015 3:17:57 PM: Calling service to get data for splitting.
7/15/2015 3:17:57 PM: No data received from database.
7/15/2015 3:18:27 PM: Calling service to get data for splitting.
7/15/2015 3:18:27 PM: No data received from database.
7/15/2015 3:18:57 PM: Calling service to get data for splitting.
7/15/2015 3:18:57 PM: No data received from database.
7/15/2015 3:19:27 PM: Calling service to get data for splitting.
7/15/2015 3:19:27 PM: No data received from database.
7/15/2015 3:19:57 PM: Calling service to get data for splitting.
7/15/2015 3:19:58 PM: No data received from database.
7/15/2015 3:20:27 PM: Calling service to get data for splitting.
7/15/2015 3:20:27 PM: No data received from database.
7/15/2015 3:20:57 PM: Calling service to get data for splitting.
7/15/2015 3:20:57 PM: No data received from database.
7/15/2015 3:21:27 PM: Calling service to get data for splitting.
7/15/2015 3:21:27 PM: No data received from database.
7/15/2015 3:21:57 PM: Calling service to get data for splitting.
7/15/2015 3:21:57 PM: No data received from database.
7/15/2015 3:22:27 PM: Calling service to get data for splitting.
7/15/2015 3:22:27 PM: No data received from database.
7/15/2015 3:22:57 PM: Calling service to get data for splitting.
7/15/2015 3:22:57 PM: No data received from database.
7/15/2015 3:23:27 PM: Calling service to get data for splitting.
7/15/2015 3:23:27 PM: No data received from database.
7/15/2015 3:23:57 PM: Calling service to get data for splitting.
7/15/2015 3:23:57 PM: No data received from database.
7/15/2015 3:24:27 PM: Calling service to get data for splitting.
7/15/2015 3:24:27 PM: No data received from database.
7/15/2015 3:24:57 PM: Calling service to get data for splitting.
7/15/2015 3:24:57 PM: No data received from database.
7/15/2015 3:25:27 PM: Calling service to get data for splitting.
7/15/2015 3:25:27 PM: No data received from database.
7/15/2015 3:25:57 PM: Calling service to get data for splitting.
7/15/2015 3:25:57 PM: No data received from database.
7/15/2015 3:26:27 PM: Calling service to get data for splitting.
7/15/2015 3:26:27 PM: No data received from database.
7/15/2015 3:26:57 PM: Calling service to get data for splitting.
7/15/2015 3:26:57 PM: No data received from database.
7/15/2015 3:27:27 PM: Calling service to get data for splitting.
7/15/2015 3:27:28 PM: No data received from database.
7/15/2015 3:27:57 PM: Calling service to get data for splitting.
7/15/2015 3:27:58 PM: No data received from database.
7/15/2015 3:28:27 PM: Calling service to get data for splitting.
7/15/2015 3:28:27 PM: No data received from database.
7/15/2015 3:28:57 PM: Calling service to get data for splitting.
7/15/2015 3:28:58 PM: No data received from database.
7/15/2015 3:29:27 PM: Calling service to get data for splitting.
7/15/2015 3:29:27 PM: No data received from database.
7/15/2015 3:29:57 PM: Calling service to get data for splitting.
7/15/2015 3:29:58 PM: No data received from database.
7/15/2015 3:30:27 PM: Calling service to get data for splitting.
7/15/2015 3:30:28 PM: No data received from database.
7/15/2015 3:30:57 PM: Calling service to get data for splitting.
7/15/2015 3:30:58 PM: No data received from database.
7/15/2015 3:31:27 PM: Calling service to get data for splitting.
7/15/2015 3:31:27 PM: No data received from database.
7/15/2015 3:31:57 PM: Calling service to get data for splitting.
7/15/2015 3:31:58 PM: No data received from database.
7/15/2015 3:32:27 PM: Calling service to get data for splitting.
7/15/2015 3:32:28 PM: No data received from database.
7/15/2015 3:32:57 PM: Calling service to get data for splitting.
7/15/2015 3:32:58 PM: No data received from database.
7/15/2015 3:33:27 PM: Calling service to get data for splitting.
7/15/2015 3:33:29 PM: No data received from database.
7/15/2015 3:33:57 PM: Calling service to get data for splitting.
7/15/2015 3:33:58 PM: No data received from database.
7/15/2015 3:34:28 PM: Calling service to get data for splitting.
7/15/2015 3:34:28 PM: No data received from database.
7/15/2015 3:34:58 PM: Calling service to get data for splitting.
7/15/2015 3:34:58 PM: No data received from database.
7/15/2015 3:35:28 PM: Calling service to get data for splitting.
7/15/2015 3:35:28 PM: No data received from database.
7/15/2015 3:35:58 PM: Calling service to get data for splitting.
7/15/2015 3:35:58 PM: No data received from database.
7/15/2015 3:36:28 PM: Calling service to get data for splitting.
7/15/2015 3:36:28 PM: No data received from database.
7/15/2015 3:36:58 PM: Calling service to get data for splitting.
7/15/2015 3:36:58 PM: No data received from database.
7/15/2015 3:37:28 PM: Calling service to get data for splitting.
7/15/2015 3:37:28 PM: No data received from database.
7/15/2015 3:37:58 PM: Calling service to get data for splitting.
7/15/2015 3:37:58 PM: No data received from database.
7/15/2015 3:38:28 PM: Calling service to get data for splitting.
7/15/2015 3:38:28 PM: No data received from database.
7/15/2015 3:38:58 PM: Calling service to get data for splitting.
7/15/2015 3:38:58 PM: No data received from database.
7/15/2015 3:39:28 PM: Calling service to get data for splitting.
7/15/2015 3:39:28 PM: No data received from database.
7/15/2015 3:39:58 PM: Calling service to get data for splitting.
7/15/2015 3:39:58 PM: No data received from database.
7/15/2015 3:40:28 PM: Calling service to get data for splitting.
7/15/2015 3:40:28 PM: No data received from database.
7/15/2015 3:40:58 PM: Calling service to get data for splitting.
7/15/2015 3:40:58 PM: No data received from database.
7/15/2015 3:41:28 PM: Calling service to get data for splitting.
7/15/2015 3:41:28 PM: No data received from database.
7/15/2015 3:41:58 PM: Calling service to get data for splitting.
7/15/2015 3:41:58 PM: No data received from database.
7/15/2015 3:42:28 PM: Calling service to get data for splitting.
7/15/2015 3:42:28 PM: No data received from database.
7/15/2015 3:42:58 PM: Calling service to get data for splitting.
7/15/2015 3:42:58 PM: No data received from database.
7/15/2015 3:43:28 PM: Calling service to get data for splitting.
7/15/2015 3:43:28 PM: No data received from database.
7/15/2015 3:43:58 PM: Calling service to get data for splitting.
7/15/2015 3:43:58 PM: No data received from database.
7/15/2015 3:44:28 PM: Calling service to get data for splitting.
7/15/2015 3:44:28 PM: No data received from database.
7/15/2015 3:44:58 PM: Calling service to get data for splitting.
7/15/2015 3:44:58 PM: No data received from database.
7/15/2015 3:45:28 PM: Calling service to get data for splitting.
7/15/2015 3:45:28 PM: No data received from database.
7/15/2015 3:45:58 PM: Calling service to get data for splitting.
7/15/2015 3:45:58 PM: No data received from database.
7/15/2015 3:46:28 PM: Calling service to get data for splitting.
7/15/2015 3:46:28 PM: No data received from database.
7/15/2015 3:46:58 PM: Calling service to get data for splitting.
7/15/2015 3:46:58 PM: No data received from database.
7/15/2015 3:47:28 PM: Calling service to get data for splitting.
7/15/2015 3:47:28 PM: No data received from database.
7/15/2015 3:47:58 PM: Calling service to get data for splitting.
7/15/2015 3:47:58 PM: No data received from database.
7/15/2015 3:48:28 PM: Calling service to get data for splitting.
7/15/2015 3:48:28 PM: No data received from database.
7/15/2015 3:48:58 PM: Calling service to get data for splitting.
7/15/2015 3:48:58 PM: No data received from database.
7/15/2015 3:49:28 PM: Calling service to get data for splitting.
7/15/2015 3:49:28 PM: No data received from database.
7/15/2015 3:49:58 PM: Calling service to get data for splitting.
7/15/2015 3:49:58 PM: No data received from database.
7/15/2015 3:50:28 PM: Calling service to get data for splitting.
7/15/2015 3:50:28 PM: No data received from database.
7/15/2015 3:50:58 PM: Calling service to get data for splitting.
7/15/2015 3:50:58 PM: No data received from database.
7/15/2015 3:51:28 PM: Calling service to get data for splitting.
7/15/2015 3:51:28 PM: No data received from database.
7/15/2015 3:51:58 PM: Calling service to get data for splitting.
7/15/2015 3:51:58 PM: No data received from database.
7/15/2015 3:52:28 PM: Calling service to get data for splitting.
7/15/2015 3:52:28 PM: No data received from database.
7/15/2015 3:52:58 PM: Calling service to get data for splitting.
7/15/2015 3:52:58 PM: No data received from database.
7/15/2015 3:53:28 PM: Calling service to get data for splitting.
7/15/2015 3:53:28 PM: No data received from database.
7/15/2015 3:53:58 PM: Calling service to get data for splitting.
7/15/2015 3:53:58 PM: No data received from database.
7/15/2015 3:54:28 PM: Calling service to get data for splitting.
7/15/2015 3:54:28 PM: No data received from database.
7/15/2015 3:54:58 PM: Calling service to get data for splitting.
7/15/2015 3:54:58 PM: No data received from database.
7/15/2015 3:55:28 PM: Calling service to get data for splitting.
7/15/2015 3:55:28 PM: No data received from database.
7/15/2015 3:55:58 PM: Calling service to get data for splitting.
7/15/2015 3:55:58 PM: No data received from database.
7/15/2015 3:56:28 PM: Calling service to get data for splitting.
7/15/2015 3:56:28 PM: No data received from database.
7/15/2015 3:56:58 PM: Calling service to get data for splitting.
7/15/2015 3:56:58 PM: No data received from database.
7/15/2015 3:57:28 PM: Calling service to get data for splitting.
7/15/2015 3:57:28 PM: No data received from database.
7/15/2015 3:57:58 PM: Calling service to get data for splitting.
7/15/2015 3:57:58 PM: No data received from database.
7/15/2015 3:58:28 PM: Calling service to get data for splitting.
7/15/2015 3:58:28 PM: No data received from database.
7/15/2015 3:58:58 PM: Calling service to get data for splitting.
7/15/2015 3:58:58 PM: No data received from database.
7/15/2015 3:59:28 PM: Calling service to get data for splitting.
7/15/2015 3:59:28 PM: No data received from database.
7/15/2015 3:59:58 PM: Calling service to get data for splitting.
7/15/2015 3:59:58 PM: No data received from database.
7/15/2015 4:00:28 PM: Calling service to get data for splitting.
7/15/2015 4:00:28 PM: No data received from database.
7/15/2015 4:00:58 PM: Calling service to get data for splitting.
7/15/2015 4:00:58 PM: No data received from database.
7/15/2015 4:01:28 PM: Calling service to get data for splitting.
7/15/2015 4:01:28 PM: No data received from database.
7/15/2015 4:01:58 PM: Calling service to get data for splitting.
7/15/2015 4:01:58 PM: No data received from database.
7/15/2015 4:02:28 PM: Calling service to get data for splitting.
7/15/2015 4:02:28 PM: No data received from database.
7/15/2015 4:02:58 PM: Calling service to get data for splitting.
7/15/2015 4:02:58 PM: No data received from database.
7/15/2015 4:03:28 PM: Calling service to get data for splitting.
7/15/2015 4:03:28 PM: No data received from database.
7/15/2015 4:03:58 PM: Calling service to get data for splitting.
7/15/2015 4:03:58 PM: No data received from database.
7/15/2015 4:04:28 PM: Calling service to get data for splitting.
7/15/2015 4:04:28 PM: No data received from database.
7/15/2015 4:04:58 PM: Calling service to get data for splitting.
7/15/2015 4:04:58 PM: No data received from database.
7/15/2015 4:05:28 PM: Calling service to get data for splitting.
7/15/2015 4:05:28 PM: No data received from database.
7/15/2015 4:05:58 PM: Calling service to get data for splitting.
7/15/2015 4:05:58 PM: No data received from database.
7/15/2015 4:06:28 PM: Calling service to get data for splitting.
7/15/2015 4:06:28 PM: No data received from database.
7/15/2015 4:06:58 PM: Calling service to get data for splitting.
7/15/2015 4:06:58 PM: No data received from database.
7/15/2015 4:07:28 PM: Calling service to get data for splitting.
7/15/2015 4:07:28 PM: No data received from database.
7/15/2015 4:07:58 PM: Calling service to get data for splitting.
7/15/2015 4:07:58 PM: No data received from database.
7/15/2015 4:08:28 PM: Calling service to get data for splitting.
7/15/2015 4:08:28 PM: No data received from database.
7/15/2015 4:08:58 PM: Calling service to get data for splitting.
7/15/2015 4:08:58 PM: No data received from database.
7/15/2015 4:09:28 PM: Calling service to get data for splitting.
7/15/2015 4:09:28 PM: No data received from database.
7/15/2015 4:09:58 PM: Calling service to get data for splitting.
7/15/2015 4:09:58 PM: No data received from database.
7/15/2015 4:10:28 PM: Calling service to get data for splitting.
7/15/2015 4:10:28 PM: No data received from database.
7/15/2015 4:10:58 PM: Calling service to get data for splitting.
7/15/2015 4:10:58 PM: No data received from database.
7/15/2015 4:11:28 PM: Calling service to get data for splitting.
7/15/2015 4:11:28 PM: No data received from database.
7/15/2015 4:11:58 PM: Calling service to get data for splitting.
7/15/2015 4:11:58 PM: No data received from database.
7/15/2015 4:12:28 PM: Calling service to get data for splitting.
7/15/2015 4:12:28 PM: No data received from database.
7/15/2015 4:12:58 PM: Calling service to get data for splitting.
7/15/2015 4:12:58 PM: No data received from database.
7/15/2015 4:13:28 PM: Calling service to get data for splitting.
7/15/2015 4:13:28 PM: No data received from database.
7/15/2015 4:13:58 PM: Calling service to get data for splitting.
7/15/2015 4:13:58 PM: No data received from database.
7/15/2015 4:14:28 PM: Calling service to get data for splitting.
7/15/2015 4:14:28 PM: No data received from database.
7/15/2015 4:14:58 PM: Calling service to get data for splitting.
7/15/2015 4:14:58 PM: No data received from database.
7/15/2015 4:15:28 PM: Calling service to get data for splitting.
7/15/2015 4:15:28 PM: No data received from database.
7/15/2015 4:15:58 PM: Calling service to get data for splitting.
7/15/2015 4:15:58 PM: No data received from database.
7/15/2015 4:16:28 PM: Calling service to get data for splitting.
7/15/2015 4:16:28 PM: No data received from database.
7/15/2015 4:16:58 PM: Calling service to get data for splitting.
7/15/2015 4:16:58 PM: No data received from database.
7/15/2015 4:17:28 PM: Calling service to get data for splitting.
7/15/2015 4:17:28 PM: No data received from database.
7/15/2015 4:17:58 PM: Calling service to get data for splitting.
7/15/2015 4:17:58 PM: No data received from database.
7/15/2015 4:18:28 PM: Calling service to get data for splitting.
7/15/2015 4:18:28 PM: No data received from database.
7/15/2015 4:18:58 PM: Calling service to get data for splitting.
7/15/2015 4:18:58 PM: No data received from database.
7/15/2015 4:19:28 PM: Calling service to get data for splitting.
7/15/2015 4:19:28 PM: No data received from database.
7/15/2015 4:19:58 PM: Calling service to get data for splitting.
7/15/2015 4:19:58 PM: No data received from database.
7/15/2015 4:20:28 PM: Calling service to get data for splitting.
7/15/2015 4:20:28 PM: No data received from database.
7/15/2015 4:20:58 PM: Calling service to get data for splitting.
7/15/2015 4:20:58 PM: No data received from database.
7/15/2015 4:21:28 PM: Calling service to get data for splitting.
7/15/2015 4:21:28 PM: No data received from database.
7/15/2015 4:21:58 PM: Calling service to get data for splitting.
7/15/2015 4:21:58 PM: No data received from database.
7/15/2015 4:22:28 PM: Calling service to get data for splitting.
7/15/2015 4:22:28 PM: No data received from database.
7/15/2015 4:22:58 PM: Calling service to get data for splitting.
7/15/2015 4:22:58 PM: No data received from database.
7/15/2015 4:23:28 PM: Calling service to get data for splitting.
7/15/2015 4:23:28 PM: No data received from database.
7/15/2015 4:23:58 PM: Calling service to get data for splitting.
7/15/2015 4:23:58 PM: No data received from database.
7/15/2015 4:24:28 PM: Calling service to get data for splitting.
7/15/2015 4:24:28 PM: No data received from database.
7/15/2015 4:24:58 PM: Calling service to get data for splitting.
7/15/2015 4:24:58 PM: No data received from database.
7/15/2015 4:25:28 PM: Calling service to get data for splitting.
7/15/2015 4:25:28 PM: No data received from database.
7/15/2015 4:25:58 PM: Calling service to get data for splitting.
7/15/2015 4:25:59 PM: No data received from database.
7/15/2015 4:26:28 PM: Calling service to get data for splitting.
7/15/2015 4:26:29 PM: No data received from database.
7/15/2015 4:26:58 PM: Calling service to get data for splitting.
7/15/2015 4:26:59 PM: No data received from database.
7/15/2015 4:27:28 PM: Calling service to get data for splitting.
7/15/2015 4:27:29 PM: No data received from database.
7/15/2015 4:27:58 PM: Calling service to get data for splitting.
7/15/2015 4:27:59 PM: No data received from database.
7/15/2015 4:28:28 PM: Calling service to get data for splitting.
7/15/2015 4:28:29 PM: No data received from database.
7/15/2015 4:28:58 PM: Calling service to get data for splitting.
7/15/2015 4:28:59 PM: No data received from database.
7/15/2015 4:29:28 PM: Calling service to get data for splitting.
7/15/2015 4:29:29 PM: No data received from database.
7/15/2015 4:29:58 PM: Calling service to get data for splitting.
7/15/2015 4:29:59 PM: No data received from database.
7/15/2015 4:30:28 PM: Calling service to get data for splitting.
7/15/2015 4:30:29 PM: No data received from database.
7/15/2015 4:30:59 PM: Calling service to get data for splitting.
7/15/2015 4:30:59 PM: No data received from database.
7/15/2015 4:31:29 PM: Calling service to get data for splitting.
7/15/2015 4:31:29 PM: No data received from database.
7/15/2015 4:31:59 PM: Calling service to get data for splitting.
7/15/2015 4:31:59 PM: No data received from database.
7/15/2015 4:32:29 PM: Calling service to get data for splitting.
7/15/2015 4:32:29 PM: No data received from database.
7/15/2015 4:32:59 PM: Calling service to get data for splitting.
7/15/2015 4:32:59 PM: No data received from database.
7/15/2015 4:33:29 PM: Calling service to get data for splitting.
7/15/2015 4:33:29 PM: No data received from database.
7/15/2015 4:33:59 PM: Calling service to get data for splitting.
7/15/2015 4:33:59 PM: No data received from database.
7/15/2015 4:34:29 PM: Calling service to get data for splitting.
7/15/2015 4:34:29 PM: No data received from database.
7/15/2015 4:34:59 PM: Calling service to get data for splitting.
7/15/2015 4:34:59 PM: No data received from database.
7/15/2015 4:35:29 PM: Calling service to get data for splitting.
7/15/2015 4:35:29 PM: No data received from database.
7/15/2015 4:35:59 PM: Calling service to get data for splitting.
7/15/2015 4:35:59 PM: No data received from database.
7/15/2015 4:36:29 PM: Calling service to get data for splitting.
7/15/2015 4:36:29 PM: No data received from database.
7/15/2015 4:36:59 PM: Calling service to get data for splitting.
7/15/2015 4:36:59 PM: No data received from database.
7/15/2015 4:37:29 PM: Calling service to get data for splitting.
7/15/2015 4:37:29 PM: No data received from database.
7/15/2015 4:37:59 PM: Calling service to get data for splitting.
7/15/2015 4:37:59 PM: No data received from database.
7/15/2015 4:38:29 PM: Calling service to get data for splitting.
7/15/2015 4:38:29 PM: No data received from database.
7/15/2015 4:38:59 PM: Calling service to get data for splitting.
7/15/2015 4:38:59 PM: No data received from database.
7/15/2015 4:39:29 PM: Calling service to get data for splitting.
7/15/2015 4:39:29 PM: No data received from database.
7/15/2015 4:39:59 PM: Calling service to get data for splitting.
7/15/2015 4:39:59 PM: No data received from database.
7/15/2015 4:40:29 PM: Calling service to get data for splitting.
7/15/2015 4:40:29 PM: No data received from database.
7/15/2015 4:40:59 PM: Calling service to get data for splitting.
7/15/2015 4:40:59 PM: No data received from database.
7/15/2015 4:41:29 PM: Calling service to get data for splitting.
7/15/2015 4:41:29 PM: No data received from database.
7/15/2015 4:41:59 PM: Calling service to get data for splitting.
7/15/2015 4:41:59 PM: No data received from database.
7/15/2015 4:42:29 PM: Calling service to get data for splitting.
7/15/2015 4:42:29 PM: No data received from database.
7/15/2015 4:42:59 PM: Calling service to get data for splitting.
7/15/2015 4:42:59 PM: No data received from database.
7/15/2015 4:43:29 PM: Calling service to get data for splitting.
7/15/2015 4:43:29 PM: No data received from database.
7/15/2015 4:43:59 PM: Calling service to get data for splitting.
7/15/2015 4:43:59 PM: No data received from database.
7/15/2015 4:44:29 PM: Calling service to get data for splitting.
7/15/2015 4:44:29 PM: No data received from database.
7/15/2015 4:44:59 PM: Calling service to get data for splitting.
7/15/2015 4:44:59 PM: No data received from database.
7/15/2015 4:45:29 PM: Calling service to get data for splitting.
7/15/2015 4:45:29 PM: No data received from database.
7/15/2015 4:45:59 PM: Calling service to get data for splitting.
7/15/2015 4:45:59 PM: No data received from database.
7/15/2015 4:46:29 PM: Calling service to get data for splitting.
7/15/2015 4:46:29 PM: No data received from database.
7/15/2015 4:46:59 PM: Calling service to get data for splitting.
7/15/2015 4:46:59 PM: No data received from database.
7/15/2015 4:47:29 PM: Calling service to get data for splitting.
7/15/2015 4:47:29 PM: No data received from database.
7/15/2015 4:47:59 PM: Calling service to get data for splitting.
7/15/2015 4:47:59 PM: No data received from database.
7/15/2015 4:48:29 PM: Calling service to get data for splitting.
7/15/2015 4:48:29 PM: No data received from database.
7/15/2015 4:48:59 PM: Calling service to get data for splitting.
7/15/2015 4:48:59 PM: No data received from database.
7/15/2015 4:49:29 PM: Calling service to get data for splitting.
7/15/2015 4:49:29 PM: No data received from database.
7/15/2015 4:49:59 PM: Calling service to get data for splitting.
7/15/2015 4:49:59 PM: No data received from database.
7/15/2015 4:50:29 PM: Calling service to get data for splitting.
7/15/2015 4:50:29 PM: No data received from database.
7/15/2015 4:50:59 PM: Calling service to get data for splitting.
7/15/2015 4:50:59 PM: No data received from database.
7/15/2015 4:51:29 PM: Calling service to get data for splitting.
7/15/2015 4:51:29 PM: No data received from database.
7/15/2015 4:51:59 PM: Calling service to get data for splitting.
7/15/2015 4:51:59 PM: No data received from database.
7/15/2015 4:52:29 PM: Calling service to get data for splitting.
7/15/2015 4:52:29 PM: No data received from database.
7/15/2015 4:52:59 PM: Calling service to get data for splitting.
7/15/2015 4:52:59 PM: No data received from database.
7/15/2015 4:53:29 PM: Calling service to get data for splitting.
7/15/2015 4:53:29 PM: No data received from database.
7/15/2015 4:53:59 PM: Calling service to get data for splitting.
7/15/2015 4:53:59 PM: No data received from database.
7/15/2015 4:54:29 PM: Calling service to get data for splitting.
7/15/2015 4:54:29 PM: No data received from database.
7/15/2015 4:54:59 PM: Calling service to get data for splitting.
7/15/2015 4:54:59 PM: No data received from database.
7/15/2015 4:55:29 PM: Calling service to get data for splitting.
7/15/2015 4:55:29 PM: No data received from database.
7/15/2015 4:55:59 PM: Calling service to get data for splitting.
7/15/2015 4:55:59 PM: No data received from database.
7/15/2015 4:56:29 PM: Calling service to get data for splitting.
7/15/2015 4:56:29 PM: No data received from database.
7/15/2015 4:56:59 PM: Calling service to get data for splitting.
7/15/2015 4:56:59 PM: No data received from database.
7/15/2015 4:57:29 PM: Calling service to get data for splitting.
7/15/2015 4:57:29 PM: No data received from database.
7/15/2015 4:57:59 PM: Calling service to get data for splitting.
7/15/2015 4:57:59 PM: No data received from database.
7/15/2015 4:58:29 PM: Calling service to get data for splitting.
7/15/2015 4:58:29 PM: No data received from database.
7/15/2015 4:58:59 PM: Calling service to get data for splitting.
7/15/2015 4:58:59 PM: No data received from database.
7/15/2015 4:59:29 PM: Calling service to get data for splitting.
7/15/2015 4:59:29 PM: No data received from database.
7/15/2015 4:59:59 PM: Calling service to get data for splitting.
7/15/2015 4:59:59 PM: No data received from database.
7/15/2015 5:00:29 PM: Calling service to get data for splitting.
7/15/2015 5:00:29 PM: No data received from database.
7/15/2015 5:00:59 PM: Calling service to get data for splitting.
7/15/2015 5:00:59 PM: No data received from database.
7/15/2015 5:01:29 PM: Calling service to get data for splitting.
7/15/2015 5:01:29 PM: No data received from database.
7/15/2015 5:01:59 PM: Calling service to get data for splitting.
7/15/2015 5:01:59 PM: No data received from database.
7/15/2015 5:02:29 PM: Calling service to get data for splitting.
7/15/2015 5:02:29 PM: No data received from database.
7/15/2015 5:02:59 PM: Calling service to get data for splitting.
7/15/2015 5:02:59 PM: No data received from database.
7/15/2015 5:03:29 PM: Calling service to get data for splitting.
7/15/2015 5:03:29 PM: No data received from database.
7/15/2015 5:03:59 PM: Calling service to get data for splitting.
7/15/2015 5:03:59 PM: No data received from database.
7/15/2015 5:04:29 PM: Calling service to get data for splitting.
7/15/2015 5:04:29 PM: No data received from database.
7/15/2015 5:04:59 PM: Calling service to get data for splitting.
7/15/2015 5:04:59 PM: No data received from database.
7/15/2015 5:05:29 PM: Calling service to get data for splitting.
7/15/2015 5:05:29 PM: No data received from database.
7/15/2015 5:05:59 PM: Calling service to get data for splitting.
7/15/2015 5:05:59 PM: No data received from database.
7/15/2015 5:06:29 PM: Calling service to get data for splitting.
7/15/2015 5:06:29 PM: No data received from database.
7/15/2015 5:06:59 PM: Calling service to get data for splitting.
7/15/2015 5:06:59 PM: No data received from database.
7/15/2015 5:07:29 PM: Calling service to get data for splitting.
7/15/2015 5:07:29 PM: No data received from database.
7/15/2015 5:07:59 PM: Calling service to get data for splitting.
7/15/2015 5:07:59 PM: No data received from database.
7/15/2015 5:08:29 PM: Calling service to get data for splitting.
7/15/2015 5:08:29 PM: No data received from database.
7/15/2015 5:08:59 PM: Calling service to get data for splitting.
7/15/2015 5:08:59 PM: No data received from database.
7/15/2015 5:09:29 PM: Calling service to get data for splitting.
7/15/2015 5:09:29 PM: No data received from database.
7/15/2015 5:09:59 PM: Calling service to get data for splitting.
7/15/2015 5:09:59 PM: No data received from database.
7/15/2015 5:10:29 PM: Calling service to get data for splitting.
7/15/2015 5:10:29 PM: No data received from database.
7/15/2015 5:10:59 PM: Calling service to get data for splitting.
7/15/2015 5:10:59 PM: No data received from database.
7/15/2015 5:11:29 PM: Calling service to get data for splitting.
7/15/2015 5:11:29 PM: No data received from database.
7/15/2015 5:11:59 PM: Calling service to get data for splitting.
7/15/2015 5:11:59 PM: No data received from database.
7/15/2015 5:12:29 PM: Calling service to get data for splitting.
7/15/2015 5:12:29 PM: No data received from database.
7/15/2015 5:12:59 PM: Calling service to get data for splitting.
7/15/2015 5:12:59 PM: No data received from database.
7/15/2015 5:13:29 PM: Calling service to get data for splitting.
7/15/2015 5:13:29 PM: No data received from database.
7/15/2015 5:13:59 PM: Calling service to get data for splitting.
7/15/2015 5:13:59 PM: No data received from database.
7/15/2015 5:14:29 PM: Calling service to get data for splitting.
7/15/2015 5:14:29 PM: No data received from database.
7/15/2015 5:14:59 PM: Calling service to get data for splitting.
7/15/2015 5:14:59 PM: No data received from database.
7/15/2015 5:15:29 PM: Calling service to get data for splitting.
7/15/2015 5:15:29 PM: No data received from database.
7/15/2015 5:15:59 PM: Calling service to get data for splitting.
7/15/2015 5:15:59 PM: No data received from database.
7/15/2015 5:16:29 PM: Calling service to get data for splitting.
7/15/2015 5:16:29 PM: No data received from database.
7/15/2015 5:16:59 PM: Calling service to get data for splitting.
7/15/2015 5:16:59 PM: No data received from database.
7/15/2015 5:17:29 PM: Calling service to get data for splitting.
7/15/2015 5:17:29 PM: No data received from database.
7/15/2015 5:17:59 PM: Calling service to get data for splitting.
7/15/2015 5:17:59 PM: No data received from database.
7/15/2015 5:18:29 PM: Calling service to get data for splitting.
7/15/2015 5:18:29 PM: No data received from database.
7/15/2015 5:18:59 PM: Calling service to get data for splitting.
7/15/2015 5:18:59 PM: No data received from database.
7/15/2015 5:19:29 PM: Calling service to get data for splitting.
7/15/2015 5:19:29 PM: No data received from database.
7/15/2015 5:19:59 PM: Calling service to get data for splitting.
7/15/2015 5:19:59 PM: No data received from database.
7/15/2015 5:20:29 PM: Calling service to get data for splitting.
7/15/2015 5:20:29 PM: No data received from database.
7/15/2015 5:20:59 PM: Calling service to get data for splitting.
7/15/2015 5:20:59 PM: No data received from database.
7/15/2015 5:21:29 PM: Calling service to get data for splitting.
7/15/2015 5:21:29 PM: No data received from database.
7/15/2015 5:21:59 PM: Calling service to get data for splitting.
7/15/2015 5:21:59 PM: No data received from database.
7/15/2015 5:22:29 PM: Calling service to get data for splitting.
7/15/2015 5:22:29 PM: No data received from database.
7/15/2015 5:22:59 PM: Calling service to get data for splitting.
7/15/2015 5:22:59 PM: No data received from database.
7/15/2015 5:23:29 PM: Calling service to get data for splitting.
7/15/2015 5:23:29 PM: No data received from database.
7/15/2015 5:23:59 PM: Calling service to get data for splitting.
7/15/2015 5:23:59 PM: No data received from database.
7/15/2015 5:24:29 PM: Calling service to get data for splitting.
7/15/2015 5:24:29 PM: No data received from database.
7/15/2015 5:24:59 PM: Calling service to get data for splitting.
7/15/2015 5:24:59 PM: No data received from database.
7/15/2015 5:25:29 PM: Calling service to get data for splitting.
7/15/2015 5:25:29 PM: No data received from database.
7/15/2015 5:25:59 PM: Calling service to get data for splitting.
7/15/2015 5:25:59 PM: No data received from database.
7/15/2015 5:26:29 PM: Calling service to get data for splitting.
7/15/2015 5:26:29 PM: No data received from database.
7/15/2015 5:26:59 PM: Calling service to get data for splitting.
7/15/2015 5:26:59 PM: No data received from database.
7/15/2015 5:27:29 PM: Calling service to get data for splitting.
7/15/2015 5:27:29 PM: No data received from database.
7/15/2015 5:27:59 PM: Calling service to get data for splitting.
7/15/2015 5:27:59 PM: No data received from database.
7/15/2015 5:28:29 PM: Calling service to get data for splitting.
7/15/2015 5:28:29 PM: No data received from database.
7/15/2015 5:28:59 PM: Calling service to get data for splitting.
7/15/2015 5:28:59 PM: No data received from database.
7/15/2015 5:29:29 PM: Calling service to get data for splitting.
7/15/2015 5:29:29 PM: No data received from database.
7/15/2015 5:29:59 PM: Calling service to get data for splitting.
7/15/2015 5:29:59 PM: No data received from database.
7/15/2015 5:30:29 PM: Calling service to get data for splitting.
7/15/2015 5:30:29 PM: No data received from database.
7/15/2015 5:30:59 PM: Calling service to get data for splitting.
7/15/2015 5:30:59 PM: No data received from database.
7/15/2015 5:31:29 PM: Calling service to get data for splitting.
7/15/2015 5:31:29 PM: No data received from database.
7/15/2015 5:31:59 PM: Calling service to get data for splitting.
7/15/2015 5:31:59 PM: No data received from database.
7/15/2015 5:32:29 PM: Calling service to get data for splitting.
7/15/2015 5:32:29 PM: No data received from database.
7/15/2015 5:32:59 PM: Calling service to get data for splitting.
7/15/2015 5:32:59 PM: No data received from database.
7/15/2015 5:33:29 PM: Calling service to get data for splitting.
7/15/2015 5:33:29 PM: No data received from database.
7/15/2015 5:33:59 PM: Calling service to get data for splitting.
7/15/2015 5:33:59 PM: No data received from database.
7/15/2015 5:34:29 PM: Calling service to get data for splitting.
7/15/2015 5:34:29 PM: No data received from database.
7/15/2015 5:34:59 PM: Calling service to get data for splitting.
7/15/2015 5:35:00 PM: No data received from database.
7/15/2015 5:35:29 PM: Calling service to get data for splitting.
7/15/2015 5:35:30 PM: No data received from database.
7/15/2015 5:35:59 PM: Calling service to get data for splitting.
7/15/2015 5:36:00 PM: No data received from database.
7/15/2015 5:36:29 PM: Calling service to get data for splitting.
7/15/2015 5:36:30 PM: No data received from database.
7/15/2015 5:36:59 PM: Calling service to get data for splitting.
7/15/2015 5:37:00 PM: No data received from database.
7/15/2015 5:37:29 PM: Calling service to get data for splitting.
7/15/2015 5:37:30 PM: No data received from database.
7/15/2015 5:38:00 PM: Calling service to get data for splitting.
7/15/2015 5:38:00 PM: No data received from database.
7/15/2015 5:38:30 PM: Calling service to get data for splitting.
7/15/2015 5:38:30 PM: No data received from database.
7/15/2015 5:39:00 PM: Calling service to get data for splitting.
7/15/2015 5:39:00 PM: No data received from database.
7/15/2015 5:39:30 PM: Calling service to get data for splitting.
7/15/2015 5:39:30 PM: No data received from database.
7/15/2015 5:40:00 PM: Calling service to get data for splitting.
7/15/2015 5:40:00 PM: No data received from database.
7/15/2015 5:40:30 PM: Calling service to get data for splitting.
7/15/2015 5:40:30 PM: No data received from database.
7/15/2015 5:41:00 PM: Calling service to get data for splitting.
7/15/2015 5:41:00 PM: No data received from database.
7/15/2015 5:41:30 PM: Calling service to get data for splitting.
7/15/2015 5:41:30 PM: No data received from database.
7/15/2015 5:42:00 PM: Calling service to get data for splitting.
7/15/2015 5:42:00 PM: No data received from database.
7/15/2015 5:42:30 PM: Calling service to get data for splitting.
7/15/2015 5:42:30 PM: No data received from database.
7/15/2015 5:43:00 PM: Calling service to get data for splitting.
7/15/2015 5:43:00 PM: No data received from database.
7/15/2015 5:43:30 PM: Calling service to get data for splitting.
7/15/2015 5:43:30 PM: No data received from database.
7/15/2015 5:44:00 PM: Calling service to get data for splitting.
7/15/2015 5:44:00 PM: No data received from database.
7/15/2015 5:44:30 PM: Calling service to get data for splitting.
7/15/2015 5:44:30 PM: No data received from database.
7/15/2015 5:45:00 PM: Calling service to get data for splitting.
7/15/2015 5:45:00 PM: No data received from database.
7/15/2015 5:45:30 PM: Calling service to get data for splitting.
7/15/2015 5:45:30 PM: No data received from database.
7/15/2015 5:46:00 PM: Calling service to get data for splitting.
7/15/2015 5:46:00 PM: No data received from database.
7/15/2015 5:46:30 PM: Calling service to get data for splitting.
7/15/2015 5:46:30 PM: No data received from database.
7/15/2015 5:47:00 PM: Calling service to get data for splitting.
7/15/2015 5:47:00 PM: No data received from database.
7/15/2015 5:47:30 PM: Calling service to get data for splitting.
7/15/2015 5:47:30 PM: No data received from database.
7/15/2015 5:48:00 PM: Calling service to get data for splitting.
7/15/2015 5:48:00 PM: No data received from database.
7/15/2015 5:48:30 PM: Calling service to get data for splitting.
7/15/2015 5:48:30 PM: No data received from database.
7/15/2015 5:49:00 PM: Calling service to get data for splitting.
7/15/2015 5:49:00 PM: No data received from database.
7/15/2015 5:49:30 PM: Calling service to get data for splitting.
7/15/2015 5:49:30 PM: No data received from database.
7/15/2015 5:50:00 PM: Calling service to get data for splitting.
7/15/2015 5:50:00 PM: No data received from database.
7/15/2015 5:50:30 PM: Calling service to get data for splitting.
7/15/2015 5:50:30 PM: No data received from database.
7/15/2015 5:51:00 PM: Calling service to get data for splitting.
7/15/2015 5:51:00 PM: No data received from database.
7/15/2015 5:51:30 PM: Calling service to get data for splitting.
7/15/2015 5:51:30 PM: No data received from database.
7/15/2015 5:52:00 PM: Calling service to get data for splitting.
7/15/2015 5:52:00 PM: No data received from database.
7/15/2015 5:52:30 PM: Calling service to get data for splitting.
7/15/2015 5:52:30 PM: No data received from database.
7/15/2015 5:53:00 PM: Calling service to get data for splitting.
7/15/2015 5:53:00 PM: No data received from database.
7/15/2015 5:53:30 PM: Calling service to get data for splitting.
7/15/2015 5:53:30 PM: No data received from database.
7/15/2015 5:54:00 PM: Calling service to get data for splitting.
7/15/2015 5:54:00 PM: No data received from database.
7/15/2015 5:54:30 PM: Calling service to get data for splitting.
7/15/2015 5:54:30 PM: No data received from database.
7/15/2015 5:55:00 PM: Calling service to get data for splitting.
7/15/2015 5:55:00 PM: No data received from database.
7/15/2015 5:55:30 PM: Calling service to get data for splitting.
7/15/2015 5:55:30 PM: No data received from database.
7/15/2015 5:56:00 PM: Calling service to get data for splitting.
7/15/2015 5:56:00 PM: No data received from database.
7/15/2015 5:56:30 PM: Calling service to get data for splitting.
7/15/2015 5:56:30 PM: No data received from database.
7/15/2015 5:57:00 PM: Calling service to get data for splitting.
7/15/2015 5:57:00 PM: No data received from database.
7/15/2015 5:57:30 PM: Calling service to get data for splitting.
7/15/2015 5:57:30 PM: No data received from database.
7/15/2015 5:58:00 PM: Calling service to get data for splitting.
7/15/2015 5:58:00 PM: No data received from database.
7/15/2015 5:58:30 PM: Calling service to get data for splitting.
7/15/2015 5:58:30 PM: No data received from database.
7/15/2015 5:59:00 PM: Calling service to get data for splitting.
7/15/2015 5:59:00 PM: No data received from database.
7/15/2015 5:59:30 PM: Calling service to get data for splitting.
7/15/2015 5:59:30 PM: No data received from database.
7/15/2015 6:00:00 PM: Calling service to get data for splitting.
7/15/2015 6:00:00 PM: No data received from database.
7/15/2015 6:00:30 PM: Calling service to get data for splitting.
7/15/2015 6:00:30 PM: No data received from database.
7/15/2015 6:01:00 PM: Calling service to get data for splitting.
7/15/2015 6:01:00 PM: No data received from database.
7/15/2015 6:01:30 PM: Calling service to get data for splitting.
7/15/2015 6:01:30 PM: No data received from database.
7/15/2015 6:02:00 PM: Calling service to get data for splitting.
7/15/2015 6:02:00 PM: No data received from database.
7/15/2015 6:02:30 PM: Calling service to get data for splitting.
7/15/2015 6:02:30 PM: No data received from database.
7/15/2015 6:03:00 PM: Calling service to get data for splitting.
7/15/2015 6:03:00 PM: No data received from database.
7/15/2015 6:03:30 PM: Calling service to get data for splitting.
7/15/2015 6:03:30 PM: No data received from database.
7/15/2015 6:04:00 PM: Calling service to get data for splitting.
7/15/2015 6:04:00 PM: No data received from database.
7/15/2015 6:04:30 PM: Calling service to get data for splitting.
7/15/2015 6:04:30 PM: No data received from database.
7/15/2015 6:05:00 PM: Calling service to get data for splitting.
7/15/2015 6:05:00 PM: No data received from database.
7/15/2015 6:05:30 PM: Calling service to get data for splitting.
7/15/2015 6:05:30 PM: No data received from database.
7/15/2015 6:06:00 PM: Calling service to get data for splitting.
7/15/2015 6:06:00 PM: No data received from database.
7/15/2015 6:06:30 PM: Calling service to get data for splitting.
7/15/2015 6:06:30 PM: No data received from database.
7/15/2015 6:07:00 PM: Calling service to get data for splitting.
7/15/2015 6:07:00 PM: No data received from database.
7/15/2015 6:07:30 PM: Calling service to get data for splitting.
7/15/2015 6:07:30 PM: No data received from database.
7/15/2015 6:08:00 PM: Calling service to get data for splitting.
7/15/2015 6:08:00 PM: No data received from database.
7/15/2015 6:08:30 PM: Calling service to get data for splitting.
7/15/2015 6:08:30 PM: No data received from database.
7/15/2015 6:09:00 PM: Calling service to get data for splitting.
7/15/2015 6:09:00 PM: No data received from database.
7/15/2015 6:09:30 PM: Calling service to get data for splitting.
7/15/2015 6:09:30 PM: No data received from database.
7/15/2015 6:10:00 PM: Calling service to get data for splitting.
7/15/2015 6:10:00 PM: No data received from database.
7/15/2015 6:10:30 PM: Calling service to get data for splitting.
7/15/2015 6:10:30 PM: No data received from database.
7/15/2015 6:11:00 PM: Calling service to get data for splitting.
7/15/2015 6:11:00 PM: No data received from database.
7/15/2015 6:11:30 PM: Calling service to get data for splitting.
7/15/2015 6:11:30 PM: No data received from database.
7/15/2015 6:12:00 PM: Calling service to get data for splitting.
7/15/2015 6:12:00 PM: No data received from database.
7/15/2015 6:12:30 PM: Calling service to get data for splitting.
7/15/2015 6:12:30 PM: No data received from database.
7/15/2015 6:13:00 PM: Calling service to get data for splitting.
7/15/2015 6:13:00 PM: No data received from database.
7/15/2015 6:13:30 PM: Calling service to get data for splitting.
7/15/2015 6:13:30 PM: No data received from database.
7/15/2015 6:14:00 PM: Calling service to get data for splitting.
7/15/2015 6:14:00 PM: No data received from database.
7/15/2015 6:14:30 PM: Calling service to get data for splitting.
7/15/2015 6:14:30 PM: No data received from database.
7/15/2015 6:15:00 PM: Calling service to get data for splitting.
7/15/2015 6:15:00 PM: No data received from database.
7/15/2015 6:15:30 PM: Calling service to get data for splitting.
7/15/2015 6:15:30 PM: No data received from database.
7/15/2015 6:16:00 PM: Calling service to get data for splitting.
7/15/2015 6:16:00 PM: No data received from database.
7/15/2015 6:16:30 PM: Calling service to get data for splitting.
7/15/2015 6:16:30 PM: No data received from database.
7/15/2015 6:17:00 PM: Calling service to get data for splitting.
7/15/2015 6:17:00 PM: No data received from database.
7/15/2015 6:17:30 PM: Calling service to get data for splitting.
7/15/2015 6:17:30 PM: No data received from database.
7/15/2015 6:18:00 PM: Calling service to get data for splitting.
7/15/2015 6:18:04 PM: Exception : There was no endpoint listening at http://localhost:55362/Service.svc/REST that could accept the message. This is often caused by an incorrect address or SOAP action. See InnerException, if present, for more details.
