7/3/2015 12:36:41 PM: CreateLinKs started
7/3/2015 12:36:41 PM: CreateLinKs started
7/3/2015 12:36:41 PM: CreateLinKs started
7/3/2015 12:36:41 PM: CreateLinKs started
7/3/2015 12:36:41 PM: CreateLinKs started
7/3/2015 12:41:43 PM: CreateLinKs started
7/3/2015 12:41:43 PM: CreateLinKs started
7/3/2015 12:41:43 PM: CreateLinKs started
7/3/2015 12:41:43 PM: CreateLinKs started
7/3/2015 12:41:43 PM: CreateLinKs started
7/3/2015 2:25:30 PM: DataEntryTypes count : 3
7/3/2015 2:25:46 PM: Dataentry Type of the stage : Normal
7/3/2015 2:25:55 PM: Dataentry Type of the stage : Normal
7/3/2015 2:25:55 PM: retrive the data from textbox to save the values
7/3/2015 2:26:03 PM: Save completed successfully: 
7/3/2015 2:26:07 PM: DataEntryTypes count : 3
7/3/2015 2:31:20 PM: CreateLinKs started
7/3/2015 2:31:26 PM: CreateLinKs started
7/3/2015 2:31:33 PM: CreateLinKs started
7/3/2015 2:31:39 PM: CreateLinKs started
7/3/2015 2:31:49 PM: CreateLinKs started
7/3/2015 2:31:57 PM: CreateLinKs started
7/3/2015 2:32:01 PM: CreateLinKs started
7/3/2015 2:32:09 PM: CreateLinKs started
7/3/2015 2:32:14 PM: CreateLinKs started
7/3/2015 2:32:24 PM: CreateLinKs started
7/3/2015 2:32:35 PM: CreateLinKs started
7/3/2015 2:36:02 PM: CreateLinKs started
7/3/2015 2:36:31 PM: CreateLinKs started
7/3/2015 2:37:25 PM: CreateLinKs started
7/3/2015 2:37:58 PM: CreateLinKs started
7/3/2015 2:40:03 PM: CreateLinKs started
7/3/2015 2:44:37 PM: CreateLinKs started
7/3/2015 2:44:44 PM: CreateLinKs started
7/3/2015 2:44:49 PM: CreateLinKs started
7/3/2015 2:44:58 PM: CreateLinKs started
7/3/2015 2:50:11 PM: CreateLinKs started
7/3/2015 2:50:30 PM: CreateLinKs started
7/3/2015 3:01:12 PM: CreateLinKs started
7/3/2015 3:07:05 PM: CreateLinKs started
7/3/2015 3:07:09 PM: CreateLinKs started
7/3/2015 3:07:24 PM: CreateLinKs started
7/3/2015 3:08:07 PM: CreateLinKs started
7/3/2015 3:08:25 PM: CreateLinKs started
7/3/2015 3:08:31 PM: CreateLinKs started
7/3/2015 3:08:35 PM: CreateLinKs started
7/3/2015 3:08:45 PM: CreateLinKs started
7/3/2015 3:09:27 PM: CreateLinKs started
7/3/2015 3:09:33 PM: CreateLinKs started
7/3/2015 3:15:00 PM: IntitialLoadGrid Started:-
7/3/2015 3:15:05 PM: CreateLinKs started
7/3/2015 3:15:05 PM: IntitialLoadGrid Completed:-
