6/24/2022 1:16:02 PM: GetTemplateDetails started
6/24/2022 1:16:02 PM: generatecontrols Started
6/24/2022 1:16:02 PM: GenerateControls:Loaded all Textbox dynamically
6/24/2022 1:16:02 PM: GenerateControls:Loaded all Textbox dynamically
6/24/2022 1:16:03 PM: GenerateControls:Loaded all Dropdownlist dynamically
6/24/2022 1:16:03 PM: GenerateControls:Loaded all Dropdownlist dynamically
6/24/2022 1:16:03 PM: GenerateControls:Loaded all Textbox dynamically
6/24/2022 1:16:03 PM: BindDocumentType started
6/24/2022 1:16:03 PM: BindDocumentType finished
6/24/2022 1:16:03 PM: createControls Started
6/24/2022 1:16:03 PM: createControls Loaded all Textbox dynamically
6/24/2022 1:16:03 PM: createControls Loaded all Textbox dynamically
6/24/2022 1:16:03 PM: createControls Loaded all Dropdownlist dynamically
6/24/2022 1:16:03 PM: createControls Loaded all Dropdownlist dynamically
6/24/2022 1:16:03 PM: createControls Loaded all Textbox dynamically
6/24/2022 1:16:03 PM: createControls Finished
6/24/2022 1:16:07 PM: createControls Started
6/24/2022 1:16:07 PM: createControls Loaded all Textbox dynamically
6/24/2022 1:16:07 PM: createControls Loaded all Textbox dynamically
6/24/2022 1:16:07 PM: createControls Loaded all Dropdownlist dynamically
6/24/2022 1:16:07 PM: createControls Loaded all Dropdownlist dynamically
6/24/2022 1:16:07 PM: createControls Loaded all Textbox dynamically
6/24/2022 1:16:07 PM: createControls Finished
6/24/2022 1:16:07 PM: Started Loading Entity Drop Down
6/24/2022 1:16:57 PM: createControls Started
6/24/2022 1:16:57 PM: createControls Loaded all Textbox dynamically
6/24/2022 1:16:57 PM: createControls Loaded all Textbox dynamically
6/24/2022 1:16:57 PM: createControls Loaded all Dropdownlist dynamically
6/24/2022 1:16:57 PM: createControls Loaded all Dropdownlist dynamically
6/24/2022 1:16:57 PM: createControls Loaded all Textbox dynamically
6/24/2022 1:16:57 PM: createControls Finished
6/24/2022 1:16:57 PM: Started Loading Entity Drop Down
6/24/2022 1:16:58 PM: Finished Loading Entity Drop Down
6/24/2022 1:16:58 PM: createControls Started
6/24/2022 1:16:58 PM: createControls Loaded all Textbox dynamically
6/24/2022 1:16:58 PM: createControls Loaded all Textbox dynamically
6/24/2022 1:16:58 PM: createControls Loaded all Dropdownlist dynamically
6/24/2022 1:16:58 PM: createControls Loaded all Dropdownlist dynamically
6/24/2022 1:16:58 PM: createControls Loaded all Textbox dynamically
6/24/2022 1:16:58 PM: createControls Finished
6/24/2022 1:16:59 PM: GetTemplateDetails started
6/24/2022 1:16:59 PM: generatecontrols Started
6/24/2022 1:16:59 PM: GenerateControls:Loaded all Textbox dynamically
6/24/2022 1:16:59 PM: GenerateControls:Loaded all Textbox dynamically
6/24/2022 1:16:59 PM: GenerateControls:Loaded all Dropdownlist dynamically
6/24/2022 1:16:59 PM: GenerateControls:Loaded all Dropdownlist dynamically
6/24/2022 1:16:59 PM: GenerateControls:Loaded all Textbox dynamically
6/24/2022 1:16:59 PM: BindDocumentType started
6/24/2022 1:16:59 PM: BindDocumentType finished
6/24/2022 1:16:59 PM: createControls Started
6/24/2022 1:16:59 PM: createControls Loaded all Textbox dynamically
6/24/2022 1:16:59 PM: createControls Loaded all Textbox dynamically
6/24/2022 1:16:59 PM: createControls Loaded all Dropdownlist dynamically
6/24/2022 1:16:59 PM: createControls Loaded all Dropdownlist dynamically
6/24/2022 1:16:59 PM: createControls Loaded all Textbox dynamically
6/24/2022 1:16:59 PM: createControls Finished
6/24/2022 1:16:59 PM: createControls Started
6/24/2022 1:16:59 PM: createControls Loaded all Textbox dynamically
6/24/2022 1:16:59 PM: createControls Loaded all Textbox dynamically
6/24/2022 1:16:59 PM: createControls Loaded all Dropdownlist dynamically
6/24/2022 1:16:59 PM: createControls Loaded all Dropdownlist dynamically
6/24/2022 1:16:59 PM: createControls Loaded all Textbox dynamically
6/24/2022 1:16:59 PM: createControls Finished
6/24/2022 1:16:59 PM: Started Loading Entity Drop Down
