10/25/2018 3:08:54 PM: BindDocumentType started
10/25/2018 3:08:54 PM: BindDocumentType finished
10/25/2018 3:08:57 PM: createControls Started
10/25/2018 3:08:57 PM: createControls Loaded all Textbox dynamically
10/25/2018 3:08:57 PM: createControls Loaded all Textbox dynamically
10/25/2018 3:08:57 PM: createControls Loaded all Textbox dynamically
10/25/2018 3:08:57 PM: createControls Loaded all Textbox dynamically
10/25/2018 3:08:57 PM: createControls Loaded all Textbox dynamically
10/25/2018 3:08:57 PM: createControls Loaded all Textbox dynamically
10/25/2018 3:08:57 PM: createControls Loaded all Textbox dynamically
10/25/2018 3:08:57 PM: createControls Loaded all Dropdownlist dynamically
10/25/2018 3:08:57 PM: createControls Loaded all Dropdownlist dynamically
10/25/2018 3:08:57 PM: createControls Loaded all Dropdownlist dynamically
10/25/2018 3:08:57 PM: createControls Loaded all Textbox dynamically
10/25/2018 3:08:57 PM: createControls Loaded all Textbox dynamically
10/25/2018 3:08:57 PM: createControls Loaded all Textbox dynamically
10/25/2018 3:08:57 PM: createControls Loaded all Textbox dynamically
10/25/2018 3:08:57 PM: createControls Loaded all Textbox dynamically
10/25/2018 3:08:57 PM: createControls Loaded all Textbox dynamically
10/25/2018 3:08:57 PM: createControls Finished
10/25/2018 3:08:57 PM: GetTemplateDetails started
10/25/2018 3:08:57 PM: generatecontrols Started
10/25/2018 3:08:57 PM: GenerateControls:Loaded all Textbox dynamically
10/25/2018 3:08:57 PM: GenerateControls:Loaded all Textbox dynamically
10/25/2018 3:08:57 PM: GenerateControls:Loaded all Textbox dynamically
10/25/2018 3:08:57 PM: GenerateControls:Loaded all Textbox dynamically
10/25/2018 3:08:57 PM: GenerateControls:Loaded all Textbox dynamically
10/25/2018 3:08:57 PM: GenerateControls:Loaded all Textbox dynamically
10/25/2018 3:08:57 PM: GenerateControls:Loaded all Textbox dynamically
10/25/2018 3:08:57 PM: GenerateControls:Loaded all Dropdownlist dynamically
10/25/2018 3:08:57 PM: GenerateControls:Loaded all Dropdownlist dynamically
10/25/2018 3:08:57 PM: GenerateControls:Loaded all Dropdownlist dynamically
10/25/2018 3:08:57 PM: GenerateControls:Loaded all Textbox dynamically
10/25/2018 3:08:57 PM: GenerateControls:Loaded all Textbox dynamically
10/25/2018 3:08:57 PM: GenerateControls:Loaded all Textbox dynamically
10/25/2018 3:08:57 PM: GenerateControls:Loaded all Textbox dynamically
10/25/2018 3:08:57 PM: GenerateControls:Loaded all Textbox dynamically
10/25/2018 3:08:57 PM: GenerateControls:Loaded all Textbox dynamically
10/25/2018 3:08:58 PM: createControls Started
10/25/2018 3:08:58 PM: createControls Loaded all Textbox dynamically
10/25/2018 3:08:58 PM: createControls Loaded all Textbox dynamically
10/25/2018 3:08:58 PM: createControls Loaded all Textbox dynamically
10/25/2018 3:08:58 PM: createControls Loaded all Textbox dynamically
10/25/2018 3:08:58 PM: createControls Loaded all Textbox dynamically
10/25/2018 3:08:58 PM: createControls Loaded all Textbox dynamically
10/25/2018 3:08:58 PM: createControls Loaded all Textbox dynamically
10/25/2018 3:08:58 PM: createControls Loaded all Dropdownlist dynamically
10/25/2018 3:08:58 PM: createControls Loaded all Dropdownlist dynamically
10/25/2018 3:08:58 PM: createControls Loaded all Dropdownlist dynamically
10/25/2018 3:08:58 PM: createControls Loaded all Textbox dynamically
10/25/2018 3:08:58 PM: createControls Loaded all Textbox dynamically
10/25/2018 3:08:58 PM: createControls Loaded all Textbox dynamically
10/25/2018 3:08:58 PM: createControls Loaded all Textbox dynamically
10/25/2018 3:08:58 PM: createControls Loaded all Textbox dynamically
10/25/2018 3:08:58 PM: createControls Loaded all Textbox dynamically
10/25/2018 3:08:58 PM: createControls Finished
10/25/2018 3:08:58 PM: Started Loading Entity Drop Down
10/25/2018 3:08:58 PM: Finished Loading Entity Drop Down
10/25/2018 3:09:01 PM: createControls Started
10/25/2018 3:09:01 PM: createControls Loaded all Textbox dynamically
10/25/2018 3:09:01 PM: createControls Loaded all Textbox dynamically
10/25/2018 3:09:01 PM: createControls Loaded all Textbox dynamically
10/25/2018 3:09:01 PM: createControls Loaded all Textbox dynamically
10/25/2018 3:09:01 PM: createControls Loaded all Textbox dynamically
10/25/2018 3:09:01 PM: createControls Loaded all Textbox dynamically
10/25/2018 3:09:01 PM: createControls Loaded all Textbox dynamically
10/25/2018 3:09:01 PM: createControls Loaded all Dropdownlist dynamically
10/25/2018 3:09:01 PM: createControls Loaded all Dropdownlist dynamically
10/25/2018 3:09:01 PM: createControls Loaded all Dropdownlist dynamically
10/25/2018 3:09:01 PM: createControls Loaded all Textbox dynamically
10/25/2018 3:09:01 PM: createControls Loaded all Textbox dynamically
10/25/2018 3:09:01 PM: createControls Loaded all Textbox dynamically
10/25/2018 3:09:01 PM: createControls Loaded all Textbox dynamically
10/25/2018 3:09:01 PM: createControls Loaded all Textbox dynamically
10/25/2018 3:09:01 PM: createControls Loaded all Textbox dynamically
10/25/2018 3:09:01 PM: createControls Finished
