28/12/2016 4:29:11 PM: BindDocumentType started
28/12/2016 4:29:11 PM: BindDocumentType finished
28/12/2016 4:29:15 PM: createControls Started
28/12/2016 4:29:15 PM: createControls Loaded all Textbox dynamically
28/12/2016 4:29:15 PM: createControls Loaded all Textbox dynamically
28/12/2016 4:29:15 PM: createControls Loaded all Textbox dynamically
28/12/2016 4:29:15 PM: createControls Loaded all Textbox dynamically
28/12/2016 4:29:15 PM: createControls Loaded all Textbox dynamically
28/12/2016 4:29:15 PM: createControls Loaded all Textbox dynamically
28/12/2016 4:29:15 PM: createControls Loaded all Textbox dynamically
28/12/2016 4:29:15 PM: createControls Finished
28/12/2016 4:29:15 PM: GetTemplateDetails started
28/12/2016 4:29:15 PM: generatecontrols Started
28/12/2016 4:29:15 PM: GenerateControls:Loaded all Textbox dynamically
28/12/2016 4:29:15 PM: GenerateControls:Loaded all Textbox dynamically
28/12/2016 4:29:15 PM: GenerateControls:Loaded all Textbox dynamically
28/12/2016 4:29:15 PM: GenerateControls:Loaded all Textbox dynamically
28/12/2016 4:29:15 PM: GenerateControls:Loaded all Textbox dynamically
28/12/2016 4:29:15 PM: GenerateControls:Loaded all Textbox dynamically
28/12/2016 4:29:15 PM: GenerateControls:Loaded all Textbox dynamically
