2/3/2017 11:29:03 AM: BindDocumentType started
2/3/2017 11:29:03 AM: BindDocumentType finished
2/3/2017 11:29:10 AM: createControls Started
2/3/2017 11:34:53 AM: createControls Loaded all Textbox dynamically
2/3/2017 11:34:53 AM: createControls Loaded all Textbox dynamically
2/3/2017 11:34:53 AM: createControls Finished
2/3/2017 11:34:53 AM: GetTemplateDetails started
2/3/2017 11:34:53 AM: generatecontrols Started
2/3/2017 11:34:53 AM: GenerateControls:Loaded all Textbox dynamically
2/3/2017 11:34:53 AM: GenerateControls:Loaded all Textbox dynamically
2/3/2017 11:42:43 AM: BindDocumentType started
2/3/2017 11:42:43 AM: BindDocumentType finished
2/3/2017 11:42:47 AM: createControls Started
2/3/2017 11:42:51 AM: createControls Loaded all Textbox dynamically
2/3/2017 11:42:51 AM: createControls Loaded all Textbox dynamically
2/3/2017 11:42:51 AM: createControls Finished
2/3/2017 11:42:51 AM: GetTemplateDetails started
2/3/2017 11:42:51 AM: generatecontrols Started
2/3/2017 11:42:51 AM: GenerateControls:Loaded all Textbox dynamically
2/3/2017 11:42:51 AM: GenerateControls:Loaded all Textbox dynamically
2/3/2017 11:43:01 AM: createControls Started
2/3/2017 11:43:01 AM: createControls Loaded all Textbox dynamically
2/3/2017 11:43:01 AM: createControls Loaded all Textbox dynamically
2/3/2017 11:43:01 AM: createControls Finished
2/3/2017 11:44:54 AM: BindDocumentType started
2/3/2017 11:44:54 AM: BindDocumentType finished
2/3/2017 11:45:00 AM: createControls Started
2/3/2017 11:45:00 AM: createControls Loaded all Textbox dynamically
2/3/2017 11:45:00 AM: createControls Loaded all Textbox dynamically
2/3/2017 11:45:00 AM: createControls Finished
2/3/2017 11:45:00 AM: GetTemplateDetails started
2/3/2017 11:45:00 AM: generatecontrols Started
2/3/2017 11:45:00 AM: GenerateControls:Loaded all Textbox dynamically
2/3/2017 11:45:00 AM: GenerateControls:Loaded all Textbox dynamically
2/3/2017 11:45:06 AM: createControls Started
2/3/2017 11:45:06 AM: createControls Loaded all Textbox dynamically
2/3/2017 11:45:06 AM: createControls Loaded all Textbox dynamically
2/3/2017 11:45:06 AM: createControls Finished
2/3/2017 11:48:48 AM: BindDocumentType started
2/3/2017 11:48:48 AM: BindDocumentType finished
2/3/2017 11:48:51 AM: createControls Started
2/3/2017 11:48:51 AM: createControls Loaded all Textbox dynamically
2/3/2017 11:48:51 AM: createControls Loaded all Textbox dynamically
2/3/2017 11:48:51 AM: createControls Finished
2/3/2017 11:48:51 AM: GetTemplateDetails started
2/3/2017 11:48:51 AM: generatecontrols Started
2/3/2017 11:48:51 AM: GenerateControls:Loaded all Textbox dynamically
2/3/2017 11:48:51 AM: GenerateControls:Loaded all Textbox dynamically
2/3/2017 11:48:57 AM: createControls Started
2/3/2017 11:48:57 AM: createControls Loaded all Textbox dynamically
2/3/2017 11:48:57 AM: createControls Loaded all Textbox dynamically
2/3/2017 11:48:57 AM: createControls Finished
2/3/2017 11:51:42 AM: BindDocumentType started
2/3/2017 11:51:42 AM: BindDocumentType finished
2/3/2017 11:51:46 AM: createControls Started
2/3/2017 11:51:46 AM: createControls Loaded all Textbox dynamically
2/3/2017 11:51:46 AM: createControls Loaded all Textbox dynamically
2/3/2017 11:51:46 AM: createControls Finished
2/3/2017 11:51:46 AM: GetTemplateDetails started
2/3/2017 11:51:46 AM: generatecontrols Started
2/3/2017 11:51:46 AM: GenerateControls:Loaded all Textbox dynamically
2/3/2017 11:51:46 AM: GenerateControls:Loaded all Textbox dynamically
2/3/2017 11:51:52 AM: createControls Started
2/3/2017 11:51:52 AM: createControls Loaded all Textbox dynamically
2/3/2017 11:51:52 AM: createControls Loaded all Textbox dynamically
2/3/2017 11:51:52 AM: createControls Finished
2/3/2017 11:53:27 AM: BindDocumentType started
2/3/2017 11:53:27 AM: BindDocumentType finished
2/3/2017 12:03:55 PM: BindDocumentType started
2/3/2017 12:03:55 PM: BindDocumentType finished
2/3/2017 12:03:59 PM: createControls Started
2/3/2017 12:03:59 PM: createControls Loaded all Textbox dynamically
2/3/2017 12:03:59 PM: createControls Loaded all Textbox dynamically
2/3/2017 12:03:59 PM: createControls Finished
2/3/2017 12:03:59 PM: GetTemplateDetails started
2/3/2017 12:03:59 PM: generatecontrols Started
2/3/2017 12:03:59 PM: GenerateControls:Loaded all Textbox dynamically
2/3/2017 12:03:59 PM: GenerateControls:Loaded all Textbox dynamically
2/3/2017 12:04:06 PM: createControls Started
2/3/2017 12:04:06 PM: createControls Loaded all Textbox dynamically
2/3/2017 12:04:06 PM: createControls Loaded all Textbox dynamically
2/3/2017 12:04:06 PM: createControls Finished
2/3/2017 12:15:12 PM: BindDocumentType started
2/3/2017 12:15:12 PM: BindDocumentType finished
2/3/2017 12:15:16 PM: createControls Started
2/3/2017 12:15:16 PM: createControls Loaded all Textbox dynamically
2/3/2017 12:15:16 PM: createControls Loaded all Textbox dynamically
2/3/2017 12:15:16 PM: createControls Finished
2/3/2017 12:15:16 PM: GetTemplateDetails started
2/3/2017 12:15:16 PM: generatecontrols Started
2/3/2017 12:15:16 PM: GenerateControls:Loaded all Textbox dynamically
2/3/2017 12:15:16 PM: GenerateControls:Loaded all Textbox dynamically
2/3/2017 12:15:23 PM: createControls Started
2/3/2017 12:15:23 PM: createControls Loaded all Textbox dynamically
2/3/2017 12:15:23 PM: createControls Loaded all Textbox dynamically
2/3/2017 12:15:23 PM: createControls Finished
2/3/2017 12:49:53 PM: BindDocumentType started
2/3/2017 12:49:53 PM: BindDocumentType finished
2/3/2017 12:49:56 PM: createControls Started
2/3/2017 12:49:56 PM: createControls Loaded all Textbox dynamically
2/3/2017 12:49:56 PM: createControls Loaded all Textbox dynamically
2/3/2017 12:49:56 PM: createControls Finished
2/3/2017 12:49:56 PM: GetTemplateDetails started
2/3/2017 12:49:56 PM: generatecontrols Started
2/3/2017 12:49:56 PM: GenerateControls:Loaded all Textbox dynamically
2/3/2017 12:49:56 PM: GenerateControls:Loaded all Textbox dynamically
2/3/2017 12:50:05 PM: createControls Started
2/3/2017 12:50:05 PM: createControls Loaded all Textbox dynamically
2/3/2017 12:50:05 PM: createControls Loaded all Textbox dynamically
2/3/2017 12:50:05 PM: createControls Finished
2/3/2017 12:51:31 PM: BindDocumentType started
2/3/2017 12:51:31 PM: BindDocumentType finished
2/3/2017 12:51:35 PM: createControls Started
2/3/2017 12:51:35 PM: createControls Loaded all Textbox dynamically
2/3/2017 12:51:35 PM: createControls Loaded all Textbox dynamically
2/3/2017 12:51:35 PM: createControls Finished
2/3/2017 12:51:35 PM: GetTemplateDetails started
2/3/2017 12:51:35 PM: generatecontrols Started
2/3/2017 12:51:35 PM: GenerateControls:Loaded all Textbox dynamically
2/3/2017 12:51:35 PM: GenerateControls:Loaded all Textbox dynamically
2/3/2017 1:09:45 PM: BindDocumentType started
2/3/2017 1:09:45 PM: BindDocumentType finished
2/3/2017 1:09:48 PM: createControls Started
2/3/2017 1:09:48 PM: createControls Loaded all Textbox dynamically
2/3/2017 1:09:48 PM: createControls Loaded all Textbox dynamically
2/3/2017 1:09:48 PM: createControls Finished
2/3/2017 1:09:48 PM: GetTemplateDetails started
2/3/2017 1:09:48 PM: generatecontrols Started
2/3/2017 1:09:48 PM: GenerateControls:Loaded all Textbox dynamically
2/3/2017 1:09:48 PM: GenerateControls:Loaded all Textbox dynamically
2/3/2017 1:09:53 PM: createControls Started
2/3/2017 1:09:53 PM: createControls Loaded all Textbox dynamically
2/3/2017 1:09:53 PM: createControls Loaded all Textbox dynamically
2/3/2017 1:09:53 PM: createControls Finished
2/3/2017 1:13:16 PM: BindDocumentType started
2/3/2017 1:13:16 PM: BindDocumentType finished
2/3/2017 1:13:22 PM: createControls Started
2/3/2017 1:13:22 PM: createControls Loaded all Textbox dynamically
2/3/2017 1:13:22 PM: createControls Loaded all Textbox dynamically
2/3/2017 1:13:22 PM: createControls Finished
2/3/2017 1:13:22 PM: GetTemplateDetails started
2/3/2017 1:13:22 PM: generatecontrols Started
2/3/2017 1:13:22 PM: GenerateControls:Loaded all Textbox dynamically
2/3/2017 1:13:22 PM: GenerateControls:Loaded all Textbox dynamically
2/3/2017 1:13:28 PM: createControls Started
2/3/2017 1:13:28 PM: createControls Loaded all Textbox dynamically
2/3/2017 1:13:28 PM: createControls Loaded all Textbox dynamically
2/3/2017 1:13:28 PM: createControls Finished
2/3/2017 2:29:30 PM: BindDocumentType started
2/3/2017 2:29:30 PM: BindDocumentType finished
2/3/2017 2:29:36 PM: createControls Started
2/3/2017 2:29:36 PM: createControls Loaded all Textbox dynamically
2/3/2017 2:29:36 PM: createControls Loaded all Textbox dynamically
2/3/2017 2:29:36 PM: createControls Finished
2/3/2017 2:29:36 PM: GetTemplateDetails started
2/3/2017 2:29:36 PM: generatecontrols Started
2/3/2017 2:29:37 PM: GenerateControls:Loaded all Textbox dynamically
2/3/2017 2:29:37 PM: GenerateControls:Loaded all Textbox dynamically
2/3/2017 2:30:05 PM: createControls Started
2/3/2017 2:30:07 PM: createControls Loaded all Textbox dynamically
2/3/2017 2:30:07 PM: createControls Loaded all Textbox dynamically
2/3/2017 2:30:07 PM: createControls Finished
2/3/2017 2:30:16 PM: generatecontrols Started
2/3/2017 2:30:16 PM: GenerateControls:Loaded all Textbox dynamically
2/3/2017 2:30:16 PM: GenerateControls:Loaded all Textbox dynamically
2/3/2017 2:30:16 PM: Exception:Multiple controls with the same ID 'lbl0' were found. FindControl requires that controls have unique IDs.
2/3/2017 2:31:14 PM: BindDocumentType started
2/3/2017 2:31:14 PM: BindDocumentType finished
2/3/2017 2:31:29 PM: createControls Started
2/3/2017 2:31:29 PM: createControls Loaded all Textbox dynamically
2/3/2017 2:31:29 PM: createControls Loaded all Textbox dynamically
2/3/2017 2:31:29 PM: createControls Finished
2/3/2017 2:31:29 PM: GetTemplateDetails started
2/3/2017 2:31:29 PM: generatecontrols Started
2/3/2017 2:31:29 PM: GenerateControls:Loaded all Textbox dynamically
2/3/2017 2:31:29 PM: GenerateControls:Loaded all Textbox dynamically
2/3/2017 2:31:35 PM: createControls Started
2/3/2017 2:31:35 PM: createControls Loaded all Textbox dynamically
2/3/2017 2:31:35 PM: createControls Loaded all Textbox dynamically
2/3/2017 2:31:35 PM: createControls Finished
2/3/2017 2:31:35 PM: generatecontrols Started
2/3/2017 2:31:35 PM: GenerateControls:Loaded all Textbox dynamically
2/3/2017 2:31:35 PM: GenerateControls:Loaded all Textbox dynamically
2/3/2017 2:31:35 PM: Exception:Multiple controls with the same ID 'lbl0' were found. FindControl requires that controls have unique IDs.
2/3/2017 2:33:11 PM: BindDocumentType started
2/3/2017 2:33:11 PM: BindDocumentType finished
2/3/2017 2:33:14 PM: createControls Started
2/3/2017 2:33:14 PM: createControls Loaded all Textbox dynamically
2/3/2017 2:33:14 PM: createControls Loaded all Textbox dynamically
2/3/2017 2:33:14 PM: createControls Finished
2/3/2017 2:33:14 PM: GetTemplateDetails started
2/3/2017 2:33:14 PM: generatecontrols Started
2/3/2017 2:33:14 PM: GenerateControls:Loaded all Textbox dynamically
2/3/2017 2:33:14 PM: GenerateControls:Loaded all Textbox dynamically
2/3/2017 2:33:26 PM: createControls Started
2/3/2017 2:33:26 PM: createControls Loaded all Textbox dynamically
2/3/2017 2:33:26 PM: createControls Loaded all Textbox dynamically
2/3/2017 2:33:26 PM: createControls Finished
2/3/2017 2:33:26 PM: generatecontrols Started
2/3/2017 2:33:26 PM: GenerateControls:Loaded all Textbox dynamically
2/3/2017 2:33:26 PM: GenerateControls:Loaded all Textbox dynamically
2/3/2017 2:34:19 PM: BindDocumentType started
2/3/2017 2:34:19 PM: BindDocumentType finished
2/3/2017 2:34:26 PM: createControls Started
2/3/2017 2:34:26 PM: createControls Loaded all Textbox dynamically
2/3/2017 2:34:26 PM: createControls Loaded all Textbox dynamically
2/3/2017 2:34:26 PM: createControls Finished
2/3/2017 2:34:26 PM: GetTemplateDetails started
2/3/2017 2:34:26 PM: generatecontrols Started
2/3/2017 2:34:26 PM: GenerateControls:Loaded all Textbox dynamically
2/3/2017 2:34:26 PM: GenerateControls:Loaded all Textbox dynamically
2/3/2017 2:34:31 PM: createControls Started
2/3/2017 2:34:31 PM: createControls Loaded all Textbox dynamically
2/3/2017 2:34:31 PM: createControls Loaded all Textbox dynamically
2/3/2017 2:34:31 PM: createControls Finished
2/3/2017 2:34:31 PM: generatecontrols Started
2/3/2017 2:34:31 PM: GenerateControls:Loaded all Textbox dynamically
2/3/2017 2:34:31 PM: GenerateControls:Loaded all Textbox dynamically
2/3/2017 2:35:13 PM: BindDocumentType started
2/3/2017 2:35:13 PM: BindDocumentType finished
2/3/2017 2:35:28 PM: createControls Started
2/3/2017 2:35:28 PM: createControls Loaded all Textbox dynamically
2/3/2017 2:35:28 PM: createControls Loaded all Textbox dynamically
2/3/2017 2:35:28 PM: createControls Finished
2/3/2017 2:35:28 PM: GetTemplateDetails started
2/3/2017 2:35:28 PM: generatecontrols Started
2/3/2017 2:35:28 PM: GenerateControls:Loaded all Textbox dynamically
2/3/2017 2:35:28 PM: GenerateControls:Loaded all Textbox dynamically
2/3/2017 2:35:50 PM: createControls Started
2/3/2017 2:35:50 PM: createControls Loaded all Textbox dynamically
2/3/2017 2:35:50 PM: createControls Loaded all Textbox dynamically
2/3/2017 2:35:50 PM: createControls Finished
2/3/2017 2:35:56 PM: generatecontrols Started
2/3/2017 2:35:56 PM: GenerateControls:Loaded all Textbox dynamically
2/3/2017 2:35:56 PM: GenerateControls:Loaded all Textbox dynamically
