5/30/2017 11:15:45 AM: BindDocumentType started
5/30/2017 11:15:45 AM: BindDocumentType finished
5/30/2017 11:15:51 AM: createControls Started
5/30/2017 11:15:51 AM: createControls Loaded all Textbox dynamically
5/30/2017 11:15:51 AM: createControls Loaded all Textbox dynamically
5/30/2017 11:15:51 AM: createControls Finished
5/30/2017 11:15:51 AM: GetTemplateDetails started
5/30/2017 11:15:51 AM: generatecontrols Started
5/30/2017 11:15:51 AM: GenerateControls:Loaded all Textbox dynamically
5/30/2017 11:15:51 AM: GenerateControls:Loaded all Textbox dynamically
5/30/2017 11:15:53 AM: createControls Started
5/30/2017 11:15:53 AM: createControls Loaded all Textbox dynamically
5/30/2017 11:15:53 AM: createControls Loaded all Textbox dynamically
5/30/2017 11:15:53 AM: createControls Finished
5/30/2017 11:17:01 AM: BindDocumentType started
5/30/2017 11:17:01 AM: BindDocumentType finished
5/30/2017 11:17:04 AM: createControls Started
5/30/2017 11:17:04 AM: createControls Loaded all Textbox dynamically
5/30/2017 11:17:04 AM: createControls Loaded all Textbox dynamically
5/30/2017 11:17:04 AM: createControls Finished
5/30/2017 11:17:04 AM: GetTemplateDetails started
5/30/2017 11:17:04 AM: generatecontrols Started
5/30/2017 11:17:04 AM: GenerateControls:Loaded all Textbox dynamically
5/30/2017 11:17:04 AM: GenerateControls:Loaded all Textbox dynamically
5/30/2017 11:17:05 AM: createControls Started
5/30/2017 11:17:05 AM: createControls Loaded all Textbox dynamically
5/30/2017 11:17:05 AM: createControls Loaded all Textbox dynamically
5/30/2017 11:17:05 AM: createControls Finished
5/30/2017 11:17:25 AM: BindDocumentType started
5/30/2017 11:17:25 AM: BindDocumentType finished
5/30/2017 11:18:05 AM: createControls Started
5/30/2017 11:18:05 AM: createControls Loaded all Textbox dynamically
5/30/2017 11:18:05 AM: createControls Loaded all Textbox dynamically
5/30/2017 11:18:05 AM: createControls Finished
5/30/2017 11:18:05 AM: GetTemplateDetails started
5/30/2017 11:18:05 AM: generatecontrols Started
5/30/2017 11:18:05 AM: GenerateControls:Loaded all Textbox dynamically
5/30/2017 11:18:05 AM: GenerateControls:Loaded all Textbox dynamically
5/30/2017 11:18:06 AM: createControls Started
5/30/2017 11:18:06 AM: createControls Loaded all Textbox dynamically
5/30/2017 11:18:06 AM: createControls Loaded all Textbox dynamically
5/30/2017 11:18:06 AM: createControls Finished
5/30/2017 11:21:11 AM: BindDocumentType started
5/30/2017 11:21:11 AM: BindDocumentType finished
5/30/2017 11:21:14 AM: createControls Started
5/30/2017 11:21:14 AM: createControls Loaded all Textbox dynamically
5/30/2017 11:21:14 AM: createControls Loaded all Textbox dynamically
5/30/2017 11:21:14 AM: createControls Finished
5/30/2017 11:21:14 AM: GetTemplateDetails started
5/30/2017 11:21:14 AM: generatecontrols Started
5/30/2017 11:21:14 AM: GenerateControls:Loaded all Textbox dynamically
5/30/2017 11:21:14 AM: GenerateControls:Loaded all Textbox dynamically
5/30/2017 11:21:15 AM: createControls Started
5/30/2017 11:21:15 AM: createControls Loaded all Textbox dynamically
5/30/2017 11:21:15 AM: createControls Loaded all Textbox dynamically
5/30/2017 11:21:15 AM: createControls Finished
