3/7/2017 11:51:07 AM: BindDocumentType started
3/7/2017 11:51:07 AM: BindDocumentType finished
3/7/2017 11:51:24 AM: createControls Started
3/7/2017 11:51:24 AM: createControls Loaded all Textbox dynamically
3/7/2017 11:51:24 AM: createControls Loaded all Textbox dynamically
3/7/2017 11:51:24 AM: createControls Finished
3/7/2017 11:51:24 AM: GetTemplateDetails started
3/7/2017 11:51:24 AM: generatecontrols Started
3/7/2017 11:51:24 AM: GenerateControls:Loaded all Textbox dynamically
3/7/2017 11:51:24 AM: GenerateControls:Loaded all Textbox dynamically
3/7/2017 12:13:18 PM: BindDocumentType started
3/7/2017 12:13:18 PM: BindDocumentType finished
3/7/2017 12:13:22 PM: createControls Started
3/7/2017 12:13:22 PM: createControls Loaded all Textbox dynamically
3/7/2017 12:13:22 PM: createControls Loaded all Textbox dynamically
3/7/2017 12:13:22 PM: createControls Finished
3/7/2017 12:13:22 PM: GetTemplateDetails started
3/7/2017 12:13:22 PM: generatecontrols Started
3/7/2017 12:13:22 PM: GenerateControls:Loaded all Textbox dynamically
3/7/2017 12:13:22 PM: GenerateControls:Loaded all Textbox dynamically
3/7/2017 12:14:05 PM: createControls Started
3/7/2017 12:14:05 PM: createControls Loaded all Textbox dynamically
3/7/2017 12:14:05 PM: createControls Loaded all Textbox dynamically
3/7/2017 12:14:05 PM: createControls Finished
3/7/2017 12:14:56 PM: BindDocumentType started
3/7/2017 12:14:56 PM: BindDocumentType finished
3/7/2017 12:15:25 PM: BindDocumentType started
3/7/2017 12:15:25 PM: BindDocumentType finished
3/7/2017 12:15:47 PM: createControls Started
3/7/2017 12:15:47 PM: createControls Loaded all Textbox dynamically
3/7/2017 12:15:47 PM: createControls Loaded all Textbox dynamically
3/7/2017 12:15:47 PM: createControls Loaded all Textbox dynamically
3/7/2017 12:15:47 PM: createControls Loaded all Textbox dynamically
3/7/2017 12:15:47 PM: createControls Loaded all Textbox dynamically
3/7/2017 12:15:47 PM: createControls Loaded all Textbox dynamically
3/7/2017 12:15:47 PM: createControls Loaded all Textbox dynamically
3/7/2017 12:15:47 PM: createControls Loaded all Textbox dynamically
3/7/2017 12:15:47 PM: createControls Finished
3/7/2017 12:15:47 PM: GetTemplateDetails started
3/7/2017 12:15:47 PM: generatecontrols Started
3/7/2017 12:15:47 PM: GenerateControls:Loaded all Textbox dynamically
3/7/2017 12:15:47 PM: GenerateControls:Loaded all Textbox dynamically
3/7/2017 12:15:47 PM: GenerateControls:Loaded all Textbox dynamically
3/7/2017 12:15:47 PM: GenerateControls:Loaded all Textbox dynamically
3/7/2017 12:15:47 PM: GenerateControls:Loaded all Textbox dynamically
3/7/2017 12:15:47 PM: GenerateControls:Loaded all Textbox dynamically
3/7/2017 12:15:47 PM: GenerateControls:Loaded all Textbox dynamically
3/7/2017 12:15:47 PM: GenerateControls:Loaded all Textbox dynamically
3/7/2017 12:15:53 PM: createControls Started
3/7/2017 12:15:53 PM: createControls Loaded all Textbox dynamically
3/7/2017 12:15:53 PM: createControls Loaded all Textbox dynamically
3/7/2017 12:15:53 PM: createControls Loaded all Textbox dynamically
3/7/2017 12:15:53 PM: createControls Loaded all Textbox dynamically
3/7/2017 12:15:53 PM: createControls Loaded all Textbox dynamically
3/7/2017 12:15:53 PM: createControls Loaded all Textbox dynamically
3/7/2017 12:15:53 PM: createControls Loaded all Textbox dynamically
3/7/2017 12:15:53 PM: createControls Loaded all Textbox dynamically
3/7/2017 12:15:53 PM: createControls Finished
3/7/2017 12:16:27 PM: createControls Started
3/7/2017 12:16:27 PM: createControls Loaded all Textbox dynamically
3/7/2017 12:16:27 PM: createControls Loaded all Textbox dynamically
3/7/2017 12:16:27 PM: createControls Loaded all Textbox dynamically
3/7/2017 12:16:27 PM: createControls Loaded all Textbox dynamically
3/7/2017 12:16:27 PM: createControls Loaded all Textbox dynamically
3/7/2017 12:16:27 PM: createControls Loaded all Textbox dynamically
3/7/2017 12:16:27 PM: createControls Loaded all Textbox dynamically
3/7/2017 12:16:27 PM: createControls Loaded all Textbox dynamically
3/7/2017 12:16:27 PM: createControls Finished
3/7/2017 12:16:34 PM: createControls Started
3/7/2017 12:16:34 PM: createControls Loaded all Textbox dynamically
3/7/2017 12:16:34 PM: createControls Loaded all Textbox dynamically
3/7/2017 12:16:34 PM: createControls Loaded all Textbox dynamically
3/7/2017 12:16:34 PM: createControls Loaded all Textbox dynamically
3/7/2017 12:16:34 PM: createControls Loaded all Textbox dynamically
3/7/2017 12:16:34 PM: createControls Loaded all Textbox dynamically
3/7/2017 12:16:34 PM: createControls Loaded all Textbox dynamically
3/7/2017 12:16:34 PM: createControls Loaded all Textbox dynamically
3/7/2017 12:16:34 PM: createControls Finished
3/7/2017 12:18:33 PM: BindDocumentType started
3/7/2017 12:18:33 PM: BindDocumentType finished
3/7/2017 12:21:57 PM: BindDocumentType started
3/7/2017 12:21:57 PM: BindDocumentType finished
3/7/2017 12:22:27 PM: BindDocumentType started
3/7/2017 12:22:27 PM: BindDocumentType finished
3/7/2017 12:22:30 PM: createControls Started
3/7/2017 12:22:30 PM: createControls Loaded all Textbox dynamically
3/7/2017 12:22:30 PM: createControls Loaded all Textbox dynamically
3/7/2017 12:22:30 PM: createControls Finished
3/7/2017 12:22:30 PM: GetTemplateDetails started
3/7/2017 12:22:30 PM: generatecontrols Started
3/7/2017 12:22:30 PM: GenerateControls:Loaded all Textbox dynamically
3/7/2017 12:22:30 PM: GenerateControls:Loaded all Textbox dynamically
3/7/2017 12:22:37 PM: createControls Started
3/7/2017 12:22:37 PM: createControls Loaded all Textbox dynamically
3/7/2017 12:22:37 PM: createControls Loaded all Textbox dynamically
3/7/2017 12:22:37 PM: createControls Finished
3/7/2017 12:23:15 PM: BindDocumentType started
3/7/2017 12:23:15 PM: BindDocumentType finished
3/7/2017 12:26:35 PM: BindDocumentType started
3/7/2017 12:26:35 PM: BindDocumentType finished
3/7/2017 12:27:17 PM: BindDocumentType started
3/7/2017 12:27:17 PM: BindDocumentType finished
3/7/2017 12:27:25 PM: createControls Started
3/7/2017 12:27:25 PM: createControls Loaded all Textbox dynamically
3/7/2017 12:27:25 PM: createControls Loaded all Textbox dynamically
3/7/2017 12:27:25 PM: createControls Loaded all Textbox dynamically
3/7/2017 12:27:25 PM: createControls Loaded all Textbox dynamically
3/7/2017 12:27:25 PM: createControls Loaded all Textbox dynamically
3/7/2017 12:27:25 PM: createControls Loaded all Textbox dynamically
3/7/2017 12:27:25 PM: createControls Loaded all Textbox dynamically
3/7/2017 12:27:25 PM: createControls Loaded all Textbox dynamically
3/7/2017 12:27:25 PM: createControls Finished
3/7/2017 12:27:25 PM: GetTemplateDetails started
3/7/2017 12:27:25 PM: generatecontrols Started
3/7/2017 12:27:25 PM: GenerateControls:Loaded all Textbox dynamically
3/7/2017 12:27:25 PM: GenerateControls:Loaded all Textbox dynamically
3/7/2017 12:27:25 PM: GenerateControls:Loaded all Textbox dynamically
3/7/2017 12:27:25 PM: GenerateControls:Loaded all Textbox dynamically
3/7/2017 12:27:25 PM: GenerateControls:Loaded all Textbox dynamically
3/7/2017 12:27:25 PM: GenerateControls:Loaded all Textbox dynamically
3/7/2017 12:27:25 PM: GenerateControls:Loaded all Textbox dynamically
3/7/2017 12:27:25 PM: GenerateControls:Loaded all Textbox dynamically
3/7/2017 12:27:32 PM: createControls Started
3/7/2017 12:27:32 PM: createControls Loaded all Textbox dynamically
3/7/2017 12:27:32 PM: createControls Loaded all Textbox dynamically
3/7/2017 12:27:32 PM: createControls Loaded all Textbox dynamically
3/7/2017 12:27:32 PM: createControls Loaded all Textbox dynamically
3/7/2017 12:27:32 PM: createControls Loaded all Textbox dynamically
3/7/2017 12:27:32 PM: createControls Loaded all Textbox dynamically
3/7/2017 12:27:32 PM: createControls Loaded all Textbox dynamically
3/7/2017 12:27:32 PM: createControls Loaded all Textbox dynamically
3/7/2017 12:27:32 PM: createControls Finished
3/7/2017 12:29:50 PM: BindDocumentType started
3/7/2017 12:29:50 PM: BindDocumentType finished
3/7/2017 12:29:54 PM: createControls Started
3/7/2017 12:29:54 PM: createControls Loaded all Textbox dynamically
3/7/2017 12:29:54 PM: createControls Loaded all Textbox dynamically
3/7/2017 12:29:54 PM: createControls Finished
3/7/2017 12:29:54 PM: GetTemplateDetails started
3/7/2017 12:29:54 PM: generatecontrols Started
3/7/2017 12:29:54 PM: GenerateControls:Loaded all Textbox dynamically
3/7/2017 12:29:54 PM: GenerateControls:Loaded all Textbox dynamically
3/7/2017 12:30:01 PM: createControls Started
3/7/2017 12:30:01 PM: createControls Loaded all Textbox dynamically
3/7/2017 12:30:01 PM: createControls Loaded all Textbox dynamically
3/7/2017 12:30:01 PM: createControls Finished
3/7/2017 12:30:16 PM: BindDocumentType started
3/7/2017 12:30:16 PM: BindDocumentType finished
3/7/2017 12:30:20 PM: createControls Started
3/7/2017 12:30:20 PM: createControls Loaded all Textbox dynamically
3/7/2017 12:30:20 PM: createControls Loaded all Textbox dynamically
3/7/2017 12:30:20 PM: createControls Loaded all Textbox dynamically
3/7/2017 12:30:20 PM: createControls Loaded all Textbox dynamically
3/7/2017 12:30:20 PM: createControls Loaded all Textbox dynamically
3/7/2017 12:30:20 PM: createControls Loaded all Textbox dynamically
3/7/2017 12:30:20 PM: createControls Loaded all Textbox dynamically
3/7/2017 12:30:20 PM: createControls Loaded all Textbox dynamically
3/7/2017 12:30:20 PM: createControls Finished
3/7/2017 12:30:20 PM: GetTemplateDetails started
3/7/2017 12:30:20 PM: generatecontrols Started
3/7/2017 12:30:21 PM: GenerateControls:Loaded all Textbox dynamically
3/7/2017 12:30:21 PM: GenerateControls:Loaded all Textbox dynamically
3/7/2017 12:30:21 PM: GenerateControls:Loaded all Textbox dynamically
3/7/2017 12:30:21 PM: GenerateControls:Loaded all Textbox dynamically
3/7/2017 12:30:21 PM: GenerateControls:Loaded all Textbox dynamically
3/7/2017 12:30:21 PM: GenerateControls:Loaded all Textbox dynamically
3/7/2017 12:30:21 PM: GenerateControls:Loaded all Textbox dynamically
3/7/2017 12:30:21 PM: GenerateControls:Loaded all Textbox dynamically
3/7/2017 12:30:26 PM: createControls Started
3/7/2017 12:30:26 PM: createControls Loaded all Textbox dynamically
3/7/2017 12:30:26 PM: createControls Loaded all Textbox dynamically
3/7/2017 12:30:26 PM: createControls Loaded all Textbox dynamically
3/7/2017 12:30:26 PM: createControls Loaded all Textbox dynamically
3/7/2017 12:30:26 PM: createControls Loaded all Textbox dynamically
3/7/2017 12:30:26 PM: createControls Loaded all Textbox dynamically
3/7/2017 12:30:26 PM: createControls Loaded all Textbox dynamically
3/7/2017 12:30:26 PM: createControls Loaded all Textbox dynamically
3/7/2017 12:30:26 PM: createControls Finished
3/7/2017 12:30:56 PM: BindDocumentType started
3/7/2017 12:30:56 PM: BindDocumentType finished
3/7/2017 12:30:59 PM: createControls Started
3/7/2017 12:30:59 PM: createControls Loaded all Textbox dynamically
3/7/2017 12:30:59 PM: createControls Loaded all Textbox dynamically
3/7/2017 12:30:59 PM: createControls Loaded all Textbox dynamically
3/7/2017 12:30:59 PM: createControls Loaded all Textbox dynamically
3/7/2017 12:30:59 PM: createControls Loaded all Textbox dynamically
3/7/2017 12:30:59 PM: createControls Loaded all Textbox dynamically
3/7/2017 12:30:59 PM: createControls Loaded all Textbox dynamically
3/7/2017 12:30:59 PM: createControls Loaded all Textbox dynamically
3/7/2017 12:30:59 PM: createControls Finished
3/7/2017 12:30:59 PM: GetTemplateDetails started
3/7/2017 12:30:59 PM: generatecontrols Started
3/7/2017 12:30:59 PM: GenerateControls:Loaded all Textbox dynamically
3/7/2017 12:30:59 PM: GenerateControls:Loaded all Textbox dynamically
3/7/2017 12:30:59 PM: GenerateControls:Loaded all Textbox dynamically
3/7/2017 12:30:59 PM: GenerateControls:Loaded all Textbox dynamically
3/7/2017 12:30:59 PM: GenerateControls:Loaded all Textbox dynamically
3/7/2017 12:30:59 PM: GenerateControls:Loaded all Textbox dynamically
3/7/2017 12:30:59 PM: GenerateControls:Loaded all Textbox dynamically
3/7/2017 12:30:59 PM: GenerateControls:Loaded all Textbox dynamically
3/7/2017 12:31:05 PM: createControls Started
3/7/2017 12:31:05 PM: createControls Loaded all Textbox dynamically
3/7/2017 12:31:05 PM: createControls Loaded all Textbox dynamically
3/7/2017 12:31:05 PM: createControls Loaded all Textbox dynamically
3/7/2017 12:31:05 PM: createControls Loaded all Textbox dynamically
3/7/2017 12:31:05 PM: createControls Loaded all Textbox dynamically
3/7/2017 12:31:05 PM: createControls Loaded all Textbox dynamically
3/7/2017 12:31:05 PM: createControls Loaded all Textbox dynamically
3/7/2017 12:31:05 PM: createControls Loaded all Textbox dynamically
3/7/2017 12:31:05 PM: createControls Finished
3/7/2017 12:32:28 PM: BindDocumentType started
3/7/2017 12:32:28 PM: BindDocumentType finished
3/7/2017 12:32:32 PM: createControls Started
3/7/2017 12:32:32 PM: createControls Loaded all Textbox dynamically
3/7/2017 12:32:32 PM: createControls Loaded all Textbox dynamically
3/7/2017 12:32:32 PM: createControls Loaded all Textbox dynamically
3/7/2017 12:32:32 PM: createControls Loaded all Textbox dynamically
3/7/2017 12:32:32 PM: createControls Loaded all Textbox dynamically
3/7/2017 12:32:32 PM: createControls Loaded all Textbox dynamically
3/7/2017 12:32:32 PM: createControls Loaded all Textbox dynamically
3/7/2017 12:32:32 PM: createControls Loaded all Textbox dynamically
3/7/2017 12:32:32 PM: createControls Finished
3/7/2017 12:32:32 PM: GetTemplateDetails started
3/7/2017 12:32:32 PM: generatecontrols Started
3/7/2017 12:32:32 PM: GenerateControls:Loaded all Textbox dynamically
3/7/2017 12:32:32 PM: GenerateControls:Loaded all Textbox dynamically
3/7/2017 12:32:32 PM: GenerateControls:Loaded all Textbox dynamically
3/7/2017 12:32:32 PM: GenerateControls:Loaded all Textbox dynamically
3/7/2017 12:32:32 PM: GenerateControls:Loaded all Textbox dynamically
3/7/2017 12:32:32 PM: GenerateControls:Loaded all Textbox dynamically
3/7/2017 12:32:32 PM: GenerateControls:Loaded all Textbox dynamically
3/7/2017 12:32:32 PM: GenerateControls:Loaded all Textbox dynamically
3/7/2017 12:32:38 PM: createControls Started
3/7/2017 12:32:38 PM: createControls Loaded all Textbox dynamically
3/7/2017 12:32:38 PM: createControls Loaded all Textbox dynamically
3/7/2017 12:32:38 PM: createControls Loaded all Textbox dynamically
3/7/2017 12:32:38 PM: createControls Loaded all Textbox dynamically
3/7/2017 12:32:38 PM: createControls Loaded all Textbox dynamically
3/7/2017 12:32:38 PM: createControls Loaded all Textbox dynamically
3/7/2017 12:32:38 PM: createControls Loaded all Textbox dynamically
3/7/2017 12:32:38 PM: createControls Loaded all Textbox dynamically
3/7/2017 12:32:38 PM: createControls Finished
3/7/2017 12:38:12 PM: BindDocumentType started
3/7/2017 12:38:12 PM: BindDocumentType finished
3/7/2017 12:38:16 PM: createControls Started
3/7/2017 12:38:16 PM: createControls Loaded all Textbox dynamically
3/7/2017 12:38:16 PM: createControls Loaded all Textbox dynamically
3/7/2017 12:38:16 PM: createControls Loaded all Textbox dynamically
3/7/2017 12:38:16 PM: createControls Loaded all Textbox dynamically
3/7/2017 12:38:16 PM: createControls Loaded all Textbox dynamically
3/7/2017 12:38:16 PM: createControls Loaded all Textbox dynamically
3/7/2017 12:38:16 PM: createControls Loaded all Textbox dynamically
3/7/2017 12:38:16 PM: createControls Loaded all Textbox dynamically
3/7/2017 12:38:16 PM: createControls Finished
3/7/2017 12:38:16 PM: GetTemplateDetails started
3/7/2017 12:38:16 PM: generatecontrols Started
3/7/2017 12:38:16 PM: GenerateControls:Loaded all Textbox dynamically
3/7/2017 12:38:16 PM: GenerateControls:Loaded all Textbox dynamically
3/7/2017 12:38:16 PM: GenerateControls:Loaded all Textbox dynamically
3/7/2017 12:38:16 PM: GenerateControls:Loaded all Textbox dynamically
3/7/2017 12:38:16 PM: GenerateControls:Loaded all Textbox dynamically
3/7/2017 12:38:16 PM: GenerateControls:Loaded all Textbox dynamically
3/7/2017 12:38:16 PM: GenerateControls:Loaded all Textbox dynamically
3/7/2017 12:38:16 PM: GenerateControls:Loaded all Textbox dynamically
3/7/2017 12:38:23 PM: createControls Started
3/7/2017 12:38:23 PM: createControls Loaded all Textbox dynamically
3/7/2017 12:38:23 PM: createControls Loaded all Textbox dynamically
3/7/2017 12:38:23 PM: createControls Loaded all Textbox dynamically
3/7/2017 12:38:23 PM: createControls Loaded all Textbox dynamically
3/7/2017 12:38:23 PM: createControls Loaded all Textbox dynamically
3/7/2017 12:38:23 PM: createControls Loaded all Textbox dynamically
3/7/2017 12:38:23 PM: createControls Loaded all Textbox dynamically
3/7/2017 12:38:23 PM: createControls Loaded all Textbox dynamically
3/7/2017 12:38:23 PM: createControls Finished
3/7/2017 12:47:56 PM: BindDocumentType started
3/7/2017 12:47:56 PM: BindDocumentType finished
3/7/2017 12:48:05 PM: createControls Started
3/7/2017 12:48:05 PM: createControls Loaded all Textbox dynamically
3/7/2017 12:48:05 PM: createControls Loaded all Textbox dynamically
3/7/2017 12:48:05 PM: createControls Loaded all Textbox dynamically
3/7/2017 12:48:05 PM: createControls Loaded all Textbox dynamically
3/7/2017 12:48:05 PM: createControls Loaded all Textbox dynamically
3/7/2017 12:48:05 PM: createControls Loaded all Textbox dynamically
3/7/2017 12:48:05 PM: createControls Loaded all Textbox dynamically
3/7/2017 12:48:05 PM: createControls Loaded all Textbox dynamically
3/7/2017 12:48:05 PM: createControls Finished
3/7/2017 12:48:05 PM: GetTemplateDetails started
3/7/2017 12:48:05 PM: generatecontrols Started
3/7/2017 12:48:05 PM: GenerateControls:Loaded all Textbox dynamically
3/7/2017 12:48:05 PM: GenerateControls:Loaded all Textbox dynamically
3/7/2017 12:48:05 PM: GenerateControls:Loaded all Textbox dynamically
3/7/2017 12:48:05 PM: GenerateControls:Loaded all Textbox dynamically
3/7/2017 12:48:05 PM: GenerateControls:Loaded all Textbox dynamically
3/7/2017 12:48:05 PM: GenerateControls:Loaded all Textbox dynamically
3/7/2017 12:48:05 PM: GenerateControls:Loaded all Textbox dynamically
3/7/2017 12:48:05 PM: GenerateControls:Loaded all Textbox dynamically
3/7/2017 12:50:29 PM: BindDocumentType started
3/7/2017 12:50:29 PM: BindDocumentType finished
3/7/2017 12:50:36 PM: BindDocumentType started
3/7/2017 12:50:36 PM: BindDocumentType finished
3/7/2017 12:50:41 PM: createControls Started
3/7/2017 12:50:41 PM: createControls Loaded all Textbox dynamically
3/7/2017 12:50:41 PM: createControls Loaded all Textbox dynamically
3/7/2017 12:50:41 PM: createControls Finished
3/7/2017 12:50:41 PM: GetTemplateDetails started
3/7/2017 12:50:41 PM: generatecontrols Started
3/7/2017 12:50:41 PM: GenerateControls:Loaded all Textbox dynamically
3/7/2017 12:50:41 PM: GenerateControls:Loaded all Textbox dynamically
3/7/2017 12:50:49 PM: createControls Started
3/7/2017 12:50:49 PM: createControls Loaded all Textbox dynamically
3/7/2017 12:50:49 PM: createControls Loaded all Textbox dynamically
3/7/2017 12:50:49 PM: createControls Finished
3/7/2017 12:51:03 PM: BindDocumentType started
3/7/2017 12:51:03 PM: BindDocumentType finished
