5/10/2017 11:18:25 AM: BindDocumentType started
5/10/2017 11:18:25 AM: BindDocumentType finished
5/10/2017 11:19:00 AM: createControls Started
5/10/2017 11:19:01 AM: createControls Loaded all Textbox dynamically
5/10/2017 11:19:01 AM: createControls Loaded all Textbox dynamically
5/10/2017 11:19:01 AM: createControls Finished
5/10/2017 11:19:01 AM: GetTemplateDetails started
5/10/2017 11:19:01 AM: generatecontrols Started
5/10/2017 11:19:01 AM: GenerateControls:Loaded all Textbox dynamically
5/10/2017 11:19:01 AM: GenerateControls:Loaded all Textbox dynamically
5/10/2017 11:19:06 AM: GetSginatureDetails Started:-
5/10/2017 11:19:07 AM: GetSginatureDetails Completed:-
5/10/2017 11:19:07 AM: GetTemplateDetails Started
5/10/2017 11:19:07 AM: GetTemplateDetails total record count:1
5/10/2017 11:19:07 AM: Create controls,Load all Textbox dynamic
5/10/2017 11:19:07 AM: Create controls,Load all Textbox dynamic
5/10/2017 11:19:07 AM: GetTemplateDetails Finished
5/10/2017 11:19:07 AM: InitializeDocumentView started
5/10/2017 11:19:07 AM: InitializeDocumentView finished
5/10/2017 11:19:07 AM: Calling database to get annotated images. DocumentId: 1299, Action: GetAnnotatedPages
5/10/2017 11:19:07 AM: Calling database to get annotated images. DocumentId: 1299, Action: GetTaggedPages
5/10/2017 11:19:08 AM: LoadImageToViewer started
5/10/2017 11:19:08 AM: Setting image to viewer. Action:  Page count: 6 Current Page:1
5/10/2017 11:19:08 AM: Converting PDF to JPEG. PDF Path: D:\WDMSDocument\TempWorkFolder\Tk9fRVhfNTEwXzI1MF8xMDAx\1.pdf Image Name: Tk9fRVhfNTEwXzI1MF8xMDAx Page No: 1
5/10/2017 11:19:08 AM: Converting PDF to JPEG without applying watermark.
5/10/2017 11:19:08 AM: Setting image to viewer using RegisterStartupScript: http://localhost:55361/generichandler.ashx?f=d://wdmsdocument//tempworkfolder//tk9frvhfntewxzi1mf8xmdaxjpg//1.jpeg
5/10/2017 11:19:08 AM: Invoke method to get annotations from databnase.
5/10/2017 11:19:08 AM: Get annotations from database.
5/10/2017 11:19:08 AM: Document Id: 1299 Page No: 1
5/10/2017 11:19:08 AM: Invoking method to get annotation data from database. Action: GetAnnotations
5/10/2017 11:19:08 AM: MailPanelFill started
5/10/2017 11:19:08 AM: MailPanelFill finished
