4/21/2017 2:41:24 PM: BindDocumentType started
4/21/2017 2:41:24 PM: BindDocumentType finished
4/21/2017 2:41:35 PM: createControls Started
4/21/2017 2:41:35 PM: createControls Loaded all Textbox dynamically
4/21/2017 2:41:35 PM: createControls Loaded all Textbox dynamically
4/21/2017 2:41:35 PM: createControls Finished
4/21/2017 2:41:35 PM: GetTemplateDetails started
4/21/2017 2:41:35 PM: generatecontrols Started
4/21/2017 2:41:35 PM: GenerateControls:Loaded all Textbox dynamically
4/21/2017 2:41:35 PM: GenerateControls:Loaded all Textbox dynamically
4/21/2017 2:41:39 PM: createControls Started
4/21/2017 2:41:39 PM: createControls Loaded all Textbox dynamically
4/21/2017 2:41:39 PM: createControls Loaded all Textbox dynamically
4/21/2017 2:41:39 PM: createControls Loaded all Textbox dynamically
4/21/2017 2:41:39 PM: createControls Loaded all Textbox dynamically
4/21/2017 2:41:39 PM: createControls Loaded all Textbox dynamically
4/21/2017 2:41:39 PM: createControls Loaded all Textbox dynamically
4/21/2017 2:41:39 PM: createControls Loaded all Textbox dynamically
4/21/2017 2:41:39 PM: createControls Loaded all Textbox dynamically
4/21/2017 2:41:39 PM: createControls Finished
4/21/2017 2:41:39 PM: GetTemplateDetails started
4/21/2017 2:41:39 PM: generatecontrols Started
4/21/2017 2:41:39 PM: GenerateControls:Loaded all Textbox dynamically
4/21/2017 2:41:39 PM: GenerateControls:Loaded all Textbox dynamically
4/21/2017 2:41:39 PM: GenerateControls:Loaded all Textbox dynamically
4/21/2017 2:41:39 PM: GenerateControls:Loaded all Textbox dynamically
4/21/2017 2:41:39 PM: GenerateControls:Loaded all Textbox dynamically
4/21/2017 2:41:39 PM: GenerateControls:Loaded all Textbox dynamically
4/21/2017 2:41:39 PM: GenerateControls:Loaded all Textbox dynamically
4/21/2017 2:41:39 PM: GenerateControls:Loaded all Textbox dynamically
4/21/2017 2:41:42 PM: createControls Started
4/21/2017 2:41:42 PM: createControls Loaded all Textbox dynamically
4/21/2017 2:41:42 PM: createControls Loaded all Textbox dynamically
4/21/2017 2:41:42 PM: createControls Finished
4/21/2017 2:41:42 PM: GetTemplateDetails started
4/21/2017 2:41:42 PM: generatecontrols Started
4/21/2017 2:41:42 PM: GenerateControls:Loaded all Textbox dynamically
4/21/2017 2:41:42 PM: GenerateControls:Loaded all Textbox dynamically
4/21/2017 2:42:04 PM: createControls Started
4/21/2017 2:42:04 PM: createControls Loaded all Textbox dynamically
4/21/2017 2:42:04 PM: createControls Loaded all Textbox dynamically
4/21/2017 2:42:04 PM: createControls Finished
4/21/2017 2:42:04 PM: GetTemplateDetails started
4/21/2017 2:43:15 PM: createControls Started
4/21/2017 2:43:15 PM: createControls Loaded all Textbox dynamically
4/21/2017 2:43:15 PM: createControls Loaded all Textbox dynamically
4/21/2017 2:43:15 PM: createControls Loaded all Textbox dynamically
4/21/2017 2:43:15 PM: createControls Loaded all Textbox dynamically
4/21/2017 2:43:15 PM: createControls Loaded all Textbox dynamically
4/21/2017 2:43:15 PM: createControls Loaded all Textbox dynamically
4/21/2017 2:43:15 PM: createControls Loaded all Textbox dynamically
4/21/2017 2:43:15 PM: createControls Loaded all Textbox dynamically
4/21/2017 2:43:15 PM: createControls Finished
4/21/2017 2:43:15 PM: GetTemplateDetails started
4/21/2017 2:43:15 PM: generatecontrols Started
4/21/2017 2:43:15 PM: GenerateControls:Loaded all Textbox dynamically
4/21/2017 2:43:15 PM: GenerateControls:Loaded all Textbox dynamically
4/21/2017 2:43:15 PM: GenerateControls:Loaded all Textbox dynamically
4/21/2017 2:43:15 PM: GenerateControls:Loaded all Textbox dynamically
4/21/2017 2:43:15 PM: GenerateControls:Loaded all Textbox dynamically
4/21/2017 2:43:15 PM: GenerateControls:Loaded all Textbox dynamically
4/21/2017 2:43:15 PM: GenerateControls:Loaded all Textbox dynamically
4/21/2017 2:43:15 PM: GenerateControls:Loaded all Textbox dynamically
4/21/2017 2:43:17 PM: createControls Started
4/21/2017 2:43:17 PM: createControls Loaded all Textbox dynamically
4/21/2017 2:43:17 PM: createControls Loaded all Textbox dynamically
4/21/2017 2:43:17 PM: createControls Loaded all Textbox dynamically
4/21/2017 2:43:17 PM: createControls Loaded all Textbox dynamically
4/21/2017 2:43:17 PM: createControls Loaded all Textbox dynamically
4/21/2017 2:43:17 PM: createControls Loaded all Textbox dynamically
4/21/2017 2:43:17 PM: createControls Loaded all Textbox dynamically
4/21/2017 2:43:17 PM: createControls Loaded all Textbox dynamically
4/21/2017 2:43:17 PM: createControls Finished
4/21/2017 2:43:17 PM: GetTemplateDetails started
4/21/2017 2:43:17 PM: generatecontrols Started
4/21/2017 2:43:17 PM: GenerateControls:Loaded all Textbox dynamically
4/21/2017 2:43:17 PM: GenerateControls:Loaded all Textbox dynamically
4/21/2017 2:43:17 PM: GenerateControls:Loaded all Textbox dynamically
4/21/2017 2:43:17 PM: GenerateControls:Loaded all Textbox dynamically
4/21/2017 2:43:17 PM: GenerateControls:Loaded all Textbox dynamically
4/21/2017 2:43:17 PM: GenerateControls:Loaded all Textbox dynamically
4/21/2017 2:43:17 PM: GenerateControls:Loaded all Textbox dynamically
4/21/2017 2:43:17 PM: GenerateControls:Loaded all Textbox dynamically
4/21/2017 2:43:19 PM: createControls Started
4/21/2017 2:43:19 PM: createControls Loaded all Textbox dynamically
4/21/2017 2:43:19 PM: createControls Loaded all Textbox dynamically
4/21/2017 2:43:19 PM: createControls Finished
4/21/2017 2:43:19 PM: GetTemplateDetails started
4/21/2017 2:43:19 PM: generatecontrols Started
4/21/2017 2:43:19 PM: GenerateControls:Loaded all Textbox dynamically
4/21/2017 2:43:19 PM: GenerateControls:Loaded all Textbox dynamically
4/21/2017 2:47:45 PM: createControls Started
4/21/2017 2:47:45 PM: createControls Loaded all Textbox dynamically
4/21/2017 2:47:45 PM: createControls Loaded all Textbox dynamically
4/21/2017 2:47:45 PM: createControls Loaded all Textbox dynamically
4/21/2017 2:47:45 PM: createControls Loaded all Textbox dynamically
4/21/2017 2:47:45 PM: createControls Loaded all Textbox dynamically
4/21/2017 2:47:45 PM: createControls Loaded all Textbox dynamically
4/21/2017 2:47:45 PM: createControls Loaded all Textbox dynamically
4/21/2017 2:47:45 PM: createControls Loaded all Textbox dynamically
4/21/2017 2:47:45 PM: createControls Finished
4/21/2017 2:47:50 PM: GetTemplateDetails started
4/21/2017 2:48:25 PM: generatecontrols Started
4/21/2017 2:49:05 PM: GenerateControls:Loaded all Textbox dynamically
4/21/2017 2:49:05 PM: GenerateControls:Loaded all Textbox dynamically
4/21/2017 2:49:05 PM: GenerateControls:Loaded all Textbox dynamically
4/21/2017 2:49:05 PM: GenerateControls:Loaded all Textbox dynamically
4/21/2017 2:49:05 PM: GenerateControls:Loaded all Textbox dynamically
4/21/2017 2:49:05 PM: GenerateControls:Loaded all Textbox dynamically
4/21/2017 2:49:05 PM: GenerateControls:Loaded all Textbox dynamically
4/21/2017 2:49:05 PM: GenerateControls:Loaded all Textbox dynamically
4/21/2017 2:49:22 PM: createControls Started
4/21/2017 2:49:22 PM: createControls Loaded all Textbox dynamically
4/21/2017 2:49:22 PM: createControls Loaded all Textbox dynamically
4/21/2017 2:49:22 PM: createControls Finished
4/21/2017 2:49:41 PM: GetTemplateDetails started
4/21/2017 2:49:46 PM: generatecontrols Started
4/21/2017 2:51:32 PM: GenerateControls:Loaded all Textbox dynamically
4/21/2017 2:51:32 PM: GenerateControls:Loaded all Textbox dynamically
4/21/2017 2:51:39 PM: createControls Started
4/21/2017 2:56:00 PM: createControls Loaded all Textbox dynamically
4/21/2017 2:56:00 PM: createControls Loaded all Textbox dynamically
4/21/2017 2:56:00 PM: createControls Loaded all Textbox dynamically
4/21/2017 2:56:00 PM: createControls Loaded all Textbox dynamically
4/21/2017 2:56:00 PM: createControls Loaded all Textbox dynamically
4/21/2017 2:56:00 PM: createControls Loaded all Textbox dynamically
4/21/2017 2:56:00 PM: createControls Loaded all Textbox dynamically
4/21/2017 2:56:00 PM: createControls Loaded all Textbox dynamically
4/21/2017 2:56:00 PM: createControls Finished
4/21/2017 2:56:00 PM: GetTemplateDetails started
4/21/2017 2:56:00 PM: generatecontrols Started
4/21/2017 2:56:01 PM: GenerateControls:Loaded all Textbox dynamically
4/21/2017 2:56:01 PM: GenerateControls:Loaded all Textbox dynamically
4/21/2017 2:56:01 PM: GenerateControls:Loaded all Textbox dynamically
4/21/2017 2:56:01 PM: GenerateControls:Loaded all Textbox dynamically
4/21/2017 2:56:01 PM: GenerateControls:Loaded all Textbox dynamically
4/21/2017 2:56:01 PM: GenerateControls:Loaded all Textbox dynamically
4/21/2017 2:56:01 PM: GenerateControls:Loaded all Textbox dynamically
4/21/2017 2:56:01 PM: GenerateControls:Loaded all Textbox dynamically
4/21/2017 3:01:27 PM: BindDocumentType started
4/21/2017 3:01:27 PM: BindDocumentType finished
4/21/2017 3:05:44 PM: BindDocumentType started
4/21/2017 3:05:44 PM: BindDocumentType finished
4/21/2017 3:33:20 PM: BindDocumentType started
4/21/2017 3:33:20 PM: BindDocumentType finished
4/21/2017 3:46:05 PM: createControls Started
4/21/2017 4:10:57 PM: createControls Loaded all Textbox dynamically
4/21/2017 4:10:57 PM: createControls Loaded all Textbox dynamically
4/21/2017 4:10:57 PM: createControls Finished
4/21/2017 4:10:57 PM: GetTemplateDetails started
4/21/2017 4:10:57 PM: generatecontrols Started
4/21/2017 4:11:00 PM: GenerateControls:Loaded all Textbox dynamically
4/21/2017 4:11:00 PM: GenerateControls:Loaded all Textbox dynamically
4/21/2017 4:11:15 PM: BindDocumentType started
4/21/2017 4:11:15 PM: BindDocumentType finished
4/21/2017 4:11:25 PM: createControls Started
4/21/2017 4:11:28 PM: createControls Loaded all Textbox dynamically
4/21/2017 4:11:28 PM: createControls Loaded all Textbox dynamically
4/21/2017 4:11:28 PM: createControls Finished
4/21/2017 4:11:28 PM: GetTemplateDetails started
4/21/2017 4:11:28 PM: generatecontrols Started
4/21/2017 4:11:28 PM: GenerateControls:Loaded all Textbox dynamically
4/21/2017 4:11:28 PM: GenerateControls:Loaded all Textbox dynamically
4/21/2017 4:11:33 PM: createControls Started
4/21/2017 4:11:33 PM: createControls Loaded all Textbox dynamically
4/21/2017 4:11:33 PM: createControls Loaded all Textbox dynamically
4/21/2017 4:11:33 PM: createControls Loaded all Textbox dynamically
4/21/2017 4:11:33 PM: createControls Loaded all Textbox dynamically
4/21/2017 4:11:33 PM: createControls Loaded all Textbox dynamically
4/21/2017 4:11:33 PM: createControls Loaded all Textbox dynamically
4/21/2017 4:11:33 PM: createControls Loaded all Textbox dynamically
4/21/2017 4:11:33 PM: createControls Loaded all Textbox dynamically
4/21/2017 4:11:33 PM: createControls Finished
4/21/2017 4:11:33 PM: GetTemplateDetails started
4/21/2017 4:11:33 PM: generatecontrols Started
4/21/2017 4:11:33 PM: GenerateControls:Loaded all Textbox dynamically
4/21/2017 4:11:33 PM: GenerateControls:Loaded all Textbox dynamically
4/21/2017 4:11:33 PM: GenerateControls:Loaded all Textbox dynamically
4/21/2017 4:11:33 PM: GenerateControls:Loaded all Textbox dynamically
4/21/2017 4:11:33 PM: GenerateControls:Loaded all Textbox dynamically
4/21/2017 4:11:33 PM: GenerateControls:Loaded all Textbox dynamically
4/21/2017 4:11:33 PM: GenerateControls:Loaded all Textbox dynamically
4/21/2017 4:11:33 PM: GenerateControls:Loaded all Textbox dynamically
4/21/2017 4:14:55 PM: createControls Started
4/21/2017 4:14:55 PM: Create controls,Load all Textbox dynamic
4/21/2017 4:14:55 PM: Create controls,Load all Textbox dynamic
4/21/2017 4:14:55 PM: createControls Finished
4/21/2017 4:14:55 PM: generatecontrols Started
4/21/2017 4:14:55 PM: Calling database to get reference id and watermark.
4/21/2017 4:14:55 PM: Database returned result: NO_EX_510_250_1008|
4/21/2017 4:14:55 PM: Generatecontrols,Load all Textbox dynamic
4/21/2017 4:14:55 PM: Generatecontrols,Load all Textbox dynamic
4/21/2017 5:09:46 PM: createControls Started
4/21/2017 5:09:46 PM: Create controls,Load all Textbox dynamic
4/21/2017 5:09:46 PM: Create controls,Load all Textbox dynamic
4/21/2017 5:09:46 PM: createControls Finished
4/21/2017 5:09:46 PM: generatecontrols Started
4/21/2017 5:09:46 PM: Calling database to get reference id and watermark.
4/21/2017 5:09:46 PM: Database returned result: NO_EX_510_250_1008|
4/21/2017 5:09:46 PM: Generatecontrols,Load all Textbox dynamic
4/21/2017 5:09:46 PM: Generatecontrols,Load all Textbox dynamic
4/21/2017 5:11:21 PM: createControls Started
4/21/2017 5:11:21 PM: Create controls,Load all Textbox dynamic
4/21/2017 5:11:21 PM: Create controls,Load all Textbox dynamic
4/21/2017 5:11:21 PM: createControls Finished
4/21/2017 5:11:21 PM: AsyncFileUpload1_UploadedComplete Started
4/21/2017 5:11:21 PM: Started Saving Uploaded Document in AsyncFileUpload1_UploadedComplete 
4/21/2017 5:11:21 PM: Finished Saving Uploaded Document in AsyncFileUpload1_UploadedComplete 
4/21/2017 5:11:22 PM: AsyncFileUpload1_UploadedComplete Pagecount of Image2Pdf().ExtractPages 7
4/21/2017 5:11:22 PM: AsyncFileUpload1_UploadedComplete Finished
4/21/2017 5:11:23 PM: createControls Started
4/21/2017 5:11:23 PM: Create controls,Load all Textbox dynamic
4/21/2017 5:11:23 PM: Create controls,Load all Textbox dynamic
4/21/2017 5:11:23 PM: createControls Finished
4/21/2017 5:11:23 PM: btnSubmit_Click Started
4/21/2017 5:11:23 PM: btnSubmit_Click Finished
4/21/2017 5:11:24 PM: createControls Started
4/21/2017 5:11:24 PM: Create controls,Load all Textbox dynamic
4/21/2017 5:11:24 PM: Create controls,Load all Textbox dynamic
4/21/2017 5:11:24 PM: createControls Finished
4/21/2017 5:11:24 PM: Started Previewing Uploaded Document in btnPreview_Click 
4/21/2017 5:11:24 PM: Src Details : http://localhost:55361/GenericHandler.ashx?f=D:\WDMSDocument\TempWorkFolder\Tk9fRVhfNTEwXzI1MF8xMDA4.pdf
4/21/2017 5:11:24 PM: Setting image to viewer. Action:  Page count: 7 Current Page:1
4/21/2017 5:11:24 PM: Converting PDF to JPEG. PDF Path: D:\WDMSDocument\TempWorkFolder\Tk9fRVhfNTEwXzI1MF8xMDA4\1.pdf Image Name: Tk9fRVhfNTEwXzI1MF8xMDA4 Page No: 1
4/21/2017 5:11:24 PM: Converting PDF to JPEG without applying watermark.
4/21/2017 5:11:25 PM: Setting image to viewer using RegisterStartupScript: http://localhost:55361/generichandler.ashx?f=d://wdmsdocument//tempworkfolder//tk9frvhfntewxzi1mf8xmda4jpg//1.jpeg
4/21/2017 5:11:25 PM: Finished Previewing Uploaded Document in btnPreview_Click 
4/21/2017 5:11:39 PM: createControls Started
4/21/2017 5:11:39 PM: Create controls,Load all Textbox dynamic
4/21/2017 5:11:39 PM: Create controls,Load all Textbox dynamic
4/21/2017 5:11:39 PM: createControls Finished
4/21/2017 5:11:41 PM: createControls Started
4/21/2017 5:11:41 PM: Create controls,Load all Textbox dynamic
4/21/2017 5:11:41 PM: Create controls,Load all Textbox dynamic
4/21/2017 5:11:41 PM: createControls Finished
4/21/2017 5:12:32 PM: createControls Started
4/21/2017 5:12:32 PM: Create controls,Load all Textbox dynamic
4/21/2017 5:12:32 PM: Create controls,Load all Textbox dynamic
4/21/2017 5:12:32 PM: createControls Finished
4/21/2017 5:13:08 PM: Started Saving Uploaded Document in Save Button Click
4/21/2017 5:27:24 PM: AsyncFileUpload1_UploadedComplete Started
4/21/2017 5:27:24 PM: AsyncFileUpload1_UploadedComplete Finished
4/21/2017 5:29:51 PM: GetDBFieldName the DBFld UPLOAD_vFld1
4/21/2017 5:31:04 PM: GetDBFieldName the DBFld UPLOAD_vFld2
4/21/2017 5:45:49 PM: CreateXML Started:-
4/21/2017 5:45:49 PM: CreateXML Completed:-
4/21/2017 5:45:49 PM: Save button click after saving or updating the ReturnCode= 0
4/21/2017 5:45:49 PM: Exception : Thread was being aborted.
4/21/2017 5:49:12 PM: createControls Started
4/21/2017 5:49:12 PM: Create controls,Load all Textbox dynamic
4/21/2017 5:49:12 PM: Create controls,Load all Textbox dynamic
4/21/2017 5:49:12 PM: createControls Finished
4/21/2017 5:49:12 PM: generatecontrols Started
4/21/2017 5:49:12 PM: Calling database to get reference id and watermark.
4/21/2017 5:49:12 PM: Database returned result: NO_EX_510_250_1008|
4/21/2017 5:49:12 PM: Generatecontrols,Load all Textbox dynamic
4/21/2017 5:49:12 PM: Generatecontrols,Load all Textbox dynamic
4/21/2017 5:49:49 PM: createControls Started
4/21/2017 5:49:49 PM: Create controls,Load all Textbox dynamic
4/21/2017 5:49:49 PM: Create controls,Load all Textbox dynamic
4/21/2017 5:49:49 PM: createControls Finished
4/21/2017 5:49:49 PM: AsyncFileUpload1_UploadedComplete Started
4/21/2017 5:49:49 PM: Started Saving Uploaded Document in AsyncFileUpload1_UploadedComplete 
4/21/2017 5:49:49 PM: Finished Saving Uploaded Document in AsyncFileUpload1_UploadedComplete 
4/21/2017 5:49:49 PM: AsyncFileUpload1_UploadedComplete Finished
4/21/2017 5:49:50 PM: createControls Started
4/21/2017 5:49:50 PM: Create controls,Load all Textbox dynamic
4/21/2017 5:49:50 PM: Create controls,Load all Textbox dynamic
4/21/2017 5:49:50 PM: createControls Finished
4/21/2017 5:49:50 PM: btnSubmit_Click Started
4/21/2017 5:49:50 PM: btnSubmit_Click Finished
