6/15/2017 12:11:02 PM: BindDocumentType started
6/15/2017 12:11:02 PM: BindDocumentType finished
6/15/2017 12:11:05 PM: createControls Started
6/15/2017 12:11:05 PM: createControls Loaded all Textbox dynamically
6/15/2017 12:11:05 PM: createControls Loaded all Textbox dynamically
6/15/2017 12:11:05 PM: createControls Finished
6/15/2017 12:11:05 PM: GetTemplateDetails started
6/15/2017 12:11:05 PM: generatecontrols Started
6/15/2017 12:11:06 PM: GenerateControls:Loaded all Textbox dynamically
6/15/2017 12:11:06 PM: GenerateControls:Loaded all Textbox dynamically
6/15/2017 12:11:07 PM: createControls Started
6/15/2017 12:11:07 PM: createControls Loaded all Textbox dynamically
6/15/2017 12:11:07 PM: createControls Loaded all Textbox dynamically
6/15/2017 12:11:07 PM: createControls Finished
6/15/2017 12:11:30 PM: BindDocumentType started
6/15/2017 12:11:30 PM: BindDocumentType finished
6/15/2017 12:25:19 PM: BindDocumentType started
6/15/2017 12:25:19 PM: BindDocumentType finished
6/15/2017 12:25:23 PM: createControls Started
6/15/2017 12:25:23 PM: createControls Loaded all Textbox dynamically
6/15/2017 12:25:23 PM: createControls Loaded all Textbox dynamically
6/15/2017 12:25:23 PM: createControls Finished
6/15/2017 12:25:23 PM: GetTemplateDetails started
6/15/2017 12:25:23 PM: generatecontrols Started
6/15/2017 12:25:23 PM: GenerateControls:Loaded all Textbox dynamically
6/15/2017 12:25:23 PM: GenerateControls:Loaded all Textbox dynamically
6/15/2017 12:25:24 PM: createControls Started
6/15/2017 12:25:24 PM: createControls Loaded all Textbox dynamically
6/15/2017 12:25:24 PM: createControls Loaded all Textbox dynamically
6/15/2017 12:25:24 PM: createControls Finished
6/15/2017 12:25:31 PM: createControls Started
6/15/2017 12:25:31 PM: createControls Loaded all Textbox dynamically
6/15/2017 12:25:31 PM: createControls Loaded all Textbox dynamically
6/15/2017 12:25:31 PM: createControls Finished
6/15/2017 12:25:41 PM: createControls Started
6/15/2017 12:25:41 PM: createControls Loaded all Textbox dynamically
6/15/2017 12:25:41 PM: createControls Loaded all Textbox dynamically
6/15/2017 12:25:41 PM: createControls Finished
6/15/2017 12:46:53 PM: BindDocumentType started
6/15/2017 12:46:53 PM: BindDocumentType finished
6/15/2017 12:47:00 PM: createControls Started
6/15/2017 12:47:00 PM: createControls Loaded all Textbox dynamically
6/15/2017 12:47:00 PM: createControls Loaded all Textbox dynamically
6/15/2017 12:47:00 PM: createControls Finished
6/15/2017 12:47:00 PM: GetTemplateDetails started
6/15/2017 12:47:00 PM: generatecontrols Started
6/15/2017 12:47:00 PM: GenerateControls:Loaded all Textbox dynamically
6/15/2017 12:47:00 PM: GenerateControls:Loaded all Textbox dynamically
6/15/2017 12:47:02 PM: createControls Started
6/15/2017 12:47:02 PM: createControls Loaded all Textbox dynamically
6/15/2017 12:47:02 PM: createControls Loaded all Textbox dynamically
6/15/2017 12:47:02 PM: createControls Finished
6/15/2017 12:47:52 PM: BindDocumentType started
6/15/2017 12:47:52 PM: BindDocumentType finished
6/15/2017 12:47:56 PM: createControls Started
6/15/2017 12:47:56 PM: createControls Loaded all Textbox dynamically
6/15/2017 12:47:56 PM: createControls Loaded all Textbox dynamically
6/15/2017 12:47:56 PM: createControls Finished
6/15/2017 12:47:56 PM: GetTemplateDetails started
6/15/2017 12:47:56 PM: generatecontrols Started
6/15/2017 12:47:56 PM: GenerateControls:Loaded all Textbox dynamically
6/15/2017 12:47:56 PM: GenerateControls:Loaded all Textbox dynamically
6/15/2017 12:48:04 PM: createControls Started
6/15/2017 12:48:04 PM: createControls Loaded all Textbox dynamically
6/15/2017 12:48:04 PM: createControls Loaded all Textbox dynamically
6/15/2017 12:48:04 PM: createControls Finished
6/15/2017 12:50:40 PM: BindDocumentType started
6/15/2017 12:50:40 PM: BindDocumentType finished
6/15/2017 12:50:43 PM: createControls Started
6/15/2017 12:50:43 PM: createControls Loaded all Textbox dynamically
6/15/2017 12:50:43 PM: createControls Loaded all Textbox dynamically
6/15/2017 12:50:43 PM: createControls Finished
6/15/2017 12:50:43 PM: GetTemplateDetails started
6/15/2017 12:50:43 PM: generatecontrols Started
6/15/2017 12:50:43 PM: GenerateControls:Loaded all Textbox dynamically
6/15/2017 12:50:43 PM: GenerateControls:Loaded all Textbox dynamically
6/15/2017 12:50:45 PM: createControls Started
6/15/2017 12:50:45 PM: createControls Loaded all Textbox dynamically
6/15/2017 12:50:45 PM: createControls Loaded all Textbox dynamically
6/15/2017 12:50:45 PM: createControls Finished
6/15/2017 12:52:44 PM: createControls Started
6/15/2017 12:52:44 PM: createControls Loaded all Textbox dynamically
6/15/2017 12:52:44 PM: createControls Loaded all Textbox dynamically
6/15/2017 12:52:44 PM: createControls Finished
6/15/2017 2:06:04 PM: BindDocumentType started
6/15/2017 2:06:04 PM: BindDocumentType finished
6/15/2017 2:06:07 PM: createControls Started
6/15/2017 2:06:07 PM: createControls Loaded all Textbox dynamically
6/15/2017 2:06:07 PM: createControls Loaded all Textbox dynamically
6/15/2017 2:06:07 PM: createControls Finished
6/15/2017 2:06:07 PM: GetTemplateDetails started
6/15/2017 2:06:07 PM: generatecontrols Started
6/15/2017 2:06:07 PM: GenerateControls:Loaded all Textbox dynamically
6/15/2017 2:06:07 PM: GenerateControls:Loaded all Textbox dynamically
6/15/2017 2:06:08 PM: createControls Started
6/15/2017 2:06:08 PM: createControls Loaded all Textbox dynamically
6/15/2017 2:06:08 PM: createControls Loaded all Textbox dynamically
6/15/2017 2:06:08 PM: createControls Finished
6/15/2017 2:09:59 PM: BindDocumentType started
6/15/2017 2:09:59 PM: BindDocumentType finished
6/15/2017 2:10:46 PM: BindDocumentType started
6/15/2017 2:10:46 PM: BindDocumentType finished
6/15/2017 2:10:49 PM: createControls Started
6/15/2017 2:10:49 PM: createControls Loaded all Textbox dynamically
6/15/2017 2:10:49 PM: createControls Loaded all Textbox dynamically
6/15/2017 2:10:49 PM: createControls Finished
6/15/2017 2:10:49 PM: GetTemplateDetails started
6/15/2017 2:10:49 PM: generatecontrols Started
6/15/2017 2:10:49 PM: GenerateControls:Loaded all Textbox dynamically
6/15/2017 2:10:49 PM: GenerateControls:Loaded all Textbox dynamically
6/15/2017 2:10:50 PM: createControls Started
6/15/2017 2:10:50 PM: createControls Loaded all Textbox dynamically
6/15/2017 2:10:50 PM: createControls Loaded all Textbox dynamically
6/15/2017 2:10:50 PM: createControls Finished
6/15/2017 2:10:57 PM: createControls Started
6/15/2017 2:10:57 PM: createControls Loaded all Textbox dynamically
6/15/2017 2:10:57 PM: createControls Loaded all Textbox dynamically
6/15/2017 2:10:57 PM: createControls Finished
6/15/2017 2:11:37 PM: createControls Started
6/15/2017 2:11:37 PM: createControls Loaded all Textbox dynamically
6/15/2017 2:11:37 PM: createControls Loaded all Textbox dynamically
6/15/2017 2:11:37 PM: createControls Finished
6/15/2017 2:11:45 PM: BindDocumentType started
6/15/2017 2:11:45 PM: BindDocumentType finished
6/15/2017 2:12:16 PM: BindDocumentType started
6/15/2017 2:12:16 PM: BindDocumentType finished
6/15/2017 2:16:12 PM: BindDocumentType started
6/15/2017 2:16:12 PM: BindDocumentType finished
6/15/2017 2:16:16 PM: createControls Started
6/15/2017 2:16:16 PM: createControls Loaded all Textbox dynamically
6/15/2017 2:16:16 PM: createControls Loaded all Textbox dynamically
6/15/2017 2:16:16 PM: createControls Finished
6/15/2017 2:16:16 PM: GetTemplateDetails started
6/15/2017 2:16:16 PM: generatecontrols Started
6/15/2017 2:16:16 PM: GenerateControls:Loaded all Textbox dynamically
6/15/2017 2:16:16 PM: GenerateControls:Loaded all Textbox dynamically
6/15/2017 2:16:17 PM: createControls Started
6/15/2017 2:16:17 PM: createControls Loaded all Textbox dynamically
6/15/2017 2:16:17 PM: createControls Loaded all Textbox dynamically
6/15/2017 2:16:17 PM: createControls Finished
6/15/2017 4:25:11 PM: BindDocumentType started
6/15/2017 4:25:11 PM: BindDocumentType finished
