3/20/2017 10:14:08 AM: BindDocumentType started
3/20/2017 10:14:08 AM: BindDocumentType finished
3/20/2017 10:14:15 AM: createControls Started
3/20/2017 10:14:15 AM: createControls Loaded all Textbox dynamically
3/20/2017 10:14:15 AM: createControls Loaded all Textbox dynamically
3/20/2017 10:14:15 AM: createControls Finished
3/20/2017 10:14:15 AM: GetTemplateDetails started
3/20/2017 10:14:15 AM: generatecontrols Started
3/20/2017 10:14:15 AM: GenerateControls:Loaded all Textbox dynamically
3/20/2017 10:14:15 AM: GenerateControls:Loaded all Textbox dynamically
3/20/2017 11:00:02 AM: BindDocumentType started
3/20/2017 11:00:02 AM: BindDocumentType finished
3/20/2017 11:00:07 AM: createControls Started
3/20/2017 11:00:07 AM: createControls Loaded all Textbox dynamically
3/20/2017 11:00:07 AM: createControls Loaded all Textbox dynamically
3/20/2017 11:00:07 AM: createControls Finished
3/20/2017 11:00:07 AM: GetTemplateDetails started
3/20/2017 11:00:07 AM: generatecontrols Started
3/20/2017 11:00:07 AM: GenerateControls:Loaded all Textbox dynamically
3/20/2017 11:00:07 AM: GenerateControls:Loaded all Textbox dynamically
3/20/2017 11:00:10 AM: createControls Started
3/20/2017 11:00:10 AM: createControls Loaded all Textbox dynamically
3/20/2017 11:00:10 AM: createControls Loaded all Textbox dynamically
3/20/2017 11:00:10 AM: createControls Loaded all Textbox dynamically
3/20/2017 11:00:10 AM: createControls Loaded all Textbox dynamically
3/20/2017 11:00:10 AM: createControls Loaded all Textbox dynamically
3/20/2017 11:00:10 AM: createControls Loaded all Textbox dynamically
3/20/2017 11:00:10 AM: createControls Loaded all Textbox dynamically
3/20/2017 11:00:10 AM: createControls Loaded all Textbox dynamically
3/20/2017 11:00:10 AM: createControls Finished
3/20/2017 11:00:10 AM: GetTemplateDetails started
3/20/2017 11:00:10 AM: generatecontrols Started
3/20/2017 11:00:10 AM: GenerateControls:Loaded all Textbox dynamically
3/20/2017 11:00:10 AM: GenerateControls:Loaded all Textbox dynamically
3/20/2017 11:00:10 AM: GenerateControls:Loaded all Textbox dynamically
3/20/2017 11:00:10 AM: GenerateControls:Loaded all Textbox dynamically
3/20/2017 11:00:10 AM: GenerateControls:Loaded all Textbox dynamically
3/20/2017 11:00:10 AM: GenerateControls:Loaded all Textbox dynamically
3/20/2017 11:00:10 AM: GenerateControls:Loaded all Textbox dynamically
3/20/2017 11:00:10 AM: GenerateControls:Loaded all Textbox dynamically
3/20/2017 11:00:12 AM: createControls Started
3/20/2017 11:00:12 AM: createControls Loaded all Textbox dynamically
3/20/2017 11:00:12 AM: createControls Loaded all Textbox dynamically
3/20/2017 11:00:12 AM: createControls Finished
3/20/2017 11:00:12 AM: GetTemplateDetails started
3/20/2017 11:00:12 AM: generatecontrols Started
3/20/2017 11:00:12 AM: GenerateControls:Loaded all Textbox dynamically
3/20/2017 11:00:12 AM: GenerateControls:Loaded all Textbox dynamically
3/20/2017 11:22:12 AM: createControls Started
3/20/2017 11:22:12 AM: Create controls,Load all Textbox dynamic
3/20/2017 11:22:12 AM: Create controls,Load all Textbox dynamic
3/20/2017 11:22:12 AM: Create controls,Load all Textbox dynamic
3/20/2017 11:22:12 AM: Create controls,Load all Textbox dynamic
3/20/2017 11:22:12 AM: Create controls,Load all Textbox dynamic
3/20/2017 11:22:12 AM: Create controls,Load all Textbox dynamic
3/20/2017 11:22:12 AM: Create controls,Load all Textbox dynamic
3/20/2017 11:22:12 AM: Create controls,Load all Textbox dynamic
3/20/2017 11:22:12 AM: createControls Finished
3/20/2017 11:22:12 AM: generatecontrols Started
3/20/2017 11:22:12 AM: Calling database to get reference id and watermark.
3/20/2017 11:22:12 AM: Database returned result: NO_SE_510_250_1005|
3/20/2017 11:22:12 AM: Generatecontrols,Load all Textbox dynamic
3/20/2017 11:22:12 AM: Generatecontrols,Load all Textbox dynamic
3/20/2017 11:22:12 AM: Generatecontrols,Load all Textbox dynamic
3/20/2017 11:22:12 AM: Generatecontrols,Load all Textbox dynamic
3/20/2017 11:22:12 AM: Generatecontrols,Load all Textbox dynamic
3/20/2017 11:22:12 AM: Generatecontrols,Load all Textbox dynamic
3/20/2017 11:22:12 AM: Generatecontrols,Load all Textbox dynamic
3/20/2017 11:22:12 AM: Generatecontrols,Load all Textbox dynamic
3/20/2017 11:22:42 AM: createControls Started
3/20/2017 11:22:42 AM: Create controls,Load all Textbox dynamic
3/20/2017 11:22:42 AM: Create controls,Load all Textbox dynamic
3/20/2017 11:22:42 AM: Create controls,Load all Textbox dynamic
3/20/2017 11:22:42 AM: Create controls,Load all Textbox dynamic
3/20/2017 11:22:42 AM: Create controls,Load all Textbox dynamic
3/20/2017 11:22:42 AM: Create controls,Load all Textbox dynamic
3/20/2017 11:22:42 AM: Create controls,Load all Textbox dynamic
3/20/2017 11:22:42 AM: Create controls,Load all Textbox dynamic
3/20/2017 11:22:42 AM: createControls Finished
3/20/2017 11:22:42 AM: AsyncFileUpload1_UploadedComplete Started
3/20/2017 11:22:42 AM: Started Saving Uploaded Document in AsyncFileUpload1_UploadedComplete 
3/20/2017 11:22:42 AM: Finished Saving Uploaded Document in AsyncFileUpload1_UploadedComplete 
3/20/2017 11:22:42 AM: AsyncFileUpload1_UploadedComplete Finished
3/20/2017 11:22:43 AM: createControls Started
3/20/2017 11:22:43 AM: Create controls,Load all Textbox dynamic
3/20/2017 11:22:43 AM: Create controls,Load all Textbox dynamic
3/20/2017 11:22:43 AM: Create controls,Load all Textbox dynamic
3/20/2017 11:22:43 AM: Create controls,Load all Textbox dynamic
3/20/2017 11:22:43 AM: Create controls,Load all Textbox dynamic
3/20/2017 11:22:43 AM: Create controls,Load all Textbox dynamic
3/20/2017 11:22:43 AM: Create controls,Load all Textbox dynamic
3/20/2017 11:22:43 AM: Create controls,Load all Textbox dynamic
3/20/2017 11:22:43 AM: createControls Finished
3/20/2017 11:22:43 AM: btnSubmit_Click Started
3/20/2017 11:22:43 AM: btnSubmit_Click Finished
3/20/2017 11:23:25 AM: createControls Started
3/20/2017 11:23:25 AM: Create controls,Load all Textbox dynamic
3/20/2017 11:23:25 AM: Create controls,Load all Textbox dynamic
3/20/2017 11:23:25 AM: Create controls,Load all Textbox dynamic
3/20/2017 11:23:25 AM: Create controls,Load all Textbox dynamic
3/20/2017 11:23:25 AM: Create controls,Load all Textbox dynamic
3/20/2017 11:23:25 AM: Create controls,Load all Textbox dynamic
3/20/2017 11:23:25 AM: Create controls,Load all Textbox dynamic
3/20/2017 11:23:25 AM: Create controls,Load all Textbox dynamic
3/20/2017 11:23:25 AM: createControls Finished
3/20/2017 11:23:25 AM: Started Saving Uploaded Document in Save Button Click
3/20/2017 11:23:25 AM: AsyncFileUpload1_UploadedComplete Started
3/20/2017 11:23:25 AM: AsyncFileUpload1_UploadedComplete Finished
3/20/2017 11:23:25 AM: GetDBFieldName the DBFld UPLOAD_vFld1
3/20/2017 11:23:25 AM: GetDBFieldName the DBFld UPLOAD_vFld2
3/20/2017 11:23:25 AM: GetDBFieldName the DBFld UPLOAD_vFld3
3/20/2017 11:23:25 AM: GetDBFieldName the DBFld UPLOAD_vFld4
3/20/2017 11:23:25 AM: GetDBFieldName the DBFld UPLOAD_vFld5
3/20/2017 11:23:25 AM: GetDBFieldName the DBFld UPLOAD_vFld6
3/20/2017 11:23:25 AM: GetDBFieldName the DBFld UPLOAD_vFld7
3/20/2017 11:23:25 AM: GetDBFieldName the DBFld UPLOAD_vFld8
3/20/2017 11:23:25 AM: CreateXML Started:-
3/20/2017 11:23:25 AM: CreateXML Completed:-
3/20/2017 11:23:26 AM: Save button click after saving or updating the ReturnCode= 0
3/20/2017 11:23:26 AM: Exception : Thread was being aborted.
3/20/2017 11:23:33 AM: createControls Started
3/20/2017 11:23:33 AM: Create controls,Load all Textbox dynamic
3/20/2017 11:23:33 AM: Create controls,Load all Textbox dynamic
3/20/2017 11:23:33 AM: createControls Finished
3/20/2017 11:23:33 AM: generatecontrols Started
3/20/2017 11:23:33 AM: Calling database to get reference id and watermark.
3/20/2017 11:23:33 AM: Database returned result: NO_EX_510_250_1006|
3/20/2017 11:23:33 AM: Generatecontrols,Load all Textbox dynamic
3/20/2017 11:23:33 AM: Generatecontrols,Load all Textbox dynamic
3/20/2017 11:23:37 AM: createControls Started
3/20/2017 11:23:37 AM: Create controls,Load all Textbox dynamic
3/20/2017 11:23:37 AM: Create controls,Load all Textbox dynamic
3/20/2017 11:23:37 AM: createControls Finished
3/20/2017 11:23:37 AM: AsyncFileUpload1_UploadedComplete Started
3/20/2017 11:23:37 AM: Started Saving Uploaded Document in AsyncFileUpload1_UploadedComplete 
3/20/2017 11:23:37 AM: Finished Saving Uploaded Document in AsyncFileUpload1_UploadedComplete 
3/20/2017 11:23:37 AM: AsyncFileUpload1_UploadedComplete Finished
3/20/2017 11:23:38 AM: createControls Started
3/20/2017 11:23:38 AM: Create controls,Load all Textbox dynamic
3/20/2017 11:23:38 AM: Create controls,Load all Textbox dynamic
3/20/2017 11:23:38 AM: createControls Finished
3/20/2017 11:23:38 AM: btnSubmit_Click Started
3/20/2017 11:23:38 AM: btnSubmit_Click Finished
3/20/2017 11:24:02 AM: createControls Started
3/20/2017 11:24:02 AM: Create controls,Load all Textbox dynamic
3/20/2017 11:24:02 AM: Create controls,Load all Textbox dynamic
3/20/2017 11:24:02 AM: Create controls,Load all Textbox dynamic
3/20/2017 11:24:02 AM: Create controls,Load all Textbox dynamic
3/20/2017 11:24:02 AM: Create controls,Load all Textbox dynamic
3/20/2017 11:24:02 AM: Create controls,Load all Textbox dynamic
3/20/2017 11:24:02 AM: Create controls,Load all Textbox dynamic
3/20/2017 11:24:02 AM: Create controls,Load all Textbox dynamic
3/20/2017 11:24:02 AM: createControls Finished
3/20/2017 11:24:02 AM: generatecontrols Started
3/20/2017 11:24:02 AM: Calling database to get reference id and watermark.
3/20/2017 11:24:02 AM: Database returned result: NO_SE_510_250_1006|
3/20/2017 11:24:02 AM: Generatecontrols,Load all Textbox dynamic
3/20/2017 11:24:02 AM: Generatecontrols,Load all Textbox dynamic
3/20/2017 11:24:02 AM: Generatecontrols,Load all Textbox dynamic
3/20/2017 11:24:02 AM: Generatecontrols,Load all Textbox dynamic
3/20/2017 11:24:02 AM: Generatecontrols,Load all Textbox dynamic
3/20/2017 11:24:02 AM: Generatecontrols,Load all Textbox dynamic
3/20/2017 11:24:02 AM: Generatecontrols,Load all Textbox dynamic
3/20/2017 11:24:02 AM: Generatecontrols,Load all Textbox dynamic
3/20/2017 11:24:05 AM: createControls Started
3/20/2017 11:24:05 AM: Create controls,Load all Textbox dynamic
3/20/2017 11:24:05 AM: Create controls,Load all Textbox dynamic
3/20/2017 11:24:05 AM: Create controls,Load all Textbox dynamic
3/20/2017 11:24:05 AM: Create controls,Load all Textbox dynamic
3/20/2017 11:24:05 AM: Create controls,Load all Textbox dynamic
3/20/2017 11:24:05 AM: Create controls,Load all Textbox dynamic
3/20/2017 11:24:05 AM: Create controls,Load all Textbox dynamic
3/20/2017 11:24:05 AM: Create controls,Load all Textbox dynamic
3/20/2017 11:24:05 AM: createControls Finished
3/20/2017 11:24:05 AM: AsyncFileUpload1_UploadedComplete Started
3/20/2017 11:24:05 AM: Started Saving Uploaded Document in AsyncFileUpload1_UploadedComplete 
3/20/2017 11:24:05 AM: Finished Saving Uploaded Document in AsyncFileUpload1_UploadedComplete 
3/20/2017 11:24:05 AM: AsyncFileUpload1_UploadedComplete Pagecount of Image2Pdf().ExtractPages 7
3/20/2017 11:24:05 AM: AsyncFileUpload1_UploadedComplete Finished
3/20/2017 11:24:06 AM: createControls Started
3/20/2017 11:24:06 AM: Create controls,Load all Textbox dynamic
3/20/2017 11:24:06 AM: Create controls,Load all Textbox dynamic
3/20/2017 11:24:06 AM: Create controls,Load all Textbox dynamic
3/20/2017 11:24:06 AM: Create controls,Load all Textbox dynamic
3/20/2017 11:24:06 AM: Create controls,Load all Textbox dynamic
3/20/2017 11:24:06 AM: Create controls,Load all Textbox dynamic
3/20/2017 11:24:06 AM: Create controls,Load all Textbox dynamic
3/20/2017 11:24:06 AM: Create controls,Load all Textbox dynamic
3/20/2017 11:24:06 AM: createControls Finished
3/20/2017 11:24:06 AM: btnSubmit_Click Started
3/20/2017 11:24:06 AM: btnSubmit_Click Finished
3/20/2017 11:24:07 AM: createControls Started
3/20/2017 11:24:07 AM: Create controls,Load all Textbox dynamic
3/20/2017 11:24:07 AM: Create controls,Load all Textbox dynamic
3/20/2017 11:24:07 AM: Create controls,Load all Textbox dynamic
3/20/2017 11:24:07 AM: Create controls,Load all Textbox dynamic
3/20/2017 11:24:07 AM: Create controls,Load all Textbox dynamic
3/20/2017 11:24:07 AM: Create controls,Load all Textbox dynamic
3/20/2017 11:24:07 AM: Create controls,Load all Textbox dynamic
3/20/2017 11:24:07 AM: Create controls,Load all Textbox dynamic
3/20/2017 11:24:07 AM: createControls Finished
3/20/2017 11:24:07 AM: Started Previewing Uploaded Document in btnPreview_Click 
3/20/2017 11:24:07 AM: Src Details : http://localhost:55361/GenericHandler.ashx?f=D:\WDMSDocument\TempWorkFolder\Tk9fU0VfNTEwXzI1MF8xMDA2.pdf
3/20/2017 11:24:07 AM: Setting image to viewer. Action:  Page count: 7 Current Page:1
3/20/2017 11:24:07 AM: Converting PDF to JPEG. PDF Path: D:\WDMSDocument\TempWorkFolder\Tk9fU0VfNTEwXzI1MF8xMDA2\1.pdf Image Name: Tk9fU0VfNTEwXzI1MF8xMDA2 Page No: 1
3/20/2017 11:24:07 AM: Converting PDF to JPEG without applying watermark.
3/20/2017 11:24:07 AM: Setting image to viewer using RegisterStartupScript: http://localhost:55361/generichandler.ashx?f=d://wdmsdocument//tempworkfolder//tk9fu0vfntewxzi1mf8xmda2jpg//1.jpeg
3/20/2017 11:24:07 AM: Finished Previewing Uploaded Document in btnPreview_Click 
3/20/2017 11:24:16 AM: createControls Started
3/20/2017 11:24:16 AM: Create controls,Load all Textbox dynamic
3/20/2017 11:24:16 AM: Create controls,Load all Textbox dynamic
3/20/2017 11:24:16 AM: Create controls,Load all Textbox dynamic
3/20/2017 11:24:16 AM: Create controls,Load all Textbox dynamic
3/20/2017 11:24:16 AM: Create controls,Load all Textbox dynamic
3/20/2017 11:24:16 AM: Create controls,Load all Textbox dynamic
3/20/2017 11:24:16 AM: Create controls,Load all Textbox dynamic
3/20/2017 11:24:16 AM: Create controls,Load all Textbox dynamic
3/20/2017 11:24:16 AM: createControls Finished
3/20/2017 11:24:16 AM: Started Saving Uploaded Document in Save Button Click
3/20/2017 11:24:16 AM: AsyncFileUpload1_UploadedComplete Started
3/20/2017 11:24:16 AM: AsyncFileUpload1_UploadedComplete Finished
3/20/2017 11:24:16 AM: GetDBFieldName the DBFld UPLOAD_vFld1
3/20/2017 11:24:16 AM: GetDBFieldName the DBFld UPLOAD_vFld2
3/20/2017 11:24:16 AM: GetDBFieldName the DBFld UPLOAD_vFld3
3/20/2017 11:24:16 AM: GetDBFieldName the DBFld UPLOAD_vFld4
3/20/2017 11:24:16 AM: GetDBFieldName the DBFld UPLOAD_vFld5
3/20/2017 11:24:16 AM: GetDBFieldName the DBFld UPLOAD_vFld6
3/20/2017 11:24:16 AM: GetDBFieldName the DBFld UPLOAD_vFld7
3/20/2017 11:24:16 AM: GetDBFieldName the DBFld UPLOAD_vFld8
3/20/2017 11:24:16 AM: CreateXML Started:-
3/20/2017 11:24:16 AM: CreateXML Completed:-
3/20/2017 11:24:16 AM: Save button click after saving or updating the ReturnCode= 0
3/20/2017 11:24:16 AM: Exception : Thread was being aborted.
3/20/2017 3:42:28 PM: BindDocumentType started
3/20/2017 3:42:28 PM: BindDocumentType finished
3/20/2017 3:42:31 PM: createControls Started
3/20/2017 3:42:31 PM: createControls Loaded all Textbox dynamically
3/20/2017 3:42:31 PM: createControls Loaded all Textbox dynamically
3/20/2017 3:42:31 PM: createControls Finished
3/20/2017 3:42:31 PM: GetTemplateDetails started
3/20/2017 3:42:31 PM: generatecontrols Started
3/20/2017 3:42:31 PM: GenerateControls:Loaded all Textbox dynamically
3/20/2017 3:42:31 PM: GenerateControls:Loaded all Textbox dynamically
3/20/2017 3:56:47 PM: BindDocumentType started
3/20/2017 3:56:47 PM: BindDocumentType finished
3/20/2017 3:56:52 PM: createControls Started
3/20/2017 3:56:52 PM: createControls Loaded all Textbox dynamically
3/20/2017 3:56:52 PM: createControls Loaded all Textbox dynamically
3/20/2017 3:56:52 PM: createControls Finished
3/20/2017 3:56:52 PM: GetTemplateDetails started
3/20/2017 3:56:52 PM: generatecontrols Started
3/20/2017 3:56:52 PM: GenerateControls:Loaded all Textbox dynamically
3/20/2017 3:56:52 PM: GenerateControls:Loaded all Textbox dynamically
3/20/2017 3:57:43 PM: createControls Started
3/20/2017 3:57:43 PM: createControls Loaded all Textbox dynamically
3/20/2017 3:57:43 PM: createControls Loaded all Textbox dynamically
3/20/2017 3:57:43 PM: createControls Loaded all Textbox dynamically
3/20/2017 3:57:43 PM: createControls Loaded all Textbox dynamically
3/20/2017 3:57:43 PM: createControls Loaded all Textbox dynamically
3/20/2017 3:57:43 PM: createControls Loaded all Textbox dynamically
3/20/2017 3:57:43 PM: createControls Loaded all Textbox dynamically
3/20/2017 3:57:43 PM: createControls Loaded all Textbox dynamically
3/20/2017 3:57:43 PM: createControls Finished
3/20/2017 3:57:43 PM: GetTemplateDetails started
3/20/2017 3:57:43 PM: generatecontrols Started
3/20/2017 3:57:43 PM: GenerateControls:Loaded all Textbox dynamically
3/20/2017 3:57:43 PM: GenerateControls:Loaded all Textbox dynamically
3/20/2017 3:57:43 PM: GenerateControls:Loaded all Textbox dynamically
3/20/2017 3:57:43 PM: GenerateControls:Loaded all Textbox dynamically
3/20/2017 3:57:43 PM: GenerateControls:Loaded all Textbox dynamically
3/20/2017 3:57:43 PM: GenerateControls:Loaded all Textbox dynamically
3/20/2017 3:57:43 PM: GenerateControls:Loaded all Textbox dynamically
3/20/2017 3:57:43 PM: GenerateControls:Loaded all Textbox dynamically
3/20/2017 3:59:38 PM: createControls Started
3/20/2017 3:59:38 PM: createControls Loaded all Textbox dynamically
3/20/2017 3:59:38 PM: createControls Loaded all Textbox dynamically
3/20/2017 3:59:38 PM: createControls Finished
3/20/2017 3:59:38 PM: GetTemplateDetails started
3/20/2017 3:59:38 PM: generatecontrols Started
3/20/2017 3:59:38 PM: GenerateControls:Loaded all Textbox dynamically
3/20/2017 3:59:38 PM: GenerateControls:Loaded all Textbox dynamically
3/20/2017 4:00:45 PM: BindDocumentType started
3/20/2017 4:00:45 PM: BindDocumentType finished
3/20/2017 4:00:49 PM: createControls Started
3/20/2017 4:00:49 PM: createControls Loaded all Textbox dynamically
3/20/2017 4:00:49 PM: createControls Loaded all Textbox dynamically
3/20/2017 4:00:49 PM: createControls Finished
3/20/2017 4:00:49 PM: GetTemplateDetails started
3/20/2017 4:00:49 PM: generatecontrols Started
3/20/2017 4:00:49 PM: GenerateControls:Loaded all Textbox dynamically
3/20/2017 4:00:49 PM: GenerateControls:Loaded all Textbox dynamically
3/20/2017 6:00:33 PM: BindDocumentType started
3/20/2017 6:00:33 PM: BindDocumentType finished
3/20/2017 6:00:40 PM: createControls Started
3/20/2017 6:00:40 PM: createControls Loaded all Textbox dynamically
3/20/2017 6:00:40 PM: createControls Loaded all Textbox dynamically
3/20/2017 6:00:40 PM: createControls Finished
3/20/2017 6:00:40 PM: GetTemplateDetails started
3/20/2017 6:00:40 PM: generatecontrols Started
3/20/2017 6:00:40 PM: GenerateControls:Loaded all Textbox dynamically
3/20/2017 6:00:40 PM: GenerateControls:Loaded all Textbox dynamically
3/20/2017 6:00:43 PM: createControls Started
3/20/2017 6:00:43 PM: createControls Loaded all Textbox dynamically
3/20/2017 6:00:43 PM: createControls Loaded all Textbox dynamically
3/20/2017 6:00:43 PM: createControls Finished
3/20/2017 6:01:54 PM: BindDocumentType started
3/20/2017 6:01:54 PM: BindDocumentType finished
3/20/2017 6:02:31 PM: BindDocumentType started
3/20/2017 6:02:31 PM: BindDocumentType finished
3/20/2017 6:02:33 PM: BindDocumentType started
3/20/2017 6:02:33 PM: BindDocumentType finished
3/20/2017 6:02:37 PM: createControls Started
3/20/2017 6:02:37 PM: createControls Loaded all Textbox dynamically
3/20/2017 6:02:37 PM: createControls Loaded all Textbox dynamically
3/20/2017 6:02:37 PM: createControls Finished
3/20/2017 6:02:37 PM: GetTemplateDetails started
3/20/2017 6:02:37 PM: generatecontrols Started
3/20/2017 6:02:37 PM: GenerateControls:Loaded all Textbox dynamically
3/20/2017 6:02:37 PM: GenerateControls:Loaded all Textbox dynamically
3/20/2017 6:02:39 PM: createControls Started
3/20/2017 6:02:39 PM: createControls Loaded all Textbox dynamically
3/20/2017 6:02:39 PM: createControls Loaded all Textbox dynamically
3/20/2017 6:02:39 PM: createControls Finished
3/20/2017 6:04:31 PM: BindDocumentType started
3/20/2017 6:04:31 PM: BindDocumentType finished
3/20/2017 6:05:49 PM: BindDocumentType started
3/20/2017 6:05:49 PM: BindDocumentType finished
3/20/2017 6:05:53 PM: createControls Started
3/20/2017 6:05:53 PM: createControls Loaded all Textbox dynamically
3/20/2017 6:05:53 PM: createControls Loaded all Textbox dynamically
3/20/2017 6:05:53 PM: createControls Finished
3/20/2017 6:05:53 PM: GetTemplateDetails started
3/20/2017 6:05:53 PM: generatecontrols Started
3/20/2017 6:05:53 PM: GenerateControls:Loaded all Textbox dynamically
3/20/2017 6:05:53 PM: GenerateControls:Loaded all Textbox dynamically
3/20/2017 6:05:55 PM: createControls Started
3/20/2017 6:05:55 PM: createControls Loaded all Textbox dynamically
3/20/2017 6:05:55 PM: createControls Loaded all Textbox dynamically
3/20/2017 6:05:55 PM: createControls Finished
3/20/2017 6:07:34 PM: BindDocumentType started
3/20/2017 6:07:34 PM: BindDocumentType finished
3/20/2017 6:07:37 PM: createControls Started
3/20/2017 6:07:37 PM: createControls Loaded all Textbox dynamically
3/20/2017 6:07:37 PM: createControls Loaded all Textbox dynamically
3/20/2017 6:07:37 PM: createControls Finished
3/20/2017 6:07:37 PM: GetTemplateDetails started
3/20/2017 6:07:37 PM: generatecontrols Started
3/20/2017 6:07:37 PM: GenerateControls:Loaded all Textbox dynamically
3/20/2017 6:07:37 PM: GenerateControls:Loaded all Textbox dynamically
3/20/2017 6:07:39 PM: createControls Started
3/20/2017 6:07:39 PM: createControls Loaded all Textbox dynamically
3/20/2017 6:07:39 PM: createControls Loaded all Textbox dynamically
3/20/2017 6:07:39 PM: createControls Finished
3/20/2017 6:12:24 PM: BindDocumentType started
3/20/2017 6:12:24 PM: BindDocumentType finished
3/20/2017 6:12:27 PM: createControls Started
3/20/2017 6:12:27 PM: createControls Loaded all Textbox dynamically
3/20/2017 6:12:27 PM: createControls Loaded all Textbox dynamically
3/20/2017 6:12:27 PM: createControls Finished
3/20/2017 6:12:27 PM: GetTemplateDetails started
3/20/2017 6:12:27 PM: generatecontrols Started
3/20/2017 6:12:27 PM: GenerateControls:Loaded all Textbox dynamically
3/20/2017 6:12:27 PM: GenerateControls:Loaded all Textbox dynamically
3/20/2017 6:12:29 PM: createControls Started
3/20/2017 6:12:29 PM: createControls Loaded all Textbox dynamically
3/20/2017 6:12:29 PM: createControls Loaded all Textbox dynamically
3/20/2017 6:12:29 PM: createControls Finished
3/20/2017 6:14:19 PM: BindDocumentType started
3/20/2017 6:14:19 PM: BindDocumentType finished
3/20/2017 6:14:22 PM: createControls Started
3/20/2017 6:14:22 PM: createControls Loaded all Textbox dynamically
3/20/2017 6:14:22 PM: createControls Loaded all Textbox dynamically
3/20/2017 6:14:22 PM: createControls Finished
3/20/2017 6:14:22 PM: GetTemplateDetails started
3/20/2017 6:14:22 PM: generatecontrols Started
3/20/2017 6:14:22 PM: GenerateControls:Loaded all Textbox dynamically
3/20/2017 6:14:22 PM: GenerateControls:Loaded all Textbox dynamically
3/20/2017 6:14:24 PM: createControls Started
3/20/2017 6:14:24 PM: createControls Loaded all Textbox dynamically
3/20/2017 6:14:24 PM: createControls Loaded all Textbox dynamically
3/20/2017 6:14:24 PM: createControls Finished
3/20/2017 6:20:02 PM: BindDocumentType started
3/20/2017 6:20:02 PM: BindDocumentType finished
3/20/2017 6:20:05 PM: createControls Started
3/20/2017 6:20:05 PM: createControls Loaded all Textbox dynamically
3/20/2017 6:20:05 PM: createControls Loaded all Textbox dynamically
3/20/2017 6:20:05 PM: createControls Loaded all Textbox dynamically
3/20/2017 6:20:05 PM: createControls Loaded all Textbox dynamically
3/20/2017 6:20:05 PM: createControls Loaded all Textbox dynamically
3/20/2017 6:20:05 PM: createControls Loaded all Textbox dynamically
3/20/2017 6:20:05 PM: createControls Loaded all Textbox dynamically
3/20/2017 6:20:05 PM: createControls Loaded all Textbox dynamically
3/20/2017 6:20:05 PM: createControls Finished
3/20/2017 6:20:05 PM: GetTemplateDetails started
3/20/2017 6:20:05 PM: generatecontrols Started
3/20/2017 6:20:05 PM: GenerateControls:Loaded all Textbox dynamically
3/20/2017 6:20:05 PM: GenerateControls:Loaded all Textbox dynamically
3/20/2017 6:20:05 PM: GenerateControls:Loaded all Textbox dynamically
3/20/2017 6:20:05 PM: GenerateControls:Loaded all Textbox dynamically
3/20/2017 6:20:05 PM: GenerateControls:Loaded all Textbox dynamically
3/20/2017 6:20:05 PM: GenerateControls:Loaded all Textbox dynamically
3/20/2017 6:20:05 PM: GenerateControls:Loaded all Textbox dynamically
3/20/2017 6:20:05 PM: GenerateControls:Loaded all Textbox dynamically
3/20/2017 6:20:07 PM: createControls Started
3/20/2017 6:20:07 PM: createControls Loaded all Textbox dynamically
3/20/2017 6:20:07 PM: createControls Loaded all Textbox dynamically
3/20/2017 6:20:07 PM: createControls Loaded all Textbox dynamically
3/20/2017 6:20:07 PM: createControls Loaded all Textbox dynamically
3/20/2017 6:20:07 PM: createControls Loaded all Textbox dynamically
3/20/2017 6:20:07 PM: createControls Loaded all Textbox dynamically
3/20/2017 6:20:07 PM: createControls Loaded all Textbox dynamically
3/20/2017 6:20:07 PM: createControls Loaded all Textbox dynamically
3/20/2017 6:20:07 PM: createControls Finished
3/20/2017 6:20:16 PM: createControls Started
3/20/2017 6:20:16 PM: createControls Loaded all Textbox dynamically
3/20/2017 6:20:16 PM: createControls Loaded all Textbox dynamically
3/20/2017 6:20:16 PM: createControls Loaded all Textbox dynamically
3/20/2017 6:20:16 PM: createControls Loaded all Textbox dynamically
3/20/2017 6:20:16 PM: createControls Loaded all Textbox dynamically
3/20/2017 6:20:16 PM: createControls Loaded all Textbox dynamically
3/20/2017 6:20:16 PM: createControls Loaded all Textbox dynamically
3/20/2017 6:20:16 PM: createControls Loaded all Textbox dynamically
3/20/2017 6:20:16 PM: createControls Finished
3/20/2017 6:20:50 PM: createControls Started
3/20/2017 6:20:50 PM: createControls Loaded all Textbox dynamically
3/20/2017 6:20:50 PM: createControls Loaded all Textbox dynamically
3/20/2017 6:20:50 PM: createControls Loaded all Textbox dynamically
3/20/2017 6:20:50 PM: createControls Loaded all Textbox dynamically
3/20/2017 6:20:50 PM: createControls Loaded all Textbox dynamically
3/20/2017 6:20:50 PM: createControls Loaded all Textbox dynamically
3/20/2017 6:20:50 PM: createControls Loaded all Textbox dynamically
3/20/2017 6:20:50 PM: createControls Loaded all Textbox dynamically
3/20/2017 6:20:50 PM: createControls Finished
3/20/2017 6:34:02 PM: BindDocumentType started
3/20/2017 6:34:02 PM: BindDocumentType finished
3/20/2017 6:34:06 PM: createControls Started
3/20/2017 6:34:06 PM: createControls Loaded all Textbox dynamically
3/20/2017 6:34:06 PM: createControls Loaded all Textbox dynamically
3/20/2017 6:34:06 PM: createControls Finished
3/20/2017 6:34:06 PM: GetTemplateDetails started
3/20/2017 6:34:06 PM: generatecontrols Started
3/20/2017 6:34:06 PM: GenerateControls:Loaded all Textbox dynamically
3/20/2017 6:34:06 PM: GenerateControls:Loaded all Textbox dynamically
3/20/2017 6:34:08 PM: createControls Started
3/20/2017 6:34:08 PM: createControls Loaded all Textbox dynamically
3/20/2017 6:34:08 PM: createControls Loaded all Textbox dynamically
3/20/2017 6:34:08 PM: createControls Finished
3/20/2017 6:35:51 PM: BindDocumentType started
3/20/2017 6:35:51 PM: BindDocumentType finished
3/20/2017 6:36:02 PM: BindDocumentType started
3/20/2017 6:36:02 PM: BindDocumentType finished
3/20/2017 6:36:05 PM: createControls Started
3/20/2017 6:36:05 PM: createControls Loaded all Textbox dynamically
3/20/2017 6:36:05 PM: createControls Loaded all Textbox dynamically
3/20/2017 6:36:05 PM: createControls Finished
3/20/2017 6:36:05 PM: GetTemplateDetails started
3/20/2017 6:36:05 PM: generatecontrols Started
3/20/2017 6:36:05 PM: GenerateControls:Loaded all Textbox dynamically
3/20/2017 6:36:05 PM: GenerateControls:Loaded all Textbox dynamically
3/20/2017 6:36:07 PM: createControls Started
3/20/2017 6:36:07 PM: createControls Loaded all Textbox dynamically
3/20/2017 6:36:07 PM: createControls Loaded all Textbox dynamically
3/20/2017 6:36:07 PM: createControls Finished
3/20/2017 6:37:01 PM: createControls Started
3/20/2017 6:37:01 PM: createControls Loaded all Textbox dynamically
3/20/2017 6:37:01 PM: createControls Loaded all Textbox dynamically
3/20/2017 6:37:01 PM: createControls Finished
3/20/2017 6:44:00 PM: BindDocumentType started
3/20/2017 6:44:00 PM: BindDocumentType finished
3/20/2017 6:44:14 PM: createControls Started
3/20/2017 6:44:14 PM: createControls Loaded all Textbox dynamically
3/20/2017 6:44:14 PM: createControls Loaded all Textbox dynamically
3/20/2017 6:44:14 PM: createControls Finished
3/20/2017 6:44:14 PM: GetTemplateDetails started
3/20/2017 6:44:14 PM: generatecontrols Started
3/20/2017 6:44:14 PM: GenerateControls:Loaded all Textbox dynamically
3/20/2017 6:44:14 PM: GenerateControls:Loaded all Textbox dynamically
3/20/2017 6:44:16 PM: createControls Started
3/20/2017 6:44:16 PM: createControls Loaded all Textbox dynamically
3/20/2017 6:44:16 PM: createControls Loaded all Textbox dynamically
3/20/2017 6:44:16 PM: createControls Finished
3/20/2017 6:44:43 PM: BindDocumentType started
3/20/2017 6:44:43 PM: BindDocumentType finished
3/20/2017 6:44:46 PM: createControls Started
3/20/2017 6:44:46 PM: createControls Loaded all Textbox dynamically
3/20/2017 6:44:46 PM: createControls Loaded all Textbox dynamically
3/20/2017 6:44:46 PM: createControls Finished
3/20/2017 6:44:46 PM: GetTemplateDetails started
3/20/2017 6:44:46 PM: generatecontrols Started
3/20/2017 6:44:46 PM: GenerateControls:Loaded all Textbox dynamically
3/20/2017 6:44:46 PM: GenerateControls:Loaded all Textbox dynamically
3/20/2017 6:44:47 PM: createControls Started
3/20/2017 6:44:47 PM: createControls Loaded all Textbox dynamically
3/20/2017 6:44:47 PM: createControls Loaded all Textbox dynamically
3/20/2017 6:44:47 PM: createControls Finished
3/20/2017 6:46:28 PM: BindDocumentType started
3/20/2017 6:46:28 PM: BindDocumentType finished
3/20/2017 6:46:32 PM: createControls Started
3/20/2017 6:46:32 PM: createControls Loaded all Textbox dynamically
3/20/2017 6:46:32 PM: createControls Loaded all Textbox dynamically
3/20/2017 6:46:32 PM: createControls Finished
3/20/2017 6:46:32 PM: GetTemplateDetails started
3/20/2017 6:46:32 PM: generatecontrols Started
3/20/2017 6:46:32 PM: GenerateControls:Loaded all Textbox dynamically
3/20/2017 6:46:32 PM: GenerateControls:Loaded all Textbox dynamically
3/20/2017 6:46:33 PM: createControls Started
3/20/2017 6:46:33 PM: createControls Loaded all Textbox dynamically
3/20/2017 6:46:33 PM: createControls Loaded all Textbox dynamically
3/20/2017 6:46:33 PM: createControls Finished
3/20/2017 6:46:49 PM: BindDocumentType started
3/20/2017 6:46:49 PM: BindDocumentType finished
3/20/2017 6:47:16 PM: createControls Started
3/20/2017 6:47:16 PM: createControls Loaded all Textbox dynamically
3/20/2017 6:47:16 PM: createControls Loaded all Textbox dynamically
3/20/2017 6:47:16 PM: createControls Finished
3/20/2017 6:47:16 PM: GetTemplateDetails started
3/20/2017 6:47:16 PM: generatecontrols Started
3/20/2017 6:47:16 PM: GenerateControls:Loaded all Textbox dynamically
3/20/2017 6:47:16 PM: GenerateControls:Loaded all Textbox dynamically
3/20/2017 6:47:18 PM: createControls Started
3/20/2017 6:47:18 PM: createControls Loaded all Textbox dynamically
3/20/2017 6:47:18 PM: createControls Loaded all Textbox dynamically
3/20/2017 6:47:18 PM: createControls Finished
3/20/2017 6:48:12 PM: BindDocumentType started
3/20/2017 6:48:12 PM: BindDocumentType finished
3/20/2017 6:48:15 PM: createControls Started
3/20/2017 6:48:15 PM: createControls Loaded all Textbox dynamically
3/20/2017 6:48:15 PM: createControls Loaded all Textbox dynamically
3/20/2017 6:48:15 PM: createControls Finished
3/20/2017 6:48:15 PM: GetTemplateDetails started
3/20/2017 6:48:15 PM: generatecontrols Started
3/20/2017 6:48:15 PM: GenerateControls:Loaded all Textbox dynamically
3/20/2017 6:48:15 PM: GenerateControls:Loaded all Textbox dynamically
3/20/2017 6:48:17 PM: createControls Started
3/20/2017 6:48:17 PM: createControls Loaded all Textbox dynamically
3/20/2017 6:48:17 PM: createControls Loaded all Textbox dynamically
3/20/2017 6:48:17 PM: createControls Finished
3/20/2017 6:49:02 PM: BindDocumentType started
3/20/2017 6:49:02 PM: BindDocumentType finished
3/20/2017 6:49:13 PM: BindDocumentType started
3/20/2017 6:49:13 PM: BindDocumentType finished
3/20/2017 6:49:18 PM: createControls Started
3/20/2017 6:49:18 PM: createControls Loaded all Textbox dynamically
3/20/2017 6:49:18 PM: createControls Loaded all Textbox dynamically
3/20/2017 6:49:18 PM: createControls Finished
3/20/2017 6:49:18 PM: GetTemplateDetails started
3/20/2017 6:49:18 PM: generatecontrols Started
3/20/2017 6:49:18 PM: GenerateControls:Loaded all Textbox dynamically
3/20/2017 6:49:18 PM: GenerateControls:Loaded all Textbox dynamically
3/20/2017 6:49:20 PM: createControls Started
3/20/2017 6:49:20 PM: createControls Loaded all Textbox dynamically
3/20/2017 6:49:20 PM: createControls Loaded all Textbox dynamically
3/20/2017 6:49:20 PM: createControls Finished
3/20/2017 6:50:32 PM: createControls Started
3/20/2017 6:50:32 PM: createControls Loaded all Textbox dynamically
3/20/2017 6:50:32 PM: createControls Loaded all Textbox dynamically
3/20/2017 6:50:32 PM: createControls Finished
3/20/2017 6:51:30 PM: BindDocumentType started
3/20/2017 6:51:30 PM: BindDocumentType finished
3/20/2017 6:51:33 PM: createControls Started
3/20/2017 6:51:33 PM: createControls Loaded all Textbox dynamically
3/20/2017 6:51:33 PM: createControls Loaded all Textbox dynamically
3/20/2017 6:51:33 PM: createControls Finished
3/20/2017 6:51:33 PM: GetTemplateDetails started
3/20/2017 6:51:33 PM: generatecontrols Started
3/20/2017 6:51:33 PM: GenerateControls:Loaded all Textbox dynamically
3/20/2017 6:51:33 PM: GenerateControls:Loaded all Textbox dynamically
3/20/2017 6:51:35 PM: createControls Started
3/20/2017 6:51:35 PM: createControls Loaded all Textbox dynamically
3/20/2017 6:51:35 PM: createControls Loaded all Textbox dynamically
3/20/2017 6:51:35 PM: createControls Finished
3/20/2017 6:52:10 PM: BindDocumentType started
3/20/2017 6:52:10 PM: BindDocumentType finished
3/20/2017 6:52:14 PM: createControls Started
3/20/2017 6:52:14 PM: createControls Loaded all Textbox dynamically
3/20/2017 6:52:14 PM: createControls Loaded all Textbox dynamically
3/20/2017 6:52:14 PM: createControls Finished
3/20/2017 6:52:14 PM: GetTemplateDetails started
3/20/2017 6:52:14 PM: generatecontrols Started
3/20/2017 6:52:14 PM: GenerateControls:Loaded all Textbox dynamically
3/20/2017 6:52:14 PM: GenerateControls:Loaded all Textbox dynamically
3/20/2017 6:52:16 PM: createControls Started
3/20/2017 6:52:16 PM: createControls Loaded all Textbox dynamically
3/20/2017 6:52:16 PM: createControls Loaded all Textbox dynamically
3/20/2017 6:52:16 PM: createControls Finished
3/20/2017 6:53:30 PM: BindDocumentType started
3/20/2017 6:53:30 PM: BindDocumentType finished
3/20/2017 6:53:35 PM: BindDocumentType started
3/20/2017 6:53:35 PM: BindDocumentType finished
3/20/2017 6:53:38 PM: createControls Started
3/20/2017 6:53:38 PM: createControls Loaded all Textbox dynamically
3/20/2017 6:53:38 PM: createControls Loaded all Textbox dynamically
3/20/2017 6:53:38 PM: createControls Finished
3/20/2017 6:53:38 PM: GetTemplateDetails started
3/20/2017 6:53:38 PM: generatecontrols Started
3/20/2017 6:53:38 PM: GenerateControls:Loaded all Textbox dynamically
3/20/2017 6:53:38 PM: GenerateControls:Loaded all Textbox dynamically
3/20/2017 6:53:40 PM: createControls Started
3/20/2017 6:53:40 PM: createControls Loaded all Textbox dynamically
3/20/2017 6:53:40 PM: createControls Loaded all Textbox dynamically
3/20/2017 6:53:40 PM: createControls Finished
3/20/2017 6:58:33 PM: BindDocumentType started
3/20/2017 6:58:33 PM: BindDocumentType finished
3/20/2017 6:58:37 PM: createControls Started
3/20/2017 6:58:37 PM: createControls Loaded all Textbox dynamically
3/20/2017 6:58:37 PM: createControls Loaded all Textbox dynamically
3/20/2017 6:58:37 PM: createControls Finished
3/20/2017 6:58:37 PM: GetTemplateDetails started
3/20/2017 6:58:37 PM: generatecontrols Started
3/20/2017 6:58:37 PM: GenerateControls:Loaded all Textbox dynamically
3/20/2017 6:58:37 PM: GenerateControls:Loaded all Textbox dynamically
3/20/2017 6:58:39 PM: createControls Started
3/20/2017 6:58:39 PM: createControls Loaded all Textbox dynamically
3/20/2017 6:58:39 PM: createControls Loaded all Textbox dynamically
3/20/2017 6:58:39 PM: createControls Finished
3/20/2017 7:00:24 PM: createControls Started
3/20/2017 7:00:24 PM: createControls Loaded all Textbox dynamically
3/20/2017 7:00:24 PM: createControls Loaded all Textbox dynamically
3/20/2017 7:00:24 PM: createControls Finished
3/20/2017 7:00:30 PM: BindDocumentType started
3/20/2017 7:00:30 PM: BindDocumentType finished
3/20/2017 7:00:33 PM: createControls Started
3/20/2017 7:00:33 PM: createControls Loaded all Textbox dynamically
3/20/2017 7:00:33 PM: createControls Loaded all Textbox dynamically
3/20/2017 7:00:33 PM: createControls Finished
3/20/2017 7:00:33 PM: GetTemplateDetails started
3/20/2017 7:00:33 PM: generatecontrols Started
3/20/2017 7:00:33 PM: GenerateControls:Loaded all Textbox dynamically
3/20/2017 7:00:33 PM: GenerateControls:Loaded all Textbox dynamically
3/20/2017 7:00:35 PM: createControls Started
3/20/2017 7:00:35 PM: createControls Loaded all Textbox dynamically
3/20/2017 7:00:35 PM: createControls Loaded all Textbox dynamically
3/20/2017 7:00:35 PM: createControls Finished
3/20/2017 7:01:46 PM: BindDocumentType started
3/20/2017 7:01:46 PM: BindDocumentType finished
3/20/2017 7:01:51 PM: createControls Started
3/20/2017 7:01:51 PM: createControls Loaded all Textbox dynamically
3/20/2017 7:01:51 PM: createControls Loaded all Textbox dynamically
3/20/2017 7:01:51 PM: createControls Finished
3/20/2017 7:01:51 PM: GetTemplateDetails started
3/20/2017 7:01:51 PM: generatecontrols Started
3/20/2017 7:01:51 PM: GenerateControls:Loaded all Textbox dynamically
3/20/2017 7:01:51 PM: GenerateControls:Loaded all Textbox dynamically
3/20/2017 7:01:53 PM: createControls Started
3/20/2017 7:01:53 PM: createControls Loaded all Textbox dynamically
3/20/2017 7:01:53 PM: createControls Loaded all Textbox dynamically
3/20/2017 7:01:53 PM: createControls Finished
3/20/2017 7:14:43 PM: BindDocumentType started
3/20/2017 7:14:43 PM: BindDocumentType finished
3/20/2017 7:14:46 PM: createControls Started
3/20/2017 7:14:46 PM: createControls Loaded all Textbox dynamically
3/20/2017 7:14:46 PM: createControls Loaded all Textbox dynamically
3/20/2017 7:14:46 PM: createControls Finished
3/20/2017 7:14:46 PM: GetTemplateDetails started
3/20/2017 7:14:46 PM: generatecontrols Started
3/20/2017 7:14:46 PM: GenerateControls:Loaded all Textbox dynamically
3/20/2017 7:14:46 PM: GenerateControls:Loaded all Textbox dynamically
3/20/2017 7:14:48 PM: createControls Started
3/20/2017 7:14:48 PM: createControls Loaded all Textbox dynamically
3/20/2017 7:14:48 PM: createControls Loaded all Textbox dynamically
3/20/2017 7:14:48 PM: createControls Finished
3/20/2017 7:14:57 PM: GetSginatureDetails Started:-
3/20/2017 7:14:57 PM: GetSginatureDetails Completed:-
3/20/2017 7:14:57 PM: GetTemplateDetails Started
3/20/2017 7:14:57 PM: GetTemplateDetails total record count:1
3/20/2017 7:14:57 PM: Create controls,Load all Textbox dynamic
3/20/2017 7:14:57 PM: Create controls,Load all Textbox dynamic
3/20/2017 7:14:57 PM: GetTemplateDetails Finished
3/20/2017 7:14:57 PM: InitializeDocumentView started
3/20/2017 7:14:57 PM: InitializeDocumentView finished
3/20/2017 7:14:57 PM: Calling database to get annotated images. DocumentId: 1228, Action: GetAnnotatedPages
3/20/2017 7:14:57 PM: Calling database to get annotated images. DocumentId: 1228, Action: GetTaggedPages
3/20/2017 7:14:58 PM: LoadImageToViewer started
3/20/2017 7:14:58 PM: Setting image to viewer. Action:  Page count: 0 Current Page:1
3/20/2017 7:14:58 PM: MailPanelFill started
3/20/2017 7:14:58 PM: MailPanelFill finished
3/20/2017 7:15:02 PM: BindDocumentType started
3/20/2017 7:15:02 PM: BindDocumentType finished
3/20/2017 7:15:21 PM: BindDocumentType started
3/20/2017 7:15:21 PM: BindDocumentType finished
3/20/2017 7:15:24 PM: createControls Started
3/20/2017 7:15:24 PM: createControls Loaded all Textbox dynamically
3/20/2017 7:15:24 PM: createControls Loaded all Textbox dynamically
3/20/2017 7:15:24 PM: createControls Finished
3/20/2017 7:15:24 PM: GetTemplateDetails started
3/20/2017 7:15:24 PM: generatecontrols Started
3/20/2017 7:15:24 PM: GenerateControls:Loaded all Textbox dynamically
3/20/2017 7:15:24 PM: GenerateControls:Loaded all Textbox dynamically
3/20/2017 7:15:25 PM: createControls Started
3/20/2017 7:15:25 PM: createControls Loaded all Textbox dynamically
3/20/2017 7:15:25 PM: createControls Loaded all Textbox dynamically
3/20/2017 7:15:25 PM: createControls Finished
