11/20/2017 10:35:41 AM: BindDocumentType started
11/20/2017 10:35:41 AM: BindDocumentType finished
11/20/2017 10:35:56 AM: createControls Started
11/20/2017 10:35:56 AM: createControls Loaded all Textbox dynamically
11/20/2017 10:35:56 AM: createControls Loaded all Textbox dynamically
11/20/2017 10:35:56 AM: createControls Finished
11/20/2017 10:35:56 AM: GetTemplateDetails started
11/20/2017 10:35:56 AM: generatecontrols Started
11/20/2017 10:35:56 AM: GenerateControls:Loaded all Textbox dynamically
11/20/2017 10:35:56 AM: GenerateControls:Loaded all Textbox dynamically
11/20/2017 10:36:00 AM: createControls Started
11/20/2017 10:36:00 AM: createControls Loaded all Textbox dynamically
11/20/2017 10:36:00 AM: createControls Loaded all Textbox dynamically
11/20/2017 10:36:00 AM: createControls Finished
11/20/2017 10:36:03 AM: BindDocumentType started
11/20/2017 10:36:03 AM: BindDocumentType finished
11/20/2017 10:36:06 AM: createControls Started
11/20/2017 10:36:06 AM: createControls Loaded all Textbox dynamically
11/20/2017 10:36:06 AM: createControls Loaded all Textbox dynamically
11/20/2017 10:36:06 AM: createControls Finished
11/20/2017 10:36:06 AM: GetTemplateDetails started
11/20/2017 10:36:06 AM: generatecontrols Started
11/20/2017 10:36:06 AM: GenerateControls:Loaded all Textbox dynamically
11/20/2017 10:36:06 AM: GenerateControls:Loaded all Textbox dynamically
11/20/2017 10:48:04 AM: BindDocumentType started
11/20/2017 10:48:05 AM: BindDocumentType finished
11/20/2017 10:48:13 AM: createControls Started
11/20/2017 10:48:13 AM: createControls Loaded all Textbox dynamically
11/20/2017 10:48:13 AM: createControls Loaded all Textbox dynamically
11/20/2017 10:48:13 AM: createControls Finished
11/20/2017 10:48:13 AM: GetTemplateDetails started
11/20/2017 10:48:13 AM: generatecontrols Started
11/20/2017 10:48:13 AM: GenerateControls:Loaded all Textbox dynamically
11/20/2017 10:48:13 AM: GenerateControls:Loaded all Textbox dynamically
11/20/2017 10:48:32 AM: createControls Started
11/20/2017 10:48:32 AM: createControls Loaded all Textbox dynamically
11/20/2017 10:48:32 AM: createControls Loaded all Textbox dynamically
11/20/2017 10:48:32 AM: createControls Finished
11/20/2017 10:48:32 AM: Started Loading Entity Drop Down
11/20/2017 10:54:20 AM: createControls Started
11/20/2017 10:54:20 AM: createControls Loaded all Textbox dynamically
11/20/2017 10:54:20 AM: createControls Loaded all Textbox dynamically
11/20/2017 10:54:20 AM: createControls Finished
11/20/2017 10:54:20 AM: Started Loading Entity Drop Down
11/20/2017 10:55:32 AM: createControls Started
11/20/2017 10:55:32 AM: createControls Loaded all Textbox dynamically
11/20/2017 10:55:32 AM: createControls Loaded all Textbox dynamically
11/20/2017 10:55:32 AM: createControls Finished
11/20/2017 10:55:32 AM: Started Loading Entity Drop Down
11/20/2017 10:56:55 AM: createControls Started
11/20/2017 10:56:55 AM: createControls Loaded all Textbox dynamically
11/20/2017 10:56:55 AM: createControls Loaded all Textbox dynamically
11/20/2017 10:56:55 AM: createControls Finished
11/20/2017 10:56:55 AM: Started Loading Entity Drop Down
11/20/2017 11:00:47 AM: createControls Started
11/20/2017 11:00:47 AM: createControls Loaded all Textbox dynamically
11/20/2017 11:00:47 AM: createControls Loaded all Textbox dynamically
11/20/2017 11:00:47 AM: createControls Finished
11/20/2017 11:00:47 AM: Started Loading Entity Drop Down
11/20/2017 11:20:47 AM: BindDocumentType started
11/20/2017 11:20:48 AM: BindDocumentType finished
11/20/2017 11:20:53 AM: createControls Started
11/20/2017 11:20:53 AM: createControls Loaded all Textbox dynamically
11/20/2017 11:20:53 AM: createControls Loaded all Textbox dynamically
11/20/2017 11:20:53 AM: createControls Finished
11/20/2017 11:20:53 AM: GetTemplateDetails started
11/20/2017 11:20:53 AM: generatecontrols Started
11/20/2017 11:20:53 AM: GenerateControls:Loaded all Textbox dynamically
11/20/2017 11:20:53 AM: GenerateControls:Loaded all Textbox dynamically
11/20/2017 11:20:55 AM: createControls Started
11/20/2017 11:20:55 AM: createControls Loaded all Textbox dynamically
11/20/2017 11:20:55 AM: createControls Loaded all Textbox dynamically
11/20/2017 11:20:55 AM: createControls Finished
11/20/2017 11:20:55 AM: Started Loading Entity Drop Down
