5/26/2017 10:47:11 AM: BindDocumentType started
5/26/2017 10:47:11 AM: BindDocumentType finished
5/26/2017 10:47:21 AM: createControls Started
5/26/2017 10:47:21 AM: createControls Loaded all Textbox dynamically
5/26/2017 10:47:21 AM: createControls Loaded all Textbox dynamically
5/26/2017 10:47:21 AM: createControls Finished
5/26/2017 10:47:21 AM: GetTemplateDetails started
5/26/2017 10:47:21 AM: generatecontrols Started
5/26/2017 10:47:21 AM: GenerateControls:Loaded all Textbox dynamically
5/26/2017 10:47:21 AM: GenerateControls:Loaded all Textbox dynamically
5/26/2017 10:47:24 AM: createControls Started
5/26/2017 10:47:24 AM: createControls Loaded all Textbox dynamically
5/26/2017 10:47:24 AM: createControls Loaded all Textbox dynamically
5/26/2017 10:47:24 AM: createControls Finished
5/26/2017 10:48:34 AM: createControls Started
5/26/2017 10:48:34 AM: createControls Loaded all Textbox dynamically
5/26/2017 10:48:34 AM: createControls Loaded all Textbox dynamically
5/26/2017 10:48:34 AM: createControls Finished
5/26/2017 10:52:52 AM: GetSginatureDetails Started:-
5/26/2017 10:52:52 AM: GetSginatureDetails Completed:-
5/26/2017 10:52:52 AM: GetTemplateDetails Started
5/26/2017 10:52:52 AM: GetTemplateDetails total record count:1
5/26/2017 10:52:52 AM: Create controls,Load all Textbox dynamic
5/26/2017 10:52:52 AM: Create controls,Load all Textbox dynamic
5/26/2017 10:52:52 AM: GetTemplateDetails Finished
5/26/2017 10:52:52 AM: InitializeDocumentView started
5/26/2017 10:52:53 AM: InitializeDocumentView finished
5/26/2017 10:52:53 AM: Calling database to get annotated images. DocumentId: 1359, Action: GetAnnotatedPages
5/26/2017 10:52:53 AM: Calling database to get annotated images. DocumentId: 1359, Action: GetTaggedPages
5/26/2017 10:52:53 AM: LoadImageToViewer started
5/26/2017 10:52:53 AM: Setting image to viewer. Action:  Page count: 7 Current Page:1
5/26/2017 10:52:53 AM: Converting PDF to JPEG. PDF Path: D:\WDMSDocument\TempWorkFolder\Tk9fRVhfNTEwXzI1MF8xMDI1\1.pdf Image Name: Tk9fRVhfNTEwXzI1MF8xMDI1 Page No: 1
5/26/2017 10:52:53 AM: Converting PDF to JPEG without applying watermark.
5/26/2017 10:52:53 AM: Setting image to viewer using RegisterStartupScript: http://localhost:55361/generichandler.ashx?f=d://wdmsdocument//tempworkfolder//tk9frvhfntewxzi1mf8xmdi1jpg//1.jpeg
5/26/2017 10:52:53 AM: Invoke method to get annotations from databnase.
5/26/2017 10:52:53 AM: Get annotations from database.
5/26/2017 10:52:53 AM: Document Id: 1359 Page No: 1
5/26/2017 10:52:53 AM: Invoking method to get annotation data from database. Action: GetAnnotations
5/26/2017 10:52:53 AM: MailPanelFill started
5/26/2017 10:52:54 AM: MailPanelFill finished
5/26/2017 10:52:54 AM: Unzipping file. Filepath: D:\WDMSDocument\TempWorkFolder\\Tk9fRVhfNTEwXzI1MF8xMDI1.zip
5/26/2017 10:53:01 AM: BindDocumentType started
5/26/2017 10:53:01 AM: BindDocumentType finished
5/26/2017 10:53:08 AM: createControls Started
5/26/2017 10:53:08 AM: createControls Loaded all Textbox dynamically
5/26/2017 10:53:08 AM: createControls Loaded all Textbox dynamically
5/26/2017 10:53:08 AM: createControls Finished
5/26/2017 10:53:08 AM: GetTemplateDetails started
5/26/2017 10:53:08 AM: generatecontrols Started
5/26/2017 10:53:08 AM: GenerateControls:Loaded all Textbox dynamically
5/26/2017 10:53:08 AM: GenerateControls:Loaded all Textbox dynamically
5/26/2017 10:53:09 AM: createControls Started
5/26/2017 10:53:09 AM: createControls Loaded all Textbox dynamically
5/26/2017 10:53:09 AM: createControls Loaded all Textbox dynamically
5/26/2017 10:53:09 AM: createControls Finished
5/26/2017 10:53:12 AM: GetSginatureDetails Started:-
5/26/2017 10:53:12 AM: GetSginatureDetails Completed:-
5/26/2017 10:53:12 AM: GetTemplateDetails Started
5/26/2017 10:53:12 AM: GetTemplateDetails total record count:1
5/26/2017 10:53:12 AM: Create controls,Load all Textbox dynamic
5/26/2017 10:53:12 AM: Create controls,Load all Textbox dynamic
5/26/2017 10:53:12 AM: GetTemplateDetails Finished
5/26/2017 10:53:12 AM: InitializeDocumentView started
5/26/2017 10:53:13 AM: InitializeDocumentView finished
5/26/2017 10:53:13 AM: Calling database to get annotated images. DocumentId: 1361, Action: GetAnnotatedPages
5/26/2017 10:53:13 AM: Calling database to get annotated images. DocumentId: 1361, Action: GetTaggedPages
5/26/2017 10:53:13 AM: LoadImageToViewer started
5/26/2017 10:53:13 AM: Setting image to viewer. Action:  Page count: 6 Current Page:1
5/26/2017 10:53:13 AM: Converting PDF to JPEG. PDF Path: D:\WDMSDocument\TempWorkFolder\Tk9fRVhfNTEwXzI1MF8xMDI3\1.pdf Image Name: Tk9fRVhfNTEwXzI1MF8xMDI3 Page No: 1
5/26/2017 10:53:13 AM: Converting PDF to JPEG without applying watermark.
5/26/2017 10:53:13 AM: Setting image to viewer using RegisterStartupScript: http://localhost:55361/generichandler.ashx?f=d://wdmsdocument//tempworkfolder//tk9frvhfntewxzi1mf8xmdi3jpg//1.jpeg
5/26/2017 10:53:13 AM: Invoke method to get annotations from databnase.
5/26/2017 10:53:13 AM: Get annotations from database.
5/26/2017 10:53:13 AM: Document Id: 1361 Page No: 1
5/26/2017 10:53:13 AM: Invoking method to get annotation data from database. Action: GetAnnotations
5/26/2017 10:53:13 AM: MailPanelFill started
5/26/2017 10:53:13 AM: MailPanelFill finished
5/26/2017 10:53:13 AM: Unzipping file. Filepath: D:\WDMSDocument\TempWorkFolder\\Tk9fRVhfNTEwXzI1MF8xMDI3.zip
5/26/2017 10:53:17 AM: BindDocumentType started
5/26/2017 10:53:17 AM: BindDocumentType finished
5/26/2017 10:53:21 AM: createControls Started
5/26/2017 10:53:21 AM: createControls Loaded all Textbox dynamically
5/26/2017 10:53:21 AM: createControls Loaded all Textbox dynamically
5/26/2017 10:53:21 AM: createControls Finished
5/26/2017 10:53:21 AM: GetTemplateDetails started
5/26/2017 10:53:21 AM: generatecontrols Started
5/26/2017 10:53:21 AM: GenerateControls:Loaded all Textbox dynamically
5/26/2017 10:53:21 AM: GenerateControls:Loaded all Textbox dynamically
5/26/2017 10:53:25 AM: createControls Started
5/26/2017 10:53:25 AM: createControls Loaded all Textbox dynamically
5/26/2017 10:53:25 AM: createControls Loaded all Textbox dynamically
5/26/2017 10:53:25 AM: createControls Finished
5/26/2017 10:53:54 AM: createControls Started
5/26/2017 10:53:54 AM: createControls Loaded all Textbox dynamically
5/26/2017 10:53:54 AM: createControls Loaded all Textbox dynamically
5/26/2017 10:53:54 AM: createControls Finished
5/26/2017 12:07:49 PM: BindDocumentType started
5/26/2017 12:07:49 PM: BindDocumentType finished
5/26/2017 12:08:07 PM: createControls Started
5/26/2017 12:08:07 PM: createControls Loaded all Textbox dynamically
5/26/2017 12:08:07 PM: createControls Loaded all Textbox dynamically
5/26/2017 12:08:07 PM: createControls Finished
5/26/2017 12:08:07 PM: GetTemplateDetails started
5/26/2017 12:08:07 PM: generatecontrols Started
5/26/2017 12:08:07 PM: GenerateControls:Loaded all Textbox dynamically
5/26/2017 12:08:07 PM: GenerateControls:Loaded all Textbox dynamically
5/26/2017 12:08:38 PM: createControls Started
5/26/2017 12:08:38 PM: createControls Loaded all Textbox dynamically
5/26/2017 12:08:38 PM: createControls Loaded all Textbox dynamically
5/26/2017 12:08:38 PM: createControls Finished
5/26/2017 12:10:38 PM: createControls Started
5/26/2017 12:10:38 PM: createControls Loaded all Textbox dynamically
5/26/2017 12:10:38 PM: createControls Loaded all Textbox dynamically
5/26/2017 12:10:38 PM: createControls Finished
5/26/2017 3:57:57 PM: BindDocumentType started
5/26/2017 3:57:57 PM: BindDocumentType finished
5/26/2017 3:58:06 PM: createControls Started
5/26/2017 3:58:06 PM: createControls Loaded all Textbox dynamically
5/26/2017 3:58:06 PM: createControls Loaded all Textbox dynamically
5/26/2017 3:58:06 PM: createControls Finished
5/26/2017 3:58:06 PM: GetTemplateDetails started
5/26/2017 3:58:06 PM: generatecontrols Started
5/26/2017 3:58:06 PM: GenerateControls:Loaded all Textbox dynamically
5/26/2017 3:58:06 PM: GenerateControls:Loaded all Textbox dynamically
5/26/2017 3:58:08 PM: createControls Started
5/26/2017 3:58:08 PM: createControls Loaded all Textbox dynamically
5/26/2017 3:58:08 PM: createControls Loaded all Textbox dynamically
5/26/2017 3:58:08 PM: createControls Finished
5/26/2017 3:58:24 PM: createControls Started
5/26/2017 3:58:24 PM: createControls Loaded all Textbox dynamically
5/26/2017 3:58:24 PM: createControls Loaded all Textbox dynamically
5/26/2017 3:58:24 PM: createControls Finished
5/26/2017 4:13:41 PM: BindDocumentType started
5/26/2017 4:13:41 PM: BindDocumentType finished
5/26/2017 4:13:45 PM: createControls Started
5/26/2017 4:13:45 PM: createControls Loaded all Textbox dynamically
5/26/2017 4:13:45 PM: createControls Loaded all Textbox dynamically
5/26/2017 4:13:45 PM: createControls Finished
5/26/2017 4:13:45 PM: GetTemplateDetails started
5/26/2017 4:13:45 PM: generatecontrols Started
5/26/2017 4:13:45 PM: GenerateControls:Loaded all Textbox dynamically
5/26/2017 4:13:45 PM: GenerateControls:Loaded all Textbox dynamically
5/26/2017 4:13:47 PM: createControls Started
5/26/2017 4:13:47 PM: createControls Loaded all Textbox dynamically
5/26/2017 4:13:47 PM: createControls Loaded all Textbox dynamically
5/26/2017 4:13:47 PM: createControls Finished
5/26/2017 4:14:07 PM: createControls Started
5/26/2017 4:14:07 PM: createControls Loaded all Textbox dynamically
5/26/2017 4:14:07 PM: createControls Loaded all Textbox dynamically
5/26/2017 4:14:07 PM: createControls Finished
5/26/2017 4:17:27 PM: BindDocumentType started
5/26/2017 4:17:27 PM: BindDocumentType finished
5/26/2017 4:17:31 PM: createControls Started
5/26/2017 4:17:31 PM: createControls Loaded all Textbox dynamically
5/26/2017 4:17:31 PM: createControls Loaded all Textbox dynamically
5/26/2017 4:17:31 PM: createControls Finished
5/26/2017 4:17:31 PM: GetTemplateDetails started
5/26/2017 4:17:31 PM: generatecontrols Started
5/26/2017 4:17:31 PM: GenerateControls:Loaded all Textbox dynamically
5/26/2017 4:17:31 PM: GenerateControls:Loaded all Textbox dynamically
5/26/2017 4:17:35 PM: createControls Started
5/26/2017 4:17:35 PM: createControls Loaded all Textbox dynamically
5/26/2017 4:17:35 PM: createControls Loaded all Textbox dynamically
5/26/2017 4:17:35 PM: createControls Finished
5/26/2017 4:17:49 PM: createControls Started
5/26/2017 4:17:49 PM: createControls Loaded all Textbox dynamically
5/26/2017 4:17:49 PM: createControls Loaded all Textbox dynamically
5/26/2017 4:17:49 PM: createControls Finished
5/26/2017 4:59:13 PM: BindDocumentType started
5/26/2017 4:59:13 PM: BindDocumentType finished
5/26/2017 4:59:18 PM: createControls Started
5/26/2017 4:59:18 PM: createControls Loaded all Textbox dynamically
5/26/2017 4:59:18 PM: createControls Loaded all Textbox dynamically
5/26/2017 4:59:18 PM: createControls Finished
5/26/2017 4:59:18 PM: GetTemplateDetails started
5/26/2017 4:59:18 PM: generatecontrols Started
5/26/2017 4:59:18 PM: GenerateControls:Loaded all Textbox dynamically
5/26/2017 4:59:18 PM: GenerateControls:Loaded all Textbox dynamically
5/26/2017 4:59:21 PM: createControls Started
5/26/2017 4:59:21 PM: createControls Loaded all Textbox dynamically
5/26/2017 4:59:21 PM: createControls Loaded all Textbox dynamically
5/26/2017 4:59:21 PM: createControls Finished
5/26/2017 4:59:35 PM: GetSginatureDetails Started:-
5/26/2017 4:59:35 PM: GetSginatureDetails Completed:-
5/26/2017 4:59:35 PM: GetTemplateDetails Started
5/26/2017 4:59:35 PM: GetTemplateDetails total record count:1
5/26/2017 4:59:35 PM: Create controls,Load all Textbox dynamic
5/26/2017 4:59:35 PM: Create controls,Load all Textbox dynamic
5/26/2017 4:59:35 PM: GetTemplateDetails Finished
5/26/2017 4:59:35 PM: InitializeDocumentView started
5/26/2017 4:59:35 PM: InitializeDocumentView finished
5/26/2017 4:59:35 PM: Calling database to get annotated images. DocumentId: 1360, Action: GetAnnotatedPages
5/26/2017 4:59:35 PM: Calling database to get annotated images. DocumentId: 1360, Action: GetTaggedPages
5/26/2017 4:59:36 PM: LoadImageToViewer started
5/26/2017 4:59:36 PM: Setting image to viewer. Action:  Page count: 3 Current Page:1
5/26/2017 4:59:36 PM: Converting PDF to JPEG. PDF Path: D:\WDMSDocument\TempWorkFolder\Tk9fRVhfNTEwXzI1MF8xMDI2\1.pdf Image Name: Tk9fRVhfNTEwXzI1MF8xMDI2 Page No: 1
5/26/2017 4:59:36 PM: Converting PDF to JPEG without applying watermark.
5/26/2017 4:59:36 PM: Setting image to viewer using RegisterStartupScript: http://localhost:55361/generichandler.ashx?f=d://wdmsdocument//tempworkfolder//tk9frvhfntewxzi1mf8xmdi2jpg//1.jpeg
5/26/2017 4:59:36 PM: Invoke method to get annotations from databnase.
5/26/2017 4:59:36 PM: Get annotations from database.
5/26/2017 4:59:36 PM: Document Id: 1360 Page No: 1
5/26/2017 4:59:36 PM: Invoking method to get annotation data from database. Action: GetAnnotations
5/26/2017 4:59:36 PM: MailPanelFill started
5/26/2017 4:59:36 PM: MailPanelFill finished
5/26/2017 4:59:36 PM: Unzipping file. Filepath: D:\WDMSDocument\TempWorkFolder\\Tk9fRVhfNTEwXzI1MF8xMDI2.zip
5/26/2017 4:59:59 PM: BindDocumentType started
5/26/2017 4:59:59 PM: BindDocumentType finished
5/26/2017 5:00:30 PM: createControls Started
5/26/2017 5:00:30 PM: createControls Loaded all Textbox dynamically
5/26/2017 5:00:30 PM: createControls Loaded all Textbox dynamically
5/26/2017 5:00:30 PM: createControls Finished
5/26/2017 5:00:30 PM: GetTemplateDetails started
5/26/2017 5:00:30 PM: generatecontrols Started
5/26/2017 5:00:30 PM: GenerateControls:Loaded all Textbox dynamically
5/26/2017 5:00:30 PM: GenerateControls:Loaded all Textbox dynamically
5/26/2017 5:00:31 PM: createControls Started
5/26/2017 5:00:31 PM: createControls Loaded all Textbox dynamically
5/26/2017 5:00:31 PM: createControls Loaded all Textbox dynamically
5/26/2017 5:00:31 PM: createControls Finished
5/26/2017 5:00:40 PM: GetSginatureDetails Started:-
5/26/2017 5:00:40 PM: GetSginatureDetails Completed:-
5/26/2017 5:00:40 PM: GetTemplateDetails Started
5/26/2017 5:00:40 PM: GetTemplateDetails total record count:1
5/26/2017 5:00:40 PM: Create controls,Load all Textbox dynamic
5/26/2017 5:00:40 PM: Create controls,Load all Textbox dynamic
5/26/2017 5:00:40 PM: GetTemplateDetails Finished
5/26/2017 5:00:40 PM: InitializeDocumentView started
5/26/2017 5:00:40 PM: InitializeDocumentView finished
5/26/2017 5:00:40 PM: Calling database to get annotated images. DocumentId: 1343, Action: GetAnnotatedPages
5/26/2017 5:00:40 PM: Calling database to get annotated images. DocumentId: 1343, Action: GetTaggedPages
5/26/2017 5:00:40 PM: LoadImageToViewer started
5/26/2017 5:00:40 PM: Setting image to viewer. Action:  Page count: 0 Current Page:1
5/26/2017 5:00:40 PM: MailPanelFill started
5/26/2017 5:00:40 PM: MailPanelFill finished
5/26/2017 5:00:48 PM: BindDocumentType started
5/26/2017 5:00:48 PM: BindDocumentType finished
5/26/2017 5:00:53 PM: createControls Started
5/26/2017 5:00:53 PM: createControls Loaded all Textbox dynamically
5/26/2017 5:00:53 PM: createControls Loaded all Textbox dynamically
5/26/2017 5:00:53 PM: createControls Finished
5/26/2017 5:00:53 PM: GetTemplateDetails started
5/26/2017 5:00:53 PM: generatecontrols Started
5/26/2017 5:00:53 PM: GenerateControls:Loaded all Textbox dynamically
5/26/2017 5:00:53 PM: GenerateControls:Loaded all Textbox dynamically
5/26/2017 5:00:54 PM: createControls Started
5/26/2017 5:00:54 PM: createControls Loaded all Textbox dynamically
5/26/2017 5:00:54 PM: createControls Loaded all Textbox dynamically
5/26/2017 5:00:54 PM: createControls Finished
5/26/2017 5:01:09 PM: createControls Started
5/26/2017 5:01:09 PM: createControls Loaded all Textbox dynamically
5/26/2017 5:01:09 PM: createControls Loaded all Textbox dynamically
5/26/2017 5:01:09 PM: createControls Finished
5/26/2017 5:37:24 PM: BindDocumentType started
5/26/2017 5:37:24 PM: BindDocumentType finished
5/26/2017 5:37:27 PM: createControls Started
5/26/2017 5:37:27 PM: createControls Loaded all Textbox dynamically
5/26/2017 5:37:27 PM: createControls Loaded all Textbox dynamically
5/26/2017 5:37:27 PM: createControls Finished
5/26/2017 5:37:27 PM: GetTemplateDetails started
5/26/2017 5:37:27 PM: generatecontrols Started
5/26/2017 5:37:27 PM: GenerateControls:Loaded all Textbox dynamically
5/26/2017 5:37:27 PM: GenerateControls:Loaded all Textbox dynamically
5/26/2017 5:37:32 PM: GetSginatureDetails Started:-
5/26/2017 5:37:32 PM: GetSginatureDetails Completed:-
5/26/2017 5:37:32 PM: GetTemplateDetails Started
5/26/2017 5:37:32 PM: GetTemplateDetails total record count:1
5/26/2017 5:37:32 PM: Create controls,Load all Textbox dynamic
5/26/2017 5:37:32 PM: Create controls,Load all Textbox dynamic
5/26/2017 5:37:32 PM: GetTemplateDetails Finished
5/26/2017 5:37:32 PM: InitializeDocumentView started
5/26/2017 5:37:32 PM: InitializeDocumentView finished
5/26/2017 5:37:32 PM: Calling database to get annotated images. DocumentId: 1359, Action: GetAnnotatedPages
5/26/2017 5:37:32 PM: Calling database to get annotated images. DocumentId: 1359, Action: GetTaggedPages
5/26/2017 5:37:32 PM: LoadImageToViewer started
5/26/2017 5:37:32 PM: Setting image to viewer. Action:  Page count: 7 Current Page:1
5/26/2017 5:37:32 PM: Converting PDF to JPEG. PDF Path: D:\WDMSDocument\TempWorkFolder\Tk9fRVhfNTEwXzI1MF8xMDI1\1.pdf Image Name: Tk9fRVhfNTEwXzI1MF8xMDI1 Page No: 1
5/26/2017 5:37:32 PM: Converting PDF to JPEG without applying watermark.
5/26/2017 5:37:33 PM: Setting image to viewer using RegisterStartupScript: http://localhost:55361/generichandler.ashx?f=d://wdmsdocument//tempworkfolder//tk9frvhfntewxzi1mf8xmdi1jpg//1.jpeg
5/26/2017 5:37:33 PM: Invoke method to get annotations from databnase.
5/26/2017 5:37:33 PM: Get annotations from database.
5/26/2017 5:37:33 PM: Document Id: 1359 Page No: 1
5/26/2017 5:37:33 PM: Invoking method to get annotation data from database. Action: GetAnnotations
5/26/2017 5:37:33 PM: MailPanelFill started
5/26/2017 5:37:33 PM: MailPanelFill finished
5/26/2017 5:37:33 PM: Unzipping file. Filepath: D:\WDMSDocument\TempWorkFolder\\Tk9fRVhfNTEwXzI1MF8xMDI1.zip
5/26/2017 5:37:39 PM: BindDocumentType started
5/26/2017 5:37:39 PM: BindDocumentType finished
5/26/2017 5:37:45 PM: createControls Started
5/26/2017 5:37:45 PM: createControls Loaded all Textbox dynamically
5/26/2017 5:37:45 PM: createControls Loaded all Textbox dynamically
5/26/2017 5:37:45 PM: createControls Finished
5/26/2017 5:37:45 PM: GetTemplateDetails started
5/26/2017 5:37:45 PM: generatecontrols Started
5/26/2017 5:37:45 PM: GenerateControls:Loaded all Textbox dynamically
5/26/2017 5:37:45 PM: GenerateControls:Loaded all Textbox dynamically
5/26/2017 5:37:49 PM: GetSginatureDetails Started:-
5/26/2017 5:37:49 PM: GetSginatureDetails Completed:-
5/26/2017 5:37:49 PM: GetTemplateDetails Started
5/26/2017 5:37:49 PM: GetTemplateDetails total record count:1
5/26/2017 5:37:49 PM: Create controls,Load all Textbox dynamic
5/26/2017 5:37:49 PM: Create controls,Load all Textbox dynamic
5/26/2017 5:37:49 PM: GetTemplateDetails Finished
5/26/2017 5:37:49 PM: InitializeDocumentView started
5/26/2017 5:37:49 PM: InitializeDocumentView finished
5/26/2017 5:37:49 PM: Calling database to get annotated images. DocumentId: 1360, Action: GetAnnotatedPages
5/26/2017 5:37:49 PM: Calling database to get annotated images. DocumentId: 1360, Action: GetTaggedPages
5/26/2017 5:37:49 PM: LoadImageToViewer started
5/26/2017 5:37:49 PM: Setting image to viewer. Action:  Page count: 3 Current Page:1
5/26/2017 5:37:49 PM: Converting PDF to JPEG. PDF Path: D:\WDMSDocument\TempWorkFolder\Tk9fRVhfNTEwXzI1MF8xMDI2\1.pdf Image Name: Tk9fRVhfNTEwXzI1MF8xMDI2 Page No: 1
5/26/2017 5:37:49 PM: Converting PDF to JPEG without applying watermark.
5/26/2017 5:37:49 PM: Setting image to viewer using RegisterStartupScript: http://localhost:55361/generichandler.ashx?f=d://wdmsdocument//tempworkfolder//tk9frvhfntewxzi1mf8xmdi2jpg//1.jpeg
5/26/2017 5:37:49 PM: Invoke method to get annotations from databnase.
5/26/2017 5:37:49 PM: Get annotations from database.
5/26/2017 5:37:49 PM: Document Id: 1360 Page No: 1
5/26/2017 5:37:49 PM: Invoking method to get annotation data from database. Action: GetAnnotations
5/26/2017 5:37:49 PM: MailPanelFill started
5/26/2017 5:37:49 PM: MailPanelFill finished
5/26/2017 5:37:49 PM: Unzipping file. Filepath: D:\WDMSDocument\TempWorkFolder\\Tk9fRVhfNTEwXzI1MF8xMDI2.zip
5/26/2017 5:37:57 PM: BindDocumentType started
5/26/2017 5:37:57 PM: BindDocumentType finished
5/26/2017 5:46:54 PM: BindDocumentType started
5/26/2017 5:46:54 PM: BindDocumentType finished
5/26/2017 5:46:58 PM: createControls Started
5/26/2017 5:46:58 PM: createControls Loaded all Textbox dynamically
5/26/2017 5:46:58 PM: createControls Loaded all Textbox dynamically
5/26/2017 5:46:58 PM: createControls Finished
5/26/2017 5:46:58 PM: GetTemplateDetails started
5/26/2017 5:46:58 PM: generatecontrols Started
5/26/2017 5:46:58 PM: GenerateControls:Loaded all Textbox dynamically
5/26/2017 5:46:58 PM: GenerateControls:Loaded all Textbox dynamically
5/26/2017 5:47:03 PM: GetSginatureDetails Started:-
5/26/2017 5:47:03 PM: GetSginatureDetails Completed:-
5/26/2017 5:47:03 PM: GetTemplateDetails Started
5/26/2017 5:47:03 PM: GetTemplateDetails total record count:1
5/26/2017 5:47:03 PM: Create controls,Load all Textbox dynamic
5/26/2017 5:47:03 PM: Create controls,Load all Textbox dynamic
5/26/2017 5:47:03 PM: GetTemplateDetails Finished
5/26/2017 5:47:03 PM: InitializeDocumentView started
5/26/2017 5:47:03 PM: InitializeDocumentView finished
5/26/2017 5:47:03 PM: Calling database to get annotated images. DocumentId: 1359, Action: GetAnnotatedPages
5/26/2017 5:47:03 PM: Calling database to get annotated images. DocumentId: 1359, Action: GetTaggedPages
5/26/2017 5:47:03 PM: LoadImageToViewer started
5/26/2017 5:47:03 PM: Setting image to viewer. Action:  Page count: 7 Current Page:1
5/26/2017 5:47:03 PM: Converting PDF to JPEG. PDF Path: D:\WDMSDocument\TempWorkFolder\Tk9fRVhfNTEwXzI1MF8xMDI1\1.pdf Image Name: Tk9fRVhfNTEwXzI1MF8xMDI1 Page No: 1
5/26/2017 5:47:03 PM: Converting PDF to JPEG without applying watermark.
5/26/2017 5:47:04 PM: Setting image to viewer using RegisterStartupScript: http://localhost:55361/generichandler.ashx?f=d://wdmsdocument//tempworkfolder//tk9frvhfntewxzi1mf8xmdi1jpg//1.jpeg
5/26/2017 5:47:04 PM: Invoke method to get annotations from databnase.
5/26/2017 5:47:04 PM: Get annotations from database.
5/26/2017 5:47:04 PM: Document Id: 1359 Page No: 1
5/26/2017 5:47:04 PM: Invoking method to get annotation data from database. Action: GetAnnotations
5/26/2017 5:47:04 PM: MailPanelFill started
5/26/2017 5:47:04 PM: MailPanelFill finished
5/26/2017 5:47:04 PM: Unzipping file. Filepath: D:\WDMSDocument\TempWorkFolder\\Tk9fRVhfNTEwXzI1MF8xMDI1.zip
5/26/2017 5:47:09 PM: BindDocumentType started
5/26/2017 5:47:09 PM: BindDocumentType finished
5/26/2017 5:50:20 PM: BindDocumentType started
5/26/2017 5:50:20 PM: BindDocumentType finished
5/26/2017 5:50:24 PM: createControls Started
5/26/2017 5:50:24 PM: createControls Loaded all Textbox dynamically
5/26/2017 5:50:24 PM: createControls Loaded all Textbox dynamically
5/26/2017 5:50:24 PM: createControls Finished
5/26/2017 5:50:24 PM: GetTemplateDetails started
5/26/2017 5:50:24 PM: generatecontrols Started
5/26/2017 5:50:24 PM: GenerateControls:Loaded all Textbox dynamically
5/26/2017 5:50:24 PM: GenerateControls:Loaded all Textbox dynamically
5/26/2017 5:50:30 PM: GetSginatureDetails Started:-
5/26/2017 5:50:30 PM: GetSginatureDetails Completed:-
5/26/2017 5:50:30 PM: GetTemplateDetails Started
5/26/2017 5:50:30 PM: GetTemplateDetails total record count:1
5/26/2017 5:50:30 PM: Create controls,Load all Textbox dynamic
5/26/2017 5:50:30 PM: Create controls,Load all Textbox dynamic
5/26/2017 5:50:30 PM: GetTemplateDetails Finished
5/26/2017 5:50:30 PM: InitializeDocumentView started
5/26/2017 5:50:30 PM: InitializeDocumentView finished
5/26/2017 5:50:30 PM: Calling database to get annotated images. DocumentId: 1359, Action: GetAnnotatedPages
5/26/2017 5:50:30 PM: Calling database to get annotated images. DocumentId: 1359, Action: GetTaggedPages
5/26/2017 5:50:30 PM: LoadImageToViewer started
5/26/2017 5:50:30 PM: Setting image to viewer. Action:  Page count: 7 Current Page:1
5/26/2017 5:50:30 PM: Converting PDF to JPEG. PDF Path: D:\WDMSDocument\TempWorkFolder\Tk9fRVhfNTEwXzI1MF8xMDI1\1.pdf Image Name: Tk9fRVhfNTEwXzI1MF8xMDI1 Page No: 1
5/26/2017 5:50:30 PM: Converting PDF to JPEG without applying watermark.
5/26/2017 5:50:30 PM: Setting image to viewer using RegisterStartupScript: http://localhost:55361/generichandler.ashx?f=d://wdmsdocument//tempworkfolder//tk9frvhfntewxzi1mf8xmdi1jpg//1.jpeg
5/26/2017 5:50:30 PM: Invoke method to get annotations from databnase.
5/26/2017 5:50:30 PM: Get annotations from database.
5/26/2017 5:50:30 PM: Document Id: 1359 Page No: 1
5/26/2017 5:50:30 PM: Invoking method to get annotation data from database. Action: GetAnnotations
5/26/2017 5:50:30 PM: MailPanelFill started
5/26/2017 5:50:30 PM: MailPanelFill finished
5/26/2017 5:50:30 PM: Unzipping file. Filepath: D:\WDMSDocument\TempWorkFolder\\Tk9fRVhfNTEwXzI1MF8xMDI1.zip
5/26/2017 5:50:35 PM: BindDocumentType started
5/26/2017 5:50:35 PM: BindDocumentType finished
5/26/2017 5:50:41 PM: createControls Started
5/26/2017 5:50:41 PM: createControls Loaded all Textbox dynamically
5/26/2017 5:50:41 PM: createControls Loaded all Textbox dynamically
5/26/2017 5:50:41 PM: createControls Finished
5/26/2017 5:50:41 PM: GetTemplateDetails started
5/26/2017 5:50:41 PM: generatecontrols Started
5/26/2017 5:50:41 PM: GenerateControls:Loaded all Textbox dynamically
5/26/2017 5:50:41 PM: GenerateControls:Loaded all Textbox dynamically
5/26/2017 5:50:45 PM: GetSginatureDetails Started:-
5/26/2017 5:50:45 PM: GetSginatureDetails Completed:-
5/26/2017 5:50:45 PM: GetTemplateDetails Started
5/26/2017 5:50:45 PM: GetTemplateDetails total record count:1
5/26/2017 5:50:45 PM: Create controls,Load all Textbox dynamic
5/26/2017 5:50:45 PM: Create controls,Load all Textbox dynamic
5/26/2017 5:50:45 PM: GetTemplateDetails Finished
5/26/2017 5:50:45 PM: InitializeDocumentView started
5/26/2017 5:50:46 PM: InitializeDocumentView finished
5/26/2017 5:50:46 PM: Calling database to get annotated images. DocumentId: 1360, Action: GetAnnotatedPages
5/26/2017 5:50:46 PM: Calling database to get annotated images. DocumentId: 1360, Action: GetTaggedPages
5/26/2017 5:50:46 PM: LoadImageToViewer started
5/26/2017 5:50:46 PM: Setting image to viewer. Action:  Page count: 3 Current Page:1
5/26/2017 5:50:46 PM: Converting PDF to JPEG. PDF Path: D:\WDMSDocument\TempWorkFolder\Tk9fRVhfNTEwXzI1MF8xMDI2\1.pdf Image Name: Tk9fRVhfNTEwXzI1MF8xMDI2 Page No: 1
5/26/2017 5:50:46 PM: Converting PDF to JPEG without applying watermark.
5/26/2017 5:50:46 PM: Setting image to viewer using RegisterStartupScript: http://localhost:55361/generichandler.ashx?f=d://wdmsdocument//tempworkfolder//tk9frvhfntewxzi1mf8xmdi2jpg//1.jpeg
5/26/2017 5:50:46 PM: Invoke method to get annotations from databnase.
5/26/2017 5:50:46 PM: Get annotations from database.
5/26/2017 5:50:46 PM: Document Id: 1360 Page No: 1
5/26/2017 5:50:46 PM: Invoking method to get annotation data from database. Action: GetAnnotations
5/26/2017 5:50:46 PM: MailPanelFill started
5/26/2017 5:50:46 PM: MailPanelFill finished
5/26/2017 5:50:46 PM: Unzipping file. Filepath: D:\WDMSDocument\TempWorkFolder\\Tk9fRVhfNTEwXzI1MF8xMDI2.zip
5/26/2017 5:51:01 PM: BindDocumentType started
5/26/2017 5:51:01 PM: BindDocumentType finished
5/26/2017 5:58:04 PM: BindDocumentType started
5/26/2017 5:58:04 PM: BindDocumentType finished
5/26/2017 5:58:09 PM: createControls Started
5/26/2017 5:58:10 PM: createControls Loaded all Textbox dynamically
5/26/2017 5:58:10 PM: createControls Loaded all Textbox dynamically
5/26/2017 5:58:10 PM: createControls Finished
5/26/2017 5:58:10 PM: GetTemplateDetails started
5/26/2017 5:58:10 PM: generatecontrols Started
5/26/2017 5:58:10 PM: GenerateControls:Loaded all Textbox dynamically
5/26/2017 5:58:10 PM: GenerateControls:Loaded all Textbox dynamically
5/26/2017 5:58:15 PM: GetSginatureDetails Started:-
5/26/2017 5:58:15 PM: GetSginatureDetails Completed:-
5/26/2017 5:58:15 PM: GetTemplateDetails Started
5/26/2017 5:58:15 PM: GetTemplateDetails total record count:1
5/26/2017 5:58:15 PM: Create controls,Load all Textbox dynamic
5/26/2017 5:58:15 PM: Create controls,Load all Textbox dynamic
5/26/2017 5:58:15 PM: GetTemplateDetails Finished
5/26/2017 5:58:15 PM: InitializeDocumentView started
5/26/2017 5:58:15 PM: InitializeDocumentView finished
5/26/2017 5:58:15 PM: Calling database to get annotated images. DocumentId: 1359, Action: GetAnnotatedPages
5/26/2017 5:58:15 PM: Calling database to get annotated images. DocumentId: 1359, Action: GetTaggedPages
5/26/2017 5:58:15 PM: LoadImageToViewer started
5/26/2017 5:58:15 PM: Setting image to viewer. Action:  Page count: 7 Current Page:1
5/26/2017 5:58:15 PM: Converting PDF to JPEG. PDF Path: D:\WDMSDocument\TempWorkFolder\Tk9fRVhfNTEwXzI1MF8xMDI1\1.pdf Image Name: Tk9fRVhfNTEwXzI1MF8xMDI1 Page No: 1
5/26/2017 5:58:15 PM: Converting PDF to JPEG without applying watermark.
5/26/2017 5:58:16 PM: Setting image to viewer using RegisterStartupScript: http://localhost:55361/generichandler.ashx?f=d://wdmsdocument//tempworkfolder//tk9frvhfntewxzi1mf8xmdi1jpg//1.jpeg
5/26/2017 5:58:16 PM: Invoke method to get annotations from databnase.
5/26/2017 5:58:16 PM: Get annotations from database.
5/26/2017 5:58:16 PM: Document Id: 1359 Page No: 1
5/26/2017 5:58:16 PM: Invoking method to get annotation data from database. Action: GetAnnotations
5/26/2017 5:58:16 PM: MailPanelFill started
5/26/2017 5:58:16 PM: MailPanelFill finished
5/26/2017 5:58:16 PM: Unzipping file. Filepath: D:\WDMSDocument\TempWorkFolder\\Tk9fRVhfNTEwXzI1MF8xMDI1.zip
5/26/2017 5:58:22 PM: BindDocumentType started
5/26/2017 5:58:22 PM: BindDocumentType finished
5/26/2017 5:58:28 PM: createControls Started
5/26/2017 5:58:28 PM: createControls Loaded all Textbox dynamically
5/26/2017 5:58:28 PM: createControls Loaded all Textbox dynamically
5/26/2017 5:58:28 PM: createControls Finished
5/26/2017 5:58:28 PM: GetTemplateDetails started
5/26/2017 5:58:28 PM: generatecontrols Started
5/26/2017 5:58:28 PM: GenerateControls:Loaded all Textbox dynamically
5/26/2017 5:58:28 PM: GenerateControls:Loaded all Textbox dynamically
5/26/2017 5:58:32 PM: GetSginatureDetails Started:-
5/26/2017 5:58:32 PM: GetSginatureDetails Completed:-
5/26/2017 5:58:32 PM: GetTemplateDetails Started
5/26/2017 5:58:32 PM: GetTemplateDetails total record count:1
5/26/2017 5:58:32 PM: Create controls,Load all Textbox dynamic
5/26/2017 5:58:32 PM: Create controls,Load all Textbox dynamic
5/26/2017 5:58:32 PM: GetTemplateDetails Finished
5/26/2017 5:58:32 PM: InitializeDocumentView started
5/26/2017 5:58:32 PM: InitializeDocumentView finished
5/26/2017 5:58:32 PM: Calling database to get annotated images. DocumentId: 1360, Action: GetAnnotatedPages
5/26/2017 5:58:32 PM: Calling database to get annotated images. DocumentId: 1360, Action: GetTaggedPages
5/26/2017 5:58:32 PM: LoadImageToViewer started
5/26/2017 5:58:32 PM: Setting image to viewer. Action:  Page count: 3 Current Page:1
5/26/2017 5:58:32 PM: Converting PDF to JPEG. PDF Path: D:\WDMSDocument\TempWorkFolder\Tk9fRVhfNTEwXzI1MF8xMDI2\1.pdf Image Name: Tk9fRVhfNTEwXzI1MF8xMDI2 Page No: 1
5/26/2017 5:58:32 PM: Converting PDF to JPEG without applying watermark.
5/26/2017 5:58:32 PM: Setting image to viewer using RegisterStartupScript: http://localhost:55361/generichandler.ashx?f=d://wdmsdocument//tempworkfolder//tk9frvhfntewxzi1mf8xmdi2jpg//1.jpeg
5/26/2017 5:58:32 PM: Invoke method to get annotations from databnase.
5/26/2017 5:58:32 PM: Get annotations from database.
5/26/2017 5:58:32 PM: Document Id: 1360 Page No: 1
5/26/2017 5:58:33 PM: Invoking method to get annotation data from database. Action: GetAnnotations
5/26/2017 5:58:33 PM: MailPanelFill started
5/26/2017 5:58:33 PM: MailPanelFill finished
5/26/2017 5:58:33 PM: Unzipping file. Filepath: D:\WDMSDocument\TempWorkFolder\\Tk9fRVhfNTEwXzI1MF8xMDI2.zip
5/26/2017 5:58:44 PM: GetTemplateDetails Started
5/26/2017 5:58:44 PM: GetTemplateDetails total record count:1
5/26/2017 5:58:44 PM: Create controls,Load all Textbox dynamic
5/26/2017 5:58:44 PM: Create controls,Load all Textbox dynamic
5/26/2017 5:58:44 PM: GetTemplateDetails Finished
5/26/2017 5:58:45 PM: LoadImageToViewer started
5/26/2017 5:58:45 PM: Setting image to viewer. Action: THUMB Page count: 3 Current Page:1
5/26/2017 5:58:45 PM: Converting PDF to JPEG. PDF Path: D:\WDMSDocument\TempWorkFolder\Tk9fRVhfNTEwXzI1MF8xMDI2\2.pdf Image Name: Tk9fRVhfNTEwXzI1MF8xMDI2 Page No: 2
5/26/2017 5:58:45 PM: Converting PDF to JPEG without applying watermark.
5/26/2017 5:58:45 PM: Setting image to viewer using RegisterStartupScript: http://localhost:55361/generichandler.ashx?f=d://wdmsdocument//tempworkfolder//tk9frvhfntewxzi1mf8xmdi2jpg//2.jpeg
5/26/2017 5:58:45 PM: Invoke method to get annotations from databnase.
5/26/2017 5:58:45 PM: Get annotations from database.
5/26/2017 5:58:45 PM: Document Id: 1360 Page No: 2
5/26/2017 5:58:45 PM: Invoking method to get annotation data from database. Action: GetAnnotations
5/26/2017 5:58:47 PM: GetTemplateDetails Started
5/26/2017 5:58:47 PM: GetTemplateDetails total record count:1
5/26/2017 5:58:47 PM: Create controls,Load all Textbox dynamic
5/26/2017 5:58:47 PM: Create controls,Load all Textbox dynamic
5/26/2017 5:58:47 PM: GetTemplateDetails Finished
5/26/2017 5:58:47 PM: LoadImageToViewer started
5/26/2017 5:58:47 PM: Setting image to viewer. Action: THUMB Page count: 3 Current Page:2
5/26/2017 5:58:47 PM: Converting PDF to JPEG. PDF Path: D:\WDMSDocument\TempWorkFolder\Tk9fRVhfNTEwXzI1MF8xMDI2\3.pdf Image Name: Tk9fRVhfNTEwXzI1MF8xMDI2 Page No: 3
5/26/2017 5:58:47 PM: Converting PDF to JPEG without applying watermark.
5/26/2017 5:58:47 PM: Setting image to viewer using RegisterStartupScript: http://localhost:55361/generichandler.ashx?f=d://wdmsdocument//tempworkfolder//tk9frvhfntewxzi1mf8xmdi2jpg//3.jpeg
5/26/2017 5:58:47 PM: Invoke method to get annotations from databnase.
5/26/2017 5:58:47 PM: Get annotations from database.
5/26/2017 5:58:47 PM: Document Id: 1360 Page No: 3
5/26/2017 5:58:47 PM: Invoking method to get annotation data from database. Action: GetAnnotations
5/26/2017 5:58:49 PM: GetTemplateDetails Started
5/26/2017 5:58:49 PM: GetTemplateDetails total record count:1
5/26/2017 5:58:49 PM: Create controls,Load all Textbox dynamic
5/26/2017 5:58:49 PM: Create controls,Load all Textbox dynamic
5/26/2017 5:58:49 PM: GetTemplateDetails Finished
5/26/2017 5:58:49 PM: LoadImageToViewer started
5/26/2017 5:58:49 PM: Setting image to viewer. Action: THUMB Page count: 3 Current Page:3
5/26/2017 5:58:49 PM: Converting PDF to JPEG. PDF Path: D:\WDMSDocument\TempWorkFolder\Tk9fRVhfNTEwXzI1MF8xMDI2\2.pdf Image Name: Tk9fRVhfNTEwXzI1MF8xMDI2 Page No: 2
5/26/2017 5:58:49 PM: Converting PDF to JPEG without applying watermark.
5/26/2017 5:58:49 PM: Setting image to viewer using RegisterStartupScript: http://localhost:55361/generichandler.ashx?f=d://wdmsdocument//tempworkfolder//tk9frvhfntewxzi1mf8xmdi2jpg//2.jpeg
5/26/2017 5:58:49 PM: Invoke method to get annotations from databnase.
5/26/2017 5:58:49 PM: Get annotations from database.
5/26/2017 5:58:49 PM: Document Id: 1360 Page No: 2
5/26/2017 5:58:49 PM: Invoking method to get annotation data from database. Action: GetAnnotations
5/26/2017 5:58:50 PM: GetTemplateDetails Started
5/26/2017 5:58:50 PM: GetTemplateDetails total record count:1
5/26/2017 5:58:50 PM: Create controls,Load all Textbox dynamic
5/26/2017 5:58:50 PM: Create controls,Load all Textbox dynamic
5/26/2017 5:58:50 PM: GetTemplateDetails Finished
5/26/2017 5:58:50 PM: LoadImageToViewer started
5/26/2017 5:58:50 PM: Setting image to viewer. Action: THUMB Page count: 3 Current Page:2
5/26/2017 5:58:50 PM: Converting PDF to JPEG. PDF Path: D:\WDMSDocument\TempWorkFolder\Tk9fRVhfNTEwXzI1MF8xMDI2\1.pdf Image Name: Tk9fRVhfNTEwXzI1MF8xMDI2 Page No: 1
5/26/2017 5:58:50 PM: Converting PDF to JPEG without applying watermark.
5/26/2017 5:58:50 PM: Setting image to viewer using RegisterStartupScript: http://localhost:55361/generichandler.ashx?f=d://wdmsdocument//tempworkfolder//tk9frvhfntewxzi1mf8xmdi2jpg//1.jpeg
5/26/2017 5:58:50 PM: Invoke method to get annotations from databnase.
5/26/2017 5:58:50 PM: Get annotations from database.
5/26/2017 5:58:50 PM: Document Id: 1360 Page No: 1
5/26/2017 5:58:50 PM: Invoking method to get annotation data from database. Action: GetAnnotations
5/26/2017 6:12:36 PM: BindDocumentType started
5/26/2017 6:12:36 PM: BindDocumentType finished
5/26/2017 6:12:42 PM: createControls Started
5/26/2017 6:12:42 PM: createControls Loaded all Textbox dynamically
5/26/2017 6:12:42 PM: createControls Loaded all Textbox dynamically
5/26/2017 6:12:42 PM: createControls Finished
5/26/2017 6:12:42 PM: GetTemplateDetails started
5/26/2017 6:12:42 PM: generatecontrols Started
5/26/2017 6:12:42 PM: GenerateControls:Loaded all Textbox dynamically
5/26/2017 6:12:42 PM: GenerateControls:Loaded all Textbox dynamically
5/26/2017 6:12:44 PM: createControls Started
5/26/2017 6:12:44 PM: createControls Loaded all Textbox dynamically
5/26/2017 6:12:44 PM: createControls Loaded all Textbox dynamically
5/26/2017 6:12:44 PM: createControls Finished
5/26/2017 6:13:01 PM: createControls Started
5/26/2017 6:13:01 PM: createControls Loaded all Textbox dynamically
5/26/2017 6:13:01 PM: createControls Loaded all Textbox dynamically
5/26/2017 6:13:01 PM: createControls Finished
5/26/2017 6:13:39 PM: createControls Started
5/26/2017 6:13:39 PM: createControls Loaded all Textbox dynamically
5/26/2017 6:13:39 PM: createControls Loaded all Textbox dynamically
5/26/2017 6:13:39 PM: createControls Finished
5/26/2017 6:13:54 PM: createControls Started
5/26/2017 6:13:54 PM: createControls Loaded all Textbox dynamically
5/26/2017 6:13:54 PM: createControls Loaded all Textbox dynamically
5/26/2017 6:13:54 PM: createControls Finished
5/26/2017 6:14:12 PM: createControls Started
5/26/2017 6:14:12 PM: createControls Loaded all Textbox dynamically
5/26/2017 6:14:12 PM: createControls Loaded all Textbox dynamically
5/26/2017 6:14:12 PM: createControls Finished
5/26/2017 6:16:41 PM: BindDocumentType started
5/26/2017 6:16:41 PM: BindDocumentType finished
5/26/2017 6:16:43 PM: BindDocumentType started
5/26/2017 6:16:43 PM: BindDocumentType finished
5/26/2017 6:16:46 PM: createControls Started
5/26/2017 6:16:46 PM: createControls Loaded all Textbox dynamically
5/26/2017 6:16:46 PM: createControls Loaded all Textbox dynamically
5/26/2017 6:16:46 PM: createControls Finished
5/26/2017 6:16:46 PM: GetTemplateDetails started
5/26/2017 6:16:46 PM: generatecontrols Started
5/26/2017 6:16:46 PM: GenerateControls:Loaded all Textbox dynamically
5/26/2017 6:16:46 PM: GenerateControls:Loaded all Textbox dynamically
5/26/2017 6:16:49 PM: createControls Started
5/26/2017 6:16:49 PM: createControls Loaded all Textbox dynamically
5/26/2017 6:16:49 PM: createControls Loaded all Textbox dynamically
5/26/2017 6:16:49 PM: createControls Finished
5/26/2017 6:17:04 PM: createControls Started
5/26/2017 6:17:04 PM: createControls Loaded all Textbox dynamically
5/26/2017 6:17:04 PM: createControls Loaded all Textbox dynamically
5/26/2017 6:17:04 PM: createControls Finished
5/26/2017 6:19:28 PM: createControls Started
5/26/2017 6:19:28 PM: createControls Loaded all Textbox dynamically
5/26/2017 6:19:28 PM: createControls Loaded all Textbox dynamically
5/26/2017 6:19:28 PM: createControls Finished
5/26/2017 6:19:32 PM: createControls Started
5/26/2017 6:19:32 PM: createControls Loaded all Textbox dynamically
5/26/2017 6:19:32 PM: createControls Loaded all Textbox dynamically
5/26/2017 6:19:32 PM: createControls Finished
5/26/2017 6:22:03 PM: BindDocumentType started
5/26/2017 6:22:03 PM: BindDocumentType finished
5/26/2017 6:22:07 PM: createControls Started
5/26/2017 6:22:07 PM: createControls Loaded all Textbox dynamically
5/26/2017 6:22:07 PM: createControls Loaded all Textbox dynamically
5/26/2017 6:22:07 PM: createControls Finished
5/26/2017 6:22:07 PM: GetTemplateDetails started
5/26/2017 6:22:07 PM: generatecontrols Started
5/26/2017 6:22:07 PM: GenerateControls:Loaded all Textbox dynamically
5/26/2017 6:22:07 PM: GenerateControls:Loaded all Textbox dynamically
5/26/2017 6:22:09 PM: createControls Started
5/26/2017 6:22:09 PM: createControls Loaded all Textbox dynamically
5/26/2017 6:22:09 PM: createControls Loaded all Textbox dynamically
5/26/2017 6:22:09 PM: createControls Finished
5/26/2017 6:22:30 PM: createControls Started
5/26/2017 6:22:30 PM: createControls Loaded all Textbox dynamically
5/26/2017 6:22:30 PM: createControls Loaded all Textbox dynamically
5/26/2017 6:22:30 PM: createControls Finished
5/26/2017 6:24:20 PM: createControls Started
5/26/2017 6:24:20 PM: createControls Loaded all Textbox dynamically
5/26/2017 6:24:20 PM: createControls Loaded all Textbox dynamically
5/26/2017 6:24:20 PM: createControls Finished
5/26/2017 6:27:51 PM: createControls Started
5/26/2017 6:27:51 PM: createControls Loaded all Textbox dynamically
5/26/2017 6:27:51 PM: createControls Loaded all Textbox dynamically
5/26/2017 6:27:51 PM: createControls Finished
5/26/2017 6:28:00 PM: createControls Started
5/26/2017 6:28:00 PM: createControls Loaded all Textbox dynamically
5/26/2017 6:28:00 PM: createControls Loaded all Textbox dynamically
5/26/2017 6:28:00 PM: createControls Finished
5/26/2017 6:31:36 PM: createControls Started
5/26/2017 6:31:36 PM: createControls Loaded all Textbox dynamically
5/26/2017 6:31:36 PM: createControls Loaded all Textbox dynamically
5/26/2017 6:31:36 PM: createControls Finished
5/26/2017 6:42:17 PM: BindDocumentType started
5/26/2017 6:42:17 PM: BindDocumentType finished
5/26/2017 6:42:20 PM: BindDocumentType started
5/26/2017 6:42:20 PM: BindDocumentType finished
5/26/2017 6:42:23 PM: createControls Started
5/26/2017 6:42:23 PM: createControls Loaded all Textbox dynamically
5/26/2017 6:42:23 PM: createControls Loaded all Textbox dynamically
5/26/2017 6:42:23 PM: createControls Finished
5/26/2017 6:42:23 PM: GetTemplateDetails started
5/26/2017 6:42:23 PM: generatecontrols Started
5/26/2017 6:42:23 PM: GenerateControls:Loaded all Textbox dynamically
5/26/2017 6:42:23 PM: GenerateControls:Loaded all Textbox dynamically
5/26/2017 6:42:24 PM: createControls Started
5/26/2017 6:42:24 PM: createControls Loaded all Textbox dynamically
5/26/2017 6:42:24 PM: createControls Loaded all Textbox dynamically
5/26/2017 6:42:24 PM: createControls Finished
5/26/2017 6:42:38 PM: createControls Started
5/26/2017 6:42:38 PM: createControls Loaded all Textbox dynamically
5/26/2017 6:42:38 PM: createControls Loaded all Textbox dynamically
5/26/2017 6:42:38 PM: createControls Finished
5/26/2017 6:48:52 PM: BindDocumentType started
5/26/2017 6:48:52 PM: BindDocumentType finished
5/26/2017 6:48:56 PM: createControls Started
5/26/2017 6:48:56 PM: createControls Loaded all Textbox dynamically
5/26/2017 6:48:56 PM: createControls Loaded all Textbox dynamically
5/26/2017 6:48:56 PM: createControls Finished
5/26/2017 6:48:56 PM: GetTemplateDetails started
5/26/2017 6:48:56 PM: generatecontrols Started
5/26/2017 6:48:56 PM: GenerateControls:Loaded all Textbox dynamically
5/26/2017 6:48:56 PM: GenerateControls:Loaded all Textbox dynamically
5/26/2017 6:48:58 PM: createControls Started
5/26/2017 6:48:58 PM: createControls Loaded all Textbox dynamically
5/26/2017 6:48:58 PM: createControls Loaded all Textbox dynamically
5/26/2017 6:48:58 PM: createControls Finished
5/26/2017 6:49:12 PM: createControls Started
5/26/2017 6:49:12 PM: createControls Loaded all Textbox dynamically
5/26/2017 6:49:12 PM: createControls Loaded all Textbox dynamically
5/26/2017 6:49:12 PM: createControls Finished
5/26/2017 6:51:39 PM: createControls Started
5/26/2017 6:51:39 PM: createControls Loaded all Textbox dynamically
5/26/2017 6:51:39 PM: createControls Loaded all Textbox dynamically
5/26/2017 6:51:39 PM: createControls Finished
5/26/2017 6:52:08 PM: createControls Started
5/26/2017 6:52:08 PM: createControls Loaded all Textbox dynamically
5/26/2017 6:52:08 PM: createControls Loaded all Textbox dynamically
5/26/2017 6:52:08 PM: createControls Finished
5/26/2017 7:01:38 PM: BindDocumentType started
5/26/2017 7:01:38 PM: BindDocumentType finished
5/26/2017 7:01:46 PM: createControls Started
5/26/2017 7:01:46 PM: createControls Loaded all Textbox dynamically
5/26/2017 7:01:46 PM: createControls Loaded all Textbox dynamically
5/26/2017 7:01:46 PM: createControls Finished
5/26/2017 7:01:46 PM: GetTemplateDetails started
5/26/2017 7:01:46 PM: generatecontrols Started
5/26/2017 7:01:46 PM: GenerateControls:Loaded all Textbox dynamically
5/26/2017 7:01:46 PM: GenerateControls:Loaded all Textbox dynamically
5/26/2017 7:01:52 PM: createControls Started
5/26/2017 7:01:52 PM: createControls Loaded all Textbox dynamically
5/26/2017 7:01:52 PM: createControls Loaded all Textbox dynamically
5/26/2017 7:01:52 PM: createControls Finished
5/26/2017 7:02:07 PM: createControls Started
5/26/2017 7:02:07 PM: createControls Loaded all Textbox dynamically
5/26/2017 7:02:07 PM: createControls Loaded all Textbox dynamically
5/26/2017 7:02:07 PM: createControls Finished
5/26/2017 9:50:39 PM: BindDocumentType started
5/26/2017 9:50:39 PM: BindDocumentType finished
5/26/2017 9:50:46 PM: createControls Started
5/26/2017 9:50:46 PM: createControls Loaded all Textbox dynamically
5/26/2017 9:50:46 PM: createControls Loaded all Textbox dynamically
5/26/2017 9:50:46 PM: createControls Finished
5/26/2017 9:50:46 PM: GetTemplateDetails started
5/26/2017 9:50:46 PM: generatecontrols Started
5/26/2017 9:50:46 PM: GenerateControls:Loaded all Textbox dynamically
5/26/2017 9:50:46 PM: GenerateControls:Loaded all Textbox dynamically
5/26/2017 9:50:49 PM: createControls Started
5/26/2017 9:50:49 PM: createControls Loaded all Textbox dynamically
5/26/2017 9:50:49 PM: createControls Loaded all Textbox dynamically
5/26/2017 9:50:49 PM: createControls Finished
5/26/2017 9:51:51 PM: createControls Started
5/26/2017 9:51:51 PM: createControls Loaded all Textbox dynamically
5/26/2017 9:51:51 PM: createControls Loaded all Textbox dynamically
5/26/2017 9:51:51 PM: createControls Finished
5/26/2017 9:57:29 PM: createControls Started
5/26/2017 9:57:29 PM: createControls Loaded all Textbox dynamically
5/26/2017 9:57:29 PM: createControls Loaded all Textbox dynamically
5/26/2017 9:57:29 PM: createControls Finished
5/26/2017 9:57:54 PM: createControls Started
5/26/2017 9:57:54 PM: createControls Loaded all Textbox dynamically
5/26/2017 9:57:54 PM: createControls Loaded all Textbox dynamically
5/26/2017 9:57:54 PM: createControls Finished
5/26/2017 10:00:52 PM: createControls Started
5/26/2017 10:00:52 PM: createControls Loaded all Textbox dynamically
5/26/2017 10:00:52 PM: createControls Loaded all Textbox dynamically
5/26/2017 10:00:52 PM: createControls Finished
5/26/2017 10:12:28 PM: BindDocumentType started
5/26/2017 10:12:28 PM: BindDocumentType finished
5/26/2017 10:12:34 PM: createControls Started
5/26/2017 10:12:34 PM: createControls Loaded all Textbox dynamically
5/26/2017 10:12:34 PM: createControls Loaded all Textbox dynamically
5/26/2017 10:12:34 PM: createControls Finished
5/26/2017 10:12:34 PM: GetTemplateDetails started
5/26/2017 10:12:34 PM: generatecontrols Started
5/26/2017 10:12:34 PM: GenerateControls:Loaded all Textbox dynamically
5/26/2017 10:12:34 PM: GenerateControls:Loaded all Textbox dynamically
5/26/2017 10:12:36 PM: createControls Started
5/26/2017 10:12:36 PM: createControls Loaded all Textbox dynamically
5/26/2017 10:12:36 PM: createControls Loaded all Textbox dynamically
5/26/2017 10:12:36 PM: createControls Finished
5/26/2017 10:12:48 PM: createControls Started
5/26/2017 10:12:48 PM: createControls Loaded all Textbox dynamically
5/26/2017 10:12:48 PM: createControls Loaded all Textbox dynamically
5/26/2017 10:12:48 PM: createControls Finished
5/26/2017 11:18:53 PM: BindDocumentType started
5/26/2017 11:18:53 PM: BindDocumentType finished
5/26/2017 11:19:09 PM: createControls Started
5/26/2017 11:19:09 PM: createControls Loaded all Textbox dynamically
5/26/2017 11:19:09 PM: createControls Loaded all Textbox dynamically
5/26/2017 11:19:09 PM: createControls Finished
5/26/2017 11:19:09 PM: GetTemplateDetails started
5/26/2017 11:19:09 PM: generatecontrols Started
5/26/2017 11:19:09 PM: GenerateControls:Loaded all Textbox dynamically
5/26/2017 11:19:09 PM: GenerateControls:Loaded all Textbox dynamically
5/26/2017 11:19:10 PM: createControls Started
5/26/2017 11:19:10 PM: createControls Loaded all Textbox dynamically
5/26/2017 11:19:10 PM: createControls Loaded all Textbox dynamically
5/26/2017 11:19:10 PM: createControls Finished
5/26/2017 11:19:28 PM: createControls Started
5/26/2017 11:19:28 PM: createControls Loaded all Textbox dynamically
5/26/2017 11:19:28 PM: createControls Loaded all Textbox dynamically
5/26/2017 11:19:28 PM: createControls Finished
5/26/2017 11:21:44 PM: BindDocumentType started
5/26/2017 11:21:44 PM: BindDocumentType finished
5/26/2017 11:21:47 PM: createControls Started
5/26/2017 11:21:47 PM: createControls Loaded all Textbox dynamically
5/26/2017 11:21:47 PM: createControls Loaded all Textbox dynamically
5/26/2017 11:21:47 PM: createControls Finished
5/26/2017 11:21:47 PM: GetTemplateDetails started
5/26/2017 11:21:47 PM: generatecontrols Started
5/26/2017 11:21:47 PM: GenerateControls:Loaded all Textbox dynamically
5/26/2017 11:21:47 PM: GenerateControls:Loaded all Textbox dynamically
5/26/2017 11:21:49 PM: createControls Started
5/26/2017 11:21:49 PM: createControls Loaded all Textbox dynamically
5/26/2017 11:21:49 PM: createControls Loaded all Textbox dynamically
5/26/2017 11:21:49 PM: createControls Finished
5/26/2017 11:22:02 PM: createControls Started
5/26/2017 11:22:02 PM: createControls Loaded all Textbox dynamically
5/26/2017 11:22:02 PM: createControls Loaded all Textbox dynamically
5/26/2017 11:22:02 PM: createControls Finished
5/26/2017 11:23:53 PM: createControls Started
5/26/2017 11:23:53 PM: createControls Loaded all Textbox dynamically
5/26/2017 11:23:53 PM: createControls Loaded all Textbox dynamically
5/26/2017 11:23:53 PM: createControls Finished
5/26/2017 11:24:26 PM: createControls Started
5/26/2017 11:24:26 PM: createControls Loaded all Textbox dynamically
5/26/2017 11:24:26 PM: createControls Loaded all Textbox dynamically
5/26/2017 11:24:26 PM: createControls Finished
5/26/2017 11:26:04 PM: createControls Started
5/26/2017 11:26:04 PM: createControls Loaded all Textbox dynamically
5/26/2017 11:26:04 PM: createControls Loaded all Textbox dynamically
5/26/2017 11:26:04 PM: createControls Finished
5/26/2017 11:30:46 PM: BindDocumentType started
5/26/2017 11:30:46 PM: BindDocumentType finished
5/26/2017 11:30:50 PM: createControls Started
5/26/2017 11:30:50 PM: createControls Loaded all Textbox dynamically
5/26/2017 11:30:50 PM: createControls Loaded all Textbox dynamically
5/26/2017 11:30:50 PM: createControls Finished
5/26/2017 11:30:50 PM: GetTemplateDetails started
5/26/2017 11:30:50 PM: generatecontrols Started
5/26/2017 11:30:50 PM: GenerateControls:Loaded all Textbox dynamically
5/26/2017 11:30:50 PM: GenerateControls:Loaded all Textbox dynamically
5/26/2017 11:30:52 PM: createControls Started
5/26/2017 11:30:52 PM: createControls Loaded all Textbox dynamically
5/26/2017 11:30:52 PM: createControls Loaded all Textbox dynamically
5/26/2017 11:30:52 PM: createControls Finished
5/26/2017 11:31:08 PM: createControls Started
5/26/2017 11:31:08 PM: createControls Loaded all Textbox dynamically
5/26/2017 11:31:08 PM: createControls Loaded all Textbox dynamically
5/26/2017 11:31:08 PM: createControls Finished
5/26/2017 11:31:49 PM: createControls Started
5/26/2017 11:31:49 PM: createControls Loaded all Textbox dynamically
5/26/2017 11:31:49 PM: createControls Loaded all Textbox dynamically
5/26/2017 11:31:49 PM: createControls Finished
5/26/2017 11:34:24 PM: createControls Started
5/26/2017 11:34:24 PM: createControls Loaded all Textbox dynamically
5/26/2017 11:34:24 PM: createControls Loaded all Textbox dynamically
5/26/2017 11:34:24 PM: createControls Finished
