3/4/2017 10:35:15 AM: BindDocumentType started
3/4/2017 10:35:15 AM: BindDocumentType finished
3/4/2017 10:35:20 AM: createControls Started
3/4/2017 10:35:21 AM: createControls Loaded all Textbox dynamically
3/4/2017 10:35:21 AM: createControls Loaded all Textbox dynamically
3/4/2017 10:35:21 AM: createControls Loaded all Textbox dynamically
3/4/2017 10:35:21 AM: createControls Loaded all Textbox dynamically
3/4/2017 10:35:21 AM: createControls Loaded all Textbox dynamically
3/4/2017 10:35:21 AM: createControls Loaded all Textbox dynamically
3/4/2017 10:35:21 AM: createControls Loaded all Textbox dynamically
3/4/2017 10:35:21 AM: createControls Loaded all Textbox dynamically
3/4/2017 10:35:21 AM: createControls Finished
3/4/2017 10:35:21 AM: GetTemplateDetails started
3/4/2017 10:35:21 AM: generatecontrols Started
3/4/2017 10:35:21 AM: GenerateControls:Loaded all Textbox dynamically
3/4/2017 10:35:21 AM: GenerateControls:Loaded all Textbox dynamically
3/4/2017 10:35:21 AM: GenerateControls:Loaded all Textbox dynamically
3/4/2017 10:35:21 AM: GenerateControls:Loaded all Textbox dynamically
3/4/2017 10:35:21 AM: GenerateControls:Loaded all Textbox dynamically
3/4/2017 10:35:21 AM: GenerateControls:Loaded all Textbox dynamically
3/4/2017 10:35:21 AM: GenerateControls:Loaded all Textbox dynamically
3/4/2017 10:35:21 AM: GenerateControls:Loaded all Textbox dynamically
3/4/2017 10:40:24 AM: BindDocumentType started
3/4/2017 10:40:24 AM: BindDocumentType finished
3/4/2017 10:40:30 AM: createControls Started
3/4/2017 10:40:30 AM: createControls Loaded all Textbox dynamically
3/4/2017 10:40:30 AM: createControls Loaded all Textbox dynamically
3/4/2017 10:40:30 AM: createControls Loaded all Textbox dynamically
3/4/2017 10:40:30 AM: createControls Loaded all Textbox dynamically
3/4/2017 10:40:30 AM: createControls Loaded all Textbox dynamically
3/4/2017 10:40:30 AM: createControls Loaded all Textbox dynamically
3/4/2017 10:40:30 AM: createControls Loaded all Textbox dynamically
3/4/2017 10:40:30 AM: createControls Loaded all Textbox dynamically
3/4/2017 10:40:30 AM: createControls Finished
3/4/2017 10:40:30 AM: GetTemplateDetails started
3/4/2017 10:40:30 AM: generatecontrols Started
3/4/2017 10:40:30 AM: GenerateControls:Loaded all Textbox dynamically
3/4/2017 10:40:30 AM: GenerateControls:Loaded all Textbox dynamically
3/4/2017 10:40:30 AM: GenerateControls:Loaded all Textbox dynamically
3/4/2017 10:40:30 AM: GenerateControls:Loaded all Textbox dynamically
3/4/2017 10:40:30 AM: GenerateControls:Loaded all Textbox dynamically
3/4/2017 10:40:30 AM: GenerateControls:Loaded all Textbox dynamically
3/4/2017 10:40:30 AM: GenerateControls:Loaded all Textbox dynamically
3/4/2017 10:40:30 AM: GenerateControls:Loaded all Textbox dynamically
3/4/2017 10:40:31 AM: createControls Started
3/4/2017 10:40:31 AM: createControls Loaded all Textbox dynamically
3/4/2017 10:40:31 AM: createControls Loaded all Textbox dynamically
3/4/2017 10:40:31 AM: createControls Loaded all Textbox dynamically
3/4/2017 10:40:31 AM: createControls Loaded all Textbox dynamically
3/4/2017 10:40:31 AM: createControls Loaded all Textbox dynamically
3/4/2017 10:40:31 AM: createControls Loaded all Textbox dynamically
3/4/2017 10:40:31 AM: createControls Loaded all Textbox dynamically
3/4/2017 10:40:31 AM: createControls Loaded all Textbox dynamically
3/4/2017 10:40:31 AM: createControls Finished
3/4/2017 10:40:35 AM: createControls Started
3/4/2017 10:40:35 AM: createControls Loaded all Textbox dynamically
3/4/2017 10:40:35 AM: createControls Loaded all Textbox dynamically
3/4/2017 10:40:35 AM: createControls Finished
3/4/2017 10:40:35 AM: GetTemplateDetails started
3/4/2017 10:40:35 AM: generatecontrols Started
3/4/2017 10:40:35 AM: GenerateControls:Loaded all Textbox dynamically
3/4/2017 10:40:35 AM: GenerateControls:Loaded all Textbox dynamically
3/4/2017 10:40:37 AM: createControls Started
3/4/2017 10:40:37 AM: createControls Loaded all Textbox dynamically
3/4/2017 10:40:37 AM: createControls Loaded all Textbox dynamically
3/4/2017 10:40:37 AM: createControls Finished
3/4/2017 11:09:57 AM: BindDocumentType started
3/4/2017 11:09:57 AM: BindDocumentType finished
3/4/2017 11:10:27 AM: BindDocumentType started
3/4/2017 11:10:27 AM: BindDocumentType finished
3/4/2017 11:10:35 AM: createControls Started
3/4/2017 11:10:35 AM: createControls Loaded all Textbox dynamically
3/4/2017 11:10:35 AM: createControls Loaded all Textbox dynamically
3/4/2017 11:10:35 AM: createControls Finished
3/4/2017 11:10:35 AM: GetTemplateDetails started
3/4/2017 11:10:35 AM: generatecontrols Started
3/4/2017 11:10:35 AM: GenerateControls:Loaded all Textbox dynamically
3/4/2017 11:10:35 AM: GenerateControls:Loaded all Textbox dynamically
3/4/2017 11:10:42 AM: BindDocumentType started
3/4/2017 11:10:42 AM: BindDocumentType finished
3/4/2017 12:07:49 PM: BindDocumentType started
3/4/2017 12:07:49 PM: BindDocumentType finished
3/4/2017 12:07:52 PM: createControls Started
3/4/2017 12:07:52 PM: createControls Loaded all Textbox dynamically
3/4/2017 12:07:52 PM: createControls Loaded all Textbox dynamically
3/4/2017 12:07:52 PM: createControls Loaded all Textbox dynamically
3/4/2017 12:07:52 PM: createControls Loaded all Textbox dynamically
3/4/2017 12:07:52 PM: createControls Loaded all Textbox dynamically
3/4/2017 12:07:52 PM: createControls Loaded all Textbox dynamically
3/4/2017 12:07:52 PM: createControls Loaded all Textbox dynamically
3/4/2017 12:07:52 PM: createControls Loaded all Textbox dynamically
3/4/2017 12:07:52 PM: createControls Finished
3/4/2017 12:07:52 PM: GetTemplateDetails started
3/4/2017 12:07:52 PM: generatecontrols Started
3/4/2017 12:07:52 PM: GenerateControls:Loaded all Textbox dynamically
3/4/2017 12:07:52 PM: GenerateControls:Loaded all Textbox dynamically
3/4/2017 12:07:52 PM: GenerateControls:Loaded all Textbox dynamically
3/4/2017 12:07:52 PM: GenerateControls:Loaded all Textbox dynamically
3/4/2017 12:07:52 PM: GenerateControls:Loaded all Textbox dynamically
3/4/2017 12:07:52 PM: GenerateControls:Loaded all Textbox dynamically
3/4/2017 12:07:52 PM: GenerateControls:Loaded all Textbox dynamically
3/4/2017 12:07:52 PM: GenerateControls:Loaded all Textbox dynamically
3/4/2017 12:21:56 PM: BindDocumentType started
3/4/2017 12:21:56 PM: BindDocumentType finished
3/4/2017 12:22:00 PM: createControls Started
3/4/2017 12:22:00 PM: createControls Loaded all Textbox dynamically
3/4/2017 12:22:00 PM: createControls Loaded all Textbox dynamically
3/4/2017 12:22:00 PM: createControls Finished
3/4/2017 12:22:00 PM: GetTemplateDetails started
3/4/2017 12:22:00 PM: generatecontrols Started
3/4/2017 12:22:00 PM: GenerateControls:Loaded all Textbox dynamically
3/4/2017 12:22:00 PM: GenerateControls:Loaded all Textbox dynamically
3/4/2017 2:39:39 PM: BindDocumentType started
3/4/2017 2:39:39 PM: BindDocumentType finished
3/4/2017 2:39:46 PM: createControls Started
3/4/2017 2:39:46 PM: createControls Loaded all Textbox dynamically
3/4/2017 2:39:46 PM: createControls Loaded all Textbox dynamically
3/4/2017 2:39:46 PM: createControls Loaded all Textbox dynamically
3/4/2017 2:39:46 PM: createControls Loaded all Textbox dynamically
3/4/2017 2:39:46 PM: createControls Loaded all Textbox dynamically
3/4/2017 2:39:46 PM: createControls Loaded all Textbox dynamically
3/4/2017 2:39:46 PM: createControls Loaded all Textbox dynamically
3/4/2017 2:39:46 PM: createControls Loaded all Textbox dynamically
3/4/2017 2:39:46 PM: createControls Finished
3/4/2017 2:39:46 PM: GetTemplateDetails started
3/4/2017 2:39:46 PM: generatecontrols Started
3/4/2017 2:39:46 PM: GenerateControls:Loaded all Textbox dynamically
3/4/2017 2:39:46 PM: GenerateControls:Loaded all Textbox dynamically
3/4/2017 2:39:46 PM: GenerateControls:Loaded all Textbox dynamically
3/4/2017 2:39:46 PM: GenerateControls:Loaded all Textbox dynamically
3/4/2017 2:39:46 PM: GenerateControls:Loaded all Textbox dynamically
3/4/2017 2:39:46 PM: GenerateControls:Loaded all Textbox dynamically
3/4/2017 2:39:46 PM: GenerateControls:Loaded all Textbox dynamically
3/4/2017 2:39:46 PM: GenerateControls:Loaded all Textbox dynamically
