4/4/2017 10:26:09 AM: BindDocumentType started
4/4/2017 10:26:09 AM: BindDocumentType finished
4/4/2017 10:26:14 AM: createControls Started
4/4/2017 10:26:14 AM: createControls Loaded all Textbox dynamically
4/4/2017 10:26:14 AM: createControls Loaded all Textbox dynamically
4/4/2017 10:26:14 AM: createControls Finished
4/4/2017 10:26:14 AM: GetTemplateDetails started
4/4/2017 10:26:14 AM: generatecontrols Started
4/4/2017 10:26:14 AM: GenerateControls:Loaded all Textbox dynamically
4/4/2017 10:26:14 AM: GenerateControls:Loaded all Textbox dynamically
4/4/2017 10:26:16 AM: createControls Started
4/4/2017 10:26:16 AM: createControls Loaded all Textbox dynamically
4/4/2017 10:26:16 AM: createControls Loaded all Textbox dynamically
4/4/2017 10:26:16 AM: createControls Finished
4/4/2017 10:26:19 AM: createControls Started
4/4/2017 10:26:19 AM: createControls Loaded all Textbox dynamically
4/4/2017 10:26:19 AM: createControls Loaded all Textbox dynamically
4/4/2017 10:26:19 AM: createControls Finished
4/4/2017 10:27:49 AM: createControls Started
4/4/2017 10:27:49 AM: createControls Loaded all Textbox dynamically
4/4/2017 10:27:49 AM: createControls Loaded all Textbox dynamically
4/4/2017 10:27:49 AM: createControls Finished
4/4/2017 10:28:54 AM: createControls Started
4/4/2017 10:28:54 AM: createControls Loaded all Textbox dynamically
4/4/2017 10:28:54 AM: createControls Loaded all Textbox dynamically
4/4/2017 10:28:54 AM: createControls Finished
4/4/2017 12:17:52 PM: BindDocumentType started
4/4/2017 12:17:52 PM: BindDocumentType finished
4/4/2017 12:17:56 PM: createControls Started
4/4/2017 12:17:56 PM: createControls Loaded all Textbox dynamically
4/4/2017 12:17:56 PM: createControls Loaded all Textbox dynamically
4/4/2017 12:17:56 PM: createControls Finished
4/4/2017 12:17:56 PM: GetTemplateDetails started
4/4/2017 12:17:56 PM: generatecontrols Started
4/4/2017 12:17:56 PM: GenerateControls:Loaded all Textbox dynamically
4/4/2017 12:17:56 PM: GenerateControls:Loaded all Textbox dynamically
4/4/2017 12:28:09 PM: BindDocumentType started
4/4/2017 12:28:09 PM: BindDocumentType finished
4/4/2017 12:28:12 PM: createControls Started
4/4/2017 12:28:12 PM: createControls Loaded all Textbox dynamically
4/4/2017 12:28:12 PM: createControls Loaded all Textbox dynamically
4/4/2017 12:28:12 PM: createControls Finished
4/4/2017 12:28:12 PM: GetTemplateDetails started
4/4/2017 12:28:12 PM: generatecontrols Started
4/4/2017 12:28:12 PM: GenerateControls:Loaded all Textbox dynamically
4/4/2017 12:28:12 PM: GenerateControls:Loaded all Textbox dynamically
4/4/2017 12:28:14 PM: createControls Started
4/4/2017 12:28:14 PM: createControls Loaded all Textbox dynamically
4/4/2017 12:28:14 PM: createControls Loaded all Textbox dynamically
4/4/2017 12:28:14 PM: createControls Finished
4/4/2017 1:51:21 PM: BindDocumentType started
4/4/2017 1:51:21 PM: BindDocumentType finished
4/4/2017 1:51:24 PM: createControls Started
4/4/2017 1:51:24 PM: createControls Loaded all Textbox dynamically
4/4/2017 1:51:24 PM: createControls Loaded all Textbox dynamically
4/4/2017 1:51:24 PM: createControls Finished
4/4/2017 1:51:24 PM: GetTemplateDetails started
4/4/2017 1:51:24 PM: generatecontrols Started
4/4/2017 1:51:24 PM: GenerateControls:Loaded all Textbox dynamically
4/4/2017 1:51:24 PM: GenerateControls:Loaded all Textbox dynamically
4/4/2017 1:51:25 PM: createControls Started
4/4/2017 1:51:25 PM: createControls Loaded all Textbox dynamically
4/4/2017 1:51:25 PM: createControls Loaded all Textbox dynamically
4/4/2017 1:51:25 PM: createControls Finished
4/4/2017 1:51:29 PM: createControls Started
4/4/2017 1:51:29 PM: createControls Loaded all Textbox dynamically
4/4/2017 1:51:29 PM: createControls Loaded all Textbox dynamically
4/4/2017 1:51:29 PM: createControls Finished
4/4/2017 1:51:34 PM: BindDocumentType started
4/4/2017 1:51:34 PM: BindDocumentType finished
4/4/2017 1:51:37 PM: createControls Started
4/4/2017 1:51:37 PM: createControls Loaded all Textbox dynamically
4/4/2017 1:51:37 PM: createControls Loaded all Textbox dynamically
4/4/2017 1:51:37 PM: createControls Finished
4/4/2017 1:51:37 PM: GetTemplateDetails started
4/4/2017 1:51:37 PM: generatecontrols Started
4/4/2017 1:51:37 PM: GenerateControls:Loaded all Textbox dynamically
4/4/2017 1:51:37 PM: GenerateControls:Loaded all Textbox dynamically
4/4/2017 5:08:53 PM: BindDocumentType started
4/4/2017 5:08:53 PM: BindDocumentType finished
4/4/2017 5:08:57 PM: createControls Started
4/4/2017 5:08:57 PM: createControls Loaded all Textbox dynamically
4/4/2017 5:08:57 PM: createControls Loaded all Textbox dynamically
4/4/2017 5:08:57 PM: createControls Finished
4/4/2017 5:08:57 PM: GetTemplateDetails started
4/4/2017 5:08:57 PM: generatecontrols Started
4/4/2017 5:08:57 PM: GenerateControls:Loaded all Textbox dynamically
4/4/2017 5:08:57 PM: GenerateControls:Loaded all Textbox dynamically
4/4/2017 5:11:05 PM: BindDocumentType started
4/4/2017 5:11:05 PM: BindDocumentType finished
4/4/2017 5:11:10 PM: createControls Started
4/4/2017 5:11:10 PM: createControls Loaded all Textbox dynamically
4/4/2017 5:11:10 PM: createControls Loaded all Textbox dynamically
4/4/2017 5:11:10 PM: createControls Finished
4/4/2017 5:11:10 PM: GetTemplateDetails started
4/4/2017 5:11:10 PM: generatecontrols Started
4/4/2017 5:11:10 PM: GenerateControls:Loaded all Textbox dynamically
4/4/2017 5:11:10 PM: GenerateControls:Loaded all Textbox dynamically
4/4/2017 5:11:14 PM: GetSginatureDetails Started:-
4/4/2017 5:11:14 PM: GetSginatureDetails Completed:-
4/4/2017 5:11:14 PM: GetTemplateDetails Started
4/4/2017 5:11:14 PM: GetTemplateDetails total record count:1
4/4/2017 5:11:14 PM: Create controls,Load all Textbox dynamic
4/4/2017 5:11:14 PM: Create controls,Load all Textbox dynamic
4/4/2017 5:11:14 PM: GetTemplateDetails Finished
4/4/2017 5:11:14 PM: InitializeDocumentView started
4/4/2017 5:11:14 PM: InitializeDocumentView finished
4/4/2017 5:11:14 PM: Calling database to get annotated images. DocumentId: 1299, Action: GetAnnotatedPages
4/4/2017 5:11:14 PM: Calling database to get annotated images. DocumentId: 1299, Action: GetTaggedPages
4/4/2017 5:11:14 PM: LoadImageToViewer started
4/4/2017 5:11:14 PM: Setting image to viewer. Action:  Page count: 6 Current Page:1
4/4/2017 5:11:14 PM: Converting PDF to JPEG. PDF Path: D:\WDMSDocument\TempWorkFolder\Tk9fRVhfNTEwXzI1MF8xMDAx\1.pdf Image Name: Tk9fRVhfNTEwXzI1MF8xMDAx Page No: 1
4/4/2017 5:11:14 PM: Converting PDF to JPEG without applying watermark.
4/4/2017 5:11:14 PM: Setting image to viewer using RegisterStartupScript: http://localhost:55361/generichandler.ashx?f=d://wdmsdocument//tempworkfolder//tk9frvhfntewxzi1mf8xmdaxjpg//1.jpeg
4/4/2017 5:11:14 PM: Invoke method to get annotations from databnase.
4/4/2017 5:11:14 PM: Get annotations from database.
4/4/2017 5:11:14 PM: Document Id: 1299 Page No: 1
4/4/2017 5:11:14 PM: Invoking method to get annotation data from database. Action: GetAnnotations
4/4/2017 5:11:14 PM: MailPanelFill started
4/4/2017 5:11:14 PM: MailPanelFill finished
4/4/2017 5:11:17 PM: BindDocumentType started
4/4/2017 5:11:17 PM: BindDocumentType finished
4/4/2017 5:11:42 PM: BindDocumentType started
4/4/2017 5:11:42 PM: BindDocumentType finished
4/4/2017 5:11:46 PM: createControls Started
4/4/2017 5:11:46 PM: createControls Loaded all Textbox dynamically
4/4/2017 5:11:46 PM: createControls Loaded all Textbox dynamically
4/4/2017 5:11:46 PM: createControls Finished
4/4/2017 5:11:46 PM: GetTemplateDetails started
4/4/2017 5:11:46 PM: generatecontrols Started
4/4/2017 5:11:46 PM: GenerateControls:Loaded all Textbox dynamically
4/4/2017 5:11:46 PM: GenerateControls:Loaded all Textbox dynamically
4/4/2017 5:11:50 PM: GetSginatureDetails Started:-
4/4/2017 5:11:50 PM: GetSginatureDetails Completed:-
4/4/2017 5:11:50 PM: GetTemplateDetails Started
4/4/2017 5:11:50 PM: GetTemplateDetails total record count:1
4/4/2017 5:11:50 PM: Create controls,Load all Textbox dynamic
4/4/2017 5:11:50 PM: Create controls,Load all Textbox dynamic
4/4/2017 5:11:50 PM: GetTemplateDetails Finished
4/4/2017 5:11:50 PM: InitializeDocumentView started
4/4/2017 5:11:50 PM: InitializeDocumentView finished
4/4/2017 5:11:50 PM: Calling database to get annotated images. DocumentId: 1300, Action: GetAnnotatedPages
4/4/2017 5:11:50 PM: Calling database to get annotated images. DocumentId: 1300, Action: GetTaggedPages
4/4/2017 5:11:51 PM: LoadImageToViewer started
4/4/2017 5:11:51 PM: Setting image to viewer. Action:  Page count: 7 Current Page:1
4/4/2017 5:11:51 PM: Converting PDF to JPEG. PDF Path: D:\WDMSDocument\TempWorkFolder\Tk9fRVhfNTEwXzI1MF8xMDAy\1.pdf Image Name: Tk9fRVhfNTEwXzI1MF8xMDAy Page No: 1
4/4/2017 5:11:51 PM: Converting PDF to JPEG without applying watermark.
4/4/2017 5:11:51 PM: Setting image to viewer using RegisterStartupScript: http://localhost:55361/generichandler.ashx?f=d://wdmsdocument//tempworkfolder//tk9frvhfntewxzi1mf8xmdayjpg//1.jpeg
4/4/2017 5:11:51 PM: Invoke method to get annotations from databnase.
4/4/2017 5:11:51 PM: Get annotations from database.
4/4/2017 5:11:51 PM: Document Id: 1300 Page No: 1
4/4/2017 5:11:51 PM: Invoking method to get annotation data from database. Action: GetAnnotations
4/4/2017 5:11:51 PM: MailPanelFill started
4/4/2017 5:11:51 PM: MailPanelFill finished
4/4/2017 5:12:51 PM: BindDocumentType started
4/4/2017 5:12:51 PM: BindDocumentType finished
