9/4/2017 10:34:21 AM: BindDocumentType started
9/4/2017 10:34:21 AM: BindDocumentType finished
9/4/2017 10:34:43 AM: createControls Started
9/4/2017 10:34:43 AM: createControls Loaded all Textbox dynamically
9/4/2017 10:34:43 AM: createControls Loaded all Textbox dynamically
9/4/2017 10:34:43 AM: createControls Finished
9/4/2017 10:34:43 AM: GetTemplateDetails started
9/4/2017 10:34:43 AM: generatecontrols Started
9/4/2017 10:34:43 AM: GenerateControls:Loaded all Textbox dynamically
9/4/2017 10:34:43 AM: GenerateControls:Loaded all Textbox dynamically
9/4/2017 10:34:46 AM: createControls Started
9/4/2017 10:34:46 AM: createControls Loaded all Textbox dynamically
9/4/2017 10:34:46 AM: createControls Loaded all Textbox dynamically
9/4/2017 10:34:46 AM: createControls Finished
9/4/2017 10:34:46 AM: Started Loading Entity Drop Down
9/4/2017 10:34:50 AM: Finished Loading Entity Drop Down
9/4/2017 10:35:09 AM: createControls Started
9/4/2017 10:35:09 AM: createControls Finished
9/4/2017 10:35:12 AM: createControls Started
9/4/2017 10:35:12 AM: createControls Loaded all Textbox dynamically
9/4/2017 10:35:12 AM: createControls Loaded all Textbox dynamically
9/4/2017 10:35:12 AM: createControls Loaded all Textbox dynamically
9/4/2017 10:35:12 AM: createControls Loaded all Textbox dynamically
9/4/2017 10:35:12 AM: createControls Loaded all Textbox dynamically
9/4/2017 10:35:12 AM: createControls Loaded all Textbox dynamically
9/4/2017 10:35:12 AM: createControls Loaded all Textbox dynamically
9/4/2017 10:35:12 AM: createControls Loaded all Textbox dynamically
9/4/2017 10:35:12 AM: createControls Loaded all Textbox dynamically
9/4/2017 10:35:12 AM: createControls Finished
9/4/2017 10:35:12 AM: GetTemplateDetails started
9/4/2017 10:35:12 AM: generatecontrols Started
9/4/2017 10:35:12 AM: GenerateControls:Loaded all Textbox dynamically
9/4/2017 10:35:12 AM: GenerateControls:Loaded all Textbox dynamically
9/4/2017 10:35:12 AM: GenerateControls:Loaded all Textbox dynamically
9/4/2017 10:35:12 AM: GenerateControls:Loaded all Textbox dynamically
9/4/2017 10:35:12 AM: GenerateControls:Loaded all Textbox dynamically
9/4/2017 10:35:12 AM: GenerateControls:Loaded all Textbox dynamically
9/4/2017 10:35:12 AM: GenerateControls:Loaded all Textbox dynamically
9/4/2017 10:35:12 AM: GenerateControls:Loaded all Textbox dynamically
9/4/2017 10:35:12 AM: GenerateControls:Loaded all Textbox dynamically
9/4/2017 10:35:15 AM: createControls Started
9/4/2017 10:35:16 AM: createControls Loaded all Textbox dynamically
9/4/2017 10:35:16 AM: createControls Loaded all Textbox dynamically
9/4/2017 10:35:16 AM: createControls Loaded all Textbox dynamically
9/4/2017 10:35:16 AM: createControls Loaded all Textbox dynamically
9/4/2017 10:35:16 AM: createControls Loaded all Textbox dynamically
9/4/2017 10:35:16 AM: createControls Loaded all Textbox dynamically
9/4/2017 10:35:16 AM: createControls Loaded all Textbox dynamically
9/4/2017 10:35:16 AM: createControls Loaded all Textbox dynamically
9/4/2017 10:35:16 AM: createControls Loaded all Textbox dynamically
9/4/2017 10:35:16 AM: createControls Finished
9/4/2017 10:35:16 AM: Started Loading Entity Drop Down
9/4/2017 10:35:20 AM: Finished Loading Entity Drop Down
9/4/2017 10:50:11 AM: BindDocumentType started
9/4/2017 10:50:11 AM: BindDocumentType finished
9/4/2017 10:53:09 AM: BindDocumentType started
9/4/2017 10:53:09 AM: BindDocumentType finished
9/4/2017 11:18:20 AM: BindDocumentType started
9/4/2017 11:18:20 AM: BindDocumentType finished
9/4/2017 11:18:26 AM: createControls Started
9/4/2017 11:18:26 AM: createControls Loaded all Textbox dynamically
9/4/2017 11:18:26 AM: createControls Loaded all Textbox dynamically
9/4/2017 11:18:26 AM: createControls Finished
9/4/2017 11:18:26 AM: GetTemplateDetails started
9/4/2017 11:18:27 AM: generatecontrols Started
9/4/2017 11:18:27 AM: GenerateControls:Loaded all Textbox dynamically
9/4/2017 11:18:27 AM: GenerateControls:Loaded all Textbox dynamically
9/4/2017 11:18:29 AM: createControls Started
9/4/2017 11:18:29 AM: createControls Loaded all Textbox dynamically
9/4/2017 11:18:29 AM: createControls Loaded all Textbox dynamically
9/4/2017 11:18:29 AM: createControls Finished
9/4/2017 11:18:29 AM: Started Loading Entity Drop Down
9/4/2017 11:18:33 AM: Finished Loading Entity Drop Down
9/4/2017 11:18:51 AM: createControls Started
9/4/2017 11:18:51 AM: createControls Finished
9/4/2017 11:18:54 AM: createControls Started
9/4/2017 11:18:54 AM: createControls Loaded all Textbox dynamically
9/4/2017 11:18:54 AM: createControls Loaded all Textbox dynamically
9/4/2017 11:18:54 AM: createControls Loaded all Textbox dynamically
9/4/2017 11:18:54 AM: createControls Loaded all Textbox dynamically
9/4/2017 11:18:54 AM: createControls Loaded all Textbox dynamically
9/4/2017 11:18:54 AM: createControls Loaded all Textbox dynamically
9/4/2017 11:18:54 AM: createControls Loaded all Textbox dynamically
9/4/2017 11:18:54 AM: createControls Loaded all Textbox dynamically
9/4/2017 11:18:54 AM: createControls Loaded all Textbox dynamically
9/4/2017 11:18:54 AM: createControls Finished
9/4/2017 11:18:54 AM: GetTemplateDetails started
9/4/2017 11:18:54 AM: generatecontrols Started
9/4/2017 11:18:54 AM: GenerateControls:Loaded all Textbox dynamically
9/4/2017 11:18:54 AM: GenerateControls:Loaded all Textbox dynamically
9/4/2017 11:18:54 AM: GenerateControls:Loaded all Textbox dynamically
9/4/2017 11:18:54 AM: GenerateControls:Loaded all Textbox dynamically
9/4/2017 11:18:54 AM: GenerateControls:Loaded all Textbox dynamically
9/4/2017 11:18:54 AM: GenerateControls:Loaded all Textbox dynamically
9/4/2017 11:18:54 AM: GenerateControls:Loaded all Textbox dynamically
9/4/2017 11:18:54 AM: GenerateControls:Loaded all Textbox dynamically
9/4/2017 11:18:54 AM: GenerateControls:Loaded all Textbox dynamically
9/4/2017 11:18:57 AM: createControls Started
9/4/2017 11:18:57 AM: createControls Loaded all Textbox dynamically
9/4/2017 11:18:57 AM: createControls Loaded all Textbox dynamically
9/4/2017 11:18:57 AM: createControls Loaded all Textbox dynamically
9/4/2017 11:18:57 AM: createControls Loaded all Textbox dynamically
9/4/2017 11:18:57 AM: createControls Loaded all Textbox dynamically
9/4/2017 11:18:57 AM: createControls Loaded all Textbox dynamically
9/4/2017 11:18:57 AM: createControls Loaded all Textbox dynamically
9/4/2017 11:18:57 AM: createControls Loaded all Textbox dynamically
9/4/2017 11:18:57 AM: createControls Loaded all Textbox dynamically
9/4/2017 11:18:57 AM: createControls Finished
9/4/2017 11:18:57 AM: Started Loading Entity Drop Down
9/4/2017 11:19:02 AM: Finished Loading Entity Drop Down
9/4/2017 11:25:48 AM: createControls Started
9/4/2017 11:25:49 AM: createControls Finished
9/4/2017 11:25:51 AM: createControls Started
9/4/2017 11:25:51 AM: createControls Loaded all Textbox dynamically
9/4/2017 11:25:51 AM: createControls Loaded all Textbox dynamically
9/4/2017 11:25:51 AM: createControls Finished
9/4/2017 11:25:51 AM: GetTemplateDetails started
9/4/2017 11:25:52 AM: generatecontrols Started
9/4/2017 11:25:52 AM: GenerateControls:Loaded all Textbox dynamically
9/4/2017 11:25:52 AM: GenerateControls:Loaded all Textbox dynamically
9/4/2017 11:25:56 AM: createControls Started
9/4/2017 11:25:56 AM: createControls Loaded all Textbox dynamically
9/4/2017 11:25:56 AM: createControls Loaded all Textbox dynamically
9/4/2017 11:25:56 AM: createControls Finished
9/4/2017 11:25:56 AM: Started Loading Entity Drop Down
9/4/2017 11:26:01 AM: Finished Loading Entity Drop Down
