8/29/2017 11:44:29 AM: BindDocumentType started
8/29/2017 11:44:29 AM: BindDocumentType finished
8/29/2017 11:44:57 AM: createControls Started
8/29/2017 11:44:57 AM: createControls Loaded all Textbox dynamically
8/29/2017 11:44:57 AM: createControls Loaded all Textbox dynamically
8/29/2017 11:44:57 AM: createControls Loaded all Textbox dynamically
8/29/2017 11:44:57 AM: createControls Loaded all Textbox dynamically
8/29/2017 11:44:57 AM: createControls Loaded all Textbox dynamically
8/29/2017 11:44:57 AM: createControls Loaded all Textbox dynamically
8/29/2017 11:44:57 AM: createControls Loaded all Textbox dynamically
8/29/2017 11:44:57 AM: createControls Loaded all Textbox dynamically
8/29/2017 11:44:57 AM: createControls Loaded all Textbox dynamically
8/29/2017 11:44:57 AM: createControls Finished
8/29/2017 11:44:57 AM: GetTemplateDetails started
8/29/2017 11:44:57 AM: generatecontrols Started
8/29/2017 11:44:58 AM: GenerateControls:Loaded all Textbox dynamically
8/29/2017 11:44:58 AM: GenerateControls:Loaded all Textbox dynamically
8/29/2017 11:44:58 AM: GenerateControls:Loaded all Textbox dynamically
8/29/2017 11:44:58 AM: GenerateControls:Loaded all Textbox dynamically
8/29/2017 11:44:58 AM: GenerateControls:Loaded all Textbox dynamically
8/29/2017 11:44:58 AM: GenerateControls:Loaded all Textbox dynamically
8/29/2017 11:44:58 AM: GenerateControls:Loaded all Textbox dynamically
8/29/2017 11:44:58 AM: GenerateControls:Loaded all Textbox dynamically
8/29/2017 11:44:58 AM: GenerateControls:Loaded all Textbox dynamically
8/29/2017 11:45:00 AM: createControls Started
8/29/2017 11:45:00 AM: createControls Loaded all Textbox dynamically
8/29/2017 11:45:00 AM: createControls Loaded all Textbox dynamically
8/29/2017 11:45:00 AM: createControls Loaded all Textbox dynamically
8/29/2017 11:45:00 AM: createControls Loaded all Textbox dynamically
8/29/2017 11:45:00 AM: createControls Loaded all Textbox dynamically
8/29/2017 11:45:00 AM: createControls Loaded all Textbox dynamically
8/29/2017 11:45:00 AM: createControls Loaded all Textbox dynamically
8/29/2017 11:45:00 AM: createControls Loaded all Textbox dynamically
8/29/2017 11:45:00 AM: createControls Loaded all Textbox dynamically
8/29/2017 11:45:00 AM: createControls Finished
8/29/2017 11:45:00 AM: Started Loading Entity Drop Down
8/29/2017 11:45:04 AM: Finished Loading Entity Drop Down
8/29/2017 11:49:01 AM: BindDocumentType started
8/29/2017 11:49:01 AM: BindDocumentType finished
8/29/2017 11:49:09 AM: createControls Started
8/29/2017 11:49:10 AM: createControls Loaded all Textbox dynamically
8/29/2017 11:49:10 AM: createControls Loaded all Textbox dynamically
8/29/2017 11:49:10 AM: createControls Loaded all Textbox dynamically
8/29/2017 11:49:10 AM: createControls Loaded all Textbox dynamically
8/29/2017 11:49:10 AM: createControls Loaded all Textbox dynamically
8/29/2017 11:49:10 AM: createControls Loaded all Textbox dynamically
8/29/2017 11:49:10 AM: createControls Loaded all Textbox dynamically
8/29/2017 11:49:10 AM: createControls Loaded all Textbox dynamically
8/29/2017 11:49:10 AM: createControls Loaded all Textbox dynamically
8/29/2017 11:49:10 AM: createControls Finished
8/29/2017 11:49:10 AM: GetTemplateDetails started
8/29/2017 11:49:10 AM: generatecontrols Started
8/29/2017 11:49:10 AM: GenerateControls:Loaded all Textbox dynamically
8/29/2017 11:49:10 AM: GenerateControls:Loaded all Textbox dynamically
8/29/2017 11:49:10 AM: GenerateControls:Loaded all Textbox dynamically
8/29/2017 11:49:10 AM: GenerateControls:Loaded all Textbox dynamically
8/29/2017 11:49:10 AM: GenerateControls:Loaded all Textbox dynamically
8/29/2017 11:49:10 AM: GenerateControls:Loaded all Textbox dynamically
8/29/2017 11:49:10 AM: GenerateControls:Loaded all Textbox dynamically
8/29/2017 11:49:10 AM: GenerateControls:Loaded all Textbox dynamically
8/29/2017 11:49:10 AM: GenerateControls:Loaded all Textbox dynamically
8/29/2017 11:49:11 AM: createControls Started
8/29/2017 11:49:11 AM: createControls Loaded all Textbox dynamically
8/29/2017 11:49:11 AM: createControls Loaded all Textbox dynamically
8/29/2017 11:49:11 AM: createControls Loaded all Textbox dynamically
8/29/2017 11:49:11 AM: createControls Loaded all Textbox dynamically
8/29/2017 11:49:11 AM: createControls Loaded all Textbox dynamically
8/29/2017 11:49:11 AM: createControls Loaded all Textbox dynamically
8/29/2017 11:49:11 AM: createControls Loaded all Textbox dynamically
8/29/2017 11:49:11 AM: createControls Loaded all Textbox dynamically
8/29/2017 11:49:11 AM: createControls Loaded all Textbox dynamically
8/29/2017 11:49:11 AM: createControls Finished
8/29/2017 11:49:11 AM: GetTemplateDetails started
8/29/2017 11:49:12 AM: generatecontrols Started
8/29/2017 11:49:12 AM: GenerateControls:Loaded all Textbox dynamically
8/29/2017 11:49:12 AM: GenerateControls:Loaded all Textbox dynamically
8/29/2017 11:49:12 AM: GenerateControls:Loaded all Textbox dynamically
8/29/2017 11:49:12 AM: GenerateControls:Loaded all Textbox dynamically
8/29/2017 11:49:12 AM: GenerateControls:Loaded all Textbox dynamically
8/29/2017 11:49:12 AM: GenerateControls:Loaded all Textbox dynamically
8/29/2017 11:49:12 AM: GenerateControls:Loaded all Textbox dynamically
8/29/2017 11:49:12 AM: GenerateControls:Loaded all Textbox dynamically
8/29/2017 11:49:12 AM: GenerateControls:Loaded all Textbox dynamically
8/29/2017 11:49:13 AM: Started Loading Entity Drop Down
8/29/2017 11:55:48 AM: Finished Loading Entity Drop Down
8/29/2017 11:55:56 AM: createControls Started
8/29/2017 11:55:56 AM: createControls Loaded all Textbox dynamically
8/29/2017 11:55:56 AM: createControls Loaded all Textbox dynamically
8/29/2017 11:55:56 AM: createControls Loaded all Textbox dynamically
8/29/2017 11:55:56 AM: createControls Loaded all Textbox dynamically
8/29/2017 11:55:56 AM: createControls Loaded all Textbox dynamically
8/29/2017 11:55:56 AM: createControls Loaded all Textbox dynamically
8/29/2017 11:55:56 AM: createControls Loaded all Textbox dynamically
8/29/2017 11:55:56 AM: createControls Loaded all Textbox dynamically
8/29/2017 11:55:56 AM: createControls Loaded all Textbox dynamically
8/29/2017 11:55:56 AM: createControls Finished
8/29/2017 11:55:56 AM: GetTemplateDetails started
8/29/2017 11:55:56 AM: generatecontrols Started
8/29/2017 11:55:56 AM: GenerateControls:Loaded all Textbox dynamically
8/29/2017 11:55:56 AM: GenerateControls:Loaded all Textbox dynamically
8/29/2017 11:55:56 AM: GenerateControls:Loaded all Textbox dynamically
8/29/2017 11:55:56 AM: GenerateControls:Loaded all Textbox dynamically
8/29/2017 11:55:56 AM: GenerateControls:Loaded all Textbox dynamically
8/29/2017 11:55:56 AM: GenerateControls:Loaded all Textbox dynamically
8/29/2017 11:55:56 AM: GenerateControls:Loaded all Textbox dynamically
8/29/2017 11:55:56 AM: GenerateControls:Loaded all Textbox dynamically
8/29/2017 11:55:56 AM: GenerateControls:Loaded all Textbox dynamically
8/29/2017 11:55:57 AM: Started Loading Entity Drop Down
8/29/2017 12:04:21 PM: Finished Loading Entity Drop Down
