8/23/2017 11:44:55 AM: BindDocumentType started
8/23/2017 11:44:56 AM: BindDocumentType finished
8/23/2017 11:45:06 AM: createControls Started
8/23/2017 11:45:06 AM: createControls Loaded all Textbox dynamically
8/23/2017 11:45:06 AM: createControls Loaded all Textbox dynamically
8/23/2017 11:45:06 AM: createControls Finished
8/23/2017 11:45:06 AM: GetTemplateDetails started
8/23/2017 11:45:06 AM: generatecontrols Started
8/23/2017 11:45:06 AM: GenerateControls:Loaded all Textbox dynamically
8/23/2017 11:45:06 AM: GenerateControls:Loaded all Textbox dynamically
8/23/2017 11:45:09 AM: createControls Started
8/23/2017 11:45:09 AM: createControls Loaded all Textbox dynamically
8/23/2017 11:45:09 AM: createControls Loaded all Textbox dynamically
8/23/2017 11:45:09 AM: createControls Finished
8/23/2017 11:45:09 AM: Started Loading Entity Drop Down
8/23/2017 11:45:09 AM: Finished Loading Entity Drop Down
8/23/2017 11:45:12 AM: createControls Started
8/23/2017 11:45:12 AM: createControls Loaded all Textbox dynamically
8/23/2017 11:45:12 AM: createControls Loaded all Textbox dynamically
8/23/2017 11:45:12 AM: createControls Finished
8/23/2017 12:03:10 PM: BindDocumentType started
8/23/2017 12:03:10 PM: BindDocumentType finished
8/23/2017 12:03:15 PM: createControls Started
8/23/2017 12:03:15 PM: createControls Loaded all Textbox dynamically
8/23/2017 12:03:15 PM: createControls Loaded all Textbox dynamically
8/23/2017 12:03:15 PM: createControls Finished
8/23/2017 12:03:15 PM: GetTemplateDetails started
8/23/2017 12:03:15 PM: generatecontrols Started
8/23/2017 12:03:15 PM: GenerateControls:Loaded all Textbox dynamically
8/23/2017 12:03:15 PM: GenerateControls:Loaded all Textbox dynamically
8/23/2017 12:03:17 PM: createControls Started
8/23/2017 12:03:17 PM: createControls Loaded all Textbox dynamically
8/23/2017 12:03:17 PM: createControls Loaded all Textbox dynamically
8/23/2017 12:03:17 PM: createControls Finished
8/23/2017 12:03:17 PM: Started Loading Entity Drop Down
8/23/2017 12:03:17 PM: Finished Loading Entity Drop Down
8/23/2017 12:03:19 PM: createControls Started
8/23/2017 12:03:19 PM: createControls Loaded all Textbox dynamically
8/23/2017 12:03:19 PM: createControls Loaded all Textbox dynamically
8/23/2017 12:03:19 PM: createControls Finished
8/23/2017 12:03:55 PM: BindDocumentType started
8/23/2017 12:03:55 PM: BindDocumentType finished
8/23/2017 12:04:04 PM: createControls Started
8/23/2017 12:04:04 PM: createControls Loaded all Textbox dynamically
8/23/2017 12:04:04 PM: createControls Loaded all Textbox dynamically
8/23/2017 12:04:04 PM: createControls Finished
8/23/2017 12:04:04 PM: GetTemplateDetails started
8/23/2017 12:04:04 PM: generatecontrols Started
8/23/2017 12:04:04 PM: GenerateControls:Loaded all Textbox dynamically
8/23/2017 12:04:04 PM: GenerateControls:Loaded all Textbox dynamically
8/23/2017 12:04:06 PM: createControls Started
8/23/2017 12:04:06 PM: createControls Loaded all Textbox dynamically
8/23/2017 12:04:06 PM: createControls Loaded all Textbox dynamically
8/23/2017 12:04:06 PM: createControls Finished
8/23/2017 12:04:06 PM: Started Loading Entity Drop Down
8/23/2017 12:04:07 PM: Finished Loading Entity Drop Down
8/23/2017 12:06:10 PM: createControls Started
8/23/2017 12:06:10 PM: createControls Loaded all Textbox dynamically
8/23/2017 12:06:10 PM: createControls Loaded all Textbox dynamically
8/23/2017 12:06:10 PM: createControls Finished
8/23/2017 12:21:40 PM: BindDocumentType started
8/23/2017 12:21:40 PM: BindDocumentType finished
8/23/2017 12:21:45 PM: createControls Started
8/23/2017 12:21:45 PM: createControls Loaded all Textbox dynamically
8/23/2017 12:21:45 PM: createControls Loaded all Textbox dynamically
8/23/2017 12:21:45 PM: createControls Finished
8/23/2017 12:21:45 PM: GetTemplateDetails started
8/23/2017 12:21:45 PM: generatecontrols Started
8/23/2017 12:21:45 PM: GenerateControls:Loaded all Textbox dynamically
8/23/2017 12:21:45 PM: GenerateControls:Loaded all Textbox dynamically
8/23/2017 12:21:46 PM: createControls Started
8/23/2017 12:21:46 PM: createControls Loaded all Textbox dynamically
8/23/2017 12:21:46 PM: createControls Loaded all Textbox dynamically
8/23/2017 12:21:46 PM: createControls Finished
8/23/2017 12:21:46 PM: Started Loading Entity Drop Down
8/23/2017 12:21:47 PM: Finished Loading Entity Drop Down
8/23/2017 12:21:50 PM: createControls Started
8/23/2017 12:21:50 PM: createControls Loaded all Textbox dynamically
8/23/2017 12:21:50 PM: createControls Loaded all Textbox dynamically
8/23/2017 12:21:50 PM: createControls Finished
8/23/2017 12:21:52 PM: GetSginatureDetails Started:-
8/23/2017 12:21:52 PM: GetSginatureDetails Completed:-
8/23/2017 12:21:52 PM: GetTemplateDetails Started
8/23/2017 12:21:52 PM: GetTemplateDetails total record count:1
8/23/2017 12:21:52 PM: Create controls,Load all Textbox dynamic
8/23/2017 12:21:52 PM: Create controls,Load all Textbox dynamic
8/23/2017 12:21:52 PM: GetTemplateDetails Finished
8/23/2017 12:21:52 PM: InitializeDocumentView started
8/23/2017 12:21:57 PM: InitializeDocumentView finished
8/23/2017 12:21:57 PM: Calling database to get annotated images. DocumentId: 2373, Action: GetAnnotatedPages
8/23/2017 12:21:59 PM: Calling database to get annotated images. DocumentId: 2373, Action: GetTaggedPages
8/23/2017 12:22:00 PM: LoadImageToViewer started
8/23/2017 12:22:00 PM: Setting image to viewer. Action:  Page count: 39 Current Page:1
8/23/2017 12:22:00 PM: Converting PDF to JPEG. PDF Path: E:\WDMSDocument\TempWorkFolder\Tk9fRVhfNTEwXzI1MF8xNDAw\6.pdf Image Name: Tk9fRVhfNTEwXzI1MF8xNDAw Page No: 6
8/23/2017 12:22:00 PM: Converting PDF to JPEG without applying watermark.
8/23/2017 12:22:01 PM: Setting image to viewer using RegisterStartupScript: http://localhost:55361/generichandler.ashx?f=e://wdmsdocument//tempworkfolder//tk9frvhfntewxzi1mf8xndawjpg//6.jpeg
8/23/2017 12:22:01 PM: Invoke method to get annotations from databnase.
8/23/2017 12:22:01 PM: Get annotations from database.
8/23/2017 12:22:01 PM: Document Id: 2373 Page No: 6
8/23/2017 12:22:01 PM: Invoking method to get annotation data from database. Action: GetAnnotations
8/23/2017 12:22:01 PM: MailPanelFill started
8/23/2017 12:22:01 PM: MailPanelFill finished
8/23/2017 12:22:01 PM: Unzipping file. Filepath: E:\WDMSDocument\TempWorkFolder\\Tk9fRVhfNTEwXzI1MF8xNDAw.zip
8/23/2017 12:22:41 PM: GetTemplateDetails Started
8/23/2017 12:22:41 PM: GetTemplateDetails total record count:1
8/23/2017 12:22:41 PM: Create controls,Load all Textbox dynamic
8/23/2017 12:22:41 PM: Create controls,Load all Textbox dynamic
8/23/2017 12:22:41 PM: GetTemplateDetails Finished
8/23/2017 12:23:10 PM: GetSginatureDetails Started:-
8/23/2017 12:23:10 PM: GetSginatureDetails Completed:-
8/23/2017 12:23:10 PM: GetTemplateDetails Started
8/23/2017 12:23:11 PM: GetTemplateDetails total record count:1
8/23/2017 12:23:11 PM: Create controls,Load all Textbox dynamic
8/23/2017 12:23:11 PM: Create controls,Load all Textbox dynamic
8/23/2017 12:23:11 PM: GetTemplateDetails Finished
8/23/2017 12:23:11 PM: InitializeDocumentView started
8/23/2017 12:23:23 PM: InitializeDocumentView finished
8/23/2017 12:23:32 PM: Calling database to get annotated images. DocumentId: 2373, Action: GetAnnotatedPages
8/23/2017 12:25:30 PM: Calling database to get annotated images. DocumentId: 2373, Action: GetTaggedPages
8/23/2017 12:25:30 PM: LoadImageToViewer started
8/23/2017 12:25:30 PM: Setting image to viewer. Action:  Page count: 39 Current Page:1
8/23/2017 12:25:30 PM: Converting PDF to JPEG. PDF Path: E:\WDMSDocument\TempWorkFolder\Tk9fRVhfNTEwXzI1MF8xNDAw\6.pdf Image Name: Tk9fRVhfNTEwXzI1MF8xNDAw Page No: 6
8/23/2017 12:25:30 PM: Converting PDF to JPEG without applying watermark.
8/23/2017 12:25:31 PM: Setting image to viewer using RegisterStartupScript: http://localhost:55361/generichandler.ashx?f=e://wdmsdocument//tempworkfolder//tk9frvhfntewxzi1mf8xndawjpg//6.jpeg
8/23/2017 12:25:31 PM: Invoke method to get annotations from databnase.
8/23/2017 12:25:31 PM: Get annotations from database.
8/23/2017 12:25:31 PM: Document Id: 2373 Page No: 6
8/23/2017 12:25:31 PM: Invoking method to get annotation data from database. Action: GetAnnotations
8/23/2017 12:25:31 PM: MailPanelFill started
8/23/2017 12:25:31 PM: MailPanelFill finished
8/23/2017 12:25:31 PM: Unzipping file. Filepath: E:\WDMSDocument\TempWorkFolder\\Tk9fRVhfNTEwXzI1MF8xNDAw.zip
8/23/2017 12:32:23 PM: GetTemplateDetails Started
8/23/2017 12:32:23 PM: GetTemplateDetails total record count:1
8/23/2017 12:32:23 PM: Create controls,Load all Textbox dynamic
8/23/2017 12:32:23 PM: Create controls,Load all Textbox dynamic
8/23/2017 12:32:23 PM: GetTemplateDetails Finished
8/23/2017 12:32:23 PM: LoadImageToViewer started
8/23/2017 12:32:23 PM: Setting image to viewer. Action: NEXT Page count: 39 Current Page:6
8/23/2017 12:32:23 PM: Converting PDF to JPEG. PDF Path: E:\WDMSDocument\TempWorkFolder\Tk9fRVhfNTEwXzI1MF8xNDAw\9.pdf Image Name: Tk9fRVhfNTEwXzI1MF8xNDAw Page No: 9
8/23/2017 12:32:23 PM: Converting PDF to JPEG without applying watermark.
8/23/2017 12:32:23 PM: Setting image to viewer using RegisterStartupScript: http://localhost:55361/generichandler.ashx?f=e://wdmsdocument//tempworkfolder//tk9frvhfntewxzi1mf8xndawjpg//9.jpeg
8/23/2017 12:32:23 PM: Invoke method to get annotations from databnase.
8/23/2017 12:32:23 PM: Get annotations from database.
8/23/2017 12:32:23 PM: Document Id: 2373 Page No: 9
8/23/2017 12:32:23 PM: Invoking method to get annotation data from database. Action: GetAnnotations
8/23/2017 1:02:17 PM: BindDocumentType started
8/23/2017 1:02:17 PM: BindDocumentType finished
8/23/2017 1:02:20 PM: createControls Started
8/23/2017 1:02:20 PM: createControls Loaded all Textbox dynamically
8/23/2017 1:02:20 PM: createControls Loaded all Textbox dynamically
8/23/2017 1:02:20 PM: createControls Finished
8/23/2017 1:02:20 PM: GetTemplateDetails started
8/23/2017 1:02:20 PM: generatecontrols Started
8/23/2017 1:02:21 PM: GenerateControls:Loaded all Textbox dynamically
8/23/2017 1:02:21 PM: GenerateControls:Loaded all Textbox dynamically
8/23/2017 1:02:23 PM: createControls Started
8/23/2017 1:02:23 PM: createControls Loaded all Textbox dynamically
8/23/2017 1:02:23 PM: createControls Loaded all Textbox dynamically
8/23/2017 1:02:23 PM: createControls Finished
8/23/2017 1:02:23 PM: Started Loading Entity Drop Down
8/23/2017 1:02:24 PM: Finished Loading Entity Drop Down
8/23/2017 1:03:14 PM: createControls Started
8/23/2017 1:03:14 PM: createControls Loaded all Textbox dynamically
8/23/2017 1:03:14 PM: createControls Loaded all Textbox dynamically
8/23/2017 1:03:14 PM: createControls Finished
8/23/2017 1:06:09 PM: BindDocumentType started
8/23/2017 1:06:09 PM: BindDocumentType finished
8/23/2017 1:06:13 PM: createControls Started
8/23/2017 1:06:13 PM: createControls Loaded all Textbox dynamically
8/23/2017 1:06:13 PM: createControls Loaded all Textbox dynamically
8/23/2017 1:06:13 PM: createControls Finished
8/23/2017 1:06:13 PM: GetTemplateDetails started
8/23/2017 1:06:13 PM: generatecontrols Started
8/23/2017 1:06:13 PM: GenerateControls:Loaded all Textbox dynamically
8/23/2017 1:06:13 PM: GenerateControls:Loaded all Textbox dynamically
8/23/2017 1:06:15 PM: createControls Started
8/23/2017 1:06:15 PM: createControls Loaded all Textbox dynamically
8/23/2017 1:06:15 PM: createControls Loaded all Textbox dynamically
8/23/2017 1:06:15 PM: createControls Finished
8/23/2017 1:06:15 PM: Started Loading Entity Drop Down
8/23/2017 1:06:16 PM: Finished Loading Entity Drop Down
8/23/2017 1:06:18 PM: createControls Started
8/23/2017 1:06:19 PM: createControls Loaded all Textbox dynamically
8/23/2017 1:06:19 PM: createControls Loaded all Textbox dynamically
8/23/2017 1:06:19 PM: createControls Finished
8/23/2017 1:09:02 PM: BindDocumentType started
8/23/2017 1:09:02 PM: BindDocumentType finished
8/23/2017 1:09:06 PM: createControls Started
8/23/2017 1:09:06 PM: createControls Loaded all Textbox dynamically
8/23/2017 1:09:06 PM: createControls Loaded all Textbox dynamically
8/23/2017 1:09:06 PM: createControls Finished
8/23/2017 1:09:06 PM: GetTemplateDetails started
8/23/2017 1:09:06 PM: generatecontrols Started
8/23/2017 1:09:06 PM: GenerateControls:Loaded all Textbox dynamically
8/23/2017 1:09:06 PM: GenerateControls:Loaded all Textbox dynamically
8/23/2017 1:09:08 PM: createControls Started
8/23/2017 1:09:08 PM: createControls Loaded all Textbox dynamically
8/23/2017 1:09:08 PM: createControls Loaded all Textbox dynamically
8/23/2017 1:09:08 PM: createControls Finished
8/23/2017 1:09:08 PM: Started Loading Entity Drop Down
8/23/2017 1:09:09 PM: Finished Loading Entity Drop Down
8/23/2017 1:09:11 PM: createControls Started
8/23/2017 1:09:12 PM: createControls Loaded all Textbox dynamically
8/23/2017 1:09:12 PM: createControls Loaded all Textbox dynamically
8/23/2017 1:09:12 PM: createControls Finished
8/23/2017 1:09:13 PM: GetSginatureDetails Started:-
8/23/2017 1:09:13 PM: GetSginatureDetails Completed:-
8/23/2017 1:09:13 PM: GetTemplateDetails Started
8/23/2017 1:09:13 PM: GetTemplateDetails total record count:1
8/23/2017 1:09:13 PM: Create controls,Load all Textbox dynamic
8/23/2017 1:09:13 PM: Create controls,Load all Textbox dynamic
8/23/2017 1:09:13 PM: GetTemplateDetails Finished
8/23/2017 1:09:13 PM: InitializeDocumentView started
8/23/2017 1:09:16 PM: InitializeDocumentView finished
8/23/2017 1:09:16 PM: Calling database to get annotated images. DocumentId: 2373, Action: GetAnnotatedPages
8/23/2017 1:09:22 PM: Calling database to get annotated images. DocumentId: 2373, Action: GetTaggedPages
8/23/2017 1:09:23 PM: LoadImageToViewer started
8/23/2017 1:09:23 PM: Setting image to viewer. Action:  Page count: 39 Current Page:1
8/23/2017 1:09:23 PM: Converting PDF to JPEG. PDF Path: E:\WDMSDocument\TempWorkFolder\Tk9fRVhfNTEwXzI1MF8xNDAw\6.pdf Image Name: Tk9fRVhfNTEwXzI1MF8xNDAw Page No: 6
8/23/2017 1:09:23 PM: Converting PDF to JPEG without applying watermark.
8/23/2017 1:09:24 PM: Setting image to viewer using RegisterStartupScript: http://localhost:55361/generichandler.ashx?f=e://wdmsdocument//tempworkfolder//tk9frvhfntewxzi1mf8xndawjpg//6.jpeg
8/23/2017 1:09:24 PM: Invoke method to get annotations from databnase.
8/23/2017 1:09:24 PM: Get annotations from database.
8/23/2017 1:09:24 PM: Document Id: 2373 Page No: 6
8/23/2017 1:09:24 PM: Invoking method to get annotation data from database. Action: GetAnnotations
8/23/2017 1:09:24 PM: MailPanelFill started
8/23/2017 1:09:24 PM: MailPanelFill finished
8/23/2017 1:09:25 PM: Unzipping file. Filepath: E:\WDMSDocument\TempWorkFolder\\Tk9fRVhfNTEwXzI1MF8xNDAw.zip
8/23/2017 1:13:01 PM: GetTemplateDetails Started
8/23/2017 1:13:01 PM: GetTemplateDetails total record count:1
8/23/2017 1:13:01 PM: Create controls,Load all Textbox dynamic
8/23/2017 1:13:01 PM: Create controls,Load all Textbox dynamic
8/23/2017 1:13:01 PM: GetTemplateDetails Finished
8/23/2017 1:13:01 PM: LoadImageToViewer started
8/23/2017 1:13:01 PM: Setting image to viewer. Action: NEXT Page count: 39 Current Page:6
8/23/2017 1:13:01 PM: Converting PDF to JPEG. PDF Path: E:\WDMSDocument\TempWorkFolder\Tk9fRVhfNTEwXzI1MF8xNDAw\9.pdf Image Name: Tk9fRVhfNTEwXzI1MF8xNDAw Page No: 9
8/23/2017 1:13:01 PM: Converting PDF to JPEG without applying watermark.
8/23/2017 1:13:01 PM: Setting image to viewer using RegisterStartupScript: http://localhost:55361/generichandler.ashx?f=e://wdmsdocument//tempworkfolder//tk9frvhfntewxzi1mf8xndawjpg//9.jpeg
8/23/2017 1:13:01 PM: Invoke method to get annotations from databnase.
8/23/2017 1:13:01 PM: Get annotations from database.
8/23/2017 1:13:01 PM: Document Id: 2373 Page No: 9
8/23/2017 1:13:01 PM: Invoking method to get annotation data from database. Action: GetAnnotations
8/23/2017 1:13:02 PM: GetTemplateDetails Started
8/23/2017 1:13:02 PM: GetTemplateDetails total record count:1
8/23/2017 1:13:02 PM: Create controls,Load all Textbox dynamic
8/23/2017 1:13:02 PM: Create controls,Load all Textbox dynamic
8/23/2017 1:13:02 PM: GetTemplateDetails Finished
8/23/2017 1:13:02 PM: LoadImageToViewer started
8/23/2017 1:13:02 PM: Setting image to viewer. Action: NEXT Page count: 39 Current Page:6
8/23/2017 1:13:02 PM: Converting PDF to JPEG. PDF Path: E:\WDMSDocument\TempWorkFolder\Tk9fRVhfNTEwXzI1MF8xNDAw\9.pdf Image Name: Tk9fRVhfNTEwXzI1MF8xNDAw Page No: 9
8/23/2017 1:13:02 PM: Converting PDF to JPEG without applying watermark.
8/23/2017 1:13:02 PM: Setting image to viewer using RegisterStartupScript: http://localhost:55361/generichandler.ashx?f=e://wdmsdocument//tempworkfolder//tk9frvhfntewxzi1mf8xndawjpg//9.jpeg
8/23/2017 1:13:02 PM: Invoke method to get annotations from databnase.
8/23/2017 1:13:02 PM: Get annotations from database.
8/23/2017 1:13:02 PM: Document Id: 2373 Page No: 9
8/23/2017 1:13:02 PM: Invoking method to get annotation data from database. Action: GetAnnotations
8/23/2017 1:13:05 PM: GetTemplateDetails Started
8/23/2017 1:13:05 PM: GetTemplateDetails total record count:1
8/23/2017 1:13:05 PM: Create controls,Load all Textbox dynamic
8/23/2017 1:13:05 PM: Create controls,Load all Textbox dynamic
8/23/2017 1:13:05 PM: GetTemplateDetails Finished
8/23/2017 1:13:08 PM: LoadImageToViewer started
8/23/2017 1:13:08 PM: Setting image to viewer. Action: NEXT Page count: 7 Current Page:6
8/23/2017 1:13:08 PM: Converting PDF to JPEG. PDF Path: E:\WDMSDocument\TempWorkFolder\Tk9fRVhfNTEwXzI1MF8xNDAw\2.pdf Image Name: Tk9fRVhfNTEwXzI1MF8xNDAw Page No: 2
8/23/2017 1:13:08 PM: Converting PDF to JPEG without applying watermark.
8/23/2017 1:13:09 PM: Setting image to viewer using RegisterStartupScript: http://localhost:55361/generichandler.ashx?f=e://wdmsdocument//tempworkfolder//tk9frvhfntewxzi1mf8xndawjpg//2.jpeg
8/23/2017 1:13:09 PM: Invoke method to get annotations from databnase.
8/23/2017 1:13:09 PM: Get annotations from database.
8/23/2017 1:13:09 PM: Document Id: 2373 Page No: 2
8/23/2017 1:13:09 PM: Invoking method to get annotation data from database. Action: GetAnnotations
8/23/2017 1:13:12 PM: GetTemplateDetails Started
8/23/2017 1:13:12 PM: GetTemplateDetails total record count:1
8/23/2017 1:13:12 PM: Create controls,Load all Textbox dynamic
8/23/2017 1:13:12 PM: Create controls,Load all Textbox dynamic
8/23/2017 1:13:12 PM: GetTemplateDetails Finished
8/23/2017 1:13:12 PM: LoadImageToViewer started
8/23/2017 1:13:12 PM: Setting image to viewer. Action: NEXT Page count: 39 Current Page:6
8/23/2017 1:13:12 PM: Converting PDF to JPEG. PDF Path: E:\WDMSDocument\TempWorkFolder\Tk9fRVhfNTEwXzI1MF8xNDAw\9.pdf Image Name: Tk9fRVhfNTEwXzI1MF8xNDAw Page No: 9
8/23/2017 1:13:12 PM: Converting PDF to JPEG without applying watermark.
8/23/2017 1:13:13 PM: Setting image to viewer using RegisterStartupScript: http://localhost:55361/generichandler.ashx?f=e://wdmsdocument//tempworkfolder//tk9frvhfntewxzi1mf8xndawjpg//9.jpeg
8/23/2017 1:13:13 PM: Invoke method to get annotations from databnase.
8/23/2017 1:13:13 PM: Get annotations from database.
8/23/2017 1:13:13 PM: Document Id: 2373 Page No: 9
8/23/2017 1:13:13 PM: Invoking method to get annotation data from database. Action: GetAnnotations
8/23/2017 1:13:15 PM: GetTemplateDetails Started
8/23/2017 1:13:15 PM: GetTemplateDetails total record count:1
8/23/2017 1:13:15 PM: Create controls,Load all Textbox dynamic
8/23/2017 1:13:15 PM: Create controls,Load all Textbox dynamic
8/23/2017 1:13:15 PM: GetTemplateDetails Finished
8/23/2017 1:13:15 PM: LoadImageToViewer started
8/23/2017 1:13:15 PM: Setting image to viewer. Action: NEXT Page count: 39 Current Page:9
8/23/2017 1:13:15 PM: Converting PDF to JPEG. PDF Path: E:\WDMSDocument\TempWorkFolder\Tk9fRVhfNTEwXzI1MF8xNDAw\10.pdf Image Name: Tk9fRVhfNTEwXzI1MF8xNDAw Page No: 10
8/23/2017 1:13:15 PM: Converting PDF to JPEG without applying watermark.
8/23/2017 1:13:15 PM: Setting image to viewer using RegisterStartupScript: http://localhost:55361/generichandler.ashx?f=e://wdmsdocument//tempworkfolder//tk9frvhfntewxzi1mf8xndawjpg//10.jpeg
8/23/2017 1:13:15 PM: Invoke method to get annotations from databnase.
8/23/2017 1:13:15 PM: Get annotations from database.
8/23/2017 1:13:15 PM: Document Id: 2373 Page No: 10
8/23/2017 1:13:15 PM: Invoking method to get annotation data from database. Action: GetAnnotations
8/23/2017 1:13:16 PM: GetTemplateDetails Started
8/23/2017 1:13:16 PM: GetTemplateDetails total record count:1
8/23/2017 1:13:16 PM: Create controls,Load all Textbox dynamic
8/23/2017 1:13:16 PM: Create controls,Load all Textbox dynamic
8/23/2017 1:13:16 PM: GetTemplateDetails Finished
8/23/2017 1:13:16 PM: LoadImageToViewer started
8/23/2017 1:13:16 PM: Setting image to viewer. Action: NEXT Page count: 39 Current Page:10
8/23/2017 1:13:16 PM: Converting PDF to JPEG. PDF Path: E:\WDMSDocument\TempWorkFolder\Tk9fRVhfNTEwXzI1MF8xNDAw\11.pdf Image Name: Tk9fRVhfNTEwXzI1MF8xNDAw Page No: 11
8/23/2017 1:13:16 PM: Converting PDF to JPEG without applying watermark.
8/23/2017 1:13:16 PM: Setting image to viewer using RegisterStartupScript: http://localhost:55361/generichandler.ashx?f=e://wdmsdocument//tempworkfolder//tk9frvhfntewxzi1mf8xndawjpg//11.jpeg
8/23/2017 1:13:16 PM: Invoke method to get annotations from databnase.
8/23/2017 1:13:16 PM: Get annotations from database.
8/23/2017 1:13:16 PM: Document Id: 2373 Page No: 11
8/23/2017 1:13:16 PM: Invoking method to get annotation data from database. Action: GetAnnotations
8/23/2017 1:13:53 PM: GetSginatureDetails Started:-
8/23/2017 1:13:53 PM: GetSginatureDetails Completed:-
8/23/2017 1:13:53 PM: GetTemplateDetails Started
8/23/2017 1:13:53 PM: GetTemplateDetails total record count:1
8/23/2017 1:13:53 PM: Create controls,Load all Textbox dynamic
8/23/2017 1:13:53 PM: Create controls,Load all Textbox dynamic
8/23/2017 1:13:53 PM: GetTemplateDetails Finished
8/23/2017 1:13:54 PM: InitializeDocumentView started
8/23/2017 1:13:54 PM: InitializeDocumentView finished
8/23/2017 1:13:54 PM: Calling database to get annotated images. DocumentId: 2373, Action: GetAnnotatedPages
8/23/2017 1:13:57 PM: Calling database to get annotated images. DocumentId: 2373, Action: GetTaggedPages
8/23/2017 1:13:57 PM: LoadImageToViewer started
8/23/2017 1:13:57 PM: Setting image to viewer. Action:  Page count: 39 Current Page:1
8/23/2017 1:13:57 PM: Converting PDF to JPEG. PDF Path: E:\WDMSDocument\TempWorkFolder\Tk9fRVhfNTEwXzI1MF8xNDAw\6.pdf Image Name: Tk9fRVhfNTEwXzI1MF8xNDAw Page No: 6
8/23/2017 1:13:57 PM: Converting PDF to JPEG without applying watermark.
8/23/2017 1:13:57 PM: Setting image to viewer using RegisterStartupScript: http://localhost:55361/generichandler.ashx?f=e://wdmsdocument//tempworkfolder//tk9frvhfntewxzi1mf8xndawjpg//6.jpeg
8/23/2017 1:13:57 PM: Invoke method to get annotations from databnase.
8/23/2017 1:13:57 PM: Get annotations from database.
8/23/2017 1:13:57 PM: Document Id: 2373 Page No: 6
8/23/2017 1:13:57 PM: Invoking method to get annotation data from database. Action: GetAnnotations
8/23/2017 1:13:57 PM: MailPanelFill started
8/23/2017 1:13:57 PM: MailPanelFill finished
8/23/2017 1:13:57 PM: Unzipping file. Filepath: E:\WDMSDocument\TempWorkFolder\\Tk9fRVhfNTEwXzI1MF8xNDAw.zip
8/23/2017 1:14:00 PM: GetTemplateDetails Started
8/23/2017 1:14:01 PM: GetTemplateDetails total record count:1
8/23/2017 1:14:01 PM: Create controls,Load all Textbox dynamic
8/23/2017 1:14:01 PM: Create controls,Load all Textbox dynamic
8/23/2017 1:14:01 PM: GetTemplateDetails Finished
8/23/2017 1:14:04 PM: LoadImageToViewer started
8/23/2017 1:14:04 PM: Setting image to viewer. Action: NEXT Page count: 7 Current Page:6
8/23/2017 1:14:04 PM: Converting PDF to JPEG. PDF Path: E:\WDMSDocument\TempWorkFolder\Tk9fRVhfNTEwXzI1MF8xNDAw\2.pdf Image Name: Tk9fRVhfNTEwXzI1MF8xNDAw Page No: 2
8/23/2017 1:14:04 PM: Converting PDF to JPEG without applying watermark.
8/23/2017 1:14:04 PM: Setting image to viewer using RegisterStartupScript: http://localhost:55361/generichandler.ashx?f=e://wdmsdocument//tempworkfolder//tk9frvhfntewxzi1mf8xndawjpg//2.jpeg
8/23/2017 1:14:04 PM: Invoke method to get annotations from databnase.
8/23/2017 1:14:04 PM: Get annotations from database.
8/23/2017 1:14:04 PM: Document Id: 2373 Page No: 2
8/23/2017 1:14:04 PM: Invoking method to get annotation data from database. Action: GetAnnotations
8/23/2017 1:14:08 PM: GetTemplateDetails Started
8/23/2017 1:14:08 PM: GetTemplateDetails total record count:1
8/23/2017 1:14:08 PM: Create controls,Load all Textbox dynamic
8/23/2017 1:14:08 PM: Create controls,Load all Textbox dynamic
8/23/2017 1:14:08 PM: GetTemplateDetails Finished
8/23/2017 1:14:09 PM: LoadImageToViewer started
8/23/2017 1:14:09 PM: Setting image to viewer. Action: NEXT Page count: 39 Current Page:6
8/23/2017 1:14:09 PM: Converting PDF to JPEG. PDF Path: E:\WDMSDocument\TempWorkFolder\Tk9fRVhfNTEwXzI1MF8xNDAw\9.pdf Image Name: Tk9fRVhfNTEwXzI1MF8xNDAw Page No: 9
8/23/2017 1:14:09 PM: Converting PDF to JPEG without applying watermark.
8/23/2017 1:14:09 PM: Setting image to viewer using RegisterStartupScript: http://localhost:55361/generichandler.ashx?f=e://wdmsdocument//tempworkfolder//tk9frvhfntewxzi1mf8xndawjpg//9.jpeg
8/23/2017 1:14:09 PM: Invoke method to get annotations from databnase.
8/23/2017 1:14:09 PM: Get annotations from database.
8/23/2017 1:14:09 PM: Document Id: 2373 Page No: 9
8/23/2017 1:14:09 PM: Invoking method to get annotation data from database. Action: GetAnnotations
8/23/2017 1:14:10 PM: GetTemplateDetails Started
8/23/2017 1:14:10 PM: GetTemplateDetails total record count:1
8/23/2017 1:14:10 PM: Create controls,Load all Textbox dynamic
8/23/2017 1:14:10 PM: Create controls,Load all Textbox dynamic
8/23/2017 1:14:10 PM: GetTemplateDetails Finished
8/23/2017 1:14:10 PM: LoadImageToViewer started
8/23/2017 1:14:10 PM: Setting image to viewer. Action: NEXT Page count: 39 Current Page:9
8/23/2017 1:14:10 PM: Converting PDF to JPEG. PDF Path: E:\WDMSDocument\TempWorkFolder\Tk9fRVhfNTEwXzI1MF8xNDAw\10.pdf Image Name: Tk9fRVhfNTEwXzI1MF8xNDAw Page No: 10
8/23/2017 1:14:10 PM: Converting PDF to JPEG without applying watermark.
8/23/2017 1:14:11 PM: Setting image to viewer using RegisterStartupScript: http://localhost:55361/generichandler.ashx?f=e://wdmsdocument//tempworkfolder//tk9frvhfntewxzi1mf8xndawjpg//10.jpeg
8/23/2017 1:14:11 PM: Invoke method to get annotations from databnase.
8/23/2017 1:14:11 PM: Get annotations from database.
8/23/2017 1:14:11 PM: Document Id: 2373 Page No: 10
8/23/2017 1:14:11 PM: Invoking method to get annotation data from database. Action: GetAnnotations
8/23/2017 1:14:11 PM: GetTemplateDetails Started
8/23/2017 1:14:11 PM: GetTemplateDetails total record count:1
8/23/2017 1:14:11 PM: Create controls,Load all Textbox dynamic
8/23/2017 1:14:11 PM: Create controls,Load all Textbox dynamic
8/23/2017 1:14:11 PM: GetTemplateDetails Finished
8/23/2017 1:14:12 PM: LoadImageToViewer started
8/23/2017 1:14:12 PM: Setting image to viewer. Action: NEXT Page count: 39 Current Page:9
8/23/2017 1:14:12 PM: Converting PDF to JPEG. PDF Path: E:\WDMSDocument\TempWorkFolder\Tk9fRVhfNTEwXzI1MF8xNDAw\10.pdf Image Name: Tk9fRVhfNTEwXzI1MF8xNDAw Page No: 10
8/23/2017 1:14:12 PM: Converting PDF to JPEG without applying watermark.
8/23/2017 1:14:12 PM: Setting image to viewer using RegisterStartupScript: http://localhost:55361/generichandler.ashx?f=e://wdmsdocument//tempworkfolder//tk9frvhfntewxzi1mf8xndawjpg//10.jpeg
8/23/2017 1:14:12 PM: Invoke method to get annotations from databnase.
8/23/2017 1:14:12 PM: Get annotations from database.
8/23/2017 1:14:12 PM: Document Id: 2373 Page No: 10
8/23/2017 1:14:12 PM: Invoking method to get annotation data from database. Action: GetAnnotations
8/23/2017 1:14:12 PM: GetTemplateDetails Started
8/23/2017 1:14:12 PM: GetTemplateDetails total record count:1
8/23/2017 1:14:13 PM: Create controls,Load all Textbox dynamic
8/23/2017 1:14:13 PM: Create controls,Load all Textbox dynamic
8/23/2017 1:14:13 PM: GetTemplateDetails Finished
8/23/2017 1:14:13 PM: LoadImageToViewer started
8/23/2017 1:14:13 PM: Setting image to viewer. Action: NEXT Page count: 7 Current Page:9
8/23/2017 1:14:13 PM: Converting PDF to JPEG. PDF Path: E:\WDMSDocument\TempWorkFolder\Tk9fRVhfNTEwXzI1MF8xNDAw\2.pdf Image Name: Tk9fRVhfNTEwXzI1MF8xNDAw Page No: 2
8/23/2017 1:14:13 PM: Converting PDF to JPEG without applying watermark.
8/23/2017 1:14:13 PM: Setting image to viewer using RegisterStartupScript: http://localhost:55361/generichandler.ashx?f=e://wdmsdocument//tempworkfolder//tk9frvhfntewxzi1mf8xndawjpg//2.jpeg
8/23/2017 1:14:13 PM: Invoke method to get annotations from databnase.
8/23/2017 1:14:13 PM: Get annotations from database.
8/23/2017 1:14:13 PM: Document Id: 2373 Page No: 2
8/23/2017 1:14:13 PM: Invoking method to get annotation data from database. Action: GetAnnotations
8/23/2017 1:14:14 PM: GetTemplateDetails Started
8/23/2017 1:14:15 PM: GetTemplateDetails total record count:1
8/23/2017 1:14:15 PM: Create controls,Load all Textbox dynamic
8/23/2017 1:14:15 PM: Create controls,Load all Textbox dynamic
8/23/2017 1:14:15 PM: GetTemplateDetails Finished
8/23/2017 1:14:15 PM: LoadImageToViewer started
8/23/2017 1:14:15 PM: Setting image to viewer. Action: NEXT Page count: 7 Current Page:9
8/23/2017 1:14:15 PM: Converting PDF to JPEG. PDF Path: E:\WDMSDocument\TempWorkFolder\Tk9fRVhfNTEwXzI1MF8xNDAw\2.pdf Image Name: Tk9fRVhfNTEwXzI1MF8xNDAw Page No: 2
8/23/2017 1:14:15 PM: Converting PDF to JPEG without applying watermark.
8/23/2017 1:14:15 PM: Setting image to viewer using RegisterStartupScript: http://localhost:55361/generichandler.ashx?f=e://wdmsdocument//tempworkfolder//tk9frvhfntewxzi1mf8xndawjpg//2.jpeg
8/23/2017 1:14:15 PM: Invoke method to get annotations from databnase.
8/23/2017 1:14:15 PM: Get annotations from database.
8/23/2017 1:14:15 PM: Document Id: 2373 Page No: 2
8/23/2017 1:14:15 PM: Invoking method to get annotation data from database. Action: GetAnnotations
8/23/2017 3:30:56 PM: BindDocumentType started
8/23/2017 3:30:56 PM: BindDocumentType finished
8/23/2017 3:31:02 PM: createControls Started
8/23/2017 3:31:02 PM: createControls Loaded all Textbox dynamically
8/23/2017 3:31:02 PM: createControls Loaded all Textbox dynamically
8/23/2017 3:31:02 PM: createControls Loaded all Textbox dynamically
8/23/2017 3:31:02 PM: createControls Loaded all Textbox dynamically
8/23/2017 3:31:02 PM: createControls Loaded all Textbox dynamically
8/23/2017 3:31:02 PM: createControls Loaded all Textbox dynamically
8/23/2017 3:31:02 PM: createControls Loaded all Textbox dynamically
8/23/2017 3:31:02 PM: createControls Loaded all Textbox dynamically
8/23/2017 3:31:02 PM: createControls Loaded all Textbox dynamically
8/23/2017 3:31:02 PM: createControls Finished
8/23/2017 3:31:02 PM: GetTemplateDetails started
8/23/2017 3:31:02 PM: generatecontrols Started
8/23/2017 3:31:02 PM: GenerateControls:Loaded all Textbox dynamically
8/23/2017 3:31:02 PM: GenerateControls:Loaded all Textbox dynamically
8/23/2017 3:31:02 PM: GenerateControls:Loaded all Textbox dynamically
8/23/2017 3:31:02 PM: GenerateControls:Loaded all Textbox dynamically
8/23/2017 3:31:02 PM: GenerateControls:Loaded all Textbox dynamically
8/23/2017 3:31:02 PM: GenerateControls:Loaded all Textbox dynamically
8/23/2017 3:31:02 PM: GenerateControls:Loaded all Textbox dynamically
8/23/2017 3:31:02 PM: GenerateControls:Loaded all Textbox dynamically
8/23/2017 3:31:02 PM: GenerateControls:Loaded all Textbox dynamically
8/23/2017 3:31:04 PM: createControls Started
8/23/2017 3:31:04 PM: createControls Loaded all Textbox dynamically
8/23/2017 3:31:04 PM: createControls Loaded all Textbox dynamically
8/23/2017 3:31:04 PM: createControls Loaded all Textbox dynamically
8/23/2017 3:31:04 PM: createControls Loaded all Textbox dynamically
8/23/2017 3:31:04 PM: createControls Loaded all Textbox dynamically
8/23/2017 3:31:04 PM: createControls Loaded all Textbox dynamically
8/23/2017 3:31:04 PM: createControls Loaded all Textbox dynamically
8/23/2017 3:31:04 PM: createControls Loaded all Textbox dynamically
8/23/2017 3:31:04 PM: createControls Loaded all Textbox dynamically
8/23/2017 3:31:04 PM: createControls Finished
8/23/2017 3:31:04 PM: Started Loading Entity Drop Down
8/23/2017 3:31:05 PM: Finished Loading Entity Drop Down
8/23/2017 3:34:22 PM: createControls Started
8/23/2017 3:34:23 PM: createControls Loaded all Textbox dynamically
8/23/2017 3:34:23 PM: createControls Loaded all Textbox dynamically
8/23/2017 3:34:23 PM: createControls Loaded all Textbox dynamically
8/23/2017 3:34:23 PM: createControls Loaded all Textbox dynamically
8/23/2017 3:34:23 PM: createControls Loaded all Textbox dynamically
8/23/2017 3:34:23 PM: createControls Loaded all Textbox dynamically
8/23/2017 3:34:23 PM: createControls Loaded all Textbox dynamically
8/23/2017 3:34:23 PM: createControls Loaded all Textbox dynamically
8/23/2017 3:34:23 PM: createControls Loaded all Textbox dynamically
8/23/2017 3:34:23 PM: createControls Finished
8/23/2017 3:34:57 PM: GetSginatureDetails Started:-
8/23/2017 3:34:57 PM: GetSginatureDetails Completed:-
8/23/2017 3:34:57 PM: GetTemplateDetails Started
8/23/2017 3:34:57 PM: GetTemplateDetails total record count:1
8/23/2017 3:34:57 PM: Create controls,Load all Textbox dynamic
8/23/2017 3:34:57 PM: Create controls,Load all Textbox dynamic
8/23/2017 3:34:57 PM: Create controls,Load all Textbox dynamic
8/23/2017 3:34:57 PM: Create controls,Load all Textbox dynamic
8/23/2017 3:34:57 PM: Create controls,Load all Textbox dynamic
8/23/2017 3:34:57 PM: Create controls,Load all Textbox dynamic
8/23/2017 3:34:57 PM: Create controls,Load all Textbox dynamic
8/23/2017 3:34:57 PM: Create controls,Load all Textbox dynamic
8/23/2017 3:34:57 PM: Create controls,Load all Textbox dynamic
8/23/2017 3:34:57 PM: GetTemplateDetails Finished
8/23/2017 3:34:57 PM: InitializeDocumentView started
8/23/2017 3:34:57 PM: InitializeDocumentView finished
8/23/2017 3:34:57 PM: Calling database to get annotated images. DocumentId: 1837, Action: GetAnnotatedPages
8/23/2017 3:34:57 PM: Calling database to get annotated images. DocumentId: 1837, Action: GetTaggedPages
8/23/2017 3:34:58 PM: LoadImageToViewer started
8/23/2017 3:34:58 PM: Setting image to viewer. Action:  Page count: 0 Current Page:1
8/23/2017 3:34:58 PM: MailPanelFill started
8/23/2017 3:34:58 PM: MailPanelFill finished
8/23/2017 3:37:10 PM: GetTemplateDetails Started
8/23/2017 3:37:10 PM: GetTemplateDetails total record count:1
8/23/2017 3:37:10 PM: Create controls,Load all Textbox dynamic
8/23/2017 3:37:10 PM: Create controls,Load all Textbox dynamic
8/23/2017 3:37:10 PM: Create controls,Load all Textbox dynamic
8/23/2017 3:37:10 PM: Create controls,Load all Textbox dynamic
8/23/2017 3:37:10 PM: Create controls,Load all Textbox dynamic
8/23/2017 3:37:10 PM: Create controls,Load all Textbox dynamic
8/23/2017 3:37:10 PM: Create controls,Load all Textbox dynamic
8/23/2017 3:37:10 PM: Create controls,Load all Textbox dynamic
8/23/2017 3:37:10 PM: Create controls,Load all Textbox dynamic
8/23/2017 3:37:10 PM: GetTemplateDetails Finished
8/23/2017 3:38:57 PM: GetSginatureDetails Started:-
8/23/2017 3:38:57 PM: GetSginatureDetails Completed:-
8/23/2017 3:38:57 PM: GetTemplateDetails Started
8/23/2017 3:38:57 PM: GetTemplateDetails total record count:1
8/23/2017 3:38:57 PM: Create controls,Load all Textbox dynamic
8/23/2017 3:38:57 PM: Create controls,Load all Textbox dynamic
8/23/2017 3:38:57 PM: Create controls,Load all Textbox dynamic
8/23/2017 3:38:57 PM: Create controls,Load all Textbox dynamic
8/23/2017 3:38:57 PM: Create controls,Load all Textbox dynamic
8/23/2017 3:38:57 PM: Create controls,Load all Textbox dynamic
8/23/2017 3:38:57 PM: Create controls,Load all Textbox dynamic
8/23/2017 3:38:57 PM: Create controls,Load all Textbox dynamic
8/23/2017 3:38:57 PM: Create controls,Load all Textbox dynamic
8/23/2017 3:38:57 PM: GetTemplateDetails Finished
8/23/2017 3:38:57 PM: InitializeDocumentView started
8/23/2017 3:38:57 PM: InitializeDocumentView finished
8/23/2017 3:38:57 PM: Calling database to get annotated images. DocumentId: 1837, Action: GetAnnotatedPages
8/23/2017 3:38:57 PM: Calling database to get annotated images. DocumentId: 1837, Action: GetTaggedPages
8/23/2017 3:38:57 PM: LoadImageToViewer started
8/23/2017 3:38:57 PM: Setting image to viewer. Action:  Page count: 0 Current Page:1
8/23/2017 3:38:57 PM: MailPanelFill started
8/23/2017 3:38:57 PM: MailPanelFill finished
8/23/2017 3:49:17 PM: BindDocumentType started
8/23/2017 3:49:18 PM: BindDocumentType finished
8/23/2017 3:49:23 PM: createControls Started
8/23/2017 3:49:23 PM: createControls Loaded all Textbox dynamically
8/23/2017 3:49:23 PM: createControls Loaded all Textbox dynamically
8/23/2017 3:49:23 PM: createControls Finished
8/23/2017 3:49:23 PM: GetTemplateDetails started
8/23/2017 3:49:23 PM: generatecontrols Started
8/23/2017 3:49:23 PM: GenerateControls:Loaded all Textbox dynamically
8/23/2017 3:49:23 PM: GenerateControls:Loaded all Textbox dynamically
8/23/2017 3:49:25 PM: createControls Started
8/23/2017 3:49:25 PM: createControls Loaded all Textbox dynamically
8/23/2017 3:49:25 PM: createControls Loaded all Textbox dynamically
8/23/2017 3:49:25 PM: createControls Finished
8/23/2017 3:49:25 PM: Started Loading Entity Drop Down
8/23/2017 3:49:25 PM: Finished Loading Entity Drop Down
8/23/2017 3:50:56 PM: createControls Started
8/23/2017 3:50:56 PM: createControls Loaded all Textbox dynamically
8/23/2017 3:50:56 PM: createControls Loaded all Textbox dynamically
8/23/2017 3:50:56 PM: createControls Finished
8/23/2017 3:50:58 PM: GetSginatureDetails Started:-
8/23/2017 3:50:58 PM: GetSginatureDetails Completed:-
8/23/2017 3:50:58 PM: GetTemplateDetails Started
8/23/2017 3:50:58 PM: GetTemplateDetails total record count:1
8/23/2017 3:50:58 PM: Create controls,Load all Textbox dynamic
8/23/2017 3:50:58 PM: Create controls,Load all Textbox dynamic
8/23/2017 3:50:58 PM: GetTemplateDetails Finished
8/23/2017 3:50:58 PM: InitializeDocumentView started
8/23/2017 3:50:58 PM: InitializeDocumentView finished
8/23/2017 3:50:58 PM: Calling database to get annotated images. DocumentId: 2373, Action: GetAnnotatedPages
8/23/2017 3:53:33 PM: Calling database to get annotated images. DocumentId: 2373, Action: GetTaggedPages
8/23/2017 3:53:38 PM: LoadImageToViewer started
8/23/2017 3:53:38 PM: Setting image to viewer. Action:  Page count: 39 Current Page:1
8/23/2017 3:53:38 PM: Converting PDF to JPEG. PDF Path: E:\WDMSDocument\TempWorkFolder\Tk9fRVhfNTEwXzI1MF8xNDAw\6.pdf Image Name: Tk9fRVhfNTEwXzI1MF8xNDAw Page No: 6
8/23/2017 3:53:38 PM: Converting PDF to JPEG without applying watermark.
8/23/2017 3:53:38 PM: Setting image to viewer using RegisterStartupScript: http://localhost:55361/generichandler.ashx?f=e://wdmsdocument//tempworkfolder//tk9frvhfntewxzi1mf8xndawjpg//6.jpeg
8/23/2017 3:53:38 PM: Invoke method to get annotations from databnase.
8/23/2017 3:53:38 PM: Get annotations from database.
8/23/2017 3:53:38 PM: Document Id: 2373 Page No: 6
8/23/2017 3:53:38 PM: Invoking method to get annotation data from database. Action: GetAnnotations
8/23/2017 3:53:38 PM: MailPanelFill started
8/23/2017 3:53:38 PM: MailPanelFill finished
8/23/2017 3:53:38 PM: Unzipping file. Filepath: E:\WDMSDocument\TempWorkFolder\\Tk9fRVhfNTEwXzI1MF8xNDAw.zip
8/23/2017 3:53:56 PM: BindDocumentType started
8/23/2017 3:53:56 PM: BindDocumentType finished
8/23/2017 3:54:05 PM: createControls Started
8/23/2017 3:54:11 PM: createControls Loaded all Textbox dynamically
8/23/2017 3:54:11 PM: createControls Loaded all Textbox dynamically
8/23/2017 3:54:11 PM: createControls Finished
8/23/2017 3:54:11 PM: GetTemplateDetails started
8/23/2017 3:54:11 PM: generatecontrols Started
8/23/2017 3:54:12 PM: GenerateControls:Loaded all Textbox dynamically
8/23/2017 3:54:12 PM: GenerateControls:Loaded all Textbox dynamically
8/23/2017 3:54:13 PM: createControls Started
8/23/2017 3:54:13 PM: createControls Loaded all Textbox dynamically
8/23/2017 3:54:13 PM: createControls Loaded all Textbox dynamically
8/23/2017 3:54:13 PM: createControls Finished
8/23/2017 3:54:13 PM: GetTemplateDetails started
8/23/2017 3:54:13 PM: generatecontrols Started
8/23/2017 3:54:13 PM: GenerateControls:Loaded all Textbox dynamically
8/23/2017 3:54:13 PM: GenerateControls:Loaded all Textbox dynamically
8/23/2017 3:54:14 PM: Started Loading Entity Drop Down
8/23/2017 3:54:18 PM: Finished Loading Entity Drop Down
8/23/2017 3:54:19 PM: BindDocumentType started
8/23/2017 3:54:19 PM: BindDocumentType finished
8/23/2017 3:54:26 PM: createControls Started
8/23/2017 3:54:26 PM: createControls Loaded all Textbox dynamically
8/23/2017 3:54:26 PM: createControls Loaded all Textbox dynamically
8/23/2017 3:54:26 PM: createControls Finished
8/23/2017 3:54:26 PM: GetTemplateDetails started
8/23/2017 3:54:26 PM: generatecontrols Started
8/23/2017 3:54:26 PM: GenerateControls:Loaded all Textbox dynamically
8/23/2017 3:54:26 PM: GenerateControls:Loaded all Textbox dynamically
8/23/2017 3:54:28 PM: createControls Started
8/23/2017 3:54:28 PM: createControls Loaded all Textbox dynamically
8/23/2017 3:54:28 PM: createControls Loaded all Textbox dynamically
8/23/2017 3:54:28 PM: createControls Finished
8/23/2017 3:54:28 PM: Started Loading Entity Drop Down
8/23/2017 3:54:30 PM: Finished Loading Entity Drop Down
8/23/2017 3:54:56 PM: createControls Started
8/23/2017 3:54:57 PM: createControls Loaded all Textbox dynamically
8/23/2017 3:54:57 PM: createControls Loaded all Textbox dynamically
8/23/2017 3:54:57 PM: createControls Finished
8/23/2017 3:55:40 PM: BindDocumentType started
8/23/2017 3:55:40 PM: BindDocumentType finished
8/23/2017 3:55:46 PM: createControls Started
8/23/2017 3:55:46 PM: createControls Loaded all Textbox dynamically
8/23/2017 3:55:46 PM: createControls Loaded all Textbox dynamically
8/23/2017 3:55:46 PM: createControls Finished
8/23/2017 3:55:46 PM: GetTemplateDetails started
8/23/2017 3:55:46 PM: generatecontrols Started
8/23/2017 3:55:47 PM: GenerateControls:Loaded all Textbox dynamically
8/23/2017 3:55:47 PM: GenerateControls:Loaded all Textbox dynamically
8/23/2017 3:55:51 PM: createControls Started
8/23/2017 3:55:51 PM: createControls Loaded all Textbox dynamically
8/23/2017 3:55:51 PM: createControls Loaded all Textbox dynamically
8/23/2017 3:55:51 PM: createControls Finished
8/23/2017 3:55:51 PM: Started Loading Entity Drop Down
8/23/2017 3:55:52 PM: Finished Loading Entity Drop Down
8/23/2017 3:55:59 PM: createControls Started
8/23/2017 3:55:59 PM: createControls Loaded all Textbox dynamically
8/23/2017 3:55:59 PM: createControls Loaded all Textbox dynamically
8/23/2017 3:55:59 PM: createControls Finished
8/23/2017 3:56:02 PM: GetSginatureDetails Started:-
8/23/2017 3:56:02 PM: GetSginatureDetails Completed:-
8/23/2017 3:56:02 PM: GetTemplateDetails Started
8/23/2017 3:56:02 PM: GetTemplateDetails total record count:1
8/23/2017 3:56:03 PM: Create controls,Load all Textbox dynamic
8/23/2017 3:56:03 PM: Create controls,Load all Textbox dynamic
8/23/2017 3:56:03 PM: GetTemplateDetails Finished
8/23/2017 3:56:03 PM: InitializeDocumentView started
8/23/2017 3:56:03 PM: InitializeDocumentView finished
8/23/2017 3:56:03 PM: Calling database to get annotated images. DocumentId: 2373, Action: GetAnnotatedPages
8/23/2017 3:56:13 PM: Calling database to get annotated images. DocumentId: 2373, Action: GetTaggedPages
8/23/2017 3:56:13 PM: LoadImageToViewer started
8/23/2017 3:56:13 PM: Setting image to viewer. Action:  Page count: 39 Current Page:1
8/23/2017 3:56:13 PM: Converting PDF to JPEG. PDF Path: E:\WDMSDocument\TempWorkFolder\Tk9fRVhfNTEwXzI1MF8xNDAw\6.pdf Image Name: Tk9fRVhfNTEwXzI1MF8xNDAw Page No: 6
8/23/2017 3:56:13 PM: Converting PDF to JPEG without applying watermark.
8/23/2017 3:56:13 PM: Setting image to viewer using RegisterStartupScript: http://localhost:55361/generichandler.ashx?f=e://wdmsdocument//tempworkfolder//tk9frvhfntewxzi1mf8xndawjpg//6.jpeg
8/23/2017 3:56:13 PM: Invoke method to get annotations from databnase.
8/23/2017 3:56:13 PM: Get annotations from database.
8/23/2017 3:56:13 PM: Document Id: 2373 Page No: 6
8/23/2017 3:56:13 PM: Invoking method to get annotation data from database. Action: GetAnnotations
8/23/2017 3:56:14 PM: MailPanelFill started
8/23/2017 3:56:14 PM: MailPanelFill finished
8/23/2017 3:56:14 PM: Unzipping file. Filepath: E:\WDMSDocument\TempWorkFolder\\Tk9fRVhfNTEwXzI1MF8xNDAw.zip
8/23/2017 3:56:19 PM: GetSginatureDetails Started:-
8/23/2017 3:56:20 PM: GetSginatureDetails Completed:-
8/23/2017 3:56:20 PM: GetTemplateDetails Started
8/23/2017 3:56:20 PM: GetTemplateDetails total record count:1
8/23/2017 3:56:21 PM: Create controls,Load all Textbox dynamic
8/23/2017 3:56:21 PM: Create controls,Load all Textbox dynamic
8/23/2017 3:56:21 PM: GetTemplateDetails Finished
8/23/2017 3:56:21 PM: InitializeDocumentView started
8/23/2017 3:56:21 PM: InitializeDocumentView finished
8/23/2017 3:56:21 PM: Calling database to get annotated images. DocumentId: 2373, Action: GetAnnotatedPages
8/23/2017 3:56:31 PM: Calling database to get annotated images. DocumentId: 2373, Action: GetTaggedPages
8/23/2017 3:56:32 PM: LoadImageToViewer started
8/23/2017 3:56:32 PM: Setting image to viewer. Action:  Page count: 39 Current Page:1
8/23/2017 3:56:32 PM: Converting PDF to JPEG. PDF Path: E:\WDMSDocument\TempWorkFolder\Tk9fRVhfNTEwXzI1MF8xNDAw\6.pdf Image Name: Tk9fRVhfNTEwXzI1MF8xNDAw Page No: 6
8/23/2017 3:56:32 PM: Converting PDF to JPEG without applying watermark.
8/23/2017 3:56:32 PM: Setting image to viewer using RegisterStartupScript: http://localhost:55361/generichandler.ashx?f=e://wdmsdocument//tempworkfolder//tk9frvhfntewxzi1mf8xndawjpg//6.jpeg
8/23/2017 3:56:32 PM: Invoke method to get annotations from databnase.
8/23/2017 3:56:32 PM: Get annotations from database.
8/23/2017 3:56:32 PM: Document Id: 2373 Page No: 6
8/23/2017 3:56:32 PM: Invoking method to get annotation data from database. Action: GetAnnotations
8/23/2017 3:56:32 PM: MailPanelFill started
8/23/2017 3:56:32 PM: MailPanelFill finished
8/23/2017 3:56:32 PM: Unzipping file. Filepath: E:\WDMSDocument\TempWorkFolder\\Tk9fRVhfNTEwXzI1MF8xNDAw.zip
8/23/2017 4:15:23 PM: BindDocumentType started
8/23/2017 4:15:23 PM: BindDocumentType finished
8/23/2017 4:15:27 PM: createControls Started
8/23/2017 4:15:27 PM: createControls Loaded all Textbox dynamically
8/23/2017 4:15:27 PM: createControls Loaded all Textbox dynamically
8/23/2017 4:15:27 PM: createControls Finished
8/23/2017 4:15:27 PM: GetTemplateDetails started
8/23/2017 4:15:27 PM: generatecontrols Started
8/23/2017 4:15:27 PM: GenerateControls:Loaded all Textbox dynamically
8/23/2017 4:15:27 PM: GenerateControls:Loaded all Textbox dynamically
8/23/2017 4:15:29 PM: createControls Started
8/23/2017 4:15:29 PM: createControls Loaded all Textbox dynamically
8/23/2017 4:15:29 PM: createControls Loaded all Textbox dynamically
8/23/2017 4:15:29 PM: createControls Finished
8/23/2017 4:15:29 PM: Started Loading Entity Drop Down
8/23/2017 4:15:29 PM: Finished Loading Entity Drop Down
8/23/2017 4:15:31 PM: createControls Started
8/23/2017 4:15:31 PM: createControls Loaded all Textbox dynamically
8/23/2017 4:15:31 PM: createControls Loaded all Textbox dynamically
8/23/2017 4:15:31 PM: createControls Finished
8/23/2017 4:15:39 PM: GetSginatureDetails Started:-
8/23/2017 4:15:39 PM: GetSginatureDetails Completed:-
8/23/2017 4:15:39 PM: GetTemplateDetails Started
8/23/2017 4:15:39 PM: GetTemplateDetails total record count:1
8/23/2017 4:15:39 PM: Create controls,Load all Textbox dynamic
8/23/2017 4:15:39 PM: Create controls,Load all Textbox dynamic
8/23/2017 4:15:39 PM: GetTemplateDetails Finished
8/23/2017 4:15:39 PM: InitializeDocumentView started
8/23/2017 4:15:39 PM: InitializeDocumentView finished
8/23/2017 4:15:39 PM: Calling database to get annotated images. DocumentId: 2373, Action: GetAnnotatedPages
8/23/2017 4:15:47 PM: Calling database to get annotated images. DocumentId: 2373, Action: GetTaggedPages
8/23/2017 4:16:00 PM: LoadImageToViewer started
8/23/2017 4:16:00 PM: Setting image to viewer. Action:  Page count: 39 Current Page:1
8/23/2017 4:16:18 PM: Converting PDF to JPEG. PDF Path: E:\WDMSDocument\TempWorkFolder\Tk9fRVhfNTEwXzI1MF8xNDAw\6.pdf Image Name: Tk9fRVhfNTEwXzI1MF8xNDAw Page No: 6
8/23/2017 4:16:19 PM: Converting PDF to JPEG without applying watermark.
8/23/2017 4:16:25 PM: Setting image to viewer using RegisterStartupScript: http://localhost:55361/generichandler.ashx?f=e://wdmsdocument//tempworkfolder//tk9frvhfntewxzi1mf8xndawjpg//6.jpeg
8/23/2017 4:16:44 PM: Invoke method to get annotations from databnase.
8/23/2017 4:16:44 PM: Get annotations from database.
8/23/2017 4:16:44 PM: Document Id: 2373 Page No: 6
8/23/2017 4:16:44 PM: Invoking method to get annotation data from database. Action: GetAnnotations
8/23/2017 4:16:44 PM: MailPanelFill started
8/23/2017 4:16:44 PM: MailPanelFill finished
8/23/2017 4:16:44 PM: Unzipping file. Filepath: E:\WDMSDocument\TempWorkFolder\\Tk9fRVhfNTEwXzI1MF8xNDAw.zip
8/23/2017 4:17:44 PM: GetSginatureDetails Started:-
8/23/2017 4:17:44 PM: GetSginatureDetails Completed:-
8/23/2017 4:17:44 PM: GetTemplateDetails Started
8/23/2017 4:17:45 PM: GetTemplateDetails total record count:1
8/23/2017 4:17:45 PM: Create controls,Load all Textbox dynamic
8/23/2017 4:17:45 PM: Create controls,Load all Textbox dynamic
8/23/2017 4:17:45 PM: GetTemplateDetails Finished
8/23/2017 4:17:45 PM: InitializeDocumentView started
8/23/2017 4:17:45 PM: InitializeDocumentView finished
8/23/2017 4:17:45 PM: Calling database to get annotated images. DocumentId: 2373, Action: GetAnnotatedPages
8/23/2017 4:17:48 PM: Calling database to get annotated images. DocumentId: 2373, Action: GetTaggedPages
8/23/2017 4:17:48 PM: LoadImageToViewer started
8/23/2017 4:17:48 PM: Setting image to viewer. Action:  Page count: 39 Current Page:1
8/23/2017 4:17:50 PM: Converting PDF to JPEG. PDF Path: E:\WDMSDocument\TempWorkFolder\Tk9fRVhfNTEwXzI1MF8xNDAw\6.pdf Image Name: Tk9fRVhfNTEwXzI1MF8xNDAw Page No: 6
8/23/2017 4:17:50 PM: Converting PDF to JPEG without applying watermark.
8/23/2017 4:17:51 PM: Setting image to viewer using RegisterStartupScript: http://localhost:55361/generichandler.ashx?f=e://wdmsdocument//tempworkfolder//tk9frvhfntewxzi1mf8xndawjpg//6.jpeg
8/23/2017 4:17:51 PM: Invoke method to get annotations from databnase.
8/23/2017 4:17:51 PM: Get annotations from database.
8/23/2017 4:17:51 PM: Document Id: 2373 Page No: 6
8/23/2017 4:17:51 PM: Invoking method to get annotation data from database. Action: GetAnnotations
8/23/2017 4:17:51 PM: MailPanelFill started
8/23/2017 4:17:51 PM: MailPanelFill finished
8/23/2017 4:17:51 PM: Unzipping file. Filepath: E:\WDMSDocument\TempWorkFolder\\Tk9fRVhfNTEwXzI1MF8xNDAw.zip
8/23/2017 4:20:16 PM: GetSginatureDetails Started:-
8/23/2017 4:20:16 PM: GetSginatureDetails Completed:-
8/23/2017 4:20:16 PM: GetTemplateDetails Started
8/23/2017 4:20:16 PM: GetTemplateDetails total record count:1
8/23/2017 4:20:16 PM: Create controls,Load all Textbox dynamic
8/23/2017 4:20:16 PM: Create controls,Load all Textbox dynamic
8/23/2017 4:20:16 PM: GetTemplateDetails Finished
8/23/2017 4:20:16 PM: InitializeDocumentView started
8/23/2017 4:20:16 PM: InitializeDocumentView finished
8/23/2017 4:20:16 PM: Calling database to get annotated images. DocumentId: 2373, Action: GetAnnotatedPages
8/23/2017 4:20:21 PM: Calling database to get annotated images. DocumentId: 2373, Action: GetTaggedPages
8/23/2017 4:20:22 PM: LoadImageToViewer started
8/23/2017 4:20:22 PM: Setting image to viewer. Action:  Page count: 39 Current Page:1
8/23/2017 4:20:24 PM: Converting PDF to JPEG. PDF Path: E:\WDMSDocument\TempWorkFolder\Tk9fRVhfNTEwXzI1MF8xNDAw\6.pdf Image Name: Tk9fRVhfNTEwXzI1MF8xNDAw Page No: 6
8/23/2017 4:20:24 PM: Converting PDF to JPEG without applying watermark.
8/23/2017 4:20:25 PM: Setting image to viewer using RegisterStartupScript: http://localhost:55361/generichandler.ashx?f=e://wdmsdocument//tempworkfolder//tk9frvhfntewxzi1mf8xndawjpg//6.jpeg
8/23/2017 4:20:25 PM: Invoke method to get annotations from databnase.
8/23/2017 4:20:25 PM: Get annotations from database.
8/23/2017 4:20:25 PM: Document Id: 2373 Page No: 6
8/23/2017 4:20:25 PM: Invoking method to get annotation data from database. Action: GetAnnotations
8/23/2017 4:20:25 PM: MailPanelFill started
8/23/2017 4:20:25 PM: MailPanelFill finished
8/23/2017 4:20:25 PM: Unzipping file. Filepath: E:\WDMSDocument\TempWorkFolder\\Tk9fRVhfNTEwXzI1MF8xNDAw.zip
8/23/2017 4:29:41 PM: GetSginatureDetails Started:-
8/23/2017 4:29:42 PM: GetSginatureDetails Completed:-
8/23/2017 4:29:42 PM: GetTemplateDetails Started
8/23/2017 4:29:42 PM: GetTemplateDetails total record count:1
8/23/2017 4:29:42 PM: Create controls,Load all Textbox dynamic
8/23/2017 4:29:42 PM: Create controls,Load all Textbox dynamic
8/23/2017 4:29:42 PM: GetTemplateDetails Finished
8/23/2017 4:29:42 PM: InitializeDocumentView started
8/23/2017 4:29:42 PM: InitializeDocumentView finished
8/23/2017 4:29:42 PM: Calling database to get annotated images. DocumentId: 2373, Action: GetAnnotatedPages
8/23/2017 4:29:46 PM: Calling database to get annotated images. DocumentId: 2373, Action: GetTaggedPages
8/23/2017 4:29:48 PM: LoadImageToViewer started
8/23/2017 4:29:48 PM: Setting image to viewer. Action:  Page count: 39 Current Page:1
8/23/2017 4:29:49 PM: Converting PDF to JPEG. PDF Path: E:\WDMSDocument\TempWorkFolder\Tk9fRVhfNTEwXzI1MF8xNDAw\6.pdf Image Name: Tk9fRVhfNTEwXzI1MF8xNDAw Page No: 6
8/23/2017 4:29:49 PM: Converting PDF to JPEG without applying watermark.
8/23/2017 4:29:50 PM: Setting image to viewer using RegisterStartupScript: http://localhost:55361/generichandler.ashx?f=e://wdmsdocument//tempworkfolder//tk9frvhfntewxzi1mf8xndawjpg//6.jpeg
8/23/2017 4:29:50 PM: Invoke method to get annotations from databnase.
8/23/2017 4:29:50 PM: Get annotations from database.
8/23/2017 4:29:50 PM: Document Id: 2373 Page No: 6
8/23/2017 4:29:50 PM: Invoking method to get annotation data from database. Action: GetAnnotations
8/23/2017 4:29:50 PM: MailPanelFill started
8/23/2017 4:29:50 PM: MailPanelFill finished
8/23/2017 4:29:50 PM: Unzipping file. Filepath: E:\WDMSDocument\TempWorkFolder\\Tk9fRVhfNTEwXzI1MF8xNDAw.zip
8/23/2017 4:31:08 PM: BindDocumentType started
8/23/2017 4:31:08 PM: BindDocumentType finished
8/23/2017 4:31:11 PM: createControls Started
8/23/2017 4:31:11 PM: createControls Loaded all Textbox dynamically
8/23/2017 4:31:11 PM: createControls Loaded all Textbox dynamically
8/23/2017 4:31:11 PM: createControls Finished
8/23/2017 4:31:11 PM: GetTemplateDetails started
8/23/2017 4:31:11 PM: generatecontrols Started
8/23/2017 4:31:12 PM: GenerateControls:Loaded all Textbox dynamically
8/23/2017 4:31:12 PM: GenerateControls:Loaded all Textbox dynamically
8/23/2017 4:31:14 PM: createControls Started
8/23/2017 4:31:14 PM: createControls Loaded all Textbox dynamically
8/23/2017 4:31:14 PM: createControls Loaded all Textbox dynamically
8/23/2017 4:31:14 PM: createControls Finished
8/23/2017 4:31:14 PM: Started Loading Entity Drop Down
8/23/2017 4:31:15 PM: Finished Loading Entity Drop Down
8/23/2017 4:31:20 PM: createControls Started
8/23/2017 4:31:20 PM: createControls Loaded all Textbox dynamically
8/23/2017 4:31:20 PM: createControls Loaded all Textbox dynamically
8/23/2017 4:31:20 PM: createControls Finished
8/23/2017 4:31:29 PM: GetSginatureDetails Started:-
8/23/2017 4:31:29 PM: GetSginatureDetails Completed:-
8/23/2017 4:31:29 PM: GetTemplateDetails Started
8/23/2017 4:31:29 PM: GetTemplateDetails total record count:1
8/23/2017 4:31:29 PM: Create controls,Load all Textbox dynamic
8/23/2017 4:31:29 PM: Create controls,Load all Textbox dynamic
8/23/2017 4:31:29 PM: GetTemplateDetails Finished
8/23/2017 4:31:29 PM: InitializeDocumentView started
8/23/2017 4:31:29 PM: InitializeDocumentView finished
8/23/2017 4:31:29 PM: Calling database to get annotated images. DocumentId: 2373, Action: GetAnnotatedPages
8/23/2017 4:31:32 PM: Calling database to get annotated images. DocumentId: 2373, Action: GetTaggedPages
8/23/2017 4:31:33 PM: LoadImageToViewer started
8/23/2017 4:31:33 PM: Setting image to viewer. Action:  Page count: 39 Current Page:1
8/23/2017 4:31:34 PM: Converting PDF to JPEG. PDF Path: E:\WDMSDocument\TempWorkFolder\Tk9fRVhfNTEwXzI1MF8xNDAw\6.pdf Image Name: Tk9fRVhfNTEwXzI1MF8xNDAw Page No: 6
8/23/2017 4:31:34 PM: Converting PDF to JPEG without applying watermark.
8/23/2017 4:31:35 PM: Setting image to viewer using RegisterStartupScript: http://localhost:55361/generichandler.ashx?f=e://wdmsdocument//tempworkfolder//tk9frvhfntewxzi1mf8xndawjpg//6.jpeg
8/23/2017 4:31:35 PM: Invoke method to get annotations from databnase.
8/23/2017 4:31:35 PM: Get annotations from database.
8/23/2017 4:31:35 PM: Document Id: 2373 Page No: 6
8/23/2017 4:31:35 PM: Invoking method to get annotation data from database. Action: GetAnnotations
8/23/2017 4:31:35 PM: MailPanelFill started
8/23/2017 4:31:35 PM: MailPanelFill finished
8/23/2017 4:31:36 PM: Unzipping file. Filepath: E:\WDMSDocument\TempWorkFolder\\Tk9fRVhfNTEwXzI1MF8xNDAw.zip
8/23/2017 4:42:53 PM: BindDocumentType started
8/23/2017 4:42:53 PM: BindDocumentType finished
8/23/2017 4:42:57 PM: createControls Started
8/23/2017 4:42:57 PM: createControls Loaded all Textbox dynamically
8/23/2017 4:42:57 PM: createControls Loaded all Textbox dynamically
8/23/2017 4:42:57 PM: createControls Finished
8/23/2017 4:42:57 PM: GetTemplateDetails started
8/23/2017 4:42:57 PM: generatecontrols Started
8/23/2017 4:42:57 PM: GenerateControls:Loaded all Textbox dynamically
8/23/2017 4:42:57 PM: GenerateControls:Loaded all Textbox dynamically
8/23/2017 4:42:58 PM: createControls Started
8/23/2017 4:42:59 PM: createControls Loaded all Textbox dynamically
8/23/2017 4:42:59 PM: createControls Loaded all Textbox dynamically
8/23/2017 4:42:59 PM: createControls Finished
8/23/2017 4:42:59 PM: Started Loading Entity Drop Down
8/23/2017 4:42:59 PM: Finished Loading Entity Drop Down
8/23/2017 4:43:01 PM: createControls Started
8/23/2017 4:43:01 PM: createControls Loaded all Textbox dynamically
8/23/2017 4:43:01 PM: createControls Loaded all Textbox dynamically
8/23/2017 4:43:01 PM: createControls Finished
8/23/2017 4:43:06 PM: GetSginatureDetails Started:-
8/23/2017 4:43:06 PM: GetSginatureDetails Completed:-
8/23/2017 4:43:06 PM: GetTemplateDetails Started
8/23/2017 4:43:06 PM: GetTemplateDetails total record count:1
8/23/2017 4:43:06 PM: Create controls,Load all Textbox dynamic
8/23/2017 4:43:06 PM: Create controls,Load all Textbox dynamic
8/23/2017 4:43:06 PM: GetTemplateDetails Finished
8/23/2017 4:43:06 PM: InitializeDocumentView started
8/23/2017 4:43:06 PM: InitializeDocumentView finished
8/23/2017 4:43:06 PM: Calling database to get annotated images. DocumentId: 2373, Action: GetAnnotatedPages
8/23/2017 4:43:09 PM: Calling database to get annotated images. DocumentId: 2373, Action: GetTaggedPages
8/23/2017 4:43:10 PM: LoadImageToViewer started
8/23/2017 4:43:10 PM: Setting image to viewer. Action:  Page count: 39 Current Page:1
8/23/2017 4:43:11 PM: Converting PDF to JPEG. PDF Path: E:\WDMSDocument\TempWorkFolder\Tk9fRVhfNTEwXzI1MF8xNDAw\6.pdf Image Name: Tk9fRVhfNTEwXzI1MF8xNDAw Page No: 6
8/23/2017 4:43:11 PM: Converting PDF to JPEG without applying watermark.
8/23/2017 4:43:13 PM: Setting image to viewer using RegisterStartupScript: http://localhost:55361/generichandler.ashx?f=e://wdmsdocument//tempworkfolder//tk9frvhfntewxzi1mf8xndawjpg//6.jpeg
8/23/2017 4:43:13 PM: Invoke method to get annotations from databnase.
8/23/2017 4:43:13 PM: Get annotations from database.
8/23/2017 4:43:13 PM: Document Id: 2373 Page No: 6
8/23/2017 4:43:13 PM: Invoking method to get annotation data from database. Action: GetAnnotations
8/23/2017 4:43:13 PM: MailPanelFill started
8/23/2017 4:43:13 PM: MailPanelFill finished
8/23/2017 4:43:13 PM: Unzipping file. Filepath: E:\WDMSDocument\TempWorkFolder\\Tk9fRVhfNTEwXzI1MF8xNDAw.zip
8/23/2017 4:52:08 PM: GetSginatureDetails Started:-
8/23/2017 4:52:08 PM: GetSginatureDetails Completed:-
8/23/2017 4:52:08 PM: GetTemplateDetails Started
8/23/2017 4:52:09 PM: GetTemplateDetails total record count:1
8/23/2017 4:52:09 PM: Create controls,Load all Textbox dynamic
8/23/2017 4:52:09 PM: Create controls,Load all Textbox dynamic
8/23/2017 4:52:09 PM: GetTemplateDetails Finished
8/23/2017 4:52:09 PM: InitializeDocumentView started
8/23/2017 4:52:09 PM: InitializeDocumentView finished
8/23/2017 4:52:09 PM: Calling database to get annotated images. DocumentId: 2373, Action: GetAnnotatedPages
8/23/2017 4:52:31 PM: Calling database to get annotated images. DocumentId: 2373, Action: GetTaggedPages
8/23/2017 4:52:32 PM: LoadImageToViewer started
8/23/2017 4:52:32 PM: Setting image to viewer. Action:  Page count: 39 Current Page:1
8/23/2017 4:52:34 PM: Converting PDF to JPEG. PDF Path: E:\WDMSDocument\TempWorkFolder\Tk9fRVhfNTEwXzI1MF8xNDAw\6.pdf Image Name: Tk9fRVhfNTEwXzI1MF8xNDAw Page No: 6
8/23/2017 4:52:34 PM: Converting PDF to JPEG without applying watermark.
8/23/2017 4:52:35 PM: Setting image to viewer using RegisterStartupScript: http://localhost:55361/generichandler.ashx?f=e://wdmsdocument//tempworkfolder//tk9frvhfntewxzi1mf8xndawjpg//6.jpeg
8/23/2017 4:52:35 PM: Invoke method to get annotations from databnase.
8/23/2017 4:52:35 PM: Get annotations from database.
8/23/2017 4:52:35 PM: Document Id: 2373 Page No: 6
8/23/2017 4:52:35 PM: Invoking method to get annotation data from database. Action: GetAnnotations
8/23/2017 4:52:35 PM: MailPanelFill started
8/23/2017 4:52:35 PM: MailPanelFill finished
8/23/2017 4:52:35 PM: Unzipping file. Filepath: E:\WDMSDocument\TempWorkFolder\\Tk9fRVhfNTEwXzI1MF8xNDAw.zip
8/23/2017 4:53:16 PM: GetSginatureDetails Started:-
8/23/2017 4:53:17 PM: GetSginatureDetails Completed:-
8/23/2017 4:53:27 PM: GetTemplateDetails Started
8/23/2017 4:53:27 PM: GetTemplateDetails total record count:1
8/23/2017 4:53:28 PM: Create controls,Load all Textbox dynamic
8/23/2017 4:53:28 PM: Create controls,Load all Textbox dynamic
8/23/2017 4:53:28 PM: GetTemplateDetails Finished
8/23/2017 4:53:31 PM: InitializeDocumentView started
8/23/2017 4:53:31 PM: InitializeDocumentView finished
8/23/2017 4:53:36 PM: Calling database to get annotated images. DocumentId: 2373, Action: GetAnnotatedPages
8/23/2017 4:53:57 PM: Calling database to get annotated images. DocumentId: 2373, Action: GetTaggedPages
8/23/2017 4:54:08 PM: LoadImageToViewer started
8/23/2017 4:54:08 PM: Setting image to viewer. Action:  Page count: 39 Current Page:1
8/23/2017 4:54:09 PM: Converting PDF to JPEG. PDF Path: E:\WDMSDocument\TempWorkFolder\Tk9fRVhfNTEwXzI1MF8xNDAw\6.pdf Image Name: Tk9fRVhfNTEwXzI1MF8xNDAw Page No: 6
8/23/2017 4:54:09 PM: Converting PDF to JPEG without applying watermark.
8/23/2017 4:54:11 PM: Setting image to viewer using RegisterStartupScript: http://localhost:55361/generichandler.ashx?f=e://wdmsdocument//tempworkfolder//tk9frvhfntewxzi1mf8xndawjpg//6.jpeg
8/23/2017 4:54:11 PM: Invoke method to get annotations from databnase.
8/23/2017 4:54:11 PM: Get annotations from database.
8/23/2017 4:54:11 PM: Document Id: 2373 Page No: 6
8/23/2017 4:54:11 PM: Invoking method to get annotation data from database. Action: GetAnnotations
8/23/2017 4:54:11 PM: MailPanelFill started
8/23/2017 4:54:11 PM: MailPanelFill finished
8/23/2017 4:54:11 PM: Unzipping file. Filepath: E:\WDMSDocument\TempWorkFolder\\Tk9fRVhfNTEwXzI1MF8xNDAw.zip
8/23/2017 4:54:52 PM: GetSginatureDetails Started:-
8/23/2017 4:54:52 PM: GetSginatureDetails Completed:-
8/23/2017 4:54:52 PM: GetTemplateDetails Started
8/23/2017 4:54:53 PM: GetTemplateDetails total record count:1
8/23/2017 4:54:53 PM: Create controls,Load all Textbox dynamic
8/23/2017 4:54:53 PM: Create controls,Load all Textbox dynamic
8/23/2017 4:54:53 PM: GetTemplateDetails Finished
8/23/2017 4:54:53 PM: InitializeDocumentView started
8/23/2017 4:54:53 PM: InitializeDocumentView finished
8/23/2017 4:54:53 PM: Calling database to get annotated images. DocumentId: 2373, Action: GetAnnotatedPages
8/23/2017 4:54:55 PM: Calling database to get annotated images. DocumentId: 2373, Action: GetTaggedPages
8/23/2017 4:54:56 PM: LoadImageToViewer started
8/23/2017 4:54:56 PM: Setting image to viewer. Action:  Page count: 39 Current Page:1
8/23/2017 4:54:57 PM: Converting PDF to JPEG. PDF Path: E:\WDMSDocument\TempWorkFolder\Tk9fRVhfNTEwXzI1MF8xNDAw\6.pdf Image Name: Tk9fRVhfNTEwXzI1MF8xNDAw Page No: 6
8/23/2017 4:54:57 PM: Converting PDF to JPEG without applying watermark.
8/23/2017 4:54:58 PM: Setting image to viewer using RegisterStartupScript: http://localhost:55361/generichandler.ashx?f=e://wdmsdocument//tempworkfolder//tk9frvhfntewxzi1mf8xndawjpg//6.jpeg
8/23/2017 4:54:58 PM: Invoke method to get annotations from databnase.
8/23/2017 4:54:58 PM: Get annotations from database.
8/23/2017 4:54:58 PM: Document Id: 2373 Page No: 6
8/23/2017 4:54:58 PM: Invoking method to get annotation data from database. Action: GetAnnotations
8/23/2017 4:54:58 PM: MailPanelFill started
8/23/2017 4:54:58 PM: MailPanelFill finished
8/23/2017 4:54:58 PM: Unzipping file. Filepath: E:\WDMSDocument\TempWorkFolder\\Tk9fRVhfNTEwXzI1MF8xNDAw.zip
8/23/2017 4:59:20 PM: GetSginatureDetails Started:-
8/23/2017 4:59:20 PM: GetSginatureDetails Completed:-
8/23/2017 4:59:20 PM: GetTemplateDetails Started
8/23/2017 4:59:20 PM: GetTemplateDetails total record count:1
8/23/2017 4:59:20 PM: Create controls,Load all Textbox dynamic
8/23/2017 4:59:20 PM: Create controls,Load all Textbox dynamic
8/23/2017 4:59:20 PM: GetTemplateDetails Finished
8/23/2017 4:59:20 PM: InitializeDocumentView started
8/23/2017 4:59:20 PM: InitializeDocumentView finished
8/23/2017 4:59:20 PM: Calling database to get annotated images. DocumentId: 2373, Action: GetAnnotatedPages
8/23/2017 4:59:20 PM: Calling database to get annotated images. DocumentId: 2373, Action: GetTaggedPages
8/23/2017 4:59:21 PM: LoadImageToViewer started
8/23/2017 4:59:21 PM: Setting image to viewer. Action:  Page count: 39 Current Page:1
8/23/2017 4:59:21 PM: Converting PDF to JPEG. PDF Path: E:\WDMSDocument\TempWorkFolder\Tk9fRVhfNTEwXzI1MF8xNDAw\6.pdf Image Name: Tk9fRVhfNTEwXzI1MF8xNDAw Page No: 6
8/23/2017 4:59:21 PM: Converting PDF to JPEG without applying watermark.
8/23/2017 4:59:21 PM: Setting image to viewer using RegisterStartupScript: http://localhost:55361/generichandler.ashx?f=e://wdmsdocument//tempworkfolder//tk9frvhfntewxzi1mf8xndawjpg//6.jpeg
8/23/2017 4:59:21 PM: Invoke method to get annotations from databnase.
8/23/2017 4:59:21 PM: Get annotations from database.
8/23/2017 4:59:21 PM: Document Id: 2373 Page No: 6
8/23/2017 4:59:21 PM: Invoking method to get annotation data from database. Action: GetAnnotations
8/23/2017 4:59:21 PM: MailPanelFill started
8/23/2017 4:59:21 PM: MailPanelFill finished
8/23/2017 4:59:21 PM: Unzipping file. Filepath: E:\WDMSDocument\TempWorkFolder\\Tk9fRVhfNTEwXzI1MF8xNDAw.zip
8/23/2017 5:00:06 PM: BindDocumentType started
8/23/2017 5:00:06 PM: BindDocumentType finished
8/23/2017 5:00:12 PM: createControls Started
8/23/2017 5:00:12 PM: createControls Loaded all Textbox dynamically
8/23/2017 5:00:12 PM: createControls Loaded all Textbox dynamically
8/23/2017 5:00:12 PM: createControls Finished
8/23/2017 5:00:12 PM: GetTemplateDetails started
8/23/2017 5:00:12 PM: generatecontrols Started
8/23/2017 5:00:12 PM: GenerateControls:Loaded all Textbox dynamically
8/23/2017 5:00:12 PM: GenerateControls:Loaded all Textbox dynamically
8/23/2017 5:00:14 PM: createControls Started
8/23/2017 5:00:14 PM: createControls Loaded all Textbox dynamically
8/23/2017 5:00:14 PM: createControls Loaded all Textbox dynamically
8/23/2017 5:00:14 PM: createControls Finished
8/23/2017 5:00:14 PM: Started Loading Entity Drop Down
8/23/2017 5:00:15 PM: Finished Loading Entity Drop Down
8/23/2017 5:00:17 PM: createControls Started
8/23/2017 5:00:17 PM: createControls Loaded all Textbox dynamically
8/23/2017 5:00:17 PM: createControls Loaded all Textbox dynamically
8/23/2017 5:00:17 PM: createControls Finished
8/23/2017 5:00:22 PM: GetSginatureDetails Started:-
8/23/2017 5:00:22 PM: GetSginatureDetails Completed:-
8/23/2017 5:00:22 PM: GetTemplateDetails Started
8/23/2017 5:00:22 PM: GetTemplateDetails total record count:1
8/23/2017 5:00:22 PM: Create controls,Load all Textbox dynamic
8/23/2017 5:00:22 PM: Create controls,Load all Textbox dynamic
8/23/2017 5:00:22 PM: GetTemplateDetails Finished
8/23/2017 5:00:22 PM: InitializeDocumentView started
8/23/2017 5:00:22 PM: InitializeDocumentView finished
8/23/2017 5:00:22 PM: Calling database to get annotated images. DocumentId: 2373, Action: GetAnnotatedPages
8/23/2017 5:00:25 PM: Calling database to get annotated images. DocumentId: 2373, Action: GetTaggedPages
8/23/2017 5:00:26 PM: LoadImageToViewer started
8/23/2017 5:00:26 PM: Setting image to viewer. Action:  Page count: 39 Current Page:1
8/23/2017 5:00:27 PM: Converting PDF to JPEG. PDF Path: E:\WDMSDocument\TempWorkFolder\Tk9fRVhfNTEwXzI1MF8xNDAw\6.pdf Image Name: Tk9fRVhfNTEwXzI1MF8xNDAw Page No: 6
8/23/2017 5:00:27 PM: Converting PDF to JPEG without applying watermark.
8/23/2017 5:00:28 PM: Setting image to viewer using RegisterStartupScript: http://localhost:55361/generichandler.ashx?f=e://wdmsdocument//tempworkfolder//tk9frvhfntewxzi1mf8xndawjpg//6.jpeg
8/23/2017 5:00:28 PM: Invoke method to get annotations from databnase.
8/23/2017 5:00:28 PM: Get annotations from database.
8/23/2017 5:00:28 PM: Document Id: 2373 Page No: 6
8/23/2017 5:00:28 PM: Invoking method to get annotation data from database. Action: GetAnnotations
8/23/2017 5:00:28 PM: MailPanelFill started
8/23/2017 5:00:28 PM: MailPanelFill finished
8/23/2017 5:00:28 PM: Unzipping file. Filepath: E:\WDMSDocument\TempWorkFolder\\Tk9fRVhfNTEwXzI1MF8xNDAw.zip
8/23/2017 5:02:15 PM: GetTemplateDetails Started
8/23/2017 5:02:15 PM: GetTemplateDetails total record count:1
8/23/2017 5:02:15 PM: Create controls,Load all Textbox dynamic
8/23/2017 5:02:15 PM: Create controls,Load all Textbox dynamic
8/23/2017 5:02:15 PM: GetTemplateDetails Finished
8/23/2017 5:02:16 PM: LoadImageToViewer started
8/23/2017 5:02:16 PM: Setting image to viewer. Action: NEXT Page count: 39 Current Page:6
8/23/2017 5:02:17 PM: Converting PDF to JPEG. PDF Path: E:\WDMSDocument\TempWorkFolder\Tk9fRVhfNTEwXzI1MF8xNDAw\9.pdf Image Name: Tk9fRVhfNTEwXzI1MF8xNDAw Page No: 9
8/23/2017 5:02:17 PM: Converting PDF to JPEG without applying watermark.
8/23/2017 5:02:18 PM: Setting image to viewer using RegisterStartupScript: http://localhost:55361/generichandler.ashx?f=e://wdmsdocument//tempworkfolder//tk9frvhfntewxzi1mf8xndawjpg//9.jpeg
8/23/2017 5:02:18 PM: Invoke method to get annotations from databnase.
8/23/2017 5:02:18 PM: Get annotations from database.
8/23/2017 5:02:18 PM: Document Id: 2373 Page No: 9
8/23/2017 5:02:18 PM: Invoking method to get annotation data from database. Action: GetAnnotations
8/23/2017 5:04:38 PM: GetTemplateDetails Started
8/23/2017 5:04:38 PM: GetTemplateDetails total record count:1
8/23/2017 5:04:38 PM: Create controls,Load all Textbox dynamic
8/23/2017 5:04:38 PM: Create controls,Load all Textbox dynamic
8/23/2017 5:04:38 PM: GetTemplateDetails Finished
8/23/2017 5:04:38 PM: LoadImageToViewer started
8/23/2017 5:04:38 PM: Setting image to viewer. Action: LAST Page count: 39 Current Page:9
8/23/2017 5:04:39 PM: Converting PDF to JPEG. PDF Path: E:\WDMSDocument\TempWorkFolder\Tk9fRVhfNTEwXzI1MF8xNDAw\46.pdf Image Name: Tk9fRVhfNTEwXzI1MF8xNDAw Page No: 46
8/23/2017 5:04:39 PM: Converting PDF to JPEG without applying watermark.
8/23/2017 5:04:40 PM: Setting image to viewer using RegisterStartupScript: http://localhost:55361/generichandler.ashx?f=e://wdmsdocument//tempworkfolder//tk9frvhfntewxzi1mf8xndawjpg//46.jpeg
8/23/2017 5:04:40 PM: Invoke method to get annotations from databnase.
8/23/2017 5:04:40 PM: Get annotations from database.
8/23/2017 5:04:40 PM: Document Id: 2373 Page No: 46
8/23/2017 5:04:40 PM: Invoking method to get annotation data from database. Action: GetAnnotations
8/23/2017 5:05:49 PM: GetSginatureDetails Started:-
8/23/2017 5:05:49 PM: GetSginatureDetails Completed:-
8/23/2017 5:05:49 PM: GetTemplateDetails Started
8/23/2017 5:05:49 PM: GetTemplateDetails total record count:1
8/23/2017 5:05:50 PM: Create controls,Load all Textbox dynamic
8/23/2017 5:05:50 PM: Create controls,Load all Textbox dynamic
8/23/2017 5:05:50 PM: GetTemplateDetails Finished
8/23/2017 5:05:50 PM: InitializeDocumentView started
8/23/2017 5:05:50 PM: InitializeDocumentView finished
8/23/2017 5:05:50 PM: Calling database to get annotated images. DocumentId: 2373, Action: GetAnnotatedPages
8/23/2017 5:05:52 PM: Calling database to get annotated images. DocumentId: 2373, Action: GetTaggedPages
8/23/2017 5:05:53 PM: LoadImageToViewer started
8/23/2017 5:05:53 PM: Setting image to viewer. Action:  Page count: 39 Current Page:1
8/23/2017 5:05:54 PM: Converting PDF to JPEG. PDF Path: E:\WDMSDocument\TempWorkFolder\Tk9fRVhfNTEwXzI1MF8xNDAw\6.pdf Image Name: Tk9fRVhfNTEwXzI1MF8xNDAw Page No: 6
8/23/2017 5:05:54 PM: Converting PDF to JPEG without applying watermark.
8/23/2017 5:05:56 PM: Setting image to viewer using RegisterStartupScript: http://localhost:55361/generichandler.ashx?f=e://wdmsdocument//tempworkfolder//tk9frvhfntewxzi1mf8xndawjpg//6.jpeg
8/23/2017 5:05:56 PM: Invoke method to get annotations from databnase.
8/23/2017 5:05:56 PM: Get annotations from database.
8/23/2017 5:05:56 PM: Document Id: 2373 Page No: 6
8/23/2017 5:05:56 PM: Invoking method to get annotation data from database. Action: GetAnnotations
8/23/2017 5:05:56 PM: MailPanelFill started
8/23/2017 5:05:56 PM: MailPanelFill finished
8/23/2017 5:05:56 PM: Unzipping file. Filepath: E:\WDMSDocument\TempWorkFolder\\Tk9fRVhfNTEwXzI1MF8xNDAw.zip
8/23/2017 5:06:04 PM: GetTemplateDetails Started
8/23/2017 5:06:04 PM: GetTemplateDetails total record count:1
8/23/2017 5:06:04 PM: Create controls,Load all Textbox dynamic
8/23/2017 5:06:04 PM: Create controls,Load all Textbox dynamic
8/23/2017 5:06:04 PM: GetTemplateDetails Finished
8/23/2017 5:06:04 PM: LoadImageToViewer started
8/23/2017 5:06:04 PM: Setting image to viewer. Action: NEXT Page count: 7 Current Page:6
8/23/2017 5:06:09 PM: Converting PDF to JPEG. PDF Path: E:\WDMSDocument\TempWorkFolder\Tk9fRVhfNTEwXzI1MF8xNDAw\2.pdf Image Name: Tk9fRVhfNTEwXzI1MF8xNDAw Page No: 2
8/23/2017 5:06:09 PM: Converting PDF to JPEG without applying watermark.
8/23/2017 5:06:10 PM: Setting image to viewer using RegisterStartupScript: http://localhost:55361/generichandler.ashx?f=e://wdmsdocument//tempworkfolder//tk9frvhfntewxzi1mf8xndawjpg//2.jpeg
8/23/2017 5:06:10 PM: Invoke method to get annotations from databnase.
8/23/2017 5:06:10 PM: Get annotations from database.
8/23/2017 5:06:10 PM: Document Id: 2373 Page No: 2
8/23/2017 5:06:10 PM: Invoking method to get annotation data from database. Action: GetAnnotations
8/23/2017 5:06:17 PM: GetTemplateDetails Started
8/23/2017 5:06:17 PM: GetTemplateDetails total record count:1
8/23/2017 5:06:17 PM: Create controls,Load all Textbox dynamic
8/23/2017 5:06:17 PM: Create controls,Load all Textbox dynamic
8/23/2017 5:06:17 PM: GetTemplateDetails Finished
8/23/2017 5:06:17 PM: LoadImageToViewer started
8/23/2017 5:06:17 PM: Setting image to viewer. Action: LAST Page count: 7 Current Page:6
8/23/2017 5:06:17 PM: Converting PDF to JPEG. PDF Path: E:\WDMSDocument\TempWorkFolder\Tk9fRVhfNTEwXzI1MF8xNDAw\8.pdf Image Name: Tk9fRVhfNTEwXzI1MF8xNDAw Page No: 8
8/23/2017 5:06:17 PM: Converting PDF to JPEG without applying watermark.
8/23/2017 5:06:18 PM: Setting image to viewer using RegisterStartupScript: http://localhost:55361/generichandler.ashx?f=e://wdmsdocument//tempworkfolder//tk9frvhfntewxzi1mf8xndawjpg//8.jpeg
8/23/2017 5:06:18 PM: Invoke method to get annotations from databnase.
8/23/2017 5:06:18 PM: Get annotations from database.
8/23/2017 5:06:18 PM: Document Id: 2373 Page No: 8
8/23/2017 5:06:18 PM: Invoking method to get annotation data from database. Action: GetAnnotations
8/23/2017 5:06:45 PM: BindDocumentType started
8/23/2017 5:06:46 PM: BindDocumentType finished
8/23/2017 5:06:49 PM: createControls Started
8/23/2017 5:06:49 PM: createControls Loaded all Textbox dynamically
8/23/2017 5:06:49 PM: createControls Loaded all Textbox dynamically
8/23/2017 5:06:49 PM: createControls Finished
8/23/2017 5:06:49 PM: GetTemplateDetails started
8/23/2017 5:06:49 PM: generatecontrols Started
8/23/2017 5:06:49 PM: GenerateControls:Loaded all Textbox dynamically
8/23/2017 5:06:49 PM: GenerateControls:Loaded all Textbox dynamically
8/23/2017 5:06:52 PM: createControls Started
8/23/2017 5:06:52 PM: createControls Loaded all Textbox dynamically
8/23/2017 5:06:52 PM: createControls Loaded all Textbox dynamically
8/23/2017 5:06:52 PM: createControls Finished
8/23/2017 5:06:52 PM: Started Loading Entity Drop Down
8/23/2017 5:06:53 PM: Finished Loading Entity Drop Down
8/23/2017 5:11:10 PM: GetSginatureDetails Started:-
8/23/2017 5:11:10 PM: GetSginatureDetails Completed:-
8/23/2017 5:11:10 PM: GetTemplateDetails Started
8/23/2017 5:11:11 PM: GetTemplateDetails total record count:1
8/23/2017 5:11:11 PM: Create controls,Load all Textbox dynamic
8/23/2017 5:11:11 PM: Create controls,Load all Textbox dynamic
8/23/2017 5:11:11 PM: GetTemplateDetails Finished
8/23/2017 5:11:11 PM: InitializeDocumentView started
8/23/2017 5:11:11 PM: InitializeDocumentView finished
8/23/2017 5:11:11 PM: Calling database to get annotated images. DocumentId: 2185, Action: GetAnnotatedPages
8/23/2017 5:11:11 PM: Calling database to get annotated images. DocumentId: 2185, Action: GetTaggedPages
8/23/2017 5:11:12 PM: LoadImageToViewer started
8/23/2017 5:11:12 PM: Setting image to viewer. Action:  Page count: 0 Current Page:1
8/23/2017 5:11:12 PM: MailPanelFill started
8/23/2017 5:11:12 PM: MailPanelFill finished
8/23/2017 5:11:26 PM: BindDocumentType started
8/23/2017 5:11:26 PM: BindDocumentType finished
8/23/2017 5:11:29 PM: createControls Started
8/23/2017 5:11:29 PM: createControls Loaded all Textbox dynamically
8/23/2017 5:11:29 PM: createControls Loaded all Textbox dynamically
8/23/2017 5:11:29 PM: createControls Finished
8/23/2017 5:11:29 PM: GetTemplateDetails started
8/23/2017 5:11:29 PM: generatecontrols Started
8/23/2017 5:11:30 PM: GenerateControls:Loaded all Textbox dynamically
8/23/2017 5:11:30 PM: GenerateControls:Loaded all Textbox dynamically
8/23/2017 5:11:31 PM: createControls Started
8/23/2017 5:11:31 PM: createControls Loaded all Textbox dynamically
8/23/2017 5:11:31 PM: createControls Loaded all Textbox dynamically
8/23/2017 5:11:31 PM: createControls Finished
8/23/2017 5:11:31 PM: Started Loading Entity Drop Down
8/23/2017 5:11:32 PM: Finished Loading Entity Drop Down
8/23/2017 5:11:33 PM: createControls Started
8/23/2017 5:11:33 PM: createControls Loaded all Textbox dynamically
8/23/2017 5:11:33 PM: createControls Loaded all Textbox dynamically
8/23/2017 5:11:33 PM: createControls Finished
8/23/2017 5:11:36 PM: GetSginatureDetails Started:-
8/23/2017 5:11:36 PM: GetSginatureDetails Completed:-
8/23/2017 5:11:36 PM: GetTemplateDetails Started
8/23/2017 5:11:36 PM: GetTemplateDetails total record count:1
8/23/2017 5:11:36 PM: Create controls,Load all Textbox dynamic
8/23/2017 5:11:36 PM: Create controls,Load all Textbox dynamic
8/23/2017 5:11:36 PM: GetTemplateDetails Finished
8/23/2017 5:11:36 PM: InitializeDocumentView started
8/23/2017 5:11:37 PM: InitializeDocumentView finished
8/23/2017 5:11:37 PM: Calling database to get annotated images. DocumentId: 2373, Action: GetAnnotatedPages
8/23/2017 5:11:39 PM: Calling database to get annotated images. DocumentId: 2373, Action: GetTaggedPages
8/23/2017 5:11:40 PM: LoadImageToViewer started
8/23/2017 5:11:40 PM: Setting image to viewer. Action:  Page count: 39 Current Page:1
8/23/2017 5:11:42 PM: Converting PDF to JPEG. PDF Path: E:\WDMSDocument\TempWorkFolder\Tk9fRVhfNTEwXzI1MF8xNDAw\6.pdf Image Name: Tk9fRVhfNTEwXzI1MF8xNDAw Page No: 6
8/23/2017 5:11:42 PM: Converting PDF to JPEG without applying watermark.
8/23/2017 5:11:43 PM: Setting image to viewer using RegisterStartupScript: http://localhost:55361/generichandler.ashx?f=e://wdmsdocument//tempworkfolder//tk9frvhfntewxzi1mf8xndawjpg//6.jpeg
8/23/2017 5:11:43 PM: Invoke method to get annotations from databnase.
8/23/2017 5:11:43 PM: Get annotations from database.
8/23/2017 5:11:43 PM: Document Id: 2373 Page No: 6
8/23/2017 5:11:43 PM: Invoking method to get annotation data from database. Action: GetAnnotations
8/23/2017 5:11:43 PM: MailPanelFill started
8/23/2017 5:11:43 PM: MailPanelFill finished
8/23/2017 5:11:43 PM: Unzipping file. Filepath: E:\WDMSDocument\TempWorkFolder\\Tk9fRVhfNTEwXzI1MF8xNDAw.zip
8/23/2017 5:11:56 PM: BindDocumentType started
8/23/2017 5:11:56 PM: BindDocumentType finished
8/23/2017 5:12:01 PM: createControls Started
8/23/2017 5:12:02 PM: createControls Loaded all Textbox dynamically
8/23/2017 5:12:02 PM: createControls Loaded all Textbox dynamically
8/23/2017 5:12:02 PM: createControls Finished
8/23/2017 5:12:02 PM: GetTemplateDetails started
8/23/2017 5:12:02 PM: generatecontrols Started
8/23/2017 5:12:02 PM: GenerateControls:Loaded all Textbox dynamically
8/23/2017 5:12:02 PM: GenerateControls:Loaded all Textbox dynamically
8/23/2017 5:12:05 PM: LoadGrid Started:-
8/23/2017 5:12:05 PM: FilterGridData Started:-
8/23/2017 5:12:05 PM: FilterGridData Completed:-
8/23/2017 5:12:05 PM: grdView_RowDataBound Started:-
8/23/2017 5:12:05 PM: grdView_RowDataBound Completed:-
8/23/2017 5:12:05 PM: LoadGrid Completed:-
8/23/2017 5:12:05 PM: ManageButtons Started:-
8/23/2017 5:12:05 PM: ManageButtons Completed:-
8/23/2017 5:12:09 PM: BindDocumentType started
8/23/2017 5:12:09 PM: BindDocumentType finished
8/23/2017 5:12:15 PM: createControls Started
8/23/2017 5:12:15 PM: createControls Loaded all Textbox dynamically
8/23/2017 5:12:15 PM: createControls Loaded all Textbox dynamically
8/23/2017 5:12:15 PM: createControls Finished
8/23/2017 5:12:15 PM: GetTemplateDetails started
8/23/2017 5:12:15 PM: generatecontrols Started
8/23/2017 5:12:15 PM: GenerateControls:Loaded all Textbox dynamically
8/23/2017 5:12:15 PM: GenerateControls:Loaded all Textbox dynamically
8/23/2017 5:12:16 PM: createControls Started
8/23/2017 5:12:16 PM: createControls Loaded all Textbox dynamically
8/23/2017 5:12:16 PM: createControls Loaded all Textbox dynamically
8/23/2017 5:12:16 PM: createControls Finished
8/23/2017 5:12:16 PM: GetTemplateDetails started
8/23/2017 5:12:17 PM: generatecontrols Started
8/23/2017 5:12:17 PM: GenerateControls:Loaded all Textbox dynamically
8/23/2017 5:12:17 PM: GenerateControls:Loaded all Textbox dynamically
8/23/2017 5:12:17 PM: Started Loading Entity Drop Down
8/23/2017 5:12:18 PM: Finished Loading Entity Drop Down
8/23/2017 5:12:20 PM: createControls Started
8/23/2017 5:12:20 PM: createControls Loaded all Textbox dynamically
8/23/2017 5:12:20 PM: createControls Loaded all Textbox dynamically
8/23/2017 5:12:20 PM: createControls Finished
8/23/2017 5:12:23 PM: GetSginatureDetails Started:-
8/23/2017 5:12:23 PM: GetSginatureDetails Completed:-
8/23/2017 5:12:23 PM: GetTemplateDetails Started
8/23/2017 5:12:23 PM: GetTemplateDetails total record count:1
8/23/2017 5:12:23 PM: Create controls,Load all Textbox dynamic
8/23/2017 5:12:23 PM: Create controls,Load all Textbox dynamic
8/23/2017 5:12:23 PM: GetTemplateDetails Finished
8/23/2017 5:12:23 PM: InitializeDocumentView started
8/23/2017 5:12:24 PM: InitializeDocumentView finished
8/23/2017 5:12:24 PM: Calling database to get annotated images. DocumentId: 2373, Action: GetAnnotatedPages
8/23/2017 5:12:27 PM: Calling database to get annotated images. DocumentId: 2373, Action: GetTaggedPages
8/23/2017 5:12:29 PM: LoadImageToViewer started
8/23/2017 5:12:29 PM: Setting image to viewer. Action:  Page count: 39 Current Page:1
8/23/2017 5:12:30 PM: Converting PDF to JPEG. PDF Path: E:\WDMSDocument\TempWorkFolder\Tk9fRVhfNTEwXzI1MF8xNDAw\6.pdf Image Name: Tk9fRVhfNTEwXzI1MF8xNDAw Page No: 6
8/23/2017 5:12:30 PM: Converting PDF to JPEG without applying watermark.
8/23/2017 5:12:31 PM: Setting image to viewer using RegisterStartupScript: http://localhost:55361/generichandler.ashx?f=e://wdmsdocument//tempworkfolder//tk9frvhfntewxzi1mf8xndawjpg//6.jpeg
8/23/2017 5:12:31 PM: Invoke method to get annotations from databnase.
8/23/2017 5:12:31 PM: Get annotations from database.
8/23/2017 5:12:31 PM: Document Id: 2373 Page No: 6
8/23/2017 5:12:31 PM: Invoking method to get annotation data from database. Action: GetAnnotations
8/23/2017 5:12:32 PM: MailPanelFill started
8/23/2017 5:12:32 PM: MailPanelFill finished
8/23/2017 5:12:32 PM: Unzipping file. Filepath: E:\WDMSDocument\TempWorkFolder\\Tk9fRVhfNTEwXzI1MF8xNDAw.zip
8/23/2017 5:12:45 PM: BindDocumentType started
8/23/2017 5:12:45 PM: BindDocumentType finished
8/23/2017 5:26:20 PM: createControls Started
8/23/2017 5:26:20 PM: createControls Loaded all Textbox dynamically
8/23/2017 5:26:20 PM: createControls Loaded all Textbox dynamically
8/23/2017 5:26:20 PM: createControls Finished
8/23/2017 5:26:20 PM: GetTemplateDetails started
8/23/2017 5:26:20 PM: generatecontrols Started
8/23/2017 5:26:20 PM: GenerateControls:Loaded all Textbox dynamically
8/23/2017 5:26:20 PM: GenerateControls:Loaded all Textbox dynamically
8/23/2017 5:26:22 PM: createControls Started
8/23/2017 5:26:22 PM: createControls Loaded all Textbox dynamically
8/23/2017 5:26:22 PM: createControls Loaded all Textbox dynamically
8/23/2017 5:26:22 PM: createControls Finished
8/23/2017 5:26:22 PM: Started Loading Entity Drop Down
8/23/2017 5:26:22 PM: Finished Loading Entity Drop Down
8/23/2017 5:26:25 PM: GetSginatureDetails Started:-
8/23/2017 5:26:25 PM: GetSginatureDetails Completed:-
8/23/2017 5:26:25 PM: GetTemplateDetails Started
8/23/2017 5:26:25 PM: GetTemplateDetails total record count:1
8/23/2017 5:26:25 PM: Create controls,Load all Textbox dynamic
8/23/2017 5:26:25 PM: Create controls,Load all Textbox dynamic
8/23/2017 5:26:25 PM: GetTemplateDetails Finished
8/23/2017 5:26:26 PM: InitializeDocumentView started
8/23/2017 5:26:26 PM: InitializeDocumentView finished
8/23/2017 5:26:26 PM: Calling database to get annotated images. DocumentId: 2185, Action: GetAnnotatedPages
8/23/2017 5:26:26 PM: Calling database to get annotated images. DocumentId: 2185, Action: GetTaggedPages
8/23/2017 5:26:27 PM: LoadImageToViewer started
8/23/2017 5:26:27 PM: Setting image to viewer. Action:  Page count: 0 Current Page:1
8/23/2017 5:26:28 PM: MailPanelFill started
8/23/2017 5:26:28 PM: MailPanelFill finished
8/23/2017 5:26:36 PM: BindDocumentType started
8/23/2017 5:26:36 PM: BindDocumentType finished
8/23/2017 5:26:41 PM: createControls Started
8/23/2017 5:26:41 PM: createControls Loaded all Textbox dynamically
8/23/2017 5:26:41 PM: createControls Loaded all Textbox dynamically
8/23/2017 5:26:41 PM: createControls Finished
8/23/2017 5:26:41 PM: GetTemplateDetails started
8/23/2017 5:26:41 PM: generatecontrols Started
8/23/2017 5:26:41 PM: GenerateControls:Loaded all Textbox dynamically
8/23/2017 5:26:41 PM: GenerateControls:Loaded all Textbox dynamically
8/23/2017 5:26:43 PM: createControls Started
8/23/2017 5:26:43 PM: createControls Loaded all Textbox dynamically
8/23/2017 5:26:43 PM: createControls Loaded all Textbox dynamically
8/23/2017 5:26:43 PM: createControls Finished
8/23/2017 5:26:43 PM: Started Loading Entity Drop Down
8/23/2017 5:26:44 PM: Finished Loading Entity Drop Down
8/23/2017 5:27:09 PM: BindDocumentType started
8/23/2017 5:27:09 PM: BindDocumentType finished
8/23/2017 5:27:15 PM: createControls Started
8/23/2017 5:27:16 PM: createControls Loaded all Textbox dynamically
8/23/2017 5:27:16 PM: createControls Loaded all Textbox dynamically
8/23/2017 5:27:16 PM: createControls Finished
8/23/2017 5:27:16 PM: GetTemplateDetails started
8/23/2017 5:27:16 PM: generatecontrols Started
8/23/2017 5:27:16 PM: GenerateControls:Loaded all Textbox dynamically
8/23/2017 5:27:16 PM: GenerateControls:Loaded all Textbox dynamically
8/23/2017 5:27:18 PM: createControls Started
8/23/2017 5:27:18 PM: createControls Loaded all Textbox dynamically
8/23/2017 5:27:18 PM: createControls Loaded all Textbox dynamically
8/23/2017 5:27:18 PM: createControls Finished
8/23/2017 5:27:18 PM: Started Loading Entity Drop Down
8/23/2017 5:27:20 PM: Finished Loading Entity Drop Down
8/23/2017 5:27:21 PM: createControls Started
8/23/2017 5:27:21 PM: createControls Loaded all Textbox dynamically
8/23/2017 5:27:21 PM: createControls Loaded all Textbox dynamically
8/23/2017 5:27:21 PM: createControls Finished
8/23/2017 5:27:25 PM: GetSginatureDetails Started:-
8/23/2017 5:27:25 PM: GetSginatureDetails Completed:-
8/23/2017 5:27:25 PM: GetTemplateDetails Started
8/23/2017 5:27:25 PM: GetTemplateDetails total record count:1
8/23/2017 5:27:25 PM: Create controls,Load all Textbox dynamic
8/23/2017 5:27:25 PM: Create controls,Load all Textbox dynamic
8/23/2017 5:27:25 PM: GetTemplateDetails Finished
8/23/2017 5:27:25 PM: InitializeDocumentView started
8/23/2017 5:27:25 PM: InitializeDocumentView finished
8/23/2017 5:27:25 PM: Calling database to get annotated images. DocumentId: 2373, Action: GetAnnotatedPages
8/23/2017 5:27:28 PM: Calling database to get annotated images. DocumentId: 2373, Action: GetTaggedPages
8/23/2017 5:27:29 PM: LoadImageToViewer started
8/23/2017 5:27:29 PM: Setting image to viewer. Action:  Page count: 39 Current Page:1
8/23/2017 5:27:30 PM: Converting PDF to JPEG. PDF Path: E:\WDMSDocument\TempWorkFolder\Tk9fRVhfNTEwXzI1MF8xNDAw\6.pdf Image Name: Tk9fRVhfNTEwXzI1MF8xNDAw Page No: 6
8/23/2017 5:27:30 PM: Converting PDF to JPEG without applying watermark.
8/23/2017 5:27:31 PM: Setting image to viewer using RegisterStartupScript: http://localhost:55361/generichandler.ashx?f=e://wdmsdocument//tempworkfolder//tk9frvhfntewxzi1mf8xndawjpg//6.jpeg
8/23/2017 5:27:31 PM: Invoke method to get annotations from databnase.
8/23/2017 5:27:31 PM: Get annotations from database.
8/23/2017 5:27:31 PM: Document Id: 2373 Page No: 6
8/23/2017 5:27:31 PM: Invoking method to get annotation data from database. Action: GetAnnotations
8/23/2017 5:27:31 PM: MailPanelFill started
8/23/2017 5:27:31 PM: MailPanelFill finished
8/23/2017 5:27:31 PM: Unzipping file. Filepath: E:\WDMSDocument\TempWorkFolder\\Tk9fRVhfNTEwXzI1MF8xNDAw.zip
8/23/2017 5:35:19 PM: GetSginatureDetails Started:-
8/23/2017 5:35:20 PM: GetSginatureDetails Completed:-
8/23/2017 5:35:20 PM: GetTemplateDetails Started
8/23/2017 5:35:20 PM: GetTemplateDetails total record count:1
8/23/2017 5:35:20 PM: Create controls,Load all Textbox dynamic
8/23/2017 5:35:20 PM: Create controls,Load all Textbox dynamic
8/23/2017 5:35:20 PM: GetTemplateDetails Finished
8/23/2017 5:35:20 PM: InitializeDocumentView started
8/23/2017 5:35:20 PM: InitializeDocumentView finished
8/23/2017 5:35:20 PM: Calling database to get annotated images. DocumentId: 2373, Action: GetAnnotatedPages
8/23/2017 5:35:23 PM: Calling database to get annotated images. DocumentId: 2373, Action: GetTaggedPages
8/23/2017 5:35:24 PM: LoadImageToViewer started
8/23/2017 5:35:24 PM: Setting image to viewer. Action:  Page count: 39 Current Page:1
8/23/2017 5:35:25 PM: Converting PDF to JPEG. PDF Path: E:\WDMSDocument\TempWorkFolder\Tk9fRVhfNTEwXzI1MF8xNDAw\6.pdf Image Name: Tk9fRVhfNTEwXzI1MF8xNDAw Page No: 6
8/23/2017 5:35:25 PM: Converting PDF to JPEG without applying watermark.
8/23/2017 5:35:26 PM: Setting image to viewer using RegisterStartupScript: http://localhost:55361/generichandler.ashx?f=e://wdmsdocument//tempworkfolder//tk9frvhfntewxzi1mf8xndawjpg//6.jpeg
8/23/2017 5:35:26 PM: Invoke method to get annotations from databnase.
8/23/2017 5:35:26 PM: Get annotations from database.
8/23/2017 5:35:26 PM: Document Id: 2373 Page No: 6
8/23/2017 5:35:26 PM: Invoking method to get annotation data from database. Action: GetAnnotations
8/23/2017 5:35:27 PM: MailPanelFill started
8/23/2017 5:35:27 PM: MailPanelFill finished
8/23/2017 5:35:27 PM: Unzipping file. Filepath: E:\WDMSDocument\TempWorkFolder\\Tk9fRVhfNTEwXzI1MF8xNDAw.zip
8/23/2017 5:37:11 PM: GetTemplateDetails Started
8/23/2017 5:37:11 PM: GetTemplateDetails total record count:1
8/23/2017 5:37:11 PM: Create controls,Load all Textbox dynamic
8/23/2017 5:37:11 PM: Create controls,Load all Textbox dynamic
8/23/2017 5:37:11 PM: GetTemplateDetails Finished
8/23/2017 5:37:12 PM: LoadImageToViewer started
8/23/2017 5:37:12 PM: Setting image to viewer. Action: NEXT Page count: 39 Current Page:6
8/23/2017 5:37:13 PM: Converting PDF to JPEG. PDF Path: E:\WDMSDocument\TempWorkFolder\Tk9fRVhfNTEwXzI1MF8xNDAw\9.pdf Image Name: Tk9fRVhfNTEwXzI1MF8xNDAw Page No: 9
8/23/2017 5:37:13 PM: Converting PDF to JPEG without applying watermark.
8/23/2017 5:37:13 PM: Setting image to viewer using RegisterStartupScript: http://localhost:55361/generichandler.ashx?f=e://wdmsdocument//tempworkfolder//tk9frvhfntewxzi1mf8xndawjpg//9.jpeg
8/23/2017 5:37:13 PM: Invoke method to get annotations from databnase.
8/23/2017 5:37:13 PM: Get annotations from database.
8/23/2017 5:37:13 PM: Document Id: 2373 Page No: 9
8/23/2017 5:37:13 PM: Invoking method to get annotation data from database. Action: GetAnnotations
8/23/2017 5:39:03 PM: GetSginatureDetails Started:-
8/23/2017 5:39:03 PM: GetSginatureDetails Completed:-
8/23/2017 5:39:03 PM: GetTemplateDetails Started
8/23/2017 5:39:03 PM: GetTemplateDetails total record count:1
8/23/2017 5:39:04 PM: Create controls,Load all Textbox dynamic
8/23/2017 5:39:04 PM: Create controls,Load all Textbox dynamic
8/23/2017 5:39:04 PM: GetTemplateDetails Finished
8/23/2017 5:39:04 PM: InitializeDocumentView started
8/23/2017 5:39:04 PM: InitializeDocumentView finished
8/23/2017 5:39:04 PM: Calling database to get annotated images. DocumentId: 2373, Action: GetAnnotatedPages
8/23/2017 5:39:06 PM: Calling database to get annotated images. DocumentId: 2373, Action: GetTaggedPages
8/23/2017 5:39:07 PM: LoadImageToViewer started
8/23/2017 5:39:07 PM: Setting image to viewer. Action:  Page count: 39 Current Page:1
8/23/2017 5:39:08 PM: Converting PDF to JPEG. PDF Path: E:\WDMSDocument\TempWorkFolder\Tk9fRVhfNTEwXzI1MF8xNDAw\6.pdf Image Name: Tk9fRVhfNTEwXzI1MF8xNDAw Page No: 6
8/23/2017 5:39:08 PM: Converting PDF to JPEG without applying watermark.
8/23/2017 5:39:09 PM: Setting image to viewer using RegisterStartupScript: http://localhost:55361/generichandler.ashx?f=e://wdmsdocument//tempworkfolder//tk9frvhfntewxzi1mf8xndawjpg//6.jpeg
8/23/2017 5:39:09 PM: Invoke method to get annotations from databnase.
8/23/2017 5:39:09 PM: Get annotations from database.
8/23/2017 5:39:09 PM: Document Id: 2373 Page No: 6
8/23/2017 5:39:09 PM: Invoking method to get annotation data from database. Action: GetAnnotations
8/23/2017 5:39:09 PM: MailPanelFill started
8/23/2017 5:39:10 PM: MailPanelFill finished
8/23/2017 5:39:10 PM: Unzipping file. Filepath: E:\WDMSDocument\TempWorkFolder\\Tk9fRVhfNTEwXzI1MF8xNDAw.zip
