4/5/2017 12:52:52 PM: BindDocumentType started
4/5/2017 12:52:52 PM: BindDocumentType finished
4/5/2017 12:52:56 PM: createControls Started
4/5/2017 12:52:56 PM: createControls Loaded all Textbox dynamically
4/5/2017 12:52:56 PM: createControls Loaded all Textbox dynamically
4/5/2017 12:52:56 PM: createControls Finished
4/5/2017 12:52:56 PM: GetTemplateDetails started
4/5/2017 12:52:56 PM: generatecontrols Started
4/5/2017 12:52:56 PM: GenerateControls:Loaded all Textbox dynamically
4/5/2017 12:52:56 PM: GenerateControls:Loaded all Textbox dynamically
4/5/2017 12:57:42 PM: createControls Started
4/5/2017 12:57:42 PM: createControls Loaded all Textbox dynamically
4/5/2017 12:57:42 PM: createControls Loaded all Textbox dynamically
4/5/2017 12:57:42 PM: createControls Loaded all Textbox dynamically
4/5/2017 12:57:42 PM: createControls Loaded all Textbox dynamically
4/5/2017 12:57:42 PM: createControls Loaded all Textbox dynamically
4/5/2017 12:57:42 PM: createControls Loaded all Textbox dynamically
4/5/2017 12:57:42 PM: createControls Loaded all Textbox dynamically
4/5/2017 12:57:42 PM: createControls Loaded all Textbox dynamically
4/5/2017 12:57:42 PM: createControls Finished
4/5/2017 12:57:42 PM: GetTemplateDetails started
4/5/2017 12:57:42 PM: generatecontrols Started
4/5/2017 12:57:42 PM: GenerateControls:Loaded all Textbox dynamically
4/5/2017 12:57:42 PM: GenerateControls:Loaded all Textbox dynamically
4/5/2017 12:57:42 PM: GenerateControls:Loaded all Textbox dynamically
4/5/2017 12:57:42 PM: GenerateControls:Loaded all Textbox dynamically
4/5/2017 12:57:42 PM: GenerateControls:Loaded all Textbox dynamically
4/5/2017 12:57:42 PM: GenerateControls:Loaded all Textbox dynamically
4/5/2017 12:57:42 PM: GenerateControls:Loaded all Textbox dynamically
4/5/2017 12:57:42 PM: GenerateControls:Loaded all Textbox dynamically
4/5/2017 12:57:47 PM: createControls Started
4/5/2017 12:57:47 PM: createControls Loaded all Textbox dynamically
4/5/2017 12:57:47 PM: createControls Loaded all Textbox dynamically
4/5/2017 12:57:47 PM: createControls Finished
4/5/2017 12:57:47 PM: GetTemplateDetails started
4/5/2017 12:57:47 PM: generatecontrols Started
4/5/2017 12:57:47 PM: GenerateControls:Loaded all Textbox dynamically
4/5/2017 12:57:47 PM: GenerateControls:Loaded all Textbox dynamically
