4/7/2017 10:33:08 AM: BindDocumentType started
4/7/2017 10:33:08 AM: BindDocumentType finished
4/7/2017 10:33:12 AM: createControls Started
4/7/2017 10:33:12 AM: createControls Loaded all Textbox dynamically
4/7/2017 10:33:12 AM: createControls Loaded all Textbox dynamically
4/7/2017 10:33:12 AM: createControls Finished
4/7/2017 10:33:12 AM: GetTemplateDetails started
4/7/2017 10:33:12 AM: generatecontrols Started
4/7/2017 10:33:12 AM: GenerateControls:Loaded all Textbox dynamically
4/7/2017 10:33:12 AM: GenerateControls:Loaded all Textbox dynamically
4/7/2017 10:33:13 AM: createControls Started
4/7/2017 10:33:13 AM: createControls Loaded all Textbox dynamically
4/7/2017 10:33:13 AM: createControls Loaded all Textbox dynamically
4/7/2017 10:33:13 AM: createControls Finished
4/7/2017 10:33:19 AM: BindDocumentType started
4/7/2017 10:33:19 AM: BindDocumentType finished
4/7/2017 10:33:22 AM: createControls Started
4/7/2017 10:33:22 AM: createControls Loaded all Textbox dynamically
4/7/2017 10:33:22 AM: createControls Loaded all Textbox dynamically
4/7/2017 10:33:22 AM: createControls Finished
4/7/2017 10:33:22 AM: GetTemplateDetails started
4/7/2017 10:33:22 AM: generatecontrols Started
4/7/2017 10:33:22 AM: GenerateControls:Loaded all Textbox dynamically
4/7/2017 10:33:22 AM: GenerateControls:Loaded all Textbox dynamically
4/7/2017 10:33:48 AM: GetSginatureDetails Started:-
4/7/2017 10:33:48 AM: GetSginatureDetails Completed:-
4/7/2017 10:33:48 AM: GetTemplateDetails Started
4/7/2017 10:33:48 AM: GetTemplateDetails total record count:1
4/7/2017 10:33:48 AM: Create controls,Load all Textbox dynamic
4/7/2017 10:33:48 AM: Create controls,Load all Textbox dynamic
4/7/2017 10:33:48 AM: GetTemplateDetails Finished
4/7/2017 10:33:48 AM: InitializeDocumentView started
4/7/2017 10:33:48 AM: InitializeDocumentView finished
4/7/2017 10:33:48 AM: Calling database to get annotated images. DocumentId: 1299, Action: GetAnnotatedPages
4/7/2017 10:33:49 AM: Calling database to get annotated images. DocumentId: 1299, Action: GetTaggedPages
4/7/2017 10:33:49 AM: LoadImageToViewer started
4/7/2017 10:33:49 AM: Setting image to viewer. Action:  Page count: 6 Current Page:1
4/7/2017 10:33:49 AM: Converting PDF to JPEG. PDF Path: D:\WDMSDocument\TempWorkFolder\Tk9fRVhfNTEwXzI1MF8xMDAx\1.pdf Image Name: Tk9fRVhfNTEwXzI1MF8xMDAx Page No: 1
4/7/2017 10:33:49 AM: Converting PDF to JPEG without applying watermark.
4/7/2017 10:33:49 AM: Setting image to viewer using RegisterStartupScript: http://localhost:55361/generichandler.ashx?f=d://wdmsdocument//tempworkfolder//tk9frvhfntewxzi1mf8xmdaxjpg//1.jpeg
4/7/2017 10:33:49 AM: Invoke method to get annotations from databnase.
4/7/2017 10:33:49 AM: Get annotations from database.
4/7/2017 10:33:49 AM: Document Id: 1299 Page No: 1
4/7/2017 10:33:49 AM: Invoking method to get annotation data from database. Action: GetAnnotations
4/7/2017 10:33:49 AM: MailPanelFill started
4/7/2017 10:33:49 AM: MailPanelFill finished
4/7/2017 10:33:52 AM: BindDocumentType started
4/7/2017 10:33:52 AM: BindDocumentType finished
4/7/2017 11:12:59 AM: BindDocumentType started
4/7/2017 11:13:00 AM: BindDocumentType finished
4/7/2017 11:13:22 AM: createControls Started
4/7/2017 11:13:22 AM: createControls Loaded all Textbox dynamically
4/7/2017 11:13:22 AM: createControls Loaded all Textbox dynamically
4/7/2017 11:13:22 AM: createControls Finished
4/7/2017 11:13:22 AM: GetTemplateDetails started
4/7/2017 11:13:22 AM: generatecontrols Started
4/7/2017 11:13:22 AM: GenerateControls:Loaded all Textbox dynamically
4/7/2017 11:13:22 AM: GenerateControls:Loaded all Textbox dynamically
4/7/2017 11:13:36 AM: GetSginatureDetails Started:-
4/7/2017 11:13:36 AM: GetSginatureDetails Completed:-
4/7/2017 11:13:36 AM: GetTemplateDetails Started
4/7/2017 11:13:36 AM: GetTemplateDetails total record count:1
4/7/2017 11:13:36 AM: Create controls,Load all Textbox dynamic
4/7/2017 11:13:36 AM: Create controls,Load all Textbox dynamic
4/7/2017 11:13:36 AM: GetTemplateDetails Finished
4/7/2017 11:13:36 AM: InitializeDocumentView started
4/7/2017 11:13:36 AM: InitializeDocumentView finished
4/7/2017 11:13:36 AM: Calling database to get annotated images. DocumentId: 1299, Action: GetAnnotatedPages
4/7/2017 11:13:36 AM: Calling database to get annotated images. DocumentId: 1299, Action: GetTaggedPages
4/7/2017 11:13:36 AM: LoadImageToViewer started
4/7/2017 11:13:36 AM: Setting image to viewer. Action:  Page count: 6 Current Page:1
4/7/2017 11:13:36 AM: Converting PDF to JPEG. PDF Path: D:\WDMSDocument\TempWorkFolder\Tk9fRVhfNTEwXzI1MF8xMDAx\1.pdf Image Name: Tk9fRVhfNTEwXzI1MF8xMDAx Page No: 1
4/7/2017 11:13:36 AM: Converting PDF to JPEG without applying watermark.
4/7/2017 11:13:36 AM: Setting image to viewer using RegisterStartupScript: http://localhost:55361/generichandler.ashx?f=d://wdmsdocument//tempworkfolder//tk9frvhfntewxzi1mf8xmdaxjpg//1.jpeg
4/7/2017 11:13:36 AM: Invoke method to get annotations from databnase.
4/7/2017 11:13:36 AM: Get annotations from database.
4/7/2017 11:13:36 AM: Document Id: 1299 Page No: 1
4/7/2017 11:13:36 AM: Invoking method to get annotation data from database. Action: GetAnnotations
4/7/2017 11:13:36 AM: MailPanelFill started
4/7/2017 11:13:36 AM: MailPanelFill finished
4/7/2017 11:15:27 AM: BindDocumentType started
4/7/2017 11:15:27 AM: BindDocumentType finished
4/7/2017 11:16:19 AM: GetIndexFieldsByTemplateId Started
4/7/2017 11:16:20 AM: GetIndexFieldsByTemplateId Finished
4/7/2017 11:16:51 AM: Started Loading Domain Name Drop Down
4/7/2017 11:16:51 AM: Finished Loading Domain Name Drop Down
4/7/2017 11:17:17 AM: BindDocumentType started
4/7/2017 11:17:17 AM: BindDocumentType finished
4/7/2017 11:17:34 AM: createControls Started
4/7/2017 11:17:34 AM: createControls Loaded all Textbox dynamically
4/7/2017 11:17:34 AM: createControls Loaded all Textbox dynamically
4/7/2017 11:17:34 AM: createControls Finished
4/7/2017 11:17:34 AM: GetTemplateDetails started
4/7/2017 11:17:34 AM: generatecontrols Started
4/7/2017 11:17:34 AM: GenerateControls:Loaded all Textbox dynamically
4/7/2017 11:17:34 AM: GenerateControls:Loaded all Textbox dynamically
4/7/2017 11:17:40 AM: createControls Started
4/7/2017 11:17:40 AM: createControls Loaded all Textbox dynamically
4/7/2017 11:17:40 AM: createControls Loaded all Textbox dynamically
4/7/2017 11:17:40 AM: createControls Loaded all Textbox dynamically
4/7/2017 11:17:40 AM: createControls Loaded all Textbox dynamically
4/7/2017 11:17:40 AM: createControls Loaded all Textbox dynamically
4/7/2017 11:17:40 AM: createControls Loaded all Textbox dynamically
4/7/2017 11:17:40 AM: createControls Loaded all Textbox dynamically
4/7/2017 11:17:40 AM: createControls Loaded all Textbox dynamically
4/7/2017 11:17:40 AM: createControls Finished
4/7/2017 11:17:40 AM: GetTemplateDetails started
4/7/2017 11:17:40 AM: generatecontrols Started
4/7/2017 11:17:40 AM: GenerateControls:Loaded all Textbox dynamically
4/7/2017 11:17:40 AM: GenerateControls:Loaded all Textbox dynamically
4/7/2017 11:17:40 AM: GenerateControls:Loaded all Textbox dynamically
4/7/2017 11:17:40 AM: GenerateControls:Loaded all Textbox dynamically
4/7/2017 11:17:40 AM: GenerateControls:Loaded all Textbox dynamically
4/7/2017 11:17:40 AM: GenerateControls:Loaded all Textbox dynamically
4/7/2017 11:17:40 AM: GenerateControls:Loaded all Textbox dynamically
4/7/2017 11:17:40 AM: GenerateControls:Loaded all Textbox dynamically
4/7/2017 11:17:43 AM: createControls Started
4/7/2017 11:17:43 AM: createControls Loaded all Textbox dynamically
4/7/2017 11:17:43 AM: createControls Loaded all Textbox dynamically
4/7/2017 11:17:43 AM: createControls Loaded all Textbox dynamically
4/7/2017 11:17:43 AM: createControls Loaded all Textbox dynamically
4/7/2017 11:17:43 AM: createControls Loaded all Textbox dynamically
4/7/2017 11:17:43 AM: createControls Loaded all Textbox dynamically
4/7/2017 11:17:43 AM: createControls Loaded all Textbox dynamically
4/7/2017 11:17:43 AM: createControls Loaded all Textbox dynamically
4/7/2017 11:17:43 AM: createControls Finished
4/7/2017 11:17:43 AM: GetTemplateDetails started
4/7/2017 11:17:43 AM: generatecontrols Started
4/7/2017 11:17:43 AM: GenerateControls:Loaded all Textbox dynamically
4/7/2017 11:17:43 AM: GenerateControls:Loaded all Textbox dynamically
4/7/2017 11:17:43 AM: GenerateControls:Loaded all Textbox dynamically
4/7/2017 11:17:43 AM: GenerateControls:Loaded all Textbox dynamically
4/7/2017 11:17:43 AM: GenerateControls:Loaded all Textbox dynamically
4/7/2017 11:17:43 AM: GenerateControls:Loaded all Textbox dynamically
4/7/2017 11:17:43 AM: GenerateControls:Loaded all Textbox dynamically
4/7/2017 11:17:43 AM: GenerateControls:Loaded all Textbox dynamically
4/7/2017 11:17:45 AM: createControls Started
4/7/2017 11:17:45 AM: createControls Loaded all Textbox dynamically
4/7/2017 11:17:45 AM: createControls Loaded all Textbox dynamically
4/7/2017 11:17:45 AM: createControls Loaded all Textbox dynamically
4/7/2017 11:17:45 AM: createControls Loaded all Textbox dynamically
4/7/2017 11:17:45 AM: createControls Finished
4/7/2017 11:17:45 AM: GetTemplateDetails started
4/7/2017 11:17:45 AM: generatecontrols Started
4/7/2017 11:17:45 AM: GenerateControls:Loaded all Textbox dynamically
4/7/2017 11:17:45 AM: GenerateControls:Loaded all Textbox dynamically
4/7/2017 11:17:45 AM: GenerateControls:Loaded all Textbox dynamically
4/7/2017 11:17:45 AM: GenerateControls:Loaded all Textbox dynamically
4/7/2017 11:17:48 AM: createControls Started
4/7/2017 11:17:48 AM: createControls Loaded all Textbox dynamically
4/7/2017 11:17:48 AM: createControls Loaded all Textbox dynamically
4/7/2017 11:17:48 AM: createControls Loaded all Textbox dynamically
4/7/2017 11:17:48 AM: createControls Loaded all Textbox dynamically
4/7/2017 11:17:48 AM: createControls Loaded all Textbox dynamically
4/7/2017 11:17:48 AM: createControls Loaded all Textbox dynamically
4/7/2017 11:17:48 AM: createControls Finished
4/7/2017 11:17:48 AM: GetTemplateDetails started
4/7/2017 11:17:48 AM: generatecontrols Started
4/7/2017 11:17:48 AM: GenerateControls:Loaded all Textbox dynamically
4/7/2017 11:17:48 AM: GenerateControls:Loaded all Textbox dynamically
4/7/2017 11:17:48 AM: GenerateControls:Loaded all Textbox dynamically
4/7/2017 11:17:48 AM: GenerateControls:Loaded all Textbox dynamically
4/7/2017 11:17:48 AM: GenerateControls:Loaded all Textbox dynamically
4/7/2017 11:17:48 AM: GenerateControls:Loaded all Textbox dynamically
4/7/2017 11:17:51 AM: createControls Started
4/7/2017 11:17:51 AM: createControls Loaded all Textbox dynamically
4/7/2017 11:17:51 AM: createControls Loaded all Textbox dynamically
4/7/2017 11:17:51 AM: createControls Loaded all Textbox dynamically
4/7/2017 11:17:51 AM: createControls Loaded all Textbox dynamically
4/7/2017 11:17:51 AM: createControls Finished
4/7/2017 11:17:51 AM: GetTemplateDetails started
4/7/2017 11:17:51 AM: generatecontrols Started
4/7/2017 11:17:51 AM: GenerateControls:Loaded all Textbox dynamically
4/7/2017 11:17:51 AM: GenerateControls:Loaded all Textbox dynamically
4/7/2017 11:17:51 AM: GenerateControls:Loaded all Textbox dynamically
4/7/2017 11:17:51 AM: GenerateControls:Loaded all Textbox dynamically
4/7/2017 11:17:56 AM: createControls Started
4/7/2017 11:17:56 AM: createControls Loaded all Textbox dynamically
4/7/2017 11:17:56 AM: createControls Loaded all Textbox dynamically
4/7/2017 11:17:56 AM: createControls Finished
4/7/2017 11:17:56 AM: GetTemplateDetails started
4/7/2017 11:17:56 AM: generatecontrols Started
4/7/2017 11:17:56 AM: GenerateControls:Loaded all Textbox dynamically
4/7/2017 11:17:56 AM: GenerateControls:Loaded all Textbox dynamically
4/7/2017 11:18:00 AM: createControls Started
4/7/2017 11:18:00 AM: createControls Loaded all Textbox dynamically
4/7/2017 11:18:00 AM: createControls Loaded all Textbox dynamically
4/7/2017 11:18:00 AM: createControls Loaded all Textbox dynamically
4/7/2017 11:18:00 AM: createControls Loaded all Textbox dynamically
4/7/2017 11:18:00 AM: createControls Loaded all Textbox dynamically
4/7/2017 11:18:00 AM: createControls Loaded all Textbox dynamically
4/7/2017 11:18:00 AM: createControls Loaded all Textbox dynamically
4/7/2017 11:18:00 AM: createControls Loaded all Textbox dynamically
4/7/2017 11:18:00 AM: createControls Finished
4/7/2017 11:18:00 AM: GetTemplateDetails started
4/7/2017 11:18:00 AM: generatecontrols Started
4/7/2017 11:18:00 AM: GenerateControls:Loaded all Textbox dynamically
4/7/2017 11:18:00 AM: GenerateControls:Loaded all Textbox dynamically
4/7/2017 11:18:00 AM: GenerateControls:Loaded all Textbox dynamically
4/7/2017 11:18:00 AM: GenerateControls:Loaded all Textbox dynamically
4/7/2017 11:18:00 AM: GenerateControls:Loaded all Textbox dynamically
4/7/2017 11:18:00 AM: GenerateControls:Loaded all Textbox dynamically
4/7/2017 11:18:00 AM: GenerateControls:Loaded all Textbox dynamically
4/7/2017 11:18:00 AM: GenerateControls:Loaded all Textbox dynamically
4/7/2017 11:18:03 AM: createControls Started
4/7/2017 11:18:03 AM: createControls Loaded all Textbox dynamically
4/7/2017 11:18:03 AM: createControls Loaded all Textbox dynamically
4/7/2017 11:18:03 AM: createControls Loaded all Textbox dynamically
4/7/2017 11:18:03 AM: createControls Loaded all Textbox dynamically
4/7/2017 11:18:03 AM: createControls Loaded all Textbox dynamically
4/7/2017 11:18:03 AM: createControls Loaded all Textbox dynamically
4/7/2017 11:18:03 AM: createControls Loaded all Textbox dynamically
4/7/2017 11:18:03 AM: createControls Loaded all Textbox dynamically
4/7/2017 11:18:03 AM: createControls Finished
4/7/2017 11:18:03 AM: GetTemplateDetails started
4/7/2017 11:18:03 AM: generatecontrols Started
4/7/2017 11:18:03 AM: GenerateControls:Loaded all Textbox dynamically
4/7/2017 11:18:03 AM: GenerateControls:Loaded all Textbox dynamically
4/7/2017 11:18:03 AM: GenerateControls:Loaded all Textbox dynamically
4/7/2017 11:18:03 AM: GenerateControls:Loaded all Textbox dynamically
4/7/2017 11:18:03 AM: GenerateControls:Loaded all Textbox dynamically
4/7/2017 11:18:03 AM: GenerateControls:Loaded all Textbox dynamically
4/7/2017 11:18:03 AM: GenerateControls:Loaded all Textbox dynamically
4/7/2017 11:18:03 AM: GenerateControls:Loaded all Textbox dynamically
4/7/2017 11:18:06 AM: createControls Started
4/7/2017 11:18:06 AM: createControls Loaded all Textbox dynamically
4/7/2017 11:18:06 AM: createControls Loaded all Textbox dynamically
4/7/2017 11:18:06 AM: createControls Loaded all Textbox dynamically
4/7/2017 11:18:06 AM: createControls Loaded all Textbox dynamically
4/7/2017 11:18:06 AM: createControls Finished
4/7/2017 11:18:06 AM: GetTemplateDetails started
4/7/2017 11:18:06 AM: generatecontrols Started
4/7/2017 11:18:06 AM: GenerateControls:Loaded all Textbox dynamically
4/7/2017 11:18:06 AM: GenerateControls:Loaded all Textbox dynamically
4/7/2017 11:18:06 AM: GenerateControls:Loaded all Textbox dynamically
4/7/2017 11:18:06 AM: GenerateControls:Loaded all Textbox dynamically
4/7/2017 11:19:31 AM: BindDocumentType started
4/7/2017 11:19:31 AM: BindDocumentType finished
4/7/2017 11:19:42 AM: createControls Started
4/7/2017 11:19:42 AM: Create controls,Load all Textbox dynamic
4/7/2017 11:19:42 AM: Create controls,Load all Textbox dynamic
4/7/2017 11:19:42 AM: createControls Finished
4/7/2017 11:19:42 AM: generatecontrols Started
4/7/2017 11:19:42 AM: Calling database to get reference id and watermark.
4/7/2017 11:19:42 AM: Database returned result: NO_EX_510_250_1006|
4/7/2017 11:19:42 AM: Generatecontrols,Load all Textbox dynamic
4/7/2017 11:19:42 AM: Generatecontrols,Load all Textbox dynamic
4/7/2017 11:19:58 AM: BindDocumentType started
4/7/2017 11:19:58 AM: BindDocumentType finished
4/7/2017 11:20:03 AM: createControls Started
4/7/2017 11:20:03 AM: createControls Loaded all Textbox dynamically
4/7/2017 11:20:03 AM: createControls Loaded all Textbox dynamically
4/7/2017 11:20:03 AM: createControls Finished
4/7/2017 11:20:03 AM: GetTemplateDetails started
4/7/2017 11:20:03 AM: generatecontrols Started
4/7/2017 11:20:03 AM: GenerateControls:Loaded all Textbox dynamically
4/7/2017 11:20:03 AM: GenerateControls:Loaded all Textbox dynamically
4/7/2017 11:29:59 AM: BindDocumentType started
4/7/2017 11:29:59 AM: BindDocumentType finished
4/7/2017 11:30:04 AM: createControls Started
4/7/2017 11:30:04 AM: createControls Loaded all Textbox dynamically
4/7/2017 11:30:04 AM: createControls Loaded all Textbox dynamically
4/7/2017 11:30:04 AM: createControls Loaded all Textbox dynamically
4/7/2017 11:30:04 AM: createControls Loaded all Textbox dynamically
4/7/2017 11:30:05 AM: createControls Loaded all Textbox dynamically
4/7/2017 11:30:05 AM: createControls Loaded all Textbox dynamically
4/7/2017 11:30:05 AM: createControls Loaded all Textbox dynamically
4/7/2017 11:30:05 AM: createControls Loaded all Textbox dynamically
4/7/2017 11:30:05 AM: createControls Finished
4/7/2017 11:30:05 AM: GetTemplateDetails started
4/7/2017 11:30:05 AM: generatecontrols Started
4/7/2017 11:30:05 AM: GenerateControls:Loaded all Textbox dynamically
4/7/2017 11:30:05 AM: GenerateControls:Loaded all Textbox dynamically
4/7/2017 11:30:05 AM: GenerateControls:Loaded all Textbox dynamically
4/7/2017 11:30:05 AM: GenerateControls:Loaded all Textbox dynamically
4/7/2017 11:30:05 AM: GenerateControls:Loaded all Textbox dynamically
4/7/2017 11:30:05 AM: GenerateControls:Loaded all Textbox dynamically
4/7/2017 11:30:05 AM: GenerateControls:Loaded all Textbox dynamically
4/7/2017 11:30:05 AM: GenerateControls:Loaded all Textbox dynamically
4/7/2017 11:30:11 AM: createControls Started
4/7/2017 11:30:11 AM: createControls Loaded all Textbox dynamically
4/7/2017 11:30:11 AM: createControls Loaded all Textbox dynamically
4/7/2017 11:30:11 AM: createControls Finished
4/7/2017 11:30:11 AM: GetTemplateDetails started
4/7/2017 11:30:11 AM: generatecontrols Started
4/7/2017 11:30:11 AM: GenerateControls:Loaded all Textbox dynamically
4/7/2017 11:30:11 AM: GenerateControls:Loaded all Textbox dynamically
4/7/2017 11:34:53 AM: GetSginatureDetails Started:-
4/7/2017 11:34:53 AM: GetSginatureDetails Completed:-
4/7/2017 11:34:53 AM: GetTemplateDetails Started
4/7/2017 11:34:53 AM: GetTemplateDetails total record count:1
4/7/2017 11:34:53 AM: Create controls,Load all Textbox dynamic
4/7/2017 11:34:53 AM: Create controls,Load all Textbox dynamic
4/7/2017 11:34:53 AM: GetTemplateDetails Finished
4/7/2017 11:34:53 AM: InitializeDocumentView started
4/7/2017 11:34:53 AM: InitializeDocumentView finished
4/7/2017 11:34:53 AM: Calling database to get annotated images. DocumentId: 1299, Action: GetAnnotatedPages
4/7/2017 11:34:53 AM: Calling database to get annotated images. DocumentId: 1299, Action: GetTaggedPages
4/7/2017 11:34:53 AM: LoadImageToViewer started
4/7/2017 11:34:53 AM: Setting image to viewer. Action:  Page count: 6 Current Page:1
4/7/2017 11:34:53 AM: Converting PDF to JPEG. PDF Path: D:\WDMSDocument\TempWorkFolder\Tk9fRVhfNTEwXzI1MF8xMDAx\1.pdf Image Name: Tk9fRVhfNTEwXzI1MF8xMDAx Page No: 1
4/7/2017 11:34:53 AM: Converting PDF to JPEG without applying watermark.
4/7/2017 11:34:53 AM: Setting image to viewer using RegisterStartupScript: http://localhost:55361/generichandler.ashx?f=d://wdmsdocument//tempworkfolder//tk9frvhfntewxzi1mf8xmdaxjpg//1.jpeg
4/7/2017 11:34:53 AM: Invoke method to get annotations from databnase.
4/7/2017 11:34:53 AM: Get annotations from database.
4/7/2017 11:34:53 AM: Document Id: 1299 Page No: 1
4/7/2017 11:34:53 AM: Invoking method to get annotation data from database. Action: GetAnnotations
4/7/2017 11:34:53 AM: MailPanelFill started
4/7/2017 11:34:53 AM: MailPanelFill finished
4/7/2017 11:35:03 AM: BindDocumentType started
4/7/2017 11:35:03 AM: BindDocumentType finished
4/7/2017 11:35:07 AM: createControls Started
4/7/2017 11:35:07 AM: createControls Loaded all Textbox dynamically
4/7/2017 11:35:07 AM: createControls Loaded all Textbox dynamically
4/7/2017 11:35:07 AM: createControls Finished
4/7/2017 11:35:07 AM: GetTemplateDetails started
4/7/2017 11:35:07 AM: generatecontrols Started
4/7/2017 11:35:07 AM: GenerateControls:Loaded all Textbox dynamically
4/7/2017 11:35:07 AM: GenerateControls:Loaded all Textbox dynamically
4/7/2017 11:39:53 AM: GetSginatureDetails Started:-
4/7/2017 11:39:53 AM: GetSginatureDetails Completed:-
4/7/2017 11:39:53 AM: GetTemplateDetails Started
4/7/2017 11:39:53 AM: GetTemplateDetails total record count:1
4/7/2017 11:39:53 AM: Create controls,Load all Textbox dynamic
4/7/2017 11:39:53 AM: Create controls,Load all Textbox dynamic
4/7/2017 11:39:53 AM: GetTemplateDetails Finished
4/7/2017 11:39:53 AM: InitializeDocumentView started
4/7/2017 11:39:53 AM: InitializeDocumentView finished
4/7/2017 11:39:53 AM: Calling database to get annotated images. DocumentId: 1299, Action: GetAnnotatedPages
4/7/2017 11:39:53 AM: Calling database to get annotated images. DocumentId: 1299, Action: GetTaggedPages
4/7/2017 11:39:53 AM: LoadImageToViewer started
4/7/2017 11:39:53 AM: Setting image to viewer. Action:  Page count: 6 Current Page:1
4/7/2017 11:39:53 AM: Converting PDF to JPEG. PDF Path: D:\WDMSDocument\TempWorkFolder\Tk9fRVhfNTEwXzI1MF8xMDAx\1.pdf Image Name: Tk9fRVhfNTEwXzI1MF8xMDAx Page No: 1
4/7/2017 11:39:53 AM: Converting PDF to JPEG without applying watermark.
4/7/2017 11:39:53 AM: Setting image to viewer using RegisterStartupScript: http://localhost:55361/generichandler.ashx?f=d://wdmsdocument//tempworkfolder//tk9frvhfntewxzi1mf8xmdaxjpg//1.jpeg
4/7/2017 11:39:53 AM: Invoke method to get annotations from databnase.
4/7/2017 11:39:53 AM: Get annotations from database.
4/7/2017 11:39:53 AM: Document Id: 1299 Page No: 1
4/7/2017 11:39:53 AM: Invoking method to get annotation data from database. Action: GetAnnotations
4/7/2017 11:39:53 AM: MailPanelFill started
4/7/2017 11:39:53 AM: MailPanelFill finished
4/7/2017 11:40:11 AM: GetTemplateDetails Started
4/7/2017 11:40:11 AM: GetTemplateDetails total record count:1
4/7/2017 11:40:11 AM: Create controls,Load all Textbox dynamic
4/7/2017 11:40:11 AM: Create controls,Load all Textbox dynamic
4/7/2017 11:40:11 AM: GetTemplateDetails Finished
4/7/2017 11:40:43 AM: GetTemplateDetails Started
4/7/2017 11:40:43 AM: GetTemplateDetails total record count:1
4/7/2017 11:40:43 AM: Create controls,Load all Textbox dynamic
4/7/2017 11:40:43 AM: Create controls,Load all Textbox dynamic
4/7/2017 11:40:43 AM: GetTemplateDetails Finished
4/7/2017 11:40:44 AM: getAvailablePages Started
4/7/2017 11:40:44 AM: getAvailablePages Finished
4/7/2017 11:40:44 AM: getAvailablePages Started
4/7/2017 11:40:44 AM: getAvailablePages Finished
4/7/2017 11:40:44 AM: LoadImageToViewer started
4/7/2017 11:40:44 AM: Setting image to viewer. Action:  Page count: 6 Current Page:1
4/7/2017 11:40:44 AM: Converting PDF to JPEG. PDF Path: D:\WDMSDocument\TempWorkFolder\Tk9fRVhfNTEwXzI1MF8xMDAx\1.pdf Image Name: Tk9fRVhfNTEwXzI1MF8xMDAx Page No: 1
4/7/2017 11:40:44 AM: Converting PDF to JPEG without applying watermark.
4/7/2017 11:40:44 AM: Setting image to viewer using RegisterStartupScript: http://localhost:55361/generichandler.ashx?f=d://wdmsdocument//tempworkfolder//tk9frvhfntewxzi1mf8xmdaxjpg//1.jpeg
4/7/2017 11:40:44 AM: Invoke method to get annotations from databnase.
4/7/2017 11:40:44 AM: Get annotations from database.
4/7/2017 11:40:44 AM: Document Id: 1299 Page No: 1
4/7/2017 11:40:44 AM: Invoking method to get annotation data from database. Action: GetAnnotations
4/7/2017 11:40:47 AM: GetTemplateDetails Started
4/7/2017 11:40:47 AM: GetTemplateDetails total record count:1
4/7/2017 11:40:47 AM: Create controls,Load all Textbox dynamic
4/7/2017 11:40:47 AM: Create controls,Load all Textbox dynamic
4/7/2017 11:40:47 AM: GetTemplateDetails Finished
4/7/2017 11:40:47 AM: getAvailablePages Started
4/7/2017 11:40:47 AM: getAvailablePages Finished
4/7/2017 11:40:47 AM: getAvailablePages Started
4/7/2017 11:40:47 AM: getAvailablePages Finished
4/7/2017 11:40:47 AM: LoadImageToViewer started
4/7/2017 11:40:47 AM: Setting image to viewer. Action:  Page count: 6 Current Page:1
4/7/2017 11:40:47 AM: Converting PDF to JPEG. PDF Path: D:\WDMSDocument\TempWorkFolder\Tk9fRVhfNTEwXzI1MF8xMDAx\1.pdf Image Name: Tk9fRVhfNTEwXzI1MF8xMDAx Page No: 1
4/7/2017 11:40:47 AM: Converting PDF to JPEG without applying watermark.
4/7/2017 11:40:47 AM: Setting image to viewer using RegisterStartupScript: http://localhost:55361/generichandler.ashx?f=d://wdmsdocument//tempworkfolder//tk9frvhfntewxzi1mf8xmdaxjpg//1.jpeg
4/7/2017 11:40:47 AM: Invoke method to get annotations from databnase.
4/7/2017 11:40:47 AM: Get annotations from database.
4/7/2017 11:40:47 AM: Document Id: 1299 Page No: 1
4/7/2017 11:40:47 AM: Invoking method to get annotation data from database. Action: GetAnnotations
4/7/2017 11:40:48 AM: GetTemplateDetails Started
4/7/2017 11:40:48 AM: GetTemplateDetails total record count:1
4/7/2017 11:40:48 AM: Create controls,Load all Textbox dynamic
4/7/2017 11:40:48 AM: Create controls,Load all Textbox dynamic
4/7/2017 11:40:48 AM: GetTemplateDetails Finished
4/7/2017 11:40:55 AM: GetTemplateDetails Started
4/7/2017 11:40:55 AM: GetTemplateDetails total record count:1
4/7/2017 11:40:55 AM: Create controls,Load all Textbox dynamic
4/7/2017 11:40:55 AM: Create controls,Load all Textbox dynamic
4/7/2017 11:40:55 AM: GetTemplateDetails Finished
4/7/2017 11:40:55 AM: btnSaveTag_Click started
4/7/2017 11:40:55 AM: getAvailablePages Started
4/7/2017 11:40:55 AM: getAvailablePages Finished
4/7/2017 11:40:55 AM: Calling database to get annotated images. DocumentId: 1299, Action: GetTaggedPages
4/7/2017 11:40:55 AM: btnSaveTag_Click finished
4/7/2017 11:42:12 AM: LoadGrid strated
4/7/2017 11:42:12 AM: LoadGrid compelted
4/7/2017 11:42:17 AM: GetSginatureDetails Started:-
4/7/2017 11:42:17 AM: GetSginatureDetails Completed:-
4/7/2017 11:42:17 AM: GetTemplateDetails Started
4/7/2017 11:42:17 AM: GetTemplateDetails total record count:1
4/7/2017 11:42:17 AM: Create controls,Load all Textbox dynamic
4/7/2017 11:42:17 AM: Create controls,Load all Textbox dynamic
4/7/2017 11:42:17 AM: GetTemplateDetails Finished
4/7/2017 11:42:17 AM: InitializeDocumentView started
4/7/2017 11:42:17 AM: InitializeDocumentView finished
4/7/2017 11:42:17 AM: Calling database to get annotated images. DocumentId: 1299, Action: GetAnnotatedPages
4/7/2017 11:42:17 AM: Calling database to get annotated images. DocumentId: 1299, Action: GetTaggedPages
4/7/2017 11:42:18 AM: LoadImageToViewer started
4/7/2017 11:42:18 AM: Setting image to viewer. Action:  Page count: 6 Current Page:1
4/7/2017 11:42:18 AM: Converting PDF to JPEG. PDF Path: D:\WDMSDocument\TempWorkFolder\Tk9fRVhfNTEwXzI1MF8xMDAx\1.pdf Image Name: Tk9fRVhfNTEwXzI1MF8xMDAx Page No: 1
4/7/2017 11:42:18 AM: Converting PDF to JPEG without applying watermark.
4/7/2017 11:42:18 AM: Setting image to viewer using RegisterStartupScript: http://localhost:55361/generichandler.ashx?f=d://wdmsdocument//tempworkfolder//tk9frvhfntewxzi1mf8xmdaxjpg//1.jpeg
4/7/2017 11:42:18 AM: Invoke method to get annotations from databnase.
4/7/2017 11:42:18 AM: Get annotations from database.
4/7/2017 11:42:18 AM: Document Id: 1299 Page No: 1
4/7/2017 11:42:18 AM: Invoking method to get annotation data from database. Action: GetAnnotations
4/7/2017 11:42:18 AM: MailPanelFill started
4/7/2017 11:42:18 AM: MailPanelFill finished
4/7/2017 11:42:36 AM: GetTemplateDetails Started
4/7/2017 11:42:36 AM: GetTemplateDetails total record count:1
4/7/2017 11:42:36 AM: Create controls,Load all Textbox dynamic
4/7/2017 11:42:36 AM: Create controls,Load all Textbox dynamic
4/7/2017 11:42:36 AM: GetTemplateDetails Finished
4/7/2017 11:42:36 AM: GetTemplateDetails Started
4/7/2017 11:42:36 AM: GetTemplateDetails total record count:1
4/7/2017 11:42:36 AM: Create controls,Load all Textbox dynamic
4/7/2017 11:42:36 AM: Create controls,Load all Textbox dynamic
4/7/2017 11:42:36 AM: GetTemplateDetails Finished
4/7/2017 11:42:36 AM: LoadImageToViewer started
4/7/2017 11:42:36 AM: Setting image to viewer. Action:  Page count: 6 Current Page:1
4/7/2017 11:42:36 AM: Converting PDF to JPEG. PDF Path: D:\WDMSDocument\TempWorkFolder\Tk9fRVhfNTEwXzI1MF8xMDAx\1.pdf Image Name: Tk9fRVhfNTEwXzI1MF8xMDAx Page No: 1
4/7/2017 11:42:36 AM: Converting PDF to JPEG without applying watermark.
4/7/2017 11:42:36 AM: Setting image to viewer using RegisterStartupScript: http://localhost:55361/generichandler.ashx?f=d://wdmsdocument//tempworkfolder//tk9frvhfntewxzi1mf8xmdaxjpg//1.jpeg
4/7/2017 11:42:36 AM: Invoke method to get annotations from databnase.
4/7/2017 11:42:36 AM: Get annotations from database.
4/7/2017 11:42:36 AM: Document Id: 1299 Page No: 1
4/7/2017 11:42:36 AM: Invoking method to get annotation data from database. Action: GetAnnotations
4/7/2017 11:42:36 AM: btnLock_Click started
4/7/2017 11:42:36 AM: LoadImageToViewer started
4/7/2017 11:42:36 AM: Setting image to viewer. Action:  Page count: 6 Current Page:1
4/7/2017 11:42:36 AM: Converting PDF to JPEG. PDF Path: D:\WDMSDocument\TempWorkFolder\Tk9fRVhfNTEwXzI1MF8xMDAx\1.pdf Image Name: Tk9fRVhfNTEwXzI1MF8xMDAx Page No: 1
4/7/2017 11:42:36 AM: Converting PDF to JPEG without applying watermark.
4/7/2017 11:42:36 AM: Setting image to viewer using RegisterStartupScript: http://localhost:55361/generichandler.ashx?f=d://wdmsdocument//tempworkfolder//tk9frvhfntewxzi1mf8xmdaxjpg//1.jpeg
4/7/2017 11:42:36 AM: Invoke method to get annotations from databnase.
4/7/2017 11:42:36 AM: Get annotations from database.
4/7/2017 11:42:36 AM: Document Id: 1299 Page No: 1
4/7/2017 11:42:36 AM: Invoking method to get annotation data from database. Action: GetAnnotations
4/7/2017 11:42:36 AM: btnLock_Click finished
4/7/2017 11:46:05 AM: GetTemplateDetails Started
4/7/2017 11:46:05 AM: GetTemplateDetails total record count:1
4/7/2017 11:46:05 AM: Create controls,Load all Textbox dynamic
4/7/2017 11:46:05 AM: Create controls,Load all Textbox dynamic
4/7/2017 11:46:05 AM: GetTemplateDetails Finished
4/7/2017 11:46:05 AM: GetTemplateDetails Started
4/7/2017 11:46:05 AM: GetTemplateDetails total record count:1
4/7/2017 11:46:05 AM: Create controls,Load all Textbox dynamic
4/7/2017 11:46:05 AM: Create controls,Load all Textbox dynamic
4/7/2017 11:46:05 AM: GetTemplateDetails Finished
4/7/2017 11:46:05 AM: LoadImageToViewer started
4/7/2017 11:46:05 AM: Setting image to viewer. Action:  Page count: 6 Current Page:1
4/7/2017 11:46:05 AM: Converting PDF to JPEG. PDF Path: D:\WDMSDocument\TempWorkFolder\Tk9fRVhfNTEwXzI1MF8xMDAx\1.pdf Image Name: Tk9fRVhfNTEwXzI1MF8xMDAx Page No: 1
4/7/2017 11:46:05 AM: Converting PDF to JPEG without applying watermark.
4/7/2017 11:46:05 AM: Setting image to viewer using RegisterStartupScript: http://localhost:55361/generichandler.ashx?f=d://wdmsdocument//tempworkfolder//tk9frvhfntewxzi1mf8xmdaxjpg//1.jpeg
4/7/2017 11:46:05 AM: Invoke method to get annotations from databnase.
4/7/2017 11:46:05 AM: Get annotations from database.
4/7/2017 11:46:05 AM: Document Id: 1299 Page No: 1
4/7/2017 11:46:05 AM: Invoking method to get annotation data from database. Action: GetAnnotations
4/7/2017 11:46:05 AM: btnLock_Click started
4/7/2017 11:46:05 AM: LoadImageToViewer started
4/7/2017 11:46:05 AM: Setting image to viewer. Action:  Page count: 6 Current Page:1
4/7/2017 11:46:05 AM: Converting PDF to JPEG. PDF Path: D:\WDMSDocument\TempWorkFolder\Tk9fRVhfNTEwXzI1MF8xMDAx\1.pdf Image Name: Tk9fRVhfNTEwXzI1MF8xMDAx Page No: 1
4/7/2017 11:46:05 AM: Converting PDF to JPEG without applying watermark.
4/7/2017 11:46:05 AM: Setting image to viewer using RegisterStartupScript: http://localhost:55361/generichandler.ashx?f=d://wdmsdocument//tempworkfolder//tk9frvhfntewxzi1mf8xmdaxjpg//1.jpeg
4/7/2017 11:46:05 AM: Invoke method to get annotations from databnase.
4/7/2017 11:46:05 AM: Get annotations from database.
4/7/2017 11:46:05 AM: Document Id: 1299 Page No: 1
4/7/2017 11:46:05 AM: Invoking method to get annotation data from database. Action: GetAnnotations
4/7/2017 11:46:05 AM: btnLock_Click finished
4/7/2017 11:46:22 AM: GetTemplateDetails Started
4/7/2017 11:46:22 AM: GetTemplateDetails total record count:1
4/7/2017 11:46:22 AM: Create controls,Load all Textbox dynamic
4/7/2017 11:46:22 AM: Create controls,Load all Textbox dynamic
4/7/2017 11:46:22 AM: GetTemplateDetails Finished
4/7/2017 11:46:22 AM: GetTemplateDetails Started
4/7/2017 11:46:22 AM: GetTemplateDetails total record count:1
4/7/2017 11:46:22 AM: Create controls,Load all Textbox dynamic
4/7/2017 11:46:22 AM: Create controls,Load all Textbox dynamic
4/7/2017 11:46:22 AM: GetTemplateDetails Finished
4/7/2017 11:46:22 AM: LoadImageToViewer started
4/7/2017 11:46:22 AM: Setting image to viewer. Action:  Page count: 6 Current Page:1
4/7/2017 11:46:22 AM: Converting PDF to JPEG. PDF Path: D:\WDMSDocument\TempWorkFolder\Tk9fRVhfNTEwXzI1MF8xMDAx\1.pdf Image Name: Tk9fRVhfNTEwXzI1MF8xMDAx Page No: 1
4/7/2017 11:46:22 AM: Converting PDF to JPEG without applying watermark.
4/7/2017 11:46:22 AM: Setting image to viewer using RegisterStartupScript: http://localhost:55361/generichandler.ashx?f=d://wdmsdocument//tempworkfolder//tk9frvhfntewxzi1mf8xmdaxjpg//1.jpeg
4/7/2017 11:46:22 AM: Invoke method to get annotations from databnase.
4/7/2017 11:46:22 AM: Get annotations from database.
4/7/2017 11:46:22 AM: Document Id: 1299 Page No: 1
4/7/2017 11:46:22 AM: Invoking method to get annotation data from database. Action: GetAnnotations
4/7/2017 11:46:22 AM: btnLock_Click started
4/7/2017 11:46:22 AM: LoadImageToViewer started
4/7/2017 11:46:22 AM: Setting image to viewer. Action:  Page count: 6 Current Page:1
4/7/2017 11:46:22 AM: Converting PDF to JPEG. PDF Path: D:\WDMSDocument\TempWorkFolder\Tk9fRVhfNTEwXzI1MF8xMDAx\1.pdf Image Name: Tk9fRVhfNTEwXzI1MF8xMDAx Page No: 1
4/7/2017 11:46:22 AM: Converting PDF to JPEG without applying watermark.
4/7/2017 11:46:22 AM: Setting image to viewer using RegisterStartupScript: http://localhost:55361/generichandler.ashx?f=d://wdmsdocument//tempworkfolder//tk9frvhfntewxzi1mf8xmdaxjpg//1.jpeg
4/7/2017 11:46:22 AM: Invoke method to get annotations from databnase.
4/7/2017 11:46:22 AM: Get annotations from database.
4/7/2017 11:46:22 AM: Document Id: 1299 Page No: 1
4/7/2017 11:46:22 AM: Invoking method to get annotation data from database. Action: GetAnnotations
4/7/2017 11:46:22 AM: btnLock_Click finished
4/7/2017 11:51:25 AM: BindDocumentType started
4/7/2017 11:51:25 AM: BindDocumentType finished
4/7/2017 11:51:29 AM: createControls Started
4/7/2017 11:51:29 AM: createControls Loaded all Textbox dynamically
4/7/2017 11:51:29 AM: createControls Loaded all Textbox dynamically
4/7/2017 11:51:29 AM: createControls Finished
4/7/2017 11:51:29 AM: GetTemplateDetails started
4/7/2017 11:51:29 AM: generatecontrols Started
4/7/2017 11:51:29 AM: GenerateControls:Loaded all Textbox dynamically
4/7/2017 11:51:29 AM: GenerateControls:Loaded all Textbox dynamically
4/7/2017 11:54:02 AM: BindDocumentType started
4/7/2017 11:54:02 AM: BindDocumentType finished
4/7/2017 11:54:06 AM: createControls Started
4/7/2017 11:54:06 AM: createControls Loaded all Textbox dynamically
4/7/2017 11:54:06 AM: createControls Loaded all Textbox dynamically
4/7/2017 11:54:06 AM: createControls Finished
4/7/2017 11:54:06 AM: GetTemplateDetails started
4/7/2017 11:54:06 AM: generatecontrols Started
4/7/2017 11:54:06 AM: GenerateControls:Loaded all Textbox dynamically
4/7/2017 11:54:06 AM: GenerateControls:Loaded all Textbox dynamically
4/7/2017 11:54:07 AM: createControls Started
4/7/2017 11:54:07 AM: createControls Loaded all Textbox dynamically
4/7/2017 11:54:07 AM: createControls Loaded all Textbox dynamically
4/7/2017 11:54:07 AM: createControls Finished
4/7/2017 11:54:26 AM: createControls Started
4/7/2017 11:54:26 AM: createControls Loaded all Textbox dynamically
4/7/2017 11:54:26 AM: createControls Loaded all Textbox dynamically
4/7/2017 11:54:26 AM: createControls Finished
4/7/2017 11:54:53 AM: BindDocumentType started
4/7/2017 11:54:53 AM: BindDocumentType finished
4/7/2017 11:54:57 AM: createControls Started
4/7/2017 11:54:57 AM: createControls Loaded all Textbox dynamically
4/7/2017 11:54:57 AM: createControls Loaded all Textbox dynamically
4/7/2017 11:54:57 AM: createControls Finished
4/7/2017 11:54:57 AM: GetTemplateDetails started
4/7/2017 11:54:57 AM: generatecontrols Started
4/7/2017 11:54:57 AM: GenerateControls:Loaded all Textbox dynamically
4/7/2017 11:54:57 AM: GenerateControls:Loaded all Textbox dynamically
4/7/2017 12:03:30 PM: BindDocumentType started
4/7/2017 12:03:30 PM: BindDocumentType finished
4/7/2017 12:15:24 PM: createControls Started
4/7/2017 12:15:24 PM: createControls Loaded all Textbox dynamically
4/7/2017 12:15:24 PM: createControls Loaded all Textbox dynamically
4/7/2017 12:15:24 PM: createControls Finished
4/7/2017 12:15:24 PM: GetTemplateDetails started
4/7/2017 12:15:24 PM: generatecontrols Started
4/7/2017 12:15:24 PM: GenerateControls:Loaded all Textbox dynamically
4/7/2017 12:15:24 PM: GenerateControls:Loaded all Textbox dynamically
4/7/2017 12:15:27 PM: GetSginatureDetails Started:-
4/7/2017 12:15:27 PM: GetSginatureDetails Completed:-
4/7/2017 12:15:27 PM: GetTemplateDetails Started
4/7/2017 12:15:27 PM: GetTemplateDetails total record count:1
4/7/2017 12:15:27 PM: Create controls,Load all Textbox dynamic
4/7/2017 12:15:27 PM: Create controls,Load all Textbox dynamic
4/7/2017 12:15:27 PM: GetTemplateDetails Finished
4/7/2017 12:15:27 PM: InitializeDocumentView started
4/7/2017 12:15:27 PM: InitializeDocumentView finished
4/7/2017 12:15:27 PM: Calling database to get annotated images. DocumentId: 1299, Action: GetAnnotatedPages
4/7/2017 12:15:27 PM: Calling database to get annotated images. DocumentId: 1299, Action: GetTaggedPages
4/7/2017 12:15:27 PM: LoadImageToViewer started
4/7/2017 12:15:27 PM: Setting image to viewer. Action:  Page count: 6 Current Page:1
4/7/2017 12:15:27 PM: Converting PDF to JPEG. PDF Path: D:\WDMSDocument\TempWorkFolder\Tk9fRVhfNTEwXzI1MF8xMDAx\1.pdf Image Name: Tk9fRVhfNTEwXzI1MF8xMDAx Page No: 1
4/7/2017 12:15:27 PM: Converting PDF to JPEG without applying watermark.
4/7/2017 12:15:28 PM: Setting image to viewer using RegisterStartupScript: http://localhost:55361/generichandler.ashx?f=d://wdmsdocument//tempworkfolder//tk9frvhfntewxzi1mf8xmdaxjpg//1.jpeg
4/7/2017 12:15:28 PM: Invoke method to get annotations from databnase.
4/7/2017 12:15:28 PM: Get annotations from database.
4/7/2017 12:15:28 PM: Document Id: 1299 Page No: 1
4/7/2017 12:15:28 PM: Invoking method to get annotation data from database. Action: GetAnnotations
4/7/2017 12:15:28 PM: MailPanelFill started
4/7/2017 12:15:28 PM: MailPanelFill finished
4/7/2017 1:56:08 PM: BindDocumentType started
4/7/2017 1:56:08 PM: BindDocumentType finished
4/7/2017 1:56:11 PM: createControls Started
4/7/2017 1:56:11 PM: createControls Loaded all Textbox dynamically
4/7/2017 1:56:11 PM: createControls Loaded all Textbox dynamically
4/7/2017 1:56:11 PM: createControls Finished
4/7/2017 1:56:11 PM: GetTemplateDetails started
4/7/2017 1:56:12 PM: generatecontrols Started
4/7/2017 1:56:12 PM: GenerateControls:Loaded all Textbox dynamically
4/7/2017 1:56:12 PM: GenerateControls:Loaded all Textbox dynamically
4/7/2017 1:56:13 PM: createControls Started
4/7/2017 1:56:13 PM: createControls Loaded all Textbox dynamically
4/7/2017 1:56:13 PM: createControls Loaded all Textbox dynamically
4/7/2017 1:56:13 PM: createControls Finished
