3/6/2017 2:47:06 PM: BindDocumentType started
3/6/2017 2:47:06 PM: BindDocumentType finished
3/6/2017 2:47:12 PM: createControls Started
3/6/2017 2:47:12 PM: createControls Loaded all Textbox dynamically
3/6/2017 2:47:12 PM: createControls Loaded all Textbox dynamically
3/6/2017 2:47:12 PM: createControls Loaded all Textbox dynamically
3/6/2017 2:47:12 PM: createControls Loaded all Textbox dynamically
3/6/2017 2:47:12 PM: createControls Loaded all Textbox dynamically
3/6/2017 2:47:12 PM: createControls Loaded all Textbox dynamically
3/6/2017 2:47:12 PM: createControls Loaded all Textbox dynamically
3/6/2017 2:47:12 PM: createControls Loaded all Textbox dynamically
3/6/2017 2:47:12 PM: createControls Finished
3/6/2017 2:47:12 PM: GetTemplateDetails started
3/6/2017 2:47:12 PM: generatecontrols Started
3/6/2017 2:47:12 PM: GenerateControls:Loaded all Textbox dynamically
3/6/2017 2:47:12 PM: GenerateControls:Loaded all Textbox dynamically
3/6/2017 2:47:12 PM: GenerateControls:Loaded all Textbox dynamically
3/6/2017 2:47:12 PM: GenerateControls:Loaded all Textbox dynamically
3/6/2017 2:47:12 PM: GenerateControls:Loaded all Textbox dynamically
3/6/2017 2:47:12 PM: GenerateControls:Loaded all Textbox dynamically
3/6/2017 2:47:12 PM: GenerateControls:Loaded all Textbox dynamically
3/6/2017 2:47:12 PM: GenerateControls:Loaded all Textbox dynamically
3/6/2017 2:47:42 PM: BindDocumentType started
3/6/2017 2:47:42 PM: BindDocumentType finished
3/6/2017 2:47:46 PM: createControls Started
3/6/2017 2:47:46 PM: createControls Loaded all Textbox dynamically
3/6/2017 2:47:46 PM: createControls Loaded all Textbox dynamically
3/6/2017 2:47:46 PM: createControls Loaded all Textbox dynamically
3/6/2017 2:47:46 PM: createControls Loaded all Textbox dynamically
3/6/2017 2:47:46 PM: createControls Loaded all Textbox dynamically
3/6/2017 2:47:46 PM: createControls Loaded all Textbox dynamically
3/6/2017 2:47:46 PM: createControls Loaded all Textbox dynamically
3/6/2017 2:47:46 PM: createControls Loaded all Textbox dynamically
3/6/2017 2:47:46 PM: createControls Finished
3/6/2017 2:47:46 PM: GetTemplateDetails started
3/6/2017 2:47:46 PM: generatecontrols Started
3/6/2017 2:47:46 PM: GenerateControls:Loaded all Textbox dynamically
3/6/2017 2:47:46 PM: GenerateControls:Loaded all Textbox dynamically
3/6/2017 2:47:46 PM: GenerateControls:Loaded all Textbox dynamically
3/6/2017 2:47:46 PM: GenerateControls:Loaded all Textbox dynamically
3/6/2017 2:47:46 PM: GenerateControls:Loaded all Textbox dynamically
3/6/2017 2:47:46 PM: GenerateControls:Loaded all Textbox dynamically
3/6/2017 2:47:46 PM: GenerateControls:Loaded all Textbox dynamically
3/6/2017 2:47:46 PM: GenerateControls:Loaded all Textbox dynamically
3/6/2017 2:48:23 PM: BindDocumentType started
3/6/2017 2:48:23 PM: BindDocumentType finished
3/6/2017 2:48:28 PM: createControls Started
3/6/2017 2:48:28 PM: createControls Loaded all Textbox dynamically
3/6/2017 2:48:28 PM: createControls Loaded all Textbox dynamically
3/6/2017 2:48:28 PM: createControls Loaded all Textbox dynamically
3/6/2017 2:48:28 PM: createControls Loaded all Textbox dynamically
3/6/2017 2:48:28 PM: createControls Finished
3/6/2017 2:48:28 PM: GetTemplateDetails started
3/6/2017 2:48:28 PM: generatecontrols Started
3/6/2017 2:48:28 PM: GenerateControls:Loaded all Textbox dynamically
3/6/2017 2:48:28 PM: GenerateControls:Loaded all Textbox dynamically
3/6/2017 2:48:28 PM: GenerateControls:Loaded all Textbox dynamically
3/6/2017 2:48:28 PM: GenerateControls:Loaded all Textbox dynamically
3/6/2017 2:48:38 PM: createControls Started
3/6/2017 2:48:38 PM: createControls Loaded all Textbox dynamically
3/6/2017 2:48:38 PM: createControls Loaded all Textbox dynamically
3/6/2017 2:48:38 PM: createControls Loaded all Textbox dynamically
3/6/2017 2:48:38 PM: createControls Loaded all Textbox dynamically
3/6/2017 2:48:38 PM: createControls Finished
3/6/2017 2:52:42 PM: BindDocumentType started
3/6/2017 2:52:42 PM: BindDocumentType finished
3/6/2017 2:52:46 PM: createControls Started
3/6/2017 2:52:46 PM: createControls Loaded all Textbox dynamically
3/6/2017 2:52:46 PM: createControls Loaded all Textbox dynamically
3/6/2017 2:52:46 PM: createControls Loaded all Textbox dynamically
3/6/2017 2:52:46 PM: createControls Loaded all Textbox dynamically
3/6/2017 2:52:46 PM: createControls Loaded all Textbox dynamically
3/6/2017 2:52:46 PM: createControls Loaded all Textbox dynamically
3/6/2017 2:52:46 PM: createControls Loaded all Textbox dynamically
3/6/2017 2:52:46 PM: createControls Loaded all Textbox dynamically
3/6/2017 2:52:46 PM: createControls Finished
3/6/2017 2:52:46 PM: GetTemplateDetails started
3/6/2017 2:52:46 PM: generatecontrols Started
3/6/2017 2:52:46 PM: GenerateControls:Loaded all Textbox dynamically
3/6/2017 2:52:46 PM: GenerateControls:Loaded all Textbox dynamically
3/6/2017 2:52:46 PM: GenerateControls:Loaded all Textbox dynamically
3/6/2017 2:52:46 PM: GenerateControls:Loaded all Textbox dynamically
3/6/2017 2:52:46 PM: GenerateControls:Loaded all Textbox dynamically
3/6/2017 2:52:46 PM: GenerateControls:Loaded all Textbox dynamically
3/6/2017 2:52:46 PM: GenerateControls:Loaded all Textbox dynamically
3/6/2017 2:52:46 PM: GenerateControls:Loaded all Textbox dynamically
3/6/2017 2:53:18 PM: LoadGrid Started:-
3/6/2017 2:53:18 PM: FilterGridData Started:-
3/6/2017 2:53:18 PM: FilterGridData Completed:-
3/6/2017 2:53:19 PM: grdView_RowDataBound Started:-
3/6/2017 2:53:19 PM: grdView_RowDataBound Completed:-
3/6/2017 2:53:19 PM: LoadGrid Completed:-
3/6/2017 2:53:19 PM: ManageButtons Started:-
3/6/2017 2:53:19 PM: ManageButtons Completed:-
3/6/2017 2:53:22 PM: BindDocumentType started
3/6/2017 2:53:22 PM: BindDocumentType finished
3/6/2017 2:53:25 PM: createControls Started
3/6/2017 2:53:25 PM: createControls Loaded all Textbox dynamically
3/6/2017 2:53:25 PM: createControls Loaded all Textbox dynamically
3/6/2017 2:53:25 PM: createControls Loaded all Textbox dynamically
3/6/2017 2:53:25 PM: createControls Loaded all Textbox dynamically
3/6/2017 2:53:25 PM: createControls Loaded all Textbox dynamically
3/6/2017 2:53:25 PM: createControls Loaded all Textbox dynamically
3/6/2017 2:53:25 PM: createControls Loaded all Textbox dynamically
3/6/2017 2:53:25 PM: createControls Loaded all Textbox dynamically
3/6/2017 2:53:25 PM: createControls Finished
3/6/2017 2:53:25 PM: GetTemplateDetails started
3/6/2017 2:53:25 PM: generatecontrols Started
3/6/2017 2:53:25 PM: GenerateControls:Loaded all Textbox dynamically
3/6/2017 2:53:25 PM: GenerateControls:Loaded all Textbox dynamically
3/6/2017 2:53:25 PM: GenerateControls:Loaded all Textbox dynamically
3/6/2017 2:53:25 PM: GenerateControls:Loaded all Textbox dynamically
3/6/2017 2:53:25 PM: GenerateControls:Loaded all Textbox dynamically
3/6/2017 2:53:25 PM: GenerateControls:Loaded all Textbox dynamically
3/6/2017 2:53:25 PM: GenerateControls:Loaded all Textbox dynamically
3/6/2017 2:53:25 PM: GenerateControls:Loaded all Textbox dynamically
3/6/2017 2:53:30 PM: createControls Started
3/6/2017 2:53:30 PM: createControls Loaded all Textbox dynamically
3/6/2017 2:53:30 PM: createControls Loaded all Textbox dynamically
3/6/2017 2:53:30 PM: createControls Loaded all Textbox dynamically
3/6/2017 2:53:30 PM: createControls Loaded all Textbox dynamically
3/6/2017 2:53:30 PM: createControls Loaded all Textbox dynamically
3/6/2017 2:53:30 PM: createControls Loaded all Textbox dynamically
3/6/2017 2:53:30 PM: createControls Loaded all Textbox dynamically
3/6/2017 2:53:30 PM: createControls Loaded all Textbox dynamically
3/6/2017 2:53:30 PM: createControls Finished
3/6/2017 2:53:50 PM: createControls Started
3/6/2017 2:53:50 PM: createControls Finished
3/6/2017 2:53:52 PM: createControls Started
3/6/2017 2:53:52 PM: createControls Loaded all Textbox dynamically
3/6/2017 2:53:52 PM: createControls Loaded all Textbox dynamically
3/6/2017 2:53:52 PM: createControls Loaded all Textbox dynamically
3/6/2017 2:53:52 PM: createControls Loaded all Textbox dynamically
3/6/2017 2:53:52 PM: createControls Loaded all Textbox dynamically
3/6/2017 2:53:52 PM: createControls Loaded all Textbox dynamically
3/6/2017 2:53:52 PM: createControls Loaded all Textbox dynamically
3/6/2017 2:53:52 PM: createControls Finished
3/6/2017 2:53:52 PM: GetTemplateDetails started
3/6/2017 2:53:52 PM: generatecontrols Started
3/6/2017 2:53:52 PM: GenerateControls:Loaded all Textbox dynamically
3/6/2017 2:53:52 PM: GenerateControls:Loaded all Textbox dynamically
3/6/2017 2:53:52 PM: GenerateControls:Loaded all Textbox dynamically
3/6/2017 2:53:52 PM: GenerateControls:Loaded all Textbox dynamically
3/6/2017 2:53:52 PM: GenerateControls:Loaded all Textbox dynamically
3/6/2017 2:53:52 PM: GenerateControls:Loaded all Textbox dynamically
3/6/2017 2:53:52 PM: GenerateControls:Loaded all Textbox dynamically
3/6/2017 2:53:59 PM: createControls Started
3/6/2017 2:53:59 PM: createControls Finished
3/6/2017 2:54:00 PM: createControls Started
3/6/2017 2:54:00 PM: createControls Loaded all Textbox dynamically
3/6/2017 2:54:00 PM: createControls Loaded all Textbox dynamically
3/6/2017 2:54:00 PM: createControls Finished
3/6/2017 2:54:00 PM: GetTemplateDetails started
3/6/2017 2:54:00 PM: generatecontrols Started
3/6/2017 2:54:00 PM: GenerateControls:Loaded all Textbox dynamically
3/6/2017 2:54:00 PM: GenerateControls:Loaded all Textbox dynamically
3/6/2017 2:57:28 PM: createControls Started
3/6/2017 2:57:28 PM: createControls Finished
3/6/2017 2:57:30 PM: createControls Started
3/6/2017 2:57:30 PM: createControls Loaded all Textbox dynamically
3/6/2017 2:57:30 PM: createControls Loaded all Textbox dynamically
3/6/2017 2:57:30 PM: createControls Loaded all Textbox dynamically
3/6/2017 2:57:30 PM: createControls Loaded all Textbox dynamically
3/6/2017 2:57:30 PM: createControls Loaded all Textbox dynamically
3/6/2017 2:57:30 PM: createControls Loaded all Textbox dynamically
3/6/2017 2:57:30 PM: createControls Loaded all Textbox dynamically
3/6/2017 2:57:30 PM: createControls Finished
3/6/2017 2:57:30 PM: GetTemplateDetails started
3/6/2017 2:57:30 PM: generatecontrols Started
3/6/2017 2:57:30 PM: GenerateControls:Loaded all Textbox dynamically
3/6/2017 2:57:30 PM: GenerateControls:Loaded all Textbox dynamically
3/6/2017 2:57:30 PM: GenerateControls:Loaded all Textbox dynamically
3/6/2017 2:57:30 PM: GenerateControls:Loaded all Textbox dynamically
3/6/2017 2:57:30 PM: GenerateControls:Loaded all Textbox dynamically
3/6/2017 2:57:30 PM: GenerateControls:Loaded all Textbox dynamically
3/6/2017 2:57:30 PM: GenerateControls:Loaded all Textbox dynamically
3/6/2017 2:57:41 PM: createControls Started
3/6/2017 2:57:41 PM: createControls Finished
3/6/2017 2:57:43 PM: createControls Started
3/6/2017 2:57:43 PM: createControls Loaded all Textbox dynamically
3/6/2017 2:57:43 PM: createControls Loaded all Textbox dynamically
3/6/2017 2:57:43 PM: createControls Loaded all Textbox dynamically
3/6/2017 2:57:43 PM: createControls Loaded all Textbox dynamically
3/6/2017 2:57:43 PM: createControls Loaded all Textbox dynamically
3/6/2017 2:57:43 PM: createControls Loaded all Textbox dynamically
3/6/2017 2:57:43 PM: createControls Loaded all Textbox dynamically
3/6/2017 2:57:43 PM: createControls Loaded all Textbox dynamically
3/6/2017 2:57:43 PM: createControls Finished
3/6/2017 2:57:43 PM: GetTemplateDetails started
3/6/2017 2:57:43 PM: generatecontrols Started
3/6/2017 2:57:43 PM: GenerateControls:Loaded all Textbox dynamically
3/6/2017 2:57:43 PM: GenerateControls:Loaded all Textbox dynamically
3/6/2017 2:57:43 PM: GenerateControls:Loaded all Textbox dynamically
3/6/2017 2:57:43 PM: GenerateControls:Loaded all Textbox dynamically
3/6/2017 2:57:43 PM: GenerateControls:Loaded all Textbox dynamically
3/6/2017 2:57:43 PM: GenerateControls:Loaded all Textbox dynamically
3/6/2017 2:57:43 PM: GenerateControls:Loaded all Textbox dynamically
3/6/2017 2:57:43 PM: GenerateControls:Loaded all Textbox dynamically
3/6/2017 2:57:47 PM: createControls Started
3/6/2017 2:57:47 PM: createControls Loaded all Textbox dynamically
3/6/2017 2:57:47 PM: createControls Loaded all Textbox dynamically
3/6/2017 2:57:47 PM: createControls Finished
3/6/2017 2:57:47 PM: GetTemplateDetails started
3/6/2017 2:57:47 PM: generatecontrols Started
3/6/2017 2:57:47 PM: GenerateControls:Loaded all Textbox dynamically
3/6/2017 2:57:47 PM: GenerateControls:Loaded all Textbox dynamically
3/6/2017 3:41:15 PM: BindDocumentType started
3/6/2017 3:41:15 PM: BindDocumentType finished
3/6/2017 3:41:19 PM: createControls Started
3/6/2017 3:41:19 PM: createControls Loaded all Textbox dynamically
3/6/2017 3:41:19 PM: createControls Loaded all Textbox dynamically
3/6/2017 3:41:19 PM: createControls Finished
3/6/2017 3:41:19 PM: GetTemplateDetails started
3/6/2017 3:41:19 PM: generatecontrols Started
3/6/2017 3:41:19 PM: GenerateControls:Loaded all Textbox dynamically
3/6/2017 3:41:19 PM: GenerateControls:Loaded all Textbox dynamically
3/6/2017 3:44:55 PM: BindDocumentType started
3/6/2017 3:44:55 PM: BindDocumentType finished
3/6/2017 3:45:05 PM: createControls Started
3/6/2017 3:45:05 PM: createControls Loaded all Textbox dynamically
3/6/2017 3:45:05 PM: createControls Loaded all Textbox dynamically
3/6/2017 3:45:05 PM: createControls Finished
3/6/2017 3:45:05 PM: GetTemplateDetails started
3/6/2017 3:45:05 PM: generatecontrols Started
3/6/2017 3:45:05 PM: GenerateControls:Loaded all Textbox dynamically
3/6/2017 3:45:05 PM: GenerateControls:Loaded all Textbox dynamically
3/6/2017 3:45:31 PM: createControls Started
3/6/2017 3:45:45 PM: createControls Loaded all Textbox dynamically
3/6/2017 3:45:46 PM: createControls Loaded all Textbox dynamically
3/6/2017 3:45:46 PM: createControls Loaded all Textbox dynamically
3/6/2017 3:45:46 PM: createControls Loaded all Textbox dynamically
3/6/2017 3:45:53 PM: createControls Loaded all Textbox dynamically
3/6/2017 3:45:53 PM: createControls Loaded all Textbox dynamically
3/6/2017 3:45:54 PM: createControls Loaded all Textbox dynamically
3/6/2017 3:45:54 PM: createControls Loaded all Textbox dynamically
3/6/2017 3:45:55 PM: createControls Finished
3/6/2017 3:45:58 PM: GetTemplateDetails started
3/6/2017 3:45:59 PM: generatecontrols Started
3/6/2017 3:46:00 PM: GenerateControls:Loaded all Textbox dynamically
3/6/2017 3:46:01 PM: GenerateControls:Loaded all Textbox dynamically
3/6/2017 3:46:02 PM: GenerateControls:Loaded all Textbox dynamically
3/6/2017 3:46:04 PM: GenerateControls:Loaded all Textbox dynamically
3/6/2017 3:46:09 PM: GenerateControls:Loaded all Textbox dynamically
3/6/2017 3:46:09 PM: GenerateControls:Loaded all Textbox dynamically
3/6/2017 3:46:13 PM: GenerateControls:Loaded all Textbox dynamically
3/6/2017 3:46:13 PM: GenerateControls:Loaded all Textbox dynamically
3/6/2017 3:50:33 PM: BindDocumentType started
3/6/2017 3:50:33 PM: BindDocumentType finished
3/6/2017 3:50:40 PM: createControls Started
3/6/2017 3:50:40 PM: createControls Loaded all Textbox dynamically
3/6/2017 3:50:40 PM: createControls Loaded all Textbox dynamically
3/6/2017 3:50:40 PM: createControls Finished
3/6/2017 3:50:40 PM: GetTemplateDetails started
3/6/2017 3:50:40 PM: generatecontrols Started
3/6/2017 3:50:40 PM: GenerateControls:Loaded all Textbox dynamically
3/6/2017 3:50:40 PM: GenerateControls:Loaded all Textbox dynamically
3/6/2017 3:58:55 PM: BindDocumentType started
3/6/2017 3:58:55 PM: BindDocumentType finished
3/6/2017 3:58:59 PM: createControls Started
3/6/2017 3:58:59 PM: createControls Loaded all Textbox dynamically
3/6/2017 3:58:59 PM: createControls Loaded all Textbox dynamically
3/6/2017 3:58:59 PM: createControls Finished
3/6/2017 3:58:59 PM: GetTemplateDetails started
3/6/2017 3:58:59 PM: generatecontrols Started
3/6/2017 3:58:59 PM: GenerateControls:Loaded all Textbox dynamically
3/6/2017 3:58:59 PM: GenerateControls:Loaded all Textbox dynamically
3/6/2017 4:38:47 PM: BindDocumentType started
3/6/2017 4:38:47 PM: BindDocumentType finished
3/6/2017 4:38:51 PM: createControls Started
3/6/2017 4:38:51 PM: createControls Loaded all Textbox dynamically
3/6/2017 4:38:51 PM: createControls Loaded all Textbox dynamically
3/6/2017 4:38:51 PM: createControls Finished
3/6/2017 4:38:51 PM: GetTemplateDetails started
3/6/2017 4:38:51 PM: generatecontrols Started
3/6/2017 4:38:51 PM: GenerateControls:Loaded all Textbox dynamically
3/6/2017 4:38:51 PM: GenerateControls:Loaded all Textbox dynamically
3/6/2017 4:42:08 PM: BindDocumentType started
3/6/2017 4:42:08 PM: BindDocumentType finished
3/6/2017 4:42:11 PM: createControls Started
3/6/2017 4:42:11 PM: createControls Loaded all Textbox dynamically
3/6/2017 4:42:11 PM: createControls Loaded all Textbox dynamically
3/6/2017 4:42:11 PM: createControls Finished
3/6/2017 4:42:11 PM: GetTemplateDetails started
3/6/2017 4:42:11 PM: generatecontrols Started
3/6/2017 4:42:11 PM: GenerateControls:Loaded all Textbox dynamically
3/6/2017 4:42:11 PM: GenerateControls:Loaded all Textbox dynamically
3/6/2017 4:45:55 PM: BindDocumentType started
3/6/2017 4:45:55 PM: BindDocumentType finished
3/6/2017 4:45:59 PM: createControls Started
3/6/2017 4:45:59 PM: createControls Loaded all Textbox dynamically
3/6/2017 4:45:59 PM: createControls Loaded all Textbox dynamically
3/6/2017 4:45:59 PM: createControls Finished
3/6/2017 4:45:59 PM: GetTemplateDetails started
3/6/2017 4:45:59 PM: generatecontrols Started
3/6/2017 4:45:59 PM: GenerateControls:Loaded all Textbox dynamically
3/6/2017 4:45:59 PM: GenerateControls:Loaded all Textbox dynamically
3/6/2017 4:49:20 PM: BindDocumentType started
3/6/2017 4:49:20 PM: BindDocumentType finished
3/6/2017 4:49:24 PM: createControls Started
3/6/2017 4:49:24 PM: createControls Loaded all Textbox dynamically
3/6/2017 4:49:24 PM: createControls Loaded all Textbox dynamically
3/6/2017 4:49:24 PM: createControls Finished
3/6/2017 4:49:24 PM: GetTemplateDetails started
3/6/2017 4:49:24 PM: generatecontrols Started
3/6/2017 4:49:24 PM: GenerateControls:Loaded all Textbox dynamically
3/6/2017 4:49:24 PM: GenerateControls:Loaded all Textbox dynamically
