5/23/2017 11:18:38 AM: BindDocumentType started
5/23/2017 11:18:38 AM: BindDocumentType finished
5/23/2017 3:43:36 PM: BindDocumentType started
5/23/2017 3:43:36 PM: BindDocumentType finished
5/23/2017 3:45:51 PM: BindDocumentType started
5/23/2017 3:45:51 PM: BindDocumentType finished
5/23/2017 3:46:06 PM: createControls Started
5/23/2017 3:46:06 PM: createControls Loaded all Textbox dynamically
5/23/2017 3:46:06 PM: createControls Loaded all Textbox dynamically
5/23/2017 3:46:06 PM: createControls Finished
5/23/2017 3:46:06 PM: GetTemplateDetails started
5/23/2017 3:46:07 PM: generatecontrols Started
5/23/2017 3:46:07 PM: GenerateControls:Loaded all Textbox dynamically
5/23/2017 3:46:07 PM: GenerateControls:Loaded all Textbox dynamically
5/23/2017 3:46:41 PM: BindDocumentType started
5/23/2017 3:46:41 PM: BindDocumentType finished
5/23/2017 3:48:05 PM: createControls Started
5/23/2017 3:48:05 PM: createControls Loaded all Textbox dynamically
5/23/2017 3:48:05 PM: createControls Loaded all Textbox dynamically
5/23/2017 3:48:05 PM: createControls Finished
5/23/2017 3:48:05 PM: GetTemplateDetails started
5/23/2017 3:48:05 PM: generatecontrols Started
5/23/2017 3:48:05 PM: GenerateControls:Loaded all Textbox dynamically
5/23/2017 3:48:06 PM: GenerateControls:Loaded all Textbox dynamically
5/23/2017 3:50:24 PM: BindDocumentType started
5/23/2017 3:50:24 PM: BindDocumentType finished
5/23/2017 3:50:32 PM: createControls Started
5/23/2017 3:50:32 PM: createControls Loaded all Textbox dynamically
5/23/2017 3:50:32 PM: createControls Loaded all Textbox dynamically
5/23/2017 3:50:32 PM: createControls Finished
5/23/2017 3:50:32 PM: GetTemplateDetails started
5/23/2017 3:50:32 PM: generatecontrols Started
5/23/2017 3:50:32 PM: GenerateControls:Loaded all Textbox dynamically
5/23/2017 3:50:32 PM: GenerateControls:Loaded all Textbox dynamically
5/23/2017 3:51:36 PM: BindDocumentType started
5/23/2017 3:51:36 PM: BindDocumentType finished
5/23/2017 3:51:46 PM: createControls Started
5/23/2017 3:51:46 PM: createControls Loaded all Textbox dynamically
5/23/2017 3:51:46 PM: createControls Loaded all Textbox dynamically
5/23/2017 3:51:46 PM: createControls Finished
5/23/2017 3:51:46 PM: GetTemplateDetails started
5/23/2017 3:51:46 PM: generatecontrols Started
5/23/2017 3:51:46 PM: GenerateControls:Loaded all Textbox dynamically
5/23/2017 3:51:46 PM: GenerateControls:Loaded all Textbox dynamically
5/23/2017 3:52:01 PM: createControls Started
5/23/2017 3:52:01 PM: createControls Loaded all Textbox dynamically
5/23/2017 3:52:01 PM: createControls Loaded all Textbox dynamically
5/23/2017 3:52:01 PM: createControls Loaded all Textbox dynamically
5/23/2017 3:52:01 PM: createControls Loaded all Textbox dynamically
5/23/2017 3:52:01 PM: createControls Loaded all Textbox dynamically
5/23/2017 3:52:01 PM: createControls Loaded all Textbox dynamically
5/23/2017 3:52:01 PM: createControls Loaded all Textbox dynamically
5/23/2017 3:52:01 PM: createControls Loaded all Textbox dynamically
5/23/2017 3:52:01 PM: createControls Finished
5/23/2017 3:52:01 PM: GetTemplateDetails started
5/23/2017 3:52:01 PM: generatecontrols Started
5/23/2017 3:52:01 PM: GenerateControls:Loaded all Textbox dynamically
5/23/2017 3:52:01 PM: GenerateControls:Loaded all Textbox dynamically
5/23/2017 3:52:01 PM: GenerateControls:Loaded all Textbox dynamically
5/23/2017 3:52:01 PM: GenerateControls:Loaded all Textbox dynamically
5/23/2017 3:52:01 PM: GenerateControls:Loaded all Textbox dynamically
5/23/2017 3:52:01 PM: GenerateControls:Loaded all Textbox dynamically
5/23/2017 3:52:01 PM: GenerateControls:Loaded all Textbox dynamically
5/23/2017 3:52:01 PM: GenerateControls:Loaded all Textbox dynamically
5/23/2017 3:54:15 PM: BindDocumentType started
5/23/2017 3:54:15 PM: BindDocumentType finished
5/23/2017 3:58:45 PM: BindDocumentType started
5/23/2017 3:58:45 PM: BindDocumentType finished
5/23/2017 4:00:04 PM: BindDocumentType started
5/23/2017 4:00:04 PM: BindDocumentType finished
5/23/2017 4:01:04 PM: createControls Started
5/23/2017 4:01:04 PM: createControls Loaded all Textbox dynamically
5/23/2017 4:01:04 PM: createControls Loaded all Textbox dynamically
5/23/2017 4:01:04 PM: createControls Finished
5/23/2017 4:01:04 PM: GetTemplateDetails started
5/23/2017 4:01:04 PM: generatecontrols Started
5/23/2017 4:01:04 PM: GenerateControls:Loaded all Textbox dynamically
5/23/2017 4:01:04 PM: GenerateControls:Loaded all Textbox dynamically
5/23/2017 4:01:09 PM: createControls Started
5/23/2017 4:01:09 PM: createControls Loaded all Textbox dynamically
5/23/2017 4:01:09 PM: createControls Loaded all Textbox dynamically
5/23/2017 4:01:09 PM: createControls Finished
