4/18/2017 12:03:14 PM: BindDocumentType started
4/18/2017 12:03:14 PM: BindDocumentType finished
4/18/2017 12:05:11 PM: BindDocumentType started
4/18/2017 12:05:11 PM: BindDocumentType finished
4/18/2017 12:12:27 PM: BindDocumentType started
4/18/2017 12:12:27 PM: BindDocumentType finished
4/18/2017 12:14:01 PM: BindDocumentType started
4/18/2017 12:14:01 PM: BindDocumentType finished
4/18/2017 12:15:50 PM: createControls Started
4/18/2017 12:15:50 PM: createControls Loaded all Textbox dynamically
4/18/2017 12:15:50 PM: createControls Loaded all Textbox dynamically
4/18/2017 12:15:50 PM: createControls Finished
4/18/2017 12:15:50 PM: GetTemplateDetails started
4/18/2017 12:15:50 PM: generatecontrols Started
4/18/2017 12:15:50 PM: GenerateControls:Loaded all Textbox dynamically
4/18/2017 12:15:50 PM: GenerateControls:Loaded all Textbox dynamically
4/18/2017 12:15:53 PM: createControls Started
4/18/2017 12:15:53 PM: createControls Loaded all Textbox dynamically
4/18/2017 12:15:53 PM: createControls Loaded all Textbox dynamically
4/18/2017 12:15:53 PM: createControls Finished
4/18/2017 12:15:59 PM: createControls Started
4/18/2017 12:15:59 PM: createControls Loaded all Textbox dynamically
4/18/2017 12:15:59 PM: createControls Loaded all Textbox dynamically
4/18/2017 12:15:59 PM: createControls Finished
4/18/2017 12:20:56 PM: BindDocumentType started
4/18/2017 12:20:56 PM: BindDocumentType finished
4/18/2017 12:21:01 PM: createControls Started
4/18/2017 12:21:01 PM: createControls Loaded all Textbox dynamically
4/18/2017 12:21:01 PM: createControls Loaded all Textbox dynamically
4/18/2017 12:21:01 PM: createControls Finished
4/18/2017 12:21:01 PM: GetTemplateDetails started
4/18/2017 12:21:01 PM: generatecontrols Started
4/18/2017 12:21:01 PM: GenerateControls:Loaded all Textbox dynamically
4/18/2017 12:21:01 PM: GenerateControls:Loaded all Textbox dynamically
4/18/2017 12:21:02 PM: createControls Started
4/18/2017 12:21:02 PM: createControls Loaded all Textbox dynamically
4/18/2017 12:21:02 PM: createControls Loaded all Textbox dynamically
4/18/2017 12:21:02 PM: createControls Finished
4/18/2017 12:21:10 PM: createControls Started
4/18/2017 12:21:10 PM: createControls Loaded all Textbox dynamically
4/18/2017 12:21:10 PM: createControls Loaded all Textbox dynamically
4/18/2017 12:21:10 PM: createControls Finished
4/18/2017 12:32:00 PM: createControls Started
4/18/2017 12:32:00 PM: createControls Loaded all Textbox dynamically
4/18/2017 12:32:00 PM: createControls Loaded all Textbox dynamically
4/18/2017 12:32:00 PM: createControls Finished
4/18/2017 12:33:41 PM: BindDocumentType started
4/18/2017 12:33:41 PM: BindDocumentType finished
4/18/2017 12:33:44 PM: createControls Started
4/18/2017 12:33:44 PM: createControls Loaded all Textbox dynamically
4/18/2017 12:33:44 PM: createControls Loaded all Textbox dynamically
4/18/2017 12:33:44 PM: createControls Finished
4/18/2017 12:33:44 PM: GetTemplateDetails started
4/18/2017 12:33:44 PM: generatecontrols Started
4/18/2017 12:33:44 PM: GenerateControls:Loaded all Textbox dynamically
4/18/2017 12:33:44 PM: GenerateControls:Loaded all Textbox dynamically
4/18/2017 12:33:46 PM: createControls Started
4/18/2017 12:33:46 PM: createControls Loaded all Textbox dynamically
4/18/2017 12:33:46 PM: createControls Loaded all Textbox dynamically
4/18/2017 12:33:46 PM: createControls Finished
4/18/2017 12:33:51 PM: createControls Started
4/18/2017 12:33:51 PM: createControls Loaded all Textbox dynamically
4/18/2017 12:33:51 PM: createControls Loaded all Textbox dynamically
4/18/2017 12:33:51 PM: createControls Finished
4/18/2017 12:39:02 PM: BindDocumentType started
4/18/2017 12:39:02 PM: BindDocumentType finished
4/18/2017 12:39:05 PM: createControls Started
4/18/2017 12:39:05 PM: createControls Loaded all Textbox dynamically
4/18/2017 12:39:05 PM: createControls Loaded all Textbox dynamically
4/18/2017 12:39:05 PM: createControls Finished
4/18/2017 12:39:05 PM: GetTemplateDetails started
4/18/2017 12:39:05 PM: generatecontrols Started
4/18/2017 12:39:05 PM: GenerateControls:Loaded all Textbox dynamically
4/18/2017 12:39:05 PM: GenerateControls:Loaded all Textbox dynamically
4/18/2017 12:39:07 PM: createControls Started
4/18/2017 12:39:07 PM: createControls Loaded all Textbox dynamically
4/18/2017 12:39:07 PM: createControls Loaded all Textbox dynamically
4/18/2017 12:39:07 PM: createControls Finished
4/18/2017 12:39:15 PM: createControls Started
4/18/2017 12:39:15 PM: createControls Loaded all Textbox dynamically
4/18/2017 12:39:15 PM: createControls Loaded all Textbox dynamically
4/18/2017 12:39:15 PM: createControls Finished
4/18/2017 12:41:50 PM: BindDocumentType started
4/18/2017 12:41:50 PM: BindDocumentType finished
4/18/2017 12:42:16 PM: BindDocumentType started
4/18/2017 12:42:16 PM: BindDocumentType finished
4/18/2017 12:42:19 PM: BindDocumentType started
4/18/2017 12:42:19 PM: BindDocumentType finished
4/18/2017 12:42:56 PM: BindDocumentType started
4/18/2017 12:42:56 PM: BindDocumentType finished
4/18/2017 12:43:51 PM: BindDocumentType started
4/18/2017 12:43:51 PM: BindDocumentType finished
4/18/2017 12:44:17 PM: BindDocumentType started
4/18/2017 12:44:17 PM: BindDocumentType finished
4/18/2017 12:51:15 PM: BindDocumentType started
4/18/2017 12:51:15 PM: BindDocumentType finished
4/18/2017 12:53:47 PM: BindDocumentType started
4/18/2017 12:53:47 PM: BindDocumentType finished
4/18/2017 12:56:07 PM: BindDocumentType started
4/18/2017 12:56:07 PM: BindDocumentType finished
4/18/2017 12:57:31 PM: BindDocumentType started
4/18/2017 12:57:31 PM: BindDocumentType finished
4/18/2017 12:59:35 PM: BindDocumentType started
4/18/2017 12:59:35 PM: BindDocumentType finished
4/18/2017 1:03:59 PM: BindDocumentType started
4/18/2017 1:03:59 PM: BindDocumentType finished
4/18/2017 1:04:05 PM: createControls Started
4/18/2017 1:04:05 PM: createControls Loaded all Textbox dynamically
4/18/2017 1:04:05 PM: createControls Loaded all Textbox dynamically
4/18/2017 1:04:05 PM: createControls Finished
4/18/2017 1:04:05 PM: GetTemplateDetails started
4/18/2017 1:04:05 PM: generatecontrols Started
4/18/2017 1:04:05 PM: GenerateControls:Loaded all Textbox dynamically
4/18/2017 1:04:05 PM: GenerateControls:Loaded all Textbox dynamically
4/18/2017 1:04:06 PM: createControls Started
4/18/2017 1:04:06 PM: createControls Loaded all Textbox dynamically
4/18/2017 1:04:06 PM: createControls Loaded all Textbox dynamically
4/18/2017 1:04:06 PM: createControls Finished
4/18/2017 1:04:09 PM: createControls Started
4/18/2017 1:04:09 PM: createControls Loaded all Textbox dynamically
4/18/2017 1:04:09 PM: createControls Loaded all Textbox dynamically
4/18/2017 1:04:09 PM: createControls Finished
4/18/2017 1:07:00 PM: BindDocumentType started
4/18/2017 1:07:00 PM: BindDocumentType finished
4/18/2017 1:07:03 PM: createControls Started
4/18/2017 1:07:03 PM: createControls Loaded all Textbox dynamically
4/18/2017 1:07:03 PM: createControls Loaded all Textbox dynamically
4/18/2017 1:07:03 PM: createControls Finished
4/18/2017 1:07:03 PM: GetTemplateDetails started
4/18/2017 1:07:03 PM: generatecontrols Started
4/18/2017 1:07:03 PM: GenerateControls:Loaded all Textbox dynamically
4/18/2017 1:07:03 PM: GenerateControls:Loaded all Textbox dynamically
4/18/2017 1:07:04 PM: createControls Started
4/18/2017 1:07:04 PM: createControls Loaded all Textbox dynamically
4/18/2017 1:07:04 PM: createControls Loaded all Textbox dynamically
4/18/2017 1:07:04 PM: createControls Finished
4/18/2017 1:07:09 PM: createControls Started
4/18/2017 1:07:09 PM: createControls Loaded all Textbox dynamically
4/18/2017 1:07:09 PM: createControls Loaded all Textbox dynamically
4/18/2017 1:07:09 PM: createControls Finished
4/18/2017 1:07:45 PM: createControls Started
4/18/2017 1:07:45 PM: createControls Loaded all Textbox dynamically
4/18/2017 1:07:45 PM: createControls Loaded all Textbox dynamically
4/18/2017 1:07:45 PM: createControls Finished
4/18/2017 1:08:41 PM: BindDocumentType started
4/18/2017 1:08:41 PM: BindDocumentType finished
4/18/2017 1:08:44 PM: createControls Started
4/18/2017 1:08:44 PM: createControls Loaded all Textbox dynamically
4/18/2017 1:08:44 PM: createControls Loaded all Textbox dynamically
4/18/2017 1:08:44 PM: createControls Finished
4/18/2017 1:08:44 PM: GetTemplateDetails started
4/18/2017 1:08:44 PM: generatecontrols Started
4/18/2017 1:08:44 PM: GenerateControls:Loaded all Textbox dynamically
4/18/2017 1:08:44 PM: GenerateControls:Loaded all Textbox dynamically
4/18/2017 1:08:45 PM: createControls Started
4/18/2017 1:08:45 PM: createControls Loaded all Textbox dynamically
4/18/2017 1:08:45 PM: createControls Loaded all Textbox dynamically
4/18/2017 1:08:45 PM: createControls Finished
4/18/2017 1:08:48 PM: createControls Started
4/18/2017 1:08:48 PM: createControls Loaded all Textbox dynamically
4/18/2017 1:08:48 PM: createControls Loaded all Textbox dynamically
4/18/2017 1:08:48 PM: createControls Finished
4/18/2017 1:14:27 PM: BindDocumentType started
4/18/2017 1:14:27 PM: BindDocumentType finished
4/18/2017 1:14:30 PM: createControls Started
4/18/2017 1:14:30 PM: createControls Loaded all Textbox dynamically
4/18/2017 1:14:30 PM: createControls Loaded all Textbox dynamically
4/18/2017 1:14:30 PM: createControls Finished
4/18/2017 1:14:30 PM: GetTemplateDetails started
4/18/2017 1:14:30 PM: generatecontrols Started
4/18/2017 1:14:30 PM: GenerateControls:Loaded all Textbox dynamically
4/18/2017 1:14:30 PM: GenerateControls:Loaded all Textbox dynamically
4/18/2017 1:14:32 PM: createControls Started
4/18/2017 1:14:32 PM: createControls Loaded all Textbox dynamically
4/18/2017 1:14:32 PM: createControls Loaded all Textbox dynamically
4/18/2017 1:14:32 PM: createControls Finished
4/18/2017 1:14:34 PM: createControls Started
4/18/2017 1:14:34 PM: createControls Loaded all Textbox dynamically
4/18/2017 1:14:34 PM: createControls Loaded all Textbox dynamically
4/18/2017 1:14:34 PM: createControls Finished
4/18/2017 1:23:49 PM: BindDocumentType started
4/18/2017 1:23:49 PM: BindDocumentType finished
4/18/2017 1:27:27 PM: BindDocumentType started
4/18/2017 1:27:27 PM: BindDocumentType finished
4/18/2017 1:27:30 PM: createControls Started
4/18/2017 1:27:30 PM: createControls Loaded all Textbox dynamically
4/18/2017 1:27:30 PM: createControls Loaded all Textbox dynamically
4/18/2017 1:27:30 PM: createControls Finished
4/18/2017 1:27:30 PM: GetTemplateDetails started
4/18/2017 1:27:30 PM: generatecontrols Started
4/18/2017 1:27:30 PM: GenerateControls:Loaded all Textbox dynamically
4/18/2017 1:27:30 PM: GenerateControls:Loaded all Textbox dynamically
4/18/2017 1:27:32 PM: createControls Started
4/18/2017 1:27:32 PM: createControls Loaded all Textbox dynamically
4/18/2017 1:27:32 PM: createControls Loaded all Textbox dynamically
4/18/2017 1:27:32 PM: createControls Finished
4/18/2017 1:27:37 PM: createControls Started
4/18/2017 1:27:37 PM: createControls Loaded all Textbox dynamically
4/18/2017 1:27:37 PM: createControls Loaded all Textbox dynamically
4/18/2017 1:27:37 PM: createControls Finished
4/18/2017 1:32:18 PM: BindDocumentType started
4/18/2017 1:32:18 PM: BindDocumentType finished
