5/11/2017 6:26:22 PM: BindDocumentType started
5/11/2017 6:26:22 PM: BindDocumentType finished
5/11/2017 6:26:27 PM: createControls Started
5/11/2017 6:26:27 PM: createControls Loaded all Textbox dynamically
5/11/2017 6:26:27 PM: createControls Loaded all Textbox dynamically
5/11/2017 6:26:27 PM: createControls Finished
5/11/2017 6:26:27 PM: GetTemplateDetails started
5/11/2017 6:26:27 PM: generatecontrols Started
5/11/2017 6:26:27 PM: GenerateControls:Loaded all Textbox dynamically
5/11/2017 6:26:27 PM: GenerateControls:Loaded all Textbox dynamically
5/11/2017 6:26:37 PM: GetSginatureDetails Started:-
5/11/2017 6:26:38 PM: GetSginatureDetails Completed:-
5/11/2017 6:26:38 PM: GetTemplateDetails Started
5/11/2017 6:26:38 PM: GetTemplateDetails total record count:1
5/11/2017 6:26:38 PM: Create controls,Load all Textbox dynamic
5/11/2017 6:26:38 PM: Create controls,Load all Textbox dynamic
5/11/2017 6:26:38 PM: GetTemplateDetails Finished
5/11/2017 6:26:38 PM: InitializeDocumentView started
5/11/2017 6:26:38 PM: InitializeDocumentView finished
5/11/2017 6:26:38 PM: Calling database to get annotated images. DocumentId: 1343, Action: GetAnnotatedPages
5/11/2017 6:26:39 PM: Calling database to get annotated images. DocumentId: 1343, Action: GetTaggedPages
5/11/2017 6:26:39 PM: LoadImageToViewer started
5/11/2017 6:26:39 PM: Setting image to viewer. Action:  Page count: 7 Current Page:1
5/11/2017 6:26:39 PM: Converting PDF to JPEG. PDF Path: D:\WDMSDocument\TempWorkFolder\ODIzOF9CYWxha3Jpc2huYSBB\1.pdf Image Name: ODIzOF9CYWxha3Jpc2huYSBB Page No: 1
5/11/2017 6:26:39 PM: Converting PDF to JPEG without applying watermark.
5/11/2017 6:26:40 PM: Setting image to viewer using RegisterStartupScript: http://localhost:55361/generichandler.ashx?f=d://wdmsdocument//tempworkfolder//odizof9cywxha3jpc2huysbbjpg//1.jpeg
5/11/2017 6:26:40 PM: Invoke method to get annotations from databnase.
5/11/2017 6:26:40 PM: Get annotations from database.
5/11/2017 6:26:40 PM: Document Id: 1343 Page No: 1
5/11/2017 6:26:40 PM: Invoking method to get annotation data from database. Action: GetAnnotations
5/11/2017 6:26:40 PM: MailPanelFill started
5/11/2017 6:26:40 PM: MailPanelFill finished
5/11/2017 6:26:51 PM: BindDocumentType started
5/11/2017 6:26:51 PM: BindDocumentType finished
5/11/2017 6:26:57 PM: createControls Started
5/11/2017 6:26:57 PM: createControls Loaded all Textbox dynamically
5/11/2017 6:26:57 PM: createControls Loaded all Textbox dynamically
5/11/2017 6:26:57 PM: createControls Finished
5/11/2017 6:26:57 PM: GetTemplateDetails started
5/11/2017 6:26:57 PM: generatecontrols Started
5/11/2017 6:26:57 PM: GenerateControls:Loaded all Textbox dynamically
5/11/2017 6:26:57 PM: GenerateControls:Loaded all Textbox dynamically
5/11/2017 6:27:01 PM: GetSginatureDetails Started:-
5/11/2017 6:27:01 PM: GetSginatureDetails Completed:-
5/11/2017 6:27:01 PM: GetTemplateDetails Started
5/11/2017 6:27:01 PM: GetTemplateDetails total record count:1
5/11/2017 6:27:01 PM: Create controls,Load all Textbox dynamic
5/11/2017 6:27:01 PM: Create controls,Load all Textbox dynamic
5/11/2017 6:27:01 PM: GetTemplateDetails Finished
5/11/2017 6:27:01 PM: InitializeDocumentView started
5/11/2017 6:27:02 PM: InitializeDocumentView finished
5/11/2017 6:27:02 PM: Calling database to get annotated images. DocumentId: 1300, Action: GetAnnotatedPages
5/11/2017 6:27:02 PM: Calling database to get annotated images. DocumentId: 1300, Action: GetTaggedPages
5/11/2017 6:27:02 PM: LoadImageToViewer started
5/11/2017 6:27:02 PM: Setting image to viewer. Action:  Page count: 7 Current Page:1
5/11/2017 6:27:02 PM: Converting PDF to JPEG. PDF Path: D:\WDMSDocument\TempWorkFolder\Tk9fRVhfNTEwXzI1MF8xMDAy\1.pdf Image Name: Tk9fRVhfNTEwXzI1MF8xMDAy Page No: 1
5/11/2017 6:27:02 PM: Converting PDF to JPEG without applying watermark.
5/11/2017 6:27:02 PM: Setting image to viewer using RegisterStartupScript: http://localhost:55361/generichandler.ashx?f=d://wdmsdocument//tempworkfolder//tk9frvhfntewxzi1mf8xmdayjpg//1.jpeg
5/11/2017 6:27:02 PM: Invoke method to get annotations from databnase.
5/11/2017 6:27:02 PM: Get annotations from database.
5/11/2017 6:27:02 PM: Document Id: 1300 Page No: 1
5/11/2017 6:27:02 PM: Invoking method to get annotation data from database. Action: GetAnnotations
5/11/2017 6:27:02 PM: MailPanelFill started
5/11/2017 6:27:02 PM: MailPanelFill finished
5/11/2017 6:27:02 PM: Unzipping file. Filepath: D:\WDMSDocument\TempWorkFolder\\Tk9fRVhfNTEwXzI1MF8xMDAy.zip
5/11/2017 6:27:09 PM: GetTemplateDetails Started
5/11/2017 6:27:09 PM: GetTemplateDetails total record count:1
5/11/2017 6:27:09 PM: Create controls,Load all Textbox dynamic
5/11/2017 6:27:09 PM: Create controls,Load all Textbox dynamic
5/11/2017 6:27:09 PM: GetTemplateDetails Finished
5/11/2017 6:27:09 PM: LoadImageToViewer started
5/11/2017 6:27:09 PM: Setting image to viewer. Action: THUMB Page count: 7 Current Page:1
5/11/2017 6:27:09 PM: Converting PDF to JPEG. PDF Path: D:\WDMSDocument\TempWorkFolder\Tk9fRVhfNTEwXzI1MF8xMDAy\5.pdf Image Name: Tk9fRVhfNTEwXzI1MF8xMDAy Page No: 5
5/11/2017 6:27:09 PM: Converting PDF to JPEG without applying watermark.
5/11/2017 6:27:10 PM: Setting image to viewer using RegisterStartupScript: http://localhost:55361/generichandler.ashx?f=d://wdmsdocument//tempworkfolder//tk9frvhfntewxzi1mf8xmdayjpg//5.jpeg
5/11/2017 6:27:10 PM: Invoke method to get annotations from databnase.
5/11/2017 6:27:10 PM: Get annotations from database.
5/11/2017 6:27:10 PM: Document Id: 1300 Page No: 5
5/11/2017 6:27:10 PM: Invoking method to get annotation data from database. Action: GetAnnotations
5/11/2017 6:29:38 PM: BindDocumentType started
5/11/2017 6:29:38 PM: BindDocumentType finished
5/11/2017 6:29:41 PM: createControls Started
5/11/2017 6:29:41 PM: createControls Loaded all Textbox dynamically
5/11/2017 6:29:41 PM: createControls Loaded all Textbox dynamically
5/11/2017 6:29:41 PM: createControls Finished
5/11/2017 6:29:41 PM: GetTemplateDetails started
5/11/2017 6:29:41 PM: generatecontrols Started
5/11/2017 6:29:41 PM: GenerateControls:Loaded all Textbox dynamically
5/11/2017 6:29:41 PM: GenerateControls:Loaded all Textbox dynamically
5/11/2017 6:29:47 PM: GetSginatureDetails Started:-
5/11/2017 6:29:47 PM: GetSginatureDetails Completed:-
5/11/2017 6:29:47 PM: GetTemplateDetails Started
5/11/2017 6:29:47 PM: GetTemplateDetails total record count:1
5/11/2017 6:29:47 PM: Create controls,Load all Textbox dynamic
5/11/2017 6:29:47 PM: Create controls,Load all Textbox dynamic
5/11/2017 6:29:47 PM: GetTemplateDetails Finished
5/11/2017 6:29:47 PM: InitializeDocumentView started
5/11/2017 6:29:47 PM: InitializeDocumentView finished
5/11/2017 6:29:47 PM: Calling database to get annotated images. DocumentId: 1300, Action: GetAnnotatedPages
5/11/2017 6:29:47 PM: Calling database to get annotated images. DocumentId: 1300, Action: GetTaggedPages
5/11/2017 6:29:48 PM: LoadImageToViewer started
5/11/2017 6:29:48 PM: Setting image to viewer. Action:  Page count: 7 Current Page:1
5/11/2017 6:29:48 PM: Converting PDF to JPEG. PDF Path: D:\WDMSDocument\TempWorkFolder\Tk9fRVhfNTEwXzI1MF8xMDAy\1.pdf Image Name: Tk9fRVhfNTEwXzI1MF8xMDAy Page No: 1
5/11/2017 6:29:48 PM: Converting PDF to JPEG without applying watermark.
5/11/2017 6:29:48 PM: Setting image to viewer using RegisterStartupScript: http://localhost:55361/generichandler.ashx?f=d://wdmsdocument//tempworkfolder//tk9frvhfntewxzi1mf8xmdayjpg//1.jpeg
5/11/2017 6:29:48 PM: Invoke method to get annotations from databnase.
5/11/2017 6:29:48 PM: Get annotations from database.
5/11/2017 6:29:48 PM: Document Id: 1300 Page No: 1
5/11/2017 6:29:48 PM: Invoking method to get annotation data from database. Action: GetAnnotations
5/11/2017 6:29:48 PM: MailPanelFill started
5/11/2017 6:29:48 PM: MailPanelFill finished
5/11/2017 6:29:48 PM: Unzipping file. Filepath: D:\WDMSDocument\TempWorkFolder\\Tk9fRVhfNTEwXzI1MF8xMDAy.zip
5/11/2017 6:29:52 PM: GetTemplateDetails Started
5/11/2017 6:29:52 PM: GetTemplateDetails total record count:1
5/11/2017 6:29:52 PM: Create controls,Load all Textbox dynamic
5/11/2017 6:29:52 PM: Create controls,Load all Textbox dynamic
5/11/2017 6:29:52 PM: GetTemplateDetails Finished
5/11/2017 6:29:52 PM: LoadImageToViewer started
5/11/2017 6:29:52 PM: Setting image to viewer. Action: THUMB Page count: 7 Current Page:1
5/11/2017 6:29:52 PM: Converting PDF to JPEG. PDF Path: D:\WDMSDocument\TempWorkFolder\Tk9fRVhfNTEwXzI1MF8xMDAy\3.pdf Image Name: Tk9fRVhfNTEwXzI1MF8xMDAy Page No: 3
5/11/2017 6:29:52 PM: Converting PDF to JPEG without applying watermark.
5/11/2017 6:29:52 PM: Setting image to viewer using RegisterStartupScript: http://localhost:55361/generichandler.ashx?f=d://wdmsdocument//tempworkfolder//tk9frvhfntewxzi1mf8xmdayjpg//3.jpeg
5/11/2017 6:29:52 PM: Invoke method to get annotations from databnase.
5/11/2017 6:29:52 PM: Get annotations from database.
5/11/2017 6:29:52 PM: Document Id: 1300 Page No: 3
5/11/2017 6:29:52 PM: Invoking method to get annotation data from database. Action: GetAnnotations
5/11/2017 6:30:10 PM: GetTemplateDetails Started
5/11/2017 6:30:10 PM: GetTemplateDetails total record count:1
5/11/2017 6:30:10 PM: Create controls,Load all Textbox dynamic
5/11/2017 6:30:10 PM: Create controls,Load all Textbox dynamic
5/11/2017 6:30:10 PM: GetTemplateDetails Finished
5/11/2017 6:30:10 PM: LoadImageToViewer started
5/11/2017 6:30:10 PM: Setting image to viewer. Action: NEXT Page count: 7 Current Page:3
5/11/2017 6:30:10 PM: Converting PDF to JPEG. PDF Path: D:\WDMSDocument\TempWorkFolder\Tk9fRVhfNTEwXzI1MF8xMDAy\4.pdf Image Name: Tk9fRVhfNTEwXzI1MF8xMDAy Page No: 4
5/11/2017 6:30:10 PM: Converting PDF to JPEG without applying watermark.
5/11/2017 6:30:11 PM: Setting image to viewer using RegisterStartupScript: http://localhost:55361/generichandler.ashx?f=d://wdmsdocument//tempworkfolder//tk9frvhfntewxzi1mf8xmdayjpg//4.jpeg
5/11/2017 6:30:11 PM: Invoke method to get annotations from databnase.
5/11/2017 6:30:11 PM: Get annotations from database.
5/11/2017 6:30:11 PM: Document Id: 1300 Page No: 4
5/11/2017 6:30:11 PM: Invoking method to get annotation data from database. Action: GetAnnotations
5/11/2017 6:30:12 PM: GetTemplateDetails Started
5/11/2017 6:30:12 PM: GetTemplateDetails total record count:1
5/11/2017 6:30:12 PM: Create controls,Load all Textbox dynamic
5/11/2017 6:30:12 PM: Create controls,Load all Textbox dynamic
5/11/2017 6:30:12 PM: GetTemplateDetails Finished
5/11/2017 6:30:12 PM: LoadImageToViewer started
5/11/2017 6:30:12 PM: Setting image to viewer. Action: NEXT Page count: 7 Current Page:4
5/11/2017 6:30:12 PM: Converting PDF to JPEG. PDF Path: D:\WDMSDocument\TempWorkFolder\Tk9fRVhfNTEwXzI1MF8xMDAy\5.pdf Image Name: Tk9fRVhfNTEwXzI1MF8xMDAy Page No: 5
5/11/2017 6:30:12 PM: Converting PDF to JPEG without applying watermark.
5/11/2017 6:30:12 PM: Setting image to viewer using RegisterStartupScript: http://localhost:55361/generichandler.ashx?f=d://wdmsdocument//tempworkfolder//tk9frvhfntewxzi1mf8xmdayjpg//5.jpeg
5/11/2017 6:30:12 PM: Invoke method to get annotations from databnase.
5/11/2017 6:30:12 PM: Get annotations from database.
5/11/2017 6:30:12 PM: Document Id: 1300 Page No: 5
5/11/2017 6:30:12 PM: Invoking method to get annotation data from database. Action: GetAnnotations
5/11/2017 6:30:17 PM: GetTemplateDetails Started
5/11/2017 6:30:17 PM: GetTemplateDetails total record count:1
5/11/2017 6:30:17 PM: Create controls,Load all Textbox dynamic
5/11/2017 6:30:17 PM: Create controls,Load all Textbox dynamic
5/11/2017 6:30:17 PM: GetTemplateDetails Finished
5/11/2017 6:30:17 PM: LoadImageToViewer started
5/11/2017 6:30:17 PM: Setting image to viewer. Action: NEXT Page count: 7 Current Page:5
5/11/2017 6:30:17 PM: Converting PDF to JPEG. PDF Path: D:\WDMSDocument\TempWorkFolder\Tk9fRVhfNTEwXzI1MF8xMDAy\6.pdf Image Name: Tk9fRVhfNTEwXzI1MF8xMDAy Page No: 6
5/11/2017 6:30:17 PM: Converting PDF to JPEG without applying watermark.
5/11/2017 6:30:17 PM: Setting image to viewer using RegisterStartupScript: http://localhost:55361/generichandler.ashx?f=d://wdmsdocument//tempworkfolder//tk9frvhfntewxzi1mf8xmdayjpg//6.jpeg
5/11/2017 6:30:17 PM: Invoke method to get annotations from databnase.
5/11/2017 6:30:17 PM: Get annotations from database.
5/11/2017 6:30:17 PM: Document Id: 1300 Page No: 6
5/11/2017 6:30:17 PM: Invoking method to get annotation data from database. Action: GetAnnotations
5/11/2017 6:30:24 PM: GetTemplateDetails Started
5/11/2017 6:30:24 PM: GetTemplateDetails total record count:1
5/11/2017 6:30:24 PM: Create controls,Load all Textbox dynamic
5/11/2017 6:30:24 PM: Create controls,Load all Textbox dynamic
5/11/2017 6:30:24 PM: GetTemplateDetails Finished
5/11/2017 6:30:24 PM: LoadImageToViewer started
5/11/2017 6:30:24 PM: Setting image to viewer. Action: THUMB Page count: 7 Current Page:6
5/11/2017 6:30:24 PM: Converting PDF to JPEG. PDF Path: D:\WDMSDocument\TempWorkFolder\Tk9fRVhfNTEwXzI1MF8xMDAy\3.pdf Image Name: Tk9fRVhfNTEwXzI1MF8xMDAy Page No: 3
5/11/2017 6:30:24 PM: Converting PDF to JPEG without applying watermark.
5/11/2017 6:30:24 PM: Setting image to viewer using RegisterStartupScript: http://localhost:55361/generichandler.ashx?f=d://wdmsdocument//tempworkfolder//tk9frvhfntewxzi1mf8xmdayjpg//3.jpeg
5/11/2017 6:30:24 PM: Invoke method to get annotations from databnase.
5/11/2017 6:30:24 PM: Get annotations from database.
5/11/2017 6:30:24 PM: Document Id: 1300 Page No: 3
5/11/2017 6:30:24 PM: Invoking method to get annotation data from database. Action: GetAnnotations
5/11/2017 6:30:26 PM: GetTemplateDetails Started
5/11/2017 6:30:26 PM: GetTemplateDetails total record count:1
5/11/2017 6:30:26 PM: Create controls,Load all Textbox dynamic
5/11/2017 6:30:26 PM: Create controls,Load all Textbox dynamic
5/11/2017 6:30:26 PM: GetTemplateDetails Finished
5/11/2017 6:30:26 PM: LoadImageToViewer started
5/11/2017 6:30:26 PM: Setting image to viewer. Action: THUMB Page count: 7 Current Page:3
5/11/2017 6:30:26 PM: Converting PDF to JPEG. PDF Path: D:\WDMSDocument\TempWorkFolder\Tk9fRVhfNTEwXzI1MF8xMDAy\4.pdf Image Name: Tk9fRVhfNTEwXzI1MF8xMDAy Page No: 4
5/11/2017 6:30:26 PM: Converting PDF to JPEG without applying watermark.
5/11/2017 6:30:26 PM: Setting image to viewer using RegisterStartupScript: http://localhost:55361/generichandler.ashx?f=d://wdmsdocument//tempworkfolder//tk9frvhfntewxzi1mf8xmdayjpg//4.jpeg
5/11/2017 6:30:26 PM: Invoke method to get annotations from databnase.
5/11/2017 6:30:26 PM: Get annotations from database.
5/11/2017 6:30:26 PM: Document Id: 1300 Page No: 4
5/11/2017 6:30:26 PM: Invoking method to get annotation data from database. Action: GetAnnotations
