4/13/2017 11:50:29 AM: BindDocumentType started
4/13/2017 11:50:29 AM: BindDocumentType finished
4/13/2017 11:58:52 AM: BindDocumentType started
4/13/2017 11:58:52 AM: BindDocumentType finished
4/13/2017 12:05:14 PM: BindDocumentType started
4/13/2017 12:05:14 PM: BindDocumentType finished
4/13/2017 12:05:17 PM: createControls Started
4/13/2017 12:05:17 PM: createControls Loaded all Textbox dynamically
4/13/2017 12:05:17 PM: createControls Loaded all Textbox dynamically
4/13/2017 12:05:17 PM: createControls Finished
4/13/2017 12:05:17 PM: GetTemplateDetails started
4/13/2017 12:05:17 PM: generatecontrols Started
4/13/2017 12:05:17 PM: GenerateControls:Loaded all Textbox dynamically
4/13/2017 12:05:17 PM: GenerateControls:Loaded all Textbox dynamically
4/13/2017 12:05:18 PM: createControls Started
4/13/2017 12:05:18 PM: createControls Loaded all Textbox dynamically
4/13/2017 12:05:18 PM: createControls Loaded all Textbox dynamically
4/13/2017 12:05:18 PM: createControls Finished
4/13/2017 12:05:30 PM: BindDocumentType started
4/13/2017 12:05:30 PM: BindDocumentType finished
4/13/2017 12:06:14 PM: BindDocumentType started
4/13/2017 12:06:14 PM: BindDocumentType finished
4/13/2017 12:06:17 PM: createControls Started
4/13/2017 12:06:17 PM: createControls Loaded all Textbox dynamically
4/13/2017 12:06:17 PM: createControls Loaded all Textbox dynamically
4/13/2017 12:06:17 PM: createControls Finished
4/13/2017 12:06:17 PM: GetTemplateDetails started
4/13/2017 12:06:17 PM: generatecontrols Started
4/13/2017 12:06:17 PM: GenerateControls:Loaded all Textbox dynamically
4/13/2017 12:06:17 PM: GenerateControls:Loaded all Textbox dynamically
4/13/2017 12:06:19 PM: createControls Started
4/13/2017 12:06:19 PM: createControls Loaded all Textbox dynamically
4/13/2017 12:06:19 PM: createControls Loaded all Textbox dynamically
4/13/2017 12:06:19 PM: createControls Finished
4/13/2017 12:06:27 PM: BindDocumentType started
4/13/2017 12:06:27 PM: BindDocumentType finished
4/13/2017 12:06:32 PM: BindDocumentType started
4/13/2017 12:06:32 PM: BindDocumentType finished
4/13/2017 12:06:38 PM: createControls Started
4/13/2017 12:06:38 PM: createControls Loaded all Textbox dynamically
4/13/2017 12:06:38 PM: createControls Loaded all Textbox dynamically
4/13/2017 12:06:38 PM: createControls Finished
4/13/2017 12:06:38 PM: GetTemplateDetails started
4/13/2017 12:06:38 PM: generatecontrols Started
4/13/2017 12:06:38 PM: GenerateControls:Loaded all Textbox dynamically
4/13/2017 12:06:38 PM: GenerateControls:Loaded all Textbox dynamically
4/13/2017 12:09:05 PM: BindDocumentType started
4/13/2017 12:09:05 PM: BindDocumentType finished
4/13/2017 12:09:08 PM: createControls Started
4/13/2017 12:09:08 PM: createControls Loaded all Textbox dynamically
4/13/2017 12:09:08 PM: createControls Loaded all Textbox dynamically
4/13/2017 12:09:08 PM: createControls Finished
4/13/2017 12:09:08 PM: GetTemplateDetails started
4/13/2017 12:09:08 PM: generatecontrols Started
4/13/2017 12:09:08 PM: GenerateControls:Loaded all Textbox dynamically
4/13/2017 12:09:08 PM: GenerateControls:Loaded all Textbox dynamically
4/13/2017 12:09:10 PM: createControls Started
4/13/2017 12:09:10 PM: createControls Loaded all Textbox dynamically
4/13/2017 12:09:10 PM: createControls Loaded all Textbox dynamically
4/13/2017 12:09:10 PM: createControls Finished
4/13/2017 12:09:21 PM: BindDocumentType started
4/13/2017 12:09:21 PM: BindDocumentType finished
4/13/2017 12:09:25 PM: createControls Started
4/13/2017 12:09:25 PM: createControls Loaded all Textbox dynamically
4/13/2017 12:09:25 PM: createControls Loaded all Textbox dynamically
4/13/2017 12:09:25 PM: createControls Finished
4/13/2017 12:09:25 PM: GetTemplateDetails started
4/13/2017 12:09:25 PM: generatecontrols Started
4/13/2017 12:09:25 PM: GenerateControls:Loaded all Textbox dynamically
4/13/2017 12:09:25 PM: GenerateControls:Loaded all Textbox dynamically
4/13/2017 12:09:26 PM: createControls Started
4/13/2017 12:09:26 PM: createControls Loaded all Textbox dynamically
4/13/2017 12:09:26 PM: createControls Loaded all Textbox dynamically
4/13/2017 12:09:26 PM: createControls Finished
4/13/2017 2:41:20 PM: BindDocumentType started
4/13/2017 2:41:20 PM: BindDocumentType finished
4/13/2017 2:42:37 PM: createControls Started
4/13/2017 2:42:37 PM: createControls Loaded all Textbox dynamically
4/13/2017 2:42:37 PM: createControls Loaded all Textbox dynamically
4/13/2017 2:42:37 PM: createControls Finished
4/13/2017 2:42:37 PM: GetTemplateDetails started
4/13/2017 2:42:37 PM: generatecontrols Started
4/13/2017 2:42:37 PM: GenerateControls:Loaded all Textbox dynamically
4/13/2017 2:42:37 PM: GenerateControls:Loaded all Textbox dynamically
4/13/2017 2:42:37 PM: createControls Started
4/13/2017 2:42:37 PM: createControls Loaded all Textbox dynamically
4/13/2017 2:42:37 PM: createControls Loaded all Textbox dynamically
4/13/2017 2:42:37 PM: createControls Finished
4/13/2017 2:42:37 PM: GetTemplateDetails started
4/13/2017 2:42:37 PM: generatecontrols Started
4/13/2017 2:42:37 PM: GenerateControls:Loaded all Textbox dynamically
4/13/2017 2:42:37 PM: GenerateControls:Loaded all Textbox dynamically
4/13/2017 2:42:41 PM: createControls Started
4/13/2017 2:42:41 PM: createControls Loaded all Textbox dynamically
4/13/2017 2:42:41 PM: createControls Loaded all Textbox dynamically
4/13/2017 2:42:41 PM: createControls Loaded all Textbox dynamically
4/13/2017 2:42:41 PM: createControls Loaded all Textbox dynamically
4/13/2017 2:42:41 PM: createControls Loaded all Textbox dynamically
4/13/2017 2:42:41 PM: createControls Loaded all Textbox dynamically
4/13/2017 2:42:41 PM: createControls Loaded all Textbox dynamically
4/13/2017 2:42:41 PM: createControls Loaded all Textbox dynamically
4/13/2017 2:42:41 PM: createControls Finished
4/13/2017 2:42:41 PM: GetTemplateDetails started
4/13/2017 2:42:41 PM: generatecontrols Started
4/13/2017 2:42:41 PM: GenerateControls:Loaded all Textbox dynamically
4/13/2017 2:42:41 PM: GenerateControls:Loaded all Textbox dynamically
4/13/2017 2:42:41 PM: GenerateControls:Loaded all Textbox dynamically
4/13/2017 2:42:41 PM: GenerateControls:Loaded all Textbox dynamically
4/13/2017 2:42:41 PM: GenerateControls:Loaded all Textbox dynamically
4/13/2017 2:42:41 PM: GenerateControls:Loaded all Textbox dynamically
4/13/2017 2:42:41 PM: GenerateControls:Loaded all Textbox dynamically
4/13/2017 2:42:41 PM: GenerateControls:Loaded all Textbox dynamically
4/13/2017 2:42:42 PM: createControls Started
4/13/2017 2:42:42 PM: createControls Loaded all Textbox dynamically
4/13/2017 2:42:42 PM: createControls Loaded all Textbox dynamically
4/13/2017 2:42:42 PM: createControls Loaded all Textbox dynamically
4/13/2017 2:42:42 PM: createControls Loaded all Textbox dynamically
4/13/2017 2:42:42 PM: createControls Loaded all Textbox dynamically
4/13/2017 2:42:42 PM: createControls Loaded all Textbox dynamically
4/13/2017 2:42:42 PM: createControls Loaded all Textbox dynamically
4/13/2017 2:42:42 PM: createControls Loaded all Textbox dynamically
4/13/2017 2:42:42 PM: createControls Finished
4/13/2017 2:43:37 PM: BindDocumentType started
4/13/2017 2:43:37 PM: BindDocumentType finished
4/13/2017 2:46:51 PM: BindDocumentType started
4/13/2017 2:46:51 PM: BindDocumentType finished
4/13/2017 2:47:25 PM: BindDocumentType started
4/13/2017 2:47:25 PM: BindDocumentType finished
4/13/2017 3:01:37 PM: BindDocumentType started
4/13/2017 3:01:37 PM: BindDocumentType finished
4/13/2017 3:04:00 PM: BindDocumentType started
4/13/2017 3:04:00 PM: BindDocumentType finished
4/13/2017 3:27:19 PM: BindDocumentType started
4/13/2017 3:27:19 PM: BindDocumentType finished
4/13/2017 3:27:22 PM: createControls Started
4/13/2017 3:27:22 PM: createControls Loaded all Textbox dynamically
4/13/2017 3:27:22 PM: createControls Loaded all Textbox dynamically
4/13/2017 3:27:22 PM: createControls Finished
4/13/2017 3:27:22 PM: GetTemplateDetails started
4/13/2017 3:27:22 PM: generatecontrols Started
4/13/2017 3:27:22 PM: GenerateControls:Loaded all Textbox dynamically
4/13/2017 3:27:22 PM: GenerateControls:Loaded all Textbox dynamically
4/13/2017 3:29:31 PM: createControls Started
4/13/2017 3:29:31 PM: createControls Loaded all Textbox dynamically
4/13/2017 3:29:31 PM: createControls Loaded all Textbox dynamically
4/13/2017 3:29:31 PM: createControls Loaded all Textbox dynamically
4/13/2017 3:29:31 PM: createControls Loaded all Textbox dynamically
4/13/2017 3:29:31 PM: createControls Loaded all Textbox dynamically
4/13/2017 3:29:31 PM: createControls Loaded all Textbox dynamically
4/13/2017 3:29:31 PM: createControls Loaded all Textbox dynamically
4/13/2017 3:29:31 PM: createControls Loaded all Textbox dynamically
4/13/2017 3:29:31 PM: createControls Finished
4/13/2017 3:29:31 PM: GetTemplateDetails started
4/13/2017 3:29:31 PM: generatecontrols Started
4/13/2017 3:29:31 PM: GenerateControls:Loaded all Textbox dynamically
4/13/2017 3:29:31 PM: GenerateControls:Loaded all Textbox dynamically
4/13/2017 3:29:31 PM: GenerateControls:Loaded all Textbox dynamically
4/13/2017 3:29:31 PM: GenerateControls:Loaded all Textbox dynamically
4/13/2017 3:29:31 PM: GenerateControls:Loaded all Textbox dynamically
4/13/2017 3:29:31 PM: GenerateControls:Loaded all Textbox dynamically
4/13/2017 3:29:31 PM: GenerateControls:Loaded all Textbox dynamically
4/13/2017 3:29:31 PM: GenerateControls:Loaded all Textbox dynamically
4/13/2017 3:29:35 PM: createControls Started
4/13/2017 3:29:35 PM: createControls Loaded all Textbox dynamically
4/13/2017 3:29:35 PM: createControls Loaded all Textbox dynamically
4/13/2017 3:29:35 PM: createControls Finished
4/13/2017 3:29:35 PM: GetTemplateDetails started
4/13/2017 3:29:35 PM: generatecontrols Started
4/13/2017 3:29:35 PM: GenerateControls:Loaded all Textbox dynamically
4/13/2017 3:29:35 PM: GenerateControls:Loaded all Textbox dynamically
4/13/2017 3:29:37 PM: createControls Started
4/13/2017 3:29:37 PM: createControls Loaded all Textbox dynamically
4/13/2017 3:29:37 PM: createControls Loaded all Textbox dynamically
4/13/2017 3:29:37 PM: createControls Finished
4/13/2017 3:31:52 PM: BindDocumentType started
4/13/2017 3:31:52 PM: BindDocumentType finished
4/13/2017 3:31:55 PM: createControls Started
4/13/2017 3:31:55 PM: createControls Loaded all Textbox dynamically
4/13/2017 3:31:55 PM: createControls Loaded all Textbox dynamically
4/13/2017 3:31:55 PM: createControls Finished
4/13/2017 3:31:55 PM: GetTemplateDetails started
4/13/2017 3:31:55 PM: generatecontrols Started
4/13/2017 3:31:55 PM: GenerateControls:Loaded all Textbox dynamically
4/13/2017 3:31:55 PM: GenerateControls:Loaded all Textbox dynamically
4/13/2017 3:37:26 PM: BindDocumentType started
4/13/2017 3:37:26 PM: BindDocumentType finished
4/13/2017 3:37:30 PM: createControls Started
4/13/2017 3:37:30 PM: createControls Loaded all Textbox dynamically
4/13/2017 3:37:30 PM: createControls Loaded all Textbox dynamically
4/13/2017 3:37:30 PM: createControls Finished
4/13/2017 3:37:30 PM: GetTemplateDetails started
4/13/2017 3:37:30 PM: generatecontrols Started
4/13/2017 3:37:30 PM: GenerateControls:Loaded all Textbox dynamically
4/13/2017 3:37:30 PM: GenerateControls:Loaded all Textbox dynamically
4/13/2017 3:37:33 PM: createControls Started
4/13/2017 3:37:33 PM: createControls Loaded all Textbox dynamically
4/13/2017 3:37:33 PM: createControls Loaded all Textbox dynamically
4/13/2017 3:37:33 PM: createControls Finished
4/13/2017 3:39:26 PM: BindDocumentType started
4/13/2017 3:39:26 PM: BindDocumentType finished
4/13/2017 3:39:29 PM: createControls Started
4/13/2017 3:39:29 PM: createControls Loaded all Textbox dynamically
4/13/2017 3:39:29 PM: createControls Loaded all Textbox dynamically
4/13/2017 3:39:29 PM: createControls Finished
4/13/2017 3:39:29 PM: GetTemplateDetails started
4/13/2017 3:39:29 PM: generatecontrols Started
4/13/2017 3:39:29 PM: GenerateControls:Loaded all Textbox dynamically
4/13/2017 3:39:29 PM: GenerateControls:Loaded all Textbox dynamically
4/13/2017 3:39:32 PM: createControls Started
4/13/2017 3:39:32 PM: createControls Loaded all Textbox dynamically
4/13/2017 3:39:32 PM: createControls Loaded all Textbox dynamically
4/13/2017 3:39:32 PM: createControls Finished
4/13/2017 3:42:32 PM: BindDocumentType started
4/13/2017 3:42:32 PM: BindDocumentType finished
4/13/2017 3:42:35 PM: createControls Started
4/13/2017 3:42:35 PM: createControls Loaded all Textbox dynamically
4/13/2017 3:42:35 PM: createControls Loaded all Textbox dynamically
4/13/2017 3:42:35 PM: createControls Finished
4/13/2017 3:42:35 PM: GetTemplateDetails started
4/13/2017 3:42:35 PM: generatecontrols Started
4/13/2017 3:42:35 PM: GenerateControls:Loaded all Textbox dynamically
4/13/2017 3:42:36 PM: GenerateControls:Loaded all Textbox dynamically
4/13/2017 3:42:37 PM: createControls Started
4/13/2017 3:42:37 PM: createControls Loaded all Textbox dynamically
4/13/2017 3:42:37 PM: createControls Loaded all Textbox dynamically
4/13/2017 3:42:37 PM: createControls Finished
4/13/2017 3:42:54 PM: BindDocumentType started
4/13/2017 3:42:54 PM: BindDocumentType finished
4/13/2017 3:44:17 PM: BindDocumentType started
4/13/2017 3:44:17 PM: BindDocumentType finished
4/13/2017 3:44:20 PM: createControls Started
4/13/2017 3:44:20 PM: createControls Loaded all Textbox dynamically
4/13/2017 3:44:20 PM: createControls Loaded all Textbox dynamically
4/13/2017 3:44:20 PM: createControls Finished
4/13/2017 3:44:20 PM: GetTemplateDetails started
4/13/2017 3:44:20 PM: generatecontrols Started
4/13/2017 3:44:20 PM: GenerateControls:Loaded all Textbox dynamically
4/13/2017 3:44:20 PM: GenerateControls:Loaded all Textbox dynamically
4/13/2017 3:44:22 PM: createControls Started
4/13/2017 3:44:22 PM: createControls Loaded all Textbox dynamically
4/13/2017 3:44:22 PM: createControls Loaded all Textbox dynamically
4/13/2017 3:44:22 PM: createControls Finished
4/13/2017 3:44:40 PM: BindDocumentType started
4/13/2017 3:44:40 PM: BindDocumentType finished
4/13/2017 3:44:45 PM: BindDocumentType started
4/13/2017 3:44:45 PM: BindDocumentType finished
4/13/2017 3:44:48 PM: createControls Started
4/13/2017 3:44:48 PM: createControls Loaded all Textbox dynamically
4/13/2017 3:44:48 PM: createControls Loaded all Textbox dynamically
4/13/2017 3:44:48 PM: createControls Finished
4/13/2017 3:44:48 PM: GetTemplateDetails started
4/13/2017 3:44:48 PM: generatecontrols Started
4/13/2017 3:44:48 PM: GenerateControls:Loaded all Textbox dynamically
4/13/2017 3:44:48 PM: GenerateControls:Loaded all Textbox dynamically
4/13/2017 3:44:49 PM: createControls Started
4/13/2017 3:44:49 PM: createControls Loaded all Textbox dynamically
4/13/2017 3:44:49 PM: createControls Loaded all Textbox dynamically
4/13/2017 3:44:49 PM: createControls Finished
4/13/2017 3:44:52 PM: BindDocumentType started
4/13/2017 3:44:52 PM: BindDocumentType finished
4/13/2017 3:44:55 PM: createControls Started
4/13/2017 3:44:55 PM: createControls Loaded all Textbox dynamically
4/13/2017 3:44:55 PM: createControls Loaded all Textbox dynamically
4/13/2017 3:44:55 PM: createControls Finished
4/13/2017 3:44:55 PM: GetTemplateDetails started
4/13/2017 3:44:55 PM: generatecontrols Started
4/13/2017 3:44:55 PM: GenerateControls:Loaded all Textbox dynamically
4/13/2017 3:44:55 PM: GenerateControls:Loaded all Textbox dynamically
4/13/2017 3:47:44 PM: BindDocumentType started
4/13/2017 3:47:44 PM: BindDocumentType finished
4/13/2017 3:47:48 PM: createControls Started
4/13/2017 3:47:48 PM: createControls Loaded all Textbox dynamically
4/13/2017 3:47:48 PM: createControls Loaded all Textbox dynamically
4/13/2017 3:47:48 PM: createControls Finished
4/13/2017 3:47:48 PM: GetTemplateDetails started
4/13/2017 3:47:48 PM: generatecontrols Started
4/13/2017 3:47:48 PM: GenerateControls:Loaded all Textbox dynamically
4/13/2017 3:47:48 PM: GenerateControls:Loaded all Textbox dynamically
4/13/2017 3:47:49 PM: createControls Started
4/13/2017 3:47:49 PM: createControls Loaded all Textbox dynamically
4/13/2017 3:47:49 PM: createControls Loaded all Textbox dynamically
4/13/2017 3:47:49 PM: createControls Finished
4/13/2017 3:49:37 PM: BindDocumentType started
4/13/2017 3:49:37 PM: BindDocumentType finished
4/13/2017 3:49:40 PM: createControls Started
4/13/2017 3:49:40 PM: createControls Loaded all Textbox dynamically
4/13/2017 3:49:40 PM: createControls Loaded all Textbox dynamically
4/13/2017 3:49:40 PM: createControls Finished
4/13/2017 3:49:40 PM: GetTemplateDetails started
4/13/2017 3:49:40 PM: generatecontrols Started
4/13/2017 3:49:40 PM: GenerateControls:Loaded all Textbox dynamically
4/13/2017 3:49:40 PM: GenerateControls:Loaded all Textbox dynamically
4/13/2017 3:49:41 PM: createControls Started
4/13/2017 3:49:41 PM: createControls Loaded all Textbox dynamically
4/13/2017 3:49:41 PM: createControls Loaded all Textbox dynamically
4/13/2017 3:49:41 PM: createControls Finished
4/13/2017 3:49:45 PM: createControls Started
4/13/2017 3:49:45 PM: createControls Loaded all Textbox dynamically
4/13/2017 3:49:45 PM: createControls Loaded all Textbox dynamically
4/13/2017 3:49:45 PM: createControls Loaded all Textbox dynamically
4/13/2017 3:49:45 PM: createControls Loaded all Textbox dynamically
4/13/2017 3:49:45 PM: createControls Loaded all Textbox dynamically
4/13/2017 3:49:45 PM: createControls Loaded all Textbox dynamically
4/13/2017 3:49:45 PM: createControls Loaded all Textbox dynamically
4/13/2017 3:49:45 PM: createControls Loaded all Textbox dynamically
4/13/2017 3:49:45 PM: createControls Finished
4/13/2017 3:49:45 PM: GetTemplateDetails started
4/13/2017 3:49:45 PM: generatecontrols Started
4/13/2017 3:49:45 PM: GenerateControls:Loaded all Textbox dynamically
4/13/2017 3:49:45 PM: GenerateControls:Loaded all Textbox dynamically
4/13/2017 3:49:45 PM: GenerateControls:Loaded all Textbox dynamically
4/13/2017 3:49:45 PM: GenerateControls:Loaded all Textbox dynamically
4/13/2017 3:49:45 PM: GenerateControls:Loaded all Textbox dynamically
4/13/2017 3:49:45 PM: GenerateControls:Loaded all Textbox dynamically
4/13/2017 3:49:45 PM: GenerateControls:Loaded all Textbox dynamically
4/13/2017 3:49:45 PM: GenerateControls:Loaded all Textbox dynamically
4/13/2017 3:49:48 PM: createControls Started
4/13/2017 3:49:48 PM: createControls Loaded all Textbox dynamically
4/13/2017 3:49:48 PM: createControls Loaded all Textbox dynamically
4/13/2017 3:49:48 PM: createControls Loaded all Textbox dynamically
4/13/2017 3:49:48 PM: createControls Loaded all Textbox dynamically
4/13/2017 3:49:48 PM: createControls Loaded all Textbox dynamically
4/13/2017 3:49:48 PM: createControls Loaded all Textbox dynamically
4/13/2017 3:49:48 PM: createControls Loaded all Textbox dynamically
4/13/2017 3:49:48 PM: createControls Loaded all Textbox dynamically
4/13/2017 3:49:48 PM: createControls Finished
4/13/2017 3:49:58 PM: createControls Started
4/13/2017 3:49:58 PM: createControls Loaded all Textbox dynamically
4/13/2017 3:49:58 PM: createControls Loaded all Textbox dynamically
4/13/2017 3:49:58 PM: createControls Loaded all Textbox dynamically
4/13/2017 3:49:58 PM: createControls Loaded all Textbox dynamically
4/13/2017 3:49:58 PM: createControls Loaded all Textbox dynamically
4/13/2017 3:49:58 PM: createControls Loaded all Textbox dynamically
4/13/2017 3:49:58 PM: createControls Loaded all Textbox dynamically
4/13/2017 3:49:58 PM: createControls Loaded all Textbox dynamically
4/13/2017 3:49:58 PM: createControls Finished
4/13/2017 3:54:05 PM: BindDocumentType started
4/13/2017 3:54:05 PM: BindDocumentType finished
4/13/2017 3:54:08 PM: createControls Started
4/13/2017 3:54:08 PM: createControls Loaded all Textbox dynamically
4/13/2017 3:54:08 PM: createControls Loaded all Textbox dynamically
4/13/2017 3:54:08 PM: createControls Finished
4/13/2017 3:54:08 PM: GetTemplateDetails started
4/13/2017 3:54:08 PM: generatecontrols Started
4/13/2017 3:54:08 PM: GenerateControls:Loaded all Textbox dynamically
4/13/2017 3:54:08 PM: GenerateControls:Loaded all Textbox dynamically
4/13/2017 3:54:15 PM: GetSginatureDetails Started:-
4/13/2017 3:54:15 PM: GetSginatureDetails Completed:-
4/13/2017 3:54:15 PM: GetTemplateDetails Started
4/13/2017 3:54:15 PM: GetTemplateDetails total record count:1
4/13/2017 3:54:15 PM: Create controls,Load all Textbox dynamic
4/13/2017 3:54:15 PM: Create controls,Load all Textbox dynamic
4/13/2017 3:54:15 PM: GetTemplateDetails Finished
4/13/2017 3:54:15 PM: InitializeDocumentView started
4/13/2017 3:54:15 PM: InitializeDocumentView finished
4/13/2017 3:54:15 PM: Calling database to get annotated images. DocumentId: 1299, Action: GetAnnotatedPages
4/13/2017 3:54:15 PM: Calling database to get annotated images. DocumentId: 1299, Action: GetTaggedPages
4/13/2017 3:54:16 PM: LoadImageToViewer started
4/13/2017 3:54:16 PM: Setting image to viewer. Action:  Page count: 6 Current Page:1
4/13/2017 3:54:16 PM: Converting PDF to JPEG. PDF Path: D:\WDMSDocument\TempWorkFolder\Tk9fRVhfNTEwXzI1MF8xMDAx\1.pdf Image Name: Tk9fRVhfNTEwXzI1MF8xMDAx Page No: 1
4/13/2017 3:54:16 PM: Converting PDF to JPEG without applying watermark.
4/13/2017 3:54:16 PM: Setting image to viewer using RegisterStartupScript: http://localhost:55361/generichandler.ashx?f=d://wdmsdocument//tempworkfolder//tk9frvhfntewxzi1mf8xmdaxjpg//1.jpeg
4/13/2017 3:54:16 PM: Invoke method to get annotations from databnase.
4/13/2017 3:54:16 PM: Get annotations from database.
4/13/2017 3:54:16 PM: Document Id: 1299 Page No: 1
4/13/2017 3:54:16 PM: Invoking method to get annotation data from database. Action: GetAnnotations
4/13/2017 3:54:16 PM: MailPanelFill started
4/13/2017 3:54:16 PM: MailPanelFill finished
4/13/2017 4:12:45 PM: GetTemplateDetails Started
4/13/2017 4:12:45 PM: GetTemplateDetails total record count:1
4/13/2017 4:12:45 PM: Create controls,Load all Textbox dynamic
4/13/2017 4:12:45 PM: Create controls,Load all Textbox dynamic
4/13/2017 4:12:45 PM: GetTemplateDetails Finished
4/13/2017 4:12:45 PM: BindDocumentType started
4/13/2017 4:12:45 PM: BindDocumentType finished
4/13/2017 4:12:45 PM: GetTemplateDetails started
4/13/2017 4:12:45 PM: GetTemplateDetails started
4/13/2017 4:12:45 PM: createControls Started
4/13/2017 4:12:45 PM: createControls Loaded all Textbox dynamically
4/13/2017 4:12:45 PM: createControls Loaded all Textbox dynamically
4/13/2017 4:12:45 PM: createControls Finished
4/13/2017 4:12:51 PM: createControls Started
4/13/2017 4:12:51 PM: createControls Loaded all Textbox dynamically
4/13/2017 4:12:51 PM: createControls Loaded all Textbox dynamically
4/13/2017 4:12:51 PM: createControls Loaded all Textbox dynamically
4/13/2017 4:12:51 PM: createControls Loaded all Textbox dynamically
4/13/2017 4:12:51 PM: createControls Loaded all Textbox dynamically
4/13/2017 4:12:51 PM: createControls Loaded all Textbox dynamically
4/13/2017 4:12:51 PM: createControls Loaded all Textbox dynamically
4/13/2017 4:12:51 PM: createControls Loaded all Textbox dynamically
4/13/2017 4:12:51 PM: createControls Finished
4/13/2017 4:12:51 PM: GetTemplateDetails started
4/13/2017 4:12:51 PM: generatecontrols Started
4/13/2017 4:12:51 PM: GenerateControls:Loaded all Textbox dynamically
4/13/2017 4:12:51 PM: GenerateControls:Loaded all Textbox dynamically
4/13/2017 4:12:51 PM: GenerateControls:Loaded all Textbox dynamically
4/13/2017 4:12:51 PM: GenerateControls:Loaded all Textbox dynamically
4/13/2017 4:12:51 PM: GenerateControls:Loaded all Textbox dynamically
4/13/2017 4:12:51 PM: GenerateControls:Loaded all Textbox dynamically
4/13/2017 4:12:51 PM: GenerateControls:Loaded all Textbox dynamically
4/13/2017 4:12:51 PM: GenerateControls:Loaded all Textbox dynamically
4/13/2017 4:12:54 PM: createControls Started
4/13/2017 4:12:54 PM: createControls Loaded all Textbox dynamically
4/13/2017 4:12:54 PM: createControls Loaded all Textbox dynamically
4/13/2017 4:12:54 PM: createControls Loaded all Textbox dynamically
4/13/2017 4:12:54 PM: createControls Loaded all Textbox dynamically
4/13/2017 4:12:54 PM: createControls Loaded all Textbox dynamically
4/13/2017 4:12:54 PM: createControls Loaded all Textbox dynamically
4/13/2017 4:12:54 PM: createControls Loaded all Textbox dynamically
4/13/2017 4:12:54 PM: createControls Loaded all Textbox dynamically
4/13/2017 4:12:54 PM: createControls Finished
4/13/2017 4:12:54 PM: GetTemplateDetails started
4/13/2017 4:12:54 PM: generatecontrols Started
4/13/2017 4:12:54 PM: GenerateControls:Loaded all Textbox dynamically
4/13/2017 4:12:54 PM: GenerateControls:Loaded all Textbox dynamically
4/13/2017 4:12:54 PM: GenerateControls:Loaded all Textbox dynamically
4/13/2017 4:12:54 PM: GenerateControls:Loaded all Textbox dynamically
4/13/2017 4:12:54 PM: GenerateControls:Loaded all Textbox dynamically
4/13/2017 4:12:54 PM: GenerateControls:Loaded all Textbox dynamically
4/13/2017 4:12:54 PM: GenerateControls:Loaded all Textbox dynamically
4/13/2017 4:12:54 PM: GenerateControls:Loaded all Textbox dynamically
4/13/2017 4:17:00 PM: BindDocumentType started
4/13/2017 4:17:00 PM: BindDocumentType finished
4/13/2017 4:19:53 PM: BindDocumentType started
4/13/2017 4:19:53 PM: BindDocumentType finished
4/13/2017 4:19:57 PM: createControls Started
4/13/2017 4:19:57 PM: createControls Loaded all Textbox dynamically
4/13/2017 4:19:57 PM: createControls Loaded all Textbox dynamically
4/13/2017 4:19:57 PM: createControls Finished
4/13/2017 4:19:57 PM: GetTemplateDetails started
4/13/2017 4:19:57 PM: generatecontrols Started
4/13/2017 4:19:57 PM: GenerateControls:Loaded all Textbox dynamically
4/13/2017 4:19:57 PM: GenerateControls:Loaded all Textbox dynamically
4/13/2017 4:23:30 PM: BindDocumentType started
4/13/2017 4:23:30 PM: BindDocumentType finished
4/13/2017 4:31:09 PM: BindDocumentType started
4/13/2017 4:31:09 PM: BindDocumentType finished
4/13/2017 4:35:13 PM: BindDocumentType started
4/13/2017 4:35:13 PM: BindDocumentType finished
4/13/2017 4:36:45 PM: BindDocumentType started
4/13/2017 4:36:45 PM: BindDocumentType finished
4/13/2017 4:37:42 PM: BindDocumentType started
4/13/2017 4:37:42 PM: BindDocumentType finished
4/13/2017 4:39:53 PM: BindDocumentType started
4/13/2017 4:39:53 PM: BindDocumentType finished
4/13/2017 4:40:48 PM: BindDocumentType started
4/13/2017 4:40:49 PM: BindDocumentType finished
4/13/2017 5:23:26 PM: BindDocumentType started
4/13/2017 5:23:26 PM: BindDocumentType finished
4/13/2017 5:23:44 PM: BindDocumentType started
4/13/2017 5:23:44 PM: BindDocumentType finished
4/13/2017 5:24:54 PM: BindDocumentType started
4/13/2017 5:24:55 PM: BindDocumentType finished
4/13/2017 5:26:18 PM: BindDocumentType started
4/13/2017 5:26:18 PM: BindDocumentType finished
4/13/2017 5:35:43 PM: BindDocumentType started
4/13/2017 5:35:43 PM: BindDocumentType finished
4/13/2017 5:36:05 PM: BindDocumentType started
4/13/2017 5:36:05 PM: BindDocumentType finished
4/13/2017 5:36:58 PM: BindDocumentType started
4/13/2017 5:36:58 PM: BindDocumentType finished
4/13/2017 5:38:28 PM: BindDocumentType started
4/13/2017 5:38:28 PM: BindDocumentType finished
4/13/2017 5:41:03 PM: BindDocumentType started
4/13/2017 5:41:03 PM: BindDocumentType finished
