7/19/2017 2:20:18 PM: BindDocumentType started
7/19/2017 2:20:18 PM: BindDocumentType finished
7/19/2017 2:21:26 PM: BindDocumentType started
7/19/2017 2:21:26 PM: BindDocumentType finished
7/19/2017 2:21:54 PM: BindDocumentType started
7/19/2017 2:21:54 PM: BindDocumentType finished
7/19/2017 2:28:32 PM: BindDocumentType started
7/19/2017 2:28:32 PM: BindDocumentType finished
7/19/2017 2:28:45 PM: BindDocumentType started
7/19/2017 2:28:45 PM: BindDocumentType finished
7/19/2017 2:33:48 PM: BindDocumentType started
7/19/2017 2:33:48 PM: BindDocumentType finished
7/19/2017 2:34:45 PM: GetSginatureDetails Started:-
7/19/2017 2:34:46 PM: GetSginatureDetails Completed:-
7/19/2017 2:34:46 PM: GetTemplateDetails Started
7/19/2017 2:34:46 PM: GetTemplateDetails total record count:1
7/19/2017 2:34:46 PM: Create controls,Load all Textbox dynamic
7/19/2017 2:34:46 PM: Create controls,Load all Textbox dynamic
7/19/2017 2:34:46 PM: GetTemplateDetails Finished
7/19/2017 2:34:46 PM: InitializeDocumentView started
7/19/2017 2:34:46 PM: InitializeDocumentView finished
7/19/2017 2:34:46 PM: Calling database to get annotated images. DocumentId: 1299, Action: GetAnnotatedPages
7/19/2017 2:34:47 PM: Calling database to get annotated images. DocumentId: 1299, Action: GetTaggedPages
7/19/2017 2:34:48 PM: LoadImageToViewer started
7/19/2017 2:34:48 PM: Setting image to viewer. Action:  Page count: 0 Current Page:1
7/19/2017 2:34:48 PM: MailPanelFill started
7/19/2017 2:34:48 PM: MailPanelFill finished
7/19/2017 2:34:57 PM: BindDocumentType started
7/19/2017 2:34:57 PM: BindDocumentType finished
7/19/2017 2:35:06 PM: GetSginatureDetails Started:-
7/19/2017 2:35:06 PM: GetSginatureDetails Completed:-
7/19/2017 2:35:06 PM: GetTemplateDetails Started
7/19/2017 2:35:06 PM: GetTemplateDetails total record count:1
7/19/2017 2:35:06 PM: Create controls,Load all Textbox dynamic
7/19/2017 2:35:06 PM: Create controls,Load all Textbox dynamic
7/19/2017 2:35:06 PM: GetTemplateDetails Finished
7/19/2017 2:35:06 PM: InitializeDocumentView started
7/19/2017 2:35:06 PM: InitializeDocumentView finished
7/19/2017 2:35:06 PM: Calling database to get annotated images. DocumentId: 1370, Action: GetAnnotatedPages
7/19/2017 2:35:06 PM: Calling database to get annotated images. DocumentId: 1370, Action: GetTaggedPages
7/19/2017 2:35:06 PM: LoadImageToViewer started
7/19/2017 2:35:06 PM: Setting image to viewer. Action:  Page count: 1 Current Page:1
7/19/2017 2:35:06 PM: Converting PDF to JPEG. PDF Path: D:\WDMSDocument\TempWorkFolder\Tk9fRVhfNTEwXzI1MF8xMDM2\1.pdf Image Name: Tk9fRVhfNTEwXzI1MF8xMDM2 Page No: 1
7/19/2017 2:35:06 PM: Converting PDF to JPEG without applying watermark.
7/19/2017 2:35:07 PM: Setting image to viewer using RegisterStartupScript: http://localhost:55361/generichandler.ashx?f=d://wdmsdocument//tempworkfolder//tk9frvhfntewxzi1mf8xmdm2jpg//1.jpeg
7/19/2017 2:35:07 PM: Invoke method to get annotations from databnase.
7/19/2017 2:35:07 PM: Get annotations from database.
7/19/2017 2:35:07 PM: Document Id: 1370 Page No: 1
7/19/2017 2:35:07 PM: Invoking method to get annotation data from database. Action: GetAnnotations
7/19/2017 2:35:07 PM: MailPanelFill started
7/19/2017 2:35:07 PM: MailPanelFill finished
7/19/2017 2:35:07 PM: Unzipping file. Filepath: D:\WDMSDocument\TempWorkFolder\\Tk9fRVhfNTEwXzI1MF8xMDM2.zip
7/19/2017 2:35:11 PM: BindDocumentType started
7/19/2017 2:35:11 PM: BindDocumentType finished
7/19/2017 2:35:16 PM: GetSginatureDetails Started:-
7/19/2017 2:35:16 PM: GetSginatureDetails Completed:-
7/19/2017 2:35:16 PM: GetTemplateDetails Started
7/19/2017 2:35:16 PM: GetTemplateDetails total record count:1
7/19/2017 2:35:16 PM: Create controls,Load all Textbox dynamic
7/19/2017 2:35:16 PM: Create controls,Load all Textbox dynamic
7/19/2017 2:35:16 PM: GetTemplateDetails Finished
7/19/2017 2:35:16 PM: InitializeDocumentView started
7/19/2017 2:35:17 PM: InitializeDocumentView finished
7/19/2017 2:35:17 PM: Calling database to get annotated images. DocumentId: 1369, Action: GetAnnotatedPages
7/19/2017 2:35:17 PM: Calling database to get annotated images. DocumentId: 1369, Action: GetTaggedPages
7/19/2017 2:35:17 PM: LoadImageToViewer started
7/19/2017 2:35:17 PM: Setting image to viewer. Action:  Page count: 7 Current Page:1
7/19/2017 2:35:17 PM: Converting PDF to JPEG. PDF Path: D:\WDMSDocument\TempWorkFolder\Tk9fRVhfNTEwXzI1MF8xMDM1\1.pdf Image Name: Tk9fRVhfNTEwXzI1MF8xMDM1 Page No: 1
7/19/2017 2:35:17 PM: Converting PDF to JPEG without applying watermark.
7/19/2017 2:35:17 PM: Setting image to viewer using RegisterStartupScript: http://localhost:55361/generichandler.ashx?f=d://wdmsdocument//tempworkfolder//tk9frvhfntewxzi1mf8xmdm1jpg//1.jpeg
7/19/2017 2:35:17 PM: Invoke method to get annotations from databnase.
7/19/2017 2:35:17 PM: Get annotations from database.
7/19/2017 2:35:17 PM: Document Id: 1369 Page No: 1
7/19/2017 2:35:17 PM: Invoking method to get annotation data from database. Action: GetAnnotations
7/19/2017 2:35:17 PM: MailPanelFill started
7/19/2017 2:35:17 PM: MailPanelFill finished
7/19/2017 2:35:17 PM: Unzipping file. Filepath: D:\WDMSDocument\TempWorkFolder\\Tk9fRVhfNTEwXzI1MF8xMDM1.zip
7/19/2017 2:35:22 PM: BindDocumentType started
7/19/2017 2:35:22 PM: BindDocumentType finished
7/19/2017 2:35:28 PM: GetSginatureDetails Started:-
7/19/2017 2:35:28 PM: GetSginatureDetails Completed:-
7/19/2017 2:35:28 PM: GetTemplateDetails Started
7/19/2017 2:35:28 PM: GetTemplateDetails total record count:1
7/19/2017 2:35:28 PM: Create controls,Load all Textbox dynamic
7/19/2017 2:35:28 PM: Create controls,Load all Textbox dynamic
7/19/2017 2:35:28 PM: GetTemplateDetails Finished
7/19/2017 2:35:28 PM: InitializeDocumentView started
7/19/2017 2:35:28 PM: InitializeDocumentView finished
7/19/2017 2:35:28 PM: Calling database to get annotated images. DocumentId: 1368, Action: GetAnnotatedPages
7/19/2017 2:35:28 PM: Calling database to get annotated images. DocumentId: 1368, Action: GetTaggedPages
7/19/2017 2:35:28 PM: LoadImageToViewer started
7/19/2017 2:35:28 PM: Setting image to viewer. Action:  Page count: 2 Current Page:1
7/19/2017 2:35:28 PM: Converting PDF to JPEG. PDF Path: D:\WDMSDocument\TempWorkFolder\Tk9fRVhfNTEwXzI1MF8xMDM0\1.pdf Image Name: Tk9fRVhfNTEwXzI1MF8xMDM0 Page No: 1
7/19/2017 2:35:28 PM: Converting PDF to JPEG without applying watermark.
7/19/2017 2:35:28 PM: Setting image to viewer using RegisterStartupScript: http://localhost:55361/generichandler.ashx?f=d://wdmsdocument//tempworkfolder//tk9frvhfntewxzi1mf8xmdm0jpg//1.jpeg
7/19/2017 2:35:28 PM: Invoke method to get annotations from databnase.
7/19/2017 2:35:28 PM: Get annotations from database.
7/19/2017 2:35:28 PM: Document Id: 1368 Page No: 1
7/19/2017 2:35:28 PM: Invoking method to get annotation data from database. Action: GetAnnotations
7/19/2017 2:35:28 PM: MailPanelFill started
7/19/2017 2:35:28 PM: MailPanelFill finished
7/19/2017 2:35:37 PM: BindDocumentType started
7/19/2017 2:35:37 PM: BindDocumentType finished
7/19/2017 2:35:43 PM: GetSginatureDetails Started:-
7/19/2017 2:35:43 PM: GetSginatureDetails Completed:-
7/19/2017 2:35:43 PM: GetTemplateDetails Started
7/19/2017 2:35:43 PM: GetTemplateDetails total record count:1
7/19/2017 2:35:43 PM: Create controls,Load all Textbox dynamic
7/19/2017 2:35:43 PM: Create controls,Load all Textbox dynamic
7/19/2017 2:35:43 PM: GetTemplateDetails Finished
7/19/2017 2:35:43 PM: InitializeDocumentView started
7/19/2017 2:35:43 PM: InitializeDocumentView finished
7/19/2017 2:35:43 PM: Calling database to get annotated images. DocumentId: 1367, Action: GetAnnotatedPages
7/19/2017 2:35:43 PM: Calling database to get annotated images. DocumentId: 1367, Action: GetTaggedPages
7/19/2017 2:35:48 PM: LoadImageToViewer started
7/19/2017 2:35:48 PM: Setting image to viewer. Action:  Page count: 1 Current Page:1
7/19/2017 2:35:48 PM: Converting PDF to JPEG. PDF Path: D:\WDMSDocument\TempWorkFolder\Tk9fRVhfNTEwXzI1MF8xMDMz\1.pdf Image Name: Tk9fRVhfNTEwXzI1MF8xMDMz Page No: 1
7/19/2017 2:35:48 PM: Converting PDF to JPEG without applying watermark.
7/19/2017 2:35:48 PM: Setting image to viewer using RegisterStartupScript: http://localhost:55361/generichandler.ashx?f=d://wdmsdocument//tempworkfolder//tk9frvhfntewxzi1mf8xmdmzjpg//1.jpeg
7/19/2017 2:35:48 PM: Invoke method to get annotations from databnase.
7/19/2017 2:35:48 PM: Get annotations from database.
7/19/2017 2:35:48 PM: Document Id: 1367 Page No: 1
7/19/2017 2:35:48 PM: Invoking method to get annotation data from database. Action: GetAnnotations
7/19/2017 2:35:48 PM: MailPanelFill started
7/19/2017 2:35:48 PM: MailPanelFill finished
7/19/2017 2:35:53 PM: BindDocumentType started
7/19/2017 2:35:53 PM: BindDocumentType finished
7/19/2017 2:36:01 PM: GetSginatureDetails Started:-
7/19/2017 2:36:01 PM: GetSginatureDetails Completed:-
7/19/2017 2:36:01 PM: GetTemplateDetails Started
7/19/2017 2:36:01 PM: GetTemplateDetails total record count:1
7/19/2017 2:36:01 PM: Create controls,Load all Textbox dynamic
7/19/2017 2:36:01 PM: Create controls,Load all Textbox dynamic
7/19/2017 2:36:01 PM: GetTemplateDetails Finished
7/19/2017 2:36:01 PM: InitializeDocumentView started
7/19/2017 2:36:01 PM: InitializeDocumentView finished
7/19/2017 2:36:01 PM: Calling database to get annotated images. DocumentId: 1366, Action: GetAnnotatedPages
7/19/2017 2:36:01 PM: Calling database to get annotated images. DocumentId: 1366, Action: GetTaggedPages
7/19/2017 2:36:01 PM: LoadImageToViewer started
7/19/2017 2:36:01 PM: Setting image to viewer. Action:  Page count: 6 Current Page:1
7/19/2017 2:36:01 PM: Converting PDF to JPEG. PDF Path: D:\WDMSDocument\TempWorkFolder\Tk9fRVhfNTEwXzI1MF8xMDMy\1.pdf Image Name: Tk9fRVhfNTEwXzI1MF8xMDMy Page No: 1
7/19/2017 2:36:01 PM: Converting PDF to JPEG without applying watermark.
7/19/2017 2:36:01 PM: Setting image to viewer using RegisterStartupScript: http://localhost:55361/generichandler.ashx?f=d://wdmsdocument//tempworkfolder//tk9frvhfntewxzi1mf8xmdmyjpg//1.jpeg
7/19/2017 2:36:01 PM: Invoke method to get annotations from databnase.
7/19/2017 2:36:01 PM: Get annotations from database.
7/19/2017 2:36:01 PM: Document Id: 1366 Page No: 1
7/19/2017 2:36:01 PM: Invoking method to get annotation data from database. Action: GetAnnotations
7/19/2017 2:36:01 PM: MailPanelFill started
7/19/2017 2:36:01 PM: MailPanelFill finished
7/19/2017 2:36:01 PM: Unzipping file. Filepath: D:\WDMSDocument\TempWorkFolder\\Tk9fRVhfNTEwXzI1MF8xMDMy.zip
7/19/2017 2:36:05 PM: BindDocumentType started
7/19/2017 2:36:05 PM: BindDocumentType finished
7/19/2017 2:36:40 PM: BindDocumentType started
7/19/2017 2:36:40 PM: BindDocumentType finished
7/19/2017 2:37:18 PM: BindDocumentType started
7/19/2017 2:37:18 PM: BindDocumentType finished
7/19/2017 2:41:07 PM: BindDocumentType started
7/19/2017 2:41:07 PM: BindDocumentType finished
7/19/2017 2:43:58 PM: BindDocumentType started
7/19/2017 2:43:58 PM: BindDocumentType finished
7/19/2017 2:45:57 PM: BindDocumentType started
7/19/2017 2:45:57 PM: BindDocumentType finished
7/19/2017 2:54:24 PM: BindDocumentType started
7/19/2017 2:54:24 PM: BindDocumentType finished
7/19/2017 3:15:34 PM: BindDocumentType started
7/19/2017 3:15:34 PM: BindDocumentType finished
7/19/2017 3:31:24 PM: BindDocumentType started
7/19/2017 3:31:24 PM: BindDocumentType finished
7/19/2017 3:31:28 PM: createControls Started
7/19/2017 3:31:28 PM: createControls Loaded all Textbox dynamically
7/19/2017 3:31:28 PM: createControls Loaded all Textbox dynamically
7/19/2017 3:31:28 PM: createControls Finished
7/19/2017 3:31:28 PM: GetTemplateDetails started
7/19/2017 3:31:28 PM: generatecontrols Started
7/19/2017 3:31:28 PM: GenerateControls:Loaded all Textbox dynamically
7/19/2017 3:31:28 PM: GenerateControls:Loaded all Textbox dynamically
7/19/2017 3:31:30 PM: createControls Started
7/19/2017 3:31:30 PM: createControls Loaded all Textbox dynamically
7/19/2017 3:31:30 PM: createControls Loaded all Textbox dynamically
7/19/2017 3:31:30 PM: createControls Finished
7/19/2017 3:31:40 PM: createControls Started
7/19/2017 3:31:40 PM: createControls Loaded all Textbox dynamically
7/19/2017 3:31:40 PM: createControls Loaded all Textbox dynamically
7/19/2017 3:31:40 PM: createControls Finished
7/19/2017 3:31:46 PM: GetSginatureDetails Started:-
7/19/2017 3:31:46 PM: GetSginatureDetails Completed:-
7/19/2017 3:31:46 PM: GetTemplateDetails Started
7/19/2017 3:31:46 PM: GetTemplateDetails total record count:1
7/19/2017 3:31:46 PM: Create controls,Load all Textbox dynamic
7/19/2017 3:31:46 PM: Create controls,Load all Textbox dynamic
7/19/2017 3:31:46 PM: GetTemplateDetails Finished
7/19/2017 3:31:46 PM: InitializeDocumentView started
7/19/2017 3:31:46 PM: InitializeDocumentView finished
7/19/2017 3:31:46 PM: Calling database to get annotated images. DocumentId: 1370, Action: GetAnnotatedPages
7/19/2017 3:31:47 PM: Calling database to get annotated images. DocumentId: 1370, Action: GetTaggedPages
7/19/2017 3:31:47 PM: LoadImageToViewer started
7/19/2017 3:31:47 PM: Setting image to viewer. Action:  Page count: 1 Current Page:1
7/19/2017 3:31:47 PM: Converting PDF to JPEG. PDF Path: D:\WDMSDocument\TempWorkFolder\Tk9fRVhfNTEwXzI1MF8xMDM2\1.pdf Image Name: Tk9fRVhfNTEwXzI1MF8xMDM2 Page No: 1
7/19/2017 3:31:47 PM: Converting PDF to JPEG without applying watermark.
7/19/2017 3:31:47 PM: Setting image to viewer using RegisterStartupScript: http://localhost:55361/generichandler.ashx?f=d://wdmsdocument//tempworkfolder//tk9frvhfntewxzi1mf8xmdm2jpg//1.jpeg
7/19/2017 3:31:47 PM: Invoke method to get annotations from databnase.
7/19/2017 3:31:47 PM: Get annotations from database.
7/19/2017 3:31:47 PM: Document Id: 1370 Page No: 1
7/19/2017 3:31:47 PM: Invoking method to get annotation data from database. Action: GetAnnotations
7/19/2017 3:31:47 PM: MailPanelFill started
7/19/2017 3:31:47 PM: MailPanelFill finished
7/19/2017 3:31:47 PM: Unzipping file. Filepath: D:\WDMSDocument\TempWorkFolder\\Tk9fRVhfNTEwXzI1MF8xMDM2.zip
7/19/2017 3:31:51 PM: BindDocumentType started
7/19/2017 3:31:51 PM: BindDocumentType finished
7/19/2017 3:31:58 PM: createControls Started
7/19/2017 3:31:58 PM: createControls Loaded all Textbox dynamically
7/19/2017 3:31:58 PM: createControls Loaded all Textbox dynamically
7/19/2017 3:31:58 PM: createControls Finished
7/19/2017 3:31:58 PM: GetTemplateDetails started
7/19/2017 3:31:58 PM: generatecontrols Started
7/19/2017 3:31:58 PM: GenerateControls:Loaded all Textbox dynamically
7/19/2017 3:31:58 PM: GenerateControls:Loaded all Textbox dynamically
7/19/2017 3:32:00 PM: createControls Started
7/19/2017 3:32:00 PM: createControls Loaded all Textbox dynamically
7/19/2017 3:32:00 PM: createControls Loaded all Textbox dynamically
7/19/2017 3:32:00 PM: createControls Finished
7/19/2017 3:32:08 PM: createControls Started
7/19/2017 3:32:08 PM: createControls Loaded all Textbox dynamically
7/19/2017 3:32:08 PM: createControls Loaded all Textbox dynamically
7/19/2017 3:32:08 PM: createControls Finished
7/19/2017 3:32:14 PM: createControls Started
7/19/2017 3:32:14 PM: createControls Loaded all Textbox dynamically
7/19/2017 3:32:14 PM: createControls Loaded all Textbox dynamically
7/19/2017 3:32:14 PM: createControls Finished
7/19/2017 3:33:37 PM: createControls Started
7/19/2017 3:33:37 PM: createControls Loaded all Textbox dynamically
7/19/2017 3:33:37 PM: createControls Loaded all Textbox dynamically
7/19/2017 3:33:37 PM: createControls Finished
7/19/2017 3:33:56 PM: createControls Started
7/19/2017 3:33:56 PM: createControls Loaded all Textbox dynamically
7/19/2017 3:33:56 PM: createControls Loaded all Textbox dynamically
7/19/2017 3:33:56 PM: createControls Finished
7/19/2017 3:33:58 PM: BindDocumentType started
7/19/2017 3:33:58 PM: BindDocumentType finished
7/19/2017 3:34:03 PM: createControls Started
7/19/2017 3:34:04 PM: createControls Loaded all Textbox dynamically
7/19/2017 3:34:04 PM: createControls Loaded all Textbox dynamically
7/19/2017 3:34:04 PM: createControls Finished
7/19/2017 3:34:04 PM: GetTemplateDetails started
7/19/2017 3:34:04 PM: generatecontrols Started
7/19/2017 3:34:04 PM: GenerateControls:Loaded all Textbox dynamically
7/19/2017 3:34:04 PM: GenerateControls:Loaded all Textbox dynamically
7/19/2017 3:34:05 PM: createControls Started
7/19/2017 3:34:05 PM: createControls Loaded all Textbox dynamically
7/19/2017 3:34:05 PM: createControls Loaded all Textbox dynamically
7/19/2017 3:34:05 PM: createControls Finished
7/19/2017 3:42:54 PM: BindDocumentType started
7/19/2017 3:42:54 PM: BindDocumentType finished
7/19/2017 3:42:57 PM: createControls Started
7/19/2017 3:42:57 PM: createControls Loaded all Textbox dynamically
7/19/2017 3:42:57 PM: createControls Loaded all Textbox dynamically
7/19/2017 3:42:57 PM: createControls Finished
7/19/2017 3:42:57 PM: GetTemplateDetails started
7/19/2017 3:42:58 PM: generatecontrols Started
7/19/2017 3:42:58 PM: GenerateControls:Loaded all Textbox dynamically
7/19/2017 3:42:58 PM: GenerateControls:Loaded all Textbox dynamically
7/19/2017 3:42:59 PM: createControls Started
7/19/2017 3:42:59 PM: createControls Loaded all Textbox dynamically
7/19/2017 3:42:59 PM: createControls Loaded all Textbox dynamically
7/19/2017 3:42:59 PM: createControls Finished
7/19/2017 3:43:11 PM: createControls Started
7/19/2017 3:43:11 PM: createControls Loaded all Textbox dynamically
7/19/2017 3:43:11 PM: createControls Loaded all Textbox dynamically
7/19/2017 3:43:11 PM: createControls Finished
7/19/2017 3:51:26 PM: createControls Started
7/19/2017 3:51:26 PM: createControls Loaded all Textbox dynamically
7/19/2017 3:51:26 PM: createControls Loaded all Textbox dynamically
7/19/2017 3:51:26 PM: createControls Finished
7/19/2017 3:54:20 PM: BindDocumentType started
7/19/2017 3:54:20 PM: BindDocumentType finished
7/19/2017 3:59:57 PM: BindDocumentType started
7/19/2017 3:59:57 PM: BindDocumentType finished
7/19/2017 4:00:00 PM: createControls Started
7/19/2017 4:00:00 PM: createControls Loaded all Textbox dynamically
7/19/2017 4:00:00 PM: createControls Loaded all Textbox dynamically
7/19/2017 4:00:00 PM: createControls Finished
7/19/2017 4:00:00 PM: GetTemplateDetails started
7/19/2017 4:00:00 PM: generatecontrols Started
7/19/2017 4:00:00 PM: GenerateControls:Loaded all Textbox dynamically
7/19/2017 4:00:00 PM: GenerateControls:Loaded all Textbox dynamically
7/19/2017 4:00:01 PM: createControls Started
7/19/2017 4:00:01 PM: createControls Loaded all Textbox dynamically
7/19/2017 4:00:01 PM: createControls Loaded all Textbox dynamically
7/19/2017 4:00:01 PM: createControls Finished
7/19/2017 4:00:07 PM: createControls Started
7/19/2017 4:00:07 PM: createControls Loaded all Textbox dynamically
7/19/2017 4:00:07 PM: createControls Loaded all Textbox dynamically
7/19/2017 4:00:07 PM: createControls Finished
7/19/2017 4:06:26 PM: BindDocumentType started
7/19/2017 4:06:26 PM: BindDocumentType finished
7/19/2017 4:06:32 PM: createControls Started
7/19/2017 4:06:32 PM: createControls Loaded all Textbox dynamically
7/19/2017 4:06:32 PM: createControls Loaded all Textbox dynamically
7/19/2017 4:06:32 PM: createControls Loaded all Textbox dynamically
7/19/2017 4:06:32 PM: createControls Loaded all Textbox dynamically
7/19/2017 4:06:32 PM: createControls Loaded all Textbox dynamically
7/19/2017 4:06:32 PM: createControls Loaded all Textbox dynamically
7/19/2017 4:06:32 PM: createControls Loaded all Textbox dynamically
7/19/2017 4:06:32 PM: createControls Finished
7/19/2017 4:06:32 PM: GetTemplateDetails started
7/19/2017 4:06:32 PM: generatecontrols Started
7/19/2017 4:06:32 PM: GenerateControls:Loaded all Textbox dynamically
7/19/2017 4:06:32 PM: GenerateControls:Loaded all Textbox dynamically
7/19/2017 4:06:32 PM: GenerateControls:Loaded all Textbox dynamically
7/19/2017 4:06:32 PM: GenerateControls:Loaded all Textbox dynamically
7/19/2017 4:06:32 PM: GenerateControls:Loaded all Textbox dynamically
7/19/2017 4:06:32 PM: GenerateControls:Loaded all Textbox dynamically
7/19/2017 4:06:32 PM: GenerateControls:Loaded all Textbox dynamically
7/19/2017 4:06:33 PM: createControls Started
7/19/2017 4:06:33 PM: createControls Finished
7/19/2017 4:06:34 PM: createControls Started
7/19/2017 4:06:34 PM: createControls Loaded all Textbox dynamically
7/19/2017 4:06:34 PM: createControls Loaded all Textbox dynamically
7/19/2017 4:06:34 PM: createControls Finished
7/19/2017 4:06:34 PM: GetTemplateDetails started
7/19/2017 4:06:34 PM: generatecontrols Started
7/19/2017 4:06:34 PM: GenerateControls:Loaded all Textbox dynamically
7/19/2017 4:06:34 PM: GenerateControls:Loaded all Textbox dynamically
7/19/2017 4:06:35 PM: createControls Started
7/19/2017 4:06:35 PM: createControls Loaded all Textbox dynamically
7/19/2017 4:06:35 PM: createControls Loaded all Textbox dynamically
7/19/2017 4:06:35 PM: createControls Finished
7/19/2017 4:07:20 PM: createControls Started
7/19/2017 4:07:20 PM: createControls Loaded all Textbox dynamically
7/19/2017 4:07:20 PM: createControls Loaded all Textbox dynamically
7/19/2017 4:07:20 PM: createControls Finished
7/19/2017 4:08:12 PM: createControls Started
7/19/2017 4:08:12 PM: createControls Loaded all Textbox dynamically
7/19/2017 4:08:12 PM: createControls Loaded all Textbox dynamically
7/19/2017 4:08:12 PM: createControls Finished
7/19/2017 4:09:24 PM: createControls Started
7/19/2017 4:09:24 PM: createControls Loaded all Textbox dynamically
7/19/2017 4:09:24 PM: createControls Loaded all Textbox dynamically
7/19/2017 4:09:24 PM: createControls Finished
7/19/2017 4:11:25 PM: createControls Started
7/19/2017 4:11:25 PM: createControls Loaded all Textbox dynamically
7/19/2017 4:11:25 PM: createControls Loaded all Textbox dynamically
7/19/2017 4:11:25 PM: createControls Finished
7/19/2017 4:22:30 PM: BindDocumentType started
7/19/2017 4:22:30 PM: BindDocumentType finished
7/19/2017 4:22:34 PM: createControls Started
7/19/2017 4:22:34 PM: createControls Loaded all Textbox dynamically
7/19/2017 4:22:34 PM: createControls Loaded all Textbox dynamically
7/19/2017 4:22:34 PM: createControls Finished
7/19/2017 4:22:34 PM: GetTemplateDetails started
7/19/2017 4:22:34 PM: generatecontrols Started
7/19/2017 4:22:34 PM: GenerateControls:Loaded all Textbox dynamically
7/19/2017 4:22:34 PM: GenerateControls:Loaded all Textbox dynamically
7/19/2017 4:22:35 PM: createControls Started
7/19/2017 4:22:35 PM: createControls Loaded all Textbox dynamically
7/19/2017 4:22:35 PM: createControls Loaded all Textbox dynamically
7/19/2017 4:22:35 PM: createControls Finished
7/19/2017 4:22:44 PM: createControls Started
7/19/2017 4:22:44 PM: createControls Loaded all Textbox dynamically
7/19/2017 4:22:44 PM: createControls Loaded all Textbox dynamically
7/19/2017 4:22:44 PM: createControls Finished
7/19/2017 4:23:39 PM: createControls Started
7/19/2017 4:23:39 PM: createControls Loaded all Textbox dynamically
7/19/2017 4:23:39 PM: createControls Loaded all Textbox dynamically
7/19/2017 4:23:39 PM: createControls Finished
7/19/2017 4:23:56 PM: createControls Started
7/19/2017 4:23:56 PM: createControls Loaded all Textbox dynamically
7/19/2017 4:23:56 PM: createControls Loaded all Textbox dynamically
7/19/2017 4:23:56 PM: createControls Finished
7/19/2017 4:23:58 PM: createControls Started
7/19/2017 4:23:58 PM: createControls Loaded all Textbox dynamically
7/19/2017 4:23:58 PM: createControls Loaded all Textbox dynamically
7/19/2017 4:23:58 PM: createControls Finished
7/19/2017 4:24:02 PM: GetSginatureDetails Started:-
7/19/2017 4:24:02 PM: GetSginatureDetails Completed:-
7/19/2017 4:24:02 PM: GetTemplateDetails Started
7/19/2017 4:24:02 PM: GetTemplateDetails total record count:1
7/19/2017 4:24:02 PM: Create controls,Load all Textbox dynamic
7/19/2017 4:24:02 PM: Create controls,Load all Textbox dynamic
7/19/2017 4:24:02 PM: GetTemplateDetails Finished
7/19/2017 4:24:02 PM: InitializeDocumentView started
7/19/2017 4:24:02 PM: InitializeDocumentView finished
7/19/2017 4:24:02 PM: Calling database to get annotated images. DocumentId: 1361, Action: GetAnnotatedPages
7/19/2017 4:24:02 PM: Calling database to get annotated images. DocumentId: 1361, Action: GetTaggedPages
7/19/2017 4:24:02 PM: LoadImageToViewer started
7/19/2017 4:24:02 PM: Setting image to viewer. Action:  Page count: 6 Current Page:1
7/19/2017 4:24:02 PM: Converting PDF to JPEG. PDF Path: D:\WDMSDocument\TempWorkFolder\Tk9fRVhfNTEwXzI1MF8xMDI3\1.pdf Image Name: Tk9fRVhfNTEwXzI1MF8xMDI3 Page No: 1
7/19/2017 4:24:02 PM: Converting PDF to JPEG without applying watermark.
7/19/2017 4:24:02 PM: Setting image to viewer using RegisterStartupScript: http://localhost:55361/generichandler.ashx?f=d://wdmsdocument//tempworkfolder//tk9frvhfntewxzi1mf8xmdi3jpg//1.jpeg
7/19/2017 4:24:02 PM: Invoke method to get annotations from databnase.
7/19/2017 4:24:02 PM: Get annotations from database.
7/19/2017 4:24:02 PM: Document Id: 1361 Page No: 1
7/19/2017 4:24:02 PM: Invoking method to get annotation data from database. Action: GetAnnotations
7/19/2017 4:24:02 PM: MailPanelFill started
7/19/2017 4:24:02 PM: MailPanelFill finished
7/19/2017 4:24:02 PM: Unzipping file. Filepath: D:\WDMSDocument\TempWorkFolder\\Tk9fRVhfNTEwXzI1MF8xMDI3.zip
7/19/2017 4:24:04 PM: createControls Started
7/19/2017 4:24:04 PM: createControls Loaded all Textbox dynamically
7/19/2017 4:24:04 PM: createControls Loaded all Textbox dynamically
7/19/2017 4:24:04 PM: createControls Finished
7/19/2017 4:24:07 PM: createControls Started
7/19/2017 4:24:07 PM: createControls Loaded all Textbox dynamically
7/19/2017 4:24:07 PM: createControls Loaded all Textbox dynamically
7/19/2017 4:24:07 PM: createControls Finished
7/19/2017 4:24:10 PM: createControls Started
7/19/2017 4:24:10 PM: createControls Loaded all Textbox dynamically
7/19/2017 4:24:10 PM: createControls Loaded all Textbox dynamically
7/19/2017 4:24:10 PM: createControls Finished
7/19/2017 4:24:15 PM: createControls Started
7/19/2017 4:24:15 PM: createControls Loaded all Textbox dynamically
7/19/2017 4:24:15 PM: createControls Loaded all Textbox dynamically
7/19/2017 4:24:15 PM: createControls Finished
7/19/2017 4:24:18 PM: BindDocumentType started
7/19/2017 4:24:18 PM: BindDocumentType finished
7/19/2017 4:24:24 PM: createControls Started
7/19/2017 4:24:24 PM: createControls Loaded all Textbox dynamically
7/19/2017 4:24:24 PM: createControls Loaded all Textbox dynamically
7/19/2017 4:24:24 PM: createControls Finished
7/19/2017 4:24:24 PM: GetTemplateDetails started
7/19/2017 4:24:24 PM: generatecontrols Started
7/19/2017 4:24:24 PM: GenerateControls:Loaded all Textbox dynamically
7/19/2017 4:24:24 PM: GenerateControls:Loaded all Textbox dynamically
7/19/2017 4:24:25 PM: createControls Started
7/19/2017 4:24:25 PM: createControls Loaded all Textbox dynamically
7/19/2017 4:24:25 PM: createControls Loaded all Textbox dynamically
7/19/2017 4:24:25 PM: createControls Finished
7/19/2017 4:24:41 PM: createControls Started
7/19/2017 4:24:41 PM: createControls Loaded all Textbox dynamically
7/19/2017 4:24:41 PM: createControls Loaded all Textbox dynamically
7/19/2017 4:24:41 PM: createControls Finished
7/19/2017 5:16:29 PM: BindDocumentType started
7/19/2017 5:16:29 PM: BindDocumentType finished
7/19/2017 5:16:32 PM: createControls Started
7/19/2017 5:16:32 PM: createControls Loaded all Textbox dynamically
7/19/2017 5:16:32 PM: createControls Loaded all Textbox dynamically
7/19/2017 5:16:32 PM: createControls Finished
7/19/2017 5:16:32 PM: GetTemplateDetails started
7/19/2017 5:16:32 PM: generatecontrols Started
7/19/2017 5:16:32 PM: GenerateControls:Loaded all Textbox dynamically
7/19/2017 5:16:32 PM: GenerateControls:Loaded all Textbox dynamically
7/19/2017 5:16:34 PM: createControls Started
7/19/2017 5:16:34 PM: createControls Loaded all Textbox dynamically
7/19/2017 5:16:34 PM: createControls Loaded all Textbox dynamically
7/19/2017 5:16:34 PM: createControls Finished
7/19/2017 5:16:39 PM: createControls Started
7/19/2017 5:16:39 PM: createControls Loaded all Textbox dynamically
7/19/2017 5:16:39 PM: createControls Loaded all Textbox dynamically
7/19/2017 5:16:39 PM: createControls Loaded all Textbox dynamically
7/19/2017 5:16:39 PM: createControls Loaded all Textbox dynamically
7/19/2017 5:16:39 PM: createControls Loaded all Textbox dynamically
7/19/2017 5:16:39 PM: createControls Loaded all Textbox dynamically
7/19/2017 5:16:39 PM: createControls Loaded all Textbox dynamically
7/19/2017 5:16:39 PM: createControls Loaded all Textbox dynamically
7/19/2017 5:16:39 PM: createControls Finished
7/19/2017 5:16:39 PM: GetTemplateDetails started
7/19/2017 5:16:39 PM: generatecontrols Started
7/19/2017 5:16:39 PM: GenerateControls:Loaded all Textbox dynamically
7/19/2017 5:16:39 PM: GenerateControls:Loaded all Textbox dynamically
7/19/2017 5:16:39 PM: GenerateControls:Loaded all Textbox dynamically
7/19/2017 5:16:39 PM: GenerateControls:Loaded all Textbox dynamically
7/19/2017 5:16:39 PM: GenerateControls:Loaded all Textbox dynamically
7/19/2017 5:16:39 PM: GenerateControls:Loaded all Textbox dynamically
7/19/2017 5:16:39 PM: GenerateControls:Loaded all Textbox dynamically
7/19/2017 5:16:39 PM: GenerateControls:Loaded all Textbox dynamically
7/19/2017 5:16:42 PM: createControls Started
7/19/2017 5:16:42 PM: createControls Loaded all Textbox dynamically
7/19/2017 5:16:42 PM: createControls Loaded all Textbox dynamically
7/19/2017 5:16:42 PM: createControls Loaded all Textbox dynamically
7/19/2017 5:16:42 PM: createControls Loaded all Textbox dynamically
7/19/2017 5:16:42 PM: createControls Loaded all Textbox dynamically
7/19/2017 5:16:42 PM: createControls Loaded all Textbox dynamically
7/19/2017 5:16:42 PM: createControls Loaded all Textbox dynamically
7/19/2017 5:16:42 PM: createControls Loaded all Textbox dynamically
7/19/2017 5:16:42 PM: createControls Finished
7/19/2017 5:17:39 PM: createControls Started
7/19/2017 5:17:39 PM: createControls Loaded all Textbox dynamically
7/19/2017 5:17:39 PM: createControls Loaded all Textbox dynamically
7/19/2017 5:17:39 PM: createControls Finished
7/19/2017 5:17:39 PM: GetTemplateDetails started
7/19/2017 5:17:39 PM: generatecontrols Started
7/19/2017 5:17:39 PM: GenerateControls:Loaded all Textbox dynamically
7/19/2017 5:17:39 PM: GenerateControls:Loaded all Textbox dynamically
7/19/2017 5:17:40 PM: createControls Started
7/19/2017 5:17:40 PM: createControls Loaded all Textbox dynamically
7/19/2017 5:17:40 PM: createControls Loaded all Textbox dynamically
7/19/2017 5:17:40 PM: createControls Finished
