05/01/2017 1:05:46 PM: BindDocumentType started
05/01/2017 1:05:46 PM: BindDocumentType finished
05/01/2017 1:05:51 PM: createControls Started
05/01/2017 1:05:51 PM: createControls Loaded all Textbox dynamically
05/01/2017 1:05:51 PM: createControls Loaded all Textbox dynamically
05/01/2017 1:05:51 PM: createControls Loaded all Textbox dynamically
05/01/2017 1:05:51 PM: createControls Loaded all Textbox dynamically
05/01/2017 1:05:51 PM: createControls Loaded all Textbox dynamically
05/01/2017 1:05:51 PM: createControls Loaded all Textbox dynamically
05/01/2017 1:05:51 PM: createControls Loaded all Textbox dynamically
05/01/2017 1:05:51 PM: createControls Finished
05/01/2017 1:05:51 PM: GetTemplateDetails started
05/01/2017 1:05:51 PM: generatecontrols Started
05/01/2017 1:05:51 PM: GenerateControls:Loaded all Textbox dynamically
05/01/2017 1:05:51 PM: GenerateControls:Loaded all Textbox dynamically
05/01/2017 1:05:51 PM: GenerateControls:Loaded all Textbox dynamically
05/01/2017 1:05:51 PM: GenerateControls:Loaded all Textbox dynamically
05/01/2017 1:05:51 PM: GenerateControls:Loaded all Textbox dynamically
05/01/2017 1:05:51 PM: GenerateControls:Loaded all Textbox dynamically
05/01/2017 1:05:51 PM: GenerateControls:Loaded all Textbox dynamically
05/01/2017 1:17:19 PM: createControls Started
05/01/2017 1:17:19 PM: createControls Loaded all Textbox dynamically
05/01/2017 1:17:19 PM: createControls Loaded all Textbox dynamically
05/01/2017 1:17:19 PM: createControls Loaded all Textbox dynamically
05/01/2017 1:17:19 PM: createControls Loaded all Textbox dynamically
05/01/2017 1:17:19 PM: createControls Loaded all Textbox dynamically
05/01/2017 1:17:19 PM: createControls Loaded all Textbox dynamically
05/01/2017 1:17:19 PM: createControls Loaded all Textbox dynamically
05/01/2017 1:17:19 PM: createControls Finished
