8/21/2017 10:19:11 AM: BindDocumentType started
8/21/2017 10:19:11 AM: BindDocumentType finished
8/21/2017 10:19:17 AM: createControls Started
8/21/2017 10:19:17 AM: createControls Loaded all Textbox dynamically
8/21/2017 10:19:17 AM: createControls Loaded all Textbox dynamically
8/21/2017 10:19:17 AM: createControls Finished
8/21/2017 10:19:17 AM: GetTemplateDetails started
8/21/2017 10:19:17 AM: generatecontrols Started
8/21/2017 10:19:17 AM: GenerateControls:Loaded all Textbox dynamically
8/21/2017 10:19:17 AM: GenerateControls:Loaded all Textbox dynamically
8/21/2017 10:19:20 AM: createControls Started
8/21/2017 10:19:20 AM: createControls Loaded all Textbox dynamically
8/21/2017 10:19:20 AM: createControls Loaded all Textbox dynamically
8/21/2017 10:19:20 AM: createControls Finished
8/21/2017 10:19:20 AM: Started Loading Entity Drop Down
8/21/2017 10:19:21 AM: Finished Loading Entity Drop Down
8/21/2017 10:19:23 AM: createControls Started
8/21/2017 10:19:23 AM: createControls Loaded all Textbox dynamically
8/21/2017 10:19:23 AM: createControls Loaded all Textbox dynamically
8/21/2017 10:19:23 AM: createControls Finished
8/21/2017 10:23:52 AM: BindDocumentType started
8/21/2017 10:23:52 AM: BindDocumentType finished
8/21/2017 10:23:56 AM: createControls Started
8/21/2017 10:23:56 AM: createControls Loaded all Textbox dynamically
8/21/2017 10:23:56 AM: createControls Loaded all Textbox dynamically
8/21/2017 10:23:56 AM: createControls Finished
8/21/2017 10:23:56 AM: GetTemplateDetails started
8/21/2017 10:23:56 AM: generatecontrols Started
8/21/2017 10:23:56 AM: GenerateControls:Loaded all Textbox dynamically
8/21/2017 10:23:56 AM: GenerateControls:Loaded all Textbox dynamically
8/21/2017 10:23:58 AM: createControls Started
8/21/2017 10:23:58 AM: createControls Loaded all Textbox dynamically
8/21/2017 10:23:58 AM: createControls Loaded all Textbox dynamically
8/21/2017 10:23:58 AM: createControls Finished
8/21/2017 10:23:58 AM: Started Loading Entity Drop Down
8/21/2017 10:23:58 AM: Finished Loading Entity Drop Down
8/21/2017 10:24:01 AM: createControls Started
8/21/2017 10:24:01 AM: createControls Loaded all Textbox dynamically
8/21/2017 10:24:01 AM: createControls Loaded all Textbox dynamically
8/21/2017 10:24:01 AM: createControls Finished
8/21/2017 11:13:07 AM: BindDocumentType started
8/21/2017 11:13:07 AM: BindDocumentType finished
8/21/2017 11:13:10 AM: createControls Started
8/21/2017 11:13:11 AM: createControls Loaded all Textbox dynamically
8/21/2017 11:13:11 AM: createControls Loaded all Textbox dynamically
8/21/2017 11:13:11 AM: createControls Finished
8/21/2017 11:13:11 AM: GetTemplateDetails started
8/21/2017 11:13:11 AM: generatecontrols Started
8/21/2017 11:13:11 AM: GenerateControls:Loaded all Textbox dynamically
8/21/2017 11:13:11 AM: GenerateControls:Loaded all Textbox dynamically
8/21/2017 11:13:13 AM: createControls Started
8/21/2017 11:13:13 AM: createControls Loaded all Textbox dynamically
8/21/2017 11:13:13 AM: createControls Loaded all Textbox dynamically
8/21/2017 11:13:13 AM: createControls Finished
8/21/2017 11:13:13 AM: Started Loading Entity Drop Down
8/21/2017 11:13:14 AM: Finished Loading Entity Drop Down
8/21/2017 11:13:16 AM: createControls Started
8/21/2017 11:13:16 AM: createControls Loaded all Textbox dynamically
8/21/2017 11:13:16 AM: createControls Loaded all Textbox dynamically
8/21/2017 11:13:16 AM: createControls Finished
8/21/2017 11:16:47 AM: BindDocumentType started
8/21/2017 11:16:48 AM: BindDocumentType finished
8/21/2017 11:16:53 AM: createControls Started
8/21/2017 11:16:53 AM: createControls Loaded all Textbox dynamically
8/21/2017 11:16:53 AM: createControls Loaded all Textbox dynamically
8/21/2017 11:16:53 AM: createControls Finished
8/21/2017 11:16:53 AM: GetTemplateDetails started
8/21/2017 11:16:53 AM: generatecontrols Started
8/21/2017 11:16:53 AM: GenerateControls:Loaded all Textbox dynamically
8/21/2017 11:16:53 AM: GenerateControls:Loaded all Textbox dynamically
8/21/2017 11:16:56 AM: createControls Started
8/21/2017 11:16:56 AM: createControls Loaded all Textbox dynamically
8/21/2017 11:16:56 AM: createControls Loaded all Textbox dynamically
8/21/2017 11:16:56 AM: createControls Finished
8/21/2017 11:16:56 AM: Started Loading Entity Drop Down
8/21/2017 11:16:57 AM: Finished Loading Entity Drop Down
8/21/2017 11:16:59 AM: createControls Started
8/21/2017 11:16:59 AM: createControls Loaded all Textbox dynamically
8/21/2017 11:16:59 AM: createControls Loaded all Textbox dynamically
8/21/2017 11:16:59 AM: createControls Finished
8/21/2017 12:14:35 PM: BindDocumentType started
8/21/2017 12:14:36 PM: BindDocumentType finished
8/21/2017 12:14:41 PM: createControls Started
8/21/2017 12:14:41 PM: createControls Loaded all Textbox dynamically
8/21/2017 12:14:41 PM: createControls Loaded all Textbox dynamically
8/21/2017 12:14:41 PM: createControls Finished
8/21/2017 12:14:41 PM: GetTemplateDetails started
8/21/2017 12:14:41 PM: generatecontrols Started
8/21/2017 12:14:41 PM: GenerateControls:Loaded all Textbox dynamically
8/21/2017 12:14:41 PM: GenerateControls:Loaded all Textbox dynamically
8/21/2017 12:14:44 PM: createControls Started
8/21/2017 12:14:44 PM: createControls Loaded all Textbox dynamically
8/21/2017 12:14:44 PM: createControls Loaded all Textbox dynamically
8/21/2017 12:14:44 PM: createControls Finished
8/21/2017 12:14:44 PM: Started Loading Entity Drop Down
8/21/2017 12:14:45 PM: Finished Loading Entity Drop Down
8/21/2017 12:14:46 PM: createControls Started
8/21/2017 12:14:46 PM: createControls Loaded all Textbox dynamically
8/21/2017 12:14:46 PM: createControls Loaded all Textbox dynamically
8/21/2017 12:14:46 PM: createControls Finished
8/21/2017 12:29:22 PM: BindDocumentType started
8/21/2017 12:29:22 PM: BindDocumentType finished
8/21/2017 12:29:28 PM: createControls Started
8/21/2017 12:29:28 PM: createControls Loaded all Textbox dynamically
8/21/2017 12:29:28 PM: createControls Loaded all Textbox dynamically
8/21/2017 12:29:28 PM: createControls Finished
8/21/2017 12:29:28 PM: GetTemplateDetails started
8/21/2017 12:29:28 PM: generatecontrols Started
8/21/2017 12:29:28 PM: GenerateControls:Loaded all Textbox dynamically
8/21/2017 12:29:28 PM: GenerateControls:Loaded all Textbox dynamically
8/21/2017 12:29:30 PM: createControls Started
8/21/2017 12:29:30 PM: createControls Loaded all Textbox dynamically
8/21/2017 12:29:30 PM: createControls Loaded all Textbox dynamically
8/21/2017 12:29:30 PM: createControls Finished
8/21/2017 12:29:30 PM: Started Loading Entity Drop Down
8/21/2017 12:29:30 PM: Finished Loading Entity Drop Down
8/21/2017 12:29:32 PM: createControls Started
8/21/2017 12:29:32 PM: createControls Loaded all Textbox dynamically
8/21/2017 12:29:32 PM: createControls Loaded all Textbox dynamically
8/21/2017 12:29:32 PM: createControls Finished
8/21/2017 2:06:47 PM: BindDocumentType started
8/21/2017 2:06:47 PM: BindDocumentType finished
8/21/2017 2:06:51 PM: createControls Started
8/21/2017 2:06:51 PM: createControls Loaded all Textbox dynamically
8/21/2017 2:06:51 PM: createControls Loaded all Textbox dynamically
8/21/2017 2:06:51 PM: createControls Finished
8/21/2017 2:06:51 PM: GetTemplateDetails started
8/21/2017 2:06:51 PM: generatecontrols Started
8/21/2017 2:06:52 PM: GenerateControls:Loaded all Textbox dynamically
8/21/2017 2:06:52 PM: GenerateControls:Loaded all Textbox dynamically
8/21/2017 2:06:54 PM: createControls Started
8/21/2017 2:06:54 PM: createControls Loaded all Textbox dynamically
8/21/2017 2:06:54 PM: createControls Loaded all Textbox dynamically
8/21/2017 2:06:54 PM: createControls Finished
8/21/2017 2:06:54 PM: Started Loading Entity Drop Down
8/21/2017 2:06:55 PM: Finished Loading Entity Drop Down
8/21/2017 2:06:57 PM: createControls Started
8/21/2017 2:06:57 PM: createControls Loaded all Textbox dynamically
8/21/2017 2:06:57 PM: createControls Loaded all Textbox dynamically
8/21/2017 2:06:57 PM: createControls Finished
8/21/2017 2:23:25 PM: BindDocumentType started
8/21/2017 2:23:25 PM: BindDocumentType finished
8/21/2017 2:23:30 PM: createControls Started
8/21/2017 2:23:30 PM: createControls Loaded all Textbox dynamically
8/21/2017 2:23:30 PM: createControls Loaded all Textbox dynamically
8/21/2017 2:23:30 PM: createControls Finished
8/21/2017 2:23:30 PM: GetTemplateDetails started
8/21/2017 2:23:31 PM: generatecontrols Started
8/21/2017 2:23:31 PM: GenerateControls:Loaded all Textbox dynamically
8/21/2017 2:23:31 PM: GenerateControls:Loaded all Textbox dynamically
8/21/2017 2:23:33 PM: createControls Started
8/21/2017 2:23:33 PM: createControls Loaded all Textbox dynamically
8/21/2017 2:23:33 PM: createControls Loaded all Textbox dynamically
8/21/2017 2:23:33 PM: createControls Finished
8/21/2017 2:23:33 PM: Started Loading Entity Drop Down
8/21/2017 2:23:34 PM: Finished Loading Entity Drop Down
8/21/2017 2:23:37 PM: createControls Started
8/21/2017 2:23:37 PM: createControls Loaded all Textbox dynamically
8/21/2017 2:23:37 PM: createControls Loaded all Textbox dynamically
8/21/2017 2:23:37 PM: createControls Finished
8/21/2017 2:41:17 PM: BindDocumentType started
8/21/2017 2:41:17 PM: BindDocumentType finished
8/21/2017 2:41:21 PM: createControls Started
8/21/2017 2:41:21 PM: createControls Loaded all Textbox dynamically
8/21/2017 2:41:21 PM: createControls Loaded all Textbox dynamically
8/21/2017 2:41:21 PM: createControls Finished
8/21/2017 2:41:21 PM: GetTemplateDetails started
8/21/2017 2:41:21 PM: generatecontrols Started
8/21/2017 2:41:21 PM: GenerateControls:Loaded all Textbox dynamically
8/21/2017 2:41:21 PM: GenerateControls:Loaded all Textbox dynamically
8/21/2017 2:41:23 PM: createControls Started
8/21/2017 2:41:23 PM: createControls Loaded all Textbox dynamically
8/21/2017 2:41:23 PM: createControls Loaded all Textbox dynamically
8/21/2017 2:41:23 PM: createControls Finished
8/21/2017 2:41:24 PM: Started Loading Entity Drop Down
8/21/2017 2:41:24 PM: Finished Loading Entity Drop Down
8/21/2017 2:41:26 PM: createControls Started
8/21/2017 2:41:26 PM: createControls Loaded all Textbox dynamically
8/21/2017 2:41:26 PM: createControls Loaded all Textbox dynamically
8/21/2017 2:41:26 PM: createControls Finished
8/21/2017 3:05:18 PM: BindDocumentType started
8/21/2017 3:05:18 PM: BindDocumentType finished
8/21/2017 3:05:38 PM: createControls Started
8/21/2017 3:05:38 PM: createControls Loaded all Textbox dynamically
8/21/2017 3:05:38 PM: createControls Loaded all Textbox dynamically
8/21/2017 3:05:38 PM: createControls Finished
8/21/2017 3:05:38 PM: GetTemplateDetails started
8/21/2017 3:05:39 PM: generatecontrols Started
8/21/2017 3:05:39 PM: GenerateControls:Loaded all Textbox dynamically
8/21/2017 3:05:39 PM: GenerateControls:Loaded all Textbox dynamically
8/21/2017 3:05:41 PM: createControls Started
8/21/2017 3:05:42 PM: createControls Loaded all Textbox dynamically
8/21/2017 3:05:42 PM: createControls Loaded all Textbox dynamically
8/21/2017 3:05:42 PM: createControls Finished
8/21/2017 3:05:42 PM: Started Loading Entity Drop Down
8/21/2017 3:05:45 PM: Finished Loading Entity Drop Down
8/21/2017 3:05:48 PM: createControls Started
8/21/2017 3:05:48 PM: createControls Loaded all Textbox dynamically
8/21/2017 3:05:48 PM: createControls Loaded all Textbox dynamically
8/21/2017 3:05:48 PM: createControls Finished
8/21/2017 3:06:08 PM: GetSginatureDetails Started:-
8/21/2017 3:06:08 PM: GetSginatureDetails Completed:-
8/21/2017 3:06:08 PM: GetTemplateDetails Started
8/21/2017 3:06:08 PM: GetTemplateDetails total record count:1
8/21/2017 3:06:09 PM: Create controls,Load all Textbox dynamic
8/21/2017 3:06:09 PM: Create controls,Load all Textbox dynamic
8/21/2017 3:06:09 PM: GetTemplateDetails Finished
8/21/2017 3:06:09 PM: InitializeDocumentView started
8/21/2017 3:06:09 PM: InitializeDocumentView finished
8/21/2017 3:06:09 PM: Calling database to get annotated images. DocumentId: 2373, Action: GetAnnotatedPages
8/21/2017 3:06:15 PM: Calling database to get annotated images. DocumentId: 2373, Action: GetTaggedPages
8/21/2017 3:06:15 PM: LoadImageToViewer started
8/21/2017 3:06:15 PM: Setting image to viewer. Action:  Page count: 39 Current Page:1
8/21/2017 3:06:15 PM: Converting PDF to JPEG. PDF Path: E:\WDMSDocument\TempWorkFolder\Tk9fRVhfNTEwXzI1MF8xNDAw\6.pdf Image Name: Tk9fRVhfNTEwXzI1MF8xNDAw Page No: 6
8/21/2017 3:06:15 PM: Converting PDF to JPEG without applying watermark.
8/21/2017 3:06:18 PM: Setting image to viewer using RegisterStartupScript: http://localhost:55361/generichandler.ashx?f=e://wdmsdocument//tempworkfolder//tk9frvhfntewxzi1mf8xndawjpg//6.jpeg
8/21/2017 3:06:18 PM: Invoke method to get annotations from databnase.
8/21/2017 3:06:18 PM: Get annotations from database.
8/21/2017 3:06:18 PM: Document Id: 2373 Page No: 6
8/21/2017 3:06:18 PM: Invoking method to get annotation data from database. Action: GetAnnotations
8/21/2017 3:06:18 PM: MailPanelFill started
8/21/2017 3:06:18 PM: MailPanelFill finished
8/21/2017 3:06:18 PM: Unzipping file. Filepath: E:\WDMSDocument\TempWorkFolder\\Tk9fRVhfNTEwXzI1MF8xNDAw.zip
8/21/2017 3:09:05 PM: GetTemplateDetails Started
8/21/2017 3:09:05 PM: GetTemplateDetails total record count:1
8/21/2017 3:09:05 PM: Create controls,Load all Textbox dynamic
8/21/2017 3:09:05 PM: Create controls,Load all Textbox dynamic
8/21/2017 3:09:05 PM: GetTemplateDetails Finished
8/21/2017 3:10:14 PM: BindDocumentType started
8/21/2017 3:10:14 PM: BindDocumentType finished
8/21/2017 3:10:18 PM: createControls Started
8/21/2017 3:10:19 PM: createControls Loaded all Textbox dynamically
8/21/2017 3:10:19 PM: createControls Loaded all Textbox dynamically
8/21/2017 3:10:19 PM: createControls Finished
8/21/2017 3:10:19 PM: GetTemplateDetails started
8/21/2017 3:10:19 PM: generatecontrols Started
8/21/2017 3:10:19 PM: GenerateControls:Loaded all Textbox dynamically
8/21/2017 3:10:19 PM: GenerateControls:Loaded all Textbox dynamically
8/21/2017 3:10:21 PM: createControls Started
8/21/2017 3:10:21 PM: createControls Loaded all Textbox dynamically
8/21/2017 3:10:21 PM: createControls Loaded all Textbox dynamically
8/21/2017 3:10:21 PM: createControls Finished
8/21/2017 3:10:21 PM: Started Loading Entity Drop Down
8/21/2017 3:10:22 PM: Finished Loading Entity Drop Down
8/21/2017 3:19:24 PM: BindDocumentType started
8/21/2017 3:19:24 PM: BindDocumentType finished
8/21/2017 3:19:29 PM: Started Loading Entity Drop Down
8/21/2017 3:19:29 PM: Finished Loading Entity Drop Down
8/21/2017 3:19:33 PM: Started Loading Entity Drop Down
8/21/2017 3:19:33 PM: Finished Loading Entity Drop Down
8/21/2017 3:21:19 PM: BindDocumentType started
8/21/2017 3:21:19 PM: BindDocumentType finished
8/21/2017 3:32:34 PM: BindDocumentType started
8/21/2017 3:32:34 PM: BindDocumentType finished
8/21/2017 3:32:36 PM: Started Loading Entity Drop Down
8/21/2017 3:32:39 PM: Finished Loading Entity Drop Down
8/21/2017 3:32:44 PM: Started Loading Entity Drop Down
8/21/2017 3:32:44 PM: Finished Loading Entity Drop Down
8/21/2017 3:32:45 PM: Started Loading Entity Drop Down
8/21/2017 3:32:45 PM: Finished Loading Entity Drop Down
8/21/2017 3:51:34 PM: Started Loading Entity Drop Down
8/21/2017 3:51:35 PM: Finished Loading Entity Drop Down
8/21/2017 3:51:37 PM: BindDocumentType started
8/21/2017 3:51:37 PM: BindDocumentType finished
8/21/2017 3:51:39 PM: Started Loading Entity Drop Down
8/21/2017 3:51:40 PM: Finished Loading Entity Drop Down
8/21/2017 3:56:37 PM: BindDocumentType started
8/21/2017 3:56:37 PM: BindDocumentType finished
8/21/2017 3:58:17 PM: BindDocumentType started
8/21/2017 3:58:17 PM: BindDocumentType finished
8/21/2017 3:58:27 PM: createControls Started
8/21/2017 3:58:28 PM: createControls Loaded all Textbox dynamically
8/21/2017 3:58:28 PM: createControls Loaded all Textbox dynamically
8/21/2017 3:58:28 PM: createControls Loaded all Textbox dynamically
8/21/2017 3:58:28 PM: createControls Loaded all Textbox dynamically
8/21/2017 3:58:28 PM: createControls Loaded all Textbox dynamically
8/21/2017 3:58:28 PM: createControls Loaded all Textbox dynamically
8/21/2017 3:58:28 PM: createControls Loaded all Textbox dynamically
8/21/2017 3:58:28 PM: createControls Loaded all Textbox dynamically
8/21/2017 3:58:28 PM: createControls Loaded all Textbox dynamically
8/21/2017 3:58:28 PM: createControls Finished
8/21/2017 3:58:28 PM: GetTemplateDetails started
8/21/2017 3:58:28 PM: generatecontrols Started
8/21/2017 3:58:28 PM: GenerateControls:Loaded all Textbox dynamically
8/21/2017 3:58:28 PM: GenerateControls:Loaded all Textbox dynamically
8/21/2017 3:58:28 PM: GenerateControls:Loaded all Textbox dynamically
8/21/2017 3:58:28 PM: GenerateControls:Loaded all Textbox dynamically
8/21/2017 3:58:28 PM: GenerateControls:Loaded all Textbox dynamically
8/21/2017 3:58:28 PM: GenerateControls:Loaded all Textbox dynamically
8/21/2017 3:58:28 PM: GenerateControls:Loaded all Textbox dynamically
8/21/2017 3:58:28 PM: GenerateControls:Loaded all Textbox dynamically
8/21/2017 3:58:28 PM: GenerateControls:Loaded all Textbox dynamically
8/21/2017 3:58:42 PM: createControls Started
8/21/2017 3:58:42 PM: createControls Finished
8/21/2017 3:58:44 PM: createControls Started
8/21/2017 3:58:44 PM: createControls Loaded all Textbox dynamically
8/21/2017 3:58:44 PM: createControls Loaded all Textbox dynamically
8/21/2017 3:58:44 PM: createControls Finished
8/21/2017 3:58:44 PM: GetTemplateDetails started
8/21/2017 3:58:44 PM: generatecontrols Started
8/21/2017 3:58:44 PM: GenerateControls:Loaded all Textbox dynamically
8/21/2017 3:58:44 PM: GenerateControls:Loaded all Textbox dynamically
8/21/2017 3:58:48 PM: createControls Started
8/21/2017 3:58:48 PM: createControls Loaded all Textbox dynamically
8/21/2017 3:58:48 PM: createControls Loaded all Textbox dynamically
8/21/2017 3:58:48 PM: createControls Finished
8/21/2017 3:58:48 PM: Started Loading Entity Drop Down
8/21/2017 3:58:48 PM: Finished Loading Entity Drop Down
8/21/2017 4:04:04 PM: BindDocumentType started
8/21/2017 4:04:05 PM: BindDocumentType finished
8/21/2017 4:04:10 PM: createControls Started
8/21/2017 4:04:10 PM: createControls Loaded all Textbox dynamically
8/21/2017 4:04:10 PM: createControls Loaded all Textbox dynamically
8/21/2017 4:04:10 PM: createControls Finished
8/21/2017 4:04:10 PM: GetTemplateDetails started
8/21/2017 4:04:10 PM: generatecontrols Started
8/21/2017 4:04:11 PM: GenerateControls:Loaded all Textbox dynamically
8/21/2017 4:04:11 PM: GenerateControls:Loaded all Textbox dynamically
8/21/2017 4:04:11 PM: createControls Started
8/21/2017 4:04:12 PM: createControls Loaded all Textbox dynamically
8/21/2017 4:04:12 PM: createControls Loaded all Textbox dynamically
8/21/2017 4:04:12 PM: createControls Finished
8/21/2017 4:04:12 PM: GetTemplateDetails started
8/21/2017 4:04:12 PM: generatecontrols Started
8/21/2017 4:04:12 PM: GenerateControls:Loaded all Textbox dynamically
8/21/2017 4:04:12 PM: GenerateControls:Loaded all Textbox dynamically
8/21/2017 4:04:12 PM: Started Loading Entity Drop Down
8/21/2017 4:04:13 PM: Finished Loading Entity Drop Down
8/21/2017 4:04:25 PM: createControls Started
8/21/2017 4:04:25 PM: createControls Loaded all Textbox dynamically
8/21/2017 4:04:25 PM: createControls Loaded all Textbox dynamically
8/21/2017 4:04:25 PM: createControls Finished
8/21/2017 4:04:25 PM: Started Loading Entity Drop Down
8/21/2017 4:04:26 PM: Finished Loading Entity Drop Down
8/21/2017 4:04:27 PM: createControls Started
8/21/2017 4:04:27 PM: createControls Loaded all Textbox dynamically
8/21/2017 4:04:27 PM: createControls Loaded all Textbox dynamically
8/21/2017 4:04:27 PM: createControls Finished
8/21/2017 4:04:27 PM: Started Loading Entity Drop Down
8/21/2017 4:04:28 PM: Finished Loading Entity Drop Down
8/21/2017 4:04:29 PM: createControls Started
8/21/2017 4:04:29 PM: createControls Loaded all Textbox dynamically
8/21/2017 4:04:29 PM: createControls Loaded all Textbox dynamically
8/21/2017 4:04:29 PM: createControls Finished
8/21/2017 4:04:29 PM: Started Loading Entity Drop Down
8/21/2017 4:04:30 PM: Finished Loading Entity Drop Down
8/21/2017 4:04:30 PM: LoadGrid Started:-
8/21/2017 4:04:31 PM: FilterGridData Started:-
8/21/2017 4:04:31 PM: FilterGridData Completed:-
8/21/2017 4:04:31 PM: grdView_RowDataBound Started:-
8/21/2017 4:04:31 PM: grdView_RowDataBound Completed:-
8/21/2017 4:04:31 PM: LoadGrid Completed:-
8/21/2017 4:04:31 PM: ManageButtons Started:-
8/21/2017 4:04:31 PM: ManageButtons Completed:-
8/21/2017 4:04:35 PM: BindDocumentType started
8/21/2017 4:04:35 PM: BindDocumentType finished
8/21/2017 4:04:43 PM: createControls Started
8/21/2017 4:04:43 PM: createControls Loaded all Textbox dynamically
8/21/2017 4:04:43 PM: createControls Loaded all Textbox dynamically
8/21/2017 4:04:43 PM: createControls Finished
8/21/2017 4:04:43 PM: GetTemplateDetails started
8/21/2017 4:04:43 PM: generatecontrols Started
8/21/2017 4:04:43 PM: GenerateControls:Loaded all Textbox dynamically
8/21/2017 4:04:43 PM: GenerateControls:Loaded all Textbox dynamically
8/21/2017 4:04:45 PM: createControls Started
8/21/2017 4:04:45 PM: createControls Loaded all Textbox dynamically
8/21/2017 4:04:45 PM: createControls Loaded all Textbox dynamically
8/21/2017 4:04:45 PM: createControls Finished
8/21/2017 4:04:45 PM: Started Loading Entity Drop Down
8/21/2017 4:04:46 PM: Finished Loading Entity Drop Down
8/21/2017 4:48:53 PM: BindDocumentType started
8/21/2017 4:48:53 PM: BindDocumentType finished
8/21/2017 4:48:57 PM: createControls Started
8/21/2017 4:48:57 PM: createControls Loaded all Textbox dynamically
8/21/2017 4:48:57 PM: createControls Loaded all Textbox dynamically
8/21/2017 4:48:57 PM: createControls Finished
8/21/2017 4:48:57 PM: GetTemplateDetails started
8/21/2017 4:48:57 PM: generatecontrols Started
8/21/2017 4:48:57 PM: GenerateControls:Loaded all Textbox dynamically
8/21/2017 4:48:57 PM: GenerateControls:Loaded all Textbox dynamically
8/21/2017 5:16:24 PM: BindDocumentType started
8/21/2017 5:16:24 PM: BindDocumentType finished
8/21/2017 5:16:28 PM: createControls Started
8/21/2017 5:16:28 PM: createControls Loaded all Textbox dynamically
8/21/2017 5:16:28 PM: createControls Loaded all Textbox dynamically
8/21/2017 5:16:28 PM: createControls Finished
8/21/2017 5:16:28 PM: GetTemplateDetails started
8/21/2017 5:16:29 PM: generatecontrols Started
8/21/2017 5:16:29 PM: GenerateControls:Loaded all Textbox dynamically
8/21/2017 5:16:29 PM: GenerateControls:Loaded all Textbox dynamically
8/21/2017 5:16:30 PM: createControls Started
8/21/2017 5:16:30 PM: createControls Loaded all Textbox dynamically
8/21/2017 5:16:30 PM: createControls Loaded all Textbox dynamically
8/21/2017 5:16:30 PM: createControls Finished
8/21/2017 5:16:31 PM: Started Loading Entity Drop Down
8/21/2017 5:16:32 PM: Finished Loading Entity Drop Down
8/21/2017 5:16:33 PM: createControls Started
8/21/2017 5:16:34 PM: createControls Loaded all Textbox dynamically
8/21/2017 5:16:34 PM: createControls Loaded all Textbox dynamically
8/21/2017 5:16:34 PM: createControls Finished
8/21/2017 5:17:01 PM: BindDocumentType started
8/21/2017 5:17:01 PM: BindDocumentType finished
8/21/2017 5:17:06 PM: createControls Started
8/21/2017 5:17:06 PM: createControls Loaded all Textbox dynamically
8/21/2017 5:17:06 PM: createControls Loaded all Textbox dynamically
8/21/2017 5:17:06 PM: createControls Finished
8/21/2017 5:17:06 PM: GetTemplateDetails started
8/21/2017 5:17:06 PM: generatecontrols Started
8/21/2017 5:17:06 PM: GenerateControls:Loaded all Textbox dynamically
8/21/2017 5:17:06 PM: GenerateControls:Loaded all Textbox dynamically
8/21/2017 5:17:08 PM: createControls Started
8/21/2017 5:17:09 PM: createControls Loaded all Textbox dynamically
8/21/2017 5:17:09 PM: createControls Loaded all Textbox dynamically
8/21/2017 5:17:09 PM: createControls Finished
8/21/2017 5:17:09 PM: Started Loading Entity Drop Down
8/21/2017 5:17:11 PM: Finished Loading Entity Drop Down
8/21/2017 5:17:13 PM: createControls Started
8/21/2017 5:17:13 PM: createControls Loaded all Textbox dynamically
8/21/2017 5:17:13 PM: createControls Loaded all Textbox dynamically
8/21/2017 5:17:13 PM: createControls Finished
8/21/2017 5:17:15 PM: GetSginatureDetails Started:-
8/21/2017 5:17:16 PM: GetSginatureDetails Completed:-
8/21/2017 5:17:16 PM: GetTemplateDetails Started
8/21/2017 5:17:16 PM: GetTemplateDetails total record count:1
8/21/2017 5:17:16 PM: Create controls,Load all Textbox dynamic
8/21/2017 5:17:16 PM: Create controls,Load all Textbox dynamic
8/21/2017 5:17:16 PM: GetTemplateDetails Finished
8/21/2017 5:17:16 PM: InitializeDocumentView started
8/21/2017 5:17:16 PM: InitializeDocumentView finished
8/21/2017 5:17:16 PM: Calling database to get annotated images. DocumentId: 2373, Action: GetAnnotatedPages
8/21/2017 5:17:19 PM: Calling database to get annotated images. DocumentId: 2373, Action: GetTaggedPages
8/21/2017 5:17:20 PM: LoadImageToViewer started
8/21/2017 5:17:20 PM: Setting image to viewer. Action:  Page count: 39 Current Page:1
8/21/2017 5:17:20 PM: Converting PDF to JPEG. PDF Path: E:\WDMSDocument\TempWorkFolder\Tk9fRVhfNTEwXzI1MF8xNDAw\6.pdf Image Name: Tk9fRVhfNTEwXzI1MF8xNDAw Page No: 6
8/21/2017 5:17:20 PM: Converting PDF to JPEG without applying watermark.
8/21/2017 5:17:20 PM: Setting image to viewer using RegisterStartupScript: http://localhost:55361/generichandler.ashx?f=e://wdmsdocument//tempworkfolder//tk9frvhfntewxzi1mf8xndawjpg//6.jpeg
8/21/2017 5:17:20 PM: Invoke method to get annotations from databnase.
8/21/2017 5:17:20 PM: Get annotations from database.
8/21/2017 5:17:20 PM: Document Id: 2373 Page No: 6
8/21/2017 5:17:20 PM: Invoking method to get annotation data from database. Action: GetAnnotations
8/21/2017 5:17:20 PM: MailPanelFill started
8/21/2017 5:17:20 PM: MailPanelFill finished
8/21/2017 5:17:21 PM: Unzipping file. Filepath: E:\WDMSDocument\TempWorkFolder\\Tk9fRVhfNTEwXzI1MF8xNDAw.zip
8/21/2017 5:27:25 PM: GetTemplateDetails Started
8/21/2017 5:27:25 PM: GetTemplateDetails total record count:1
8/21/2017 5:27:25 PM: Create controls,Load all Textbox dynamic
8/21/2017 5:27:25 PM: Create controls,Load all Textbox dynamic
8/21/2017 5:27:25 PM: GetTemplateDetails Finished
8/21/2017 5:27:25 PM: LoadImageToViewer started
8/21/2017 5:27:25 PM: Setting image to viewer. Action: THUMB Page count: 39 Current Page:6
8/21/2017 5:27:25 PM: Converting PDF to JPEG. PDF Path: E:\WDMSDocument\TempWorkFolder\Tk9fRVhfNTEwXzI1MF8xNDAw\6.pdf Image Name: Tk9fRVhfNTEwXzI1MF8xNDAw Page No: 6
8/21/2017 5:27:25 PM: Converting PDF to JPEG without applying watermark.
8/21/2017 5:27:26 PM: Setting image to viewer using RegisterStartupScript: http://localhost:55361/generichandler.ashx?f=e://wdmsdocument//tempworkfolder//tk9frvhfntewxzi1mf8xndawjpg//6.jpeg
8/21/2017 5:27:26 PM: Invoke method to get annotations from databnase.
8/21/2017 5:27:26 PM: Get annotations from database.
8/21/2017 5:27:26 PM: Document Id: 2373 Page No: 6
8/21/2017 5:27:26 PM: Invoking method to get annotation data from database. Action: GetAnnotations
8/21/2017 5:27:27 PM: GetTemplateDetails Started
8/21/2017 5:27:27 PM: GetTemplateDetails total record count:1
8/21/2017 5:27:27 PM: Create controls,Load all Textbox dynamic
8/21/2017 5:27:27 PM: Create controls,Load all Textbox dynamic
8/21/2017 5:27:27 PM: GetTemplateDetails Finished
8/21/2017 5:27:27 PM: LoadImageToViewer started
8/21/2017 5:27:27 PM: Setting image to viewer. Action: THUMB Page count: 39 Current Page:6
8/21/2017 5:27:27 PM: Converting PDF to JPEG. PDF Path: E:\WDMSDocument\TempWorkFolder\Tk9fRVhfNTEwXzI1MF8xNDAw\9.pdf Image Name: Tk9fRVhfNTEwXzI1MF8xNDAw Page No: 9
8/21/2017 5:27:27 PM: Converting PDF to JPEG without applying watermark.
8/21/2017 5:27:27 PM: Setting image to viewer using RegisterStartupScript: http://localhost:55361/generichandler.ashx?f=e://wdmsdocument//tempworkfolder//tk9frvhfntewxzi1mf8xndawjpg//9.jpeg
8/21/2017 5:27:27 PM: Invoke method to get annotations from databnase.
8/21/2017 5:27:27 PM: Get annotations from database.
8/21/2017 5:27:27 PM: Document Id: 2373 Page No: 9
8/21/2017 5:27:27 PM: Invoking method to get annotation data from database. Action: GetAnnotations
8/21/2017 5:27:30 PM: GetTemplateDetails Started
8/21/2017 5:27:31 PM: GetTemplateDetails total record count:1
8/21/2017 5:27:31 PM: Create controls,Load all Textbox dynamic
8/21/2017 5:27:31 PM: Create controls,Load all Textbox dynamic
8/21/2017 5:27:31 PM: GetTemplateDetails Finished
8/21/2017 5:27:31 PM: LoadImageToViewer started
8/21/2017 5:27:31 PM: Setting image to viewer. Action: THUMB Page count: 39 Current Page:9
8/21/2017 5:27:31 PM: Converting PDF to JPEG. PDF Path: E:\WDMSDocument\TempWorkFolder\Tk9fRVhfNTEwXzI1MF8xNDAw\6.pdf Image Name: Tk9fRVhfNTEwXzI1MF8xNDAw Page No: 6
8/21/2017 5:27:31 PM: Converting PDF to JPEG without applying watermark.
8/21/2017 5:27:31 PM: Setting image to viewer using RegisterStartupScript: http://localhost:55361/generichandler.ashx?f=e://wdmsdocument//tempworkfolder//tk9frvhfntewxzi1mf8xndawjpg//6.jpeg
8/21/2017 5:27:31 PM: Invoke method to get annotations from databnase.
8/21/2017 5:27:31 PM: Get annotations from database.
8/21/2017 5:27:31 PM: Document Id: 2373 Page No: 6
8/21/2017 5:27:31 PM: Invoking method to get annotation data from database. Action: GetAnnotations
8/21/2017 5:27:40 PM: GetTemplateDetails Started
8/21/2017 5:27:40 PM: GetTemplateDetails total record count:1
8/21/2017 5:27:41 PM: Create controls,Load all Textbox dynamic
8/21/2017 5:27:41 PM: Create controls,Load all Textbox dynamic
8/21/2017 5:27:41 PM: GetTemplateDetails Finished
8/21/2017 5:27:41 PM: LoadImageToViewer started
8/21/2017 5:27:41 PM: Setting image to viewer. Action: THUMB Page count: 39 Current Page:6
8/21/2017 5:27:41 PM: Converting PDF to JPEG. PDF Path: E:\WDMSDocument\TempWorkFolder\Tk9fRVhfNTEwXzI1MF8xNDAw\38.pdf Image Name: Tk9fRVhfNTEwXzI1MF8xNDAw Page No: 38
8/21/2017 5:27:41 PM: Converting PDF to JPEG without applying watermark.
8/21/2017 5:27:41 PM: Setting image to viewer using RegisterStartupScript: http://localhost:55361/generichandler.ashx?f=e://wdmsdocument//tempworkfolder//tk9frvhfntewxzi1mf8xndawjpg//38.jpeg
8/21/2017 5:27:41 PM: Invoke method to get annotations from databnase.
8/21/2017 5:27:41 PM: Get annotations from database.
8/21/2017 5:27:41 PM: Document Id: 2373 Page No: 38
8/21/2017 5:27:41 PM: Invoking method to get annotation data from database. Action: GetAnnotations
8/21/2017 5:27:49 PM: GetTemplateDetails Started
8/21/2017 5:27:50 PM: GetTemplateDetails total record count:1
8/21/2017 5:27:50 PM: Create controls,Load all Textbox dynamic
8/21/2017 5:27:50 PM: Create controls,Load all Textbox dynamic
8/21/2017 5:27:50 PM: GetTemplateDetails Finished
8/21/2017 5:27:50 PM: LoadImageToViewer started
8/21/2017 5:27:50 PM: Setting image to viewer. Action: THUMB Page count: 39 Current Page:38
8/21/2017 5:27:50 PM: Converting PDF to JPEG. PDF Path: E:\WDMSDocument\TempWorkFolder\Tk9fRVhfNTEwXzI1MF8xNDAw\38.pdf Image Name: Tk9fRVhfNTEwXzI1MF8xNDAw Page No: 38
8/21/2017 5:27:50 PM: Converting PDF to JPEG without applying watermark.
8/21/2017 5:27:50 PM: Setting image to viewer using RegisterStartupScript: http://localhost:55361/generichandler.ashx?f=e://wdmsdocument//tempworkfolder//tk9frvhfntewxzi1mf8xndawjpg//38.jpeg
8/21/2017 5:27:50 PM: Invoke method to get annotations from databnase.
8/21/2017 5:27:50 PM: Get annotations from database.
8/21/2017 5:27:50 PM: Document Id: 2373 Page No: 38
8/21/2017 5:27:50 PM: Invoking method to get annotation data from database. Action: GetAnnotations
8/21/2017 5:27:55 PM: GetTemplateDetails Started
8/21/2017 5:27:55 PM: GetTemplateDetails total record count:1
8/21/2017 5:27:55 PM: Create controls,Load all Textbox dynamic
8/21/2017 5:27:55 PM: Create controls,Load all Textbox dynamic
8/21/2017 5:27:55 PM: GetTemplateDetails Finished
8/21/2017 5:27:56 PM: LoadImageToViewer started
8/21/2017 5:27:56 PM: Setting image to viewer. Action: THUMB Page count: 39 Current Page:38
8/21/2017 5:27:56 PM: Converting PDF to JPEG. PDF Path: E:\WDMSDocument\TempWorkFolder\Tk9fRVhfNTEwXzI1MF8xNDAw\38.pdf Image Name: Tk9fRVhfNTEwXzI1MF8xNDAw Page No: 38
8/21/2017 5:27:56 PM: Converting PDF to JPEG without applying watermark.
8/21/2017 5:27:56 PM: Setting image to viewer using RegisterStartupScript: http://localhost:55361/generichandler.ashx?f=e://wdmsdocument//tempworkfolder//tk9frvhfntewxzi1mf8xndawjpg//38.jpeg
8/21/2017 5:27:56 PM: Invoke method to get annotations from databnase.
8/21/2017 5:27:56 PM: Get annotations from database.
8/21/2017 5:27:56 PM: Document Id: 2373 Page No: 38
8/21/2017 5:27:56 PM: Invoking method to get annotation data from database. Action: GetAnnotations
8/21/2017 5:28:01 PM: GetTemplateDetails Started
8/21/2017 5:28:01 PM: GetTemplateDetails total record count:1
8/21/2017 5:28:01 PM: Create controls,Load all Textbox dynamic
8/21/2017 5:28:01 PM: Create controls,Load all Textbox dynamic
8/21/2017 5:28:01 PM: GetTemplateDetails Finished
8/21/2017 5:28:02 PM: LoadImageToViewer started
8/21/2017 5:28:02 PM: Setting image to viewer. Action: THUMB Page count: 39 Current Page:40
8/21/2017 5:28:05 PM: GetTemplateDetails Started
8/21/2017 5:28:05 PM: GetTemplateDetails total record count:1
8/21/2017 5:28:05 PM: Create controls,Load all Textbox dynamic
8/21/2017 5:28:05 PM: Create controls,Load all Textbox dynamic
8/21/2017 5:28:05 PM: GetTemplateDetails Finished
8/21/2017 5:28:05 PM: LoadImageToViewer started
8/21/2017 5:28:05 PM: Setting image to viewer. Action: THUMB Page count: 39 Current Page:40
8/21/2017 5:28:09 PM: GetTemplateDetails Started
8/21/2017 5:28:09 PM: GetTemplateDetails total record count:1
8/21/2017 5:28:09 PM: Create controls,Load all Textbox dynamic
8/21/2017 5:28:09 PM: Create controls,Load all Textbox dynamic
8/21/2017 5:28:09 PM: GetTemplateDetails Finished
8/21/2017 5:28:10 PM: LoadImageToViewer started
8/21/2017 5:28:10 PM: Setting image to viewer. Action: THUMB Page count: 39 Current Page:40
8/21/2017 5:28:10 PM: Converting PDF to JPEG. PDF Path: E:\WDMSDocument\TempWorkFolder\Tk9fRVhfNTEwXzI1MF8xNDAw\40.pdf Image Name: Tk9fRVhfNTEwXzI1MF8xNDAw Page No: 40
8/21/2017 5:28:10 PM: Converting PDF to JPEG without applying watermark.
8/21/2017 5:28:10 PM: Setting image to viewer using RegisterStartupScript: http://localhost:55361/generichandler.ashx?f=e://wdmsdocument//tempworkfolder//tk9frvhfntewxzi1mf8xndawjpg//40.jpeg
8/21/2017 5:28:10 PM: Invoke method to get annotations from databnase.
8/21/2017 5:28:10 PM: Get annotations from database.
8/21/2017 5:28:10 PM: Document Id: 2373 Page No: 40
8/21/2017 5:28:10 PM: Invoking method to get annotation data from database. Action: GetAnnotations
8/21/2017 5:28:17 PM: GetTemplateDetails Started
8/21/2017 5:28:17 PM: GetTemplateDetails total record count:1
8/21/2017 5:28:17 PM: Create controls,Load all Textbox dynamic
8/21/2017 5:28:17 PM: Create controls,Load all Textbox dynamic
8/21/2017 5:28:17 PM: GetTemplateDetails Finished
8/21/2017 5:28:17 PM: LoadImageToViewer started
8/21/2017 5:28:17 PM: Setting image to viewer. Action: THUMB Page count: 39 Current Page:45
8/21/2017 5:28:17 PM: Converting PDF to JPEG. PDF Path: E:\WDMSDocument\TempWorkFolder\Tk9fRVhfNTEwXzI1MF8xNDAw\45.pdf Image Name: Tk9fRVhfNTEwXzI1MF8xNDAw Page No: 45
8/21/2017 5:28:17 PM: Converting PDF to JPEG without applying watermark.
8/21/2017 5:28:17 PM: Setting image to viewer using RegisterStartupScript: http://localhost:55361/generichandler.ashx?f=e://wdmsdocument//tempworkfolder//tk9frvhfntewxzi1mf8xndawjpg//45.jpeg
8/21/2017 5:28:17 PM: Invoke method to get annotations from databnase.
8/21/2017 5:28:17 PM: Get annotations from database.
8/21/2017 5:28:17 PM: Document Id: 2373 Page No: 45
8/21/2017 5:28:17 PM: Invoking method to get annotation data from database. Action: GetAnnotations
8/21/2017 5:57:47 PM: BindDocumentType started
8/21/2017 5:57:47 PM: BindDocumentType finished
8/21/2017 5:57:51 PM: createControls Started
8/21/2017 5:57:51 PM: createControls Loaded all Textbox dynamically
8/21/2017 5:57:51 PM: createControls Loaded all Textbox dynamically
8/21/2017 5:57:51 PM: createControls Loaded all Textbox dynamically
8/21/2017 5:57:51 PM: createControls Loaded all Textbox dynamically
8/21/2017 5:57:51 PM: createControls Loaded all Textbox dynamically
8/21/2017 5:57:51 PM: createControls Loaded all Textbox dynamically
8/21/2017 5:57:51 PM: createControls Loaded all Textbox dynamically
8/21/2017 5:57:51 PM: createControls Loaded all Textbox dynamically
8/21/2017 5:57:51 PM: createControls Finished
8/21/2017 5:57:51 PM: GetTemplateDetails started
8/21/2017 5:57:51 PM: generatecontrols Started
8/21/2017 5:57:52 PM: GenerateControls:Loaded all Textbox dynamically
8/21/2017 5:57:52 PM: GenerateControls:Loaded all Textbox dynamically
8/21/2017 5:57:52 PM: GenerateControls:Loaded all Textbox dynamically
8/21/2017 5:57:52 PM: GenerateControls:Loaded all Textbox dynamically
8/21/2017 5:57:52 PM: GenerateControls:Loaded all Textbox dynamically
8/21/2017 5:57:52 PM: GenerateControls:Loaded all Textbox dynamically
8/21/2017 5:57:52 PM: GenerateControls:Loaded all Textbox dynamically
8/21/2017 5:57:52 PM: GenerateControls:Loaded all Textbox dynamically
8/21/2017 5:57:54 PM: createControls Started
8/21/2017 5:57:54 PM: createControls Loaded all Textbox dynamically
8/21/2017 5:57:54 PM: createControls Loaded all Textbox dynamically
8/21/2017 5:57:54 PM: createControls Finished
8/21/2017 5:57:54 PM: GetTemplateDetails started
8/21/2017 5:57:54 PM: generatecontrols Started
8/21/2017 5:57:54 PM: GenerateControls:Loaded all Textbox dynamically
8/21/2017 5:57:54 PM: GenerateControls:Loaded all Textbox dynamically
8/21/2017 5:57:56 PM: createControls Started
8/21/2017 5:57:56 PM: createControls Loaded all Textbox dynamically
8/21/2017 5:57:56 PM: createControls Loaded all Textbox dynamically
8/21/2017 5:57:56 PM: createControls Finished
8/21/2017 5:57:56 PM: Started Loading Entity Drop Down
8/21/2017 5:57:57 PM: Finished Loading Entity Drop Down
8/21/2017 5:57:59 PM: createControls Started
8/21/2017 5:57:59 PM: createControls Loaded all Textbox dynamically
8/21/2017 5:57:59 PM: createControls Loaded all Textbox dynamically
8/21/2017 5:57:59 PM: createControls Finished
8/21/2017 6:03:22 PM: BindDocumentType started
8/21/2017 6:03:22 PM: BindDocumentType finished
8/21/2017 6:03:27 PM: createControls Started
8/21/2017 6:03:27 PM: createControls Loaded all Textbox dynamically
8/21/2017 6:03:27 PM: createControls Loaded all Textbox dynamically
8/21/2017 6:03:27 PM: createControls Finished
8/21/2017 6:03:27 PM: GetTemplateDetails started
8/21/2017 6:03:28 PM: generatecontrols Started
8/21/2017 6:03:28 PM: GenerateControls:Loaded all Textbox dynamically
8/21/2017 6:03:28 PM: GenerateControls:Loaded all Textbox dynamically
8/21/2017 6:03:30 PM: createControls Started
8/21/2017 6:03:30 PM: createControls Loaded all Textbox dynamically
8/21/2017 6:03:30 PM: createControls Loaded all Textbox dynamically
8/21/2017 6:03:30 PM: createControls Finished
8/21/2017 6:03:30 PM: Started Loading Entity Drop Down
8/21/2017 6:03:32 PM: Finished Loading Entity Drop Down
8/21/2017 6:03:33 PM: createControls Started
8/21/2017 6:03:34 PM: createControls Loaded all Textbox dynamically
8/21/2017 6:03:34 PM: createControls Loaded all Textbox dynamically
8/21/2017 6:03:34 PM: createControls Finished
8/21/2017 6:03:46 PM: GetSginatureDetails Started:-
8/21/2017 6:03:46 PM: GetSginatureDetails Completed:-
8/21/2017 6:03:46 PM: GetTemplateDetails Started
8/21/2017 6:03:46 PM: GetTemplateDetails total record count:1
8/21/2017 6:03:47 PM: Create controls,Load all Textbox dynamic
8/21/2017 6:03:47 PM: Create controls,Load all Textbox dynamic
8/21/2017 6:03:47 PM: GetTemplateDetails Finished
8/21/2017 6:03:47 PM: InitializeDocumentView started
8/21/2017 6:03:49 PM: InitializeDocumentView finished
8/21/2017 6:03:49 PM: Calling database to get annotated images. DocumentId: 2373, Action: GetAnnotatedPages
8/21/2017 6:03:53 PM: Calling database to get annotated images. DocumentId: 2373, Action: GetTaggedPages
8/21/2017 6:03:53 PM: LoadImageToViewer started
8/21/2017 6:03:53 PM: Setting image to viewer. Action:  Page count: 39 Current Page:1
8/21/2017 6:03:53 PM: Converting PDF to JPEG. PDF Path: E:\WDMSDocument\TempWorkFolder\Tk9fRVhfNTEwXzI1MF8xNDAw\6.pdf Image Name: Tk9fRVhfNTEwXzI1MF8xNDAw Page No: 6
8/21/2017 6:03:53 PM: Converting PDF to JPEG without applying watermark.
8/21/2017 6:03:55 PM: Setting image to viewer using RegisterStartupScript: http://localhost:55361/generichandler.ashx?f=e://wdmsdocument//tempworkfolder//tk9frvhfntewxzi1mf8xndawjpg//6.jpeg
8/21/2017 6:03:55 PM: Invoke method to get annotations from databnase.
8/21/2017 6:03:55 PM: Get annotations from database.
8/21/2017 6:03:55 PM: Document Id: 2373 Page No: 6
8/21/2017 6:03:55 PM: Invoking method to get annotation data from database. Action: GetAnnotations
8/21/2017 6:03:55 PM: MailPanelFill started
8/21/2017 6:03:55 PM: MailPanelFill finished
8/21/2017 6:03:55 PM: Unzipping file. Filepath: E:\WDMSDocument\TempWorkFolder\\Tk9fRVhfNTEwXzI1MF8xNDAw.zip
