8/22/2017 10:51:46 AM: BindDocumentType started
8/22/2017 10:51:46 AM: BindDocumentType finished
8/22/2017 10:52:03 AM: createControls Started
8/22/2017 10:52:03 AM: createControls Loaded all Textbox dynamically
8/22/2017 10:52:03 AM: createControls Loaded all Textbox dynamically
8/22/2017 10:52:03 AM: createControls Finished
8/22/2017 10:52:03 AM: GetTemplateDetails started
8/22/2017 10:52:03 AM: generatecontrols Started
8/22/2017 10:52:03 AM: GenerateControls:Loaded all Textbox dynamically
8/22/2017 10:52:03 AM: GenerateControls:Loaded all Textbox dynamically
8/22/2017 10:52:05 AM: createControls Started
8/22/2017 10:52:05 AM: createControls Loaded all Textbox dynamically
8/22/2017 10:52:05 AM: createControls Loaded all Textbox dynamically
8/22/2017 10:52:05 AM: createControls Finished
8/22/2017 10:52:05 AM: Started Loading Entity Drop Down
8/22/2017 10:52:06 AM: Finished Loading Entity Drop Down
8/22/2017 10:52:08 AM: createControls Started
8/22/2017 10:52:08 AM: createControls Loaded all Textbox dynamically
8/22/2017 10:52:08 AM: createControls Loaded all Textbox dynamically
8/22/2017 10:52:08 AM: createControls Finished
8/22/2017 10:57:17 AM: BindDocumentType started
8/22/2017 10:57:17 AM: BindDocumentType finished
8/22/2017 11:00:12 AM: BindDocumentType started
8/22/2017 11:00:12 AM: BindDocumentType finished
8/22/2017 11:00:16 AM: createControls Started
8/22/2017 11:00:16 AM: createControls Loaded all Textbox dynamically
8/22/2017 11:00:16 AM: createControls Loaded all Textbox dynamically
8/22/2017 11:00:16 AM: createControls Finished
8/22/2017 11:00:16 AM: GetTemplateDetails started
8/22/2017 11:00:16 AM: generatecontrols Started
8/22/2017 11:00:16 AM: GenerateControls:Loaded all Textbox dynamically
8/22/2017 11:00:16 AM: GenerateControls:Loaded all Textbox dynamically
8/22/2017 11:00:18 AM: createControls Started
8/22/2017 11:00:18 AM: createControls Loaded all Textbox dynamically
8/22/2017 11:00:18 AM: createControls Loaded all Textbox dynamically
8/22/2017 11:00:18 AM: createControls Finished
8/22/2017 11:00:19 AM: Started Loading Entity Drop Down
8/22/2017 11:00:19 AM: Finished Loading Entity Drop Down
8/22/2017 11:00:21 AM: createControls Started
8/22/2017 11:00:21 AM: createControls Loaded all Textbox dynamically
8/22/2017 11:00:21 AM: createControls Loaded all Textbox dynamically
8/22/2017 11:00:21 AM: createControls Finished
8/22/2017 11:04:49 AM: BindDocumentType started
8/22/2017 11:04:50 AM: BindDocumentType finished
8/22/2017 11:04:57 AM: createControls Started
8/22/2017 11:04:57 AM: createControls Loaded all Textbox dynamically
8/22/2017 11:04:57 AM: createControls Loaded all Textbox dynamically
8/22/2017 11:04:57 AM: createControls Finished
8/22/2017 11:04:57 AM: GetTemplateDetails started
8/22/2017 11:04:57 AM: generatecontrols Started
8/22/2017 11:04:57 AM: GenerateControls:Loaded all Textbox dynamically
8/22/2017 11:04:57 AM: GenerateControls:Loaded all Textbox dynamically
8/22/2017 11:04:59 AM: createControls Started
8/22/2017 11:04:59 AM: createControls Loaded all Textbox dynamically
8/22/2017 11:04:59 AM: createControls Loaded all Textbox dynamically
8/22/2017 11:04:59 AM: createControls Finished
8/22/2017 11:04:59 AM: Started Loading Entity Drop Down
8/22/2017 11:04:59 AM: Finished Loading Entity Drop Down
8/22/2017 11:05:03 AM: createControls Started
8/22/2017 11:05:03 AM: createControls Loaded all Textbox dynamically
8/22/2017 11:05:03 AM: createControls Loaded all Textbox dynamically
8/22/2017 11:05:03 AM: createControls Finished
8/22/2017 11:05:08 AM: GetSginatureDetails Started:-
8/22/2017 11:05:08 AM: GetSginatureDetails Completed:-
8/22/2017 11:05:08 AM: GetTemplateDetails Started
8/22/2017 11:05:09 AM: GetTemplateDetails total record count:1
8/22/2017 11:05:09 AM: Create controls,Load all Textbox dynamic
8/22/2017 11:05:09 AM: Create controls,Load all Textbox dynamic
8/22/2017 11:05:09 AM: GetTemplateDetails Finished
8/22/2017 11:05:09 AM: InitializeDocumentView started
8/22/2017 11:05:11 AM: InitializeDocumentView finished
8/22/2017 11:05:11 AM: Calling database to get annotated images. DocumentId: 2373, Action: GetAnnotatedPages
8/22/2017 11:05:14 AM: Calling database to get annotated images. DocumentId: 2373, Action: GetTaggedPages
8/22/2017 11:05:14 AM: LoadImageToViewer started
8/22/2017 11:05:14 AM: Setting image to viewer. Action:  Page count: 39 Current Page:1
8/22/2017 11:05:14 AM: Converting PDF to JPEG. PDF Path: E:\WDMSDocument\TempWorkFolder\Tk9fRVhfNTEwXzI1MF8xNDAw\6.pdf Image Name: Tk9fRVhfNTEwXzI1MF8xNDAw Page No: 6
8/22/2017 11:05:14 AM: Converting PDF to JPEG without applying watermark.
8/22/2017 11:05:15 AM: Setting image to viewer using RegisterStartupScript: http://localhost:55361/generichandler.ashx?f=e://wdmsdocument//tempworkfolder//tk9frvhfntewxzi1mf8xndawjpg//6.jpeg
8/22/2017 11:05:15 AM: Invoke method to get annotations from databnase.
8/22/2017 11:05:15 AM: Get annotations from database.
8/22/2017 11:05:15 AM: Document Id: 2373 Page No: 6
8/22/2017 11:05:15 AM: Invoking method to get annotation data from database. Action: GetAnnotations
8/22/2017 11:05:16 AM: MailPanelFill started
8/22/2017 11:05:16 AM: MailPanelFill finished
8/22/2017 11:05:16 AM: Unzipping file. Filepath: E:\WDMSDocument\TempWorkFolder\\Tk9fRVhfNTEwXzI1MF8xNDAw.zip
8/22/2017 12:03:57 PM: BindDocumentType started
8/22/2017 12:03:57 PM: BindDocumentType finished
8/22/2017 12:04:01 PM: createControls Started
8/22/2017 12:04:01 PM: createControls Loaded all Textbox dynamically
8/22/2017 12:04:01 PM: createControls Loaded all Textbox dynamically
8/22/2017 12:04:01 PM: createControls Finished
8/22/2017 12:04:01 PM: GetTemplateDetails started
8/22/2017 12:04:01 PM: generatecontrols Started
8/22/2017 12:04:01 PM: GenerateControls:Loaded all Textbox dynamically
8/22/2017 12:04:01 PM: GenerateControls:Loaded all Textbox dynamically
8/22/2017 12:04:04 PM: createControls Started
8/22/2017 12:04:04 PM: createControls Loaded all Textbox dynamically
8/22/2017 12:04:04 PM: createControls Loaded all Textbox dynamically
8/22/2017 12:04:04 PM: createControls Finished
8/22/2017 12:04:04 PM: Started Loading Entity Drop Down
8/22/2017 12:04:05 PM: Finished Loading Entity Drop Down
8/22/2017 12:04:07 PM: createControls Started
8/22/2017 12:04:07 PM: createControls Loaded all Textbox dynamically
8/22/2017 12:04:07 PM: createControls Loaded all Textbox dynamically
8/22/2017 12:04:07 PM: createControls Finished
8/22/2017 12:18:32 PM: BindDocumentType started
8/22/2017 12:18:32 PM: BindDocumentType finished
8/22/2017 12:18:43 PM: createControls Started
8/22/2017 12:18:43 PM: createControls Loaded all Textbox dynamically
8/22/2017 12:18:43 PM: createControls Loaded all Textbox dynamically
8/22/2017 12:18:43 PM: createControls Finished
8/22/2017 12:18:43 PM: GetTemplateDetails started
8/22/2017 12:18:44 PM: generatecontrols Started
8/22/2017 12:18:44 PM: GenerateControls:Loaded all Textbox dynamically
8/22/2017 12:18:44 PM: GenerateControls:Loaded all Textbox dynamically
8/22/2017 12:18:46 PM: createControls Started
8/22/2017 12:18:46 PM: createControls Loaded all Textbox dynamically
8/22/2017 12:18:46 PM: createControls Loaded all Textbox dynamically
8/22/2017 12:18:46 PM: createControls Finished
8/22/2017 12:18:46 PM: Started Loading Entity Drop Down
8/22/2017 12:18:47 PM: Finished Loading Entity Drop Down
8/22/2017 12:18:48 PM: createControls Started
8/22/2017 12:18:48 PM: createControls Loaded all Textbox dynamically
8/22/2017 12:18:48 PM: createControls Loaded all Textbox dynamically
8/22/2017 12:18:48 PM: createControls Finished
