8/19/2017 10:35:20 AM: BindDocumentType started
8/19/2017 10:35:20 AM: BindDocumentType finished
8/19/2017 10:35:25 AM: createControls Started
8/19/2017 10:35:25 AM: createControls Loaded all Textbox dynamically
8/19/2017 10:35:25 AM: createControls Loaded all Textbox dynamically
8/19/2017 10:35:25 AM: createControls Finished
8/19/2017 10:35:25 AM: GetTemplateDetails started
8/19/2017 10:35:25 AM: generatecontrols Started
8/19/2017 10:35:25 AM: GenerateControls:Loaded all Textbox dynamically
8/19/2017 10:35:25 AM: GenerateControls:Loaded all Textbox dynamically
8/19/2017 10:35:27 AM: createControls Started
8/19/2017 10:35:27 AM: createControls Loaded all Textbox dynamically
8/19/2017 10:35:27 AM: createControls Loaded all Textbox dynamically
8/19/2017 10:35:27 AM: createControls Finished
8/19/2017 10:35:27 AM: Started Loading Entity Drop Down
8/19/2017 10:35:27 AM: Finished Loading Entity Drop Down
8/19/2017 10:35:34 AM: createControls Started
8/19/2017 10:35:34 AM: createControls Loaded all Textbox dynamically
8/19/2017 10:35:34 AM: createControls Loaded all Textbox dynamically
8/19/2017 10:35:34 AM: createControls Finished
8/19/2017 10:37:28 AM: BindDocumentType started
8/19/2017 10:37:28 AM: BindDocumentType finished
8/19/2017 10:37:33 AM: createControls Started
8/19/2017 10:37:33 AM: createControls Loaded all Textbox dynamically
8/19/2017 10:37:33 AM: createControls Loaded all Textbox dynamically
8/19/2017 10:37:33 AM: createControls Finished
8/19/2017 10:37:33 AM: GetTemplateDetails started
8/19/2017 10:37:33 AM: generatecontrols Started
8/19/2017 10:37:33 AM: GenerateControls:Loaded all Textbox dynamically
8/19/2017 10:37:33 AM: GenerateControls:Loaded all Textbox dynamically
8/19/2017 10:37:36 AM: createControls Started
8/19/2017 10:37:36 AM: createControls Loaded all Textbox dynamically
8/19/2017 10:37:36 AM: createControls Loaded all Textbox dynamically
8/19/2017 10:37:36 AM: createControls Finished
8/19/2017 10:37:36 AM: Started Loading Entity Drop Down
8/19/2017 10:37:37 AM: Finished Loading Entity Drop Down
8/19/2017 10:37:41 AM: createControls Started
8/19/2017 10:37:41 AM: createControls Loaded all Textbox dynamically
8/19/2017 10:37:41 AM: createControls Loaded all Textbox dynamically
8/19/2017 10:37:41 AM: createControls Finished
8/19/2017 10:42:00 AM: BindDocumentType started
8/19/2017 10:42:00 AM: BindDocumentType finished
8/19/2017 10:42:04 AM: createControls Started
8/19/2017 10:42:04 AM: createControls Loaded all Textbox dynamically
8/19/2017 10:42:04 AM: createControls Loaded all Textbox dynamically
8/19/2017 10:42:04 AM: createControls Finished
8/19/2017 10:42:04 AM: GetTemplateDetails started
8/19/2017 10:42:04 AM: generatecontrols Started
8/19/2017 10:42:04 AM: GenerateControls:Loaded all Textbox dynamically
8/19/2017 10:42:04 AM: GenerateControls:Loaded all Textbox dynamically
8/19/2017 10:42:06 AM: createControls Started
8/19/2017 10:42:06 AM: createControls Loaded all Textbox dynamically
8/19/2017 10:42:06 AM: createControls Loaded all Textbox dynamically
8/19/2017 10:42:06 AM: createControls Finished
8/19/2017 10:42:06 AM: Started Loading Entity Drop Down
8/19/2017 10:42:07 AM: Finished Loading Entity Drop Down
8/19/2017 10:42:11 AM: createControls Started
8/19/2017 10:42:11 AM: createControls Loaded all Textbox dynamically
8/19/2017 10:42:11 AM: createControls Loaded all Textbox dynamically
8/19/2017 10:42:11 AM: createControls Finished
8/19/2017 11:01:29 AM: BindDocumentType started
8/19/2017 11:01:29 AM: BindDocumentType finished
8/19/2017 11:01:37 AM: createControls Started
8/19/2017 11:01:37 AM: createControls Loaded all Textbox dynamically
8/19/2017 11:01:37 AM: createControls Loaded all Textbox dynamically
8/19/2017 11:01:37 AM: createControls Finished
8/19/2017 11:01:37 AM: GetTemplateDetails started
8/19/2017 11:01:38 AM: generatecontrols Started
8/19/2017 11:01:38 AM: GenerateControls:Loaded all Textbox dynamically
8/19/2017 11:01:38 AM: GenerateControls:Loaded all Textbox dynamically
8/19/2017 11:10:00 AM: createControls Started
8/19/2017 11:10:00 AM: createControls Loaded all Textbox dynamically
8/19/2017 11:10:00 AM: createControls Loaded all Textbox dynamically
8/19/2017 11:10:00 AM: createControls Finished
8/19/2017 11:10:00 AM: Started Loading Entity Drop Down
8/19/2017 11:10:01 AM: Finished Loading Entity Drop Down
8/19/2017 11:26:22 AM: BindDocumentType started
8/19/2017 11:26:22 AM: BindDocumentType finished
8/19/2017 11:26:31 AM: createControls Started
8/19/2017 11:26:31 AM: createControls Loaded all Textbox dynamically
8/19/2017 11:26:31 AM: createControls Loaded all Textbox dynamically
8/19/2017 11:26:31 AM: createControls Finished
8/19/2017 11:26:31 AM: GetTemplateDetails started
8/19/2017 11:26:31 AM: generatecontrols Started
8/19/2017 11:26:31 AM: GenerateControls:Loaded all Textbox dynamically
8/19/2017 11:26:31 AM: GenerateControls:Loaded all Textbox dynamically
8/19/2017 11:26:34 AM: createControls Started
8/19/2017 11:26:34 AM: createControls Loaded all Textbox dynamically
8/19/2017 11:26:34 AM: createControls Loaded all Textbox dynamically
8/19/2017 11:26:34 AM: createControls Finished
8/19/2017 11:26:34 AM: Started Loading Entity Drop Down
8/19/2017 11:26:36 AM: Finished Loading Entity Drop Down
8/19/2017 11:26:38 AM: createControls Started
8/19/2017 11:26:38 AM: createControls Loaded all Textbox dynamically
8/19/2017 11:26:38 AM: createControls Loaded all Textbox dynamically
8/19/2017 11:26:38 AM: createControls Finished
8/19/2017 11:55:14 AM: BindDocumentType started
8/19/2017 11:55:15 AM: BindDocumentType finished
8/19/2017 11:55:21 AM: createControls Started
8/19/2017 11:55:21 AM: createControls Loaded all Textbox dynamically
8/19/2017 11:55:21 AM: createControls Loaded all Textbox dynamically
8/19/2017 11:55:21 AM: createControls Finished
8/19/2017 11:55:21 AM: GetTemplateDetails started
8/19/2017 11:55:21 AM: generatecontrols Started
8/19/2017 11:55:21 AM: GenerateControls:Loaded all Textbox dynamically
8/19/2017 11:55:21 AM: GenerateControls:Loaded all Textbox dynamically
8/19/2017 11:55:24 AM: createControls Started
8/19/2017 11:55:24 AM: createControls Loaded all Textbox dynamically
8/19/2017 11:55:24 AM: createControls Loaded all Textbox dynamically
8/19/2017 11:55:24 AM: createControls Finished
8/19/2017 11:55:24 AM: Started Loading Entity Drop Down
8/19/2017 11:55:25 AM: Finished Loading Entity Drop Down
8/19/2017 11:55:27 AM: createControls Started
8/19/2017 11:55:28 AM: createControls Loaded all Textbox dynamically
8/19/2017 11:55:28 AM: createControls Loaded all Textbox dynamically
8/19/2017 11:55:28 AM: createControls Finished
8/19/2017 12:04:54 PM: createControls Started
8/19/2017 12:04:55 PM: createControls Loaded all Textbox dynamically
8/19/2017 12:04:55 PM: createControls Loaded all Textbox dynamically
8/19/2017 12:04:55 PM: createControls Finished
8/19/2017 12:04:55 PM: Started Loading Entity Drop Down
8/19/2017 12:04:55 PM: Finished Loading Entity Drop Down
8/19/2017 12:05:00 PM: BindDocumentType started
8/19/2017 12:05:00 PM: BindDocumentType finished
8/19/2017 12:05:06 PM: createControls Started
8/19/2017 12:05:06 PM: createControls Loaded all Textbox dynamically
8/19/2017 12:05:06 PM: createControls Loaded all Textbox dynamically
8/19/2017 12:05:06 PM: createControls Finished
8/19/2017 12:05:06 PM: GetTemplateDetails started
8/19/2017 12:05:06 PM: generatecontrols Started
8/19/2017 12:05:06 PM: GenerateControls:Loaded all Textbox dynamically
8/19/2017 12:05:06 PM: GenerateControls:Loaded all Textbox dynamically
8/19/2017 12:05:08 PM: createControls Started
8/19/2017 12:05:08 PM: createControls Loaded all Textbox dynamically
8/19/2017 12:05:08 PM: createControls Loaded all Textbox dynamically
8/19/2017 12:05:08 PM: createControls Finished
8/19/2017 12:05:08 PM: Started Loading Entity Drop Down
8/19/2017 12:05:08 PM: Finished Loading Entity Drop Down
8/19/2017 12:05:10 PM: createControls Started
8/19/2017 12:05:10 PM: createControls Loaded all Textbox dynamically
8/19/2017 12:05:10 PM: createControls Loaded all Textbox dynamically
8/19/2017 12:05:10 PM: createControls Finished
8/19/2017 12:20:53 PM: BindDocumentType started
8/19/2017 12:20:53 PM: BindDocumentType finished
8/19/2017 12:20:57 PM: createControls Started
8/19/2017 12:30:02 PM: createControls Loaded all Textbox dynamically
8/19/2017 12:30:02 PM: createControls Loaded all Textbox dynamically
8/19/2017 12:30:02 PM: createControls Finished
8/19/2017 12:30:02 PM: GetTemplateDetails started
8/19/2017 12:30:02 PM: generatecontrols Started
8/19/2017 12:30:03 PM: GenerateControls:Loaded all Textbox dynamically
8/19/2017 12:30:03 PM: GenerateControls:Loaded all Textbox dynamically
8/19/2017 12:30:07 PM: createControls Started
8/19/2017 12:30:08 PM: createControls Loaded all Textbox dynamically
8/19/2017 12:30:08 PM: createControls Loaded all Textbox dynamically
8/19/2017 12:30:08 PM: createControls Finished
8/19/2017 12:30:08 PM: GetTemplateDetails started
8/19/2017 12:30:08 PM: generatecontrols Started
8/19/2017 12:30:09 PM: GenerateControls:Loaded all Textbox dynamically
8/19/2017 12:30:09 PM: GenerateControls:Loaded all Textbox dynamically
8/19/2017 12:30:09 PM: Started Loading Entity Drop Down
8/19/2017 12:30:10 PM: Finished Loading Entity Drop Down
8/19/2017 12:30:14 PM: createControls Started
8/19/2017 12:30:17 PM: createControls Loaded all Textbox dynamically
8/19/2017 12:30:17 PM: createControls Loaded all Textbox dynamically
8/19/2017 12:30:17 PM: createControls Finished
8/19/2017 2:33:55 PM: BindDocumentType started
8/19/2017 2:33:55 PM: BindDocumentType finished
8/19/2017 2:34:00 PM: createControls Started
8/19/2017 2:34:00 PM: createControls Loaded all Textbox dynamically
8/19/2017 2:34:00 PM: createControls Loaded all Textbox dynamically
8/19/2017 2:34:00 PM: createControls Finished
8/19/2017 2:34:00 PM: GetTemplateDetails started
8/19/2017 2:34:00 PM: generatecontrols Started
8/19/2017 2:34:00 PM: GenerateControls:Loaded all Textbox dynamically
8/19/2017 2:34:00 PM: GenerateControls:Loaded all Textbox dynamically
8/19/2017 2:34:02 PM: createControls Started
8/19/2017 2:34:03 PM: createControls Loaded all Textbox dynamically
8/19/2017 2:34:03 PM: createControls Loaded all Textbox dynamically
8/19/2017 2:34:03 PM: createControls Finished
8/19/2017 2:34:03 PM: Started Loading Entity Drop Down
8/19/2017 2:34:04 PM: Finished Loading Entity Drop Down
8/19/2017 2:34:07 PM: createControls Started
8/19/2017 2:34:07 PM: createControls Loaded all Textbox dynamically
8/19/2017 2:34:07 PM: createControls Loaded all Textbox dynamically
8/19/2017 2:34:07 PM: createControls Finished
8/19/2017 2:50:53 PM: BindDocumentType started
8/19/2017 2:50:53 PM: BindDocumentType finished
8/19/2017 2:51:03 PM: createControls Started
8/19/2017 2:51:03 PM: createControls Loaded all Textbox dynamically
8/19/2017 2:51:03 PM: createControls Loaded all Textbox dynamically
8/19/2017 2:51:03 PM: createControls Finished
8/19/2017 2:51:03 PM: GetTemplateDetails started
8/19/2017 2:51:03 PM: generatecontrols Started
8/19/2017 2:51:03 PM: GenerateControls:Loaded all Textbox dynamically
8/19/2017 2:51:03 PM: GenerateControls:Loaded all Textbox dynamically
8/19/2017 2:51:06 PM: createControls Started
8/19/2017 2:51:06 PM: createControls Loaded all Textbox dynamically
8/19/2017 2:51:06 PM: createControls Loaded all Textbox dynamically
8/19/2017 2:51:06 PM: createControls Finished
8/19/2017 2:51:06 PM: Started Loading Entity Drop Down
8/19/2017 2:51:08 PM: Finished Loading Entity Drop Down
8/19/2017 2:51:10 PM: createControls Started
8/19/2017 2:51:10 PM: createControls Loaded all Textbox dynamically
8/19/2017 2:51:10 PM: createControls Loaded all Textbox dynamically
8/19/2017 2:51:10 PM: createControls Finished
8/19/2017 3:00:38 PM: BindDocumentType started
8/19/2017 3:00:38 PM: BindDocumentType finished
8/19/2017 3:00:43 PM: createControls Started
8/19/2017 3:00:43 PM: createControls Loaded all Textbox dynamically
8/19/2017 3:00:43 PM: createControls Loaded all Textbox dynamically
8/19/2017 3:00:43 PM: createControls Finished
8/19/2017 3:00:43 PM: GetTemplateDetails started
8/19/2017 3:00:43 PM: generatecontrols Started
8/19/2017 3:00:43 PM: GenerateControls:Loaded all Textbox dynamically
8/19/2017 3:00:43 PM: GenerateControls:Loaded all Textbox dynamically
8/19/2017 3:00:45 PM: createControls Started
8/19/2017 3:00:45 PM: createControls Loaded all Textbox dynamically
8/19/2017 3:00:45 PM: createControls Loaded all Textbox dynamically
8/19/2017 3:00:45 PM: createControls Finished
8/19/2017 3:00:45 PM: Started Loading Entity Drop Down
8/19/2017 3:00:46 PM: Finished Loading Entity Drop Down
8/19/2017 3:00:48 PM: createControls Started
8/19/2017 3:00:48 PM: createControls Loaded all Textbox dynamically
8/19/2017 3:00:48 PM: createControls Loaded all Textbox dynamically
8/19/2017 3:00:48 PM: createControls Finished
