3/18/2017 11:11:07 AM: BindDocumentType started
3/18/2017 11:11:07 AM: BindDocumentType finished
3/18/2017 11:11:13 AM: createControls Started
3/18/2017 11:11:13 AM: createControls Loaded all Textbox dynamically
3/18/2017 11:11:13 AM: createControls Loaded all Textbox dynamically
3/18/2017 11:11:13 AM: createControls Finished
3/18/2017 11:11:13 AM: GetTemplateDetails started
3/18/2017 11:11:13 AM: generatecontrols Started
3/18/2017 11:11:13 AM: GenerateControls:Loaded all Textbox dynamically
3/18/2017 11:11:13 AM: GenerateControls:Loaded all Textbox dynamically
3/18/2017 11:11:16 AM: createControls Started
3/18/2017 11:11:16 AM: createControls Loaded all Textbox dynamically
3/18/2017 11:11:16 AM: createControls Loaded all Textbox dynamically
3/18/2017 11:11:16 AM: createControls Loaded all Textbox dynamically
3/18/2017 11:11:16 AM: createControls Loaded all Textbox dynamically
3/18/2017 11:11:16 AM: createControls Loaded all Textbox dynamically
3/18/2017 11:11:16 AM: createControls Loaded all Textbox dynamically
3/18/2017 11:11:16 AM: createControls Loaded all Textbox dynamically
3/18/2017 11:11:16 AM: createControls Loaded all Textbox dynamically
3/18/2017 11:11:16 AM: createControls Finished
3/18/2017 11:11:16 AM: GetTemplateDetails started
3/18/2017 11:11:16 AM: generatecontrols Started
3/18/2017 11:11:16 AM: GenerateControls:Loaded all Textbox dynamically
3/18/2017 11:11:16 AM: GenerateControls:Loaded all Textbox dynamically
3/18/2017 11:11:16 AM: GenerateControls:Loaded all Textbox dynamically
3/18/2017 11:11:16 AM: GenerateControls:Loaded all Textbox dynamically
3/18/2017 11:11:16 AM: GenerateControls:Loaded all Textbox dynamically
3/18/2017 11:11:16 AM: GenerateControls:Loaded all Textbox dynamically
3/18/2017 11:11:16 AM: GenerateControls:Loaded all Textbox dynamically
3/18/2017 11:11:16 AM: GenerateControls:Loaded all Textbox dynamically
3/18/2017 2:32:50 PM: BindDocumentType started
3/18/2017 2:32:50 PM: BindDocumentType finished
3/18/2017 2:33:02 PM: createControls Started
3/18/2017 2:33:02 PM: createControls Loaded all Textbox dynamically
3/18/2017 2:33:02 PM: createControls Loaded all Textbox dynamically
3/18/2017 2:33:02 PM: createControls Finished
3/18/2017 2:33:02 PM: GetTemplateDetails started
3/18/2017 2:33:02 PM: generatecontrols Started
3/18/2017 2:33:02 PM: GenerateControls:Loaded all Textbox dynamically
3/18/2017 2:33:02 PM: GenerateControls:Loaded all Textbox dynamically
3/18/2017 2:40:46 PM: createControls Started
3/18/2017 2:40:46 PM: createControls Loaded all Textbox dynamically
3/18/2017 2:40:46 PM: createControls Loaded all Textbox dynamically
3/18/2017 2:40:46 PM: createControls Finished
3/18/2017 2:42:35 PM: BindDocumentType started
3/18/2017 2:42:35 PM: BindDocumentType finished
3/18/2017 2:43:17 PM: createControls Started
3/18/2017 2:43:17 PM: createControls Loaded all Textbox dynamically
3/18/2017 2:43:17 PM: createControls Loaded all Textbox dynamically
3/18/2017 2:43:17 PM: createControls Finished
3/18/2017 2:43:17 PM: GetTemplateDetails started
3/18/2017 2:43:17 PM: generatecontrols Started
3/18/2017 2:43:17 PM: GenerateControls:Loaded all Textbox dynamically
3/18/2017 2:43:17 PM: GenerateControls:Loaded all Textbox dynamically
