4/24/2017 11:22:20 AM: createControls Started
4/24/2017 11:22:20 AM: Create controls,Load all Textbox dynamic
4/24/2017 11:22:20 AM: Create controls,Load all Textbox dynamic
4/24/2017 11:22:20 AM: createControls Finished
4/24/2017 11:22:20 AM: generatecontrols Started
4/24/2017 11:22:20 AM: Calling database to get reference id and watermark.
4/24/2017 11:22:20 AM: Database returned result: NO_EX_510_250_1008|
4/24/2017 11:22:20 AM: Generatecontrols,Load all Textbox dynamic
4/24/2017 11:22:20 AM: Generatecontrols,Load all Textbox dynamic
4/24/2017 11:23:25 AM: createControls Started
4/24/2017 11:23:25 AM: Create controls,Load all Textbox dynamic
4/24/2017 11:23:25 AM: Create controls,Load all Textbox dynamic
4/24/2017 11:23:25 AM: createControls Finished
4/24/2017 11:23:42 AM: AsyncFileUpload1_UploadedComplete Started
4/24/2017 11:24:09 AM: Started Saving Uploaded Document in AsyncFileUpload1_UploadedComplete 
4/24/2017 11:28:22 AM: Finished Saving Uploaded Document in AsyncFileUpload1_UploadedComplete 
4/24/2017 11:29:15 AM: AsyncFileUpload1_UploadedComplete Finished
4/24/2017 11:29:16 AM: createControls Started
4/24/2017 11:29:17 AM: Create controls,Load all Textbox dynamic
4/24/2017 11:29:17 AM: Create controls,Load all Textbox dynamic
4/24/2017 11:29:17 AM: createControls Finished
4/24/2017 11:29:17 AM: btnSubmit_Click Started
4/24/2017 11:29:17 AM: btnSubmit_Click Finished
4/24/2017 11:29:26 AM: createControls Started
4/24/2017 11:29:26 AM: Create controls,Load all Textbox dynamic
4/24/2017 11:29:26 AM: Create controls,Load all Textbox dynamic
4/24/2017 11:29:26 AM: createControls Finished
4/24/2017 11:29:28 AM: AsyncFileUpload1_UploadedComplete Started
4/24/2017 11:29:30 AM: Started Saving Uploaded Document in AsyncFileUpload1_UploadedComplete 
4/24/2017 11:30:02 AM: Finished Saving Uploaded Document in AsyncFileUpload1_UploadedComplete 
4/24/2017 11:30:17 AM: AsyncFileUpload1_UploadedComplete Finished
4/24/2017 11:30:17 AM: createControls Started
4/24/2017 11:30:17 AM: Create controls,Load all Textbox dynamic
4/24/2017 11:30:17 AM: Create controls,Load all Textbox dynamic
4/24/2017 11:30:17 AM: createControls Finished
4/24/2017 11:30:17 AM: btnSubmit_Click Started
4/24/2017 11:30:17 AM: btnSubmit_Click Finished
4/24/2017 11:30:22 AM: createControls Started
4/24/2017 11:30:22 AM: Create controls,Load all Textbox dynamic
4/24/2017 11:30:22 AM: Create controls,Load all Textbox dynamic
4/24/2017 11:30:22 AM: createControls Finished
4/24/2017 11:30:23 AM: AsyncFileUpload1_UploadedComplete Started
4/24/2017 11:30:25 AM: Started Saving Uploaded Document in AsyncFileUpload1_UploadedComplete 
4/24/2017 11:30:38 AM: Finished Saving Uploaded Document in AsyncFileUpload1_UploadedComplete 
4/24/2017 11:30:52 AM: AsyncFileUpload1_UploadedComplete Finished
4/24/2017 11:30:59 AM: createControls Started
4/24/2017 11:30:59 AM: Create controls,Load all Textbox dynamic
4/24/2017 11:30:59 AM: Create controls,Load all Textbox dynamic
4/24/2017 11:30:59 AM: createControls Finished
4/24/2017 11:30:59 AM: btnSubmit_Click Started
4/24/2017 11:30:59 AM: btnSubmit_Click Finished
4/24/2017 11:32:10 AM: createControls Started
4/24/2017 11:32:10 AM: Create controls,Load all Textbox dynamic
4/24/2017 11:32:10 AM: Create controls,Load all Textbox dynamic
4/24/2017 11:32:10 AM: Create controls,Load all Textbox dynamic
4/24/2017 11:32:10 AM: Create controls,Load all Textbox dynamic
4/24/2017 11:32:10 AM: Create controls,Load all Textbox dynamic
4/24/2017 11:32:10 AM: Create controls,Load all Textbox dynamic
4/24/2017 11:32:10 AM: Create controls,Load all Textbox dynamic
4/24/2017 11:32:10 AM: Create controls,Load all Textbox dynamic
4/24/2017 11:32:10 AM: createControls Finished
4/24/2017 11:32:10 AM: generatecontrols Started
4/24/2017 11:32:10 AM: Calling database to get reference id and watermark.
4/24/2017 11:32:10 AM: Database returned result: NO_SE_510_250_1008|
4/24/2017 11:32:10 AM: Generatecontrols,Load all Textbox dynamic
4/24/2017 11:32:10 AM: Generatecontrols,Load all Textbox dynamic
4/24/2017 11:32:10 AM: Generatecontrols,Load all Textbox dynamic
4/24/2017 11:32:10 AM: Generatecontrols,Load all Textbox dynamic
4/24/2017 11:32:10 AM: Generatecontrols,Load all Textbox dynamic
4/24/2017 11:32:10 AM: Generatecontrols,Load all Textbox dynamic
4/24/2017 11:32:10 AM: Generatecontrols,Load all Textbox dynamic
4/24/2017 11:32:10 AM: Generatecontrols,Load all Textbox dynamic
4/24/2017 11:32:12 AM: createControls Started
4/24/2017 11:32:12 AM: Create controls,Load all Textbox dynamic
4/24/2017 11:32:12 AM: Create controls,Load all Textbox dynamic
4/24/2017 11:32:12 AM: createControls Finished
4/24/2017 11:32:12 AM: generatecontrols Started
4/24/2017 11:32:12 AM: Calling database to get reference id and watermark.
4/24/2017 11:32:12 AM: Database returned result: NO_EX_510_250_1008|
4/24/2017 11:32:12 AM: Generatecontrols,Load all Textbox dynamic
4/24/2017 11:32:12 AM: Generatecontrols,Load all Textbox dynamic
4/24/2017 11:33:15 AM: createControls Started
4/24/2017 11:33:15 AM: Create controls,Load all Textbox dynamic
4/24/2017 11:33:15 AM: Create controls,Load all Textbox dynamic
4/24/2017 11:33:15 AM: Create controls,Load all Textbox dynamic
4/24/2017 11:33:15 AM: Create controls,Load all Textbox dynamic
4/24/2017 11:33:15 AM: Create controls,Load all Textbox dynamic
4/24/2017 11:33:15 AM: Create controls,Load all Textbox dynamic
4/24/2017 11:33:15 AM: Create controls,Load all Textbox dynamic
4/24/2017 11:33:15 AM: Create controls,Load all Textbox dynamic
4/24/2017 11:33:15 AM: createControls Finished
4/24/2017 11:33:15 AM: generatecontrols Started
4/24/2017 11:33:15 AM: Calling database to get reference id and watermark.
4/24/2017 11:33:15 AM: Database returned result: NO_SE_510_250_1008|
4/24/2017 11:33:15 AM: Generatecontrols,Load all Textbox dynamic
4/24/2017 11:33:15 AM: Generatecontrols,Load all Textbox dynamic
4/24/2017 11:33:15 AM: Generatecontrols,Load all Textbox dynamic
4/24/2017 11:33:15 AM: Generatecontrols,Load all Textbox dynamic
4/24/2017 11:33:15 AM: Generatecontrols,Load all Textbox dynamic
4/24/2017 11:33:15 AM: Generatecontrols,Load all Textbox dynamic
4/24/2017 11:33:15 AM: Generatecontrols,Load all Textbox dynamic
4/24/2017 11:33:15 AM: Generatecontrols,Load all Textbox dynamic
4/24/2017 11:33:26 AM: createControls Started
4/24/2017 11:33:26 AM: Create controls,Load all Textbox dynamic
4/24/2017 11:33:26 AM: Create controls,Load all Textbox dynamic
4/24/2017 11:33:26 AM: Create controls,Load all Textbox dynamic
4/24/2017 11:33:26 AM: Create controls,Load all Textbox dynamic
4/24/2017 11:33:26 AM: Create controls,Load all Textbox dynamic
4/24/2017 11:33:26 AM: Create controls,Load all Textbox dynamic
4/24/2017 11:33:26 AM: Create controls,Load all Textbox dynamic
4/24/2017 11:33:26 AM: Create controls,Load all Textbox dynamic
4/24/2017 11:33:26 AM: createControls Finished
4/24/2017 11:33:26 AM: generatecontrols Started
4/24/2017 11:33:26 AM: Calling database to get reference id and watermark.
4/24/2017 11:33:26 AM: Database returned result: NO_SE_510_250_1008|
4/24/2017 11:33:26 AM: Generatecontrols,Load all Textbox dynamic
4/24/2017 11:33:26 AM: Generatecontrols,Load all Textbox dynamic
4/24/2017 11:33:26 AM: Generatecontrols,Load all Textbox dynamic
4/24/2017 11:33:26 AM: Generatecontrols,Load all Textbox dynamic
4/24/2017 11:33:26 AM: Generatecontrols,Load all Textbox dynamic
4/24/2017 11:33:26 AM: Generatecontrols,Load all Textbox dynamic
4/24/2017 11:33:26 AM: Generatecontrols,Load all Textbox dynamic
4/24/2017 11:33:26 AM: Generatecontrols,Load all Textbox dynamic
4/24/2017 11:33:29 AM: createControls Started
4/24/2017 11:33:29 AM: Create controls,Load all Textbox dynamic
4/24/2017 11:33:29 AM: Create controls,Load all Textbox dynamic
4/24/2017 11:33:29 AM: Create controls,Load all Textbox dynamic
4/24/2017 11:33:29 AM: Create controls,Load all Textbox dynamic
4/24/2017 11:33:29 AM: Create controls,Load all Textbox dynamic
4/24/2017 11:33:29 AM: Create controls,Load all Textbox dynamic
4/24/2017 11:33:29 AM: Create controls,Load all Textbox dynamic
4/24/2017 11:33:29 AM: Create controls,Load all Textbox dynamic
4/24/2017 11:33:29 AM: createControls Finished
4/24/2017 11:33:31 AM: AsyncFileUpload1_UploadedComplete Started
4/24/2017 11:33:33 AM: Started Saving Uploaded Document in AsyncFileUpload1_UploadedComplete 
4/24/2017 11:41:22 AM: Finished Saving Uploaded Document in AsyncFileUpload1_UploadedComplete 
4/24/2017 11:41:22 AM: AsyncFileUpload1_UploadedComplete Finished
4/24/2017 11:41:23 AM: createControls Started
4/24/2017 11:41:23 AM: Create controls,Load all Textbox dynamic
4/24/2017 11:41:23 AM: Create controls,Load all Textbox dynamic
4/24/2017 11:41:23 AM: Create controls,Load all Textbox dynamic
4/24/2017 11:41:23 AM: Create controls,Load all Textbox dynamic
4/24/2017 11:41:23 AM: Create controls,Load all Textbox dynamic
4/24/2017 11:41:23 AM: Create controls,Load all Textbox dynamic
4/24/2017 11:41:23 AM: Create controls,Load all Textbox dynamic
4/24/2017 11:41:23 AM: Create controls,Load all Textbox dynamic
4/24/2017 11:41:23 AM: createControls Finished
4/24/2017 11:41:23 AM: btnSubmit_Click Started
4/24/2017 11:41:23 AM: btnSubmit_Click Finished
4/24/2017 12:28:02 PM: createControls Started
4/24/2017 12:28:02 PM: Create controls,Load all Textbox dynamic
4/24/2017 12:28:02 PM: Create controls,Load all Textbox dynamic
4/24/2017 12:28:02 PM: createControls Finished
4/24/2017 12:28:02 PM: generatecontrols Started
4/24/2017 12:28:02 PM: Calling database to get reference id and watermark.
4/24/2017 12:28:02 PM: Database returned result: NO_EX_510_250_1008|
4/24/2017 12:28:02 PM: Generatecontrols,Load all Textbox dynamic
4/24/2017 12:28:02 PM: Generatecontrols,Load all Textbox dynamic
4/24/2017 12:28:08 PM: createControls Started
4/24/2017 12:28:08 PM: Create controls,Load all Textbox dynamic
4/24/2017 12:28:08 PM: Create controls,Load all Textbox dynamic
4/24/2017 12:28:08 PM: Create controls,Load all Textbox dynamic
4/24/2017 12:28:08 PM: Create controls,Load all Textbox dynamic
4/24/2017 12:28:08 PM: Create controls,Load all Textbox dynamic
4/24/2017 12:28:08 PM: Create controls,Load all Textbox dynamic
4/24/2017 12:28:08 PM: Create controls,Load all Textbox dynamic
4/24/2017 12:28:08 PM: Create controls,Load all Textbox dynamic
4/24/2017 12:28:08 PM: createControls Finished
4/24/2017 12:28:08 PM: generatecontrols Started
4/24/2017 12:28:08 PM: Calling database to get reference id and watermark.
4/24/2017 12:28:08 PM: Database returned result: NO_SE_510_250_1008|
4/24/2017 12:28:08 PM: Generatecontrols,Load all Textbox dynamic
4/24/2017 12:28:08 PM: Generatecontrols,Load all Textbox dynamic
4/24/2017 12:28:08 PM: Generatecontrols,Load all Textbox dynamic
4/24/2017 12:28:08 PM: Generatecontrols,Load all Textbox dynamic
4/24/2017 12:28:08 PM: Generatecontrols,Load all Textbox dynamic
4/24/2017 12:28:08 PM: Generatecontrols,Load all Textbox dynamic
4/24/2017 12:28:08 PM: Generatecontrols,Load all Textbox dynamic
4/24/2017 12:28:08 PM: Generatecontrols,Load all Textbox dynamic
4/24/2017 12:28:13 PM: createControls Started
4/24/2017 12:28:13 PM: Create controls,Load all Textbox dynamic
4/24/2017 12:28:13 PM: Create controls,Load all Textbox dynamic
4/24/2017 12:28:13 PM: createControls Finished
4/24/2017 12:28:13 PM: generatecontrols Started
4/24/2017 12:28:13 PM: Calling database to get reference id and watermark.
4/24/2017 12:28:13 PM: Database returned result: NO_EX_510_250_1008|
4/24/2017 12:28:13 PM: Generatecontrols,Load all Textbox dynamic
4/24/2017 12:28:13 PM: Generatecontrols,Load all Textbox dynamic
4/24/2017 12:29:36 PM: createControls Started
4/24/2017 12:29:36 PM: Create controls,Load all Textbox dynamic
4/24/2017 12:29:36 PM: Create controls,Load all Textbox dynamic
4/24/2017 12:29:36 PM: createControls Finished
4/24/2017 12:29:36 PM: generatecontrols Started
4/24/2017 12:29:36 PM: Calling database to get reference id and watermark.
4/24/2017 12:29:36 PM: Database returned result: NO_EX_510_250_1008|
4/24/2017 12:29:36 PM: Generatecontrols,Load all Textbox dynamic
4/24/2017 12:29:36 PM: Generatecontrols,Load all Textbox dynamic
4/24/2017 12:29:40 PM: createControls Started
4/24/2017 12:29:40 PM: Create controls,Load all Textbox dynamic
4/24/2017 12:29:40 PM: Create controls,Load all Textbox dynamic
4/24/2017 12:29:40 PM: Create controls,Load all Textbox dynamic
4/24/2017 12:29:40 PM: Create controls,Load all Textbox dynamic
4/24/2017 12:29:40 PM: Create controls,Load all Textbox dynamic
4/24/2017 12:29:40 PM: Create controls,Load all Textbox dynamic
4/24/2017 12:29:40 PM: Create controls,Load all Textbox dynamic
4/24/2017 12:29:40 PM: Create controls,Load all Textbox dynamic
4/24/2017 12:29:40 PM: createControls Finished
4/24/2017 12:29:40 PM: generatecontrols Started
4/24/2017 12:29:40 PM: Calling database to get reference id and watermark.
4/24/2017 12:29:40 PM: Database returned result: NO_SE_510_250_1008|
4/24/2017 12:29:40 PM: Generatecontrols,Load all Textbox dynamic
4/24/2017 12:29:40 PM: Generatecontrols,Load all Textbox dynamic
4/24/2017 12:29:40 PM: Generatecontrols,Load all Textbox dynamic
4/24/2017 12:29:40 PM: Generatecontrols,Load all Textbox dynamic
4/24/2017 12:29:40 PM: Generatecontrols,Load all Textbox dynamic
4/24/2017 12:29:40 PM: Generatecontrols,Load all Textbox dynamic
4/24/2017 12:29:40 PM: Generatecontrols,Load all Textbox dynamic
4/24/2017 12:29:40 PM: Generatecontrols,Load all Textbox dynamic
4/24/2017 12:29:44 PM: createControls Started
4/24/2017 12:29:44 PM: Create controls,Load all Textbox dynamic
4/24/2017 12:29:44 PM: Create controls,Load all Textbox dynamic
4/24/2017 12:29:44 PM: Create controls,Load all Textbox dynamic
4/24/2017 12:29:44 PM: Create controls,Load all Textbox dynamic
4/24/2017 12:29:44 PM: Create controls,Load all Textbox dynamic
4/24/2017 12:29:44 PM: Create controls,Load all Textbox dynamic
4/24/2017 12:29:44 PM: Create controls,Load all Textbox dynamic
4/24/2017 12:29:44 PM: Create controls,Load all Textbox dynamic
4/24/2017 12:29:44 PM: createControls Finished
4/24/2017 12:29:44 PM: generatecontrols Started
4/24/2017 12:29:44 PM: Calling database to get reference id and watermark.
4/24/2017 12:29:44 PM: Database returned result: NO_LO_510_250_1008|
4/24/2017 12:29:44 PM: Generatecontrols,Load all Textbox dynamic
4/24/2017 12:29:44 PM: Generatecontrols,Load all Textbox dynamic
4/24/2017 12:29:44 PM: Generatecontrols,Load all Textbox dynamic
4/24/2017 12:29:44 PM: Generatecontrols,Load all Textbox dynamic
4/24/2017 12:29:44 PM: Generatecontrols,Load all Textbox dynamic
4/24/2017 12:29:44 PM: Generatecontrols,Load all Textbox dynamic
4/24/2017 12:29:44 PM: Generatecontrols,Load all Textbox dynamic
4/24/2017 12:29:44 PM: Generatecontrols,Load all Textbox dynamic
4/24/2017 12:29:46 PM: createControls Started
4/24/2017 12:29:46 PM: Create controls,Load all Textbox dynamic
4/24/2017 12:29:46 PM: Create controls,Load all Textbox dynamic
4/24/2017 12:29:46 PM: createControls Finished
4/24/2017 12:29:46 PM: generatecontrols Started
4/24/2017 12:29:46 PM: Calling database to get reference id and watermark.
4/24/2017 12:29:46 PM: Database returned result: NO_EX_510_250_1008|
4/24/2017 12:29:46 PM: Generatecontrols,Load all Textbox dynamic
4/24/2017 12:29:46 PM: Generatecontrols,Load all Textbox dynamic
4/24/2017 12:29:49 PM: createControls Started
4/24/2017 12:29:49 PM: Create controls,Load all Textbox dynamic
4/24/2017 12:29:49 PM: Create controls,Load all Textbox dynamic
4/24/2017 12:29:49 PM: Create controls,Load all Textbox dynamic
4/24/2017 12:29:49 PM: Create controls,Load all Textbox dynamic
4/24/2017 12:29:49 PM: Create controls,Load all Textbox dynamic
4/24/2017 12:29:49 PM: Create controls,Load all Textbox dynamic
4/24/2017 12:29:49 PM: Create controls,Load all Textbox dynamic
4/24/2017 12:29:49 PM: Create controls,Load all Textbox dynamic
4/24/2017 12:29:49 PM: createControls Finished
4/24/2017 12:29:49 PM: generatecontrols Started
4/24/2017 12:29:49 PM: Calling database to get reference id and watermark.
4/24/2017 12:29:49 PM: Database returned result: NO_SE_510_250_1008|
4/24/2017 12:29:49 PM: Generatecontrols,Load all Textbox dynamic
4/24/2017 12:29:49 PM: Generatecontrols,Load all Textbox dynamic
4/24/2017 12:29:49 PM: Generatecontrols,Load all Textbox dynamic
4/24/2017 12:29:49 PM: Generatecontrols,Load all Textbox dynamic
4/24/2017 12:29:49 PM: Generatecontrols,Load all Textbox dynamic
4/24/2017 12:29:49 PM: Generatecontrols,Load all Textbox dynamic
4/24/2017 12:29:49 PM: Generatecontrols,Load all Textbox dynamic
4/24/2017 12:29:49 PM: Generatecontrols,Load all Textbox dynamic
4/24/2017 12:31:16 PM: createControls Started
4/24/2017 12:31:16 PM: Create controls,Load all Textbox dynamic
4/24/2017 12:31:16 PM: Create controls,Load all Textbox dynamic
4/24/2017 12:31:16 PM: Create controls,Load all Textbox dynamic
4/24/2017 12:31:16 PM: Create controls,Load all Textbox dynamic
4/24/2017 12:31:16 PM: Create controls,Load all Textbox dynamic
4/24/2017 12:31:16 PM: Create controls,Load all Textbox dynamic
4/24/2017 12:31:16 PM: Create controls,Load all Textbox dynamic
4/24/2017 12:31:16 PM: Create controls,Load all Textbox dynamic
4/24/2017 12:31:16 PM: createControls Finished
4/24/2017 12:31:16 PM: generatecontrols Started
4/24/2017 12:31:16 PM: Calling database to get reference id and watermark.
4/24/2017 12:31:40 PM: Database returned result: NO_SE_510_250_1008|
4/24/2017 12:32:41 PM: Calling database to get reference id and watermark.
4/24/2017 12:44:55 PM: Database returned result: NO_SE_510_250_1008|
4/24/2017 12:44:55 PM: Generatecontrols,Load all Textbox dynamic
4/24/2017 12:44:55 PM: Generatecontrols,Load all Textbox dynamic
4/24/2017 12:44:55 PM: Generatecontrols,Load all Textbox dynamic
4/24/2017 12:44:55 PM: Generatecontrols,Load all Textbox dynamic
4/24/2017 12:44:55 PM: Generatecontrols,Load all Textbox dynamic
4/24/2017 12:44:55 PM: Generatecontrols,Load all Textbox dynamic
4/24/2017 12:44:55 PM: Generatecontrols,Load all Textbox dynamic
4/24/2017 12:44:55 PM: Generatecontrols,Load all Textbox dynamic
4/24/2017 12:44:56 PM: createControls Started
4/24/2017 12:44:56 PM: Create controls,Load all Textbox dynamic
4/24/2017 12:44:56 PM: Create controls,Load all Textbox dynamic
4/24/2017 12:44:56 PM: Create controls,Load all Textbox dynamic
4/24/2017 12:44:56 PM: Create controls,Load all Textbox dynamic
4/24/2017 12:44:56 PM: Create controls,Load all Textbox dynamic
4/24/2017 12:44:56 PM: Create controls,Load all Textbox dynamic
4/24/2017 12:44:56 PM: Create controls,Load all Textbox dynamic
4/24/2017 12:44:56 PM: Create controls,Load all Textbox dynamic
4/24/2017 12:44:56 PM: createControls Finished
4/24/2017 12:44:56 PM: generatecontrols Started
4/24/2017 12:44:56 PM: Calling database to get reference id and watermark.
4/24/2017 12:44:57 PM: Database returned result: NO_SE_510_250_1008|
4/24/2017 12:44:57 PM: Generatecontrols,Load all Textbox dynamic
4/24/2017 12:44:57 PM: Generatecontrols,Load all Textbox dynamic
4/24/2017 12:44:57 PM: Generatecontrols,Load all Textbox dynamic
4/24/2017 12:44:57 PM: Generatecontrols,Load all Textbox dynamic
4/24/2017 12:44:57 PM: Generatecontrols,Load all Textbox dynamic
4/24/2017 12:44:57 PM: Generatecontrols,Load all Textbox dynamic
4/24/2017 12:44:57 PM: Generatecontrols,Load all Textbox dynamic
4/24/2017 12:44:57 PM: Generatecontrols,Load all Textbox dynamic
4/24/2017 1:29:01 PM: createControls Started
4/24/2017 1:29:01 PM: Create controls,Load all Textbox dynamic
4/24/2017 1:29:01 PM: Create controls,Load all Textbox dynamic
4/24/2017 1:29:01 PM: createControls Finished
4/24/2017 1:29:01 PM: generatecontrols Started
4/24/2017 1:29:01 PM: Calling database to get reference id and watermark.
4/24/2017 1:34:03 PM: Database returned result: NO_EX_510_250_1008|
4/24/2017 1:34:03 PM: Generatecontrols,Load all Textbox dynamic
4/24/2017 1:34:04 PM: Generatecontrols,Load all Textbox dynamic
4/24/2017 1:41:11 PM: createControls Started
4/24/2017 1:41:11 PM: Create controls,Load all Textbox dynamic
4/24/2017 1:41:11 PM: Create controls,Load all Textbox dynamic
4/24/2017 1:41:11 PM: Create controls,Load all Textbox dynamic
4/24/2017 1:41:11 PM: Create controls,Load all Textbox dynamic
4/24/2017 1:41:11 PM: Create controls,Load all Textbox dynamic
4/24/2017 1:41:11 PM: Create controls,Load all Textbox dynamic
4/24/2017 1:41:11 PM: Create controls,Load all Textbox dynamic
4/24/2017 1:41:11 PM: Create controls,Load all Textbox dynamic
4/24/2017 1:41:11 PM: createControls Finished
4/24/2017 1:41:11 PM: generatecontrols Started
4/24/2017 1:41:12 PM: Calling database to get reference id and watermark.
4/24/2017 1:41:17 PM: Database returned result: NO_SE_510_250_1008|
4/24/2017 1:41:17 PM: Generatecontrols,Load all Textbox dynamic
4/24/2017 1:41:17 PM: Generatecontrols,Load all Textbox dynamic
4/24/2017 1:41:17 PM: Generatecontrols,Load all Textbox dynamic
4/24/2017 1:41:17 PM: Generatecontrols,Load all Textbox dynamic
4/24/2017 1:41:17 PM: Generatecontrols,Load all Textbox dynamic
4/24/2017 1:41:17 PM: Generatecontrols,Load all Textbox dynamic
4/24/2017 1:41:17 PM: Generatecontrols,Load all Textbox dynamic
4/24/2017 1:41:17 PM: Generatecontrols,Load all Textbox dynamic
4/24/2017 1:41:23 PM: createControls Started
4/24/2017 1:41:23 PM: Create controls,Load all Textbox dynamic
4/24/2017 1:41:23 PM: Create controls,Load all Textbox dynamic
4/24/2017 1:41:23 PM: Create controls,Load all Textbox dynamic
4/24/2017 1:41:23 PM: Create controls,Load all Textbox dynamic
4/24/2017 1:41:23 PM: Create controls,Load all Textbox dynamic
4/24/2017 1:41:23 PM: Create controls,Load all Textbox dynamic
4/24/2017 1:41:23 PM: Create controls,Load all Textbox dynamic
4/24/2017 1:41:23 PM: Create controls,Load all Textbox dynamic
4/24/2017 1:41:23 PM: createControls Finished
4/24/2017 1:41:23 PM: generatecontrols Started
4/24/2017 1:41:23 PM: Calling database to get reference id and watermark.
4/24/2017 1:41:26 PM: Database returned result: NO_LO_510_250_1008|
4/24/2017 1:41:27 PM: Generatecontrols,Load all Textbox dynamic
4/24/2017 1:41:27 PM: Generatecontrols,Load all Textbox dynamic
4/24/2017 1:41:27 PM: Generatecontrols,Load all Textbox dynamic
4/24/2017 1:41:27 PM: Generatecontrols,Load all Textbox dynamic
4/24/2017 1:41:27 PM: Generatecontrols,Load all Textbox dynamic
4/24/2017 1:41:27 PM: Generatecontrols,Load all Textbox dynamic
4/24/2017 1:41:27 PM: Generatecontrols,Load all Textbox dynamic
4/24/2017 1:41:27 PM: Generatecontrols,Load all Textbox dynamic
4/24/2017 1:41:58 PM: createControls Started
4/24/2017 1:41:58 PM: Create controls,Load all Textbox dynamic
4/24/2017 1:41:58 PM: Create controls,Load all Textbox dynamic
4/24/2017 1:41:58 PM: Create controls,Load all Textbox dynamic
4/24/2017 1:41:58 PM: Create controls,Load all Textbox dynamic
4/24/2017 1:41:58 PM: Create controls,Load all Textbox dynamic
4/24/2017 1:41:58 PM: Create controls,Load all Textbox dynamic
4/24/2017 1:41:58 PM: Create controls,Load all Textbox dynamic
4/24/2017 1:41:58 PM: Create controls,Load all Textbox dynamic
4/24/2017 1:41:58 PM: createControls Finished
4/24/2017 1:41:59 PM: createControls Started
4/24/2017 1:41:59 PM: Create controls,Load all Textbox dynamic
4/24/2017 1:41:59 PM: Create controls,Load all Textbox dynamic
4/24/2017 1:41:59 PM: Create controls,Load all Textbox dynamic
4/24/2017 1:41:59 PM: Create controls,Load all Textbox dynamic
4/24/2017 1:41:59 PM: Create controls,Load all Textbox dynamic
4/24/2017 1:41:59 PM: Create controls,Load all Textbox dynamic
4/24/2017 1:41:59 PM: Create controls,Load all Textbox dynamic
4/24/2017 1:41:59 PM: Create controls,Load all Textbox dynamic
4/24/2017 1:41:59 PM: createControls Finished
4/24/2017 4:27:33 PM: createControls Started
4/24/2017 4:27:33 PM: Create controls,Load all Textbox dynamic
4/24/2017 4:27:33 PM: Create controls,Load all Textbox dynamic
4/24/2017 4:27:33 PM: createControls Finished
4/24/2017 4:27:33 PM: generatecontrols Started
4/24/2017 4:27:33 PM: Calling database to get reference id and watermark.
4/24/2017 4:27:36 PM: Database returned result: NO_EX_510_250_1008|
4/24/2017 4:27:36 PM: Generatecontrols,Load all Textbox dynamic
4/24/2017 4:27:36 PM: Generatecontrols,Load all Textbox dynamic
4/24/2017 4:27:47 PM: createControls Started
4/24/2017 4:27:47 PM: Create controls,Load all Textbox dynamic
4/24/2017 4:27:47 PM: Create controls,Load all Textbox dynamic
4/24/2017 4:27:47 PM: createControls Finished
4/24/2017 4:27:49 PM: AsyncFileUpload1_UploadedComplete Started
4/24/2017 4:27:49 PM: Started Saving Uploaded Document in AsyncFileUpload1_UploadedComplete 
4/24/2017 4:27:49 PM: Finished Saving Uploaded Document in AsyncFileUpload1_UploadedComplete 
4/24/2017 4:27:49 PM: AsyncFileUpload1_UploadedComplete Finished
4/24/2017 4:27:50 PM: createControls Started
4/24/2017 4:27:50 PM: Create controls,Load all Textbox dynamic
4/24/2017 4:27:50 PM: Create controls,Load all Textbox dynamic
4/24/2017 4:27:50 PM: createControls Finished
4/24/2017 4:27:50 PM: btnSubmit_Click Started
4/24/2017 4:27:50 PM: btnSubmit_Click Finished
4/24/2017 4:28:16 PM: createControls Started
4/24/2017 4:28:16 PM: Create controls,Load all Textbox dynamic
4/24/2017 4:28:16 PM: Create controls,Load all Textbox dynamic
4/24/2017 4:28:16 PM: createControls Finished
4/24/2017 4:28:26 PM: Started Saving Uploaded Document in Save Button Click
4/24/2017 4:31:01 PM: AsyncFileUpload1_UploadedComplete Started
4/24/2017 4:31:01 PM: AsyncFileUpload1_UploadedComplete Finished
4/24/2017 4:31:01 PM: GetDBFieldName the DBFld UPLOAD_vFld1
4/24/2017 4:31:01 PM: GetDBFieldName the DBFld UPLOAD_vFld2
4/24/2017 4:31:01 PM: CreateXML Started:-
4/24/2017 4:31:01 PM: CreateXML Completed:-
4/24/2017 4:31:01 PM: Save button click after saving or updating the ReturnCode= 0
4/24/2017 4:31:01 PM: Exception : Thread was being aborted.
4/24/2017 4:32:41 PM: createControls Started
4/24/2017 4:32:41 PM: Create controls,Load all Textbox dynamic
4/24/2017 4:32:41 PM: Create controls,Load all Textbox dynamic
4/24/2017 4:32:41 PM: Create controls,Load all Textbox dynamic
4/24/2017 4:32:41 PM: Create controls,Load all Textbox dynamic
4/24/2017 4:32:41 PM: Create controls,Load all Textbox dynamic
4/24/2017 4:32:41 PM: Create controls,Load all Textbox dynamic
4/24/2017 4:32:41 PM: Create controls,Load all Textbox dynamic
4/24/2017 4:32:41 PM: Create controls,Load all Textbox dynamic
4/24/2017 4:32:41 PM: createControls Finished
4/24/2017 4:32:41 PM: generatecontrols Started
4/24/2017 4:32:41 PM: Calling database to get reference id and watermark.
4/24/2017 4:32:47 PM: Database returned result: NO_SE_510_250_1008|
4/24/2017 4:32:47 PM: Generatecontrols,Load all Textbox dynamic
4/24/2017 4:32:47 PM: Generatecontrols,Load all Textbox dynamic
4/24/2017 4:32:47 PM: Generatecontrols,Load all Textbox dynamic
4/24/2017 4:32:47 PM: Generatecontrols,Load all Textbox dynamic
4/24/2017 4:32:47 PM: Generatecontrols,Load all Textbox dynamic
4/24/2017 4:32:47 PM: Generatecontrols,Load all Textbox dynamic
4/24/2017 4:32:47 PM: Generatecontrols,Load all Textbox dynamic
4/24/2017 4:32:47 PM: Generatecontrols,Load all Textbox dynamic
4/24/2017 4:32:47 PM: createControls Started
4/24/2017 4:32:47 PM: Create controls,Load all Textbox dynamic
4/24/2017 4:32:47 PM: Create controls,Load all Textbox dynamic
4/24/2017 4:32:47 PM: Create controls,Load all Textbox dynamic
4/24/2017 4:32:47 PM: Create controls,Load all Textbox dynamic
4/24/2017 4:32:47 PM: createControls Finished
4/24/2017 4:32:47 PM: generatecontrols Started
4/24/2017 4:32:47 PM: Calling database to get reference id and watermark.
4/24/2017 4:32:49 PM: Database returned result: NO_SE_510_250_1008|
4/24/2017 4:32:49 PM: Generatecontrols,Load all Textbox dynamic
4/24/2017 4:32:49 PM: Generatecontrols,Load all Textbox dynamic
4/24/2017 4:32:49 PM: Generatecontrols,Load all Textbox dynamic
4/24/2017 4:32:49 PM: Generatecontrols,Load all Textbox dynamic
4/24/2017 4:32:59 PM: createControls Started
4/24/2017 4:32:59 PM: Create controls,Load all Textbox dynamic
4/24/2017 4:32:59 PM: Create controls,Load all Textbox dynamic
4/24/2017 4:32:59 PM: createControls Finished
4/24/2017 4:32:59 PM: generatecontrols Started
4/24/2017 4:32:59 PM: Calling database to get reference id and watermark.
4/24/2017 4:33:00 PM: Database returned result: NO_EX_510_250_1008|
4/24/2017 4:33:00 PM: Generatecontrols,Load all Textbox dynamic
4/24/2017 4:33:00 PM: Generatecontrols,Load all Textbox dynamic
4/24/2017 4:34:17 PM: createControls Started
4/24/2017 4:34:17 PM: Create controls,Load all Textbox dynamic
4/24/2017 4:34:17 PM: Create controls,Load all Textbox dynamic
4/24/2017 4:34:17 PM: createControls Finished
4/24/2017 4:34:21 PM: AsyncFileUpload1_UploadedComplete Started
4/24/2017 4:34:21 PM: Started Saving Uploaded Document in AsyncFileUpload1_UploadedComplete 
4/24/2017 4:34:21 PM: Finished Saving Uploaded Document in AsyncFileUpload1_UploadedComplete 
4/24/2017 4:34:21 PM: AsyncFileUpload1_UploadedComplete Finished
4/24/2017 4:34:21 PM: createControls Started
4/24/2017 4:34:21 PM: Create controls,Load all Textbox dynamic
4/24/2017 4:34:21 PM: Create controls,Load all Textbox dynamic
4/24/2017 4:34:21 PM: createControls Finished
4/24/2017 4:34:21 PM: btnSubmit_Click Started
4/24/2017 4:34:21 PM: btnSubmit_Click Finished
4/24/2017 4:34:28 PM: createControls Started
4/24/2017 4:34:28 PM: Create controls,Load all Textbox dynamic
4/24/2017 4:34:28 PM: Create controls,Load all Textbox dynamic
4/24/2017 4:34:28 PM: createControls Finished
4/24/2017 4:34:31 PM: Started Saving Uploaded Document in Save Button Click
4/24/2017 4:35:17 PM: AsyncFileUpload1_UploadedComplete Started
4/24/2017 4:35:19 PM: AsyncFileUpload1_UploadedComplete Finished
4/24/2017 4:35:19 PM: GetDBFieldName the DBFld UPLOAD_vFld1
4/24/2017 4:35:19 PM: GetDBFieldName the DBFld UPLOAD_vFld2
4/24/2017 4:35:19 PM: CreateXML Started:-
4/24/2017 4:35:19 PM: CreateXML Completed:-
4/24/2017 4:35:20 PM: Save button click after saving or updating the ReturnCode= 0
4/24/2017 4:35:20 PM: Finished Saving Uploaded Document in Save Button Click
4/24/2017 4:35:22 PM: AsyncFileUpload1_UploadedComplete Started
4/24/2017 4:35:22 PM: Started Saving Uploaded Document in AsyncFileUpload1_UploadedComplete 
4/24/2017 4:35:22 PM: Finished Saving Uploaded Document in AsyncFileUpload1_UploadedComplete 
4/24/2017 4:35:22 PM: AsyncFileUpload1_UploadedComplete Finished
4/24/2017 4:35:30 PM: createControls Started
4/24/2017 4:35:30 PM: Create controls,Load all Textbox dynamic
4/24/2017 4:35:30 PM: Create controls,Load all Textbox dynamic
4/24/2017 4:35:30 PM: createControls Finished
4/24/2017 4:35:50 PM: createControls Started
4/24/2017 4:35:50 PM: Create controls,Load all Textbox dynamic
4/24/2017 4:35:50 PM: Create controls,Load all Textbox dynamic
4/24/2017 4:35:50 PM: createControls Finished
4/24/2017 4:35:50 PM: generatecontrols Started
4/24/2017 4:35:50 PM: Calling database to get reference id and watermark.
4/24/2017 4:35:51 PM: Database returned result: NO_EX_510_250_1008|
4/24/2017 4:35:51 PM: Generatecontrols,Load all Textbox dynamic
4/24/2017 4:35:51 PM: Generatecontrols,Load all Textbox dynamic
4/24/2017 4:35:55 PM: createControls Started
4/24/2017 4:35:55 PM: Create controls,Load all Textbox dynamic
4/24/2017 4:35:55 PM: Create controls,Load all Textbox dynamic
4/24/2017 4:35:55 PM: createControls Finished
4/24/2017 4:35:56 PM: AsyncFileUpload1_UploadedComplete Started
4/24/2017 4:35:56 PM: Started Saving Uploaded Document in AsyncFileUpload1_UploadedComplete 
4/24/2017 4:35:56 PM: Finished Saving Uploaded Document in AsyncFileUpload1_UploadedComplete 
4/24/2017 4:35:56 PM: AsyncFileUpload1_UploadedComplete Finished
4/24/2017 4:35:57 PM: createControls Started
4/24/2017 4:35:57 PM: Create controls,Load all Textbox dynamic
4/24/2017 4:35:57 PM: Create controls,Load all Textbox dynamic
4/24/2017 4:35:57 PM: createControls Finished
4/24/2017 4:35:57 PM: btnSubmit_Click Started
4/24/2017 4:35:57 PM: btnSubmit_Click Finished
4/24/2017 4:36:03 PM: createControls Started
4/24/2017 4:36:03 PM: Create controls,Load all Textbox dynamic
4/24/2017 4:36:03 PM: Create controls,Load all Textbox dynamic
4/24/2017 4:36:03 PM: createControls Finished
4/24/2017 4:36:11 PM: Started Saving Uploaded Document in Save Button Click
4/24/2017 4:37:47 PM: AsyncFileUpload1_UploadedComplete Started
4/24/2017 4:37:49 PM: AsyncFileUpload1_UploadedComplete Finished
4/24/2017 4:38:29 PM: Exception : The file 'D:\WDMSDocument\TempUploadedDocuments\nokia\510\2017-04-24\Tk9fRVhfNTEwXzI1MF8xMDA4\12337.pdf' already exists.
4/24/2017 4:38:33 PM: AsyncFileUpload1_UploadedComplete Started
4/24/2017 4:38:36 PM: Started Saving Uploaded Document in AsyncFileUpload1_UploadedComplete 
4/24/2017 4:38:36 PM: Finished Saving Uploaded Document in AsyncFileUpload1_UploadedComplete 
4/24/2017 4:38:36 PM: AsyncFileUpload1_UploadedComplete Finished
4/24/2017 4:38:44 PM: createControls Started
4/24/2017 4:38:44 PM: Create controls,Load all Textbox dynamic
4/24/2017 4:38:44 PM: Create controls,Load all Textbox dynamic
4/24/2017 4:38:44 PM: createControls Finished
4/24/2017 4:38:46 PM: AsyncFileUpload1_UploadedComplete Started
4/24/2017 4:38:46 PM: Started Saving Uploaded Document in AsyncFileUpload1_UploadedComplete 
4/24/2017 4:38:46 PM: Finished Saving Uploaded Document in AsyncFileUpload1_UploadedComplete 
4/24/2017 4:38:47 PM: AsyncFileUpload1_UploadedComplete Pagecount of Image2Pdf().ExtractPages 7
4/24/2017 4:38:47 PM: AsyncFileUpload1_UploadedComplete Finished
4/24/2017 4:38:47 PM: createControls Started
4/24/2017 4:38:47 PM: Create controls,Load all Textbox dynamic
4/24/2017 4:38:47 PM: Create controls,Load all Textbox dynamic
4/24/2017 4:38:47 PM: createControls Finished
4/24/2017 4:38:47 PM: btnSubmit_Click Started
4/24/2017 4:38:47 PM: btnSubmit_Click Finished
4/24/2017 4:38:53 PM: createControls Started
4/24/2017 4:38:53 PM: Create controls,Load all Textbox dynamic
4/24/2017 4:38:53 PM: Create controls,Load all Textbox dynamic
4/24/2017 4:38:53 PM: createControls Finished
4/24/2017 4:38:58 PM: Started Saving Uploaded Document in Save Button Click
4/24/2017 4:42:18 PM: Exception : Could not find a part of the path 'D:\WDMSDocument\TempWorkFolder\Tk9fRVhfNTEwXzI1MF8xMDA4'.
4/24/2017 4:42:19 PM: AsyncFileUpload1_UploadedComplete Started
4/24/2017 4:42:19 PM: Started Saving Uploaded Document in AsyncFileUpload1_UploadedComplete 
4/24/2017 4:42:19 PM: Finished Saving Uploaded Document in AsyncFileUpload1_UploadedComplete 
4/24/2017 4:42:20 PM: AsyncFileUpload1_UploadedComplete Pagecount of Image2Pdf().ExtractPages 7
4/24/2017 4:42:20 PM: AsyncFileUpload1_UploadedComplete Finished
4/24/2017 4:44:08 PM: createControls Started
4/24/2017 4:44:08 PM: Create controls,Load all Textbox dynamic
4/24/2017 4:44:08 PM: Create controls,Load all Textbox dynamic
4/24/2017 4:44:08 PM: createControls Finished
4/24/2017 4:44:08 PM: generatecontrols Started
4/24/2017 4:44:08 PM: Calling database to get reference id and watermark.
4/24/2017 4:44:09 PM: Database returned result: NO_EX_510_250_1008|
4/24/2017 4:44:09 PM: Generatecontrols,Load all Textbox dynamic
4/24/2017 4:44:10 PM: Generatecontrols,Load all Textbox dynamic
4/24/2017 4:44:14 PM: createControls Started
4/24/2017 4:44:14 PM: Create controls,Load all Textbox dynamic
4/24/2017 4:44:14 PM: Create controls,Load all Textbox dynamic
4/24/2017 4:44:14 PM: createControls Finished
4/24/2017 4:44:25 PM: AsyncFileUpload1_UploadedComplete Started
4/24/2017 4:44:25 PM: Started Saving Uploaded Document in AsyncFileUpload1_UploadedComplete 
4/24/2017 4:44:25 PM: Finished Saving Uploaded Document in AsyncFileUpload1_UploadedComplete 
4/24/2017 4:44:25 PM: AsyncFileUpload1_UploadedComplete Finished
4/24/2017 4:44:25 PM: createControls Started
4/24/2017 4:44:25 PM: Create controls,Load all Textbox dynamic
4/24/2017 4:44:25 PM: Create controls,Load all Textbox dynamic
4/24/2017 4:44:25 PM: createControls Finished
4/24/2017 4:44:25 PM: btnSubmit_Click Started
4/24/2017 4:44:25 PM: btnSubmit_Click Finished
4/24/2017 4:44:29 PM: createControls Started
4/24/2017 4:44:29 PM: Create controls,Load all Textbox dynamic
4/24/2017 4:44:29 PM: Create controls,Load all Textbox dynamic
4/24/2017 4:44:29 PM: createControls Finished
4/24/2017 4:44:31 PM: Started Saving Uploaded Document in Save Button Click
4/24/2017 4:44:31 PM: AsyncFileUpload1_UploadedComplete Started
4/24/2017 4:44:31 PM: AsyncFileUpload1_UploadedComplete Finished
4/24/2017 4:44:31 PM: Exception : The file 'D:\WDMSDocument\TempUploadedDocuments\nokia\510\2017-04-24\Tk9fRVhfNTEwXzI1MF8xMDA4\8238_Balakrishna A.pdf' already exists.
4/24/2017 4:44:32 PM: AsyncFileUpload1_UploadedComplete Started
4/24/2017 4:44:32 PM: Started Saving Uploaded Document in AsyncFileUpload1_UploadedComplete 
4/24/2017 4:44:32 PM: Finished Saving Uploaded Document in AsyncFileUpload1_UploadedComplete 
4/24/2017 4:44:32 PM: AsyncFileUpload1_UploadedComplete Finished
4/24/2017 4:46:18 PM: createControls Started
4/24/2017 4:46:18 PM: Create controls,Load all Textbox dynamic
4/24/2017 4:46:18 PM: Create controls,Load all Textbox dynamic
4/24/2017 4:46:18 PM: Create controls,Load all Textbox dynamic
4/24/2017 4:46:18 PM: Create controls,Load all Textbox dynamic
4/24/2017 4:46:18 PM: Create controls,Load all Textbox dynamic
4/24/2017 4:46:18 PM: Create controls,Load all Textbox dynamic
4/24/2017 4:46:18 PM: Create controls,Load all Textbox dynamic
4/24/2017 4:46:18 PM: Create controls,Load all Textbox dynamic
4/24/2017 4:46:18 PM: createControls Finished
4/24/2017 4:46:18 PM: generatecontrols Started
4/24/2017 4:46:18 PM: Calling database to get reference id and watermark.
4/24/2017 4:46:20 PM: Database returned result: NO_SE_510_250_1008|
4/24/2017 4:46:20 PM: Generatecontrols,Load all Textbox dynamic
4/24/2017 4:46:20 PM: Generatecontrols,Load all Textbox dynamic
4/24/2017 4:46:20 PM: Generatecontrols,Load all Textbox dynamic
4/24/2017 4:46:20 PM: Generatecontrols,Load all Textbox dynamic
4/24/2017 4:46:20 PM: Generatecontrols,Load all Textbox dynamic
4/24/2017 4:46:20 PM: Generatecontrols,Load all Textbox dynamic
4/24/2017 4:46:20 PM: Generatecontrols,Load all Textbox dynamic
4/24/2017 4:46:20 PM: Generatecontrols,Load all Textbox dynamic
4/24/2017 4:46:32 PM: createControls Started
4/24/2017 4:46:32 PM: Create controls,Load all Textbox dynamic
4/24/2017 4:46:32 PM: Create controls,Load all Textbox dynamic
4/24/2017 4:46:32 PM: Create controls,Load all Textbox dynamic
4/24/2017 4:46:32 PM: Create controls,Load all Textbox dynamic
4/24/2017 4:46:32 PM: Create controls,Load all Textbox dynamic
4/24/2017 4:46:32 PM: Create controls,Load all Textbox dynamic
4/24/2017 4:46:32 PM: Create controls,Load all Textbox dynamic
4/24/2017 4:46:32 PM: Create controls,Load all Textbox dynamic
4/24/2017 4:46:32 PM: createControls Finished
4/24/2017 4:46:36 PM: AsyncFileUpload1_UploadedComplete Started
4/24/2017 4:46:36 PM: Started Saving Uploaded Document in AsyncFileUpload1_UploadedComplete 
4/24/2017 4:46:36 PM: Finished Saving Uploaded Document in AsyncFileUpload1_UploadedComplete 
4/24/2017 4:46:36 PM: AsyncFileUpload1_UploadedComplete Pagecount of Image2Pdf().ExtractPages 7
4/24/2017 4:46:36 PM: AsyncFileUpload1_UploadedComplete Finished
4/24/2017 4:46:37 PM: createControls Started
4/24/2017 4:46:37 PM: Create controls,Load all Textbox dynamic
4/24/2017 4:46:37 PM: Create controls,Load all Textbox dynamic
4/24/2017 4:46:37 PM: Create controls,Load all Textbox dynamic
4/24/2017 4:46:37 PM: Create controls,Load all Textbox dynamic
4/24/2017 4:46:37 PM: Create controls,Load all Textbox dynamic
4/24/2017 4:46:37 PM: Create controls,Load all Textbox dynamic
4/24/2017 4:46:37 PM: Create controls,Load all Textbox dynamic
4/24/2017 4:46:37 PM: Create controls,Load all Textbox dynamic
4/24/2017 4:46:37 PM: createControls Finished
4/24/2017 4:46:37 PM: btnSubmit_Click Started
4/24/2017 4:46:37 PM: btnSubmit_Click Finished
4/24/2017 4:46:39 PM: createControls Started
4/24/2017 4:46:39 PM: Create controls,Load all Textbox dynamic
4/24/2017 4:46:39 PM: Create controls,Load all Textbox dynamic
4/24/2017 4:46:39 PM: Create controls,Load all Textbox dynamic
4/24/2017 4:46:39 PM: Create controls,Load all Textbox dynamic
4/24/2017 4:46:39 PM: Create controls,Load all Textbox dynamic
4/24/2017 4:46:39 PM: Create controls,Load all Textbox dynamic
4/24/2017 4:46:39 PM: Create controls,Load all Textbox dynamic
4/24/2017 4:46:39 PM: Create controls,Load all Textbox dynamic
4/24/2017 4:46:39 PM: createControls Finished
4/24/2017 4:46:39 PM: Started Previewing Uploaded Document in btnPreview_Click 
4/24/2017 4:46:39 PM: Src Details : http://localhost:55361/GenericHandler.ashx?f=D:\WDMSDocument\TempWorkFolder\Tk9fU0VfNTEwXzI1MF8xMDA4.pdf
4/24/2017 4:46:39 PM: Setting image to viewer. Action:  Page count: 7 Current Page:1
4/24/2017 4:46:39 PM: Converting PDF to JPEG. PDF Path: D:\WDMSDocument\TempWorkFolder\Tk9fU0VfNTEwXzI1MF8xMDA4\1.pdf Image Name: Tk9fU0VfNTEwXzI1MF8xMDA4 Page No: 1
4/24/2017 4:46:39 PM: Converting PDF to JPEG without applying watermark.
4/24/2017 4:46:39 PM: Setting image to viewer using RegisterStartupScript: http://localhost:55361/generichandler.ashx?f=d://wdmsdocument//tempworkfolder//tk9fu0vfntewxzi1mf8xmda4jpg//1.jpeg
4/24/2017 4:46:39 PM: Finished Previewing Uploaded Document in btnPreview_Click 
4/24/2017 4:46:51 PM: createControls Started
4/24/2017 4:46:51 PM: Create controls,Load all Textbox dynamic
4/24/2017 4:46:51 PM: Create controls,Load all Textbox dynamic
4/24/2017 4:46:51 PM: createControls Finished
4/24/2017 4:46:51 PM: generatecontrols Started
4/24/2017 4:46:51 PM: Calling database to get reference id and watermark.
4/24/2017 4:46:52 PM: Database returned result: NO_EX_510_250_1008|
4/24/2017 4:46:52 PM: Generatecontrols,Load all Textbox dynamic
4/24/2017 4:46:52 PM: Generatecontrols,Load all Textbox dynamic
4/24/2017 4:47:09 PM: createControls Started
4/24/2017 4:47:09 PM: Create controls,Load all Textbox dynamic
4/24/2017 4:47:09 PM: Create controls,Load all Textbox dynamic
4/24/2017 4:47:09 PM: createControls Finished
4/24/2017 4:47:11 PM: Started Saving Uploaded Document in Save Button Click
4/24/2017 4:47:12 PM: AsyncFileUpload1_UploadedComplete Started
4/24/2017 4:47:12 PM: AsyncFileUpload1_UploadedComplete Finished
4/24/2017 4:47:12 PM: GetDBFieldName the DBFld UPLOAD_vFld1
4/24/2017 4:47:12 PM: GetDBFieldName the DBFld UPLOAD_vFld2
4/24/2017 4:47:12 PM: CreateXML Started:-
4/24/2017 4:47:12 PM: CreateXML Completed:-
4/24/2017 4:47:12 PM: Save button click after saving or updating the ReturnCode= 0
4/24/2017 4:47:12 PM: Finished Saving Uploaded Document in Save Button Click
4/24/2017 4:47:13 PM: AsyncFileUpload1_UploadedComplete Started
4/24/2017 4:47:13 PM: Started Saving Uploaded Document in AsyncFileUpload1_UploadedComplete 
4/24/2017 4:47:13 PM: Finished Saving Uploaded Document in AsyncFileUpload1_UploadedComplete 
4/24/2017 4:47:13 PM: AsyncFileUpload1_UploadedComplete Pagecount of Image2Pdf().ExtractPages 7
4/24/2017 4:47:13 PM: AsyncFileUpload1_UploadedComplete Finished
4/24/2017 4:57:50 PM: createControls Started
4/24/2017 4:57:50 PM: Create controls,Load all Textbox dynamic
4/24/2017 4:57:50 PM: Create controls,Load all Textbox dynamic
4/24/2017 4:57:50 PM: createControls Finished
4/24/2017 5:04:18 PM: createControls Started
4/24/2017 5:04:18 PM: Create controls,Load all Textbox dynamic
4/24/2017 5:04:18 PM: Create controls,Load all Textbox dynamic
4/24/2017 5:04:18 PM: createControls Finished
4/24/2017 5:04:18 PM: generatecontrols Started
4/24/2017 5:04:18 PM: Calling database to get reference id and watermark.
4/24/2017 5:04:20 PM: Database returned result: NO_EX_510_250_1008|
4/24/2017 5:04:20 PM: Generatecontrols,Load all Textbox dynamic
4/24/2017 5:04:20 PM: Generatecontrols,Load all Textbox dynamic
4/24/2017 5:04:25 PM: createControls Started
4/24/2017 5:04:25 PM: Create controls,Load all Textbox dynamic
4/24/2017 5:04:25 PM: Create controls,Load all Textbox dynamic
4/24/2017 5:04:25 PM: createControls Finished
4/24/2017 5:04:27 PM: AsyncFileUpload1_UploadedComplete Started
4/24/2017 5:04:27 PM: Started Saving Uploaded Document in AsyncFileUpload1_UploadedComplete 
4/24/2017 5:04:27 PM: Finished Saving Uploaded Document in AsyncFileUpload1_UploadedComplete 
4/24/2017 5:04:27 PM: AsyncFileUpload1_UploadedComplete Pagecount of Image2Pdf().ExtractPages 7
4/24/2017 5:04:27 PM: AsyncFileUpload1_UploadedComplete Finished
4/24/2017 5:04:27 PM: createControls Started
4/24/2017 5:04:27 PM: Create controls,Load all Textbox dynamic
4/24/2017 5:04:27 PM: Create controls,Load all Textbox dynamic
4/24/2017 5:04:27 PM: createControls Finished
4/24/2017 5:04:27 PM: btnSubmit_Click Started
4/24/2017 5:04:27 PM: btnSubmit_Click Finished
4/24/2017 5:04:29 PM: createControls Started
4/24/2017 5:04:29 PM: Create controls,Load all Textbox dynamic
4/24/2017 5:04:29 PM: Create controls,Load all Textbox dynamic
4/24/2017 5:04:29 PM: createControls Finished
4/24/2017 5:04:29 PM: Started Previewing Uploaded Document in btnPreview_Click 
4/24/2017 5:04:29 PM: Src Details : http://localhost:55361/GenericHandler.ashx?f=D:\WDMSDocument\TempWorkFolder\Tk9fRVhfNTEwXzI1MF8xMDA4.pdf
4/24/2017 5:04:29 PM: Setting image to viewer. Action:  Page count: 7 Current Page:1
4/24/2017 5:04:29 PM: Converting PDF to JPEG. PDF Path: D:\WDMSDocument\TempWorkFolder\Tk9fRVhfNTEwXzI1MF8xMDA4\1.pdf Image Name: Tk9fRVhfNTEwXzI1MF8xMDA4 Page No: 1
4/24/2017 5:04:29 PM: Converting PDF to JPEG without applying watermark.
4/24/2017 5:04:29 PM: Setting image to viewer using RegisterStartupScript: http://localhost:55361/generichandler.ashx?f=d://wdmsdocument//tempworkfolder//tk9frvhfntewxzi1mf8xmda4jpg//1.jpeg
4/24/2017 5:04:29 PM: Finished Previewing Uploaded Document in btnPreview_Click 
4/24/2017 5:04:58 PM: createControls Started
4/24/2017 5:04:58 PM: Create controls,Load all Textbox dynamic
4/24/2017 5:04:58 PM: Create controls,Load all Textbox dynamic
4/24/2017 5:04:58 PM: createControls Finished
4/24/2017 5:05:00 PM: Started Saving Uploaded Document in Save Button Click
4/24/2017 5:05:00 PM: AsyncFileUpload1_UploadedComplete Started
4/24/2017 5:05:00 PM: AsyncFileUpload1_UploadedComplete Finished
4/24/2017 5:05:00 PM: GetDBFieldName the DBFld UPLOAD_vFld1
4/24/2017 5:05:00 PM: GetDBFieldName the DBFld UPLOAD_vFld2
4/24/2017 5:05:00 PM: CreateXML Started:-
4/24/2017 5:05:00 PM: CreateXML Completed:-
4/24/2017 5:05:01 PM: Save button click after saving or updating the ReturnCode= 0
4/24/2017 5:05:01 PM: Finished Saving Uploaded Document in Save Button Click
4/24/2017 5:05:01 PM: AsyncFileUpload1_UploadedComplete Started
4/24/2017 5:05:01 PM: Started Saving Uploaded Document in AsyncFileUpload1_UploadedComplete 
4/24/2017 5:05:01 PM: Finished Saving Uploaded Document in AsyncFileUpload1_UploadedComplete 
4/24/2017 5:05:01 PM: AsyncFileUpload1_UploadedComplete Pagecount of Image2Pdf().ExtractPages 7
4/24/2017 5:05:01 PM: AsyncFileUpload1_UploadedComplete Finished
4/24/2017 5:06:02 PM: createControls Started
4/24/2017 5:06:02 PM: Create controls,Load all Textbox dynamic
4/24/2017 5:06:02 PM: Create controls,Load all Textbox dynamic
4/24/2017 5:06:02 PM: createControls Finished
4/24/2017 5:06:02 PM: generatecontrols Started
4/24/2017 5:06:02 PM: Calling database to get reference id and watermark.
4/24/2017 5:06:03 PM: Database returned result: NO_EX_510_250_1008|
4/24/2017 5:06:03 PM: Generatecontrols,Load all Textbox dynamic
4/24/2017 5:06:03 PM: Generatecontrols,Load all Textbox dynamic
4/24/2017 5:06:08 PM: createControls Started
4/24/2017 5:06:08 PM: Create controls,Load all Textbox dynamic
4/24/2017 5:06:08 PM: Create controls,Load all Textbox dynamic
4/24/2017 5:06:08 PM: createControls Finished
4/24/2017 5:06:13 PM: AsyncFileUpload1_UploadedComplete Started
4/24/2017 5:06:13 PM: Started Saving Uploaded Document in AsyncFileUpload1_UploadedComplete 
4/24/2017 5:06:13 PM: Finished Saving Uploaded Document in AsyncFileUpload1_UploadedComplete 
4/24/2017 5:06:13 PM: AsyncFileUpload1_UploadedComplete Pagecount of Image2Pdf().ExtractPages 7
4/24/2017 5:06:13 PM: AsyncFileUpload1_UploadedComplete Finished
4/24/2017 5:06:14 PM: createControls Started
4/24/2017 5:06:14 PM: Create controls,Load all Textbox dynamic
4/24/2017 5:06:14 PM: Create controls,Load all Textbox dynamic
4/24/2017 5:06:14 PM: createControls Finished
4/24/2017 5:06:14 PM: btnSubmit_Click Started
4/24/2017 5:06:14 PM: btnSubmit_Click Finished
4/24/2017 5:06:29 PM: createControls Started
4/24/2017 5:06:29 PM: Create controls,Load all Textbox dynamic
4/24/2017 5:06:29 PM: Create controls,Load all Textbox dynamic
4/24/2017 5:06:29 PM: Create controls,Load all Textbox dynamic
4/24/2017 5:06:29 PM: Create controls,Load all Textbox dynamic
4/24/2017 5:06:29 PM: createControls Finished
4/24/2017 5:06:29 PM: generatecontrols Started
4/24/2017 5:06:29 PM: Calling database to get reference id and watermark.
4/24/2017 5:06:31 PM: Database returned result: NO_SE_510_250_1008|
4/24/2017 5:06:31 PM: Generatecontrols,Load all Textbox dynamic
4/24/2017 5:06:31 PM: Generatecontrols,Load all Textbox dynamic
4/24/2017 5:06:31 PM: Generatecontrols,Load all Textbox dynamic
4/24/2017 5:06:31 PM: Generatecontrols,Load all Textbox dynamic
4/24/2017 5:06:45 PM: createControls Started
4/24/2017 5:06:45 PM: Create controls,Load all Textbox dynamic
4/24/2017 5:06:45 PM: Create controls,Load all Textbox dynamic
4/24/2017 5:06:45 PM: Create controls,Load all Textbox dynamic
4/24/2017 5:06:45 PM: Create controls,Load all Textbox dynamic
4/24/2017 5:06:45 PM: createControls Finished
4/24/2017 5:06:46 PM: Started Saving Uploaded Document in Save Button Click
4/24/2017 5:06:47 PM: AsyncFileUpload1_UploadedComplete Started
4/24/2017 5:06:47 PM: AsyncFileUpload1_UploadedComplete Finished
4/24/2017 5:06:47 PM: GetDBFieldName the DBFld UPLOAD_vFld1
4/24/2017 5:06:47 PM: GetDBFieldName the DBFld UPLOAD_vFld2
4/24/2017 5:06:47 PM: GetDBFieldName the DBFld UPLOAD_vFld3
4/24/2017 5:06:47 PM: GetDBFieldName the DBFld UPLOAD_vFld4
4/24/2017 5:06:47 PM: CreateXML Started:-
4/24/2017 5:06:47 PM: CreateXML Completed:-
4/24/2017 5:06:48 PM: Save button click after saving or updating the ReturnCode= 0
4/24/2017 5:06:48 PM: Finished Saving Uploaded Document in Save Button Click
4/24/2017 5:06:48 PM: AsyncFileUpload1_UploadedComplete Started
4/24/2017 5:06:48 PM: Started Saving Uploaded Document in AsyncFileUpload1_UploadedComplete 
4/24/2017 5:06:48 PM: Finished Saving Uploaded Document in AsyncFileUpload1_UploadedComplete 
4/24/2017 5:06:48 PM: AsyncFileUpload1_UploadedComplete Pagecount of Image2Pdf().ExtractPages 7
4/24/2017 5:06:48 PM: AsyncFileUpload1_UploadedComplete Finished
4/24/2017 5:09:05 PM: createControls Started
4/24/2017 5:09:05 PM: Create controls,Load all Textbox dynamic
4/24/2017 5:09:05 PM: Create controls,Load all Textbox dynamic
4/24/2017 5:09:05 PM: createControls Finished
4/24/2017 5:09:05 PM: generatecontrols Started
4/24/2017 5:09:05 PM: Calling database to get reference id and watermark.
4/24/2017 5:09:18 PM: Database returned result: NO_EX_510_250_1008|
4/24/2017 5:09:18 PM: Generatecontrols,Load all Textbox dynamic
4/24/2017 5:09:18 PM: Generatecontrols,Load all Textbox dynamic
4/24/2017 5:09:19 PM: createControls Started
4/24/2017 5:09:19 PM: Create controls,Load all Textbox dynamic
4/24/2017 5:09:19 PM: Create controls,Load all Textbox dynamic
4/24/2017 5:09:19 PM: createControls Finished
4/24/2017 5:09:19 PM: generatecontrols Started
4/24/2017 5:09:19 PM: Calling database to get reference id and watermark.
4/24/2017 5:09:19 PM: Database returned result: NO_EX_510_250_1008|
4/24/2017 5:09:19 PM: Generatecontrols,Load all Textbox dynamic
4/24/2017 5:09:19 PM: Generatecontrols,Load all Textbox dynamic
4/24/2017 5:09:19 PM: AsyncFileUpload1_UploadedComplete Started
4/24/2017 5:09:19 PM: Started Saving Uploaded Document in AsyncFileUpload1_UploadedComplete 
4/24/2017 5:09:19 PM: Finished Saving Uploaded Document in AsyncFileUpload1_UploadedComplete 
4/24/2017 5:09:19 PM: AsyncFileUpload1_UploadedComplete Finished
4/24/2017 5:09:19 PM: createControls Started
4/24/2017 5:09:19 PM: Create controls,Load all Textbox dynamic
4/24/2017 5:09:19 PM: Create controls,Load all Textbox dynamic
4/24/2017 5:09:19 PM: createControls Finished
4/24/2017 5:09:19 PM: btnSubmit_Click Started
4/24/2017 5:09:19 PM: btnSubmit_Click Finished
4/24/2017 5:09:55 PM: createControls Started
4/24/2017 5:09:55 PM: Create controls,Load all Textbox dynamic
4/24/2017 5:09:55 PM: Create controls,Load all Textbox dynamic
4/24/2017 5:09:55 PM: createControls Finished
4/24/2017 5:09:55 PM: generatecontrols Started
4/24/2017 5:09:55 PM: Calling database to get reference id and watermark.
4/24/2017 5:09:55 PM: Database returned result: NO_EX_510_250_1008|
4/24/2017 5:09:55 PM: Generatecontrols,Load all Textbox dynamic
4/24/2017 5:09:55 PM: Generatecontrols,Load all Textbox dynamic
4/24/2017 5:10:00 PM: createControls Started
4/24/2017 5:10:00 PM: Create controls,Load all Textbox dynamic
4/24/2017 5:10:00 PM: Create controls,Load all Textbox dynamic
4/24/2017 5:10:00 PM: createControls Finished
4/24/2017 5:10:00 PM: AsyncFileUpload1_UploadedComplete Started
4/24/2017 5:10:00 PM: Started Saving Uploaded Document in AsyncFileUpload1_UploadedComplete 
4/24/2017 5:10:00 PM: Finished Saving Uploaded Document in AsyncFileUpload1_UploadedComplete 
4/24/2017 5:10:00 PM: AsyncFileUpload1_UploadedComplete Pagecount of Image2Pdf().ExtractPages 7
4/24/2017 5:10:00 PM: AsyncFileUpload1_UploadedComplete Finished
4/24/2017 5:10:01 PM: createControls Started
4/24/2017 5:10:01 PM: Create controls,Load all Textbox dynamic
4/24/2017 5:10:01 PM: Create controls,Load all Textbox dynamic
4/24/2017 5:10:01 PM: createControls Finished
4/24/2017 5:10:01 PM: btnSubmit_Click Started
4/24/2017 5:10:01 PM: btnSubmit_Click Finished
4/24/2017 5:10:03 PM: createControls Started
4/24/2017 5:10:03 PM: Create controls,Load all Textbox dynamic
4/24/2017 5:10:03 PM: Create controls,Load all Textbox dynamic
4/24/2017 5:10:03 PM: createControls Finished
4/24/2017 5:10:03 PM: Started Previewing Uploaded Document in btnPreview_Click 
4/24/2017 5:10:03 PM: Src Details : http://localhost:55361/GenericHandler.ashx?f=D:\WDMSDocument\TempWorkFolder\Tk9fRVhfNTEwXzI1MF8xMDA4.pdf
4/24/2017 5:10:03 PM: Setting image to viewer. Action:  Page count: 7 Current Page:1
4/24/2017 5:10:03 PM: Converting PDF to JPEG. PDF Path: D:\WDMSDocument\TempWorkFolder\Tk9fRVhfNTEwXzI1MF8xMDA4\1.pdf Image Name: Tk9fRVhfNTEwXzI1MF8xMDA4 Page No: 1
4/24/2017 5:10:03 PM: Converting PDF to JPEG without applying watermark.
4/24/2017 5:10:03 PM: Setting image to viewer using RegisterStartupScript: http://localhost:55361/generichandler.ashx?f=d://wdmsdocument//tempworkfolder//tk9frvhfntewxzi1mf8xmda4jpg//1.jpeg
4/24/2017 5:10:03 PM: Finished Previewing Uploaded Document in btnPreview_Click 
4/24/2017 5:17:06 PM: createControls Started
4/24/2017 5:17:06 PM: Create controls,Load all Textbox dynamic
4/24/2017 5:17:06 PM: Create controls,Load all Textbox dynamic
4/24/2017 5:17:06 PM: createControls Finished
4/24/2017 5:17:06 PM: Started Saving Uploaded Document in Save Button Click
4/24/2017 5:17:06 PM: AsyncFileUpload1_UploadedComplete Started
4/24/2017 5:17:06 PM: AsyncFileUpload1_UploadedComplete Finished
4/24/2017 5:17:06 PM: GetDBFieldName the DBFld UPLOAD_vFld1
4/24/2017 5:17:06 PM: GetDBFieldName the DBFld UPLOAD_vFld2
4/24/2017 5:17:06 PM: CreateXML Started:-
4/24/2017 5:17:06 PM: CreateXML Completed:-
4/24/2017 5:17:06 PM: Save button click after saving or updating the ReturnCode= 0
4/24/2017 5:17:06 PM: Finished Saving Uploaded Document in Save Button Click
4/24/2017 5:17:06 PM: AsyncFileUpload1_UploadedComplete Started
4/24/2017 5:17:06 PM: Started Saving Uploaded Document in AsyncFileUpload1_UploadedComplete 
4/24/2017 5:17:06 PM: Finished Saving Uploaded Document in AsyncFileUpload1_UploadedComplete 
4/24/2017 5:17:06 PM: AsyncFileUpload1_UploadedComplete Pagecount of Image2Pdf().ExtractPages 7
4/24/2017 5:17:06 PM: AsyncFileUpload1_UploadedComplete Finished
4/24/2017 5:18:03 PM: createControls Started
4/24/2017 5:18:03 PM: Create controls,Load all Textbox dynamic
4/24/2017 5:18:03 PM: Create controls,Load all Textbox dynamic
4/24/2017 5:18:03 PM: createControls Finished
4/24/2017 5:18:43 PM: createControls Started
4/24/2017 5:18:43 PM: Create controls,Load all Textbox dynamic
4/24/2017 5:18:43 PM: Create controls,Load all Textbox dynamic
4/24/2017 5:18:43 PM: createControls Finished
4/24/2017 5:18:43 PM: generatecontrols Started
4/24/2017 5:18:43 PM: Calling database to get reference id and watermark.
4/24/2017 5:18:43 PM: Database returned result: NO_EX_510_250_1008|
4/24/2017 5:18:43 PM: Generatecontrols,Load all Textbox dynamic
4/24/2017 5:18:43 PM: Generatecontrols,Load all Textbox dynamic
4/24/2017 5:18:51 PM: createControls Started
4/24/2017 5:18:51 PM: Create controls,Load all Textbox dynamic
4/24/2017 5:18:51 PM: Create controls,Load all Textbox dynamic
4/24/2017 5:18:51 PM: createControls Finished
4/24/2017 5:18:51 PM: AsyncFileUpload1_UploadedComplete Started
4/24/2017 5:18:51 PM: Started Saving Uploaded Document in AsyncFileUpload1_UploadedComplete 
4/24/2017 5:18:51 PM: Finished Saving Uploaded Document in AsyncFileUpload1_UploadedComplete 
4/24/2017 5:18:53 PM: AsyncFileUpload1_UploadedComplete Pagecount of Image2Pdf().tiff2PDF 4
4/24/2017 5:18:53 PM: AsyncFileUpload1_UploadedComplete Finished
4/24/2017 5:18:53 PM: createControls Started
4/24/2017 5:18:53 PM: Create controls,Load all Textbox dynamic
4/24/2017 5:18:53 PM: Create controls,Load all Textbox dynamic
4/24/2017 5:18:53 PM: createControls Finished
4/24/2017 5:18:53 PM: btnSubmit_Click Started
4/24/2017 5:18:53 PM: btnSubmit_Click Finished
4/24/2017 5:19:04 PM: createControls Started
4/24/2017 5:19:04 PM: Create controls,Load all Textbox dynamic
4/24/2017 5:19:04 PM: Create controls,Load all Textbox dynamic
4/24/2017 5:19:04 PM: createControls Finished
4/24/2017 5:19:04 PM: Started Saving Uploaded Document in Save Button Click
4/24/2017 5:19:04 PM: AsyncFileUpload1_UploadedComplete Started
4/24/2017 5:19:04 PM: AsyncFileUpload1_UploadedComplete Finished
4/24/2017 5:19:04 PM: GetDBFieldName the DBFld UPLOAD_vFld1
4/24/2017 5:19:04 PM: GetDBFieldName the DBFld UPLOAD_vFld2
4/24/2017 5:19:04 PM: CreateXML Started:-
4/24/2017 5:19:04 PM: CreateXML Completed:-
4/24/2017 5:19:04 PM: Save button click after saving or updating the ReturnCode= 0
4/24/2017 5:19:04 PM: Finished Saving Uploaded Document in Save Button Click
4/24/2017 5:19:04 PM: AsyncFileUpload1_UploadedComplete Started
4/24/2017 5:19:04 PM: Started Saving Uploaded Document in AsyncFileUpload1_UploadedComplete 
4/24/2017 5:19:04 PM: Finished Saving Uploaded Document in AsyncFileUpload1_UploadedComplete 
4/24/2017 5:19:05 PM: AsyncFileUpload1_UploadedComplete Pagecount of Image2Pdf().tiff2PDF 4
4/24/2017 5:19:05 PM: AsyncFileUpload1_UploadedComplete Finished
4/24/2017 5:19:38 PM: createControls Started
4/24/2017 5:19:38 PM: Create controls,Load all Textbox dynamic
4/24/2017 5:19:38 PM: Create controls,Load all Textbox dynamic
4/24/2017 5:19:38 PM: createControls Finished
4/24/2017 5:19:38 PM: generatecontrols Started
4/24/2017 5:19:38 PM: Calling database to get reference id and watermark.
4/24/2017 5:19:38 PM: Database returned result: NO_EX_510_250_1008|
4/24/2017 5:19:38 PM: Generatecontrols,Load all Textbox dynamic
4/24/2017 5:19:38 PM: Generatecontrols,Load all Textbox dynamic
4/24/2017 5:19:42 PM: createControls Started
4/24/2017 5:19:42 PM: Create controls,Load all Textbox dynamic
4/24/2017 5:19:42 PM: Create controls,Load all Textbox dynamic
4/24/2017 5:19:42 PM: createControls Finished
4/24/2017 5:19:42 PM: AsyncFileUpload1_UploadedComplete Started
4/24/2017 5:19:42 PM: Started Saving Uploaded Document in AsyncFileUpload1_UploadedComplete 
4/24/2017 5:19:42 PM: Finished Saving Uploaded Document in AsyncFileUpload1_UploadedComplete 
4/24/2017 5:19:42 PM: AsyncFileUpload1_UploadedComplete Finished
4/24/2017 5:19:43 PM: createControls Started
4/24/2017 5:19:43 PM: Create controls,Load all Textbox dynamic
4/24/2017 5:19:43 PM: Create controls,Load all Textbox dynamic
4/24/2017 5:19:43 PM: createControls Finished
4/24/2017 5:19:43 PM: btnSubmit_Click Started
4/24/2017 5:19:43 PM: btnSubmit_Click Finished
4/24/2017 5:20:37 PM: createControls Started
4/24/2017 5:20:37 PM: Create controls,Load all Textbox dynamic
4/24/2017 5:20:37 PM: Create controls,Load all Textbox dynamic
4/24/2017 5:20:37 PM: createControls Finished
4/24/2017 5:20:37 PM: generatecontrols Started
4/24/2017 5:20:37 PM: Calling database to get reference id and watermark.
4/24/2017 5:20:37 PM: Database returned result: NO_EX_510_250_1008|
4/24/2017 5:20:37 PM: Generatecontrols,Load all Textbox dynamic
4/24/2017 5:20:37 PM: Generatecontrols,Load all Textbox dynamic
4/24/2017 5:20:42 PM: createControls Started
4/24/2017 5:20:42 PM: Create controls,Load all Textbox dynamic
4/24/2017 5:20:42 PM: Create controls,Load all Textbox dynamic
4/24/2017 5:20:42 PM: createControls Finished
4/24/2017 5:20:42 PM: AsyncFileUpload1_UploadedComplete Started
4/24/2017 5:20:42 PM: Started Saving Uploaded Document in AsyncFileUpload1_UploadedComplete 
4/24/2017 5:20:42 PM: Finished Saving Uploaded Document in AsyncFileUpload1_UploadedComplete 
4/24/2017 5:20:46 PM: AsyncFileUpload1_UploadedComplete Pagecount of Image2Pdf().tiff2PDF 1
4/24/2017 5:20:46 PM: AsyncFileUpload1_UploadedComplete Finished
4/24/2017 5:20:47 PM: createControls Started
4/24/2017 5:20:47 PM: Create controls,Load all Textbox dynamic
4/24/2017 5:20:47 PM: Create controls,Load all Textbox dynamic
4/24/2017 5:20:47 PM: createControls Finished
4/24/2017 5:20:47 PM: btnSubmit_Click Started
4/24/2017 5:20:47 PM: btnSubmit_Click Finished
4/24/2017 5:23:16 PM: BindDocumentType started
4/24/2017 5:23:16 PM: BindDocumentType finished
4/24/2017 5:23:28 PM: createControls Started
4/24/2017 5:23:28 PM: Create controls,Load all Textbox dynamic
4/24/2017 5:23:28 PM: Create controls,Load all Textbox dynamic
4/24/2017 5:23:28 PM: createControls Finished
4/24/2017 5:23:28 PM: generatecontrols Started
4/24/2017 5:23:28 PM: Calling database to get reference id and watermark.
4/24/2017 5:23:28 PM: Database returned result: NO_EX_510_250_1008|
4/24/2017 5:23:28 PM: Generatecontrols,Load all Textbox dynamic
4/24/2017 5:23:28 PM: Generatecontrols,Load all Textbox dynamic
4/24/2017 5:23:31 PM: createControls Started
4/24/2017 5:23:31 PM: Create controls,Load all Textbox dynamic
4/24/2017 5:23:31 PM: Create controls,Load all Textbox dynamic
4/24/2017 5:23:31 PM: createControls Finished
4/24/2017 5:23:31 PM: AsyncFileUpload1_UploadedComplete Started
4/24/2017 5:23:31 PM: Started Saving Uploaded Document in AsyncFileUpload1_UploadedComplete 
4/24/2017 5:23:31 PM: Finished Saving Uploaded Document in AsyncFileUpload1_UploadedComplete 
4/24/2017 5:23:31 PM: AsyncFileUpload1_UploadedComplete Pagecount of Image2Pdf().ExtractPages 7
4/24/2017 5:23:31 PM: AsyncFileUpload1_UploadedComplete Finished
4/24/2017 5:23:32 PM: createControls Started
4/24/2017 5:23:32 PM: Create controls,Load all Textbox dynamic
4/24/2017 5:23:32 PM: Create controls,Load all Textbox dynamic
4/24/2017 5:23:32 PM: createControls Finished
4/24/2017 5:23:32 PM: btnSubmit_Click Started
4/24/2017 5:23:32 PM: btnSubmit_Click Finished
4/24/2017 5:23:33 PM: createControls Started
4/24/2017 5:23:33 PM: Create controls,Load all Textbox dynamic
4/24/2017 5:23:33 PM: Create controls,Load all Textbox dynamic
4/24/2017 5:23:33 PM: createControls Finished
4/24/2017 5:23:33 PM: Started Previewing Uploaded Document in btnPreview_Click 
4/24/2017 5:23:33 PM: Src Details : http://localhost:55361/GenericHandler.ashx?f=D:\WDMSDocument\TempWorkFolder\Tk9fRVhfNTEwXzI1MF8xMDA4.pdf
4/24/2017 5:23:33 PM: Setting image to viewer. Action:  Page count: 7 Current Page:1
4/24/2017 5:23:33 PM: Converting PDF to JPEG. PDF Path: D:\WDMSDocument\TempWorkFolder\Tk9fRVhfNTEwXzI1MF8xMDA4\1.pdf Image Name: Tk9fRVhfNTEwXzI1MF8xMDA4 Page No: 1
4/24/2017 5:23:33 PM: Converting PDF to JPEG without applying watermark.
4/24/2017 5:23:34 PM: Setting image to viewer using RegisterStartupScript: http://localhost:55361/generichandler.ashx?f=d://wdmsdocument//tempworkfolder//tk9frvhfntewxzi1mf8xmda4jpg//1.jpeg
4/24/2017 5:23:34 PM: Finished Previewing Uploaded Document in btnPreview_Click 
4/24/2017 5:23:39 PM: createControls Started
4/24/2017 5:23:39 PM: Create controls,Load all Textbox dynamic
4/24/2017 5:23:39 PM: Create controls,Load all Textbox dynamic
4/24/2017 5:23:39 PM: Create controls,Load all Textbox dynamic
4/24/2017 5:23:39 PM: Create controls,Load all Textbox dynamic
4/24/2017 5:23:39 PM: Create controls,Load all Textbox dynamic
4/24/2017 5:23:39 PM: Create controls,Load all Textbox dynamic
4/24/2017 5:23:39 PM: Create controls,Load all Textbox dynamic
4/24/2017 5:23:39 PM: Create controls,Load all Textbox dynamic
4/24/2017 5:23:39 PM: createControls Finished
4/24/2017 5:23:39 PM: generatecontrols Started
4/24/2017 5:23:39 PM: Calling database to get reference id and watermark.
4/24/2017 5:23:39 PM: Database returned result: NO_SE_510_250_1008|
4/24/2017 5:23:39 PM: Generatecontrols,Load all Textbox dynamic
4/24/2017 5:23:39 PM: Generatecontrols,Load all Textbox dynamic
4/24/2017 5:23:39 PM: Generatecontrols,Load all Textbox dynamic
4/24/2017 5:23:39 PM: Generatecontrols,Load all Textbox dynamic
4/24/2017 5:23:39 PM: Generatecontrols,Load all Textbox dynamic
4/24/2017 5:23:39 PM: Generatecontrols,Load all Textbox dynamic
4/24/2017 5:23:39 PM: Generatecontrols,Load all Textbox dynamic
4/24/2017 5:23:39 PM: Generatecontrols,Load all Textbox dynamic
4/24/2017 5:23:52 PM: createControls Started
4/24/2017 5:23:52 PM: Create controls,Load all Textbox dynamic
4/24/2017 5:23:52 PM: Create controls,Load all Textbox dynamic
4/24/2017 5:23:52 PM: Create controls,Load all Textbox dynamic
4/24/2017 5:23:52 PM: Create controls,Load all Textbox dynamic
4/24/2017 5:23:52 PM: Create controls,Load all Textbox dynamic
4/24/2017 5:23:52 PM: Create controls,Load all Textbox dynamic
4/24/2017 5:23:52 PM: Create controls,Load all Textbox dynamic
4/24/2017 5:23:52 PM: Create controls,Load all Textbox dynamic
4/24/2017 5:23:52 PM: createControls Finished
4/24/2017 5:23:52 PM: generatecontrols Started
4/24/2017 5:23:52 PM: Calling database to get reference id and watermark.
4/24/2017 5:23:52 PM: Database returned result: NO_LO_510_250_1008|
4/24/2017 5:23:52 PM: Generatecontrols,Load all Textbox dynamic
4/24/2017 5:23:52 PM: Generatecontrols,Load all Textbox dynamic
4/24/2017 5:23:52 PM: Generatecontrols,Load all Textbox dynamic
4/24/2017 5:23:52 PM: Generatecontrols,Load all Textbox dynamic
4/24/2017 5:23:52 PM: Generatecontrols,Load all Textbox dynamic
4/24/2017 5:23:52 PM: Generatecontrols,Load all Textbox dynamic
4/24/2017 5:23:52 PM: Generatecontrols,Load all Textbox dynamic
4/24/2017 5:23:52 PM: Generatecontrols,Load all Textbox dynamic
4/24/2017 5:23:57 PM: createControls Started
4/24/2017 5:23:57 PM: Create controls,Load all Textbox dynamic
4/24/2017 5:23:57 PM: Create controls,Load all Textbox dynamic
4/24/2017 5:23:57 PM: Create controls,Load all Textbox dynamic
4/24/2017 5:23:57 PM: Create controls,Load all Textbox dynamic
4/24/2017 5:23:57 PM: Create controls,Load all Textbox dynamic
4/24/2017 5:23:57 PM: Create controls,Load all Textbox dynamic
4/24/2017 5:23:57 PM: Create controls,Load all Textbox dynamic
4/24/2017 5:23:57 PM: Create controls,Load all Textbox dynamic
4/24/2017 5:23:57 PM: createControls Finished
4/24/2017 5:23:57 PM: AsyncFileUpload1_UploadedComplete Started
4/24/2017 5:23:57 PM: Started Saving Uploaded Document in AsyncFileUpload1_UploadedComplete 
4/24/2017 5:23:57 PM: Finished Saving Uploaded Document in AsyncFileUpload1_UploadedComplete 
4/24/2017 5:23:57 PM: AsyncFileUpload1_UploadedComplete Finished
4/24/2017 5:23:58 PM: createControls Started
4/24/2017 5:23:58 PM: Create controls,Load all Textbox dynamic
4/24/2017 5:23:58 PM: Create controls,Load all Textbox dynamic
4/24/2017 5:23:58 PM: Create controls,Load all Textbox dynamic
4/24/2017 5:23:58 PM: Create controls,Load all Textbox dynamic
4/24/2017 5:23:58 PM: Create controls,Load all Textbox dynamic
4/24/2017 5:23:58 PM: Create controls,Load all Textbox dynamic
4/24/2017 5:23:58 PM: Create controls,Load all Textbox dynamic
4/24/2017 5:23:58 PM: Create controls,Load all Textbox dynamic
4/24/2017 5:23:58 PM: createControls Finished
4/24/2017 5:23:58 PM: btnSubmit_Click Started
4/24/2017 5:23:58 PM: btnSubmit_Click Finished
4/24/2017 5:24:06 PM: createControls Started
4/24/2017 5:24:06 PM: Create controls,Load all Textbox dynamic
4/24/2017 5:24:06 PM: Create controls,Load all Textbox dynamic
4/24/2017 5:24:06 PM: Create controls,Load all Textbox dynamic
4/24/2017 5:24:06 PM: Create controls,Load all Textbox dynamic
4/24/2017 5:24:06 PM: Create controls,Load all Textbox dynamic
4/24/2017 5:24:06 PM: Create controls,Load all Textbox dynamic
4/24/2017 5:24:06 PM: createControls Finished
4/24/2017 5:24:06 PM: generatecontrols Started
4/24/2017 5:24:06 PM: Calling database to get reference id and watermark.
4/24/2017 5:24:06 PM: Database returned result: NO_LO_510_250_1008|
4/24/2017 5:24:06 PM: Generatecontrols,Load all Textbox dynamic
4/24/2017 5:24:06 PM: Generatecontrols,Load all Textbox dynamic
4/24/2017 5:24:06 PM: Generatecontrols,Load all Textbox dynamic
4/24/2017 5:24:06 PM: Generatecontrols,Load all Textbox dynamic
4/24/2017 5:24:06 PM: Generatecontrols,Load all Textbox dynamic
4/24/2017 5:24:06 PM: Generatecontrols,Load all Textbox dynamic
4/24/2017 5:24:10 PM: createControls Started
4/24/2017 5:24:10 PM: Create controls,Load all Textbox dynamic
4/24/2017 5:24:10 PM: Create controls,Load all Textbox dynamic
4/24/2017 5:24:10 PM: Create controls,Load all Textbox dynamic
4/24/2017 5:24:10 PM: Create controls,Load all Textbox dynamic
4/24/2017 5:24:10 PM: Create controls,Load all Textbox dynamic
4/24/2017 5:24:10 PM: Create controls,Load all Textbox dynamic
4/24/2017 5:24:10 PM: createControls Finished
4/24/2017 5:24:10 PM: AsyncFileUpload1_UploadedComplete Started
4/24/2017 5:24:10 PM: Started Saving Uploaded Document in AsyncFileUpload1_UploadedComplete 
4/24/2017 5:24:10 PM: Finished Saving Uploaded Document in AsyncFileUpload1_UploadedComplete 
4/24/2017 5:24:13 PM: AsyncFileUpload1_UploadedComplete Pagecount of Image2Pdf().tiff2PDF 1
4/24/2017 5:24:13 PM: AsyncFileUpload1_UploadedComplete Finished
4/24/2017 5:24:14 PM: createControls Started
4/24/2017 5:24:14 PM: Create controls,Load all Textbox dynamic
4/24/2017 5:24:14 PM: Create controls,Load all Textbox dynamic
4/24/2017 5:24:14 PM: Create controls,Load all Textbox dynamic
4/24/2017 5:24:14 PM: Create controls,Load all Textbox dynamic
4/24/2017 5:24:14 PM: Create controls,Load all Textbox dynamic
4/24/2017 5:24:14 PM: Create controls,Load all Textbox dynamic
4/24/2017 5:24:14 PM: createControls Finished
4/24/2017 5:24:14 PM: btnSubmit_Click Started
4/24/2017 5:24:14 PM: btnSubmit_Click Finished
4/24/2017 5:24:35 PM: createControls Started
4/24/2017 5:24:35 PM: Create controls,Load all Textbox dynamic
4/24/2017 5:24:35 PM: Create controls,Load all Textbox dynamic
4/24/2017 5:24:35 PM: Create controls,Load all Textbox dynamic
4/24/2017 5:24:35 PM: Create controls,Load all Textbox dynamic
4/24/2017 5:24:35 PM: Create controls,Load all Textbox dynamic
4/24/2017 5:24:35 PM: Create controls,Load all Textbox dynamic
4/24/2017 5:24:35 PM: createControls Finished
4/24/2017 5:24:35 PM: Started Previewing Uploaded Document in btnPreview_Click 
4/24/2017 5:24:35 PM: Src Details : http://localhost:55361/GenericHandler.ashx?f=D:\WDMSDocument\TempWorkFolder\Tk9fTE9fNTEwXzI1MF8xMDA4.pdf
4/24/2017 5:24:35 PM: Setting image to viewer. Action:  Page count: 1 Current Page:1
4/24/2017 5:24:35 PM: Converting PDF to JPEG. PDF Path: D:\WDMSDocument\TempWorkFolder\Tk9fTE9fNTEwXzI1MF8xMDA4\1.pdf Image Name: Tk9fTE9fNTEwXzI1MF8xMDA4 Page No: 1
4/24/2017 5:24:35 PM: Converting PDF to JPEG without applying watermark.
4/24/2017 5:24:36 PM: Setting image to viewer using RegisterStartupScript: http://localhost:55361/generichandler.ashx?f=d://wdmsdocument//tempworkfolder//tk9fte9fntewxzi1mf8xmda4jpg//1.jpeg
4/24/2017 5:24:36 PM: Finished Previewing Uploaded Document in btnPreview_Click 
4/24/2017 5:24:52 PM: createControls Started
4/24/2017 5:24:52 PM: Create controls,Load all Textbox dynamic
4/24/2017 5:24:52 PM: Create controls,Load all Textbox dynamic
4/24/2017 5:24:52 PM: Create controls,Load all Textbox dynamic
4/24/2017 5:24:52 PM: Create controls,Load all Textbox dynamic
4/24/2017 5:24:52 PM: Create controls,Load all Textbox dynamic
4/24/2017 5:24:52 PM: Create controls,Load all Textbox dynamic
4/24/2017 5:24:52 PM: createControls Finished
4/24/2017 5:24:52 PM: Started Saving Uploaded Document in Save Button Click
4/24/2017 5:24:52 PM: AsyncFileUpload1_UploadedComplete Started
4/24/2017 5:24:52 PM: AsyncFileUpload1_UploadedComplete Finished
4/24/2017 5:24:52 PM: GetDBFieldName the DBFld UPLOAD_vFld1
4/24/2017 5:24:52 PM: GetDBFieldName the DBFld UPLOAD_vFld2
4/24/2017 5:24:52 PM: GetDBFieldName the DBFld UPLOAD_vFld3
4/24/2017 5:24:52 PM: GetDBFieldName the DBFld UPLOAD_vFld4
4/24/2017 5:24:52 PM: GetDBFieldName the DBFld UPLOAD_vFld5
4/24/2017 5:24:52 PM: GetDBFieldName the DBFld UPLOAD_vFld6
4/24/2017 5:24:52 PM: CreateXML Started:-
4/24/2017 5:24:52 PM: CreateXML Completed:-
4/24/2017 5:24:52 PM: Save button click after saving or updating the ReturnCode= 0
4/24/2017 5:24:52 PM: Finished Saving Uploaded Document in Save Button Click
4/24/2017 5:24:52 PM: AsyncFileUpload1_UploadedComplete Started
4/24/2017 5:24:52 PM: Started Saving Uploaded Document in AsyncFileUpload1_UploadedComplete 
4/24/2017 5:24:52 PM: Finished Saving Uploaded Document in AsyncFileUpload1_UploadedComplete 
4/24/2017 5:24:55 PM: AsyncFileUpload1_UploadedComplete Pagecount of Image2Pdf().tiff2PDF 1
4/24/2017 5:24:55 PM: AsyncFileUpload1_UploadedComplete Finished
4/24/2017 5:25:09 PM: createControls Started
4/24/2017 5:25:09 PM: createControls Finished
4/24/2017 5:25:11 PM: createControls Started
4/24/2017 5:25:11 PM: Create controls,Load all Textbox dynamic
4/24/2017 5:25:11 PM: Create controls,Load all Textbox dynamic
4/24/2017 5:25:11 PM: Create controls,Load all Textbox dynamic
4/24/2017 5:25:11 PM: Create controls,Load all Textbox dynamic
4/24/2017 5:25:11 PM: Create controls,Load all Textbox dynamic
4/24/2017 5:25:11 PM: Create controls,Load all Textbox dynamic
4/24/2017 5:25:11 PM: Create controls,Load all Textbox dynamic
4/24/2017 5:25:11 PM: createControls Finished
4/24/2017 5:25:11 PM: generatecontrols Started
4/24/2017 5:25:11 PM: Calling database to get reference id and watermark.
4/24/2017 5:25:11 PM: Database returned result: NO_HR_510_250_1008|
4/24/2017 5:25:11 PM: Generatecontrols,Load all Textbox dynamic
4/24/2017 5:25:11 PM: Generatecontrols,Load all Textbox dynamic
4/24/2017 5:25:11 PM: Generatecontrols,Load all Textbox dynamic
4/24/2017 5:25:11 PM: Generatecontrols,Load all Textbox dynamic
4/24/2017 5:25:11 PM: Generatecontrols,Load all Textbox dynamic
4/24/2017 5:25:11 PM: Generatecontrols,Load all Textbox dynamic
4/24/2017 5:25:11 PM: Generatecontrols,Load all Textbox dynamic
4/24/2017 5:26:37 PM: BindDocumentType started
4/24/2017 5:26:37 PM: BindDocumentType finished
4/24/2017 5:26:50 PM: createControls Started
4/24/2017 5:26:50 PM: Create controls,Load all Textbox dynamic
4/24/2017 5:26:50 PM: Create controls,Load all Textbox dynamic
4/24/2017 5:26:50 PM: Create controls,Load all Textbox dynamic
4/24/2017 5:26:50 PM: Create controls,Load all Textbox dynamic
4/24/2017 5:26:50 PM: Create controls,Load all Textbox dynamic
4/24/2017 5:26:50 PM: Create controls,Load all Textbox dynamic
4/24/2017 5:26:50 PM: createControls Finished
4/24/2017 5:26:50 PM: generatecontrols Started
4/24/2017 5:26:50 PM: Calling database to get reference id and watermark.
4/24/2017 5:26:50 PM: Database returned result: NO_LO_510_250_1008|
4/24/2017 5:26:50 PM: Generatecontrols,Load all Textbox dynamic
4/24/2017 5:26:50 PM: Generatecontrols,Load all Textbox dynamic
4/24/2017 5:26:50 PM: Generatecontrols,Load all Textbox dynamic
4/24/2017 5:26:50 PM: Generatecontrols,Load all Textbox dynamic
4/24/2017 5:26:50 PM: Generatecontrols,Load all Textbox dynamic
4/24/2017 5:26:50 PM: Generatecontrols,Load all Textbox dynamic
4/24/2017 5:26:53 PM: createControls Started
4/24/2017 5:26:53 PM: Create controls,Load all Textbox dynamic
4/24/2017 5:26:53 PM: Create controls,Load all Textbox dynamic
4/24/2017 5:26:53 PM: Create controls,Load all Textbox dynamic
4/24/2017 5:26:53 PM: Create controls,Load all Textbox dynamic
4/24/2017 5:26:53 PM: Create controls,Load all Textbox dynamic
4/24/2017 5:26:53 PM: Create controls,Load all Textbox dynamic
4/24/2017 5:26:53 PM: createControls Finished
4/24/2017 5:26:53 PM: AsyncFileUpload1_UploadedComplete Started
4/24/2017 5:26:53 PM: Started Saving Uploaded Document in AsyncFileUpload1_UploadedComplete 
4/24/2017 5:26:53 PM: Finished Saving Uploaded Document in AsyncFileUpload1_UploadedComplete 
4/24/2017 5:26:53 PM: AsyncFileUpload1_UploadedComplete Finished
4/24/2017 5:26:54 PM: createControls Started
4/24/2017 5:26:54 PM: Create controls,Load all Textbox dynamic
4/24/2017 5:26:54 PM: Create controls,Load all Textbox dynamic
4/24/2017 5:26:54 PM: Create controls,Load all Textbox dynamic
4/24/2017 5:26:54 PM: Create controls,Load all Textbox dynamic
4/24/2017 5:26:54 PM: Create controls,Load all Textbox dynamic
4/24/2017 5:26:54 PM: Create controls,Load all Textbox dynamic
4/24/2017 5:26:54 PM: createControls Finished
4/24/2017 5:26:54 PM: btnSubmit_Click Started
4/24/2017 5:26:54 PM: btnSubmit_Click Finished
4/24/2017 5:27:00 PM: createControls Started
4/24/2017 5:27:00 PM: Create controls,Load all Textbox dynamic
4/24/2017 5:27:00 PM: Create controls,Load all Textbox dynamic
4/24/2017 5:27:00 PM: Create controls,Load all Textbox dynamic
4/24/2017 5:27:00 PM: Create controls,Load all Textbox dynamic
4/24/2017 5:27:00 PM: createControls Finished
4/24/2017 5:27:00 PM: generatecontrols Started
4/24/2017 5:27:00 PM: Calling database to get reference id and watermark.
4/24/2017 5:27:00 PM: Database returned result: NO_SE_510_250_1008|
4/24/2017 5:27:00 PM: Generatecontrols,Load all Textbox dynamic
4/24/2017 5:27:00 PM: Generatecontrols,Load all Textbox dynamic
4/24/2017 5:27:00 PM: Generatecontrols,Load all Textbox dynamic
4/24/2017 5:27:00 PM: Generatecontrols,Load all Textbox dynamic
4/24/2017 5:27:06 PM: createControls Started
4/24/2017 5:27:06 PM: Create controls,Load all Textbox dynamic
4/24/2017 5:27:06 PM: Create controls,Load all Textbox dynamic
4/24/2017 5:27:06 PM: Create controls,Load all Textbox dynamic
4/24/2017 5:27:06 PM: Create controls,Load all Textbox dynamic
4/24/2017 5:27:06 PM: createControls Finished
4/24/2017 5:27:06 PM: AsyncFileUpload1_UploadedComplete Started
4/24/2017 5:27:06 PM: Started Saving Uploaded Document in AsyncFileUpload1_UploadedComplete 
4/24/2017 5:27:06 PM: Finished Saving Uploaded Document in AsyncFileUpload1_UploadedComplete 
4/24/2017 5:27:06 PM: AsyncFileUpload1_UploadedComplete Pagecount of Image2Pdf().ExtractPages 6
4/24/2017 5:27:06 PM: AsyncFileUpload1_UploadedComplete Finished
4/24/2017 5:27:07 PM: createControls Started
4/24/2017 5:27:07 PM: Create controls,Load all Textbox dynamic
4/24/2017 5:27:07 PM: Create controls,Load all Textbox dynamic
4/24/2017 5:27:07 PM: Create controls,Load all Textbox dynamic
4/24/2017 5:27:07 PM: Create controls,Load all Textbox dynamic
4/24/2017 5:27:07 PM: createControls Finished
4/24/2017 5:27:07 PM: btnSubmit_Click Started
4/24/2017 5:27:07 PM: btnSubmit_Click Finished
4/24/2017 5:28:08 PM: createControls Started
4/24/2017 5:28:08 PM: Create controls,Load all Textbox dynamic
4/24/2017 5:28:08 PM: Create controls,Load all Textbox dynamic
4/24/2017 5:28:08 PM: Create controls,Load all Textbox dynamic
4/24/2017 5:28:08 PM: Create controls,Load all Textbox dynamic
4/24/2017 5:28:08 PM: Create controls,Load all Textbox dynamic
4/24/2017 5:28:08 PM: Create controls,Load all Textbox dynamic
4/24/2017 5:28:08 PM: createControls Finished
4/24/2017 5:28:08 PM: generatecontrols Started
4/24/2017 5:28:08 PM: Calling database to get reference id and watermark.
4/24/2017 5:28:08 PM: Database returned result: NO_LO_510_250_1008|
4/24/2017 5:28:08 PM: Generatecontrols,Load all Textbox dynamic
4/24/2017 5:28:08 PM: Generatecontrols,Load all Textbox dynamic
4/24/2017 5:28:08 PM: Generatecontrols,Load all Textbox dynamic
4/24/2017 5:28:08 PM: Generatecontrols,Load all Textbox dynamic
4/24/2017 5:28:08 PM: Generatecontrols,Load all Textbox dynamic
4/24/2017 5:28:08 PM: Generatecontrols,Load all Textbox dynamic
4/24/2017 5:28:13 PM: createControls Started
4/24/2017 5:28:13 PM: Create controls,Load all Textbox dynamic
4/24/2017 5:28:13 PM: Create controls,Load all Textbox dynamic
4/24/2017 5:28:13 PM: Create controls,Load all Textbox dynamic
4/24/2017 5:28:13 PM: Create controls,Load all Textbox dynamic
4/24/2017 5:28:13 PM: Create controls,Load all Textbox dynamic
4/24/2017 5:28:13 PM: Create controls,Load all Textbox dynamic
4/24/2017 5:28:13 PM: createControls Finished
4/24/2017 5:28:13 PM: AsyncFileUpload1_UploadedComplete Started
4/24/2017 5:28:13 PM: Started Saving Uploaded Document in AsyncFileUpload1_UploadedComplete 
4/24/2017 5:28:13 PM: Finished Saving Uploaded Document in AsyncFileUpload1_UploadedComplete 
4/24/2017 5:28:13 PM: AsyncFileUpload1_UploadedComplete Pagecount of Image2Pdf().ExtractPages 6
4/24/2017 5:28:13 PM: AsyncFileUpload1_UploadedComplete Finished
4/24/2017 5:28:14 PM: createControls Started
4/24/2017 5:28:14 PM: Create controls,Load all Textbox dynamic
4/24/2017 5:28:14 PM: Create controls,Load all Textbox dynamic
4/24/2017 5:28:14 PM: Create controls,Load all Textbox dynamic
4/24/2017 5:28:14 PM: Create controls,Load all Textbox dynamic
4/24/2017 5:28:14 PM: Create controls,Load all Textbox dynamic
4/24/2017 5:28:14 PM: Create controls,Load all Textbox dynamic
4/24/2017 5:28:14 PM: createControls Finished
4/24/2017 5:28:14 PM: btnSubmit_Click Started
4/24/2017 5:28:14 PM: btnSubmit_Click Finished
4/24/2017 5:28:33 PM: createControls Started
4/24/2017 5:28:33 PM: Create controls,Load all Textbox dynamic
4/24/2017 5:28:33 PM: Create controls,Load all Textbox dynamic
4/24/2017 5:28:33 PM: Create controls,Load all Textbox dynamic
4/24/2017 5:28:33 PM: Create controls,Load all Textbox dynamic
4/24/2017 5:28:33 PM: Create controls,Load all Textbox dynamic
4/24/2017 5:28:33 PM: Create controls,Load all Textbox dynamic
4/24/2017 5:28:33 PM: createControls Finished
4/24/2017 5:28:33 PM: Started Previewing Uploaded Document in btnPreview_Click 
4/24/2017 5:28:33 PM: Src Details : http://localhost:55361/GenericHandler.ashx?f=D:\WDMSDocument\TempWorkFolder\Tk9fTE9fNTEwXzI1MF8xMDA4.pdf
4/24/2017 5:28:33 PM: Setting image to viewer. Action:  Page count: 6 Current Page:1
4/24/2017 5:28:33 PM: Converting PDF to JPEG. PDF Path: D:\WDMSDocument\TempWorkFolder\Tk9fTE9fNTEwXzI1MF8xMDA4\1.pdf Image Name: Tk9fTE9fNTEwXzI1MF8xMDA4 Page No: 1
4/24/2017 5:28:33 PM: Converting PDF to JPEG without applying watermark.
4/24/2017 5:28:33 PM: Setting image to viewer using RegisterStartupScript: http://localhost:55361/generichandler.ashx?f=d://wdmsdocument//tempworkfolder//tk9fte9fntewxzi1mf8xmda4jpg//1.jpeg
4/24/2017 5:28:33 PM: Finished Previewing Uploaded Document in btnPreview_Click 
4/24/2017 5:29:05 PM: createControls Started
4/24/2017 5:29:05 PM: Create controls,Load all Textbox dynamic
4/24/2017 5:29:05 PM: Create controls,Load all Textbox dynamic
4/24/2017 5:29:05 PM: Create controls,Load all Textbox dynamic
4/24/2017 5:29:05 PM: Create controls,Load all Textbox dynamic
4/24/2017 5:29:05 PM: Create controls,Load all Textbox dynamic
4/24/2017 5:29:05 PM: Create controls,Load all Textbox dynamic
4/24/2017 5:29:05 PM: createControls Finished
4/24/2017 5:29:14 PM: Started Saving Uploaded Document in Save Button Click
4/24/2017 5:29:51 PM: AsyncFileUpload1_UploadedComplete Started
4/24/2017 5:29:51 PM: AsyncFileUpload1_UploadedComplete Finished
4/24/2017 5:30:10 PM: GetDBFieldName the DBFld UPLOAD_vFld1
4/24/2017 5:30:10 PM: GetDBFieldName the DBFld UPLOAD_vFld2
4/24/2017 5:30:10 PM: GetDBFieldName the DBFld UPLOAD_vFld3
4/24/2017 5:30:10 PM: GetDBFieldName the DBFld UPLOAD_vFld4
4/24/2017 5:30:10 PM: GetDBFieldName the DBFld UPLOAD_vFld5
4/24/2017 5:30:10 PM: GetDBFieldName the DBFld UPLOAD_vFld6
4/24/2017 5:39:44 PM: CreateXML Started:-
4/24/2017 5:39:44 PM: CreateXML Completed:-
4/24/2017 5:39:45 PM: Save button click after saving or updating the ReturnCode= 0
4/24/2017 5:39:49 PM: Finished Saving Uploaded Document in Save Button Click
4/24/2017 5:39:49 PM: AsyncFileUpload1_UploadedComplete Started
4/24/2017 5:39:49 PM: Started Saving Uploaded Document in AsyncFileUpload1_UploadedComplete 
4/24/2017 5:39:49 PM: Finished Saving Uploaded Document in AsyncFileUpload1_UploadedComplete 
4/24/2017 5:39:49 PM: AsyncFileUpload1_UploadedComplete Pagecount of Image2Pdf().ExtractPages 6
4/24/2017 5:39:49 PM: AsyncFileUpload1_UploadedComplete Finished
4/24/2017 5:44:44 PM: createControls Started
4/24/2017 5:44:44 PM: Create controls,Load all Textbox dynamic
4/24/2017 5:44:44 PM: Create controls,Load all Textbox dynamic
4/24/2017 5:44:44 PM: createControls Finished
4/24/2017 5:44:44 PM: generatecontrols Started
4/24/2017 5:44:44 PM: Calling database to get reference id and watermark.
4/24/2017 5:44:44 PM: Database returned result: NO_EX_510_250_1008|
4/24/2017 5:44:44 PM: Generatecontrols,Load all Textbox dynamic
4/24/2017 5:44:44 PM: Generatecontrols,Load all Textbox dynamic
4/24/2017 5:44:47 PM: createControls Started
4/24/2017 5:44:47 PM: Create controls,Load all Textbox dynamic
4/24/2017 5:44:47 PM: Create controls,Load all Textbox dynamic
4/24/2017 5:44:47 PM: createControls Finished
4/24/2017 5:44:47 PM: AsyncFileUpload1_UploadedComplete Started
4/24/2017 5:44:47 PM: Started Saving Uploaded Document in AsyncFileUpload1_UploadedComplete 
4/24/2017 5:44:47 PM: Finished Saving Uploaded Document in AsyncFileUpload1_UploadedComplete 
4/24/2017 5:44:47 PM: AsyncFileUpload1_UploadedComplete Finished
4/24/2017 5:44:48 PM: createControls Started
4/24/2017 5:44:48 PM: Create controls,Load all Textbox dynamic
4/24/2017 5:44:48 PM: Create controls,Load all Textbox dynamic
4/24/2017 5:44:48 PM: createControls Finished
4/24/2017 5:44:48 PM: btnSubmit_Click Started
4/24/2017 5:44:48 PM: btnSubmit_Click Finished
4/24/2017 5:45:29 PM: createControls Started
4/24/2017 5:45:29 PM: Create controls,Load all Textbox dynamic
4/24/2017 5:45:29 PM: Create controls,Load all Textbox dynamic
4/24/2017 5:45:29 PM: createControls Finished
4/24/2017 5:45:29 PM: generatecontrols Started
4/24/2017 5:45:29 PM: Calling database to get reference id and watermark.
4/24/2017 5:45:29 PM: Database returned result: NO_EX_510_250_1008|
4/24/2017 5:45:29 PM: Generatecontrols,Load all Textbox dynamic
4/24/2017 5:45:29 PM: Generatecontrols,Load all Textbox dynamic
4/24/2017 5:45:36 PM: createControls Started
4/24/2017 5:45:36 PM: Create controls,Load all Textbox dynamic
4/24/2017 5:45:36 PM: Create controls,Load all Textbox dynamic
4/24/2017 5:45:36 PM: createControls Finished
4/24/2017 5:45:37 PM: AsyncFileUpload1_UploadedComplete Started
4/24/2017 5:45:37 PM: Started Saving Uploaded Document in AsyncFileUpload1_UploadedComplete 
4/24/2017 5:45:37 PM: Finished Saving Uploaded Document in AsyncFileUpload1_UploadedComplete 
4/24/2017 5:45:37 PM: AsyncFileUpload1_UploadedComplete Pagecount of Image2Pdf().ExtractPages 6
4/24/2017 5:45:37 PM: AsyncFileUpload1_UploadedComplete Finished
4/24/2017 5:45:38 PM: createControls Started
4/24/2017 5:45:38 PM: Create controls,Load all Textbox dynamic
4/24/2017 5:45:38 PM: Create controls,Load all Textbox dynamic
4/24/2017 5:45:38 PM: createControls Finished
4/24/2017 5:45:38 PM: btnSubmit_Click Started
4/24/2017 5:45:38 PM: btnSubmit_Click Finished
4/24/2017 5:45:40 PM: createControls Started
4/24/2017 5:45:40 PM: Create controls,Load all Textbox dynamic
4/24/2017 5:45:40 PM: Create controls,Load all Textbox dynamic
4/24/2017 5:45:40 PM: createControls Finished
4/24/2017 5:45:40 PM: Started Previewing Uploaded Document in btnPreview_Click 
4/24/2017 5:45:40 PM: Src Details : http://localhost:55361/GenericHandler.ashx?f=D:\WDMSDocument\TempWorkFolder\Tk9fRVhfNTEwXzI1MF8xMDA4.pdf
4/24/2017 5:45:40 PM: Setting image to viewer. Action:  Page count: 6 Current Page:1
4/24/2017 5:45:40 PM: Converting PDF to JPEG. PDF Path: D:\WDMSDocument\TempWorkFolder\Tk9fRVhfNTEwXzI1MF8xMDA4\1.pdf Image Name: Tk9fRVhfNTEwXzI1MF8xMDA4 Page No: 1
4/24/2017 5:45:40 PM: Converting PDF to JPEG without applying watermark.
4/24/2017 5:45:41 PM: Setting image to viewer using RegisterStartupScript: http://localhost:55361/generichandler.ashx?f=d://wdmsdocument//tempworkfolder//tk9frvhfntewxzi1mf8xmda4jpg//1.jpeg
4/24/2017 5:45:41 PM: Finished Previewing Uploaded Document in btnPreview_Click 
4/24/2017 5:45:55 PM: createControls Started
4/24/2017 5:45:55 PM: Create controls,Load all Textbox dynamic
4/24/2017 5:45:55 PM: Create controls,Load all Textbox dynamic
4/24/2017 5:45:55 PM: createControls Finished
4/24/2017 5:45:59 PM: Started Saving Uploaded Document in Save Button Click
4/24/2017 5:46:00 PM: AsyncFileUpload1_UploadedComplete Started
4/24/2017 5:46:00 PM: AsyncFileUpload1_UploadedComplete Finished
4/24/2017 5:46:00 PM: GetDBFieldName the DBFld UPLOAD_vFld1
4/24/2017 5:46:00 PM: GetDBFieldName the DBFld UPLOAD_vFld2
4/24/2017 5:46:05 PM: CreateXML Started:-
4/24/2017 5:46:05 PM: CreateXML Completed:-
4/24/2017 5:46:05 PM: Save button click after saving or updating the ReturnCode= 0
4/24/2017 5:46:05 PM: Finished Saving Uploaded Document in Save Button Click
4/24/2017 5:46:05 PM: AsyncFileUpload1_UploadedComplete Started
4/24/2017 5:46:05 PM: Started Saving Uploaded Document in AsyncFileUpload1_UploadedComplete 
4/24/2017 5:46:05 PM: Finished Saving Uploaded Document in AsyncFileUpload1_UploadedComplete 
4/24/2017 5:46:05 PM: AsyncFileUpload1_UploadedComplete Pagecount of Image2Pdf().ExtractPages 6
4/24/2017 5:46:05 PM: AsyncFileUpload1_UploadedComplete Finished
