5/27/2017 12:04:13 AM: BindDocumentType started
5/27/2017 12:04:13 AM: BindDocumentType finished
5/27/2017 12:04:18 AM: createControls Started
5/27/2017 12:04:18 AM: createControls Loaded all Textbox dynamically
5/27/2017 12:04:18 AM: createControls Loaded all Textbox dynamically
5/27/2017 12:04:18 AM: createControls Finished
5/27/2017 12:04:18 AM: GetTemplateDetails started
5/27/2017 12:04:18 AM: generatecontrols Started
5/27/2017 12:04:18 AM: GenerateControls:Loaded all Textbox dynamically
5/27/2017 12:04:18 AM: GenerateControls:Loaded all Textbox dynamically
5/27/2017 12:04:20 AM: createControls Started
5/27/2017 12:04:20 AM: createControls Loaded all Textbox dynamically
5/27/2017 12:04:20 AM: createControls Loaded all Textbox dynamically
5/27/2017 12:04:20 AM: createControls Finished
5/27/2017 12:17:43 AM: BindDocumentType started
5/27/2017 12:17:43 AM: BindDocumentType finished
5/27/2017 12:17:47 AM: createControls Started
5/27/2017 12:17:47 AM: createControls Loaded all Textbox dynamically
5/27/2017 12:17:47 AM: createControls Loaded all Textbox dynamically
5/27/2017 12:17:47 AM: createControls Finished
5/27/2017 12:17:47 AM: GetTemplateDetails started
5/27/2017 12:17:47 AM: generatecontrols Started
5/27/2017 12:17:47 AM: GenerateControls:Loaded all Textbox dynamically
5/27/2017 12:17:47 AM: GenerateControls:Loaded all Textbox dynamically
5/27/2017 12:17:49 AM: createControls Started
5/27/2017 12:17:49 AM: createControls Loaded all Textbox dynamically
5/27/2017 12:17:49 AM: createControls Loaded all Textbox dynamically
5/27/2017 12:17:49 AM: createControls Finished
5/27/2017 12:22:03 AM: BindDocumentType started
5/27/2017 12:22:03 AM: BindDocumentType finished
5/27/2017 12:22:06 AM: createControls Started
5/27/2017 12:22:06 AM: createControls Loaded all Textbox dynamically
5/27/2017 12:22:06 AM: createControls Loaded all Textbox dynamically
5/27/2017 12:22:06 AM: createControls Finished
5/27/2017 12:22:06 AM: GetTemplateDetails started
5/27/2017 12:22:06 AM: generatecontrols Started
5/27/2017 12:22:06 AM: GenerateControls:Loaded all Textbox dynamically
5/27/2017 12:22:06 AM: GenerateControls:Loaded all Textbox dynamically
5/27/2017 12:22:08 AM: createControls Started
5/27/2017 12:22:08 AM: createControls Loaded all Textbox dynamically
5/27/2017 12:22:08 AM: createControls Loaded all Textbox dynamically
5/27/2017 12:22:08 AM: createControls Finished
5/27/2017 12:28:04 AM: BindDocumentType started
5/27/2017 12:28:04 AM: BindDocumentType finished
5/27/2017 12:28:13 AM: createControls Started
5/27/2017 12:28:13 AM: createControls Loaded all Textbox dynamically
5/27/2017 12:28:13 AM: createControls Loaded all Textbox dynamically
5/27/2017 12:28:13 AM: createControls Finished
5/27/2017 12:28:13 AM: GetTemplateDetails started
5/27/2017 12:28:13 AM: generatecontrols Started
5/27/2017 12:28:13 AM: GenerateControls:Loaded all Textbox dynamically
5/27/2017 12:28:13 AM: GenerateControls:Loaded all Textbox dynamically
5/27/2017 12:28:15 AM: createControls Started
5/27/2017 12:28:15 AM: createControls Loaded all Textbox dynamically
5/27/2017 12:28:15 AM: createControls Loaded all Textbox dynamically
5/27/2017 12:28:15 AM: createControls Finished
5/27/2017 12:28:26 AM: createControls Started
5/27/2017 12:28:26 AM: createControls Loaded all Textbox dynamically
5/27/2017 12:28:26 AM: createControls Loaded all Textbox dynamically
5/27/2017 12:28:26 AM: createControls Finished
5/27/2017 12:29:32 AM: BindDocumentType started
5/27/2017 12:29:32 AM: BindDocumentType finished
5/27/2017 12:29:40 AM: createControls Started
5/27/2017 12:29:40 AM: createControls Loaded all Textbox dynamically
5/27/2017 12:29:40 AM: createControls Loaded all Textbox dynamically
5/27/2017 12:29:40 AM: createControls Finished
5/27/2017 12:29:40 AM: GetTemplateDetails started
5/27/2017 12:29:40 AM: generatecontrols Started
5/27/2017 12:29:40 AM: GenerateControls:Loaded all Textbox dynamically
5/27/2017 12:29:40 AM: GenerateControls:Loaded all Textbox dynamically
5/27/2017 12:29:42 AM: createControls Started
5/27/2017 12:29:42 AM: createControls Loaded all Textbox dynamically
5/27/2017 12:29:42 AM: createControls Loaded all Textbox dynamically
5/27/2017 12:29:42 AM: createControls Finished
5/27/2017 12:29:58 AM: BindDocumentType started
5/27/2017 12:29:58 AM: BindDocumentType finished
5/27/2017 12:30:15 AM: createControls Started
5/27/2017 12:30:15 AM: createControls Loaded all Textbox dynamically
5/27/2017 12:30:15 AM: createControls Loaded all Textbox dynamically
5/27/2017 12:30:15 AM: createControls Finished
5/27/2017 12:30:15 AM: GetTemplateDetails started
5/27/2017 12:30:15 AM: generatecontrols Started
5/27/2017 12:30:15 AM: GenerateControls:Loaded all Textbox dynamically
5/27/2017 12:30:15 AM: GenerateControls:Loaded all Textbox dynamically
5/27/2017 12:30:17 AM: createControls Started
5/27/2017 12:30:17 AM: createControls Loaded all Textbox dynamically
5/27/2017 12:30:17 AM: createControls Loaded all Textbox dynamically
5/27/2017 12:30:17 AM: createControls Finished
5/27/2017 12:30:22 AM: createControls Started
5/27/2017 12:30:22 AM: createControls Loaded all Textbox dynamically
5/27/2017 12:30:22 AM: createControls Loaded all Textbox dynamically
5/27/2017 12:30:22 AM: createControls Finished
5/27/2017 12:30:28 AM: createControls Started
5/27/2017 12:30:28 AM: createControls Loaded all Textbox dynamically
5/27/2017 12:30:28 AM: createControls Loaded all Textbox dynamically
5/27/2017 12:30:28 AM: createControls Finished
5/27/2017 12:30:44 AM: createControls Started
5/27/2017 12:30:44 AM: createControls Loaded all Textbox dynamically
5/27/2017 12:30:44 AM: createControls Loaded all Textbox dynamically
5/27/2017 12:30:44 AM: createControls Finished
5/27/2017 12:30:54 AM: createControls Started
5/27/2017 12:30:54 AM: createControls Loaded all Textbox dynamically
5/27/2017 12:30:54 AM: createControls Loaded all Textbox dynamically
5/27/2017 12:30:54 AM: createControls Finished
