4/12/2017 4:25:16 PM: BindDocumentType started
4/12/2017 4:25:16 PM: BindDocumentType finished
4/12/2017 4:26:16 PM: BindDocumentType started
4/12/2017 4:26:16 PM: BindDocumentType finished
4/12/2017 4:26:19 PM: createControls Started
4/12/2017 4:26:19 PM: createControls Loaded all Textbox dynamically
4/12/2017 4:26:19 PM: createControls Loaded all Textbox dynamically
4/12/2017 4:26:19 PM: createControls Finished
4/12/2017 4:26:19 PM: GetTemplateDetails started
4/12/2017 4:26:19 PM: generatecontrols Started
4/12/2017 4:26:19 PM: GenerateControls:Loaded all Textbox dynamically
4/12/2017 4:26:19 PM: GenerateControls:Loaded all Textbox dynamically
4/12/2017 4:26:20 PM: createControls Started
4/12/2017 4:26:20 PM: createControls Loaded all Textbox dynamically
4/12/2017 4:26:20 PM: createControls Loaded all Textbox dynamically
4/12/2017 4:26:20 PM: createControls Finished
4/12/2017 4:26:58 PM: BindDocumentType started
4/12/2017 4:26:58 PM: BindDocumentType finished
4/12/2017 4:27:01 PM: createControls Started
4/12/2017 4:27:01 PM: createControls Loaded all Textbox dynamically
4/12/2017 4:27:01 PM: createControls Loaded all Textbox dynamically
4/12/2017 4:27:01 PM: createControls Finished
4/12/2017 4:27:01 PM: GetTemplateDetails started
4/12/2017 4:27:01 PM: generatecontrols Started
4/12/2017 4:27:01 PM: GenerateControls:Loaded all Textbox dynamically
4/12/2017 4:27:01 PM: GenerateControls:Loaded all Textbox dynamically
4/12/2017 4:27:02 PM: createControls Started
4/12/2017 4:27:02 PM: createControls Loaded all Textbox dynamically
4/12/2017 4:27:02 PM: createControls Loaded all Textbox dynamically
4/12/2017 4:27:02 PM: createControls Finished
4/12/2017 4:28:53 PM: BindDocumentType started
4/12/2017 4:28:53 PM: BindDocumentType finished
4/12/2017 4:29:41 PM: BindDocumentType started
4/12/2017 4:29:41 PM: BindDocumentType finished
4/12/2017 4:31:01 PM: BindDocumentType started
4/12/2017 4:31:01 PM: BindDocumentType finished
4/12/2017 4:31:36 PM: BindDocumentType started
4/12/2017 4:31:36 PM: BindDocumentType finished
4/12/2017 4:33:18 PM: BindDocumentType started
4/12/2017 4:33:18 PM: BindDocumentType finished
4/12/2017 4:33:48 PM: BindDocumentType started
4/12/2017 4:33:49 PM: BindDocumentType finished
4/12/2017 4:35:30 PM: BindDocumentType started
4/12/2017 4:35:30 PM: BindDocumentType finished
4/12/2017 4:36:15 PM: BindDocumentType started
4/12/2017 4:36:15 PM: BindDocumentType finished
4/12/2017 4:36:56 PM: BindDocumentType started
4/12/2017 4:36:56 PM: BindDocumentType finished
4/12/2017 4:56:43 PM: BindDocumentType started
4/12/2017 4:56:43 PM: BindDocumentType finished
4/12/2017 5:05:49 PM: BindDocumentType started
4/12/2017 5:05:49 PM: BindDocumentType finished
4/12/2017 5:06:08 PM: BindDocumentType started
4/12/2017 5:06:08 PM: BindDocumentType finished
4/12/2017 5:16:29 PM: createControls Started
4/12/2017 5:16:29 PM: createControls Loaded all Textbox dynamically
4/12/2017 5:16:29 PM: createControls Loaded all Textbox dynamically
4/12/2017 5:16:29 PM: createControls Finished
4/12/2017 5:16:29 PM: GetTemplateDetails started
4/12/2017 5:16:29 PM: generatecontrols Started
4/12/2017 5:16:29 PM: GenerateControls:Loaded all Textbox dynamically
4/12/2017 5:16:29 PM: GenerateControls:Loaded all Textbox dynamically
4/12/2017 5:16:30 PM: createControls Started
4/12/2017 5:16:30 PM: createControls Loaded all Textbox dynamically
4/12/2017 5:16:30 PM: createControls Loaded all Textbox dynamically
4/12/2017 5:16:30 PM: createControls Finished
4/12/2017 5:16:38 PM: BindDocumentType started
4/12/2017 5:16:38 PM: BindDocumentType finished
