2/1/2018 4:20:08 PM: BindDocumentType started
2/1/2018 4:20:08 PM: BindDocumentType finished
2/1/2018 4:20:14 PM: createControls Started
2/1/2018 4:20:14 PM: createControls Loaded all Textbox dynamically
2/1/2018 4:20:14 PM: createControls Loaded all Textbox dynamically
2/1/2018 4:20:14 PM: createControls Finished
2/1/2018 4:20:14 PM: GetTemplateDetails started
2/1/2018 4:20:14 PM: generatecontrols Started
2/1/2018 4:20:14 PM: GenerateControls:Loaded all Textbox dynamically
2/1/2018 4:20:14 PM: GenerateControls:Loaded all Textbox dynamically
2/1/2018 4:20:16 PM: createControls Started
2/1/2018 4:20:16 PM: createControls Loaded all Textbox dynamically
2/1/2018 4:20:16 PM: createControls Loaded all Textbox dynamically
2/1/2018 4:20:16 PM: createControls Finished
2/1/2018 4:20:16 PM: GetTemplateDetails started
2/1/2018 4:20:17 PM: createControls Started
2/1/2018 4:20:17 PM: createControls Loaded all Textbox dynamically
2/1/2018 4:20:17 PM: createControls Loaded all Textbox dynamically
2/1/2018 4:20:17 PM: createControls Finished
2/1/2018 4:20:25 PM: createControls Started
2/1/2018 4:20:25 PM: createControls Loaded all Textbox dynamically
2/1/2018 4:20:25 PM: createControls Loaded all Textbox dynamically
2/1/2018 4:20:25 PM: createControls Finished
2/1/2018 4:20:25 PM: Started Loading Entity Drop Down
2/1/2018 4:20:26 PM: Finished Loading Entity Drop Down
2/1/2018 4:20:30 PM: createControls Started
2/1/2018 4:20:30 PM: createControls Loaded all Textbox dynamically
2/1/2018 4:20:30 PM: createControls Loaded all Textbox dynamically
2/1/2018 4:20:30 PM: createControls Finished
2/1/2018 4:20:30 PM: GetTemplateDetails started
2/1/2018 4:20:34 PM: createControls Started
2/1/2018 4:20:34 PM: createControls Loaded all Textbox dynamically
2/1/2018 4:20:34 PM: createControls Loaded all Textbox dynamically
2/1/2018 4:20:34 PM: createControls Finished
2/1/2018 4:20:34 PM: GetTemplateDetails started
2/1/2018 4:20:38 PM: createControls Started
2/1/2018 4:20:38 PM: createControls Loaded all Textbox dynamically
2/1/2018 4:20:38 PM: createControls Loaded all Textbox dynamically
2/1/2018 4:20:38 PM: createControls Finished
2/1/2018 4:20:38 PM: GetTemplateDetails started
2/1/2018 4:20:41 PM: createControls Started
2/1/2018 4:20:41 PM: createControls Loaded all Textbox dynamically
2/1/2018 4:20:41 PM: createControls Loaded all Textbox dynamically
2/1/2018 4:20:41 PM: createControls Finished
2/1/2018 4:20:50 PM: createControls Started
2/1/2018 4:20:50 PM: createControls Loaded all Textbox dynamically
2/1/2018 4:20:50 PM: createControls Loaded all Textbox dynamically
2/1/2018 4:20:50 PM: createControls Finished
2/1/2018 4:20:50 PM: Started Loading Entity Drop Down
2/1/2018 4:20:50 PM: Finished Loading Entity Drop Down
2/1/2018 4:20:55 PM: createControls Started
2/1/2018 4:20:55 PM: createControls Loaded all Textbox dynamically
2/1/2018 4:20:55 PM: createControls Loaded all Textbox dynamically
2/1/2018 4:20:55 PM: createControls Finished
2/1/2018 4:20:55 PM: Started Loading Entity Drop Down
2/1/2018 4:20:55 PM: Finished Loading Entity Drop Down
2/1/2018 4:20:57 PM: createControls Started
2/1/2018 4:20:57 PM: createControls Loaded all Textbox dynamically
2/1/2018 4:20:57 PM: createControls Loaded all Textbox dynamically
2/1/2018 4:20:57 PM: createControls Finished
2/1/2018 4:20:57 PM: GetTemplateDetails started
2/1/2018 4:22:14 PM: BindDocumentType started
2/1/2018 4:22:14 PM: BindDocumentType finished
2/1/2018 4:22:21 PM: createControls Started
2/1/2018 4:22:21 PM: createControls Loaded all Textbox dynamically
2/1/2018 4:22:21 PM: createControls Loaded all Textbox dynamically
2/1/2018 4:22:21 PM: createControls Finished
2/1/2018 4:22:21 PM: GetTemplateDetails started
2/1/2018 4:22:21 PM: generatecontrols Started
2/1/2018 4:22:21 PM: GenerateControls:Loaded all Textbox dynamically
2/1/2018 4:22:21 PM: GenerateControls:Loaded all Textbox dynamically
2/1/2018 4:22:23 PM: createControls Started
2/1/2018 4:22:23 PM: createControls Loaded all Textbox dynamically
2/1/2018 4:22:23 PM: createControls Loaded all Textbox dynamically
2/1/2018 4:22:23 PM: createControls Finished
2/1/2018 4:25:36 PM: createControls Started
2/1/2018 4:25:36 PM: createControls Loaded all Textbox dynamically
2/1/2018 4:25:36 PM: createControls Loaded all Textbox dynamically
2/1/2018 4:25:36 PM: createControls Finished
2/1/2018 4:25:36 PM: GetTemplateDetails started
2/1/2018 4:25:39 PM: createControls Started
2/1/2018 4:25:39 PM: createControls Loaded all Textbox dynamically
2/1/2018 4:25:39 PM: createControls Loaded all Textbox dynamically
2/1/2018 4:25:39 PM: createControls Finished
2/1/2018 4:25:50 PM: createControls Started
2/1/2018 4:25:50 PM: createControls Loaded all Textbox dynamically
2/1/2018 4:25:50 PM: createControls Loaded all Textbox dynamically
2/1/2018 4:25:50 PM: createControls Finished
2/1/2018 4:25:50 PM: GetTemplateDetails started
2/1/2018 4:25:51 PM: createControls Started
2/1/2018 4:25:51 PM: createControls Loaded all Textbox dynamically
2/1/2018 4:25:51 PM: createControls Loaded all Textbox dynamically
2/1/2018 4:25:51 PM: createControls Finished
2/1/2018 4:31:44 PM: createControls Started
2/1/2018 4:31:44 PM: createControls Loaded all Textbox dynamically
2/1/2018 4:31:44 PM: createControls Loaded all Textbox dynamically
2/1/2018 4:31:44 PM: createControls Finished
2/1/2018 4:31:49 PM: createControls Started
2/1/2018 4:31:49 PM: createControls Loaded all Textbox dynamically
2/1/2018 4:31:49 PM: createControls Loaded all Textbox dynamically
2/1/2018 4:31:49 PM: createControls Finished
2/1/2018 4:31:49 PM: Started Loading Entity Drop Down
2/1/2018 4:31:49 PM: Finished Loading Entity Drop Down
2/1/2018 4:33:53 PM: createControls Started
2/1/2018 4:33:53 PM: createControls Loaded all Textbox dynamically
2/1/2018 4:33:53 PM: createControls Loaded all Textbox dynamically
2/1/2018 4:33:53 PM: createControls Finished
2/1/2018 4:33:59 PM: Started Loading Entity Drop Down
2/1/2018 4:34:00 PM: Finished Loading Entity Drop Down
2/1/2018 4:34:03 PM: createControls Started
2/1/2018 4:34:03 PM: createControls Loaded all Textbox dynamically
2/1/2018 4:34:03 PM: createControls Loaded all Textbox dynamically
2/1/2018 4:34:03 PM: createControls Finished
2/1/2018 4:34:03 PM: GetTemplateDetails started
2/1/2018 4:34:04 PM: createControls Started
2/1/2018 4:34:04 PM: createControls Loaded all Textbox dynamically
2/1/2018 4:34:04 PM: createControls Loaded all Textbox dynamically
2/1/2018 4:34:04 PM: createControls Finished
2/1/2018 4:34:26 PM: createControls Started
2/1/2018 4:34:26 PM: createControls Loaded all Textbox dynamically
2/1/2018 4:34:26 PM: createControls Loaded all Textbox dynamically
2/1/2018 4:34:26 PM: createControls Finished
2/1/2018 4:34:27 PM: Started Loading Entity Drop Down
2/1/2018 4:34:27 PM: Finished Loading Entity Drop Down
2/1/2018 4:34:31 PM: createControls Started
2/1/2018 4:34:31 PM: createControls Loaded all Textbox dynamically
2/1/2018 4:34:31 PM: createControls Loaded all Textbox dynamically
2/1/2018 4:34:31 PM: createControls Finished
2/1/2018 4:34:31 PM: GetTemplateDetails started
2/1/2018 4:34:41 PM: createControls Started
2/1/2018 4:34:41 PM: createControls Loaded all Textbox dynamically
2/1/2018 4:34:41 PM: createControls Loaded all Textbox dynamically
2/1/2018 4:34:41 PM: createControls Finished
2/1/2018 4:34:41 PM: GetTemplateDetails started
2/1/2018 4:34:45 PM: createControls Started
2/1/2018 4:34:45 PM: createControls Loaded all Textbox dynamically
2/1/2018 4:34:45 PM: createControls Loaded all Textbox dynamically
2/1/2018 4:34:45 PM: createControls Finished
2/1/2018 4:34:45 PM: GetTemplateDetails started
2/1/2018 4:36:13 PM: createControls Started
2/1/2018 4:36:13 PM: createControls Loaded all Textbox dynamically
2/1/2018 4:36:13 PM: createControls Loaded all Textbox dynamically
2/1/2018 4:36:13 PM: createControls Finished
2/1/2018 4:36:13 PM: GetTemplateDetails started
2/1/2018 4:36:16 PM: BindDocumentType started
2/1/2018 4:36:16 PM: BindDocumentType finished
2/1/2018 4:36:19 PM: createControls Started
2/1/2018 4:36:19 PM: createControls Loaded all Textbox dynamically
2/1/2018 4:36:19 PM: createControls Loaded all Textbox dynamically
2/1/2018 4:36:19 PM: createControls Finished
2/1/2018 4:36:19 PM: GetTemplateDetails started
2/1/2018 4:36:25 PM: generatecontrols Started
2/1/2018 4:36:25 PM: GenerateControls:Loaded all Textbox dynamically
2/1/2018 4:36:25 PM: GenerateControls:Loaded all Textbox dynamically
2/1/2018 4:36:30 PM: createControls Started
2/1/2018 4:36:30 PM: createControls Loaded all Textbox dynamically
2/1/2018 4:36:30 PM: createControls Loaded all Textbox dynamically
2/1/2018 4:36:30 PM: createControls Finished
2/1/2018 4:36:30 PM: GetTemplateDetails started
2/1/2018 4:36:38 PM: createControls Started
2/1/2018 4:36:38 PM: createControls Loaded all Textbox dynamically
2/1/2018 4:36:38 PM: createControls Loaded all Textbox dynamically
2/1/2018 4:36:38 PM: createControls Finished
2/1/2018 4:36:39 PM: Started Loading Entity Drop Down
2/1/2018 4:36:39 PM: Finished Loading Entity Drop Down
2/1/2018 4:36:42 PM: createControls Started
2/1/2018 4:36:42 PM: createControls Loaded all Textbox dynamically
2/1/2018 4:36:42 PM: createControls Loaded all Textbox dynamically
2/1/2018 4:36:42 PM: createControls Finished
2/1/2018 4:36:42 PM: GetTemplateDetails started
2/1/2018 4:40:14 PM: createControls Started
2/1/2018 4:40:14 PM: createControls Loaded all Textbox dynamically
2/1/2018 4:40:14 PM: createControls Loaded all Textbox dynamically
2/1/2018 4:40:14 PM: createControls Finished
2/1/2018 4:40:20 PM: GetTemplateDetails started
2/1/2018 4:40:23 PM: BindDocumentType started
2/1/2018 4:40:23 PM: BindDocumentType finished
2/1/2018 4:40:26 PM: createControls Started
2/1/2018 4:40:26 PM: createControls Loaded all Textbox dynamically
2/1/2018 4:40:26 PM: createControls Loaded all Textbox dynamically
2/1/2018 4:40:26 PM: createControls Finished
2/1/2018 4:40:26 PM: GetTemplateDetails started
2/1/2018 4:40:28 PM: generatecontrols Started
2/1/2018 4:40:28 PM: GenerateControls:Loaded all Textbox dynamically
2/1/2018 4:40:28 PM: GenerateControls:Loaded all Textbox dynamically
2/1/2018 4:40:31 PM: createControls Started
2/1/2018 4:40:31 PM: createControls Loaded all Textbox dynamically
2/1/2018 4:40:31 PM: createControls Loaded all Textbox dynamically
2/1/2018 4:40:31 PM: createControls Finished
2/1/2018 4:40:35 PM: Started Loading Entity Drop Down
2/1/2018 4:40:35 PM: Finished Loading Entity Drop Down
2/1/2018 4:40:38 PM: createControls Started
2/1/2018 4:40:38 PM: createControls Loaded all Textbox dynamically
2/1/2018 4:40:38 PM: createControls Loaded all Textbox dynamically
2/1/2018 4:40:38 PM: createControls Finished
2/1/2018 4:41:42 PM: GetTemplateDetails started
2/1/2018 4:45:07 PM: BindDocumentType started
2/1/2018 4:45:07 PM: BindDocumentType finished
2/1/2018 4:45:11 PM: createControls Started
2/1/2018 4:45:11 PM: createControls Loaded all Textbox dynamically
2/1/2018 4:45:11 PM: createControls Loaded all Textbox dynamically
2/1/2018 4:45:11 PM: createControls Finished
2/1/2018 4:45:11 PM: GetTemplateDetails started
2/1/2018 4:45:14 PM: generatecontrols Started
2/1/2018 4:45:14 PM: GenerateControls:Loaded all Textbox dynamically
2/1/2018 4:45:14 PM: GenerateControls:Loaded all Textbox dynamically
2/1/2018 4:45:17 PM: createControls Started
2/1/2018 4:45:17 PM: createControls Loaded all Textbox dynamically
2/1/2018 4:45:17 PM: createControls Loaded all Textbox dynamically
2/1/2018 4:45:17 PM: createControls Finished
2/1/2018 4:45:20 PM: Started Loading Entity Drop Down
2/1/2018 4:45:20 PM: Finished Loading Entity Drop Down
2/1/2018 4:45:24 PM: createControls Started
2/1/2018 4:45:24 PM: createControls Loaded all Textbox dynamically
2/1/2018 4:45:24 PM: createControls Loaded all Textbox dynamically
2/1/2018 4:45:24 PM: createControls Finished
2/1/2018 4:45:37 PM: GetTemplateDetails started
2/1/2018 4:46:01 PM: createControls Started
2/1/2018 4:46:01 PM: createControls Loaded all Textbox dynamically
2/1/2018 4:46:01 PM: createControls Loaded all Textbox dynamically
2/1/2018 4:46:01 PM: createControls Finished
2/1/2018 4:46:10 PM: GetTemplateDetails started
2/1/2018 4:46:51 PM: BindDocumentType started
2/1/2018 4:46:51 PM: BindDocumentType finished
2/1/2018 4:46:54 PM: createControls Started
2/1/2018 4:46:54 PM: createControls Loaded all Textbox dynamically
2/1/2018 4:46:54 PM: createControls Loaded all Textbox dynamically
2/1/2018 4:46:54 PM: createControls Finished
2/1/2018 4:46:54 PM: GetTemplateDetails started
2/1/2018 4:46:57 PM: generatecontrols Started
2/1/2018 4:46:57 PM: GenerateControls:Loaded all Textbox dynamically
2/1/2018 4:46:57 PM: GenerateControls:Loaded all Textbox dynamically
2/1/2018 4:47:01 PM: createControls Started
2/1/2018 4:47:01 PM: createControls Loaded all Textbox dynamically
2/1/2018 4:47:01 PM: createControls Loaded all Textbox dynamically
2/1/2018 4:47:01 PM: createControls Finished
2/1/2018 4:47:03 PM: Started Loading Entity Drop Down
2/1/2018 4:47:03 PM: Finished Loading Entity Drop Down
2/1/2018 4:47:10 PM: createControls Started
2/1/2018 4:47:10 PM: createControls Loaded all Textbox dynamically
2/1/2018 4:47:10 PM: createControls Loaded all Textbox dynamically
2/1/2018 4:47:10 PM: createControls Finished
2/1/2018 4:47:13 PM: GetTemplateDetails started
2/1/2018 4:47:20 PM: createControls Started
2/1/2018 4:47:20 PM: createControls Loaded all Textbox dynamically
2/1/2018 4:47:20 PM: createControls Loaded all Textbox dynamically
2/1/2018 4:47:20 PM: createControls Finished
2/1/2018 4:47:22 PM: Started Loading Entity Drop Down
2/1/2018 4:47:22 PM: Finished Loading Entity Drop Down
2/1/2018 4:47:32 PM: createControls Started
2/1/2018 4:47:32 PM: createControls Loaded all Textbox dynamically
2/1/2018 4:47:32 PM: createControls Loaded all Textbox dynamically
2/1/2018 4:47:32 PM: createControls Finished
2/1/2018 4:47:54 PM: GetTemplateDetails started
2/1/2018 4:48:05 PM: createControls Started
2/1/2018 4:48:05 PM: createControls Loaded all Textbox dynamically
2/1/2018 4:48:05 PM: createControls Loaded all Textbox dynamically
2/1/2018 4:48:05 PM: createControls Finished
2/1/2018 4:48:10 PM: createControls Started
2/1/2018 4:48:10 PM: createControls Loaded all Textbox dynamically
2/1/2018 4:48:10 PM: createControls Loaded all Textbox dynamically
2/1/2018 4:48:10 PM: createControls Finished
2/1/2018 4:48:12 PM: createControls Started
2/1/2018 4:48:12 PM: createControls Loaded all Textbox dynamically
2/1/2018 4:48:12 PM: createControls Loaded all Textbox dynamically
2/1/2018 4:48:12 PM: createControls Finished
2/1/2018 4:48:15 PM: createControls Started
2/1/2018 4:48:15 PM: createControls Loaded all Textbox dynamically
2/1/2018 4:48:15 PM: createControls Loaded all Textbox dynamically
2/1/2018 4:48:15 PM: createControls Finished
2/1/2018 4:48:17 PM: createControls Started
2/1/2018 4:48:17 PM: createControls Loaded all Textbox dynamically
2/1/2018 4:48:17 PM: createControls Loaded all Textbox dynamically
2/1/2018 4:48:17 PM: createControls Finished
2/1/2018 4:48:19 PM: createControls Started
2/1/2018 4:48:19 PM: createControls Loaded all Textbox dynamically
2/1/2018 4:48:19 PM: createControls Loaded all Textbox dynamically
2/1/2018 4:48:19 PM: createControls Finished
2/1/2018 4:48:23 PM: createControls Started
2/1/2018 4:48:23 PM: createControls Loaded all Textbox dynamically
2/1/2018 4:48:23 PM: createControls Loaded all Textbox dynamically
2/1/2018 4:48:23 PM: createControls Finished
2/1/2018 4:48:24 PM: GetTemplateDetails started
2/1/2018 4:48:28 PM: createControls Started
2/1/2018 4:48:28 PM: createControls Loaded all Textbox dynamically
2/1/2018 4:48:28 PM: createControls Loaded all Textbox dynamically
2/1/2018 4:48:28 PM: createControls Finished
2/1/2018 4:48:30 PM: GetTemplateDetails started
2/1/2018 4:49:11 PM: createControls Started
2/1/2018 4:49:11 PM: createControls Loaded all Textbox dynamically
2/1/2018 4:49:11 PM: createControls Loaded all Textbox dynamically
2/1/2018 4:49:11 PM: createControls Finished
2/1/2018 4:49:50 PM: createControls Started
2/1/2018 4:49:50 PM: createControls Loaded all Textbox dynamically
2/1/2018 4:49:50 PM: createControls Loaded all Textbox dynamically
2/1/2018 4:49:50 PM: createControls Finished
2/1/2018 4:49:53 PM: GetTemplateDetails started
2/1/2018 4:55:56 PM: BindDocumentType started
2/1/2018 4:55:56 PM: BindDocumentType finished
2/1/2018 4:55:59 PM: createControls Started
2/1/2018 4:55:59 PM: createControls Loaded all Textbox dynamically
2/1/2018 4:55:59 PM: createControls Loaded all Textbox dynamically
2/1/2018 4:55:59 PM: createControls Finished
2/1/2018 4:55:59 PM: GetTemplateDetails started
2/1/2018 4:55:59 PM: generatecontrols Started
2/1/2018 4:55:59 PM: GenerateControls:Loaded all Textbox dynamically
2/1/2018 4:55:59 PM: GenerateControls:Loaded all Textbox dynamically
2/1/2018 4:56:00 PM: createControls Started
2/1/2018 4:56:00 PM: createControls Loaded all Textbox dynamically
2/1/2018 4:56:00 PM: createControls Loaded all Textbox dynamically
2/1/2018 4:56:00 PM: createControls Finished
2/1/2018 4:56:04 PM: Started Loading Entity Drop Down
2/1/2018 5:03:10 PM: Finished Loading Entity Drop Down
2/1/2018 5:08:41 PM: createControls Started
2/1/2018 5:08:41 PM: createControls Loaded all Textbox dynamically
2/1/2018 5:08:41 PM: createControls Loaded all Textbox dynamically
2/1/2018 5:08:41 PM: createControls Finished
2/1/2018 5:08:44 PM: Started Loading Entity Drop Down
2/1/2018 5:10:33 PM: Finished Loading Entity Drop Down
2/1/2018 5:12:29 PM: createControls Started
2/1/2018 5:12:29 PM: createControls Loaded all Textbox dynamically
2/1/2018 5:12:29 PM: createControls Loaded all Textbox dynamically
2/1/2018 5:12:29 PM: createControls Finished
2/1/2018 5:12:34 PM: GetTemplateDetails started
2/1/2018 5:15:47 PM: BindDocumentType started
2/1/2018 5:15:47 PM: BindDocumentType finished
2/1/2018 5:15:49 PM: createControls Started
2/1/2018 5:15:49 PM: createControls Loaded all Textbox dynamically
2/1/2018 5:15:49 PM: createControls Loaded all Textbox dynamically
2/1/2018 5:15:49 PM: createControls Finished
2/1/2018 5:15:49 PM: GetTemplateDetails started
2/1/2018 5:15:49 PM: generatecontrols Started
2/1/2018 5:15:49 PM: GenerateControls:Loaded all Textbox dynamically
2/1/2018 5:15:49 PM: GenerateControls:Loaded all Textbox dynamically
2/1/2018 5:15:51 PM: createControls Started
2/1/2018 5:15:51 PM: createControls Loaded all Textbox dynamically
2/1/2018 5:15:51 PM: createControls Loaded all Textbox dynamically
2/1/2018 5:15:51 PM: createControls Finished
2/1/2018 5:15:53 PM: Started Loading Entity Drop Down
2/1/2018 5:16:05 PM: Finished Loading Entity Drop Down
2/1/2018 5:16:15 PM: createControls Started
2/1/2018 5:16:15 PM: createControls Loaded all Textbox dynamically
2/1/2018 5:16:15 PM: createControls Loaded all Textbox dynamically
2/1/2018 5:16:15 PM: createControls Finished
2/1/2018 5:16:18 PM: GetTemplateDetails started
2/1/2018 5:25:34 PM: BindDocumentType started
2/1/2018 5:25:34 PM: BindDocumentType finished
2/1/2018 5:25:37 PM: createControls Started
2/1/2018 5:25:37 PM: createControls Loaded all Textbox dynamically
2/1/2018 5:25:37 PM: createControls Loaded all Textbox dynamically
2/1/2018 5:25:37 PM: createControls Finished
2/1/2018 5:25:37 PM: GetTemplateDetails started
2/1/2018 5:25:37 PM: generatecontrols Started
2/1/2018 5:25:37 PM: GenerateControls:Loaded all Textbox dynamically
2/1/2018 5:25:37 PM: GenerateControls:Loaded all Textbox dynamically
2/1/2018 5:25:38 PM: createControls Started
2/1/2018 5:25:38 PM: createControls Loaded all Textbox dynamically
2/1/2018 5:25:38 PM: createControls Loaded all Textbox dynamically
2/1/2018 5:25:38 PM: createControls Finished
2/1/2018 5:25:40 PM: Started Loading Entity Drop Down
2/1/2018 5:25:50 PM: Finished Loading Entity Drop Down
2/1/2018 5:25:54 PM: createControls Started
2/1/2018 5:25:54 PM: createControls Loaded all Textbox dynamically
2/1/2018 5:25:54 PM: createControls Loaded all Textbox dynamically
2/1/2018 5:25:54 PM: createControls Finished
2/1/2018 5:26:08 PM: GetTemplateDetails started
2/1/2018 5:27:37 PM: createControls Started
2/1/2018 5:27:37 PM: createControls Loaded all Textbox dynamically
2/1/2018 5:27:37 PM: createControls Loaded all Textbox dynamically
2/1/2018 5:27:37 PM: createControls Finished
2/1/2018 5:28:41 PM: BindDocumentType started
2/1/2018 5:28:41 PM: BindDocumentType finished
2/1/2018 5:28:44 PM: createControls Started
2/1/2018 5:28:44 PM: createControls Loaded all Textbox dynamically
2/1/2018 5:28:44 PM: createControls Loaded all Textbox dynamically
2/1/2018 5:28:44 PM: createControls Finished
2/1/2018 5:28:44 PM: GetTemplateDetails started
2/1/2018 5:28:44 PM: generatecontrols Started
2/1/2018 5:28:44 PM: GenerateControls:Loaded all Textbox dynamically
2/1/2018 5:28:44 PM: GenerateControls:Loaded all Textbox dynamically
2/1/2018 5:28:45 PM: createControls Started
2/1/2018 5:28:45 PM: createControls Loaded all Textbox dynamically
2/1/2018 5:28:45 PM: createControls Loaded all Textbox dynamically
2/1/2018 5:28:45 PM: createControls Finished
2/1/2018 5:28:47 PM: Started Loading Entity Drop Down
2/1/2018 5:28:50 PM: Finished Loading Entity Drop Down
2/1/2018 5:28:54 PM: createControls Started
2/1/2018 5:28:54 PM: createControls Loaded all Textbox dynamically
2/1/2018 5:28:54 PM: createControls Loaded all Textbox dynamically
2/1/2018 5:28:54 PM: createControls Finished
2/1/2018 5:28:56 PM: GetTemplateDetails started
2/1/2018 5:29:06 PM: createControls Started
2/1/2018 5:29:06 PM: createControls Loaded all Textbox dynamically
2/1/2018 5:29:06 PM: createControls Loaded all Textbox dynamically
2/1/2018 5:29:06 PM: createControls Finished
2/1/2018 5:29:08 PM: Started Loading Entity Drop Down
2/1/2018 5:29:09 PM: Finished Loading Entity Drop Down
2/1/2018 5:29:29 PM: createControls Started
2/1/2018 5:29:29 PM: createControls Loaded all Textbox dynamically
2/1/2018 5:29:29 PM: createControls Loaded all Textbox dynamically
2/1/2018 5:29:29 PM: createControls Finished
2/1/2018 5:39:23 PM: BindDocumentType started
2/1/2018 5:39:23 PM: BindDocumentType finished
2/1/2018 5:39:26 PM: createControls Started
2/1/2018 5:39:26 PM: createControls Loaded all Textbox dynamically
2/1/2018 5:39:26 PM: createControls Loaded all Textbox dynamically
2/1/2018 5:39:26 PM: createControls Finished
2/1/2018 5:39:26 PM: GetTemplateDetails started
2/1/2018 5:39:26 PM: generatecontrols Started
2/1/2018 5:39:26 PM: GenerateControls:Loaded all Textbox dynamically
2/1/2018 5:39:26 PM: GenerateControls:Loaded all Textbox dynamically
2/1/2018 5:39:27 PM: createControls Started
2/1/2018 5:39:27 PM: createControls Loaded all Textbox dynamically
2/1/2018 5:39:27 PM: createControls Loaded all Textbox dynamically
2/1/2018 5:39:27 PM: createControls Finished
2/1/2018 5:39:27 PM: Started Loading Entity Drop Down
2/1/2018 5:39:30 PM: Finished Loading Entity Drop Down
2/1/2018 5:39:34 PM: createControls Started
2/1/2018 5:39:34 PM: createControls Loaded all Textbox dynamically
2/1/2018 5:39:34 PM: createControls Loaded all Textbox dynamically
2/1/2018 5:39:34 PM: createControls Finished
2/1/2018 5:39:36 PM: GetTemplateDetails started
2/1/2018 5:39:39 PM: createControls Started
2/1/2018 5:39:39 PM: createControls Loaded all Textbox dynamically
2/1/2018 5:39:39 PM: createControls Loaded all Textbox dynamically
2/1/2018 5:39:39 PM: createControls Finished
2/1/2018 5:39:54 PM: createControls Started
2/1/2018 5:39:54 PM: createControls Loaded all Textbox dynamically
2/1/2018 5:39:54 PM: createControls Loaded all Textbox dynamically
2/1/2018 5:39:54 PM: createControls Finished
2/1/2018 5:39:56 PM: createControls Started
2/1/2018 5:39:56 PM: createControls Loaded all Textbox dynamically
2/1/2018 5:39:56 PM: createControls Loaded all Textbox dynamically
2/1/2018 5:39:56 PM: createControls Finished
2/1/2018 5:40:02 PM: createControls Started
2/1/2018 5:40:02 PM: createControls Loaded all Textbox dynamically
2/1/2018 5:40:02 PM: createControls Loaded all Textbox dynamically
2/1/2018 5:40:02 PM: createControls Finished
2/1/2018 5:40:04 PM: GetTemplateDetails started
2/1/2018 5:40:08 PM: createControls Started
2/1/2018 5:40:08 PM: createControls Loaded all Textbox dynamically
2/1/2018 5:40:08 PM: createControls Loaded all Textbox dynamically
2/1/2018 5:40:08 PM: createControls Finished
2/1/2018 5:40:19 PM: createControls Started
2/1/2018 5:40:19 PM: createControls Loaded all Textbox dynamically
2/1/2018 5:40:19 PM: createControls Loaded all Textbox dynamically
2/1/2018 5:40:19 PM: createControls Finished
2/1/2018 5:42:09 PM: BindDocumentType started
2/1/2018 5:42:09 PM: BindDocumentType finished
2/1/2018 5:42:13 PM: createControls Started
2/1/2018 5:42:13 PM: createControls Loaded all Textbox dynamically
2/1/2018 5:42:13 PM: createControls Loaded all Textbox dynamically
2/1/2018 5:42:13 PM: createControls Finished
2/1/2018 5:42:13 PM: GetTemplateDetails started
2/1/2018 5:42:13 PM: generatecontrols Started
2/1/2018 5:42:13 PM: GenerateControls:Loaded all Textbox dynamically
2/1/2018 5:42:13 PM: GenerateControls:Loaded all Textbox dynamically
2/1/2018 5:42:15 PM: createControls Started
2/1/2018 5:42:15 PM: createControls Loaded all Textbox dynamically
2/1/2018 5:42:15 PM: createControls Loaded all Textbox dynamically
2/1/2018 5:42:15 PM: createControls Finished
2/1/2018 5:42:17 PM: GetTemplateDetails started
2/1/2018 5:42:21 PM: createControls Started
2/1/2018 5:42:21 PM: createControls Loaded all Textbox dynamically
2/1/2018 5:42:21 PM: createControls Loaded all Textbox dynamically
2/1/2018 5:42:21 PM: createControls Finished
2/1/2018 5:43:49 PM: BindDocumentType started
2/1/2018 5:43:49 PM: BindDocumentType finished
2/1/2018 5:43:52 PM: createControls Started
2/1/2018 5:43:52 PM: createControls Loaded all Textbox dynamically
2/1/2018 5:43:52 PM: createControls Loaded all Textbox dynamically
2/1/2018 5:43:52 PM: createControls Finished
2/1/2018 5:43:52 PM: GetTemplateDetails started
2/1/2018 5:43:52 PM: generatecontrols Started
2/1/2018 5:43:52 PM: GenerateControls:Loaded all Textbox dynamically
2/1/2018 5:43:52 PM: GenerateControls:Loaded all Textbox dynamically
2/1/2018 5:43:53 PM: createControls Started
2/1/2018 5:43:53 PM: createControls Loaded all Textbox dynamically
2/1/2018 5:43:53 PM: createControls Loaded all Textbox dynamically
2/1/2018 5:43:53 PM: createControls Finished
2/1/2018 5:43:56 PM: GetTemplateDetails started
2/1/2018 5:43:59 PM: createControls Started
2/1/2018 5:43:59 PM: createControls Loaded all Textbox dynamically
2/1/2018 5:43:59 PM: createControls Loaded all Textbox dynamically
2/1/2018 5:43:59 PM: createControls Finished
2/1/2018 5:45:04 PM: createControls Started
2/1/2018 5:45:04 PM: createControls Loaded all Textbox dynamically
2/1/2018 5:45:04 PM: createControls Loaded all Textbox dynamically
2/1/2018 5:45:04 PM: createControls Finished
2/1/2018 5:45:04 PM: Started Loading Entity Drop Down
2/1/2018 5:45:04 PM: Finished Loading Entity Drop Down
2/1/2018 5:45:07 PM: createControls Started
2/1/2018 5:45:07 PM: createControls Loaded all Textbox dynamically
2/1/2018 5:45:07 PM: createControls Loaded all Textbox dynamically
2/1/2018 5:45:07 PM: createControls Finished
2/1/2018 5:45:07 PM: GetTemplateDetails started
2/1/2018 5:45:08 PM: createControls Started
2/1/2018 5:45:08 PM: createControls Loaded all Textbox dynamically
2/1/2018 5:45:08 PM: createControls Loaded all Textbox dynamically
2/1/2018 5:45:08 PM: createControls Finished
2/1/2018 5:45:12 PM: createControls Started
2/1/2018 5:45:12 PM: createControls Loaded all Textbox dynamically
2/1/2018 5:45:12 PM: createControls Loaded all Textbox dynamically
2/1/2018 5:45:12 PM: createControls Finished
2/1/2018 5:45:12 PM: Started Loading Entity Drop Down
2/1/2018 5:45:12 PM: Finished Loading Entity Drop Down
2/1/2018 5:45:16 PM: createControls Started
2/1/2018 5:45:16 PM: createControls Loaded all Textbox dynamically
2/1/2018 5:45:16 PM: createControls Loaded all Textbox dynamically
2/1/2018 5:45:16 PM: createControls Finished
2/1/2018 5:49:07 PM: BindDocumentType started
2/1/2018 5:49:07 PM: BindDocumentType finished
2/1/2018 5:49:10 PM: createControls Started
2/1/2018 5:49:10 PM: createControls Loaded all Textbox dynamically
2/1/2018 5:49:10 PM: createControls Loaded all Textbox dynamically
2/1/2018 5:49:10 PM: createControls Finished
2/1/2018 5:49:10 PM: GetTemplateDetails started
2/1/2018 5:49:10 PM: generatecontrols Started
2/1/2018 5:49:10 PM: GenerateControls:Loaded all Textbox dynamically
2/1/2018 5:49:10 PM: GenerateControls:Loaded all Textbox dynamically
2/1/2018 5:49:12 PM: createControls Started
2/1/2018 5:49:12 PM: createControls Loaded all Textbox dynamically
2/1/2018 5:49:12 PM: createControls Loaded all Textbox dynamically
2/1/2018 5:49:12 PM: createControls Finished
2/1/2018 5:49:17 PM: GetTemplateDetails started
2/1/2018 5:49:18 PM: createControls Started
2/1/2018 5:49:18 PM: createControls Loaded all Textbox dynamically
2/1/2018 5:49:18 PM: createControls Loaded all Textbox dynamically
2/1/2018 5:49:18 PM: createControls Finished
2/1/2018 5:49:31 PM: createControls Started
2/1/2018 5:49:31 PM: createControls Loaded all Textbox dynamically
2/1/2018 5:49:31 PM: createControls Loaded all Textbox dynamically
2/1/2018 5:49:31 PM: createControls Finished
2/1/2018 5:49:31 PM: GetTemplateDetails started
2/1/2018 5:49:34 PM: createControls Started
2/1/2018 5:49:34 PM: createControls Loaded all Textbox dynamically
2/1/2018 5:49:34 PM: createControls Loaded all Textbox dynamically
2/1/2018 5:49:34 PM: createControls Finished
2/1/2018 5:49:34 PM: Started Loading Entity Drop Down
2/1/2018 5:49:35 PM: Finished Loading Entity Drop Down
2/1/2018 5:49:44 PM: createControls Started
2/1/2018 5:49:44 PM: createControls Loaded all Textbox dynamically
2/1/2018 5:49:44 PM: createControls Loaded all Textbox dynamically
2/1/2018 5:49:44 PM: createControls Finished
2/1/2018 5:50:45 PM: BindDocumentType started
2/1/2018 5:50:45 PM: BindDocumentType finished
2/1/2018 5:50:48 PM: createControls Started
2/1/2018 5:50:48 PM: createControls Loaded all Textbox dynamically
2/1/2018 5:50:48 PM: createControls Loaded all Textbox dynamically
2/1/2018 5:50:48 PM: createControls Finished
2/1/2018 5:50:48 PM: GetTemplateDetails started
2/1/2018 5:50:48 PM: generatecontrols Started
2/1/2018 5:50:48 PM: GenerateControls:Loaded all Textbox dynamically
2/1/2018 5:50:48 PM: GenerateControls:Loaded all Textbox dynamically
2/1/2018 5:50:50 PM: createControls Started
2/1/2018 5:50:50 PM: createControls Loaded all Textbox dynamically
2/1/2018 5:50:50 PM: createControls Loaded all Textbox dynamically
2/1/2018 5:50:50 PM: createControls Finished
2/1/2018 5:50:50 PM: Started Loading Entity Drop Down
2/1/2018 5:50:50 PM: Finished Loading Entity Drop Down
2/1/2018 5:50:52 PM: createControls Started
2/1/2018 5:50:52 PM: createControls Loaded all Textbox dynamically
2/1/2018 5:50:52 PM: createControls Loaded all Textbox dynamically
2/1/2018 5:50:52 PM: createControls Finished
2/1/2018 5:50:52 PM: GetTemplateDetails started
2/1/2018 5:50:54 PM: createControls Started
2/1/2018 5:50:54 PM: createControls Loaded all Textbox dynamically
2/1/2018 5:50:54 PM: createControls Loaded all Textbox dynamically
2/1/2018 5:50:54 PM: createControls Finished
2/1/2018 5:50:59 PM: createControls Started
2/1/2018 5:50:59 PM: createControls Loaded all Textbox dynamically
2/1/2018 5:50:59 PM: createControls Loaded all Textbox dynamically
2/1/2018 5:50:59 PM: createControls Finished
2/1/2018 5:50:59 PM: Started Loading Entity Drop Down
2/1/2018 5:50:59 PM: Finished Loading Entity Drop Down
2/1/2018 5:55:06 PM: createControls Started
2/1/2018 5:55:06 PM: createControls Loaded all Textbox dynamically
2/1/2018 5:55:06 PM: createControls Loaded all Textbox dynamically
2/1/2018 5:55:06 PM: createControls Finished
2/1/2018 6:01:55 PM: createControls Started
2/1/2018 6:01:55 PM: createControls Loaded all Textbox dynamically
2/1/2018 6:01:55 PM: createControls Loaded all Textbox dynamically
2/1/2018 6:01:55 PM: createControls Finished
2/1/2018 6:02:03 PM: createControls Started
2/1/2018 6:02:03 PM: createControls Loaded all Textbox dynamically
2/1/2018 6:02:03 PM: createControls Loaded all Textbox dynamically
2/1/2018 6:02:03 PM: createControls Finished
2/1/2018 6:02:03 PM: Started Loading Entity Drop Down
2/1/2018 6:02:03 PM: Finished Loading Entity Drop Down
2/1/2018 6:02:05 PM: createControls Started
2/1/2018 6:02:05 PM: createControls Loaded all Textbox dynamically
2/1/2018 6:02:05 PM: createControls Loaded all Textbox dynamically
2/1/2018 6:02:05 PM: createControls Finished
2/1/2018 6:02:05 PM: GetTemplateDetails started
2/1/2018 6:02:07 PM: createControls Started
2/1/2018 6:02:07 PM: createControls Loaded all Textbox dynamically
2/1/2018 6:02:07 PM: createControls Loaded all Textbox dynamically
2/1/2018 6:02:07 PM: createControls Finished
2/1/2018 6:02:19 PM: createControls Started
2/1/2018 6:02:19 PM: createControls Loaded all Textbox dynamically
2/1/2018 6:02:19 PM: createControls Loaded all Textbox dynamically
2/1/2018 6:02:19 PM: createControls Finished
2/1/2018 6:02:24 PM: createControls Started
2/1/2018 6:02:24 PM: createControls Loaded all Textbox dynamically
2/1/2018 6:02:24 PM: createControls Loaded all Textbox dynamically
2/1/2018 6:02:24 PM: createControls Finished
2/1/2018 6:02:24 PM: Started Loading Entity Drop Down
2/1/2018 6:02:24 PM: Finished Loading Entity Drop Down
2/1/2018 6:02:28 PM: createControls Started
2/1/2018 6:02:28 PM: createControls Loaded all Textbox dynamically
2/1/2018 6:02:28 PM: createControls Loaded all Textbox dynamically
2/1/2018 6:02:28 PM: createControls Finished
2/1/2018 6:02:41 PM: createControls Started
2/1/2018 6:02:41 PM: createControls Loaded all Textbox dynamically
2/1/2018 6:02:41 PM: createControls Loaded all Textbox dynamically
2/1/2018 6:02:41 PM: createControls Finished
2/1/2018 6:02:41 PM: Started Loading Entity Drop Down
2/1/2018 6:02:41 PM: Finished Loading Entity Drop Down
2/1/2018 6:02:43 PM: createControls Started
2/1/2018 6:02:43 PM: createControls Loaded all Textbox dynamically
2/1/2018 6:02:43 PM: createControls Loaded all Textbox dynamically
2/1/2018 6:02:43 PM: createControls Finished
2/1/2018 6:02:43 PM: GetTemplateDetails started
2/1/2018 6:02:44 PM: createControls Started
2/1/2018 6:02:44 PM: createControls Loaded all Textbox dynamically
2/1/2018 6:02:44 PM: createControls Loaded all Textbox dynamically
2/1/2018 6:02:44 PM: createControls Finished
2/1/2018 6:04:31 PM: BindDocumentType started
2/1/2018 6:04:31 PM: BindDocumentType finished
2/1/2018 6:04:34 PM: createControls Started
2/1/2018 6:04:34 PM: createControls Loaded all Textbox dynamically
2/1/2018 6:04:34 PM: createControls Loaded all Textbox dynamically
2/1/2018 6:04:34 PM: createControls Finished
2/1/2018 6:04:34 PM: GetTemplateDetails started
2/1/2018 6:04:34 PM: generatecontrols Started
2/1/2018 6:04:34 PM: GenerateControls:Loaded all Textbox dynamically
2/1/2018 6:04:34 PM: GenerateControls:Loaded all Textbox dynamically
2/1/2018 6:04:36 PM: createControls Started
2/1/2018 6:04:36 PM: createControls Loaded all Textbox dynamically
2/1/2018 6:04:36 PM: createControls Loaded all Textbox dynamically
2/1/2018 6:04:36 PM: createControls Finished
2/1/2018 6:04:36 PM: Started Loading Entity Drop Down
2/1/2018 6:04:36 PM: Finished Loading Entity Drop Down
2/1/2018 6:04:37 PM: createControls Started
2/1/2018 6:04:37 PM: createControls Loaded all Textbox dynamically
2/1/2018 6:04:37 PM: createControls Loaded all Textbox dynamically
2/1/2018 6:04:37 PM: createControls Finished
2/1/2018 6:04:38 PM: GetTemplateDetails started
2/1/2018 6:04:39 PM: createControls Started
2/1/2018 6:04:39 PM: createControls Loaded all Textbox dynamically
2/1/2018 6:04:39 PM: createControls Loaded all Textbox dynamically
2/1/2018 6:04:39 PM: createControls Finished
2/1/2018 6:04:45 PM: createControls Started
2/1/2018 6:04:45 PM: createControls Loaded all Textbox dynamically
2/1/2018 6:04:45 PM: createControls Loaded all Textbox dynamically
2/1/2018 6:04:45 PM: createControls Finished
2/1/2018 6:04:45 PM: Started Loading Entity Drop Down
2/1/2018 6:04:45 PM: Finished Loading Entity Drop Down
2/1/2018 6:04:50 PM: createControls Started
2/1/2018 6:04:50 PM: createControls Loaded all Textbox dynamically
2/1/2018 6:04:50 PM: createControls Loaded all Textbox dynamically
2/1/2018 6:04:50 PM: createControls Finished
2/1/2018 6:04:57 PM: createControls Started
2/1/2018 6:04:57 PM: createControls Loaded all Textbox dynamically
2/1/2018 6:04:57 PM: createControls Loaded all Textbox dynamically
2/1/2018 6:04:57 PM: createControls Finished
2/1/2018 6:04:57 PM: Started Loading Entity Drop Down
2/1/2018 6:04:57 PM: Finished Loading Entity Drop Down
2/1/2018 6:05:01 PM: createControls Started
2/1/2018 6:05:01 PM: createControls Loaded all Textbox dynamically
2/1/2018 6:05:01 PM: createControls Loaded all Textbox dynamically
2/1/2018 6:05:01 PM: createControls Finished
2/1/2018 6:05:01 PM: Started Loading Entity Drop Down
2/1/2018 6:05:01 PM: Finished Loading Entity Drop Down
