1/17/2018 2:38:18 PM: createControls Started
1/17/2018 2:38:18 PM: Create controls,Load all Textbox dynamic
1/17/2018 2:38:18 PM: Create controls,Load all Textbox dynamic
1/17/2018 2:38:18 PM: createControls Finished
1/17/2018 2:38:18 PM: generatecontrols Started
1/17/2018 2:38:18 PM: Calling database to get reference id and watermark.
1/17/2018 2:38:19 PM: Database returned result: NO_EX_510_250_1403|
1/17/2018 2:38:19 PM: Generatecontrols,Load all Textbox dynamic
1/17/2018 2:38:19 PM: Generatecontrols,Load all Textbox dynamic
1/17/2018 2:38:20 PM: createControls Started
1/17/2018 2:38:20 PM: Create controls,Load all Textbox dynamic
1/17/2018 2:38:20 PM: Create controls,Load all Textbox dynamic
1/17/2018 2:38:20 PM: createControls Finished
1/17/2018 2:38:38 PM: createControls Started
1/17/2018 2:38:38 PM: Create controls,Load all Textbox dynamic
1/17/2018 2:38:38 PM: Create controls,Load all Textbox dynamic
1/17/2018 2:38:38 PM: createControls Finished
1/17/2018 2:38:38 PM: AsyncFileUpload1_UploadedComplete Started
1/17/2018 2:38:38 PM: Started Saving Uploaded Document in AsyncFileUpload1_UploadedComplete 
1/17/2018 2:38:38 PM: Finished Saving Uploaded Document in AsyncFileUpload1_UploadedComplete 
1/17/2018 2:38:39 PM: AsyncFileUpload1_UploadedComplete Pagecount of Image2Pdf().ExtractPages 6
1/17/2018 2:38:39 PM: AsyncFileUpload1_UploadedComplete Finished
1/17/2018 2:38:39 PM: createControls Started
1/17/2018 2:38:39 PM: Create controls,Load all Textbox dynamic
1/17/2018 2:38:39 PM: Create controls,Load all Textbox dynamic
1/17/2018 2:38:39 PM: createControls Finished
1/17/2018 2:38:39 PM: btnSubmit_Click Started
1/17/2018 2:38:39 PM: btnSubmit_Click Finished
1/17/2018 2:38:41 PM: createControls Started
1/17/2018 2:38:41 PM: Create controls,Load all Textbox dynamic
1/17/2018 2:38:41 PM: Create controls,Load all Textbox dynamic
1/17/2018 2:38:41 PM: createControls Finished
1/17/2018 2:38:41 PM: Started Saving Uploaded Document in Save Button Click
1/17/2018 2:38:41 PM: AsyncFileUpload1_UploadedComplete Started
1/17/2018 2:38:41 PM: AsyncFileUpload1_UploadedComplete Finished
1/17/2018 2:38:41 PM: GetDBFieldName the DBFld UPLOAD_vFld1
1/17/2018 2:38:41 PM: GetDBFieldName the DBFld UPLOAD_vFld2
1/17/2018 2:38:44 PM: CreateXML Started:-
1/17/2018 2:38:44 PM: CreateXML Completed:-
1/17/2018 2:38:44 PM: Save button click after saving or updating the ReturnCode= 0
1/17/2018 2:38:44 PM: Finished Saving Uploaded Document in Save Button Click
1/17/2018 2:38:44 PM: AsyncFileUpload1_UploadedComplete Started
1/17/2018 2:38:44 PM: AsyncFileUpload1_UploadedComplete Finished
1/17/2018 2:38:50 PM: BindDocumentType started
1/17/2018 2:38:50 PM: BindDocumentType finished
1/17/2018 2:38:53 PM: createControls Started
1/17/2018 2:38:53 PM: createControls Loaded all Textbox dynamically
1/17/2018 2:38:53 PM: createControls Loaded all Textbox dynamically
1/17/2018 2:38:53 PM: createControls Finished
1/17/2018 2:38:53 PM: GetTemplateDetails started
1/17/2018 2:38:53 PM: generatecontrols Started
1/17/2018 2:38:53 PM: GenerateControls:Loaded all Textbox dynamically
1/17/2018 2:38:53 PM: GenerateControls:Loaded all Textbox dynamically
1/17/2018 2:38:54 PM: createControls Started
1/17/2018 2:38:54 PM: createControls Loaded all Textbox dynamically
1/17/2018 2:38:54 PM: createControls Loaded all Textbox dynamically
1/17/2018 2:38:54 PM: createControls Finished
1/17/2018 2:38:54 PM: Started Loading Entity Drop Down
1/17/2018 2:38:55 PM: Finished Loading Entity Drop Down
1/17/2018 2:38:57 PM: createControls Started
1/17/2018 2:38:57 PM: createControls Loaded all Textbox dynamically
1/17/2018 2:38:57 PM: createControls Loaded all Textbox dynamically
1/17/2018 2:38:57 PM: createControls Finished
1/17/2018 2:39:03 PM: GetSginatureDetails Started:-
1/17/2018 2:39:03 PM: GetSginatureDetails Completed:-
1/17/2018 2:39:03 PM: GetTemplateDetails Started
1/17/2018 2:39:03 PM: GetTemplateDetails total record count:1
1/17/2018 2:39:03 PM: Create controls,Load all Textbox dynamic
1/17/2018 2:39:03 PM: Create controls,Load all Textbox dynamic
1/17/2018 2:39:03 PM: GetTemplateDetails Finished
1/17/2018 2:39:03 PM: InitializeDocumentView started
1/17/2018 2:39:03 PM: InitializeDocumentView finished
1/17/2018 2:39:03 PM: Calling database to get annotated images. DocumentId: 339708, Action: GetAnnotatedPages
1/17/2018 2:39:03 PM: Calling database to get annotated images. DocumentId: 339708, Action: GetTaggedPages
1/17/2018 2:39:03 PM: LoadImageToViewer started
1/17/2018 2:39:03 PM: Setting image to viewer. Action:  Page count: 6 Current Page:1
1/17/2018 2:39:03 PM: Converting PDF to JPEG. PDF Path: D:\WDMSDocument\TempWorkFolder\Tk9fRVhfNTEwXzI1MF8xNDAz\1.pdf Image Name: Tk9fRVhfNTEwXzI1MF8xNDAz Page No: 1
1/17/2018 2:39:03 PM: Converting PDF to JPEG without applying watermark.
1/17/2018 2:39:03 PM: Setting image to viewer using RegisterStartupScript: http://localhost:55361/generichandler.ashx?f=d://wdmsdocument//tempworkfolder//tk9frvhfntewxzi1mf8xndazjpg//1.jpeg
1/17/2018 2:39:03 PM: Invoke method to get annotations from databnase.
1/17/2018 2:39:03 PM: Get annotations from database.
1/17/2018 2:39:03 PM: Document Id: 339708 Page No: 1
1/17/2018 2:39:03 PM: Invoking method to get annotation data from database. Action: GetAnnotations
1/17/2018 2:39:03 PM: MailPanelFill started
1/17/2018 2:39:04 PM: MailPanelFill finished
1/17/2018 2:39:21 PM: createControls Started
1/17/2018 2:39:21 PM: createControls Loaded all Textbox dynamically
1/17/2018 2:39:21 PM: createControls Loaded all Textbox dynamically
1/17/2018 2:39:21 PM: createControls Finished
