2/14/2018 11:33:03 AM: BindDocumentType started
2/14/2018 11:33:03 AM: BindDocumentType finished
2/14/2018 11:33:06 AM: createControls Started
2/14/2018 11:33:06 AM: createControls Loaded all Textbox dynamically
2/14/2018 11:33:06 AM: createControls Loaded all Textbox dynamically
2/14/2018 11:33:06 AM: createControls Finished
2/14/2018 11:33:06 AM: GetTemplateDetails started
2/14/2018 11:33:06 AM: generatecontrols Started
2/14/2018 11:33:06 AM: GenerateControls:Loaded all Textbox dynamically
2/14/2018 11:33:06 AM: GenerateControls:Loaded all Textbox dynamically
2/14/2018 11:33:08 AM: createControls Started
2/14/2018 11:33:08 AM: createControls Loaded all Textbox dynamically
2/14/2018 11:33:08 AM: createControls Loaded all Textbox dynamically
2/14/2018 11:33:08 AM: createControls Finished
2/14/2018 11:33:08 AM: Started Loading Entity Drop Down
2/14/2018 11:33:08 AM: Finished Loading Entity Drop Down
2/14/2018 11:33:10 AM: createControls Started
2/14/2018 11:33:10 AM: createControls Loaded all Textbox dynamically
2/14/2018 11:33:10 AM: createControls Loaded all Textbox dynamically
2/14/2018 11:33:10 AM: createControls Finished
2/14/2018 11:35:14 AM: BindDocumentType started
2/14/2018 11:35:14 AM: BindDocumentType finished
2/14/2018 11:35:17 AM: createControls Started
2/14/2018 11:35:17 AM: createControls Loaded all Textbox dynamically
2/14/2018 11:35:17 AM: createControls Loaded all Textbox dynamically
2/14/2018 11:35:17 AM: createControls Finished
2/14/2018 11:35:17 AM: GetTemplateDetails started
2/14/2018 11:35:17 AM: generatecontrols Started
2/14/2018 11:35:17 AM: GenerateControls:Loaded all Textbox dynamically
2/14/2018 11:35:17 AM: GenerateControls:Loaded all Textbox dynamically
2/14/2018 11:35:18 AM: createControls Started
2/14/2018 11:35:18 AM: createControls Loaded all Textbox dynamically
2/14/2018 11:35:18 AM: createControls Loaded all Textbox dynamically
2/14/2018 11:35:18 AM: createControls Finished
2/14/2018 11:35:18 AM: Started Loading Entity Drop Down
2/14/2018 11:35:19 AM: Finished Loading Entity Drop Down
2/14/2018 11:35:21 AM: createControls Started
2/14/2018 11:35:21 AM: createControls Loaded all Textbox dynamically
2/14/2018 11:35:21 AM: createControls Loaded all Textbox dynamically
2/14/2018 11:35:21 AM: createControls Finished
2/14/2018 11:42:59 AM: BindDocumentType started
2/14/2018 11:43:00 AM: BindDocumentType finished
2/14/2018 11:43:02 AM: createControls Started
2/14/2018 11:43:02 AM: createControls Loaded all Textbox dynamically
2/14/2018 11:43:02 AM: createControls Loaded all Textbox dynamically
2/14/2018 11:43:02 AM: createControls Finished
2/14/2018 11:43:02 AM: GetTemplateDetails started
2/14/2018 11:43:02 AM: generatecontrols Started
2/14/2018 11:43:02 AM: GenerateControls:Loaded all Textbox dynamically
2/14/2018 11:43:02 AM: GenerateControls:Loaded all Textbox dynamically
2/14/2018 11:43:04 AM: createControls Started
2/14/2018 11:43:04 AM: createControls Loaded all Textbox dynamically
2/14/2018 11:43:04 AM: createControls Loaded all Textbox dynamically
2/14/2018 11:43:04 AM: createControls Finished
2/14/2018 11:43:04 AM: Started Loading Entity Drop Down
2/14/2018 11:43:04 AM: Finished Loading Entity Drop Down
2/14/2018 11:43:06 AM: createControls Started
2/14/2018 11:43:06 AM: createControls Loaded all Textbox dynamically
2/14/2018 11:43:06 AM: createControls Loaded all Textbox dynamically
2/14/2018 11:43:06 AM: createControls Finished
2/14/2018 11:43:59 AM: BindDocumentType started
2/14/2018 11:44:00 AM: BindDocumentType finished
2/14/2018 11:44:03 AM: createControls Started
2/14/2018 11:44:03 AM: createControls Loaded all Textbox dynamically
2/14/2018 11:44:03 AM: createControls Loaded all Textbox dynamically
2/14/2018 11:44:03 AM: createControls Finished
2/14/2018 11:44:03 AM: GetTemplateDetails started
2/14/2018 11:44:03 AM: generatecontrols Started
2/14/2018 11:44:03 AM: GenerateControls:Loaded all Textbox dynamically
2/14/2018 11:44:03 AM: GenerateControls:Loaded all Textbox dynamically
2/14/2018 11:44:04 AM: createControls Started
2/14/2018 11:44:04 AM: createControls Loaded all Textbox dynamically
2/14/2018 11:44:04 AM: createControls Loaded all Textbox dynamically
2/14/2018 11:44:04 AM: createControls Finished
2/14/2018 11:44:04 AM: Started Loading Entity Drop Down
2/14/2018 11:44:04 AM: Finished Loading Entity Drop Down
2/14/2018 11:44:06 AM: createControls Started
2/14/2018 11:44:06 AM: createControls Loaded all Textbox dynamically
2/14/2018 11:44:06 AM: createControls Loaded all Textbox dynamically
2/14/2018 11:44:06 AM: createControls Finished
2/14/2018 11:44:08 AM: GetSginatureDetails Started:-
2/14/2018 11:44:08 AM: GetSginatureDetails Completed:-
2/14/2018 11:44:08 AM: GetTemplateDetails Started
2/14/2018 11:44:08 AM: GetTemplateDetails total record count:1
2/14/2018 11:44:08 AM: Create controls,Load all Textbox dynamic
2/14/2018 11:44:08 AM: Create controls,Load all Textbox dynamic
2/14/2018 11:44:08 AM: GetTemplateDetails Finished
2/14/2018 11:44:08 AM: InitializeDocumentView started
2/14/2018 11:44:09 AM: InitializeDocumentView finished
2/14/2018 11:44:09 AM: Calling database to get annotated images. DocumentId: 339709, Action: GetAnnotatedPages
2/14/2018 11:44:09 AM: Calling database to get annotated images. DocumentId: 339709, Action: GetTaggedPages
2/14/2018 11:44:09 AM: LoadImageToViewer started
2/14/2018 11:44:09 AM: Setting image to viewer. Action:  Page count: 138 Current Page:1
2/14/2018 11:44:09 AM: Converting PDF to JPEG. PDF Path: D:\WDMSDocument\TempWorkFolder\Tk9fRVhfNTEwXzI1MF8xNDA0\1.pdf Image Name: Tk9fRVhfNTEwXzI1MF8xNDA0 Page No: 1
2/14/2018 11:44:09 AM: Converting PDF to JPEG without applying watermark.
2/14/2018 11:44:10 AM: Setting image to viewer using RegisterStartupScript: http://localhost:55361/generichandler.ashx?f=d://wdmsdocument//tempworkfolder//tk9frvhfntewxzi1mf8xnda0jpg//1.jpeg
2/14/2018 11:44:10 AM: Invoke method to get annotations from databnase.
2/14/2018 11:44:10 AM: Get annotations from database.
2/14/2018 11:44:10 AM: Document Id: 339709 Page No: 1
2/14/2018 11:44:10 AM: Invoking method to get annotation data from database. Action: GetAnnotations
2/14/2018 11:44:10 AM: MailPanelFill started
2/14/2018 11:44:10 AM: MailPanelFill finished
2/14/2018 11:44:36 AM: createControls Started
2/14/2018 11:44:37 AM: createControls Loaded all Textbox dynamically
2/14/2018 11:44:37 AM: createControls Loaded all Textbox dynamically
2/14/2018 11:44:37 AM: createControls Finished
2/14/2018 11:49:59 AM: BindDocumentType started
2/14/2018 11:49:59 AM: BindDocumentType finished
2/14/2018 11:50:02 AM: createControls Started
2/14/2018 11:50:02 AM: createControls Loaded all Textbox dynamically
2/14/2018 11:50:02 AM: createControls Loaded all Textbox dynamically
2/14/2018 11:50:02 AM: createControls Finished
2/14/2018 11:50:02 AM: GetTemplateDetails started
2/14/2018 11:50:02 AM: generatecontrols Started
2/14/2018 11:50:02 AM: GenerateControls:Loaded all Textbox dynamically
2/14/2018 11:50:02 AM: GenerateControls:Loaded all Textbox dynamically
2/14/2018 11:50:03 AM: createControls Started
2/14/2018 11:50:03 AM: createControls Loaded all Textbox dynamically
2/14/2018 11:50:03 AM: createControls Loaded all Textbox dynamically
2/14/2018 11:50:03 AM: createControls Finished
2/14/2018 11:50:03 AM: Started Loading Entity Drop Down
2/14/2018 11:50:03 AM: Finished Loading Entity Drop Down
2/14/2018 11:50:06 AM: createControls Started
2/14/2018 11:50:06 AM: createControls Loaded all Textbox dynamically
2/14/2018 11:50:06 AM: createControls Loaded all Textbox dynamically
2/14/2018 11:50:06 AM: createControls Finished
2/14/2018 11:51:23 AM: BindDocumentType started
2/14/2018 11:51:23 AM: BindDocumentType finished
2/14/2018 11:51:26 AM: createControls Started
2/14/2018 11:51:26 AM: createControls Loaded all Textbox dynamically
2/14/2018 11:51:26 AM: createControls Loaded all Textbox dynamically
2/14/2018 11:51:26 AM: createControls Finished
2/14/2018 11:51:26 AM: GetTemplateDetails started
2/14/2018 11:51:26 AM: generatecontrols Started
2/14/2018 11:51:26 AM: GenerateControls:Loaded all Textbox dynamically
2/14/2018 11:51:26 AM: GenerateControls:Loaded all Textbox dynamically
2/14/2018 11:51:27 AM: createControls Started
2/14/2018 11:51:27 AM: createControls Loaded all Textbox dynamically
2/14/2018 11:51:27 AM: createControls Loaded all Textbox dynamically
2/14/2018 11:51:27 AM: createControls Finished
2/14/2018 11:51:27 AM: Started Loading Entity Drop Down
2/14/2018 11:51:27 AM: Finished Loading Entity Drop Down
2/14/2018 11:51:30 AM: createControls Started
2/14/2018 11:51:30 AM: createControls Loaded all Textbox dynamically
2/14/2018 11:51:30 AM: createControls Loaded all Textbox dynamically
2/14/2018 11:51:30 AM: createControls Finished
2/14/2018 1:57:48 PM: BindDocumentType started
2/14/2018 1:57:48 PM: BindDocumentType finished
2/14/2018 1:57:51 PM: createControls Started
2/14/2018 1:57:51 PM: createControls Loaded all Textbox dynamically
2/14/2018 1:57:51 PM: createControls Loaded all Textbox dynamically
2/14/2018 1:57:51 PM: createControls Finished
2/14/2018 1:57:51 PM: GetTemplateDetails started
2/14/2018 1:57:51 PM: generatecontrols Started
2/14/2018 1:57:51 PM: GenerateControls:Loaded all Textbox dynamically
2/14/2018 1:57:51 PM: GenerateControls:Loaded all Textbox dynamically
2/14/2018 1:57:53 PM: createControls Started
2/14/2018 1:57:53 PM: createControls Loaded all Textbox dynamically
2/14/2018 1:57:53 PM: createControls Loaded all Textbox dynamically
2/14/2018 1:57:53 PM: createControls Finished
2/14/2018 1:57:53 PM: Started Loading Entity Drop Down
2/14/2018 1:57:54 PM: Finished Loading Entity Drop Down
2/14/2018 1:57:58 PM: createControls Started
2/14/2018 1:57:58 PM: createControls Loaded all Textbox dynamically
2/14/2018 1:57:58 PM: createControls Loaded all Textbox dynamically
2/14/2018 1:57:58 PM: createControls Finished
2/14/2018 1:58:00 PM: GetSginatureDetails Started:-
2/14/2018 1:58:01 PM: GetSginatureDetails Completed:-
2/14/2018 1:58:01 PM: GetTemplateDetails Started
2/14/2018 1:58:01 PM: GetTemplateDetails total record count:1
2/14/2018 1:58:01 PM: Create controls,Load all Textbox dynamic
2/14/2018 1:58:01 PM: Create controls,Load all Textbox dynamic
2/14/2018 1:58:01 PM: GetTemplateDetails Finished
2/14/2018 1:58:01 PM: InitializeDocumentView started
2/14/2018 1:58:03 PM: InitializeDocumentView finished
2/14/2018 1:58:03 PM: Calling database to get annotated images. DocumentId: 339709, Action: GetAnnotatedPages
2/14/2018 1:58:03 PM: Calling database to get annotated images. DocumentId: 339709, Action: GetTaggedPages
2/14/2018 1:58:04 PM: LoadImageToViewer started
2/14/2018 1:58:04 PM: Setting image to viewer. Action:  Page count: 138 Current Page:1
2/14/2018 1:58:04 PM: Converting PDF to JPEG. PDF Path: D:\WDMSDocument\TempWorkFolder\Tk9fRVhfNTEwXzI1MF8xNDA0\1.pdf Image Name: Tk9fRVhfNTEwXzI1MF8xNDA0 Page No: 1
2/14/2018 1:58:04 PM: Converting PDF to JPEG without applying watermark.
2/14/2018 1:58:04 PM: Setting image to viewer using RegisterStartupScript: http://localhost:55361/generichandler.ashx?f=d://wdmsdocument//tempworkfolder//tk9frvhfntewxzi1mf8xnda0jpg//1.jpeg
2/14/2018 1:58:04 PM: Invoke method to get annotations from databnase.
2/14/2018 1:58:04 PM: Get annotations from database.
2/14/2018 1:58:04 PM: Document Id: 339709 Page No: 1
2/14/2018 1:58:04 PM: Invoking method to get annotation data from database. Action: GetAnnotations
2/14/2018 1:58:04 PM: MailPanelFill started
2/14/2018 1:58:04 PM: MailPanelFill finished
2/14/2018 1:58:48 PM: BindDocumentType started
2/14/2018 1:58:49 PM: BindDocumentType finished
2/14/2018 1:58:54 PM: createControls Started
2/14/2018 1:58:54 PM: createControls Loaded all Textbox dynamically
2/14/2018 1:58:54 PM: createControls Loaded all Textbox dynamically
2/14/2018 1:58:54 PM: createControls Finished
2/14/2018 1:58:54 PM: GetTemplateDetails started
2/14/2018 1:58:54 PM: generatecontrols Started
2/14/2018 1:58:54 PM: GenerateControls:Loaded all Textbox dynamically
2/14/2018 1:58:54 PM: GenerateControls:Loaded all Textbox dynamically
2/14/2018 1:58:55 PM: createControls Started
2/14/2018 1:58:55 PM: createControls Loaded all Textbox dynamically
2/14/2018 1:58:55 PM: createControls Loaded all Textbox dynamically
2/14/2018 1:58:55 PM: createControls Finished
2/14/2018 1:58:55 PM: Started Loading Entity Drop Down
2/14/2018 1:58:56 PM: Finished Loading Entity Drop Down
2/14/2018 1:58:59 PM: createControls Started
2/14/2018 1:58:59 PM: createControls Loaded all Textbox dynamically
2/14/2018 1:58:59 PM: createControls Loaded all Textbox dynamically
2/14/2018 1:58:59 PM: createControls Finished
2/14/2018 1:59:12 PM: createControls Started
2/14/2018 1:59:12 PM: createControls Loaded all Textbox dynamically
2/14/2018 1:59:12 PM: createControls Loaded all Textbox dynamically
2/14/2018 1:59:12 PM: createControls Finished
2/14/2018 1:59:27 PM: BindDocumentType started
2/14/2018 1:59:27 PM: BindDocumentType finished
2/14/2018 1:59:31 PM: createControls Started
2/14/2018 1:59:31 PM: createControls Loaded all Textbox dynamically
2/14/2018 1:59:31 PM: createControls Loaded all Textbox dynamically
2/14/2018 1:59:31 PM: createControls Finished
2/14/2018 1:59:31 PM: GetTemplateDetails started
2/14/2018 1:59:31 PM: generatecontrols Started
2/14/2018 1:59:31 PM: GenerateControls:Loaded all Textbox dynamically
2/14/2018 1:59:31 PM: GenerateControls:Loaded all Textbox dynamically
2/14/2018 1:59:33 PM: createControls Started
2/14/2018 1:59:33 PM: createControls Loaded all Textbox dynamically
2/14/2018 1:59:33 PM: createControls Loaded all Textbox dynamically
2/14/2018 1:59:33 PM: createControls Finished
2/14/2018 1:59:33 PM: Started Loading Entity Drop Down
2/14/2018 1:59:33 PM: Finished Loading Entity Drop Down
2/14/2018 1:59:35 PM: createControls Started
2/14/2018 1:59:35 PM: createControls Loaded all Textbox dynamically
2/14/2018 1:59:35 PM: createControls Loaded all Textbox dynamically
2/14/2018 1:59:35 PM: createControls Finished
2/14/2018 1:59:42 PM: BindDocumentType started
2/14/2018 1:59:42 PM: BindDocumentType finished
2/14/2018 1:59:47 PM: createControls Started
2/14/2018 1:59:47 PM: createControls Loaded all Textbox dynamically
2/14/2018 1:59:47 PM: createControls Loaded all Textbox dynamically
2/14/2018 1:59:47 PM: createControls Finished
2/14/2018 1:59:47 PM: GetTemplateDetails started
2/14/2018 1:59:47 PM: generatecontrols Started
2/14/2018 1:59:47 PM: GenerateControls:Loaded all Textbox dynamically
2/14/2018 1:59:47 PM: GenerateControls:Loaded all Textbox dynamically
2/14/2018 1:59:48 PM: createControls Started
2/14/2018 1:59:48 PM: createControls Loaded all Textbox dynamically
2/14/2018 1:59:48 PM: createControls Loaded all Textbox dynamically
2/14/2018 1:59:48 PM: createControls Finished
2/14/2018 1:59:48 PM: Started Loading Entity Drop Down
2/14/2018 1:59:50 PM: Finished Loading Entity Drop Down
2/14/2018 1:59:54 PM: createControls Started
2/14/2018 1:59:54 PM: createControls Loaded all Textbox dynamically
2/14/2018 1:59:54 PM: createControls Loaded all Textbox dynamically
2/14/2018 1:59:54 PM: createControls Finished
2/14/2018 1:59:55 PM: createControls Started
2/14/2018 1:59:55 PM: createControls Loaded all Textbox dynamically
2/14/2018 1:59:55 PM: createControls Loaded all Textbox dynamically
2/14/2018 1:59:55 PM: createControls Finished
2/14/2018 2:00:06 PM: BindDocumentType started
2/14/2018 2:00:06 PM: BindDocumentType finished
2/14/2018 2:00:12 PM: createControls Started
2/14/2018 2:00:12 PM: Create controls,Load all Textbox dynamic
2/14/2018 2:00:12 PM: Create controls,Load all Textbox dynamic
2/14/2018 2:00:12 PM: createControls Finished
2/14/2018 2:00:12 PM: generatecontrols Started
2/14/2018 2:00:12 PM: Calling database to get reference id and watermark.
2/14/2018 2:00:12 PM: Database returned result: NO_EX_510_250_1405|
2/14/2018 2:00:12 PM: Generatecontrols,Load all Textbox dynamic
2/14/2018 2:00:12 PM: Generatecontrols,Load all Textbox dynamic
2/14/2018 2:00:13 PM: createControls Started
2/14/2018 2:00:13 PM: Create controls,Load all Textbox dynamic
2/14/2018 2:00:13 PM: Create controls,Load all Textbox dynamic
2/14/2018 2:00:13 PM: createControls Finished
2/14/2018 2:00:44 PM: createControls Started
2/14/2018 2:00:44 PM: Create controls,Load all Textbox dynamic
2/14/2018 2:00:44 PM: Create controls,Load all Textbox dynamic
2/14/2018 2:00:44 PM: createControls Finished
2/14/2018 2:00:44 PM: AsyncFileUpload1_UploadedComplete Started
2/14/2018 2:00:44 PM: Started Saving Uploaded Document in AsyncFileUpload1_UploadedComplete 
2/14/2018 2:00:44 PM: Finished Saving Uploaded Document in AsyncFileUpload1_UploadedComplete 
2/14/2018 2:00:48 PM: AsyncFileUpload1_UploadedComplete Pagecount of Image2Pdf().ExtractPages 418
2/14/2018 2:00:48 PM: AsyncFileUpload1_UploadedComplete Finished
2/14/2018 2:00:49 PM: createControls Started
2/14/2018 2:00:49 PM: Create controls,Load all Textbox dynamic
2/14/2018 2:00:49 PM: Create controls,Load all Textbox dynamic
2/14/2018 2:00:49 PM: createControls Finished
2/14/2018 2:00:49 PM: btnSubmit_Click Started
2/14/2018 2:00:49 PM: btnSubmit_Click Finished
2/14/2018 2:00:54 PM: createControls Started
2/14/2018 2:00:54 PM: Create controls,Load all Textbox dynamic
2/14/2018 2:00:54 PM: Create controls,Load all Textbox dynamic
2/14/2018 2:00:54 PM: createControls Finished
2/14/2018 2:00:54 PM: Started Saving Uploaded Document in Save Button Click
2/14/2018 2:00:58 PM: AsyncFileUpload1_UploadedComplete Started
2/14/2018 2:00:58 PM: AsyncFileUpload1_UploadedComplete Finished
2/14/2018 2:00:58 PM: GetDBFieldName the DBFld UPLOAD_vFld1
2/14/2018 2:00:58 PM: GetDBFieldName the DBFld UPLOAD_vFld2
2/14/2018 2:01:01 PM: CreateXML Started:-
2/14/2018 2:01:01 PM: CreateXML Completed:-
2/14/2018 2:01:01 PM: Save button click after saving or updating the ReturnCode= 0
2/14/2018 2:01:01 PM: Finished Saving Uploaded Document in Save Button Click
2/14/2018 2:01:01 PM: AsyncFileUpload1_UploadedComplete Started
2/14/2018 2:01:01 PM: AsyncFileUpload1_UploadedComplete Finished
2/14/2018 2:01:05 PM: BindDocumentType started
2/14/2018 2:01:05 PM: BindDocumentType finished
2/14/2018 2:01:07 PM: createControls Started
2/14/2018 2:01:07 PM: createControls Loaded all Textbox dynamically
2/14/2018 2:01:07 PM: createControls Loaded all Textbox dynamically
2/14/2018 2:01:07 PM: createControls Finished
2/14/2018 2:01:07 PM: GetTemplateDetails started
2/14/2018 2:01:07 PM: generatecontrols Started
2/14/2018 2:01:07 PM: GenerateControls:Loaded all Textbox dynamically
2/14/2018 2:01:07 PM: GenerateControls:Loaded all Textbox dynamically
2/14/2018 2:01:10 PM: createControls Started
2/14/2018 2:01:10 PM: createControls Loaded all Textbox dynamically
2/14/2018 2:01:10 PM: createControls Loaded all Textbox dynamically
2/14/2018 2:01:10 PM: createControls Finished
2/14/2018 2:01:10 PM: Started Loading Entity Drop Down
2/14/2018 2:01:11 PM: Finished Loading Entity Drop Down
2/14/2018 2:01:12 PM: createControls Started
2/14/2018 2:01:12 PM: createControls Loaded all Textbox dynamically
2/14/2018 2:01:12 PM: createControls Loaded all Textbox dynamically
2/14/2018 2:01:12 PM: createControls Finished
2/14/2018 2:02:20 PM: BindDocumentType started
2/14/2018 2:02:20 PM: BindDocumentType finished
2/14/2018 2:02:22 PM: createControls Started
2/14/2018 2:02:22 PM: createControls Loaded all Textbox dynamically
2/14/2018 2:02:22 PM: createControls Loaded all Textbox dynamically
2/14/2018 2:02:22 PM: createControls Finished
2/14/2018 2:02:22 PM: GetTemplateDetails started
2/14/2018 2:02:22 PM: generatecontrols Started
2/14/2018 2:02:22 PM: GenerateControls:Loaded all Textbox dynamically
2/14/2018 2:02:22 PM: GenerateControls:Loaded all Textbox dynamically
2/14/2018 2:02:24 PM: createControls Started
2/14/2018 2:02:24 PM: createControls Loaded all Textbox dynamically
2/14/2018 2:02:24 PM: createControls Loaded all Textbox dynamically
2/14/2018 2:02:24 PM: createControls Finished
2/14/2018 2:02:24 PM: Started Loading Entity Drop Down
2/14/2018 2:02:24 PM: Finished Loading Entity Drop Down
2/14/2018 2:02:25 PM: createControls Started
2/14/2018 2:02:25 PM: createControls Loaded all Textbox dynamically
2/14/2018 2:02:25 PM: createControls Loaded all Textbox dynamically
2/14/2018 2:02:25 PM: createControls Finished
2/14/2018 2:02:39 PM: createControls Started
2/14/2018 2:02:39 PM: Create controls,Load all Textbox dynamic
2/14/2018 2:02:39 PM: Create controls,Load all Textbox dynamic
2/14/2018 2:02:39 PM: createControls Finished
2/14/2018 2:02:39 PM: generatecontrols Started
2/14/2018 2:02:39 PM: Calling database to get reference id and watermark.
2/14/2018 2:02:39 PM: Database returned result: NO_EX_510_250_1406|
2/14/2018 2:02:39 PM: Generatecontrols,Load all Textbox dynamic
2/14/2018 2:02:39 PM: Generatecontrols,Load all Textbox dynamic
2/14/2018 2:02:41 PM: createControls Started
2/14/2018 2:02:41 PM: Create controls,Load all Textbox dynamic
2/14/2018 2:02:41 PM: Create controls,Load all Textbox dynamic
2/14/2018 2:02:41 PM: createControls Finished
2/14/2018 2:02:58 PM: createControls Started
2/14/2018 2:02:58 PM: Create controls,Load all Textbox dynamic
2/14/2018 2:02:58 PM: Create controls,Load all Textbox dynamic
2/14/2018 2:02:58 PM: createControls Finished
2/14/2018 2:02:58 PM: AsyncFileUpload1_UploadedComplete Started
2/14/2018 2:02:58 PM: Started Saving Uploaded Document in AsyncFileUpload1_UploadedComplete 
2/14/2018 2:02:58 PM: Finished Saving Uploaded Document in AsyncFileUpload1_UploadedComplete 
2/14/2018 2:02:58 PM: AsyncFileUpload1_UploadedComplete Pagecount of Image2Pdf().ExtractPages 3
2/14/2018 2:02:58 PM: AsyncFileUpload1_UploadedComplete Finished
2/14/2018 2:02:58 PM: createControls Started
2/14/2018 2:02:58 PM: Create controls,Load all Textbox dynamic
2/14/2018 2:02:58 PM: Create controls,Load all Textbox dynamic
2/14/2018 2:02:58 PM: createControls Finished
2/14/2018 2:02:58 PM: btnSubmit_Click Started
2/14/2018 2:02:58 PM: btnSubmit_Click Finished
2/14/2018 2:03:01 PM: createControls Started
2/14/2018 2:03:01 PM: Create controls,Load all Textbox dynamic
2/14/2018 2:03:01 PM: Create controls,Load all Textbox dynamic
2/14/2018 2:03:01 PM: createControls Finished
2/14/2018 2:03:01 PM: Started Previewing Uploaded Document in btnPreview_Click 
2/14/2018 2:03:01 PM: Src Details : http://localhost:55361/GenericHandler.ashx?f=D:\WDMSDocument\TempWorkFolder\Tk9fRVhfNTEwXzI1MF8xNDA2.pdf
2/14/2018 2:03:01 PM: Setting image to viewer. Action:  Page count: 3 Current Page:1
2/14/2018 2:03:01 PM: Converting PDF to JPEG. PDF Path: D:\WDMSDocument\TempWorkFolder\Tk9fRVhfNTEwXzI1MF8xNDA2\1.pdf Image Name: Tk9fRVhfNTEwXzI1MF8xNDA2 Page No: 1
2/14/2018 2:03:01 PM: Converting PDF to JPEG without applying watermark.
2/14/2018 2:03:01 PM: Setting image to viewer using RegisterStartupScript: http://localhost:55361/generichandler.ashx?f=d://wdmsdocument//tempworkfolder//tk9frvhfntewxzi1mf8xnda2jpg//1.jpeg
2/14/2018 2:03:01 PM: Finished Previewing Uploaded Document in btnPreview_Click 
2/14/2018 2:03:05 PM: createControls Started
2/14/2018 2:03:05 PM: Create controls,Load all Textbox dynamic
2/14/2018 2:03:05 PM: Create controls,Load all Textbox dynamic
2/14/2018 2:03:05 PM: createControls Finished
2/14/2018 2:03:05 PM: Started Saving Uploaded Document in Save Button Click
2/14/2018 2:03:05 PM: AsyncFileUpload1_UploadedComplete Started
2/14/2018 2:03:05 PM: AsyncFileUpload1_UploadedComplete Finished
2/14/2018 2:03:05 PM: GetDBFieldName the DBFld UPLOAD_vFld1
2/14/2018 2:03:05 PM: GetDBFieldName the DBFld UPLOAD_vFld2
2/14/2018 2:03:06 PM: CreateXML Started:-
2/14/2018 2:03:06 PM: CreateXML Completed:-
2/14/2018 2:03:06 PM: Save button click after saving or updating the ReturnCode= 0
2/14/2018 2:03:06 PM: Finished Saving Uploaded Document in Save Button Click
2/14/2018 2:03:06 PM: AsyncFileUpload1_UploadedComplete Started
2/14/2018 2:03:06 PM: AsyncFileUpload1_UploadedComplete Finished
2/14/2018 2:03:09 PM: BindDocumentType started
2/14/2018 2:03:09 PM: BindDocumentType finished
2/14/2018 2:03:12 PM: createControls Started
2/14/2018 2:03:12 PM: createControls Loaded all Textbox dynamically
2/14/2018 2:03:12 PM: createControls Loaded all Textbox dynamically
2/14/2018 2:03:12 PM: createControls Finished
2/14/2018 2:03:12 PM: GetTemplateDetails started
2/14/2018 2:03:12 PM: generatecontrols Started
2/14/2018 2:03:12 PM: GenerateControls:Loaded all Textbox dynamically
2/14/2018 2:03:12 PM: GenerateControls:Loaded all Textbox dynamically
2/14/2018 2:03:13 PM: createControls Started
2/14/2018 2:03:13 PM: createControls Loaded all Textbox dynamically
2/14/2018 2:03:13 PM: createControls Loaded all Textbox dynamically
2/14/2018 2:03:13 PM: createControls Finished
2/14/2018 2:03:13 PM: Started Loading Entity Drop Down
2/14/2018 2:03:13 PM: Finished Loading Entity Drop Down
2/14/2018 2:03:15 PM: createControls Started
2/14/2018 2:03:15 PM: createControls Loaded all Textbox dynamically
2/14/2018 2:03:15 PM: createControls Loaded all Textbox dynamically
2/14/2018 2:03:15 PM: createControls Finished
2/14/2018 2:03:46 PM: BindDocumentType started
2/14/2018 2:03:46 PM: BindDocumentType finished
2/14/2018 2:03:49 PM: createControls Started
2/14/2018 2:03:49 PM: createControls Loaded all Textbox dynamically
2/14/2018 2:03:49 PM: createControls Loaded all Textbox dynamically
2/14/2018 2:03:49 PM: createControls Finished
2/14/2018 2:03:49 PM: GetTemplateDetails started
2/14/2018 2:03:49 PM: generatecontrols Started
2/14/2018 2:03:49 PM: GenerateControls:Loaded all Textbox dynamically
2/14/2018 2:03:49 PM: GenerateControls:Loaded all Textbox dynamically
2/14/2018 2:03:50 PM: createControls Started
2/14/2018 2:03:50 PM: createControls Loaded all Textbox dynamically
2/14/2018 2:03:50 PM: createControls Loaded all Textbox dynamically
2/14/2018 2:03:50 PM: createControls Finished
2/14/2018 2:03:50 PM: Started Loading Entity Drop Down
2/14/2018 2:03:50 PM: Finished Loading Entity Drop Down
2/14/2018 2:03:52 PM: createControls Started
2/14/2018 2:03:52 PM: createControls Loaded all Textbox dynamically
2/14/2018 2:03:52 PM: createControls Loaded all Textbox dynamically
2/14/2018 2:03:52 PM: createControls Finished
