12/28/2018 11:52:40 AM: GetTemplateDetails started
12/28/2018 11:52:40 AM: generatecontrols Started
12/28/2018 11:52:41 AM: GenerateControls:Loaded all Textbox dynamically
12/28/2018 11:52:41 AM: GenerateControls:Loaded all Textbox dynamically
12/28/2018 11:52:41 AM: GenerateControls:Loaded all Textbox dynamically
12/28/2018 11:52:41 AM: GenerateControls:Loaded all Textbox dynamically
12/28/2018 11:52:41 AM: GenerateControls:Loaded all Textbox dynamically
12/28/2018 11:52:41 AM: GenerateControls:Loaded all Textbox dynamically
12/28/2018 11:52:41 AM: GenerateControls:Loaded all Textbox dynamically
12/28/2018 11:52:41 AM: GenerateControls:Loaded all Textbox dynamically
12/28/2018 11:52:41 AM: GenerateControls:Loaded all Textbox dynamically
12/28/2018 11:52:41 AM: BindDocumentType started
12/28/2018 11:52:41 AM: BindDocumentType finished
12/28/2018 11:52:41 AM: createControls Started
12/28/2018 11:52:41 AM: createControls Loaded all Textbox dynamically
12/28/2018 11:52:41 AM: createControls Loaded all Textbox dynamically
12/28/2018 11:52:41 AM: createControls Loaded all Textbox dynamically
12/28/2018 11:52:41 AM: createControls Loaded all Textbox dynamically
12/28/2018 11:52:41 AM: createControls Loaded all Textbox dynamically
12/28/2018 11:52:41 AM: createControls Loaded all Textbox dynamically
12/28/2018 11:52:41 AM: createControls Loaded all Textbox dynamically
12/28/2018 11:52:41 AM: createControls Loaded all Textbox dynamically
12/28/2018 11:52:41 AM: createControls Loaded all Textbox dynamically
12/28/2018 11:52:41 AM: createControls Finished
12/28/2018 11:53:19 AM: GetTemplateDetails started
12/28/2018 11:53:19 AM: generatecontrols Started
12/28/2018 11:53:19 AM: GenerateControls:Loaded all Textbox dynamically
12/28/2018 11:53:19 AM: GenerateControls:Loaded all Textbox dynamically
12/28/2018 11:53:19 AM: GenerateControls:Loaded all Textbox dynamically
12/28/2018 11:53:19 AM: GenerateControls:Loaded all Textbox dynamically
12/28/2018 11:53:19 AM: GenerateControls:Loaded all Textbox dynamically
12/28/2018 11:53:19 AM: GenerateControls:Loaded all Textbox dynamically
12/28/2018 11:53:19 AM: GenerateControls:Loaded all Textbox dynamically
12/28/2018 11:53:19 AM: GenerateControls:Loaded all Textbox dynamically
12/28/2018 11:53:19 AM: GenerateControls:Loaded all Textbox dynamically
12/28/2018 11:53:19 AM: BindDocumentType started
12/28/2018 11:53:19 AM: BindDocumentType finished
12/28/2018 11:53:19 AM: createControls Started
12/28/2018 11:53:19 AM: createControls Loaded all Textbox dynamically
12/28/2018 11:53:19 AM: createControls Loaded all Textbox dynamically
12/28/2018 11:53:19 AM: createControls Loaded all Textbox dynamically
12/28/2018 11:53:19 AM: createControls Loaded all Textbox dynamically
12/28/2018 11:53:19 AM: createControls Loaded all Textbox dynamically
12/28/2018 11:53:19 AM: createControls Loaded all Textbox dynamically
12/28/2018 11:53:19 AM: createControls Loaded all Textbox dynamically
12/28/2018 11:53:19 AM: createControls Loaded all Textbox dynamically
12/28/2018 11:53:19 AM: createControls Loaded all Textbox dynamically
12/28/2018 11:53:19 AM: createControls Finished
12/28/2018 11:54:38 AM: GetTemplateDetails started
12/28/2018 11:54:38 AM: generatecontrols Started
12/28/2018 11:54:38 AM: GenerateControls:Loaded all Textbox dynamically
12/28/2018 11:54:38 AM: GenerateControls:Loaded all Textbox dynamically
12/28/2018 11:54:38 AM: GenerateControls:Loaded all Textbox dynamically
12/28/2018 11:54:38 AM: GenerateControls:Loaded all Textbox dynamically
12/28/2018 11:54:38 AM: GenerateControls:Loaded all Textbox dynamically
12/28/2018 11:54:38 AM: GenerateControls:Loaded all Textbox dynamically
12/28/2018 11:54:38 AM: GenerateControls:Loaded all Textbox dynamically
12/28/2018 11:54:38 AM: GenerateControls:Loaded all Textbox dynamically
12/28/2018 11:54:38 AM: GenerateControls:Loaded all Textbox dynamically
12/28/2018 11:54:38 AM: BindDocumentType started
12/28/2018 11:54:38 AM: BindDocumentType finished
12/28/2018 11:54:38 AM: createControls Started
12/28/2018 11:54:38 AM: createControls Loaded all Textbox dynamically
12/28/2018 11:54:38 AM: createControls Loaded all Textbox dynamically
12/28/2018 11:54:38 AM: createControls Loaded all Textbox dynamically
12/28/2018 11:54:38 AM: createControls Loaded all Textbox dynamically
12/28/2018 11:54:38 AM: createControls Loaded all Textbox dynamically
12/28/2018 11:54:38 AM: createControls Loaded all Textbox dynamically
12/28/2018 11:54:38 AM: createControls Loaded all Textbox dynamically
12/28/2018 11:54:38 AM: createControls Loaded all Textbox dynamically
12/28/2018 11:54:38 AM: createControls Loaded all Textbox dynamically
12/28/2018 11:54:38 AM: createControls Finished
12/28/2018 11:57:30 AM: GetTemplateDetails started
12/28/2018 11:57:30 AM: generatecontrols Started
12/28/2018 11:57:30 AM: GenerateControls:Loaded all Textbox dynamically
12/28/2018 11:57:30 AM: GenerateControls:Loaded all Textbox dynamically
12/28/2018 11:57:30 AM: GenerateControls:Loaded all Textbox dynamically
12/28/2018 11:57:30 AM: GenerateControls:Loaded all Textbox dynamically
12/28/2018 11:57:30 AM: GenerateControls:Loaded all Textbox dynamically
12/28/2018 11:57:30 AM: GenerateControls:Loaded all Textbox dynamically
12/28/2018 11:57:30 AM: GenerateControls:Loaded all Textbox dynamically
12/28/2018 11:57:30 AM: GenerateControls:Loaded all Textbox dynamically
12/28/2018 11:57:30 AM: GenerateControls:Loaded all Textbox dynamically
12/28/2018 11:57:30 AM: BindDocumentType started
12/28/2018 11:57:30 AM: BindDocumentType finished
12/28/2018 11:57:30 AM: createControls Started
12/28/2018 11:57:30 AM: createControls Loaded all Textbox dynamically
12/28/2018 11:57:30 AM: createControls Loaded all Textbox dynamically
12/28/2018 11:57:30 AM: createControls Loaded all Textbox dynamically
12/28/2018 11:57:30 AM: createControls Loaded all Textbox dynamically
12/28/2018 11:57:30 AM: createControls Loaded all Textbox dynamically
12/28/2018 11:57:30 AM: createControls Loaded all Textbox dynamically
12/28/2018 11:57:30 AM: createControls Loaded all Textbox dynamically
12/28/2018 11:57:30 AM: createControls Loaded all Textbox dynamically
12/28/2018 11:57:30 AM: createControls Loaded all Textbox dynamically
12/28/2018 11:57:30 AM: createControls Finished
12/28/2018 11:59:05 AM: GetTemplateDetails started
12/28/2018 11:59:05 AM: generatecontrols Started
12/28/2018 11:59:05 AM: GenerateControls:Loaded all Textbox dynamically
12/28/2018 11:59:05 AM: GenerateControls:Loaded all Textbox dynamically
12/28/2018 11:59:05 AM: GenerateControls:Loaded all Textbox dynamically
12/28/2018 11:59:05 AM: GenerateControls:Loaded all Textbox dynamically
12/28/2018 11:59:05 AM: GenerateControls:Loaded all Textbox dynamically
12/28/2018 11:59:05 AM: GenerateControls:Loaded all Textbox dynamically
12/28/2018 11:59:05 AM: GenerateControls:Loaded all Textbox dynamically
12/28/2018 11:59:05 AM: GenerateControls:Loaded all Textbox dynamically
12/28/2018 11:59:05 AM: GenerateControls:Loaded all Textbox dynamically
12/28/2018 11:59:05 AM: BindDocumentType started
12/28/2018 11:59:05 AM: BindDocumentType finished
12/28/2018 11:59:05 AM: createControls Started
12/28/2018 11:59:05 AM: createControls Loaded all Textbox dynamically
12/28/2018 11:59:05 AM: createControls Loaded all Textbox dynamically
12/28/2018 11:59:05 AM: createControls Loaded all Textbox dynamically
12/28/2018 11:59:05 AM: createControls Loaded all Textbox dynamically
12/28/2018 11:59:05 AM: createControls Loaded all Textbox dynamically
12/28/2018 11:59:05 AM: createControls Loaded all Textbox dynamically
12/28/2018 11:59:05 AM: createControls Loaded all Textbox dynamically
12/28/2018 11:59:05 AM: createControls Loaded all Textbox dynamically
12/28/2018 11:59:05 AM: createControls Loaded all Textbox dynamically
12/28/2018 11:59:05 AM: createControls Finished
12/28/2018 11:59:07 AM: createControls Started
12/28/2018 11:59:07 AM: createControls Loaded all Textbox dynamically
12/28/2018 11:59:07 AM: createControls Loaded all Textbox dynamically
12/28/2018 11:59:07 AM: createControls Loaded all Textbox dynamically
12/28/2018 11:59:07 AM: createControls Loaded all Textbox dynamically
12/28/2018 11:59:07 AM: createControls Loaded all Textbox dynamically
12/28/2018 11:59:07 AM: createControls Loaded all Textbox dynamically
12/28/2018 11:59:07 AM: createControls Loaded all Textbox dynamically
12/28/2018 11:59:07 AM: createControls Loaded all Textbox dynamically
12/28/2018 11:59:07 AM: createControls Loaded all Textbox dynamically
12/28/2018 11:59:07 AM: createControls Finished
12/28/2018 11:59:27 AM: GetTemplateDetails started
12/28/2018 11:59:27 AM: generatecontrols Started
12/28/2018 11:59:27 AM: GenerateControls:Loaded all Textbox dynamically
12/28/2018 11:59:27 AM: GenerateControls:Loaded all Textbox dynamically
12/28/2018 11:59:27 AM: GenerateControls:Loaded all Textbox dynamically
12/28/2018 11:59:27 AM: GenerateControls:Loaded all Textbox dynamically
12/28/2018 11:59:27 AM: GenerateControls:Loaded all Textbox dynamically
12/28/2018 11:59:27 AM: GenerateControls:Loaded all Textbox dynamically
12/28/2018 11:59:27 AM: GenerateControls:Loaded all Textbox dynamically
12/28/2018 11:59:27 AM: GenerateControls:Loaded all Textbox dynamically
12/28/2018 11:59:27 AM: GenerateControls:Loaded all Textbox dynamically
12/28/2018 11:59:27 AM: BindDocumentType started
12/28/2018 11:59:27 AM: BindDocumentType finished
12/28/2018 11:59:27 AM: createControls Started
12/28/2018 11:59:27 AM: createControls Loaded all Textbox dynamically
12/28/2018 11:59:27 AM: createControls Loaded all Textbox dynamically
12/28/2018 11:59:27 AM: createControls Loaded all Textbox dynamically
12/28/2018 11:59:27 AM: createControls Loaded all Textbox dynamically
12/28/2018 11:59:27 AM: createControls Loaded all Textbox dynamically
12/28/2018 11:59:27 AM: createControls Loaded all Textbox dynamically
12/28/2018 11:59:27 AM: createControls Loaded all Textbox dynamically
12/28/2018 11:59:27 AM: createControls Loaded all Textbox dynamically
12/28/2018 11:59:27 AM: createControls Loaded all Textbox dynamically
12/28/2018 11:59:27 AM: createControls Finished
12/28/2018 11:59:51 AM: createControls Started
12/28/2018 11:59:52 AM: createControls Loaded all Textbox dynamically
12/28/2018 11:59:52 AM: createControls Loaded all Textbox dynamically
12/28/2018 11:59:52 AM: createControls Loaded all Textbox dynamically
12/28/2018 11:59:52 AM: createControls Loaded all Textbox dynamically
12/28/2018 11:59:52 AM: createControls Loaded all Textbox dynamically
12/28/2018 11:59:52 AM: createControls Loaded all Textbox dynamically
12/28/2018 11:59:52 AM: createControls Loaded all Textbox dynamically
12/28/2018 11:59:52 AM: createControls Loaded all Textbox dynamically
12/28/2018 11:59:52 AM: createControls Loaded all Textbox dynamically
12/28/2018 11:59:52 AM: createControls Finished
12/28/2018 12:01:47 PM: GetTemplateDetails started
12/28/2018 12:01:47 PM: generatecontrols Started
12/28/2018 12:01:47 PM: GenerateControls:Loaded all Textbox dynamically
12/28/2018 12:01:47 PM: GenerateControls:Loaded all Textbox dynamically
12/28/2018 12:01:47 PM: GenerateControls:Loaded all Textbox dynamically
12/28/2018 12:01:47 PM: GenerateControls:Loaded all Textbox dynamically
12/28/2018 12:01:47 PM: GenerateControls:Loaded all Textbox dynamically
12/28/2018 12:01:47 PM: GenerateControls:Loaded all Textbox dynamically
12/28/2018 12:01:47 PM: GenerateControls:Loaded all Textbox dynamically
12/28/2018 12:01:47 PM: GenerateControls:Loaded all Textbox dynamically
12/28/2018 12:01:47 PM: GenerateControls:Loaded all Textbox dynamically
12/28/2018 12:01:47 PM: BindDocumentType started
12/28/2018 12:01:47 PM: BindDocumentType finished
12/28/2018 12:01:47 PM: createControls Started
12/28/2018 12:01:47 PM: createControls Loaded all Textbox dynamically
12/28/2018 12:01:47 PM: createControls Loaded all Textbox dynamically
12/28/2018 12:01:47 PM: createControls Loaded all Textbox dynamically
12/28/2018 12:01:47 PM: createControls Loaded all Textbox dynamically
12/28/2018 12:01:47 PM: createControls Loaded all Textbox dynamically
12/28/2018 12:01:47 PM: createControls Loaded all Textbox dynamically
12/28/2018 12:01:47 PM: createControls Loaded all Textbox dynamically
12/28/2018 12:01:47 PM: createControls Loaded all Textbox dynamically
12/28/2018 12:01:47 PM: createControls Loaded all Textbox dynamically
12/28/2018 12:01:47 PM: createControls Finished
12/28/2018 12:03:48 PM: GetTemplateDetails started
12/28/2018 12:03:48 PM: generatecontrols Started
12/28/2018 12:03:48 PM: GenerateControls:Loaded all Textbox dynamically
12/28/2018 12:03:48 PM: GenerateControls:Loaded all Textbox dynamically
12/28/2018 12:03:48 PM: GenerateControls:Loaded all Textbox dynamically
12/28/2018 12:03:48 PM: GenerateControls:Loaded all Textbox dynamically
12/28/2018 12:03:48 PM: GenerateControls:Loaded all Textbox dynamically
12/28/2018 12:03:48 PM: GenerateControls:Loaded all Textbox dynamically
12/28/2018 12:03:48 PM: GenerateControls:Loaded all Textbox dynamically
12/28/2018 12:03:48 PM: GenerateControls:Loaded all Textbox dynamically
12/28/2018 12:03:48 PM: GenerateControls:Loaded all Textbox dynamically
12/28/2018 12:03:48 PM: BindDocumentType started
12/28/2018 12:03:48 PM: BindDocumentType finished
12/28/2018 12:03:48 PM: createControls Started
12/28/2018 12:03:48 PM: createControls Loaded all Textbox dynamically
12/28/2018 12:03:48 PM: createControls Loaded all Textbox dynamically
12/28/2018 12:03:48 PM: createControls Loaded all Textbox dynamically
12/28/2018 12:03:48 PM: createControls Loaded all Textbox dynamically
12/28/2018 12:03:48 PM: createControls Loaded all Textbox dynamically
12/28/2018 12:03:48 PM: createControls Loaded all Textbox dynamically
12/28/2018 12:03:48 PM: createControls Loaded all Textbox dynamically
12/28/2018 12:03:48 PM: createControls Loaded all Textbox dynamically
12/28/2018 12:03:48 PM: createControls Loaded all Textbox dynamically
12/28/2018 12:03:48 PM: createControls Finished
12/28/2018 12:10:25 PM: GetTemplateDetails started
12/28/2018 12:10:25 PM: generatecontrols Started
12/28/2018 12:10:25 PM: GenerateControls:Loaded all Textbox dynamically
12/28/2018 12:10:25 PM: GenerateControls:Loaded all Textbox dynamically
12/28/2018 12:10:25 PM: GenerateControls:Loaded all Textbox dynamically
12/28/2018 12:10:25 PM: GenerateControls:Loaded all Textbox dynamically
12/28/2018 12:10:25 PM: GenerateControls:Loaded all Textbox dynamically
12/28/2018 12:10:25 PM: GenerateControls:Loaded all Textbox dynamically
12/28/2018 12:10:25 PM: GenerateControls:Loaded all Textbox dynamically
12/28/2018 12:10:25 PM: GenerateControls:Loaded all Textbox dynamically
12/28/2018 12:10:25 PM: GenerateControls:Loaded all Textbox dynamically
12/28/2018 12:10:25 PM: BindDocumentType started
12/28/2018 12:10:25 PM: BindDocumentType finished
12/28/2018 12:10:25 PM: createControls Started
12/28/2018 12:10:25 PM: createControls Loaded all Textbox dynamically
12/28/2018 12:10:25 PM: createControls Loaded all Textbox dynamically
12/28/2018 12:10:25 PM: createControls Loaded all Textbox dynamically
12/28/2018 12:10:25 PM: createControls Loaded all Textbox dynamically
12/28/2018 12:10:25 PM: createControls Loaded all Textbox dynamically
12/28/2018 12:10:25 PM: createControls Loaded all Textbox dynamically
12/28/2018 12:10:25 PM: createControls Loaded all Textbox dynamically
12/28/2018 12:10:25 PM: createControls Loaded all Textbox dynamically
12/28/2018 12:10:25 PM: createControls Loaded all Textbox dynamically
12/28/2018 12:10:25 PM: createControls Finished
12/28/2018 12:10:36 PM: GetTemplateDetails started
12/28/2018 12:10:36 PM: generatecontrols Started
12/28/2018 12:10:36 PM: GenerateControls:Loaded all Textbox dynamically
12/28/2018 12:10:36 PM: GenerateControls:Loaded all Textbox dynamically
12/28/2018 12:10:36 PM: GenerateControls:Loaded all Textbox dynamically
12/28/2018 12:10:36 PM: GenerateControls:Loaded all Textbox dynamically
12/28/2018 12:10:36 PM: GenerateControls:Loaded all Textbox dynamically
12/28/2018 12:10:36 PM: GenerateControls:Loaded all Textbox dynamically
12/28/2018 12:10:36 PM: GenerateControls:Loaded all Textbox dynamically
12/28/2018 12:10:36 PM: GenerateControls:Loaded all Textbox dynamically
12/28/2018 12:10:36 PM: GenerateControls:Loaded all Textbox dynamically
12/28/2018 12:10:36 PM: BindDocumentType started
12/28/2018 12:10:36 PM: BindDocumentType finished
12/28/2018 12:10:36 PM: createControls Started
12/28/2018 12:10:36 PM: createControls Loaded all Textbox dynamically
12/28/2018 12:10:36 PM: createControls Loaded all Textbox dynamically
12/28/2018 12:10:36 PM: createControls Loaded all Textbox dynamically
12/28/2018 12:10:36 PM: createControls Loaded all Textbox dynamically
12/28/2018 12:10:36 PM: createControls Loaded all Textbox dynamically
12/28/2018 12:10:36 PM: createControls Loaded all Textbox dynamically
12/28/2018 12:10:36 PM: createControls Loaded all Textbox dynamically
12/28/2018 12:10:36 PM: createControls Loaded all Textbox dynamically
12/28/2018 12:10:36 PM: createControls Loaded all Textbox dynamically
12/28/2018 12:10:36 PM: createControls Finished
12/28/2018 12:14:02 PM: GetTemplateDetails started
12/28/2018 12:14:02 PM: generatecontrols Started
12/28/2018 12:14:02 PM: GenerateControls:Loaded all Textbox dynamically
12/28/2018 12:14:02 PM: GenerateControls:Loaded all Textbox dynamically
12/28/2018 12:14:02 PM: GenerateControls:Loaded all Textbox dynamically
12/28/2018 12:14:02 PM: GenerateControls:Loaded all Textbox dynamically
12/28/2018 12:14:02 PM: GenerateControls:Loaded all Textbox dynamically
12/28/2018 12:14:02 PM: GenerateControls:Loaded all Textbox dynamically
12/28/2018 12:14:02 PM: GenerateControls:Loaded all Textbox dynamically
12/28/2018 12:14:02 PM: GenerateControls:Loaded all Textbox dynamically
12/28/2018 12:14:02 PM: GenerateControls:Loaded all Textbox dynamically
12/28/2018 12:14:02 PM: BindDocumentType started
12/28/2018 12:14:02 PM: BindDocumentType finished
12/28/2018 12:14:02 PM: createControls Started
12/28/2018 12:14:02 PM: createControls Loaded all Textbox dynamically
12/28/2018 12:14:02 PM: createControls Loaded all Textbox dynamically
12/28/2018 12:14:02 PM: createControls Loaded all Textbox dynamically
12/28/2018 12:14:02 PM: createControls Loaded all Textbox dynamically
12/28/2018 12:14:02 PM: createControls Loaded all Textbox dynamically
12/28/2018 12:14:02 PM: createControls Loaded all Textbox dynamically
12/28/2018 12:14:02 PM: createControls Loaded all Textbox dynamically
12/28/2018 12:14:02 PM: createControls Loaded all Textbox dynamically
12/28/2018 12:14:02 PM: createControls Loaded all Textbox dynamically
12/28/2018 12:14:02 PM: createControls Finished
12/28/2018 12:14:57 PM: GetTemplateDetails started
12/28/2018 12:14:57 PM: generatecontrols Started
12/28/2018 12:14:57 PM: GenerateControls:Loaded all Textbox dynamically
12/28/2018 12:14:57 PM: GenerateControls:Loaded all Textbox dynamically
12/28/2018 12:14:57 PM: GenerateControls:Loaded all Textbox dynamically
12/28/2018 12:14:57 PM: GenerateControls:Loaded all Textbox dynamically
12/28/2018 12:14:57 PM: GenerateControls:Loaded all Textbox dynamically
12/28/2018 12:14:57 PM: GenerateControls:Loaded all Textbox dynamically
12/28/2018 12:14:57 PM: GenerateControls:Loaded all Textbox dynamically
12/28/2018 12:14:57 PM: GenerateControls:Loaded all Textbox dynamically
12/28/2018 12:14:57 PM: GenerateControls:Loaded all Textbox dynamically
12/28/2018 12:14:57 PM: BindDocumentType started
12/28/2018 12:14:57 PM: BindDocumentType finished
12/28/2018 12:14:57 PM: createControls Started
12/28/2018 12:14:57 PM: createControls Loaded all Textbox dynamically
12/28/2018 12:14:57 PM: createControls Loaded all Textbox dynamically
12/28/2018 12:14:57 PM: createControls Loaded all Textbox dynamically
12/28/2018 12:14:57 PM: createControls Loaded all Textbox dynamically
12/28/2018 12:14:57 PM: createControls Loaded all Textbox dynamically
12/28/2018 12:14:57 PM: createControls Loaded all Textbox dynamically
12/28/2018 12:14:57 PM: createControls Loaded all Textbox dynamically
12/28/2018 12:14:57 PM: createControls Loaded all Textbox dynamically
12/28/2018 12:14:57 PM: createControls Loaded all Textbox dynamically
12/28/2018 12:14:57 PM: createControls Finished
12/28/2018 12:15:21 PM: GetTemplateDetails started
12/28/2018 12:15:21 PM: generatecontrols Started
12/28/2018 12:15:21 PM: GenerateControls:Loaded all Textbox dynamically
12/28/2018 12:15:21 PM: GenerateControls:Loaded all Textbox dynamically
12/28/2018 12:15:21 PM: GenerateControls:Loaded all Textbox dynamically
12/28/2018 12:15:21 PM: GenerateControls:Loaded all Textbox dynamically
12/28/2018 12:15:21 PM: GenerateControls:Loaded all Textbox dynamically
12/28/2018 12:15:21 PM: GenerateControls:Loaded all Textbox dynamically
12/28/2018 12:15:21 PM: GenerateControls:Loaded all Textbox dynamically
12/28/2018 12:15:21 PM: GenerateControls:Loaded all Textbox dynamically
12/28/2018 12:15:21 PM: GenerateControls:Loaded all Textbox dynamically
12/28/2018 12:15:21 PM: BindDocumentType started
12/28/2018 12:15:21 PM: BindDocumentType finished
12/28/2018 12:15:21 PM: createControls Started
12/28/2018 12:15:21 PM: createControls Loaded all Textbox dynamically
12/28/2018 12:15:21 PM: createControls Loaded all Textbox dynamically
12/28/2018 12:15:21 PM: createControls Loaded all Textbox dynamically
12/28/2018 12:15:21 PM: createControls Loaded all Textbox dynamically
12/28/2018 12:15:21 PM: createControls Loaded all Textbox dynamically
12/28/2018 12:15:21 PM: createControls Loaded all Textbox dynamically
12/28/2018 12:15:21 PM: createControls Loaded all Textbox dynamically
12/28/2018 12:15:21 PM: createControls Loaded all Textbox dynamically
12/28/2018 12:15:21 PM: createControls Loaded all Textbox dynamically
12/28/2018 12:15:21 PM: createControls Finished
12/28/2018 12:15:56 PM: GetTemplateDetails started
12/28/2018 12:15:56 PM: generatecontrols Started
12/28/2018 12:15:56 PM: GenerateControls:Loaded all Textbox dynamically
12/28/2018 12:15:56 PM: GenerateControls:Loaded all Textbox dynamically
12/28/2018 12:15:56 PM: GenerateControls:Loaded all Textbox dynamically
12/28/2018 12:15:56 PM: GenerateControls:Loaded all Textbox dynamically
12/28/2018 12:15:56 PM: GenerateControls:Loaded all Textbox dynamically
12/28/2018 12:15:56 PM: GenerateControls:Loaded all Textbox dynamically
12/28/2018 12:15:56 PM: GenerateControls:Loaded all Textbox dynamically
12/28/2018 12:15:56 PM: GenerateControls:Loaded all Textbox dynamically
12/28/2018 12:15:56 PM: GenerateControls:Loaded all Textbox dynamically
12/28/2018 12:15:56 PM: BindDocumentType started
12/28/2018 12:15:56 PM: BindDocumentType finished
12/28/2018 12:15:56 PM: createControls Started
12/28/2018 12:15:56 PM: createControls Loaded all Textbox dynamically
12/28/2018 12:15:56 PM: createControls Loaded all Textbox dynamically
12/28/2018 12:15:56 PM: createControls Loaded all Textbox dynamically
12/28/2018 12:15:56 PM: createControls Loaded all Textbox dynamically
12/28/2018 12:15:56 PM: createControls Loaded all Textbox dynamically
12/28/2018 12:15:56 PM: createControls Loaded all Textbox dynamically
12/28/2018 12:15:56 PM: createControls Loaded all Textbox dynamically
12/28/2018 12:15:56 PM: createControls Loaded all Textbox dynamically
12/28/2018 12:15:56 PM: createControls Loaded all Textbox dynamically
12/28/2018 12:15:56 PM: createControls Finished
12/28/2018 12:17:16 PM: GetTemplateDetails started
12/28/2018 12:17:16 PM: generatecontrols Started
12/28/2018 12:17:16 PM: GenerateControls:Loaded all Textbox dynamically
12/28/2018 12:17:16 PM: GenerateControls:Loaded all Textbox dynamically
12/28/2018 12:17:16 PM: GenerateControls:Loaded all Textbox dynamically
12/28/2018 12:17:16 PM: GenerateControls:Loaded all Textbox dynamically
12/28/2018 12:17:16 PM: GenerateControls:Loaded all Textbox dynamically
12/28/2018 12:17:16 PM: GenerateControls:Loaded all Textbox dynamically
12/28/2018 12:17:16 PM: GenerateControls:Loaded all Textbox dynamically
12/28/2018 12:17:16 PM: GenerateControls:Loaded all Textbox dynamically
12/28/2018 12:17:16 PM: GenerateControls:Loaded all Textbox dynamically
12/28/2018 12:17:16 PM: BindDocumentType started
12/28/2018 12:17:16 PM: BindDocumentType finished
12/28/2018 12:17:16 PM: createControls Started
12/28/2018 12:17:16 PM: createControls Loaded all Textbox dynamically
12/28/2018 12:17:16 PM: createControls Loaded all Textbox dynamically
12/28/2018 12:17:16 PM: createControls Loaded all Textbox dynamically
12/28/2018 12:17:16 PM: createControls Loaded all Textbox dynamically
12/28/2018 12:17:16 PM: createControls Loaded all Textbox dynamically
12/28/2018 12:17:16 PM: createControls Loaded all Textbox dynamically
12/28/2018 12:17:16 PM: createControls Loaded all Textbox dynamically
12/28/2018 12:17:16 PM: createControls Loaded all Textbox dynamically
12/28/2018 12:17:16 PM: createControls Loaded all Textbox dynamically
12/28/2018 12:17:16 PM: createControls Finished
12/28/2018 12:19:54 PM: GetTemplateDetails started
12/28/2018 12:19:54 PM: generatecontrols Started
12/28/2018 12:19:54 PM: GenerateControls:Loaded all Textbox dynamically
12/28/2018 12:19:54 PM: GenerateControls:Loaded all Textbox dynamically
12/28/2018 12:19:54 PM: GenerateControls:Loaded all Textbox dynamically
12/28/2018 12:19:54 PM: GenerateControls:Loaded all Textbox dynamically
12/28/2018 12:19:54 PM: GenerateControls:Loaded all Textbox dynamically
12/28/2018 12:19:54 PM: GenerateControls:Loaded all Textbox dynamically
12/28/2018 12:19:54 PM: GenerateControls:Loaded all Textbox dynamically
12/28/2018 12:19:54 PM: GenerateControls:Loaded all Textbox dynamically
12/28/2018 12:19:54 PM: GenerateControls:Loaded all Textbox dynamically
12/28/2018 12:19:54 PM: BindDocumentType started
12/28/2018 12:19:54 PM: BindDocumentType finished
12/28/2018 12:19:54 PM: createControls Started
12/28/2018 12:19:54 PM: createControls Loaded all Textbox dynamically
12/28/2018 12:19:54 PM: createControls Loaded all Textbox dynamically
12/28/2018 12:19:54 PM: createControls Loaded all Textbox dynamically
12/28/2018 12:19:54 PM: createControls Loaded all Textbox dynamically
12/28/2018 12:19:54 PM: createControls Loaded all Textbox dynamically
12/28/2018 12:19:54 PM: createControls Loaded all Textbox dynamically
12/28/2018 12:19:54 PM: createControls Loaded all Textbox dynamically
12/28/2018 12:19:54 PM: createControls Loaded all Textbox dynamically
12/28/2018 12:19:54 PM: createControls Loaded all Textbox dynamically
12/28/2018 12:19:54 PM: createControls Finished
12/28/2018 12:23:24 PM: GetTemplateDetails started
12/28/2018 12:23:24 PM: generatecontrols Started
12/28/2018 12:23:24 PM: GenerateControls:Loaded all Textbox dynamically
12/28/2018 12:23:24 PM: GenerateControls:Loaded all Textbox dynamically
12/28/2018 12:23:24 PM: GenerateControls:Loaded all Textbox dynamically
12/28/2018 12:23:24 PM: GenerateControls:Loaded all Textbox dynamically
12/28/2018 12:23:24 PM: GenerateControls:Loaded all Textbox dynamically
12/28/2018 12:23:24 PM: GenerateControls:Loaded all Textbox dynamically
12/28/2018 12:23:24 PM: GenerateControls:Loaded all Textbox dynamically
12/28/2018 12:23:24 PM: GenerateControls:Loaded all Textbox dynamically
12/28/2018 12:23:24 PM: GenerateControls:Loaded all Textbox dynamically
12/28/2018 12:23:24 PM: BindDocumentType started
12/28/2018 12:23:24 PM: BindDocumentType finished
12/28/2018 12:23:24 PM: createControls Started
12/28/2018 12:23:24 PM: createControls Loaded all Textbox dynamically
12/28/2018 12:23:24 PM: createControls Loaded all Textbox dynamically
12/28/2018 12:23:24 PM: createControls Loaded all Textbox dynamically
12/28/2018 12:23:24 PM: createControls Loaded all Textbox dynamically
12/28/2018 12:23:24 PM: createControls Loaded all Textbox dynamically
12/28/2018 12:23:24 PM: createControls Loaded all Textbox dynamically
12/28/2018 12:23:24 PM: createControls Loaded all Textbox dynamically
12/28/2018 12:23:24 PM: createControls Loaded all Textbox dynamically
12/28/2018 12:23:24 PM: createControls Loaded all Textbox dynamically
12/28/2018 12:23:24 PM: createControls Finished
12/28/2018 12:24:32 PM: GetTemplateDetails started
12/28/2018 12:24:32 PM: generatecontrols Started
12/28/2018 12:24:32 PM: GenerateControls:Loaded all Textbox dynamically
12/28/2018 12:24:32 PM: GenerateControls:Loaded all Textbox dynamically
12/28/2018 12:24:32 PM: GenerateControls:Loaded all Textbox dynamically
12/28/2018 12:24:32 PM: GenerateControls:Loaded all Textbox dynamically
12/28/2018 12:24:32 PM: GenerateControls:Loaded all Textbox dynamically
12/28/2018 12:24:32 PM: GenerateControls:Loaded all Textbox dynamically
12/28/2018 12:24:32 PM: GenerateControls:Loaded all Textbox dynamically
12/28/2018 12:24:32 PM: GenerateControls:Loaded all Textbox dynamically
12/28/2018 12:24:32 PM: GenerateControls:Loaded all Textbox dynamically
12/28/2018 12:24:32 PM: BindDocumentType started
12/28/2018 12:24:32 PM: BindDocumentType finished
12/28/2018 12:24:32 PM: createControls Started
12/28/2018 12:24:32 PM: createControls Loaded all Textbox dynamically
12/28/2018 12:24:32 PM: createControls Loaded all Textbox dynamically
12/28/2018 12:24:32 PM: createControls Loaded all Textbox dynamically
12/28/2018 12:24:32 PM: createControls Loaded all Textbox dynamically
12/28/2018 12:24:32 PM: createControls Loaded all Textbox dynamically
12/28/2018 12:24:32 PM: createControls Loaded all Textbox dynamically
12/28/2018 12:24:32 PM: createControls Loaded all Textbox dynamically
12/28/2018 12:24:32 PM: createControls Loaded all Textbox dynamically
12/28/2018 12:24:32 PM: createControls Loaded all Textbox dynamically
12/28/2018 12:24:32 PM: createControls Finished
12/28/2018 12:24:52 PM: GetTemplateDetails started
12/28/2018 12:24:52 PM: generatecontrols Started
12/28/2018 12:24:52 PM: GenerateControls:Loaded all Textbox dynamically
12/28/2018 12:24:52 PM: GenerateControls:Loaded all Textbox dynamically
12/28/2018 12:24:52 PM: GenerateControls:Loaded all Textbox dynamically
12/28/2018 12:24:52 PM: GenerateControls:Loaded all Textbox dynamically
12/28/2018 12:24:52 PM: GenerateControls:Loaded all Textbox dynamically
12/28/2018 12:24:52 PM: GenerateControls:Loaded all Textbox dynamically
12/28/2018 12:24:52 PM: GenerateControls:Loaded all Textbox dynamically
12/28/2018 12:24:52 PM: GenerateControls:Loaded all Textbox dynamically
12/28/2018 12:24:52 PM: GenerateControls:Loaded all Textbox dynamically
12/28/2018 12:24:52 PM: BindDocumentType started
12/28/2018 12:24:52 PM: BindDocumentType finished
12/28/2018 12:24:52 PM: createControls Started
12/28/2018 12:24:52 PM: createControls Loaded all Textbox dynamically
12/28/2018 12:24:52 PM: createControls Loaded all Textbox dynamically
12/28/2018 12:24:52 PM: createControls Loaded all Textbox dynamically
12/28/2018 12:24:52 PM: createControls Loaded all Textbox dynamically
12/28/2018 12:24:52 PM: createControls Loaded all Textbox dynamically
12/28/2018 12:24:52 PM: createControls Loaded all Textbox dynamically
12/28/2018 12:24:52 PM: createControls Loaded all Textbox dynamically
12/28/2018 12:24:52 PM: createControls Loaded all Textbox dynamically
12/28/2018 12:24:52 PM: createControls Loaded all Textbox dynamically
12/28/2018 12:24:52 PM: createControls Finished
12/28/2018 12:25:00 PM: GetTemplateDetails started
12/28/2018 12:25:00 PM: generatecontrols Started
12/28/2018 12:25:00 PM: GenerateControls:Loaded all Textbox dynamically
12/28/2018 12:25:00 PM: GenerateControls:Loaded all Textbox dynamically
12/28/2018 12:25:00 PM: GenerateControls:Loaded all Textbox dynamically
12/28/2018 12:25:00 PM: GenerateControls:Loaded all Textbox dynamically
12/28/2018 12:25:00 PM: GenerateControls:Loaded all Textbox dynamically
12/28/2018 12:25:00 PM: GenerateControls:Loaded all Textbox dynamically
12/28/2018 12:25:00 PM: GenerateControls:Loaded all Textbox dynamically
12/28/2018 12:25:00 PM: GenerateControls:Loaded all Textbox dynamically
12/28/2018 12:25:00 PM: GenerateControls:Loaded all Textbox dynamically
12/28/2018 12:25:00 PM: BindDocumentType started
12/28/2018 12:25:00 PM: BindDocumentType finished
12/28/2018 12:25:00 PM: createControls Started
12/28/2018 12:25:00 PM: createControls Loaded all Textbox dynamically
12/28/2018 12:25:00 PM: createControls Loaded all Textbox dynamically
12/28/2018 12:25:00 PM: createControls Loaded all Textbox dynamically
12/28/2018 12:25:00 PM: createControls Loaded all Textbox dynamically
12/28/2018 12:25:00 PM: createControls Loaded all Textbox dynamically
12/28/2018 12:25:00 PM: createControls Loaded all Textbox dynamically
12/28/2018 12:25:00 PM: createControls Loaded all Textbox dynamically
12/28/2018 12:25:00 PM: createControls Loaded all Textbox dynamically
12/28/2018 12:25:00 PM: createControls Loaded all Textbox dynamically
12/28/2018 12:25:00 PM: createControls Finished
12/28/2018 12:25:15 PM: GetTemplateDetails started
12/28/2018 12:25:15 PM: generatecontrols Started
12/28/2018 12:25:15 PM: GenerateControls:Loaded all Textbox dynamically
12/28/2018 12:25:15 PM: GenerateControls:Loaded all Textbox dynamically
12/28/2018 12:25:15 PM: GenerateControls:Loaded all Textbox dynamically
12/28/2018 12:25:15 PM: GenerateControls:Loaded all Textbox dynamically
12/28/2018 12:25:15 PM: GenerateControls:Loaded all Textbox dynamically
12/28/2018 12:25:15 PM: GenerateControls:Loaded all Textbox dynamically
12/28/2018 12:25:15 PM: GenerateControls:Loaded all Textbox dynamically
12/28/2018 12:25:15 PM: GenerateControls:Loaded all Textbox dynamically
12/28/2018 12:25:15 PM: GenerateControls:Loaded all Textbox dynamically
12/28/2018 12:25:15 PM: BindDocumentType started
12/28/2018 12:25:15 PM: BindDocumentType finished
12/28/2018 12:25:15 PM: createControls Started
12/28/2018 12:25:15 PM: createControls Loaded all Textbox dynamically
12/28/2018 12:25:15 PM: createControls Loaded all Textbox dynamically
12/28/2018 12:25:15 PM: createControls Loaded all Textbox dynamically
12/28/2018 12:25:15 PM: createControls Loaded all Textbox dynamically
12/28/2018 12:25:15 PM: createControls Loaded all Textbox dynamically
12/28/2018 12:25:15 PM: createControls Loaded all Textbox dynamically
12/28/2018 12:25:15 PM: createControls Loaded all Textbox dynamically
12/28/2018 12:25:15 PM: createControls Loaded all Textbox dynamically
12/28/2018 12:25:15 PM: createControls Loaded all Textbox dynamically
12/28/2018 12:25:15 PM: createControls Finished
12/28/2018 12:25:59 PM: GetTemplateDetails started
12/28/2018 12:25:59 PM: generatecontrols Started
12/28/2018 12:25:59 PM: GenerateControls:Loaded all Textbox dynamically
12/28/2018 12:25:59 PM: GenerateControls:Loaded all Textbox dynamically
12/28/2018 12:25:59 PM: GenerateControls:Loaded all Textbox dynamically
12/28/2018 12:25:59 PM: GenerateControls:Loaded all Textbox dynamically
12/28/2018 12:25:59 PM: GenerateControls:Loaded all Textbox dynamically
12/28/2018 12:25:59 PM: GenerateControls:Loaded all Textbox dynamically
12/28/2018 12:25:59 PM: GenerateControls:Loaded all Textbox dynamically
12/28/2018 12:25:59 PM: GenerateControls:Loaded all Textbox dynamically
12/28/2018 12:25:59 PM: GenerateControls:Loaded all Textbox dynamically
12/28/2018 12:25:59 PM: BindDocumentType started
12/28/2018 12:25:59 PM: BindDocumentType finished
12/28/2018 12:25:59 PM: createControls Started
12/28/2018 12:25:59 PM: createControls Loaded all Textbox dynamically
12/28/2018 12:25:59 PM: createControls Loaded all Textbox dynamically
12/28/2018 12:25:59 PM: createControls Loaded all Textbox dynamically
12/28/2018 12:25:59 PM: createControls Loaded all Textbox dynamically
12/28/2018 12:25:59 PM: createControls Loaded all Textbox dynamically
12/28/2018 12:25:59 PM: createControls Loaded all Textbox dynamically
12/28/2018 12:25:59 PM: createControls Loaded all Textbox dynamically
12/28/2018 12:25:59 PM: createControls Loaded all Textbox dynamically
12/28/2018 12:25:59 PM: createControls Loaded all Textbox dynamically
12/28/2018 12:25:59 PM: createControls Finished
12/28/2018 12:26:23 PM: GetTemplateDetails started
12/28/2018 12:26:23 PM: generatecontrols Started
12/28/2018 12:26:23 PM: GenerateControls:Loaded all Textbox dynamically
12/28/2018 12:26:23 PM: GenerateControls:Loaded all Textbox dynamically
12/28/2018 12:26:23 PM: GenerateControls:Loaded all Textbox dynamically
12/28/2018 12:26:23 PM: GenerateControls:Loaded all Textbox dynamically
12/28/2018 12:26:23 PM: GenerateControls:Loaded all Textbox dynamically
12/28/2018 12:26:23 PM: GenerateControls:Loaded all Textbox dynamically
12/28/2018 12:26:23 PM: GenerateControls:Loaded all Textbox dynamically
12/28/2018 12:26:23 PM: GenerateControls:Loaded all Textbox dynamically
12/28/2018 12:26:23 PM: GenerateControls:Loaded all Textbox dynamically
12/28/2018 12:26:23 PM: BindDocumentType started
12/28/2018 12:26:23 PM: BindDocumentType finished
12/28/2018 12:26:23 PM: createControls Started
12/28/2018 12:26:23 PM: createControls Loaded all Textbox dynamically
12/28/2018 12:26:23 PM: createControls Loaded all Textbox dynamically
12/28/2018 12:26:23 PM: createControls Loaded all Textbox dynamically
12/28/2018 12:26:23 PM: createControls Loaded all Textbox dynamically
12/28/2018 12:26:23 PM: createControls Loaded all Textbox dynamically
12/28/2018 12:26:23 PM: createControls Loaded all Textbox dynamically
12/28/2018 12:26:23 PM: createControls Loaded all Textbox dynamically
12/28/2018 12:26:23 PM: createControls Loaded all Textbox dynamically
12/28/2018 12:26:23 PM: createControls Loaded all Textbox dynamically
12/28/2018 12:26:23 PM: createControls Finished
12/28/2018 12:28:49 PM: GetTemplateDetails started
12/28/2018 12:28:49 PM: generatecontrols Started
12/28/2018 12:28:49 PM: GenerateControls:Loaded all Textbox dynamically
12/28/2018 12:28:49 PM: GenerateControls:Loaded all Textbox dynamically
12/28/2018 12:28:49 PM: GenerateControls:Loaded all Textbox dynamically
12/28/2018 12:28:49 PM: GenerateControls:Loaded all Textbox dynamically
12/28/2018 12:28:49 PM: GenerateControls:Loaded all Textbox dynamically
12/28/2018 12:28:49 PM: GenerateControls:Loaded all Textbox dynamically
12/28/2018 12:28:49 PM: GenerateControls:Loaded all Textbox dynamically
12/28/2018 12:28:49 PM: GenerateControls:Loaded all Textbox dynamically
12/28/2018 12:28:49 PM: GenerateControls:Loaded all Textbox dynamically
12/28/2018 12:28:49 PM: BindDocumentType started
12/28/2018 12:28:49 PM: BindDocumentType finished
12/28/2018 12:28:49 PM: createControls Started
12/28/2018 12:28:49 PM: createControls Loaded all Textbox dynamically
12/28/2018 12:28:49 PM: createControls Loaded all Textbox dynamically
12/28/2018 12:28:49 PM: createControls Loaded all Textbox dynamically
12/28/2018 12:28:49 PM: createControls Loaded all Textbox dynamically
12/28/2018 12:28:49 PM: createControls Loaded all Textbox dynamically
12/28/2018 12:28:49 PM: createControls Loaded all Textbox dynamically
12/28/2018 12:28:49 PM: createControls Loaded all Textbox dynamically
12/28/2018 12:28:49 PM: createControls Loaded all Textbox dynamically
12/28/2018 12:28:49 PM: createControls Loaded all Textbox dynamically
12/28/2018 12:28:49 PM: createControls Finished
12/28/2018 12:29:50 PM: GetTemplateDetails started
12/28/2018 12:29:50 PM: generatecontrols Started
12/28/2018 12:29:50 PM: GenerateControls:Loaded all Textbox dynamically
12/28/2018 12:29:50 PM: GenerateControls:Loaded all Textbox dynamically
12/28/2018 12:29:50 PM: GenerateControls:Loaded all Textbox dynamically
12/28/2018 12:29:50 PM: GenerateControls:Loaded all Textbox dynamically
12/28/2018 12:29:50 PM: GenerateControls:Loaded all Textbox dynamically
12/28/2018 12:29:50 PM: GenerateControls:Loaded all Textbox dynamically
12/28/2018 12:29:50 PM: GenerateControls:Loaded all Textbox dynamically
12/28/2018 12:29:50 PM: GenerateControls:Loaded all Textbox dynamically
12/28/2018 12:29:50 PM: GenerateControls:Loaded all Textbox dynamically
12/28/2018 12:29:50 PM: BindDocumentType started
12/28/2018 12:29:50 PM: BindDocumentType finished
12/28/2018 12:29:50 PM: createControls Started
12/28/2018 12:29:50 PM: createControls Loaded all Textbox dynamically
12/28/2018 12:29:50 PM: createControls Loaded all Textbox dynamically
12/28/2018 12:29:50 PM: createControls Loaded all Textbox dynamically
12/28/2018 12:29:50 PM: createControls Loaded all Textbox dynamically
12/28/2018 12:29:50 PM: createControls Loaded all Textbox dynamically
12/28/2018 12:29:50 PM: createControls Loaded all Textbox dynamically
12/28/2018 12:29:50 PM: createControls Loaded all Textbox dynamically
12/28/2018 12:29:50 PM: createControls Loaded all Textbox dynamically
12/28/2018 12:29:50 PM: createControls Loaded all Textbox dynamically
12/28/2018 12:29:50 PM: createControls Finished
12/28/2018 12:33:17 PM: GetTemplateDetails started
12/28/2018 12:33:17 PM: generatecontrols Started
12/28/2018 12:33:17 PM: GenerateControls:Loaded all Textbox dynamically
12/28/2018 12:33:17 PM: GenerateControls:Loaded all Textbox dynamically
12/28/2018 12:33:17 PM: GenerateControls:Loaded all Textbox dynamically
12/28/2018 12:33:17 PM: GenerateControls:Loaded all Textbox dynamically
12/28/2018 12:33:17 PM: GenerateControls:Loaded all Textbox dynamically
12/28/2018 12:33:17 PM: GenerateControls:Loaded all Textbox dynamically
12/28/2018 12:33:17 PM: GenerateControls:Loaded all Textbox dynamically
12/28/2018 12:33:17 PM: GenerateControls:Loaded all Textbox dynamically
12/28/2018 12:33:17 PM: GenerateControls:Loaded all Textbox dynamically
12/28/2018 12:33:17 PM: BindDocumentType started
12/28/2018 12:33:17 PM: BindDocumentType finished
12/28/2018 12:33:17 PM: createControls Started
12/28/2018 12:33:17 PM: createControls Loaded all Textbox dynamically
12/28/2018 12:33:17 PM: createControls Loaded all Textbox dynamically
12/28/2018 12:33:17 PM: createControls Loaded all Textbox dynamically
12/28/2018 12:33:17 PM: createControls Loaded all Textbox dynamically
12/28/2018 12:33:17 PM: createControls Loaded all Textbox dynamically
12/28/2018 12:33:17 PM: createControls Loaded all Textbox dynamically
12/28/2018 12:33:17 PM: createControls Loaded all Textbox dynamically
12/28/2018 12:33:17 PM: createControls Loaded all Textbox dynamically
12/28/2018 12:33:17 PM: createControls Loaded all Textbox dynamically
12/28/2018 12:33:17 PM: createControls Finished
12/28/2018 12:36:41 PM: GetTemplateDetails started
12/28/2018 12:36:41 PM: generatecontrols Started
12/28/2018 12:36:41 PM: GenerateControls:Loaded all Textbox dynamically
12/28/2018 12:36:41 PM: GenerateControls:Loaded all Textbox dynamically
12/28/2018 12:36:41 PM: GenerateControls:Loaded all Textbox dynamically
12/28/2018 12:36:41 PM: GenerateControls:Loaded all Textbox dynamically
12/28/2018 12:36:41 PM: GenerateControls:Loaded all Textbox dynamically
12/28/2018 12:36:41 PM: GenerateControls:Loaded all Textbox dynamically
12/28/2018 12:36:41 PM: GenerateControls:Loaded all Textbox dynamically
12/28/2018 12:36:41 PM: GenerateControls:Loaded all Textbox dynamically
12/28/2018 12:36:41 PM: GenerateControls:Loaded all Textbox dynamically
12/28/2018 12:36:41 PM: BindDocumentType started
12/28/2018 12:36:41 PM: BindDocumentType finished
12/28/2018 12:36:41 PM: createControls Started
12/28/2018 12:36:41 PM: createControls Loaded all Textbox dynamically
12/28/2018 12:36:41 PM: createControls Loaded all Textbox dynamically
12/28/2018 12:36:41 PM: createControls Loaded all Textbox dynamically
12/28/2018 12:36:41 PM: createControls Loaded all Textbox dynamically
12/28/2018 12:36:41 PM: createControls Loaded all Textbox dynamically
12/28/2018 12:36:41 PM: createControls Loaded all Textbox dynamically
12/28/2018 12:36:41 PM: createControls Loaded all Textbox dynamically
12/28/2018 12:36:41 PM: createControls Loaded all Textbox dynamically
12/28/2018 12:36:41 PM: createControls Loaded all Textbox dynamically
12/28/2018 12:36:41 PM: createControls Finished
12/28/2018 12:41:22 PM: GetTemplateDetails started
12/28/2018 12:41:22 PM: generatecontrols Started
12/28/2018 12:41:22 PM: GenerateControls:Loaded all Textbox dynamically
12/28/2018 12:41:22 PM: GenerateControls:Loaded all Textbox dynamically
12/28/2018 12:41:22 PM: GenerateControls:Loaded all Textbox dynamically
12/28/2018 12:41:22 PM: GenerateControls:Loaded all Textbox dynamically
12/28/2018 12:41:22 PM: GenerateControls:Loaded all Textbox dynamically
12/28/2018 12:41:22 PM: GenerateControls:Loaded all Textbox dynamically
12/28/2018 12:41:22 PM: GenerateControls:Loaded all Textbox dynamically
12/28/2018 12:41:22 PM: GenerateControls:Loaded all Textbox dynamically
12/28/2018 12:41:22 PM: GenerateControls:Loaded all Textbox dynamically
12/28/2018 12:41:22 PM: BindDocumentType started
12/28/2018 12:41:22 PM: BindDocumentType finished
12/28/2018 12:41:22 PM: createControls Started
12/28/2018 12:41:23 PM: createControls Loaded all Textbox dynamically
12/28/2018 12:41:23 PM: createControls Loaded all Textbox dynamically
12/28/2018 12:41:23 PM: createControls Loaded all Textbox dynamically
12/28/2018 12:41:23 PM: createControls Loaded all Textbox dynamically
12/28/2018 12:41:23 PM: createControls Loaded all Textbox dynamically
12/28/2018 12:41:23 PM: createControls Loaded all Textbox dynamically
12/28/2018 12:41:23 PM: createControls Loaded all Textbox dynamically
12/28/2018 12:41:23 PM: createControls Loaded all Textbox dynamically
12/28/2018 12:41:23 PM: createControls Loaded all Textbox dynamically
12/28/2018 12:41:23 PM: createControls Finished
12/28/2018 12:41:39 PM: GetTemplateDetails started
12/28/2018 12:41:39 PM: generatecontrols Started
12/28/2018 12:41:39 PM: GenerateControls:Loaded all Textbox dynamically
12/28/2018 12:41:39 PM: GenerateControls:Loaded all Textbox dynamically
12/28/2018 12:41:39 PM: GenerateControls:Loaded all Textbox dynamically
12/28/2018 12:41:39 PM: GenerateControls:Loaded all Textbox dynamically
12/28/2018 12:41:39 PM: GenerateControls:Loaded all Textbox dynamically
12/28/2018 12:41:39 PM: GenerateControls:Loaded all Textbox dynamically
12/28/2018 12:41:39 PM: GenerateControls:Loaded all Textbox dynamically
12/28/2018 12:41:39 PM: GenerateControls:Loaded all Textbox dynamically
12/28/2018 12:41:39 PM: GenerateControls:Loaded all Textbox dynamically
12/28/2018 12:41:39 PM: BindDocumentType started
12/28/2018 12:41:39 PM: BindDocumentType finished
12/28/2018 12:41:39 PM: createControls Started
12/28/2018 12:41:39 PM: createControls Loaded all Textbox dynamically
12/28/2018 12:41:39 PM: createControls Loaded all Textbox dynamically
12/28/2018 12:41:39 PM: createControls Loaded all Textbox dynamically
12/28/2018 12:41:39 PM: createControls Loaded all Textbox dynamically
12/28/2018 12:41:39 PM: createControls Loaded all Textbox dynamically
12/28/2018 12:41:39 PM: createControls Loaded all Textbox dynamically
12/28/2018 12:41:39 PM: createControls Loaded all Textbox dynamically
12/28/2018 12:41:39 PM: createControls Loaded all Textbox dynamically
12/28/2018 12:41:39 PM: createControls Loaded all Textbox dynamically
12/28/2018 12:41:39 PM: createControls Finished
12/28/2018 12:42:03 PM: GetTemplateDetails started
12/28/2018 12:42:03 PM: generatecontrols Started
12/28/2018 12:42:03 PM: GenerateControls:Loaded all Textbox dynamically
12/28/2018 12:42:03 PM: GenerateControls:Loaded all Textbox dynamically
12/28/2018 12:42:03 PM: GenerateControls:Loaded all Textbox dynamically
12/28/2018 12:42:03 PM: GenerateControls:Loaded all Textbox dynamically
12/28/2018 12:42:03 PM: GenerateControls:Loaded all Textbox dynamically
12/28/2018 12:42:03 PM: GenerateControls:Loaded all Textbox dynamically
12/28/2018 12:42:03 PM: GenerateControls:Loaded all Textbox dynamically
12/28/2018 12:42:03 PM: GenerateControls:Loaded all Textbox dynamically
12/28/2018 12:42:03 PM: GenerateControls:Loaded all Textbox dynamically
12/28/2018 12:42:03 PM: BindDocumentType started
12/28/2018 12:42:03 PM: BindDocumentType finished
12/28/2018 12:42:03 PM: createControls Started
12/28/2018 12:42:03 PM: createControls Loaded all Textbox dynamically
12/28/2018 12:42:03 PM: createControls Loaded all Textbox dynamically
12/28/2018 12:42:03 PM: createControls Loaded all Textbox dynamically
12/28/2018 12:42:03 PM: createControls Loaded all Textbox dynamically
12/28/2018 12:42:03 PM: createControls Loaded all Textbox dynamically
12/28/2018 12:42:03 PM: createControls Loaded all Textbox dynamically
12/28/2018 12:42:03 PM: createControls Loaded all Textbox dynamically
12/28/2018 12:42:03 PM: createControls Loaded all Textbox dynamically
12/28/2018 12:42:03 PM: createControls Loaded all Textbox dynamically
12/28/2018 12:42:03 PM: createControls Finished
12/28/2018 12:46:14 PM: GetTemplateDetails started
12/28/2018 12:46:14 PM: generatecontrols Started
12/28/2018 12:46:14 PM: GenerateControls:Loaded all Textbox dynamically
12/28/2018 12:46:14 PM: GenerateControls:Loaded all Textbox dynamically
12/28/2018 12:46:14 PM: GenerateControls:Loaded all Textbox dynamically
12/28/2018 12:46:14 PM: GenerateControls:Loaded all Textbox dynamically
12/28/2018 12:46:14 PM: GenerateControls:Loaded all Textbox dynamically
12/28/2018 12:46:14 PM: GenerateControls:Loaded all Textbox dynamically
12/28/2018 12:46:14 PM: GenerateControls:Loaded all Textbox dynamically
12/28/2018 12:46:14 PM: GenerateControls:Loaded all Textbox dynamically
12/28/2018 12:46:14 PM: GenerateControls:Loaded all Textbox dynamically
12/28/2018 12:46:14 PM: BindDocumentType started
12/28/2018 12:46:14 PM: BindDocumentType finished
12/28/2018 12:46:14 PM: createControls Started
12/28/2018 12:46:14 PM: createControls Loaded all Textbox dynamically
12/28/2018 12:46:14 PM: createControls Loaded all Textbox dynamically
12/28/2018 12:46:14 PM: createControls Loaded all Textbox dynamically
12/28/2018 12:46:14 PM: createControls Loaded all Textbox dynamically
12/28/2018 12:46:14 PM: createControls Loaded all Textbox dynamically
12/28/2018 12:46:14 PM: createControls Loaded all Textbox dynamically
12/28/2018 12:46:14 PM: createControls Loaded all Textbox dynamically
12/28/2018 12:46:14 PM: createControls Loaded all Textbox dynamically
12/28/2018 12:46:14 PM: createControls Loaded all Textbox dynamically
12/28/2018 12:46:14 PM: createControls Finished
12/28/2018 12:48:30 PM: GetTemplateDetails started
12/28/2018 12:48:30 PM: generatecontrols Started
12/28/2018 12:48:30 PM: GenerateControls:Loaded all Textbox dynamically
12/28/2018 12:48:30 PM: GenerateControls:Loaded all Textbox dynamically
12/28/2018 12:48:30 PM: GenerateControls:Loaded all Textbox dynamically
12/28/2018 12:48:30 PM: GenerateControls:Loaded all Textbox dynamically
12/28/2018 12:48:30 PM: GenerateControls:Loaded all Textbox dynamically
12/28/2018 12:48:30 PM: GenerateControls:Loaded all Textbox dynamically
12/28/2018 12:48:30 PM: GenerateControls:Loaded all Textbox dynamically
12/28/2018 12:48:30 PM: GenerateControls:Loaded all Textbox dynamically
12/28/2018 12:48:30 PM: GenerateControls:Loaded all Textbox dynamically
12/28/2018 12:48:30 PM: BindDocumentType started
12/28/2018 12:48:30 PM: BindDocumentType finished
12/28/2018 12:48:30 PM: createControls Started
12/28/2018 12:48:30 PM: createControls Loaded all Textbox dynamically
12/28/2018 12:48:30 PM: createControls Loaded all Textbox dynamically
12/28/2018 12:48:30 PM: createControls Loaded all Textbox dynamically
12/28/2018 12:48:30 PM: createControls Loaded all Textbox dynamically
12/28/2018 12:48:30 PM: createControls Loaded all Textbox dynamically
12/28/2018 12:48:30 PM: createControls Loaded all Textbox dynamically
12/28/2018 12:48:30 PM: createControls Loaded all Textbox dynamically
12/28/2018 12:48:30 PM: createControls Loaded all Textbox dynamically
12/28/2018 12:48:30 PM: createControls Loaded all Textbox dynamically
12/28/2018 12:48:30 PM: createControls Finished
12/28/2018 12:49:39 PM: GetTemplateDetails started
12/28/2018 12:49:39 PM: generatecontrols Started
12/28/2018 12:49:39 PM: GenerateControls:Loaded all Textbox dynamically
12/28/2018 12:49:39 PM: GenerateControls:Loaded all Textbox dynamically
12/28/2018 12:49:39 PM: GenerateControls:Loaded all Textbox dynamically
12/28/2018 12:49:39 PM: GenerateControls:Loaded all Textbox dynamically
12/28/2018 12:49:39 PM: GenerateControls:Loaded all Textbox dynamically
12/28/2018 12:49:39 PM: GenerateControls:Loaded all Textbox dynamically
12/28/2018 12:49:39 PM: GenerateControls:Loaded all Textbox dynamically
12/28/2018 12:49:39 PM: GenerateControls:Loaded all Textbox dynamically
12/28/2018 12:49:39 PM: GenerateControls:Loaded all Textbox dynamically
12/28/2018 12:49:39 PM: BindDocumentType started
12/28/2018 12:49:39 PM: BindDocumentType finished
12/28/2018 12:49:39 PM: createControls Started
12/28/2018 12:49:39 PM: createControls Loaded all Textbox dynamically
12/28/2018 12:49:39 PM: createControls Loaded all Textbox dynamically
12/28/2018 12:49:39 PM: createControls Loaded all Textbox dynamically
12/28/2018 12:49:39 PM: createControls Loaded all Textbox dynamically
12/28/2018 12:49:39 PM: createControls Loaded all Textbox dynamically
12/28/2018 12:49:39 PM: createControls Loaded all Textbox dynamically
12/28/2018 12:49:39 PM: createControls Loaded all Textbox dynamically
12/28/2018 12:49:39 PM: createControls Loaded all Textbox dynamically
12/28/2018 12:49:39 PM: createControls Loaded all Textbox dynamically
12/28/2018 12:49:39 PM: createControls Finished
12/28/2018 12:50:40 PM: GetTemplateDetails started
12/28/2018 12:50:41 PM: generatecontrols Started
12/28/2018 12:50:41 PM: GenerateControls:Loaded all Textbox dynamically
12/28/2018 12:50:41 PM: GenerateControls:Loaded all Textbox dynamically
12/28/2018 12:50:41 PM: GenerateControls:Loaded all Textbox dynamically
12/28/2018 12:50:41 PM: GenerateControls:Loaded all Textbox dynamically
12/28/2018 12:50:41 PM: GenerateControls:Loaded all Textbox dynamically
12/28/2018 12:50:41 PM: GenerateControls:Loaded all Textbox dynamically
12/28/2018 12:50:41 PM: GenerateControls:Loaded all Textbox dynamically
12/28/2018 12:50:41 PM: GenerateControls:Loaded all Textbox dynamically
12/28/2018 12:50:41 PM: GenerateControls:Loaded all Textbox dynamically
12/28/2018 12:50:41 PM: BindDocumentType started
12/28/2018 12:50:41 PM: BindDocumentType finished
12/28/2018 12:50:41 PM: createControls Started
12/28/2018 12:50:41 PM: createControls Loaded all Textbox dynamically
12/28/2018 12:50:41 PM: createControls Loaded all Textbox dynamically
12/28/2018 12:50:41 PM: createControls Loaded all Textbox dynamically
12/28/2018 12:50:41 PM: createControls Loaded all Textbox dynamically
12/28/2018 12:50:41 PM: createControls Loaded all Textbox dynamically
12/28/2018 12:50:41 PM: createControls Loaded all Textbox dynamically
12/28/2018 12:50:41 PM: createControls Loaded all Textbox dynamically
12/28/2018 12:50:41 PM: createControls Loaded all Textbox dynamically
12/28/2018 12:50:41 PM: createControls Loaded all Textbox dynamically
12/28/2018 12:50:41 PM: createControls Finished
12/28/2018 12:53:32 PM: GetTemplateDetails started
12/28/2018 12:53:32 PM: generatecontrols Started
12/28/2018 12:53:32 PM: GenerateControls:Loaded all Textbox dynamically
12/28/2018 12:53:32 PM: GenerateControls:Loaded all Textbox dynamically
12/28/2018 12:53:32 PM: GenerateControls:Loaded all Textbox dynamically
12/28/2018 12:53:32 PM: GenerateControls:Loaded all Textbox dynamically
12/28/2018 12:53:32 PM: GenerateControls:Loaded all Textbox dynamically
12/28/2018 12:53:32 PM: GenerateControls:Loaded all Textbox dynamically
12/28/2018 12:53:32 PM: GenerateControls:Loaded all Textbox dynamically
12/28/2018 12:53:32 PM: GenerateControls:Loaded all Textbox dynamically
12/28/2018 12:53:32 PM: GenerateControls:Loaded all Textbox dynamically
12/28/2018 12:53:32 PM: BindDocumentType started
12/28/2018 12:53:32 PM: BindDocumentType finished
12/28/2018 12:53:32 PM: createControls Started
12/28/2018 12:53:32 PM: createControls Loaded all Textbox dynamically
12/28/2018 12:53:32 PM: createControls Loaded all Textbox dynamically
12/28/2018 12:53:32 PM: createControls Loaded all Textbox dynamically
12/28/2018 12:53:32 PM: createControls Loaded all Textbox dynamically
12/28/2018 12:53:32 PM: createControls Loaded all Textbox dynamically
12/28/2018 12:53:32 PM: createControls Loaded all Textbox dynamically
12/28/2018 12:53:32 PM: createControls Loaded all Textbox dynamically
12/28/2018 12:53:32 PM: createControls Loaded all Textbox dynamically
12/28/2018 12:53:32 PM: createControls Loaded all Textbox dynamically
12/28/2018 12:53:32 PM: createControls Finished
12/28/2018 12:54:07 PM: createControls Started
12/28/2018 12:54:07 PM: createControls Loaded all Textbox dynamically
12/28/2018 12:54:07 PM: createControls Loaded all Textbox dynamically
12/28/2018 12:54:07 PM: createControls Loaded all Textbox dynamically
12/28/2018 12:54:07 PM: createControls Loaded all Textbox dynamically
12/28/2018 12:54:07 PM: createControls Loaded all Textbox dynamically
12/28/2018 12:54:07 PM: createControls Loaded all Textbox dynamically
12/28/2018 12:54:07 PM: createControls Loaded all Textbox dynamically
12/28/2018 12:54:07 PM: createControls Loaded all Textbox dynamically
12/28/2018 12:54:07 PM: createControls Loaded all Textbox dynamically
12/28/2018 12:54:07 PM: createControls Finished
12/28/2018 12:55:01 PM: GetTemplateDetails started
12/28/2018 12:55:01 PM: generatecontrols Started
12/28/2018 12:55:01 PM: GenerateControls:Loaded all Textbox dynamically
12/28/2018 12:55:01 PM: GenerateControls:Loaded all Textbox dynamically
12/28/2018 12:55:01 PM: GenerateControls:Loaded all Textbox dynamically
12/28/2018 12:55:01 PM: GenerateControls:Loaded all Textbox dynamically
12/28/2018 12:55:01 PM: GenerateControls:Loaded all Textbox dynamically
12/28/2018 12:55:01 PM: GenerateControls:Loaded all Textbox dynamically
12/28/2018 12:55:01 PM: GenerateControls:Loaded all Textbox dynamically
12/28/2018 12:55:01 PM: GenerateControls:Loaded all Textbox dynamically
12/28/2018 12:55:01 PM: GenerateControls:Loaded all Textbox dynamically
12/28/2018 12:55:01 PM: BindDocumentType started
12/28/2018 12:55:01 PM: BindDocumentType finished
12/28/2018 12:55:01 PM: createControls Started
12/28/2018 12:55:01 PM: createControls Loaded all Textbox dynamically
12/28/2018 12:55:01 PM: createControls Loaded all Textbox dynamically
12/28/2018 12:55:01 PM: createControls Loaded all Textbox dynamically
12/28/2018 12:55:01 PM: createControls Loaded all Textbox dynamically
12/28/2018 12:55:01 PM: createControls Loaded all Textbox dynamically
12/28/2018 12:55:01 PM: createControls Loaded all Textbox dynamically
12/28/2018 12:55:01 PM: createControls Loaded all Textbox dynamically
12/28/2018 12:55:01 PM: createControls Loaded all Textbox dynamically
12/28/2018 12:55:01 PM: createControls Loaded all Textbox dynamically
12/28/2018 12:55:01 PM: createControls Finished
12/28/2018 12:55:04 PM: createControls Started
12/28/2018 12:55:04 PM: createControls Loaded all Textbox dynamically
12/28/2018 12:55:04 PM: createControls Loaded all Textbox dynamically
12/28/2018 12:55:04 PM: createControls Loaded all Textbox dynamically
12/28/2018 12:55:04 PM: createControls Loaded all Textbox dynamically
12/28/2018 12:55:04 PM: createControls Loaded all Textbox dynamically
12/28/2018 12:55:04 PM: createControls Loaded all Textbox dynamically
12/28/2018 12:55:04 PM: createControls Loaded all Textbox dynamically
12/28/2018 12:55:04 PM: createControls Loaded all Textbox dynamically
12/28/2018 12:55:04 PM: createControls Loaded all Textbox dynamically
12/28/2018 12:55:04 PM: createControls Finished
