8/1/2018 12:35:04 PM: BindDocumentType started
8/1/2018 12:35:04 PM: BindDocumentType finished
8/1/2018 12:35:07 PM: createControls Started
8/1/2018 12:35:07 PM: createControls Loaded all Textbox dynamically
8/1/2018 12:35:07 PM: createControls Loaded all Textbox dynamically
8/1/2018 12:35:07 PM: createControls Loaded all Textbox dynamically
8/1/2018 12:35:07 PM: createControls Loaded all Textbox dynamically
8/1/2018 12:35:07 PM: createControls Loaded all Textbox dynamically
8/1/2018 12:35:07 PM: createControls Loaded all Textbox dynamically
8/1/2018 12:35:07 PM: createControls Loaded all Textbox dynamically
8/1/2018 12:35:07 PM: createControls Loaded all Textbox dynamically
8/1/2018 12:35:07 PM: createControls Loaded all Textbox dynamically
8/1/2018 12:35:07 PM: createControls Finished
8/1/2018 12:35:07 PM: GetTemplateDetails started
8/1/2018 12:35:07 PM: generatecontrols Started
8/1/2018 12:35:07 PM: GenerateControls:Loaded all Textbox dynamically
8/1/2018 12:35:07 PM: GenerateControls:Loaded all Textbox dynamically
8/1/2018 12:35:07 PM: GenerateControls:Loaded all Textbox dynamically
8/1/2018 12:35:07 PM: GenerateControls:Loaded all Textbox dynamically
8/1/2018 12:35:07 PM: GenerateControls:Loaded all Textbox dynamically
8/1/2018 12:35:07 PM: GenerateControls:Loaded all Textbox dynamically
8/1/2018 12:35:07 PM: GenerateControls:Loaded all Textbox dynamically
8/1/2018 12:35:07 PM: GenerateControls:Loaded all Textbox dynamically
8/1/2018 12:35:07 PM: GenerateControls:Loaded all Textbox dynamically
8/1/2018 12:35:20 PM: createControls Started
8/1/2018 12:35:20 PM: createControls Loaded all Textbox dynamically
8/1/2018 12:35:20 PM: createControls Loaded all Textbox dynamically
8/1/2018 12:35:20 PM: createControls Loaded all Textbox dynamically
8/1/2018 12:35:20 PM: createControls Loaded all Textbox dynamically
8/1/2018 12:35:20 PM: createControls Loaded all Textbox dynamically
8/1/2018 12:35:20 PM: createControls Loaded all Textbox dynamically
8/1/2018 12:35:20 PM: createControls Loaded all Textbox dynamically
8/1/2018 12:35:20 PM: createControls Loaded all Textbox dynamically
8/1/2018 12:35:20 PM: createControls Loaded all Textbox dynamically
8/1/2018 12:35:20 PM: createControls Finished
8/1/2018 12:35:20 PM: Started Loading Entity Drop Down
8/1/2018 12:35:25 PM: Finished Loading Entity Drop Down
8/1/2018 12:36:18 PM: BindDocumentType started
8/1/2018 12:36:18 PM: BindDocumentType finished
8/1/2018 12:36:22 PM: createControls Started
8/1/2018 12:36:22 PM: createControls Loaded all Textbox dynamically
8/1/2018 12:36:22 PM: createControls Loaded all Textbox dynamically
8/1/2018 12:36:22 PM: createControls Loaded all Textbox dynamically
8/1/2018 12:36:22 PM: createControls Loaded all Textbox dynamically
8/1/2018 12:36:22 PM: createControls Loaded all Textbox dynamically
8/1/2018 12:36:22 PM: createControls Loaded all Textbox dynamically
8/1/2018 12:36:22 PM: createControls Loaded all Textbox dynamically
8/1/2018 12:36:22 PM: createControls Loaded all Textbox dynamically
8/1/2018 12:36:22 PM: createControls Loaded all Textbox dynamically
8/1/2018 12:36:22 PM: createControls Finished
8/1/2018 12:36:22 PM: GetTemplateDetails started
8/1/2018 12:36:22 PM: generatecontrols Started
8/1/2018 12:36:22 PM: GenerateControls:Loaded all Textbox dynamically
8/1/2018 12:36:22 PM: GenerateControls:Loaded all Textbox dynamically
8/1/2018 12:36:22 PM: GenerateControls:Loaded all Textbox dynamically
8/1/2018 12:36:22 PM: GenerateControls:Loaded all Textbox dynamically
8/1/2018 12:36:22 PM: GenerateControls:Loaded all Textbox dynamically
8/1/2018 12:36:22 PM: GenerateControls:Loaded all Textbox dynamically
8/1/2018 12:36:22 PM: GenerateControls:Loaded all Textbox dynamically
8/1/2018 12:36:22 PM: GenerateControls:Loaded all Textbox dynamically
8/1/2018 12:36:22 PM: GenerateControls:Loaded all Textbox dynamically
8/1/2018 12:36:23 PM: createControls Started
8/1/2018 12:36:23 PM: createControls Finished
8/1/2018 12:36:25 PM: createControls Started
8/1/2018 12:36:25 PM: createControls Loaded all Textbox dynamically
8/1/2018 12:36:25 PM: createControls Loaded all Textbox dynamically
8/1/2018 12:36:25 PM: createControls Finished
8/1/2018 12:36:25 PM: GetTemplateDetails started
8/1/2018 12:36:25 PM: generatecontrols Started
8/1/2018 12:36:25 PM: GenerateControls:Loaded all Textbox dynamically
8/1/2018 12:36:25 PM: GenerateControls:Loaded all Textbox dynamically
8/1/2018 12:36:30 PM: BindDocumentType started
8/1/2018 12:36:30 PM: BindDocumentType finished
8/1/2018 12:37:29 PM: createControls Started
8/1/2018 12:37:29 PM: createControls Loaded all Textbox dynamically
8/1/2018 12:37:29 PM: createControls Loaded all Textbox dynamically
8/1/2018 12:37:29 PM: createControls Finished
8/1/2018 12:37:29 PM: Started Loading Entity Drop Down
8/1/2018 12:37:48 PM: Finished Loading Entity Drop Down
8/1/2018 12:39:16 PM: BindDocumentType started
8/1/2018 12:39:16 PM: BindDocumentType finished
8/1/2018 12:39:20 PM: createControls Started
8/1/2018 12:39:20 PM: createControls Loaded all Textbox dynamically
8/1/2018 12:39:20 PM: createControls Loaded all Textbox dynamically
8/1/2018 12:39:20 PM: createControls Finished
8/1/2018 12:39:20 PM: GetTemplateDetails started
8/1/2018 12:39:20 PM: generatecontrols Started
8/1/2018 12:39:20 PM: GenerateControls:Loaded all Textbox dynamically
8/1/2018 12:39:20 PM: GenerateControls:Loaded all Textbox dynamically
8/1/2018 12:39:22 PM: createControls Started
8/1/2018 12:39:22 PM: createControls Loaded all Textbox dynamically
8/1/2018 12:39:22 PM: createControls Loaded all Textbox dynamically
8/1/2018 12:39:22 PM: createControls Finished
8/1/2018 12:39:22 PM: Started Loading Entity Drop Down
8/1/2018 12:41:25 PM: Finished Loading Entity Drop Down
8/1/2018 12:41:34 PM: createControls Started
8/1/2018 12:41:34 PM: createControls Loaded all Textbox dynamically
8/1/2018 12:41:34 PM: createControls Loaded all Textbox dynamically
8/1/2018 12:41:34 PM: createControls Finished
8/1/2018 12:41:34 PM: Started Loading Entity Drop Down
8/1/2018 12:42:55 PM: Finished Loading Entity Drop Down
8/1/2018 12:54:22 PM: BindDocumentType started
8/1/2018 12:54:22 PM: BindDocumentType finished
8/1/2018 12:54:25 PM: createControls Started
8/1/2018 12:54:25 PM: createControls Loaded all Textbox dynamically
8/1/2018 12:54:25 PM: createControls Loaded all Textbox dynamically
8/1/2018 12:54:25 PM: createControls Finished
8/1/2018 12:54:25 PM: GetTemplateDetails started
8/1/2018 12:54:25 PM: generatecontrols Started
8/1/2018 12:54:26 PM: GenerateControls:Loaded all Textbox dynamically
8/1/2018 12:54:26 PM: GenerateControls:Loaded all Textbox dynamically
8/1/2018 12:54:28 PM: createControls Started
8/1/2018 12:54:28 PM: createControls Loaded all Textbox dynamically
8/1/2018 12:54:28 PM: createControls Loaded all Textbox dynamically
8/1/2018 12:54:28 PM: createControls Finished
8/1/2018 12:54:28 PM: Started Loading Entity Drop Down
8/1/2018 12:54:59 PM: Finished Loading Entity Drop Down
8/1/2018 12:55:13 PM: GetSginatureDetails Started:-
8/1/2018 12:55:13 PM: GetSginatureDetails Completed:-
8/1/2018 12:55:13 PM: GetTemplateDetails Started
8/1/2018 12:55:13 PM: GetTemplateDetails total record count:1
8/1/2018 12:55:13 PM: Create controls,Load all Textbox dynamic
8/1/2018 12:55:13 PM: Create controls,Load all Textbox dynamic
8/1/2018 12:55:13 PM: GetTemplateDetails Finished
8/1/2018 12:55:13 PM: InitializeDocumentView started
8/1/2018 12:55:13 PM: InitializeDocumentView finished
8/1/2018 12:55:13 PM: Calling database to get annotated images. DocumentId: 1228, Action: GetAnnotatedPages
8/1/2018 12:55:13 PM: Calling database to get annotated images. DocumentId: 1228, Action: GetTaggedPages
8/1/2018 12:55:14 PM: LoadImageToViewer started
8/1/2018 12:55:14 PM: Setting image to viewer. Action:  Page count: 0 Current Page:1
8/1/2018 12:55:14 PM: MailPanelFill started
8/1/2018 12:55:14 PM: MailPanelFill finished
8/1/2018 12:55:41 PM: GetTemplateDetails Started
8/1/2018 12:55:41 PM: GetTemplateDetails total record count:1
8/1/2018 12:55:41 PM: Create controls,Load all Textbox dynamic
8/1/2018 12:55:41 PM: Create controls,Load all Textbox dynamic
8/1/2018 12:55:41 PM: GetTemplateDetails Finished
8/1/2018 12:55:41 PM: btnDelete_Click1 Started
8/1/2018 12:56:04 PM: createControls Started
8/1/2018 12:56:04 PM: createControls Loaded all Textbox dynamically
8/1/2018 12:56:04 PM: createControls Loaded all Textbox dynamically
8/1/2018 12:56:04 PM: createControls Finished
8/1/2018 12:56:04 PM: Started Loading Entity Drop Down
8/1/2018 12:56:06 PM: Finished Loading Entity Drop Down
8/1/2018 12:56:13 PM: createControls Started
8/1/2018 12:56:13 PM: createControls Loaded all Textbox dynamically
8/1/2018 12:56:13 PM: createControls Loaded all Textbox dynamically
8/1/2018 12:56:13 PM: createControls Finished
8/1/2018 12:56:13 PM: Started Loading Entity Drop Down
8/1/2018 12:57:33 PM: Finished Loading Entity Drop Down
8/1/2018 1:00:45 PM: GetSginatureDetails Started:-
8/1/2018 1:00:45 PM: GetSginatureDetails Completed:-
8/1/2018 1:00:45 PM: GetTemplateDetails Started
8/1/2018 1:00:45 PM: GetTemplateDetails total record count:1
8/1/2018 1:00:45 PM: Create controls,Load all Textbox dynamic
8/1/2018 1:00:45 PM: Create controls,Load all Textbox dynamic
8/1/2018 1:00:45 PM: GetTemplateDetails Finished
8/1/2018 1:00:45 PM: InitializeDocumentView started
8/1/2018 1:00:45 PM: InitializeDocumentView finished
8/1/2018 1:00:45 PM: Calling database to get annotated images. DocumentId: 1229, Action: GetAnnotatedPages
8/1/2018 1:00:45 PM: Calling database to get annotated images. DocumentId: 1229, Action: GetTaggedPages
8/1/2018 1:00:45 PM: LoadImageToViewer started
8/1/2018 1:00:45 PM: Setting image to viewer. Action:  Page count: 0 Current Page:1
8/1/2018 1:00:45 PM: MailPanelFill started
8/1/2018 1:00:45 PM: MailPanelFill finished
