1/6/2018 11:27:23 AM: BindDocumentType started
1/6/2018 11:27:23 AM: BindDocumentType finished
1/6/2018 11:27:27 AM: createControls Started
1/6/2018 11:27:27 AM: createControls Loaded all Textbox dynamically
1/6/2018 11:27:27 AM: createControls Loaded all Textbox dynamically
1/6/2018 11:27:27 AM: createControls Finished
1/6/2018 11:27:27 AM: GetTemplateDetails started
1/6/2018 11:27:27 AM: generatecontrols Started
1/6/2018 11:27:27 AM: GenerateControls:Loaded all Textbox dynamically
1/6/2018 11:27:27 AM: GenerateControls:Loaded all Textbox dynamically
1/6/2018 11:28:23 AM: createControls Started
1/6/2018 11:28:23 AM: createControls Loaded all Textbox dynamically
1/6/2018 11:28:23 AM: createControls Loaded all Textbox dynamically
1/6/2018 11:28:23 AM: createControls Finished
1/6/2018 11:28:24 AM: Started Loading Entity Drop Down
1/6/2018 11:28:24 AM: Finished Loading Entity Drop Down
1/6/2018 11:28:34 AM: GetSginatureDetails Started:-
1/6/2018 11:28:34 AM: GetSginatureDetails Completed:-
1/6/2018 11:28:38 AM: GetTemplateDetails Started
1/6/2018 11:28:38 AM: GetTemplateDetails Finished
1/6/2018 11:28:38 AM: BindDocumentType started
1/6/2018 11:28:38 AM: BindDocumentType finished
1/6/2018 11:28:38 AM: GetTemplateDetails started
1/6/2018 11:28:38 AM: GetTemplateDetails started
1/6/2018 11:28:38 AM: createControls Started
1/6/2018 11:28:38 AM: createControls Loaded all Textbox dynamically
1/6/2018 11:28:38 AM: createControls Loaded all Textbox dynamically
1/6/2018 11:28:38 AM: createControls Finished
1/6/2018 11:28:38 AM: Started Loading Entity Drop Down
1/6/2018 11:28:38 AM: Finished Loading Entity Drop Down
1/6/2018 11:28:45 AM: createControls Started
1/6/2018 11:28:45 AM: createControls Loaded all Textbox dynamically
1/6/2018 11:28:45 AM: createControls Loaded all Textbox dynamically
1/6/2018 11:28:45 AM: createControls Finished
1/6/2018 11:28:46 AM: Started Loading Entity Drop Down
1/6/2018 11:28:46 AM: Finished Loading Entity Drop Down
1/6/2018 11:29:08 AM: BindDocumentType started
1/6/2018 11:29:08 AM: BindDocumentType finished
1/6/2018 11:29:10 AM: createControls Started
1/6/2018 11:29:10 AM: createControls Loaded all Textbox dynamically
1/6/2018 11:29:10 AM: createControls Loaded all Textbox dynamically
1/6/2018 11:29:10 AM: createControls Finished
1/6/2018 11:29:10 AM: GetTemplateDetails started
1/6/2018 11:29:10 AM: generatecontrols Started
1/6/2018 11:29:10 AM: GenerateControls:Loaded all Textbox dynamically
1/6/2018 11:29:10 AM: GenerateControls:Loaded all Textbox dynamically
1/6/2018 11:29:16 AM: createControls Started
1/6/2018 11:29:16 AM: createControls Loaded all Textbox dynamically
1/6/2018 11:29:16 AM: createControls Loaded all Textbox dynamically
1/6/2018 11:29:16 AM: createControls Finished
1/6/2018 11:29:16 AM: Started Loading Entity Drop Down
1/6/2018 11:29:16 AM: Finished Loading Entity Drop Down
1/6/2018 11:29:30 AM: BindDocumentType started
1/6/2018 11:29:30 AM: BindDocumentType finished
1/6/2018 11:29:33 AM: createControls Started
1/6/2018 11:29:33 AM: createControls Loaded all Textbox dynamically
1/6/2018 11:29:33 AM: createControls Loaded all Textbox dynamically
1/6/2018 11:29:33 AM: createControls Finished
1/6/2018 11:29:33 AM: GetTemplateDetails started
1/6/2018 11:29:33 AM: generatecontrols Started
1/6/2018 11:29:33 AM: GenerateControls:Loaded all Textbox dynamically
1/6/2018 11:29:33 AM: GenerateControls:Loaded all Textbox dynamically
1/6/2018 11:29:38 AM: createControls Started
1/6/2018 11:29:38 AM: createControls Loaded all Textbox dynamically
1/6/2018 11:29:38 AM: createControls Loaded all Textbox dynamically
1/6/2018 11:29:38 AM: createControls Finished
1/6/2018 11:29:38 AM: Started Loading Entity Drop Down
1/6/2018 11:29:38 AM: Finished Loading Entity Drop Down
1/6/2018 11:29:41 AM: GetSginatureDetails Started:-
1/6/2018 11:29:41 AM: GetSginatureDetails Completed:-
1/6/2018 11:29:43 AM: GetTemplateDetails Started
1/6/2018 11:29:43 AM: GetTemplateDetails Finished
1/6/2018 11:29:43 AM: BindDocumentType started
1/6/2018 11:29:43 AM: BindDocumentType finished
1/6/2018 11:29:43 AM: GetTemplateDetails started
1/6/2018 11:29:43 AM: GetTemplateDetails started
1/6/2018 11:29:43 AM: createControls Started
1/6/2018 11:29:43 AM: createControls Loaded all Textbox dynamically
1/6/2018 11:29:43 AM: createControls Loaded all Textbox dynamically
1/6/2018 11:29:43 AM: createControls Finished
1/6/2018 11:29:43 AM: Started Loading Entity Drop Down
1/6/2018 11:29:43 AM: Finished Loading Entity Drop Down
1/6/2018 11:30:52 AM: createControls Started
1/6/2018 11:30:52 AM: createControls Loaded all Textbox dynamically
1/6/2018 11:30:52 AM: createControls Loaded all Textbox dynamically
1/6/2018 11:30:52 AM: createControls Finished
1/6/2018 11:30:52 AM: GetTemplateDetails started
1/6/2018 11:30:52 AM: generatecontrols Started
1/6/2018 11:30:52 AM: GenerateControls:Loaded all Textbox dynamically
1/6/2018 11:30:52 AM: GenerateControls:Loaded all Textbox dynamically
1/6/2018 11:30:55 AM: createControls Started
1/6/2018 11:30:55 AM: createControls Loaded all Textbox dynamically
1/6/2018 11:30:55 AM: createControls Loaded all Textbox dynamically
1/6/2018 11:30:55 AM: createControls Finished
1/6/2018 11:30:55 AM: Started Loading Entity Drop Down
1/6/2018 11:30:55 AM: Finished Loading Entity Drop Down
