1/3/2018 4:01:38 PM: BindDocumentType started
1/3/2018 4:01:38 PM: BindDocumentType finished
1/3/2018 4:01:43 PM: createControls Started
1/3/2018 4:01:43 PM: createControls Loaded all Textbox dynamically
1/3/2018 4:01:43 PM: createControls Loaded all Textbox dynamically
1/3/2018 4:01:43 PM: createControls Finished
1/3/2018 4:01:43 PM: GetTemplateDetails started
1/3/2018 4:01:43 PM: generatecontrols Started
1/3/2018 4:01:43 PM: GenerateControls:Loaded all Textbox dynamically
1/3/2018 4:01:43 PM: GenerateControls:Loaded all Textbox dynamically
1/3/2018 4:01:45 PM: createControls Started
1/3/2018 4:01:45 PM: createControls Loaded all Textbox dynamically
1/3/2018 4:01:45 PM: createControls Loaded all Textbox dynamically
1/3/2018 4:01:45 PM: createControls Finished
1/3/2018 4:01:45 PM: Started Loading Entity Drop Down
1/3/2018 4:01:46 PM: Finished Loading Entity Drop Down
1/3/2018 4:01:49 PM: createControls Started
1/3/2018 4:01:49 PM: createControls Loaded all Textbox dynamically
1/3/2018 4:01:49 PM: createControls Loaded all Textbox dynamically
1/3/2018 4:01:49 PM: createControls Finished
1/3/2018 4:01:51 PM: GetSginatureDetails Started:-
1/3/2018 4:01:51 PM: GetSginatureDetails Completed:-
1/3/2018 4:01:51 PM: GetTemplateDetails Started
1/3/2018 4:01:52 PM: GetTemplateDetails total record count:1
1/3/2018 4:01:52 PM: Create controls,Load all Textbox dynamic
1/3/2018 4:01:52 PM: Create controls,Load all Textbox dynamic
1/3/2018 4:01:52 PM: GetTemplateDetails Finished
1/3/2018 4:01:52 PM: InitializeDocumentView started
1/3/2018 4:01:52 PM: InitializeDocumentView finished
1/3/2018 4:01:52 PM: Calling database to get annotated images. DocumentId: 338672, Action: GetAnnotatedPages
1/3/2018 4:01:52 PM: Calling database to get annotated images. DocumentId: 338672, Action: GetTaggedPages
1/3/2018 4:01:52 PM: LoadImageToViewer started
1/3/2018 4:01:52 PM: Setting image to viewer. Action:  Page count: 6 Current Page:1
1/3/2018 4:01:52 PM: Converting PDF to JPEG. PDF Path: D:\WDMSDocument\TempWorkFolder\Tk9fRVhfNTEwXzI1MF8xNDA0\1.pdf Image Name: Tk9fRVhfNTEwXzI1MF8xNDA0 Page No: 1
1/3/2018 4:01:52 PM: Converting PDF to JPEG without applying watermark.
1/3/2018 4:01:53 PM: Setting image to viewer using RegisterStartupScript: http://localhost:55361/generichandler.ashx?f=d://wdmsdocument//tempworkfolder//tk9frvhfntewxzi1mf8xnda0jpg//1.jpeg
1/3/2018 4:01:53 PM: Invoke method to get annotations from databnase.
1/3/2018 4:01:53 PM: Get annotations from database.
1/3/2018 4:01:53 PM: Document Id: 338672 Page No: 1
1/3/2018 4:01:53 PM: Invoking method to get annotation data from database. Action: GetAnnotations
1/3/2018 4:01:53 PM: MailPanelFill started
1/3/2018 4:01:53 PM: MailPanelFill finished
1/3/2018 4:02:02 PM: GetTemplateDetails Started
1/3/2018 4:02:02 PM: GetTemplateDetails total record count:1
1/3/2018 4:02:02 PM: Create controls,Load all Textbox dynamic
1/3/2018 4:02:02 PM: Create controls,Load all Textbox dynamic
1/3/2018 4:02:02 PM: GetTemplateDetails Finished
1/3/2018 4:02:22 PM: btnSendMail_Click started
1/3/2018 4:07:56 PM: BindDocumentType started
1/3/2018 4:07:56 PM: BindDocumentType finished
1/3/2018 4:07:59 PM: createControls Started
1/3/2018 4:07:59 PM: createControls Loaded all Textbox dynamically
1/3/2018 4:07:59 PM: createControls Loaded all Textbox dynamically
1/3/2018 4:07:59 PM: createControls Finished
1/3/2018 4:07:59 PM: GetTemplateDetails started
1/3/2018 4:07:59 PM: generatecontrols Started
1/3/2018 4:07:59 PM: GenerateControls:Loaded all Textbox dynamically
1/3/2018 4:07:59 PM: GenerateControls:Loaded all Textbox dynamically
1/3/2018 4:08:01 PM: createControls Started
1/3/2018 4:08:01 PM: createControls Loaded all Textbox dynamically
1/3/2018 4:08:01 PM: createControls Loaded all Textbox dynamically
1/3/2018 4:08:01 PM: createControls Finished
1/3/2018 4:08:01 PM: Started Loading Entity Drop Down
1/3/2018 4:08:03 PM: Finished Loading Entity Drop Down
1/3/2018 4:08:07 PM: createControls Started
1/3/2018 4:08:07 PM: createControls Loaded all Textbox dynamically
1/3/2018 4:08:07 PM: createControls Loaded all Textbox dynamically
1/3/2018 4:08:07 PM: createControls Finished
1/3/2018 4:08:08 PM: GetSginatureDetails Started:-
1/3/2018 4:08:09 PM: GetSginatureDetails Completed:-
1/3/2018 4:08:09 PM: GetTemplateDetails Started
1/3/2018 4:08:09 PM: GetTemplateDetails total record count:1
1/3/2018 4:08:09 PM: Create controls,Load all Textbox dynamic
1/3/2018 4:08:09 PM: Create controls,Load all Textbox dynamic
1/3/2018 4:08:09 PM: GetTemplateDetails Finished
1/3/2018 4:08:09 PM: InitializeDocumentView started
1/3/2018 4:08:09 PM: InitializeDocumentView finished
1/3/2018 4:08:09 PM: Calling database to get annotated images. DocumentId: 338671, Action: GetAnnotatedPages
1/3/2018 4:08:09 PM: Calling database to get annotated images. DocumentId: 338671, Action: GetTaggedPages
1/3/2018 4:08:09 PM: LoadImageToViewer started
1/3/2018 4:08:09 PM: Setting image to viewer. Action:  Page count: 6 Current Page:1
1/3/2018 4:08:09 PM: Converting PDF to JPEG. PDF Path: D:\WDMSDocument\TempWorkFolder\Tk9fRVhfNTEwXzI1MF8xNDAz\1.pdf Image Name: Tk9fRVhfNTEwXzI1MF8xNDAz Page No: 1
1/3/2018 4:08:09 PM: Converting PDF to JPEG without applying watermark.
1/3/2018 4:08:10 PM: Setting image to viewer using RegisterStartupScript: http://localhost:55361/generichandler.ashx?f=d://wdmsdocument//tempworkfolder//tk9frvhfntewxzi1mf8xndazjpg//1.jpeg
1/3/2018 4:08:10 PM: Invoke method to get annotations from databnase.
1/3/2018 4:08:10 PM: Get annotations from database.
1/3/2018 4:08:10 PM: Document Id: 338671 Page No: 1
1/3/2018 4:08:10 PM: Invoking method to get annotation data from database. Action: GetAnnotations
1/3/2018 4:08:10 PM: MailPanelFill started
1/3/2018 4:08:10 PM: MailPanelFill finished
1/3/2018 4:08:19 PM: GetTemplateDetails Started
1/3/2018 4:08:19 PM: GetTemplateDetails total record count:1
1/3/2018 4:08:19 PM: Create controls,Load all Textbox dynamic
1/3/2018 4:08:19 PM: Create controls,Load all Textbox dynamic
1/3/2018 4:08:19 PM: GetTemplateDetails Finished
1/3/2018 4:08:26 PM: btnSendMail_Click started
1/3/2018 4:18:07 PM: GetTemplateDetails Started
1/3/2018 4:18:07 PM: GetTemplateDetails total record count:1
1/3/2018 4:18:07 PM: Create controls,Load all Textbox dynamic
1/3/2018 4:18:07 PM: Create controls,Load all Textbox dynamic
1/3/2018 4:18:07 PM: GetTemplateDetails Finished
1/3/2018 4:18:15 PM: btnSendMail_Click started
1/3/2018 5:02:00 PM: BindDocumentType started
1/3/2018 5:02:00 PM: BindDocumentType finished
1/3/2018 5:02:03 PM: createControls Started
1/3/2018 5:02:03 PM: createControls Loaded all Textbox dynamically
1/3/2018 5:02:03 PM: createControls Loaded all Textbox dynamically
1/3/2018 5:02:03 PM: createControls Finished
1/3/2018 5:02:03 PM: GetTemplateDetails started
1/3/2018 5:02:03 PM: generatecontrols Started
1/3/2018 5:02:03 PM: GenerateControls:Loaded all Textbox dynamically
1/3/2018 5:02:03 PM: GenerateControls:Loaded all Textbox dynamically
1/3/2018 5:02:05 PM: createControls Started
1/3/2018 5:02:05 PM: createControls Loaded all Textbox dynamically
1/3/2018 5:02:05 PM: createControls Loaded all Textbox dynamically
1/3/2018 5:02:05 PM: createControls Finished
1/3/2018 5:02:05 PM: Started Loading Entity Drop Down
1/3/2018 5:02:06 PM: Finished Loading Entity Drop Down
1/3/2018 5:02:22 PM: GetSginatureDetails Started:-
1/3/2018 5:02:22 PM: GetSginatureDetails Completed:-
1/3/2018 5:02:29 PM: GetTemplateDetails Started
1/3/2018 5:02:29 PM: GetTemplateDetails Finished
1/3/2018 5:02:29 PM: GetTemplateDetails Started
1/3/2018 5:02:29 PM: GetTemplateDetails Finished
1/3/2018 5:02:30 PM: btnLock_Click started
1/3/2018 5:02:30 PM: btnLock_Click finished
1/3/2018 5:02:34 PM: BindDocumentType started
1/3/2018 5:02:34 PM: BindDocumentType finished
1/3/2018 5:02:38 PM: createControls Started
1/3/2018 5:02:38 PM: createControls Loaded all Textbox dynamically
1/3/2018 5:02:38 PM: createControls Loaded all Textbox dynamically
1/3/2018 5:02:38 PM: createControls Finished
1/3/2018 5:02:38 PM: GetTemplateDetails started
1/3/2018 5:02:38 PM: generatecontrols Started
1/3/2018 5:02:38 PM: GenerateControls:Loaded all Textbox dynamically
1/3/2018 5:02:38 PM: GenerateControls:Loaded all Textbox dynamically
1/3/2018 5:02:39 PM: createControls Started
1/3/2018 5:02:39 PM: createControls Loaded all Textbox dynamically
1/3/2018 5:02:39 PM: createControls Loaded all Textbox dynamically
1/3/2018 5:02:39 PM: createControls Finished
1/3/2018 5:02:39 PM: Started Loading Entity Drop Down
1/3/2018 5:02:39 PM: Finished Loading Entity Drop Down
1/3/2018 5:02:41 PM: GetSginatureDetails Started:-
1/3/2018 5:02:41 PM: GetSginatureDetails Completed:-
1/3/2018 5:02:41 PM: GetTemplateDetails Started
1/3/2018 5:02:41 PM: GetTemplateDetails total record count:1
1/3/2018 5:02:41 PM: Create controls,Load all Textbox dynamic
1/3/2018 5:02:41 PM: Create controls,Load all Textbox dynamic
1/3/2018 5:02:41 PM: GetTemplateDetails Finished
1/3/2018 5:02:41 PM: InitializeDocumentView started
1/3/2018 5:02:41 PM: InitializeDocumentView finished
1/3/2018 5:02:41 PM: Calling database to get annotated images. DocumentId: 320060, Action: GetAnnotatedPages
1/3/2018 5:02:41 PM: Calling database to get annotated images. DocumentId: 320060, Action: GetTaggedPages
1/3/2018 5:02:42 PM: LoadImageToViewer started
1/3/2018 5:02:42 PM: Setting image to viewer. Action:  Page count: 0 Current Page:1
1/3/2018 5:02:42 PM: MailPanelFill started
1/3/2018 5:02:42 PM: MailPanelFill finished
1/3/2018 5:02:48 PM: BindDocumentType started
1/3/2018 5:02:48 PM: BindDocumentType finished
1/3/2018 5:02:51 PM: createControls Started
1/3/2018 5:02:51 PM: createControls Loaded all Textbox dynamically
1/3/2018 5:02:51 PM: createControls Loaded all Textbox dynamically
1/3/2018 5:02:51 PM: createControls Finished
1/3/2018 5:02:51 PM: GetTemplateDetails started
1/3/2018 5:02:51 PM: generatecontrols Started
1/3/2018 5:02:51 PM: GenerateControls:Loaded all Textbox dynamically
1/3/2018 5:02:51 PM: GenerateControls:Loaded all Textbox dynamically
1/3/2018 5:02:52 PM: createControls Started
1/3/2018 5:02:52 PM: createControls Loaded all Textbox dynamically
1/3/2018 5:02:52 PM: createControls Loaded all Textbox dynamically
1/3/2018 5:02:52 PM: createControls Finished
1/3/2018 5:02:52 PM: Started Loading Entity Drop Down
1/3/2018 5:02:52 PM: Finished Loading Entity Drop Down
1/3/2018 5:02:55 PM: createControls Started
1/3/2018 5:02:55 PM: createControls Loaded all Textbox dynamically
1/3/2018 5:02:55 PM: createControls Loaded all Textbox dynamically
1/3/2018 5:02:55 PM: createControls Finished
1/3/2018 5:03:00 PM: createControls Started
1/3/2018 5:03:00 PM: createControls Loaded all Textbox dynamically
1/3/2018 5:03:00 PM: createControls Loaded all Textbox dynamically
1/3/2018 5:03:00 PM: createControls Finished
1/3/2018 5:03:05 PM: GetSginatureDetails Started:-
1/3/2018 5:03:05 PM: GetSginatureDetails Completed:-
1/3/2018 5:03:05 PM: GetTemplateDetails Started
1/3/2018 5:03:05 PM: GetTemplateDetails total record count:1
1/3/2018 5:03:05 PM: Create controls,Load all Textbox dynamic
1/3/2018 5:03:05 PM: Create controls,Load all Textbox dynamic
1/3/2018 5:03:05 PM: GetTemplateDetails Finished
1/3/2018 5:03:05 PM: InitializeDocumentView started
1/3/2018 5:03:05 PM: InitializeDocumentView finished
1/3/2018 5:03:05 PM: Calling database to get annotated images. DocumentId: 320060, Action: GetAnnotatedPages
1/3/2018 5:03:05 PM: Calling database to get annotated images. DocumentId: 320060, Action: GetTaggedPages
1/3/2018 5:03:05 PM: LoadImageToViewer started
1/3/2018 5:03:05 PM: Setting image to viewer. Action:  Page count: 0 Current Page:1
1/3/2018 5:03:05 PM: MailPanelFill started
1/3/2018 5:03:05 PM: MailPanelFill finished
1/3/2018 5:03:08 PM: GetTemplateDetails Started
1/3/2018 5:03:08 PM: GetTemplateDetails total record count:1
1/3/2018 5:03:08 PM: Create controls,Load all Textbox dynamic
1/3/2018 5:03:08 PM: Create controls,Load all Textbox dynamic
1/3/2018 5:03:08 PM: GetTemplateDetails Finished
1/3/2018 5:03:09 PM: GetTemplateDetails Started
1/3/2018 5:03:09 PM: GetTemplateDetails total record count:1
1/3/2018 5:03:09 PM: Create controls,Load all Textbox dynamic
1/3/2018 5:03:09 PM: Create controls,Load all Textbox dynamic
1/3/2018 5:03:09 PM: GetTemplateDetails Finished
1/3/2018 5:03:09 PM: LoadImageToViewer started
1/3/2018 5:03:09 PM: Setting image to viewer. Action:  Page count: 0 Current Page:1
1/3/2018 5:03:09 PM: btnLock_Click started
1/3/2018 5:03:09 PM: LoadImageToViewer started
1/3/2018 5:03:09 PM: Setting image to viewer. Action:  Page count: 0 Current Page:1
1/3/2018 5:03:09 PM: btnLock_Click finished
1/3/2018 5:03:16 PM: GetTemplateDetails Started
1/3/2018 5:03:16 PM: GetTemplateDetails total record count:1
1/3/2018 5:03:16 PM: Create controls,Load all Textbox dynamic
1/3/2018 5:03:16 PM: Create controls,Load all Textbox dynamic
1/3/2018 5:03:16 PM: GetTemplateDetails Finished
1/3/2018 5:03:16 PM: GetDBFieldName the DBFld UPLOAD_vFld1
1/3/2018 5:03:16 PM: GetDBFieldName the DBFld UPLOAD_vFld2
1/3/2018 5:03:36 PM: Index fields values saved succesfully
1/3/2018 5:04:39 PM: GetTemplateDetails Started
1/3/2018 5:04:39 PM: GetTemplateDetails total record count:1
1/3/2018 5:04:39 PM: Create controls,Load all Textbox dynamic
1/3/2018 5:04:39 PM: Create controls,Load all Textbox dynamic
1/3/2018 5:04:39 PM: GetTemplateDetails Finished
1/3/2018 5:04:39 PM: GetTemplateDetails Started
1/3/2018 5:04:39 PM: GetTemplateDetails total record count:1
1/3/2018 5:04:39 PM: Create controls,Load all Textbox dynamic
1/3/2018 5:04:39 PM: Create controls,Load all Textbox dynamic
1/3/2018 5:04:39 PM: GetTemplateDetails Finished
1/3/2018 5:04:39 PM: LoadImageToViewer started
1/3/2018 5:04:39 PM: Setting image to viewer. Action:  Page count: 0 Current Page:1
1/3/2018 5:04:39 PM: btnLock_Click started
1/3/2018 5:04:39 PM: LoadImageToViewer started
1/3/2018 5:04:39 PM: Setting image to viewer. Action:  Page count: 0 Current Page:1
1/3/2018 5:04:39 PM: btnLock_Click finished
1/3/2018 5:07:30 PM: BindDocumentType started
1/3/2018 5:07:30 PM: BindDocumentType finished
1/3/2018 5:07:36 PM: createControls Started
1/3/2018 5:07:36 PM: createControls Loaded all Textbox dynamically
1/3/2018 5:07:36 PM: createControls Loaded all Textbox dynamically
1/3/2018 5:07:36 PM: createControls Finished
1/3/2018 5:07:36 PM: GetTemplateDetails started
1/3/2018 5:07:36 PM: generatecontrols Started
1/3/2018 5:07:36 PM: GenerateControls:Loaded all Textbox dynamically
1/3/2018 5:07:36 PM: GenerateControls:Loaded all Textbox dynamically
1/3/2018 5:07:38 PM: createControls Started
1/3/2018 5:07:39 PM: createControls Loaded all Textbox dynamically
1/3/2018 5:07:39 PM: createControls Loaded all Textbox dynamically
1/3/2018 5:07:39 PM: createControls Finished
1/3/2018 5:07:39 PM: Started Loading Entity Drop Down
1/3/2018 5:07:39 PM: Finished Loading Entity Drop Down
1/3/2018 5:07:42 PM: GetSginatureDetails Started:-
1/3/2018 5:07:42 PM: GetSginatureDetails Completed:-
1/3/2018 5:07:43 PM: GetTemplateDetails Started
1/3/2018 5:07:43 PM: GetTemplateDetails total record count:1
1/3/2018 5:07:43 PM: Create controls,Load all Textbox dynamic
1/3/2018 5:07:43 PM: Create controls,Load all Textbox dynamic
1/3/2018 5:07:43 PM: GetTemplateDetails Finished
1/3/2018 5:07:43 PM: InitializeDocumentView started
1/3/2018 5:07:43 PM: InitializeDocumentView finished
1/3/2018 5:07:43 PM: Calling database to get annotated images. DocumentId: 2185, Action: GetAnnotatedPages
1/3/2018 5:07:43 PM: Calling database to get annotated images. DocumentId: 2185, Action: GetTaggedPages
1/3/2018 5:07:43 PM: LoadImageToViewer started
1/3/2018 5:07:43 PM: Setting image to viewer. Action:  Page count: 0 Current Page:1
1/3/2018 5:07:43 PM: MailPanelFill started
1/3/2018 5:07:43 PM: MailPanelFill finished
1/3/2018 5:07:47 PM: GetTemplateDetails Started
1/3/2018 5:07:47 PM: GetTemplateDetails total record count:1
1/3/2018 5:07:47 PM: Create controls,Load all Textbox dynamic
1/3/2018 5:07:47 PM: Create controls,Load all Textbox dynamic
1/3/2018 5:07:47 PM: GetTemplateDetails Finished
1/3/2018 5:07:47 PM: GetTemplateDetails Started
1/3/2018 5:07:47 PM: GetTemplateDetails total record count:1
1/3/2018 5:07:47 PM: Create controls,Load all Textbox dynamic
1/3/2018 5:07:47 PM: Create controls,Load all Textbox dynamic
1/3/2018 5:07:47 PM: GetTemplateDetails Finished
1/3/2018 5:07:47 PM: LoadImageToViewer started
1/3/2018 5:07:47 PM: Setting image to viewer. Action:  Page count: 0 Current Page:1
1/3/2018 5:07:47 PM: btnLock_Click started
1/3/2018 5:07:47 PM: LoadImageToViewer started
1/3/2018 5:07:47 PM: Setting image to viewer. Action:  Page count: 0 Current Page:1
1/3/2018 5:07:47 PM: btnLock_Click finished
1/3/2018 5:07:51 PM: GetTemplateDetails Started
1/3/2018 5:07:51 PM: GetTemplateDetails total record count:1
1/3/2018 5:07:51 PM: Create controls,Load all Textbox dynamic
1/3/2018 5:07:51 PM: Create controls,Load all Textbox dynamic
1/3/2018 5:07:51 PM: GetTemplateDetails Finished
1/3/2018 5:07:51 PM: GetDBFieldName the DBFld UPLOAD_vFld1
1/3/2018 5:07:51 PM: GetDBFieldName the DBFld UPLOAD_vFld2
1/3/2018 5:07:55 PM: Index fields values saved succesfully
