8/8/2019 5:30:55 PM: GetTemplateDetails started
8/8/2019 5:30:55 PM: generatecontrols Started
8/8/2019 5:30:55 PM: GenerateControls:Loaded all Textbox dynamically
8/8/2019 5:30:55 PM: GenerateControls:Loaded all Textbox dynamically
8/8/2019 5:30:55 PM: GenerateControls:Loaded all Textbox dynamically
8/8/2019 5:30:55 PM: GenerateControls:Loaded all Textbox dynamically
8/8/2019 5:30:55 PM: GenerateControls:Loaded all Textbox dynamically
8/8/2019 5:30:55 PM: GenerateControls:Loaded all Textbox dynamically
8/8/2019 5:30:55 PM: GenerateControls:Loaded all Textbox dynamically
8/8/2019 5:30:55 PM: GenerateControls:Loaded all Textbox dynamically
8/8/2019 5:30:55 PM: GenerateControls:Loaded all Textbox dynamically
8/8/2019 5:30:55 PM: BindDocumentType started
8/8/2019 5:30:55 PM: BindDocumentType finished
8/8/2019 5:30:55 PM: createControls Started
8/8/2019 5:30:55 PM: createControls Loaded all Textbox dynamically
8/8/2019 5:30:55 PM: createControls Loaded all Textbox dynamically
8/8/2019 5:30:55 PM: createControls Loaded all Textbox dynamically
8/8/2019 5:30:55 PM: createControls Loaded all Textbox dynamically
8/8/2019 5:30:55 PM: createControls Loaded all Textbox dynamically
8/8/2019 5:30:55 PM: createControls Loaded all Textbox dynamically
8/8/2019 5:30:55 PM: createControls Loaded all Textbox dynamically
8/8/2019 5:30:55 PM: createControls Loaded all Textbox dynamically
8/8/2019 5:30:55 PM: createControls Loaded all Textbox dynamically
8/8/2019 5:30:55 PM: createControls Finished
8/8/2019 5:30:58 PM: createControls Started
8/8/2019 5:30:58 PM: createControls Finished
8/8/2019 5:30:58 PM: GetTemplateDetails started
8/8/2019 5:30:58 PM: generatecontrols Started
8/8/2019 5:30:58 PM: GenerateControls:Loaded all Textbox dynamically
8/8/2019 5:30:58 PM: GenerateControls:Loaded all Textbox dynamically
8/8/2019 5:31:00 PM: createControls Started
8/8/2019 5:31:00 PM: createControls Loaded all Textbox dynamically
8/8/2019 5:31:00 PM: createControls Loaded all Textbox dynamically
8/8/2019 5:31:00 PM: createControls Finished
8/8/2019 5:31:00 PM: Started Loading Entity Drop Down
8/8/2019 5:31:01 PM: Finished Loading Entity Drop Down
8/8/2019 5:31:05 PM: createControls Started
8/8/2019 5:31:05 PM: createControls Loaded all Textbox dynamically
8/8/2019 5:31:05 PM: createControls Loaded all Textbox dynamically
8/8/2019 5:31:05 PM: createControls Finished
8/8/2019 5:31:23 PM: GetSginatureDetails Started:-
8/8/2019 5:31:23 PM: GetSginatureDetails Completed:-
8/8/2019 5:31:23 PM: GetTemplateDetails Started
8/8/2019 5:31:23 PM: GetTemplateDetails total record count:1
8/8/2019 5:31:23 PM: Create controls,Load all Textbox dynamic
8/8/2019 5:31:23 PM: Create controls,Load all Textbox dynamic
8/8/2019 5:31:23 PM: GetTemplateDetails Finished
8/8/2019 5:31:33 PM: InitializeDocumentView started
8/8/2019 5:31:33 PM: InitializeDocumentView finished
8/8/2019 5:31:33 PM: Calling database to get annotated images. DocumentId: 367292, Action: GetAnnotatedPages
8/8/2019 5:31:34 PM: Calling database to get annotated images. DocumentId: 367292, Action: GetTaggedPages
8/8/2019 5:31:35 PM: LoadImageToViewer started
8/8/2019 5:31:35 PM: Setting image to viewer. Action:  Page count: 3 Current Page:1
8/8/2019 5:31:35 PM: Converting PDF to JPEG. PDF Path: D:\WDMSDocument\TempWorkFolder\Tk9fRVhfNTEwXzI1MF8xMDEx\1.pdf Image Name: Tk9fRVhfNTEwXzI1MF8xMDEx Page No: 1
8/8/2019 5:31:35 PM: Converting PDF to JPEG without applying watermark.
8/8/2019 5:31:35 PM: Setting image to viewer using RegisterStartupScript: http://localhost:55361/generichandler.ashx?f=d://wdmsdocument//tempworkfolder//tk9frvhfntewxzi1mf8xmdexjpg//1.jpeg
8/8/2019 5:31:35 PM: Invoke method to get annotations from databnase.
8/8/2019 5:31:35 PM: Get annotations from database.
8/8/2019 5:31:35 PM: Document Id: 367292 Page No: 1
8/8/2019 5:31:35 PM: Invoking method to get annotation data from database. Action: GetAnnotations
8/8/2019 5:31:35 PM: MailPanelFill started
8/8/2019 5:31:35 PM: MailPanelFill finished
8/8/2019 5:31:42 PM: GetTemplateDetails Started
8/8/2019 5:31:42 PM: GetTemplateDetails total record count:1
8/8/2019 5:31:42 PM: Create controls,Load all Textbox dynamic
8/8/2019 5:31:42 PM: Create controls,Load all Textbox dynamic
8/8/2019 5:31:42 PM: GetTemplateDetails Finished
8/8/2019 5:31:42 PM: getAvailablePages Started
8/8/2019 5:31:42 PM: LoadImageToViewer started
8/8/2019 5:31:42 PM: Setting image to viewer. Action:  Page count: 1 Current Page:1
8/8/2019 5:31:42 PM: Converting PDF to JPEG. PDF Path: D:\WDMSDocument\TempWorkFolder\Tk9fRVhfNTEwXzI1MF8xMDEx\2.pdf Image Name: Tk9fRVhfNTEwXzI1MF8xMDEx Page No: 2
8/8/2019 5:31:42 PM: Converting PDF to JPEG without applying watermark.
8/8/2019 5:31:42 PM: Setting image to viewer using RegisterStartupScript: http://localhost:55361/generichandler.ashx?f=d://wdmsdocument//tempworkfolder//tk9frvhfntewxzi1mf8xmdexjpg//2.jpeg
8/8/2019 5:31:42 PM: Invoke method to get annotations from databnase.
8/8/2019 5:31:42 PM: Get annotations from database.
8/8/2019 5:31:42 PM: Document Id: 367292 Page No: 2
8/8/2019 5:31:42 PM: Invoking method to get annotation data from database. Action: GetAnnotations
8/8/2019 5:31:53 PM: createControls Started
8/8/2019 5:31:53 PM: createControls Loaded all Textbox dynamically
8/8/2019 5:31:53 PM: createControls Loaded all Textbox dynamically
8/8/2019 5:31:53 PM: createControls Finished
8/8/2019 5:31:53 PM: GetTemplateDetails started
8/8/2019 5:31:56 PM: createControls Started
8/8/2019 5:31:56 PM: createControls Loaded all Textbox dynamically
8/8/2019 5:31:56 PM: createControls Loaded all Textbox dynamically
8/8/2019 5:31:56 PM: createControls Finished
8/8/2019 5:31:56 PM: Started Loading Entity Drop Down
8/8/2019 5:31:57 PM: Finished Loading Entity Drop Down
8/8/2019 5:32:00 PM: createControls Started
8/8/2019 5:32:00 PM: createControls Loaded all Textbox dynamically
8/8/2019 5:32:00 PM: createControls Loaded all Textbox dynamically
8/8/2019 5:32:00 PM: createControls Finished
8/8/2019 5:32:03 PM: createControls Started
8/8/2019 5:32:03 PM: createControls Loaded all Textbox dynamically
8/8/2019 5:32:03 PM: createControls Loaded all Textbox dynamically
8/8/2019 5:32:03 PM: createControls Finished
8/8/2019 5:32:06 PM: createControls Started
8/8/2019 5:32:06 PM: createControls Loaded all Textbox dynamically
8/8/2019 5:32:06 PM: createControls Loaded all Textbox dynamically
8/8/2019 5:32:06 PM: createControls Finished
8/8/2019 5:32:10 PM: GetSginatureDetails Started:-
8/8/2019 5:32:10 PM: GetSginatureDetails Completed:-
8/8/2019 5:32:10 PM: GetTemplateDetails Started
8/8/2019 5:32:10 PM: GetTemplateDetails total record count:1
8/8/2019 5:32:10 PM: Create controls,Load all Textbox dynamic
8/8/2019 5:32:10 PM: Create controls,Load all Textbox dynamic
8/8/2019 5:32:10 PM: GetTemplateDetails Finished
8/8/2019 5:32:10 PM: InitializeDocumentView started
8/8/2019 5:33:51 PM: createControls Started
8/8/2019 5:33:51 PM: createControls Loaded all Textbox dynamically
8/8/2019 5:33:51 PM: createControls Loaded all Textbox dynamically
8/8/2019 5:33:51 PM: createControls Finished
8/8/2019 5:34:11 PM: Started Loading Entity Drop Down
8/8/2019 5:37:02 PM: Finished Loading Entity Drop Down
8/8/2019 5:45:41 PM: createControls Started
8/8/2019 5:45:41 PM: createControls Loaded all Textbox dynamically
8/8/2019 5:45:41 PM: createControls Loaded all Textbox dynamically
8/8/2019 5:45:41 PM: createControls Finished
8/8/2019 5:45:43 PM: createControls Started
8/8/2019 5:45:43 PM: createControls Loaded all Textbox dynamically
8/8/2019 5:45:43 PM: createControls Loaded all Textbox dynamically
8/8/2019 5:45:43 PM: createControls Finished
8/8/2019 5:45:46 PM: createControls Started
8/8/2019 5:45:46 PM: createControls Loaded all Textbox dynamically
8/8/2019 5:45:46 PM: createControls Loaded all Textbox dynamically
8/8/2019 5:45:46 PM: createControls Finished
8/8/2019 5:45:48 PM: Started Loading Entity Drop Down
8/8/2019 5:45:51 PM: Finished Loading Entity Drop Down
8/8/2019 5:45:54 PM: createControls Started
8/8/2019 5:45:54 PM: createControls Loaded all Textbox dynamically
8/8/2019 5:45:54 PM: createControls Loaded all Textbox dynamically
8/8/2019 5:45:54 PM: createControls Finished
8/8/2019 5:48:33 PM: GetTemplateDetails started
8/8/2019 5:48:33 PM: generatecontrols Started
8/8/2019 5:48:33 PM: GenerateControls:Loaded all Textbox dynamically
8/8/2019 5:48:33 PM: GenerateControls:Loaded all Textbox dynamically
8/8/2019 5:48:33 PM: GenerateControls:Loaded all Textbox dynamically
8/8/2019 5:48:33 PM: GenerateControls:Loaded all Textbox dynamically
8/8/2019 5:48:33 PM: GenerateControls:Loaded all Textbox dynamically
8/8/2019 5:48:33 PM: GenerateControls:Loaded all Textbox dynamically
8/8/2019 5:48:33 PM: GenerateControls:Loaded all Textbox dynamically
8/8/2019 5:48:33 PM: GenerateControls:Loaded all Textbox dynamically
8/8/2019 5:48:33 PM: GenerateControls:Loaded all Textbox dynamically
8/8/2019 5:48:33 PM: BindDocumentType started
8/8/2019 5:48:33 PM: BindDocumentType finished
8/8/2019 5:48:33 PM: createControls Started
8/8/2019 5:48:33 PM: createControls Loaded all Textbox dynamically
8/8/2019 5:48:33 PM: createControls Loaded all Textbox dynamically
8/8/2019 5:48:33 PM: createControls Loaded all Textbox dynamically
8/8/2019 5:48:33 PM: createControls Loaded all Textbox dynamically
8/8/2019 5:48:33 PM: createControls Loaded all Textbox dynamically
8/8/2019 5:48:33 PM: createControls Loaded all Textbox dynamically
8/8/2019 5:48:33 PM: createControls Loaded all Textbox dynamically
8/8/2019 5:48:33 PM: createControls Loaded all Textbox dynamically
8/8/2019 5:48:33 PM: createControls Loaded all Textbox dynamically
8/8/2019 5:48:33 PM: createControls Finished
8/8/2019 5:48:37 PM: createControls Started
8/8/2019 5:48:37 PM: createControls Finished
8/8/2019 5:48:37 PM: GetTemplateDetails started
8/8/2019 5:48:37 PM: generatecontrols Started
8/8/2019 5:48:37 PM: GenerateControls:Loaded all Textbox dynamically
8/8/2019 5:48:37 PM: GenerateControls:Loaded all Textbox dynamically
8/8/2019 5:48:41 PM: createControls Started
8/8/2019 5:48:41 PM: createControls Loaded all Textbox dynamically
8/8/2019 5:48:41 PM: createControls Loaded all Textbox dynamically
8/8/2019 5:48:41 PM: createControls Finished
8/8/2019 5:48:41 PM: GetTemplateDetails started
8/8/2019 5:48:43 PM: createControls Started
8/8/2019 5:48:43 PM: createControls Loaded all Textbox dynamically
8/8/2019 5:48:43 PM: createControls Loaded all Textbox dynamically
8/8/2019 5:48:43 PM: createControls Finished
8/8/2019 5:48:44 PM: Started Loading Entity Drop Down
8/8/2019 5:48:46 PM: Finished Loading Entity Drop Down
8/8/2019 5:53:09 PM: createControls Started
8/8/2019 5:53:09 PM: createControls Loaded all Textbox dynamically
8/8/2019 5:53:09 PM: createControls Loaded all Textbox dynamically
8/8/2019 5:53:09 PM: createControls Finished
8/8/2019 5:53:11 PM: Started Loading Entity Drop Down
8/8/2019 5:53:17 PM: Finished Loading Entity Drop Down
8/8/2019 5:53:20 PM: GetSginatureDetails Started:-
8/8/2019 5:53:20 PM: GetSginatureDetails Completed:-
8/8/2019 5:53:20 PM: GetTemplateDetails Started
8/8/2019 5:53:20 PM: GetTemplateDetails total record count:1
8/8/2019 5:53:20 PM: Create controls,Load all Textbox dynamic
8/8/2019 5:53:20 PM: Create controls,Load all Textbox dynamic
8/8/2019 5:53:20 PM: GetTemplateDetails Finished
8/8/2019 5:53:20 PM: InitializeDocumentView started
8/8/2019 5:53:20 PM: InitializeDocumentView finished
8/8/2019 5:53:20 PM: Calling database to get annotated images. DocumentId: 367292, Action: GetAnnotatedPages
8/8/2019 5:53:20 PM: Calling database to get annotated images. DocumentId: 367292, Action: GetTaggedPages
8/8/2019 5:53:20 PM: loading pages dropdown for tagged pages started
8/8/2019 5:53:20 PM: getAvailablePages Started
8/8/2019 5:53:20 PM: LoadImageToViewer started
8/8/2019 5:53:20 PM: Setting image to viewer. Action:  Page count: 1 Current Page:1
8/8/2019 5:53:20 PM: Converting PDF to JPEG. PDF Path: D:\WDMSDocument\TempWorkFolder\Tk9fRVhfNTEwXzI1MF8xMDEx\2.pdf Image Name: Tk9fRVhfNTEwXzI1MF8xMDEx Page No: 2
8/8/2019 5:53:20 PM: Converting PDF to JPEG without applying watermark.
8/8/2019 5:53:20 PM: Setting image to viewer using RegisterStartupScript: http://localhost:55361/generichandler.ashx?f=d://wdmsdocument//tempworkfolder//tk9frvhfntewxzi1mf8xmdexjpg//2.jpeg
8/8/2019 5:53:20 PM: Invoke method to get annotations from databnase.
8/8/2019 5:53:20 PM: Get annotations from database.
8/8/2019 5:53:20 PM: Document Id: 367292 Page No: 2
8/8/2019 5:53:20 PM: Invoking method to get annotation data from database. Action: GetAnnotations
8/8/2019 5:53:20 PM: loading pages dropdown for tagged pages completed
8/8/2019 5:53:20 PM: MailPanelFill started
8/8/2019 5:53:20 PM: MailPanelFill finished
