1/2/2019 5:07:01 PM: createControls Started
1/2/2019 5:07:01 PM: Create controls,Load all Textbox dynamic
1/2/2019 5:07:01 PM: Create controls,Load all Textbox dynamic
1/2/2019 5:07:01 PM: Create controls,Load all Textbox dynamic
1/2/2019 5:07:01 PM: Create controls,Load all Textbox dynamic
1/2/2019 5:07:01 PM: Create controls,Load all Textbox dynamic
1/2/2019 5:07:01 PM: Create controls,Load all Textbox dynamic
1/2/2019 5:07:01 PM: Create controls,Load all Textbox dynamic
1/2/2019 5:07:01 PM: Create controls,Load all Textbox dynamic
1/2/2019 5:07:01 PM: Create controls,Load all Textbox dynamic
1/2/2019 5:07:01 PM: createControls Finished
1/2/2019 5:07:01 PM: generatecontrols Started
1/2/2019 5:07:01 PM: Calling database to get reference id and watermark.
1/2/2019 5:07:01 PM: Database returned result: NO_HR_510_250_1410|
1/2/2019 5:07:01 PM: Generatecontrols,Load all Textbox dynamic
1/2/2019 5:07:01 PM: Generatecontrols,Load all Textbox dynamic
1/2/2019 5:07:01 PM: Generatecontrols,Load all Textbox dynamic
1/2/2019 5:07:01 PM: Generatecontrols,Load all Textbox dynamic
1/2/2019 5:07:01 PM: Generatecontrols,Load all Textbox dynamic
1/2/2019 5:07:01 PM: Generatecontrols,Load all Textbox dynamic
1/2/2019 5:07:01 PM: Generatecontrols,Load all Textbox dynamic
1/2/2019 5:07:01 PM: Generatecontrols,Load all Textbox dynamic
1/2/2019 5:07:01 PM: Generatecontrols,Load all Textbox dynamic
1/2/2019 5:07:02 PM: createControls Started
1/2/2019 5:07:02 PM: Create controls,Load all Textbox dynamic
1/2/2019 5:07:02 PM: Create controls,Load all Textbox dynamic
1/2/2019 5:07:02 PM: Create controls,Load all Textbox dynamic
1/2/2019 5:07:02 PM: Create controls,Load all Textbox dynamic
1/2/2019 5:07:02 PM: Create controls,Load all Textbox dynamic
1/2/2019 5:07:02 PM: Create controls,Load all Textbox dynamic
1/2/2019 5:07:02 PM: Create controls,Load all Textbox dynamic
1/2/2019 5:07:02 PM: Create controls,Load all Textbox dynamic
1/2/2019 5:07:02 PM: Create controls,Load all Textbox dynamic
1/2/2019 5:07:02 PM: createControls Finished
1/2/2019 5:07:05 PM: createControls Started
1/2/2019 5:07:05 PM: Create controls,Load all Textbox dynamic
1/2/2019 5:07:05 PM: Create controls,Load all Textbox dynamic
1/2/2019 5:07:05 PM: Create controls,Load all Textbox dynamic
1/2/2019 5:07:05 PM: Create controls,Load all Textbox dynamic
1/2/2019 5:07:05 PM: Create controls,Load all Textbox dynamic
1/2/2019 5:07:05 PM: Create controls,Load all Textbox dynamic
1/2/2019 5:07:05 PM: Create controls,Load all Textbox dynamic
1/2/2019 5:07:05 PM: Create controls,Load all Textbox dynamic
1/2/2019 5:07:05 PM: Create controls,Load all Textbox dynamic
1/2/2019 5:07:05 PM: createControls Finished
1/2/2019 5:07:05 PM: AsyncFileUpload1_UploadedComplete Started
1/2/2019 5:07:05 PM: Started Saving Uploaded Document in AsyncFileUpload1_UploadedComplete 
1/2/2019 5:07:05 PM: Finished Saving Uploaded Document in AsyncFileUpload1_UploadedComplete 
1/2/2019 5:07:05 PM: AsyncFileUpload1_UploadedComplete Pagecount of Image2Pdf().ExtractPages 6
1/2/2019 5:07:05 PM: AsyncFileUpload1_UploadedComplete Finished
1/2/2019 5:07:06 PM: createControls Started
1/2/2019 5:07:06 PM: Create controls,Load all Textbox dynamic
1/2/2019 5:07:06 PM: Create controls,Load all Textbox dynamic
1/2/2019 5:07:06 PM: Create controls,Load all Textbox dynamic
1/2/2019 5:07:06 PM: Create controls,Load all Textbox dynamic
1/2/2019 5:07:06 PM: Create controls,Load all Textbox dynamic
1/2/2019 5:07:06 PM: Create controls,Load all Textbox dynamic
1/2/2019 5:07:06 PM: Create controls,Load all Textbox dynamic
1/2/2019 5:07:06 PM: Create controls,Load all Textbox dynamic
1/2/2019 5:07:06 PM: Create controls,Load all Textbox dynamic
1/2/2019 5:07:06 PM: createControls Finished
1/2/2019 5:07:06 PM: btnSubmit_Click Started
1/2/2019 5:07:06 PM: btnSubmit_Click Finished
1/2/2019 5:07:13 PM: createControls Started
1/2/2019 5:07:13 PM: Create controls,Load all Textbox dynamic
1/2/2019 5:07:13 PM: Create controls,Load all Textbox dynamic
1/2/2019 5:07:13 PM: Create controls,Load all Textbox dynamic
1/2/2019 5:07:13 PM: Create controls,Load all Textbox dynamic
1/2/2019 5:07:13 PM: Create controls,Load all Textbox dynamic
1/2/2019 5:07:13 PM: Create controls,Load all Textbox dynamic
1/2/2019 5:07:13 PM: Create controls,Load all Textbox dynamic
1/2/2019 5:07:13 PM: Create controls,Load all Textbox dynamic
1/2/2019 5:07:13 PM: Create controls,Load all Textbox dynamic
1/2/2019 5:07:13 PM: createControls Finished
1/2/2019 5:07:14 PM: Started Previewing Uploaded Document in btnPreview_Click 
1/2/2019 5:07:14 PM: Src Details : http://localhost:55361/GenericHandler.ashx?f=F:\WDMSDocument\TempWorkFolder\Tk9fSFJfNTEwXzI1MF8xNDEw.pdf
1/2/2019 5:07:14 PM: Setting image to viewer. Action:  Page count: 6 Current Page:1
1/2/2019 5:07:14 PM: Converting PDF to JPEG. PDF Path: F:\WDMSDocument\TempWorkFolder\Tk9fSFJfNTEwXzI1MF8xNDEw\1.pdf Image Name: Tk9fSFJfNTEwXzI1MF8xNDEw Page No: 1
1/2/2019 5:07:14 PM: Converting PDF to JPEG without applying watermark.
1/2/2019 5:07:14 PM: Setting image to viewer using RegisterStartupScript: http://localhost:55361/generichandler.ashx?f=f://wdmsdocument//tempworkfolder//tk9fsfjfntewxzi1mf8xndewjpg//1.jpeg
1/2/2019 5:07:14 PM: Finished Previewing Uploaded Document in btnPreview_Click 
1/2/2019 5:08:07 PM: createControls Started
1/2/2019 5:08:07 PM: Create controls,Load all Textbox dynamic
1/2/2019 5:08:07 PM: Create controls,Load all Textbox dynamic
1/2/2019 5:08:07 PM: Create controls,Load all Textbox dynamic
1/2/2019 5:08:07 PM: Create controls,Load all Textbox dynamic
1/2/2019 5:08:07 PM: Create controls,Load all Textbox dynamic
1/2/2019 5:08:07 PM: Create controls,Load all Textbox dynamic
1/2/2019 5:08:07 PM: Create controls,Load all Textbox dynamic
1/2/2019 5:08:07 PM: Create controls,Load all Textbox dynamic
1/2/2019 5:08:07 PM: Create controls,Load all Textbox dynamic
1/2/2019 5:08:07 PM: createControls Finished
1/2/2019 5:12:12 PM: createControls Started
1/2/2019 5:12:12 PM: Create controls,Load all Textbox dynamic
1/2/2019 5:12:12 PM: Create controls,Load all Textbox dynamic
1/2/2019 5:12:12 PM: Create controls,Load all Textbox dynamic
1/2/2019 5:12:12 PM: Create controls,Load all Textbox dynamic
1/2/2019 5:12:12 PM: Create controls,Load all Textbox dynamic
1/2/2019 5:12:12 PM: Create controls,Load all Textbox dynamic
1/2/2019 5:12:12 PM: Create controls,Load all Textbox dynamic
1/2/2019 5:12:12 PM: Create controls,Load all Textbox dynamic
1/2/2019 5:12:12 PM: Create controls,Load all Textbox dynamic
1/2/2019 5:12:12 PM: createControls Finished
1/2/2019 5:12:16 PM: createControls Started
1/2/2019 5:12:16 PM: Create controls,Load all Textbox dynamic
1/2/2019 5:12:16 PM: Create controls,Load all Textbox dynamic
1/2/2019 5:12:16 PM: Create controls,Load all Textbox dynamic
1/2/2019 5:12:16 PM: Create controls,Load all Textbox dynamic
1/2/2019 5:12:16 PM: Create controls,Load all Textbox dynamic
1/2/2019 5:12:16 PM: Create controls,Load all Textbox dynamic
1/2/2019 5:12:16 PM: Create controls,Load all Textbox dynamic
1/2/2019 5:12:16 PM: Create controls,Load all Textbox dynamic
1/2/2019 5:12:16 PM: Create controls,Load all Textbox dynamic
1/2/2019 5:12:16 PM: createControls Finished
1/2/2019 5:12:16 PM: AsyncFileUpload1_UploadedComplete Started
1/2/2019 5:12:16 PM: Started Saving Uploaded Document in AsyncFileUpload1_UploadedComplete 
1/2/2019 5:12:16 PM: Finished Saving Uploaded Document in AsyncFileUpload1_UploadedComplete 
1/2/2019 5:12:16 PM: AsyncFileUpload1_UploadedComplete Pagecount of Image2Pdf().ExtractPages 6
1/2/2019 5:12:16 PM: AsyncFileUpload1_UploadedComplete Finished
1/2/2019 5:12:16 PM: createControls Started
1/2/2019 5:12:16 PM: Create controls,Load all Textbox dynamic
1/2/2019 5:12:16 PM: Create controls,Load all Textbox dynamic
1/2/2019 5:12:16 PM: Create controls,Load all Textbox dynamic
1/2/2019 5:12:16 PM: Create controls,Load all Textbox dynamic
1/2/2019 5:12:16 PM: Create controls,Load all Textbox dynamic
1/2/2019 5:12:16 PM: Create controls,Load all Textbox dynamic
1/2/2019 5:12:16 PM: Create controls,Load all Textbox dynamic
1/2/2019 5:12:16 PM: Create controls,Load all Textbox dynamic
1/2/2019 5:12:16 PM: Create controls,Load all Textbox dynamic
1/2/2019 5:12:16 PM: createControls Finished
1/2/2019 5:12:16 PM: btnSubmit_Click Started
1/2/2019 5:12:16 PM: btnSubmit_Click Finished
1/2/2019 5:12:17 PM: createControls Started
1/2/2019 5:12:17 PM: Create controls,Load all Textbox dynamic
1/2/2019 5:12:17 PM: Create controls,Load all Textbox dynamic
1/2/2019 5:12:17 PM: Create controls,Load all Textbox dynamic
1/2/2019 5:12:17 PM: Create controls,Load all Textbox dynamic
1/2/2019 5:12:17 PM: Create controls,Load all Textbox dynamic
1/2/2019 5:12:17 PM: Create controls,Load all Textbox dynamic
1/2/2019 5:12:17 PM: Create controls,Load all Textbox dynamic
1/2/2019 5:12:17 PM: Create controls,Load all Textbox dynamic
1/2/2019 5:12:17 PM: Create controls,Load all Textbox dynamic
1/2/2019 5:12:17 PM: createControls Finished
1/2/2019 5:12:17 PM: Started Previewing Uploaded Document in btnPreview_Click 
1/2/2019 5:12:17 PM: Src Details : http://localhost:55361/GenericHandler.ashx?f=F:\WDMSDocument\TempWorkFolder\Tk9fSFJfNTEwXzI1MF8xNDEw.pdf
1/2/2019 5:12:17 PM: Setting image to viewer. Action:  Page count: 6 Current Page:1
1/2/2019 5:12:17 PM: Converting PDF to JPEG. PDF Path: F:\WDMSDocument\TempWorkFolder\Tk9fSFJfNTEwXzI1MF8xNDEw\1.pdf Image Name: Tk9fSFJfNTEwXzI1MF8xNDEw Page No: 1
1/2/2019 5:12:17 PM: Converting PDF to JPEG without applying watermark.
1/2/2019 5:12:17 PM: Setting image to viewer using RegisterStartupScript: http://localhost:55361/generichandler.ashx?f=f://wdmsdocument//tempworkfolder//tk9fsfjfntewxzi1mf8xndewjpg//1.jpeg
1/2/2019 5:12:17 PM: Finished Previewing Uploaded Document in btnPreview_Click 
1/2/2019 5:12:23 PM: createControls Started
1/2/2019 5:12:23 PM: Create controls,Load all Textbox dynamic
1/2/2019 5:12:23 PM: Create controls,Load all Textbox dynamic
1/2/2019 5:12:23 PM: Create controls,Load all Textbox dynamic
1/2/2019 5:12:23 PM: Create controls,Load all Textbox dynamic
1/2/2019 5:12:23 PM: Create controls,Load all Textbox dynamic
1/2/2019 5:12:23 PM: Create controls,Load all Textbox dynamic
1/2/2019 5:12:23 PM: Create controls,Load all Textbox dynamic
1/2/2019 5:12:23 PM: Create controls,Load all Textbox dynamic
1/2/2019 5:12:23 PM: Create controls,Load all Textbox dynamic
1/2/2019 5:12:23 PM: createControls Finished
1/2/2019 5:12:23 PM: AsyncFileUpload1_UploadedComplete Started
1/2/2019 5:12:23 PM: Started Saving Uploaded Document in AsyncFileUpload1_UploadedComplete 
1/2/2019 5:12:23 PM: Finished Saving Uploaded Document in AsyncFileUpload1_UploadedComplete 
1/2/2019 5:12:23 PM: AsyncFileUpload1_UploadedComplete Pagecount of Image2Pdf().ExtractPages 6
1/2/2019 5:12:23 PM: AsyncFileUpload1_UploadedComplete Finished
1/2/2019 5:54:32 PM: createControls Started
1/2/2019 5:54:32 PM: Create controls,Load all Textbox dynamic
1/2/2019 5:54:32 PM: Create controls,Load all Textbox dynamic
1/2/2019 5:54:32 PM: Create controls,Load all Textbox dynamic
1/2/2019 5:54:32 PM: Create controls,Load all Textbox dynamic
1/2/2019 5:54:32 PM: Create controls,Load all Textbox dynamic
1/2/2019 5:54:32 PM: Create controls,Load all Textbox dynamic
1/2/2019 5:54:32 PM: Create controls,Load all Textbox dynamic
1/2/2019 5:54:32 PM: Create controls,Load all Textbox dynamic
1/2/2019 5:54:32 PM: Create controls,Load all Textbox dynamic
1/2/2019 5:54:32 PM: createControls Finished
1/2/2019 5:54:32 PM: generatecontrols Started
1/2/2019 5:54:32 PM: Calling database to get reference id and watermark.
1/2/2019 5:54:32 PM: Database returned result: NO_HR_510_250_1410|
1/2/2019 5:54:32 PM: Generatecontrols,Load all Textbox dynamic
1/2/2019 5:54:32 PM: Generatecontrols,Load all Textbox dynamic
1/2/2019 5:54:32 PM: Generatecontrols,Load all Textbox dynamic
1/2/2019 5:54:32 PM: Generatecontrols,Load all Textbox dynamic
1/2/2019 5:54:32 PM: Generatecontrols,Load all Textbox dynamic
1/2/2019 5:54:32 PM: Generatecontrols,Load all Textbox dynamic
1/2/2019 5:54:32 PM: Generatecontrols,Load all Textbox dynamic
1/2/2019 5:54:32 PM: Generatecontrols,Load all Textbox dynamic
1/2/2019 5:54:32 PM: Generatecontrols,Load all Textbox dynamic
1/2/2019 5:59:05 PM: createControls Started
1/2/2019 5:59:05 PM: Create controls,Load all Textbox dynamic
1/2/2019 5:59:05 PM: Create controls,Load all Textbox dynamic
1/2/2019 5:59:05 PM: Create controls,Load all Textbox dynamic
1/2/2019 5:59:05 PM: Create controls,Load all Textbox dynamic
1/2/2019 5:59:05 PM: Create controls,Load all Textbox dynamic
1/2/2019 5:59:05 PM: Create controls,Load all Textbox dynamic
1/2/2019 5:59:05 PM: Create controls,Load all Textbox dynamic
1/2/2019 5:59:05 PM: Create controls,Load all Textbox dynamic
1/2/2019 5:59:05 PM: Create controls,Load all Textbox dynamic
1/2/2019 5:59:05 PM: createControls Finished
1/2/2019 5:59:05 PM: generatecontrols Started
1/2/2019 5:59:05 PM: Calling database to get reference id and watermark.
1/2/2019 5:59:05 PM: Database returned result: NO_HR_510_250_1410|
1/2/2019 5:59:05 PM: Generatecontrols,Load all Textbox dynamic
1/2/2019 5:59:05 PM: Generatecontrols,Load all Textbox dynamic
1/2/2019 5:59:05 PM: Generatecontrols,Load all Textbox dynamic
1/2/2019 5:59:05 PM: Generatecontrols,Load all Textbox dynamic
1/2/2019 5:59:05 PM: Generatecontrols,Load all Textbox dynamic
1/2/2019 5:59:05 PM: Generatecontrols,Load all Textbox dynamic
1/2/2019 5:59:05 PM: Generatecontrols,Load all Textbox dynamic
1/2/2019 5:59:05 PM: Generatecontrols,Load all Textbox dynamic
1/2/2019 5:59:05 PM: Generatecontrols,Load all Textbox dynamic
