7/25/2019 6:10:44 PM: GetTemplateDetails started
7/25/2019 6:10:44 PM: generatecontrols Started
7/25/2019 6:10:44 PM: GenerateControls:Loaded all Textbox dynamically
7/25/2019 6:10:44 PM: GenerateControls:Loaded all Textbox dynamically
7/25/2019 6:10:44 PM: GenerateControls:Loaded all Textbox dynamically
7/25/2019 6:10:44 PM: GenerateControls:Loaded all Textbox dynamically
7/25/2019 6:10:44 PM: GenerateControls:Loaded all Textbox dynamically
7/25/2019 6:10:44 PM: GenerateControls:Loaded all Textbox dynamically
7/25/2019 6:10:44 PM: GenerateControls:Loaded all Textbox dynamically
7/25/2019 6:10:44 PM: GenerateControls:Loaded all Textbox dynamically
7/25/2019 6:10:44 PM: GenerateControls:Loaded all Textbox dynamically
7/25/2019 6:10:44 PM: BindDocumentType started
7/25/2019 6:10:44 PM: BindDocumentType finished
7/25/2019 6:10:44 PM: createControls Started
7/25/2019 6:10:44 PM: createControls Loaded all Textbox dynamically
7/25/2019 6:10:44 PM: createControls Loaded all Textbox dynamically
7/25/2019 6:10:44 PM: createControls Loaded all Textbox dynamically
7/25/2019 6:10:44 PM: createControls Loaded all Textbox dynamically
7/25/2019 6:10:44 PM: createControls Loaded all Textbox dynamically
7/25/2019 6:10:44 PM: createControls Loaded all Textbox dynamically
7/25/2019 6:10:44 PM: createControls Loaded all Textbox dynamically
7/25/2019 6:10:44 PM: createControls Loaded all Textbox dynamically
7/25/2019 6:10:44 PM: createControls Loaded all Textbox dynamically
7/25/2019 6:10:44 PM: createControls Finished
7/25/2019 6:10:46 PM: createControls Started
7/25/2019 6:10:46 PM: createControls Loaded all Textbox dynamically
7/25/2019 6:10:46 PM: createControls Loaded all Textbox dynamically
7/25/2019 6:10:46 PM: createControls Loaded all Textbox dynamically
7/25/2019 6:10:46 PM: createControls Loaded all Textbox dynamically
7/25/2019 6:10:46 PM: createControls Loaded all Textbox dynamically
7/25/2019 6:10:46 PM: createControls Loaded all Textbox dynamically
7/25/2019 6:10:46 PM: createControls Loaded all Textbox dynamically
7/25/2019 6:10:46 PM: createControls Loaded all Textbox dynamically
7/25/2019 6:10:46 PM: createControls Loaded all Textbox dynamically
7/25/2019 6:10:46 PM: createControls Finished
7/25/2019 6:10:46 PM: Started Loading Entity Drop Down
7/25/2019 6:10:48 PM: Finished Loading Entity Drop Down
7/25/2019 6:10:53 PM: createControls Started
7/25/2019 6:10:53 PM: createControls Finished
7/25/2019 6:10:53 PM: GetTemplateDetails started
7/25/2019 6:10:53 PM: generatecontrols Started
7/25/2019 6:10:53 PM: GenerateControls:Loaded all Textbox dynamically
7/25/2019 6:10:53 PM: GenerateControls:Loaded all Textbox dynamically
7/25/2019 6:10:55 PM: createControls Started
7/25/2019 6:10:55 PM: createControls Loaded all Textbox dynamically
7/25/2019 6:10:55 PM: createControls Loaded all Textbox dynamically
7/25/2019 6:10:55 PM: createControls Finished
7/25/2019 6:10:55 PM: Started Loading Entity Drop Down
7/25/2019 6:10:57 PM: Finished Loading Entity Drop Down
7/25/2019 6:11:04 PM: createControls Started
7/25/2019 6:11:04 PM: createControls Loaded all Textbox dynamically
7/25/2019 6:11:04 PM: createControls Loaded all Textbox dynamically
7/25/2019 6:11:04 PM: createControls Finished
7/25/2019 6:12:11 PM: GetTemplateDetails started
7/25/2019 6:12:11 PM: generatecontrols Started
7/25/2019 6:12:11 PM: GenerateControls:Loaded all Textbox dynamically
7/25/2019 6:12:11 PM: GenerateControls:Loaded all Textbox dynamically
7/25/2019 6:12:11 PM: GenerateControls:Loaded all Textbox dynamically
7/25/2019 6:12:11 PM: GenerateControls:Loaded all Textbox dynamically
7/25/2019 6:12:11 PM: GenerateControls:Loaded all Textbox dynamically
7/25/2019 6:12:11 PM: GenerateControls:Loaded all Textbox dynamically
7/25/2019 6:12:11 PM: GenerateControls:Loaded all Textbox dynamically
7/25/2019 6:12:11 PM: GenerateControls:Loaded all Textbox dynamically
7/25/2019 6:12:11 PM: GenerateControls:Loaded all Textbox dynamically
7/25/2019 6:12:11 PM: BindDocumentType started
7/25/2019 6:12:11 PM: BindDocumentType finished
7/25/2019 6:12:11 PM: createControls Started
7/25/2019 6:12:11 PM: createControls Loaded all Textbox dynamically
7/25/2019 6:12:11 PM: createControls Loaded all Textbox dynamically
7/25/2019 6:12:11 PM: createControls Loaded all Textbox dynamically
7/25/2019 6:12:11 PM: createControls Loaded all Textbox dynamically
7/25/2019 6:12:11 PM: createControls Loaded all Textbox dynamically
7/25/2019 6:12:11 PM: createControls Loaded all Textbox dynamically
7/25/2019 6:12:11 PM: createControls Loaded all Textbox dynamically
7/25/2019 6:12:11 PM: createControls Loaded all Textbox dynamically
7/25/2019 6:12:11 PM: createControls Loaded all Textbox dynamically
7/25/2019 6:12:11 PM: createControls Finished
7/25/2019 6:12:20 PM: createControls Started
7/25/2019 6:12:20 PM: createControls Finished
7/25/2019 6:12:20 PM: GetTemplateDetails started
7/25/2019 6:12:20 PM: generatecontrols Started
7/25/2019 6:12:20 PM: GenerateControls:Loaded all Textbox dynamically
7/25/2019 6:12:20 PM: GenerateControls:Loaded all Textbox dynamically
7/25/2019 6:12:24 PM: createControls Started
7/25/2019 6:12:24 PM: createControls Loaded all Textbox dynamically
7/25/2019 6:12:24 PM: createControls Loaded all Textbox dynamically
7/25/2019 6:12:24 PM: createControls Finished
7/25/2019 6:12:24 PM: GetTemplateDetails started
7/25/2019 6:12:27 PM: createControls Started
7/25/2019 6:12:27 PM: createControls Loaded all Textbox dynamically
7/25/2019 6:12:27 PM: createControls Loaded all Textbox dynamically
7/25/2019 6:12:27 PM: createControls Finished
7/25/2019 6:12:27 PM: Started Loading Entity Drop Down
7/25/2019 6:12:28 PM: Finished Loading Entity Drop Down
7/25/2019 6:12:33 PM: createControls Started
7/25/2019 6:12:33 PM: createControls Loaded all Textbox dynamically
7/25/2019 6:12:33 PM: createControls Loaded all Textbox dynamically
7/25/2019 6:12:33 PM: createControls Finished
7/25/2019 6:13:22 PM: createControls Started
7/25/2019 6:13:22 PM: createControls Loaded all Textbox dynamically
7/25/2019 6:13:22 PM: createControls Loaded all Textbox dynamically
7/25/2019 6:13:22 PM: createControls Finished
7/25/2019 6:13:22 PM: Started Loading Entity Drop Down
7/25/2019 6:13:22 PM: Finished Loading Entity Drop Down
7/25/2019 6:13:29 PM: GetSginatureDetails Started:-
7/25/2019 6:13:29 PM: GetSginatureDetails Completed:-
7/25/2019 6:13:29 PM: GetTemplateDetails Started
7/25/2019 6:13:29 PM: GetTemplateDetails total record count:1
7/25/2019 6:13:29 PM: Create controls,Load all Textbox dynamic
7/25/2019 6:13:29 PM: Create controls,Load all Textbox dynamic
7/25/2019 6:13:29 PM: GetTemplateDetails Finished
7/25/2019 6:13:30 PM: InitializeDocumentView started
7/25/2019 6:13:30 PM: InitializeDocumentView finished
7/25/2019 6:13:30 PM: Calling database to get annotated images. DocumentId: 367292, Action: GetAnnotatedPages
7/25/2019 6:13:30 PM: Calling database to get annotated images. DocumentId: 367292, Action: GetTaggedPages
7/25/2019 6:13:30 PM: loading pages dropdown for tagged pages started
7/25/2019 6:13:30 PM: getAvailablePages Started
7/25/2019 6:13:31 PM: LoadImageToViewer started
7/25/2019 6:13:31 PM: Setting image to viewer. Action:  Page count: 1 Current Page:1
7/25/2019 6:13:31 PM: Converting PDF to JPEG. PDF Path: D:\WDMSDocument\TempWorkFolder\Tk9fRVhfNTEwXzI1MF8xMDEx\2.pdf Image Name: Tk9fRVhfNTEwXzI1MF8xMDEx Page No: 2
7/25/2019 6:13:31 PM: Converting PDF to JPEG without applying watermark.
7/25/2019 6:13:31 PM: Setting image to viewer using RegisterStartupScript: http://localhost:55361/generichandler.ashx?f=d://wdmsdocument//tempworkfolder//tk9frvhfntewxzi1mf8xmdexjpg//2.jpeg
7/25/2019 6:13:31 PM: Invoke method to get annotations from databnase.
7/25/2019 6:13:31 PM: Get annotations from database.
7/25/2019 6:13:31 PM: Document Id: 367292 Page No: 2
7/25/2019 6:13:31 PM: Invoking method to get annotation data from database. Action: GetAnnotations
7/25/2019 6:13:31 PM: loading pages dropdown for tagged pages completed
7/25/2019 6:13:31 PM: MailPanelFill started
7/25/2019 6:13:31 PM: MailPanelFill finished
7/25/2019 7:11:27 PM: GetTemplateDetails started
7/25/2019 7:11:27 PM: generatecontrols Started
7/25/2019 7:11:27 PM: GenerateControls:Loaded all Textbox dynamically
7/25/2019 7:11:27 PM: GenerateControls:Loaded all Textbox dynamically
7/25/2019 7:11:27 PM: GenerateControls:Loaded all Textbox dynamically
7/25/2019 7:11:27 PM: GenerateControls:Loaded all Textbox dynamically
7/25/2019 7:11:27 PM: GenerateControls:Loaded all Textbox dynamically
7/25/2019 7:11:27 PM: GenerateControls:Loaded all Textbox dynamically
7/25/2019 7:11:27 PM: GenerateControls:Loaded all Textbox dynamically
7/25/2019 7:11:27 PM: GenerateControls:Loaded all Textbox dynamically
7/25/2019 7:11:27 PM: GenerateControls:Loaded all Textbox dynamically
7/25/2019 7:11:27 PM: BindDocumentType started
7/25/2019 7:11:27 PM: BindDocumentType finished
7/25/2019 7:11:27 PM: createControls Started
7/25/2019 7:11:27 PM: createControls Loaded all Textbox dynamically
7/25/2019 7:11:27 PM: createControls Loaded all Textbox dynamically
7/25/2019 7:11:27 PM: createControls Loaded all Textbox dynamically
7/25/2019 7:11:27 PM: createControls Loaded all Textbox dynamically
7/25/2019 7:11:27 PM: createControls Loaded all Textbox dynamically
7/25/2019 7:11:27 PM: createControls Loaded all Textbox dynamically
7/25/2019 7:11:27 PM: createControls Loaded all Textbox dynamically
7/25/2019 7:11:27 PM: createControls Loaded all Textbox dynamically
7/25/2019 7:11:27 PM: createControls Loaded all Textbox dynamically
7/25/2019 7:11:27 PM: createControls Finished
7/25/2019 7:11:30 PM: createControls Started
7/25/2019 7:11:30 PM: createControls Finished
7/25/2019 7:11:31 PM: GetTemplateDetails started
7/25/2019 7:11:31 PM: generatecontrols Started
7/25/2019 7:11:31 PM: GenerateControls:Loaded all Textbox dynamically
7/25/2019 7:11:31 PM: GenerateControls:Loaded all Textbox dynamically
7/25/2019 7:11:33 PM: createControls Started
7/25/2019 7:11:33 PM: createControls Loaded all Textbox dynamically
7/25/2019 7:11:33 PM: createControls Loaded all Textbox dynamically
7/25/2019 7:11:33 PM: createControls Finished
7/25/2019 7:11:33 PM: GetTemplateDetails started
7/25/2019 7:11:35 PM: createControls Started
7/25/2019 7:11:35 PM: createControls Loaded all Textbox dynamically
7/25/2019 7:11:35 PM: createControls Loaded all Textbox dynamically
7/25/2019 7:11:35 PM: createControls Finished
7/25/2019 7:11:35 PM: Started Loading Entity Drop Down
7/25/2019 7:11:35 PM: Finished Loading Entity Drop Down
7/25/2019 7:11:38 PM: createControls Started
7/25/2019 7:11:38 PM: createControls Loaded all Textbox dynamically
7/25/2019 7:11:38 PM: createControls Loaded all Textbox dynamically
7/25/2019 7:11:38 PM: createControls Finished
7/25/2019 7:11:40 PM: GetSginatureDetails Started:-
7/25/2019 7:11:40 PM: GetSginatureDetails Completed:-
7/25/2019 7:11:40 PM: GetTemplateDetails Started
7/25/2019 7:11:40 PM: GetTemplateDetails total record count:1
7/25/2019 7:11:40 PM: Create controls,Load all Textbox dynamic
7/25/2019 7:11:40 PM: Create controls,Load all Textbox dynamic
7/25/2019 7:11:40 PM: GetTemplateDetails Finished
7/25/2019 7:13:26 PM: InitializeDocumentView started
7/25/2019 7:13:26 PM: InitializeDocumentView finished
7/25/2019 7:13:26 PM: Calling database to get annotated images. DocumentId: 367292, Action: GetAnnotatedPages
7/25/2019 7:13:26 PM: Calling database to get annotated images. DocumentId: 367292, Action: GetTaggedPages
7/25/2019 7:13:27 PM: loading pages dropdown for tagged pages started
7/25/2019 7:13:27 PM: getAvailablePages Started
7/25/2019 7:13:27 PM: LoadImageToViewer started
7/25/2019 7:13:27 PM: Setting image to viewer. Action:  Page count: 1 Current Page:1
7/25/2019 7:13:27 PM: Converting PDF to JPEG. PDF Path: D:\WDMSDocument\TempWorkFolder\Tk9fRVhfNTEwXzI1MF8xMDEx\2.pdf Image Name: Tk9fRVhfNTEwXzI1MF8xMDEx Page No: 2
7/25/2019 7:13:27 PM: Converting PDF to JPEG without applying watermark.
7/25/2019 7:13:27 PM: Setting image to viewer using RegisterStartupScript: http://localhost:55361/generichandler.ashx?f=d://wdmsdocument//tempworkfolder//tk9frvhfntewxzi1mf8xmdexjpg//2.jpeg
7/25/2019 7:13:27 PM: Invoke method to get annotations from databnase.
7/25/2019 7:13:27 PM: Get annotations from database.
7/25/2019 7:13:27 PM: Document Id: 367292 Page No: 2
7/25/2019 7:13:27 PM: Invoking method to get annotation data from database. Action: GetAnnotations
7/25/2019 7:13:27 PM: loading pages dropdown for tagged pages completed
7/25/2019 7:13:27 PM: MailPanelFill started
7/25/2019 7:13:27 PM: MailPanelFill finished
7/25/2019 7:13:31 PM: GetSginatureDetails Started:-
7/25/2019 7:13:31 PM: GetSginatureDetails Completed:-
7/25/2019 7:13:31 PM: GetTemplateDetails Started
7/25/2019 7:13:31 PM: GetTemplateDetails total record count:1
7/25/2019 7:13:31 PM: Create controls,Load all Textbox dynamic
7/25/2019 7:13:31 PM: Create controls,Load all Textbox dynamic
7/25/2019 7:13:31 PM: GetTemplateDetails Finished
7/25/2019 7:13:42 PM: InitializeDocumentView started
7/25/2019 7:13:42 PM: InitializeDocumentView finished
7/25/2019 7:13:42 PM: Calling database to get annotated images. DocumentId: 367292, Action: GetAnnotatedPages
7/25/2019 7:13:42 PM: Calling database to get annotated images. DocumentId: 367292, Action: GetTaggedPages
7/25/2019 7:13:43 PM: loading pages dropdown for tagged pages started
7/25/2019 7:13:43 PM: getAvailablePages Started
7/25/2019 7:13:43 PM: LoadImageToViewer started
7/25/2019 7:13:43 PM: Setting image to viewer. Action:  Page count: 1 Current Page:1
7/25/2019 7:13:43 PM: Converting PDF to JPEG. PDF Path: D:\WDMSDocument\TempWorkFolder\Tk9fRVhfNTEwXzI1MF8xMDEx\2.pdf Image Name: Tk9fRVhfNTEwXzI1MF8xMDEx Page No: 2
7/25/2019 7:13:43 PM: Converting PDF to JPEG without applying watermark.
7/25/2019 7:13:43 PM: Setting image to viewer using RegisterStartupScript: http://localhost:55361/generichandler.ashx?f=d://wdmsdocument//tempworkfolder//tk9frvhfntewxzi1mf8xmdexjpg//2.jpeg
7/25/2019 7:13:43 PM: Invoke method to get annotations from databnase.
7/25/2019 7:13:43 PM: Get annotations from database.
7/25/2019 7:13:43 PM: Document Id: 367292 Page No: 2
7/25/2019 7:13:43 PM: Invoking method to get annotation data from database. Action: GetAnnotations
7/25/2019 7:13:43 PM: loading pages dropdown for tagged pages completed
7/25/2019 7:13:43 PM: MailPanelFill started
7/25/2019 7:13:43 PM: MailPanelFill finished
7/25/2019 7:13:59 PM: GetSginatureDetails Started:-
7/25/2019 7:13:59 PM: GetSginatureDetails Completed:-
7/25/2019 7:13:59 PM: GetTemplateDetails Started
7/25/2019 7:13:59 PM: GetTemplateDetails total record count:1
7/25/2019 7:13:59 PM: Create controls,Load all Textbox dynamic
7/25/2019 7:13:59 PM: Create controls,Load all Textbox dynamic
7/25/2019 7:13:59 PM: GetTemplateDetails Finished
7/25/2019 7:23:15 PM: InitializeDocumentView started
7/25/2019 7:23:15 PM: InitializeDocumentView finished
7/25/2019 7:23:15 PM: Calling database to get annotated images. DocumentId: 367292, Action: GetAnnotatedPages
7/25/2019 7:23:15 PM: Calling database to get annotated images. DocumentId: 367292, Action: GetTaggedPages
7/25/2019 7:23:15 PM: loading pages dropdown for tagged pages started
7/25/2019 7:23:15 PM: getAvailablePages Started
7/25/2019 7:23:15 PM: LoadImageToViewer started
7/25/2019 7:23:15 PM: Setting image to viewer. Action:  Page count: 1 Current Page:1
7/25/2019 7:23:15 PM: Converting PDF to JPEG. PDF Path: D:\WDMSDocument\TempWorkFolder\Tk9fRVhfNTEwXzI1MF8xMDEx\2.pdf Image Name: Tk9fRVhfNTEwXzI1MF8xMDEx Page No: 2
7/25/2019 7:23:15 PM: Converting PDF to JPEG without applying watermark.
7/25/2019 7:23:15 PM: Setting image to viewer using RegisterStartupScript: http://localhost:55361/generichandler.ashx?f=d://wdmsdocument//tempworkfolder//tk9frvhfntewxzi1mf8xmdexjpg//2.jpeg
7/25/2019 7:23:15 PM: Invoke method to get annotations from databnase.
7/25/2019 7:23:15 PM: Get annotations from database.
7/25/2019 7:23:15 PM: Document Id: 367292 Page No: 2
7/25/2019 7:23:15 PM: Invoking method to get annotation data from database. Action: GetAnnotations
7/25/2019 7:23:15 PM: loading pages dropdown for tagged pages completed
7/25/2019 7:23:15 PM: MailPanelFill started
7/25/2019 7:23:15 PM: MailPanelFill finished
7/25/2019 7:23:16 PM: GetSginatureDetails Started:-
7/25/2019 7:23:16 PM: GetSginatureDetails Completed:-
7/25/2019 7:23:16 PM: GetTemplateDetails Started
7/25/2019 7:23:16 PM: GetTemplateDetails total record count:1
7/25/2019 7:23:16 PM: Create controls,Load all Textbox dynamic
7/25/2019 7:23:16 PM: Create controls,Load all Textbox dynamic
7/25/2019 7:23:16 PM: GetTemplateDetails Finished
7/25/2019 7:23:34 PM: InitializeDocumentView started
7/25/2019 7:23:35 PM: InitializeDocumentView finished
7/25/2019 7:23:35 PM: Calling database to get annotated images. DocumentId: 367292, Action: GetAnnotatedPages
7/25/2019 7:23:35 PM: Calling database to get annotated images. DocumentId: 367292, Action: GetTaggedPages
7/25/2019 7:23:35 PM: loading pages dropdown for tagged pages started
7/25/2019 7:23:35 PM: getAvailablePages Started
7/25/2019 7:23:35 PM: LoadImageToViewer started
7/25/2019 7:23:35 PM: Setting image to viewer. Action:  Page count: 1 Current Page:1
7/25/2019 7:23:35 PM: Converting PDF to JPEG. PDF Path: D:\WDMSDocument\TempWorkFolder\Tk9fRVhfNTEwXzI1MF8xMDEx\2.pdf Image Name: Tk9fRVhfNTEwXzI1MF8xMDEx Page No: 2
7/25/2019 7:23:35 PM: Converting PDF to JPEG without applying watermark.
7/25/2019 7:23:35 PM: Setting image to viewer using RegisterStartupScript: http://localhost:55361/generichandler.ashx?f=d://wdmsdocument//tempworkfolder//tk9frvhfntewxzi1mf8xmdexjpg//2.jpeg
7/25/2019 7:23:35 PM: Invoke method to get annotations from databnase.
7/25/2019 7:23:35 PM: Get annotations from database.
7/25/2019 7:23:35 PM: Document Id: 367292 Page No: 2
7/25/2019 7:23:35 PM: Invoking method to get annotation data from database. Action: GetAnnotations
7/25/2019 7:23:35 PM: loading pages dropdown for tagged pages completed
7/25/2019 7:23:35 PM: MailPanelFill started
7/25/2019 7:23:35 PM: MailPanelFill finished
