10/4/2019 12:18:04 PM: GetTemplateDetails started
10/4/2019 12:18:04 PM: generatecontrols Started
10/4/2019 12:18:04 PM: GenerateControls:Loaded all Textbox dynamically
10/4/2019 12:18:04 PM: GenerateControls:Loaded all Textbox dynamically
10/4/2019 12:18:04 PM: GenerateControls:Loaded all Textbox dynamically
10/4/2019 12:18:04 PM: GenerateControls:Loaded all Textbox dynamically
10/4/2019 12:18:04 PM: GenerateControls:Loaded all Textbox dynamically
10/4/2019 12:18:04 PM: GenerateControls:Loaded all Textbox dynamically
10/4/2019 12:18:04 PM: GenerateControls:Loaded all Textbox dynamically
10/4/2019 12:18:04 PM: GenerateControls:Loaded all Textbox dynamically
10/4/2019 12:18:04 PM: GenerateControls:Loaded all Textbox dynamically
10/4/2019 12:18:04 PM: BindDocumentType started
10/4/2019 12:18:04 PM: BindDocumentType finished
10/4/2019 12:18:04 PM: createControls Started
10/4/2019 12:18:04 PM: createControls Loaded all Textbox dynamically
10/4/2019 12:18:04 PM: createControls Loaded all Textbox dynamically
10/4/2019 12:18:04 PM: createControls Loaded all Textbox dynamically
10/4/2019 12:18:04 PM: createControls Loaded all Textbox dynamically
10/4/2019 12:18:04 PM: createControls Loaded all Textbox dynamically
10/4/2019 12:18:04 PM: createControls Loaded all Textbox dynamically
10/4/2019 12:18:04 PM: createControls Loaded all Textbox dynamically
10/4/2019 12:18:04 PM: createControls Loaded all Textbox dynamically
10/4/2019 12:18:04 PM: createControls Loaded all Textbox dynamically
10/4/2019 12:18:04 PM: createControls Finished
10/4/2019 12:18:10 PM: createControls Started
10/4/2019 12:18:10 PM: createControls Loaded all Textbox dynamically
10/4/2019 12:18:10 PM: createControls Loaded all Textbox dynamically
10/4/2019 12:18:10 PM: createControls Loaded all Textbox dynamically
10/4/2019 12:18:10 PM: createControls Loaded all Textbox dynamically
10/4/2019 12:18:10 PM: createControls Loaded all Textbox dynamically
10/4/2019 12:18:10 PM: createControls Loaded all Textbox dynamically
10/4/2019 12:18:10 PM: createControls Loaded all Textbox dynamically
10/4/2019 12:18:10 PM: createControls Loaded all Textbox dynamically
10/4/2019 12:18:10 PM: createControls Loaded all Textbox dynamically
10/4/2019 12:18:10 PM: createControls Finished
10/4/2019 12:18:10 PM: BindQueries started
10/4/2019 12:18:10 PM: BindQueries finished
10/4/2019 12:18:12 PM: createControls Started
10/4/2019 12:18:12 PM: createControls Loaded all Textbox dynamically
10/4/2019 12:18:12 PM: createControls Loaded all Textbox dynamically
10/4/2019 12:18:12 PM: createControls Loaded all Textbox dynamically
10/4/2019 12:18:12 PM: createControls Loaded all Textbox dynamically
10/4/2019 12:18:12 PM: createControls Loaded all Textbox dynamically
10/4/2019 12:18:12 PM: createControls Loaded all Textbox dynamically
10/4/2019 12:18:12 PM: createControls Loaded all Textbox dynamically
10/4/2019 12:18:12 PM: createControls Loaded all Textbox dynamically
10/4/2019 12:18:12 PM: createControls Loaded all Textbox dynamically
10/4/2019 12:18:12 PM: createControls Finished
10/4/2019 12:18:12 PM: GetTemplatefieldDetails started
10/4/2019 12:18:12 PM: GetTemplatefieldDetails finished
10/4/2019 12:18:27 PM: createControls Started
10/4/2019 12:18:27 PM: createControls Loaded all Textbox dynamically
10/4/2019 12:18:27 PM: createControls Loaded all Textbox dynamically
10/4/2019 12:18:27 PM: createControls Loaded all Textbox dynamically
10/4/2019 12:18:27 PM: createControls Loaded all Textbox dynamically
10/4/2019 12:18:27 PM: createControls Loaded all Textbox dynamically
10/4/2019 12:18:27 PM: createControls Loaded all Textbox dynamically
10/4/2019 12:18:27 PM: createControls Loaded all Textbox dynamically
10/4/2019 12:18:27 PM: createControls Loaded all Textbox dynamically
10/4/2019 12:18:27 PM: createControls Loaded all Textbox dynamically
10/4/2019 12:18:27 PM: createControls Finished
10/4/2019 12:18:27 PM: AddQuery started
10/4/2019 12:18:27 PM: btnAddClauseClick started
10/4/2019 12:18:27 PM: btnAddClauseClick finished
10/4/2019 12:18:27 PM: AddQuery finished
10/4/2019 12:18:34 PM: createControls Started
10/4/2019 12:18:34 PM: createControls Loaded all Textbox dynamically
10/4/2019 12:18:34 PM: createControls Loaded all Textbox dynamically
10/4/2019 12:18:34 PM: createControls Loaded all Textbox dynamically
10/4/2019 12:18:34 PM: createControls Loaded all Textbox dynamically
10/4/2019 12:18:34 PM: createControls Loaded all Textbox dynamically
10/4/2019 12:18:34 PM: createControls Loaded all Textbox dynamically
10/4/2019 12:18:34 PM: createControls Loaded all Textbox dynamically
10/4/2019 12:18:34 PM: createControls Loaded all Textbox dynamically
10/4/2019 12:18:34 PM: createControls Loaded all Textbox dynamically
10/4/2019 12:18:34 PM: createControls Finished
10/4/2019 12:18:35 PM: btnSaveQueryClick started
10/4/2019 12:18:43 PM: createControls Started
10/4/2019 12:18:43 PM: createControls Loaded all Textbox dynamically
10/4/2019 12:18:43 PM: createControls Loaded all Textbox dynamically
10/4/2019 12:18:43 PM: createControls Loaded all Textbox dynamically
10/4/2019 12:18:43 PM: createControls Loaded all Textbox dynamically
10/4/2019 12:18:43 PM: createControls Loaded all Textbox dynamically
10/4/2019 12:18:43 PM: createControls Loaded all Textbox dynamically
10/4/2019 12:18:43 PM: createControls Loaded all Textbox dynamically
10/4/2019 12:18:43 PM: createControls Loaded all Textbox dynamically
10/4/2019 12:18:43 PM: createControls Loaded all Textbox dynamically
10/4/2019 12:18:43 PM: createControls Finished
10/4/2019 12:18:43 PM: btnSaveQueryClick started
10/4/2019 12:18:44 PM: Save button click, query executedTrue
10/4/2019 12:18:44 PM: BindQueries started
10/4/2019 12:18:44 PM: BindQueries finished
10/4/2019 12:18:44 PM: btnSaveQueryClick finished
10/4/2019 12:18:46 PM: createControls Started
10/4/2019 12:18:46 PM: createControls Loaded all Textbox dynamically
10/4/2019 12:18:46 PM: createControls Loaded all Textbox dynamically
10/4/2019 12:18:46 PM: createControls Loaded all Textbox dynamically
10/4/2019 12:18:46 PM: createControls Loaded all Textbox dynamically
10/4/2019 12:18:46 PM: createControls Loaded all Textbox dynamically
10/4/2019 12:18:46 PM: createControls Loaded all Textbox dynamically
10/4/2019 12:18:46 PM: createControls Loaded all Textbox dynamically
10/4/2019 12:18:46 PM: createControls Loaded all Textbox dynamically
10/4/2019 12:18:46 PM: createControls Loaded all Textbox dynamically
10/4/2019 12:18:46 PM: createControls Finished
10/4/2019 12:18:46 PM: EditQuery started
10/4/2019 12:18:46 PM: Editquery with total records retrieved : 1
10/4/2019 12:18:46 PM: Editquery queryclauses retrieved properly: 
10/4/2019 12:18:46 PM: EditQuery finished
10/4/2019 12:18:48 PM: createControls Started
10/4/2019 12:18:48 PM: createControls Loaded all Textbox dynamically
10/4/2019 12:18:48 PM: createControls Loaded all Textbox dynamically
10/4/2019 12:18:48 PM: createControls Loaded all Textbox dynamically
10/4/2019 12:18:48 PM: createControls Loaded all Textbox dynamically
10/4/2019 12:18:48 PM: createControls Loaded all Textbox dynamically
10/4/2019 12:18:48 PM: createControls Loaded all Textbox dynamically
10/4/2019 12:18:48 PM: createControls Loaded all Textbox dynamically
10/4/2019 12:18:48 PM: createControls Loaded all Textbox dynamically
10/4/2019 12:18:48 PM: createControls Loaded all Textbox dynamically
10/4/2019 12:18:48 PM: createControls Finished
10/4/2019 12:18:48 PM: btnPerformQueryClick started
10/4/2019 12:18:48 PM: BuildQuery() executed properly 
10/4/2019 12:18:48 PM: whereclause value 
10/4/2019 12:18:48 PM: From Search click,QueryWhereClause() is executed properly 
10/4/2019 12:18:48 PM: Before searching the details with whereclause : 
10/4/2019 12:18:50 PM: btnPerformQueryClick search result record count 1
10/4/2019 12:18:50 PM: btnPerformQueryClick finished
10/4/2019 12:23:59 PM: createControls Started
10/4/2019 12:23:59 PM: createControls Loaded all Textbox dynamically
10/4/2019 12:23:59 PM: createControls Loaded all Textbox dynamically
10/4/2019 12:23:59 PM: createControls Loaded all Textbox dynamically
10/4/2019 12:23:59 PM: createControls Loaded all Textbox dynamically
10/4/2019 12:23:59 PM: createControls Loaded all Textbox dynamically
10/4/2019 12:23:59 PM: createControls Loaded all Textbox dynamically
10/4/2019 12:23:59 PM: createControls Loaded all Textbox dynamically
10/4/2019 12:23:59 PM: createControls Loaded all Textbox dynamically
10/4/2019 12:23:59 PM: createControls Loaded all Textbox dynamically
10/4/2019 12:23:59 PM: createControls Finished
10/4/2019 12:24:00 PM: btnPerformQueryClick started
10/4/2019 12:24:00 PM: BuildQuery() executed properly 
10/4/2019 12:24:00 PM: whereclause value  AND UPLOAD_vFld1 LIKE '%t%'
10/4/2019 12:24:00 PM: From Search click,QueryWhereClause() is executed properly 
10/4/2019 12:24:00 PM: Before searching the details with whereclause :  AND UPLOAD_vFld1 LIKE '%t%'
10/4/2019 12:24:00 PM: btnPerformQueryClick search result record count 1
10/4/2019 12:24:00 PM: btnPerformQueryClick finished
10/4/2019 12:24:08 PM: createControls Started
10/4/2019 12:24:08 PM: createControls Loaded all Textbox dynamically
10/4/2019 12:24:08 PM: createControls Loaded all Textbox dynamically
10/4/2019 12:24:08 PM: createControls Loaded all Textbox dynamically
10/4/2019 12:24:08 PM: createControls Loaded all Textbox dynamically
10/4/2019 12:24:08 PM: createControls Loaded all Textbox dynamically
10/4/2019 12:24:08 PM: createControls Loaded all Textbox dynamically
10/4/2019 12:24:08 PM: createControls Loaded all Textbox dynamically
10/4/2019 12:24:08 PM: createControls Loaded all Textbox dynamically
10/4/2019 12:24:08 PM: createControls Loaded all Textbox dynamically
10/4/2019 12:24:08 PM: createControls Finished
10/4/2019 12:24:09 PM: Delete Click,delete query execute  
10/4/2019 12:24:09 PM: BindQueries() executed from delete click 
10/4/2019 12:24:13 PM: createControls Started
10/4/2019 12:24:13 PM: createControls Loaded all Textbox dynamically
10/4/2019 12:24:13 PM: createControls Loaded all Textbox dynamically
10/4/2019 12:24:13 PM: createControls Loaded all Textbox dynamically
10/4/2019 12:24:13 PM: createControls Loaded all Textbox dynamically
10/4/2019 12:24:13 PM: createControls Loaded all Textbox dynamically
10/4/2019 12:24:13 PM: createControls Loaded all Textbox dynamically
10/4/2019 12:24:13 PM: createControls Loaded all Textbox dynamically
10/4/2019 12:24:13 PM: createControls Loaded all Textbox dynamically
10/4/2019 12:24:13 PM: createControls Loaded all Textbox dynamically
10/4/2019 12:24:13 PM: createControls Finished
10/4/2019 12:24:14 PM: createControls Started
10/4/2019 12:24:14 PM: createControls Loaded all Textbox dynamically
10/4/2019 12:24:14 PM: createControls Loaded all Textbox dynamically
10/4/2019 12:24:14 PM: createControls Loaded all Textbox dynamically
10/4/2019 12:24:14 PM: createControls Loaded all Textbox dynamically
10/4/2019 12:24:14 PM: createControls Loaded all Textbox dynamically
10/4/2019 12:24:14 PM: createControls Loaded all Textbox dynamically
10/4/2019 12:24:14 PM: createControls Loaded all Textbox dynamically
10/4/2019 12:24:14 PM: createControls Loaded all Textbox dynamically
10/4/2019 12:24:14 PM: createControls Loaded all Textbox dynamically
10/4/2019 12:24:14 PM: createControls Finished
10/4/2019 12:24:14 PM: EditQuery started
10/4/2019 12:24:14 PM: Editquery with total records retrieved : 1
10/4/2019 12:24:14 PM: Editquery queryclauses retrieved properly: 
10/4/2019 12:24:14 PM: EditQuery finished
10/4/2019 12:26:04 PM: createControls Started
10/4/2019 12:26:04 PM: createControls Loaded all Textbox dynamically
10/4/2019 12:26:04 PM: createControls Loaded all Textbox dynamically
10/4/2019 12:26:04 PM: createControls Loaded all Textbox dynamically
10/4/2019 12:26:04 PM: createControls Loaded all Textbox dynamically
10/4/2019 12:26:04 PM: createControls Loaded all Textbox dynamically
10/4/2019 12:26:04 PM: createControls Loaded all Textbox dynamically
10/4/2019 12:26:04 PM: createControls Loaded all Textbox dynamically
10/4/2019 12:26:04 PM: createControls Loaded all Textbox dynamically
10/4/2019 12:26:04 PM: createControls Loaded all Textbox dynamically
10/4/2019 12:26:04 PM: createControls Finished
10/4/2019 12:26:40 PM: Delete Click,delete query execute  
10/4/2019 12:26:40 PM: BindQueries() executed from delete click 
10/4/2019 12:26:44 PM: createControls Started
10/4/2019 12:26:44 PM: createControls Loaded all Textbox dynamically
10/4/2019 12:26:44 PM: createControls Loaded all Textbox dynamically
10/4/2019 12:26:44 PM: createControls Loaded all Textbox dynamically
10/4/2019 12:26:44 PM: createControls Loaded all Textbox dynamically
10/4/2019 12:26:44 PM: createControls Loaded all Textbox dynamically
10/4/2019 12:26:44 PM: createControls Loaded all Textbox dynamically
10/4/2019 12:26:44 PM: createControls Loaded all Textbox dynamically
10/4/2019 12:26:44 PM: createControls Loaded all Textbox dynamically
10/4/2019 12:26:44 PM: createControls Loaded all Textbox dynamically
10/4/2019 12:26:44 PM: createControls Finished
10/4/2019 1:44:34 PM: Delete Click,delete query execute  
10/4/2019 1:44:34 PM: BindQueries() executed from delete click 
10/4/2019 1:46:37 PM: GetTemplateDetails started
10/4/2019 1:46:37 PM: generatecontrols Started
10/4/2019 1:46:37 PM: GenerateControls:Loaded all Textbox dynamically
10/4/2019 1:46:37 PM: GenerateControls:Loaded all Textbox dynamically
10/4/2019 1:46:37 PM: GenerateControls:Loaded all Textbox dynamically
10/4/2019 1:46:37 PM: GenerateControls:Loaded all Textbox dynamically
10/4/2019 1:46:37 PM: GenerateControls:Loaded all Textbox dynamically
10/4/2019 1:46:37 PM: GenerateControls:Loaded all Textbox dynamically
10/4/2019 1:46:37 PM: GenerateControls:Loaded all Textbox dynamically
10/4/2019 1:46:37 PM: GenerateControls:Loaded all Textbox dynamically
10/4/2019 1:46:37 PM: GenerateControls:Loaded all Textbox dynamically
10/4/2019 1:46:37 PM: BindDocumentType started
10/4/2019 1:46:37 PM: BindDocumentType finished
10/4/2019 1:46:37 PM: createControls Started
10/4/2019 1:46:37 PM: createControls Loaded all Textbox dynamically
10/4/2019 1:46:37 PM: createControls Loaded all Textbox dynamically
10/4/2019 1:46:37 PM: createControls Loaded all Textbox dynamically
10/4/2019 1:46:37 PM: createControls Loaded all Textbox dynamically
10/4/2019 1:46:37 PM: createControls Loaded all Textbox dynamically
10/4/2019 1:46:37 PM: createControls Loaded all Textbox dynamically
10/4/2019 1:46:37 PM: createControls Loaded all Textbox dynamically
10/4/2019 1:46:37 PM: createControls Loaded all Textbox dynamically
10/4/2019 1:46:37 PM: createControls Loaded all Textbox dynamically
10/4/2019 1:46:37 PM: createControls Finished
10/4/2019 1:46:58 PM: createControls Started
10/4/2019 1:46:58 PM: createControls Loaded all Textbox dynamically
10/4/2019 1:46:58 PM: createControls Loaded all Textbox dynamically
10/4/2019 1:46:58 PM: createControls Loaded all Textbox dynamically
10/4/2019 1:46:58 PM: createControls Loaded all Textbox dynamically
10/4/2019 1:46:58 PM: createControls Loaded all Textbox dynamically
10/4/2019 1:46:58 PM: createControls Loaded all Textbox dynamically
10/4/2019 1:46:58 PM: createControls Loaded all Textbox dynamically
10/4/2019 1:46:58 PM: createControls Loaded all Textbox dynamically
10/4/2019 1:46:58 PM: createControls Loaded all Textbox dynamically
10/4/2019 1:46:58 PM: createControls Finished
10/4/2019 1:46:58 PM: BindQueries started
10/4/2019 1:46:58 PM: BindQueries finished
10/4/2019 1:47:02 PM: createControls Started
10/4/2019 1:47:02 PM: createControls Loaded all Textbox dynamically
10/4/2019 1:47:02 PM: createControls Loaded all Textbox dynamically
10/4/2019 1:47:02 PM: createControls Loaded all Textbox dynamically
10/4/2019 1:47:02 PM: createControls Loaded all Textbox dynamically
10/4/2019 1:47:02 PM: createControls Loaded all Textbox dynamically
10/4/2019 1:47:02 PM: createControls Loaded all Textbox dynamically
10/4/2019 1:47:02 PM: createControls Loaded all Textbox dynamically
10/4/2019 1:47:02 PM: createControls Loaded all Textbox dynamically
10/4/2019 1:47:02 PM: createControls Loaded all Textbox dynamically
10/4/2019 1:47:02 PM: createControls Finished
10/4/2019 1:47:02 PM: GetTemplatefieldDetails started
10/4/2019 1:47:02 PM: GetTemplatefieldDetails finished
10/4/2019 1:47:14 PM: createControls Started
10/4/2019 1:47:14 PM: createControls Loaded all Textbox dynamically
10/4/2019 1:47:14 PM: createControls Loaded all Textbox dynamically
10/4/2019 1:47:14 PM: createControls Loaded all Textbox dynamically
10/4/2019 1:47:14 PM: createControls Loaded all Textbox dynamically
10/4/2019 1:47:14 PM: createControls Loaded all Textbox dynamically
10/4/2019 1:47:14 PM: createControls Loaded all Textbox dynamically
10/4/2019 1:47:14 PM: createControls Loaded all Textbox dynamically
10/4/2019 1:47:14 PM: createControls Loaded all Textbox dynamically
10/4/2019 1:47:14 PM: createControls Loaded all Textbox dynamically
10/4/2019 1:47:14 PM: createControls Finished
10/4/2019 1:47:14 PM: GetTemplatefieldDetails started
10/4/2019 1:47:14 PM: GetTemplatefieldDetails finished
10/4/2019 1:47:17 PM: createControls Started
10/4/2019 1:47:17 PM: createControls Loaded all Textbox dynamically
10/4/2019 1:47:17 PM: createControls Loaded all Textbox dynamically
10/4/2019 1:47:17 PM: createControls Loaded all Textbox dynamically
10/4/2019 1:47:17 PM: createControls Loaded all Textbox dynamically
10/4/2019 1:47:17 PM: createControls Loaded all Textbox dynamically
10/4/2019 1:47:17 PM: createControls Loaded all Textbox dynamically
10/4/2019 1:47:17 PM: createControls Loaded all Textbox dynamically
10/4/2019 1:47:17 PM: createControls Loaded all Textbox dynamically
10/4/2019 1:47:17 PM: createControls Loaded all Textbox dynamically
10/4/2019 1:47:17 PM: createControls Finished
10/4/2019 1:47:17 PM: GetTemplatefieldDetails started
10/4/2019 1:47:17 PM: GetTemplatefieldDetails finished
10/4/2019 1:47:32 PM: createControls Started
10/4/2019 1:47:32 PM: createControls Loaded all Textbox dynamically
10/4/2019 1:47:32 PM: createControls Loaded all Textbox dynamically
10/4/2019 1:47:32 PM: createControls Loaded all Textbox dynamically
10/4/2019 1:47:32 PM: createControls Loaded all Textbox dynamically
10/4/2019 1:47:32 PM: createControls Loaded all Textbox dynamically
10/4/2019 1:47:32 PM: createControls Loaded all Textbox dynamically
10/4/2019 1:47:32 PM: createControls Loaded all Textbox dynamically
10/4/2019 1:47:32 PM: createControls Loaded all Textbox dynamically
10/4/2019 1:47:32 PM: createControls Loaded all Textbox dynamically
10/4/2019 1:47:32 PM: createControls Finished
10/4/2019 1:47:32 PM: GetTemplatefieldDetails started
10/4/2019 1:47:32 PM: GetTemplatefieldDetails finished
10/4/2019 1:47:36 PM: createControls Started
10/4/2019 1:47:36 PM: createControls Loaded all Textbox dynamically
10/4/2019 1:47:36 PM: createControls Loaded all Textbox dynamically
10/4/2019 1:47:36 PM: createControls Loaded all Textbox dynamically
10/4/2019 1:47:36 PM: createControls Loaded all Textbox dynamically
10/4/2019 1:47:36 PM: createControls Loaded all Textbox dynamically
10/4/2019 1:47:36 PM: createControls Loaded all Textbox dynamically
10/4/2019 1:47:36 PM: createControls Loaded all Textbox dynamically
10/4/2019 1:47:36 PM: createControls Loaded all Textbox dynamically
10/4/2019 1:47:36 PM: createControls Loaded all Textbox dynamically
10/4/2019 1:47:36 PM: createControls Finished
10/4/2019 1:47:36 PM: BindQueries started
10/4/2019 1:47:36 PM: BindQueries finished
10/4/2019 1:47:37 PM: createControls Started
10/4/2019 1:47:37 PM: createControls Loaded all Textbox dynamically
10/4/2019 1:47:37 PM: createControls Loaded all Textbox dynamically
10/4/2019 1:47:37 PM: createControls Loaded all Textbox dynamically
10/4/2019 1:47:37 PM: createControls Loaded all Textbox dynamically
10/4/2019 1:47:37 PM: createControls Loaded all Textbox dynamically
10/4/2019 1:47:37 PM: createControls Loaded all Textbox dynamically
10/4/2019 1:47:37 PM: createControls Loaded all Textbox dynamically
10/4/2019 1:47:37 PM: createControls Loaded all Textbox dynamically
10/4/2019 1:47:37 PM: createControls Loaded all Textbox dynamically
10/4/2019 1:47:37 PM: createControls Finished
10/4/2019 1:47:37 PM: GetTemplatefieldDetails started
10/4/2019 1:47:37 PM: GetTemplatefieldDetails finished
10/4/2019 1:47:42 PM: createControls Started
10/4/2019 1:47:42 PM: createControls Loaded all Textbox dynamically
10/4/2019 1:47:42 PM: createControls Loaded all Textbox dynamically
10/4/2019 1:47:42 PM: createControls Loaded all Textbox dynamically
10/4/2019 1:47:42 PM: createControls Loaded all Textbox dynamically
10/4/2019 1:47:42 PM: createControls Loaded all Textbox dynamically
10/4/2019 1:47:42 PM: createControls Loaded all Textbox dynamically
10/4/2019 1:47:42 PM: createControls Loaded all Textbox dynamically
10/4/2019 1:47:42 PM: createControls Loaded all Textbox dynamically
10/4/2019 1:47:42 PM: createControls Loaded all Textbox dynamically
10/4/2019 1:47:42 PM: createControls Finished
10/4/2019 1:47:42 PM: BindQueries started
10/4/2019 1:47:42 PM: BindQueries finished
10/4/2019 1:47:44 PM: createControls Started
10/4/2019 1:47:44 PM: createControls Loaded all Textbox dynamically
10/4/2019 1:47:44 PM: createControls Loaded all Textbox dynamically
10/4/2019 1:47:44 PM: createControls Loaded all Textbox dynamically
10/4/2019 1:47:44 PM: createControls Loaded all Textbox dynamically
10/4/2019 1:47:44 PM: createControls Loaded all Textbox dynamically
10/4/2019 1:47:44 PM: createControls Loaded all Textbox dynamically
10/4/2019 1:47:44 PM: createControls Loaded all Textbox dynamically
10/4/2019 1:47:44 PM: createControls Loaded all Textbox dynamically
10/4/2019 1:47:44 PM: createControls Loaded all Textbox dynamically
10/4/2019 1:47:44 PM: createControls Finished
10/4/2019 1:47:44 PM: GetTemplatefieldDetails started
10/4/2019 1:47:44 PM: GetTemplatefieldDetails finished
10/4/2019 1:47:47 PM: createControls Started
10/4/2019 1:47:47 PM: createControls Loaded all Textbox dynamically
10/4/2019 1:47:47 PM: createControls Loaded all Textbox dynamically
10/4/2019 1:47:47 PM: createControls Loaded all Textbox dynamically
10/4/2019 1:47:47 PM: createControls Loaded all Textbox dynamically
10/4/2019 1:47:47 PM: createControls Loaded all Textbox dynamically
10/4/2019 1:47:47 PM: createControls Loaded all Textbox dynamically
10/4/2019 1:47:47 PM: createControls Loaded all Textbox dynamically
10/4/2019 1:47:47 PM: createControls Loaded all Textbox dynamically
10/4/2019 1:47:47 PM: createControls Loaded all Textbox dynamically
10/4/2019 1:47:47 PM: createControls Finished
10/4/2019 1:47:47 PM: AddQuery started
10/4/2019 1:47:47 PM: btnAddClauseClick started
10/4/2019 1:47:47 PM: btnAddClauseClick finished
10/4/2019 1:47:47 PM: AddQuery finished
10/4/2019 1:47:56 PM: createControls Started
10/4/2019 1:47:56 PM: createControls Loaded all Textbox dynamically
10/4/2019 1:47:56 PM: createControls Loaded all Textbox dynamically
10/4/2019 1:47:56 PM: createControls Loaded all Textbox dynamically
10/4/2019 1:47:56 PM: createControls Loaded all Textbox dynamically
10/4/2019 1:47:56 PM: createControls Loaded all Textbox dynamically
10/4/2019 1:47:56 PM: createControls Loaded all Textbox dynamically
10/4/2019 1:47:56 PM: createControls Loaded all Textbox dynamically
10/4/2019 1:47:56 PM: createControls Loaded all Textbox dynamically
10/4/2019 1:47:56 PM: createControls Loaded all Textbox dynamically
10/4/2019 1:47:56 PM: createControls Finished
10/4/2019 1:47:56 PM: btnSaveQueryClick started
10/4/2019 1:47:56 PM: Save button click, query executedTrue
10/4/2019 1:47:56 PM: BindQueries started
10/4/2019 1:47:56 PM: BindQueries finished
10/4/2019 1:47:56 PM: btnSaveQueryClick finished
10/4/2019 1:47:58 PM: createControls Started
10/4/2019 1:47:58 PM: createControls Loaded all Textbox dynamically
10/4/2019 1:47:58 PM: createControls Loaded all Textbox dynamically
10/4/2019 1:47:58 PM: createControls Loaded all Textbox dynamically
10/4/2019 1:47:58 PM: createControls Loaded all Textbox dynamically
10/4/2019 1:47:58 PM: createControls Loaded all Textbox dynamically
10/4/2019 1:47:58 PM: createControls Loaded all Textbox dynamically
10/4/2019 1:47:58 PM: createControls Loaded all Textbox dynamically
10/4/2019 1:47:58 PM: createControls Loaded all Textbox dynamically
10/4/2019 1:47:58 PM: createControls Loaded all Textbox dynamically
10/4/2019 1:47:58 PM: createControls Finished
10/4/2019 1:47:58 PM: EditQuery started
10/4/2019 1:47:58 PM: Editquery with total records retrieved : 1
10/4/2019 1:47:58 PM: Editquery queryclauses retrieved properly: 
10/4/2019 1:47:58 PM: EditQuery finished
10/4/2019 1:48:01 PM: createControls Started
10/4/2019 1:48:01 PM: createControls Loaded all Textbox dynamically
10/4/2019 1:48:01 PM: createControls Loaded all Textbox dynamically
10/4/2019 1:48:01 PM: createControls Loaded all Textbox dynamically
10/4/2019 1:48:01 PM: createControls Loaded all Textbox dynamically
10/4/2019 1:48:01 PM: createControls Loaded all Textbox dynamically
10/4/2019 1:48:01 PM: createControls Loaded all Textbox dynamically
10/4/2019 1:48:01 PM: createControls Loaded all Textbox dynamically
10/4/2019 1:48:01 PM: createControls Loaded all Textbox dynamically
10/4/2019 1:48:01 PM: createControls Loaded all Textbox dynamically
10/4/2019 1:48:01 PM: createControls Finished
10/4/2019 1:48:13 PM: Delete Click,delete query execute  
10/4/2019 1:48:15 PM: BindQueries started
10/4/2019 1:48:15 PM: BindQueries finished
10/4/2019 1:48:15 PM: BindQueries() executed from delete click 
10/4/2019 1:48:23 PM: createControls Started
10/4/2019 1:48:23 PM: createControls Loaded all Textbox dynamically
10/4/2019 1:48:23 PM: createControls Loaded all Textbox dynamically
10/4/2019 1:48:23 PM: createControls Loaded all Textbox dynamically
10/4/2019 1:48:23 PM: createControls Loaded all Textbox dynamically
10/4/2019 1:48:23 PM: createControls Loaded all Textbox dynamically
10/4/2019 1:48:23 PM: createControls Loaded all Textbox dynamically
10/4/2019 1:48:23 PM: createControls Loaded all Textbox dynamically
10/4/2019 1:48:23 PM: createControls Loaded all Textbox dynamically
10/4/2019 1:48:23 PM: createControls Loaded all Textbox dynamically
10/4/2019 1:48:23 PM: createControls Finished
10/4/2019 1:48:23 PM: GetTemplatefieldDetails started
10/4/2019 1:48:23 PM: GetTemplatefieldDetails finished
10/4/2019 1:48:24 PM: createControls Started
10/4/2019 1:48:24 PM: createControls Loaded all Textbox dynamically
10/4/2019 1:48:24 PM: createControls Loaded all Textbox dynamically
10/4/2019 1:48:24 PM: createControls Loaded all Textbox dynamically
10/4/2019 1:48:24 PM: createControls Loaded all Textbox dynamically
10/4/2019 1:48:24 PM: createControls Loaded all Textbox dynamically
10/4/2019 1:48:24 PM: createControls Loaded all Textbox dynamically
10/4/2019 1:48:24 PM: createControls Loaded all Textbox dynamically
10/4/2019 1:48:24 PM: createControls Loaded all Textbox dynamically
10/4/2019 1:48:24 PM: createControls Loaded all Textbox dynamically
10/4/2019 1:48:24 PM: createControls Finished
10/4/2019 1:48:24 PM: GetTemplatefieldDetails started
10/4/2019 1:48:24 PM: GetTemplatefieldDetails finished
10/4/2019 1:48:30 PM: createControls Started
10/4/2019 1:48:30 PM: createControls Loaded all Textbox dynamically
10/4/2019 1:48:30 PM: createControls Loaded all Textbox dynamically
10/4/2019 1:48:30 PM: createControls Loaded all Textbox dynamically
10/4/2019 1:48:30 PM: createControls Loaded all Textbox dynamically
10/4/2019 1:48:30 PM: createControls Loaded all Textbox dynamically
10/4/2019 1:48:30 PM: createControls Loaded all Textbox dynamically
10/4/2019 1:48:30 PM: createControls Loaded all Textbox dynamically
10/4/2019 1:48:30 PM: createControls Loaded all Textbox dynamically
10/4/2019 1:48:30 PM: createControls Loaded all Textbox dynamically
10/4/2019 1:48:30 PM: createControls Finished
10/4/2019 1:48:30 PM: AddQuery started
10/4/2019 1:48:30 PM: btnAddClauseClick started
10/4/2019 1:48:30 PM: btnAddClauseClick finished
10/4/2019 1:48:30 PM: AddQuery finished
10/4/2019 1:48:35 PM: createControls Started
10/4/2019 1:48:35 PM: createControls Loaded all Textbox dynamically
10/4/2019 1:48:35 PM: createControls Loaded all Textbox dynamically
10/4/2019 1:48:35 PM: createControls Loaded all Textbox dynamically
10/4/2019 1:48:35 PM: createControls Loaded all Textbox dynamically
10/4/2019 1:48:35 PM: createControls Loaded all Textbox dynamically
10/4/2019 1:48:35 PM: createControls Loaded all Textbox dynamically
10/4/2019 1:48:35 PM: createControls Loaded all Textbox dynamically
10/4/2019 1:48:35 PM: createControls Loaded all Textbox dynamically
10/4/2019 1:48:35 PM: createControls Loaded all Textbox dynamically
10/4/2019 1:48:35 PM: createControls Finished
10/4/2019 1:48:35 PM: btnSaveQueryClick started
10/4/2019 1:48:39 PM: createControls Started
10/4/2019 1:48:39 PM: createControls Loaded all Textbox dynamically
10/4/2019 1:48:39 PM: createControls Loaded all Textbox dynamically
10/4/2019 1:48:39 PM: createControls Loaded all Textbox dynamically
10/4/2019 1:48:39 PM: createControls Loaded all Textbox dynamically
10/4/2019 1:48:39 PM: createControls Loaded all Textbox dynamically
10/4/2019 1:48:39 PM: createControls Loaded all Textbox dynamically
10/4/2019 1:48:39 PM: createControls Loaded all Textbox dynamically
10/4/2019 1:48:39 PM: createControls Loaded all Textbox dynamically
10/4/2019 1:48:39 PM: createControls Loaded all Textbox dynamically
10/4/2019 1:48:39 PM: createControls Finished
10/4/2019 1:48:39 PM: btnSaveQueryClick started
10/4/2019 1:48:39 PM: Save button click, query executedTrue
10/4/2019 1:48:39 PM: BindQueries started
10/4/2019 1:48:39 PM: BindQueries finished
10/4/2019 1:48:39 PM: btnSaveQueryClick finished
10/4/2019 1:48:42 PM: createControls Started
10/4/2019 1:48:42 PM: createControls Loaded all Textbox dynamically
10/4/2019 1:48:42 PM: createControls Loaded all Textbox dynamically
10/4/2019 1:48:42 PM: createControls Loaded all Textbox dynamically
10/4/2019 1:48:42 PM: createControls Loaded all Textbox dynamically
10/4/2019 1:48:42 PM: createControls Loaded all Textbox dynamically
10/4/2019 1:48:42 PM: createControls Loaded all Textbox dynamically
10/4/2019 1:48:42 PM: createControls Loaded all Textbox dynamically
10/4/2019 1:48:42 PM: createControls Loaded all Textbox dynamically
10/4/2019 1:48:42 PM: createControls Loaded all Textbox dynamically
10/4/2019 1:48:42 PM: createControls Finished
10/4/2019 1:48:42 PM: EditQuery started
10/4/2019 1:48:42 PM: Editquery with total records retrieved : 1
10/4/2019 1:48:42 PM: Editquery queryclauses retrieved properly: 
10/4/2019 1:48:42 PM: EditQuery finished
10/4/2019 1:48:47 PM: createControls Started
10/4/2019 1:48:47 PM: createControls Loaded all Textbox dynamically
10/4/2019 1:48:47 PM: createControls Loaded all Textbox dynamically
10/4/2019 1:48:47 PM: createControls Loaded all Textbox dynamically
10/4/2019 1:48:47 PM: createControls Loaded all Textbox dynamically
10/4/2019 1:48:47 PM: createControls Loaded all Textbox dynamically
10/4/2019 1:48:47 PM: createControls Loaded all Textbox dynamically
10/4/2019 1:48:47 PM: createControls Loaded all Textbox dynamically
10/4/2019 1:48:47 PM: createControls Loaded all Textbox dynamically
10/4/2019 1:48:47 PM: createControls Loaded all Textbox dynamically
10/4/2019 1:48:47 PM: createControls Finished
10/4/2019 1:48:54 PM: Delete Click,delete query execute  
10/4/2019 1:48:54 PM: BindQueries started
10/4/2019 1:48:54 PM: BindQueries finished
10/4/2019 1:48:54 PM: BindQueries() executed from delete click 
10/4/2019 1:48:58 PM: createControls Started
10/4/2019 1:48:58 PM: createControls Loaded all Textbox dynamically
10/4/2019 1:48:58 PM: createControls Loaded all Textbox dynamically
10/4/2019 1:48:58 PM: createControls Loaded all Textbox dynamically
10/4/2019 1:48:58 PM: createControls Loaded all Textbox dynamically
10/4/2019 1:48:58 PM: createControls Loaded all Textbox dynamically
10/4/2019 1:48:58 PM: createControls Loaded all Textbox dynamically
10/4/2019 1:48:58 PM: createControls Loaded all Textbox dynamically
10/4/2019 1:48:58 PM: createControls Loaded all Textbox dynamically
10/4/2019 1:48:58 PM: createControls Loaded all Textbox dynamically
10/4/2019 1:48:58 PM: createControls Finished
