5/12/2021 1:12:13 PM: GetIndexFieldsByTemplateId Started
5/12/2021 1:12:13 PM: GetIndexFieldsByTemplateId Finished
5/12/2021 1:47:21 PM: GetIndexFieldsByTemplateId Started
5/12/2021 1:47:21 PM: GetIndexFieldsByTemplateId Finished
5/12/2021 3:47:15 PM: GetIndexFieldsByTemplateId Started
5/12/2021 3:47:16 PM: GetIndexFieldsByTemplateId Finished
5/12/2021 4:19:25 PM: GetIndexFieldsByTemplateId Started
5/12/2021 4:19:25 PM: GetIndexFieldsByTemplateId Finished
5/12/2021 4:22:21 PM: GetIndexFieldsByTemplateId Started
5/12/2021 4:22:21 PM: GetIndexFieldsByTemplateId Finished
5/12/2021 7:38:28 PM: GetIndexFieldsByTemplateId Started
5/12/2021 7:38:28 PM: GetIndexFieldsByTemplateId Finished
5/12/2021 7:40:54 PM: GetIndexFieldsByTemplateId Started
5/12/2021 7:40:54 PM: GetIndexFieldsByTemplateId Finished
5/12/2021 8:28:11 PM: GetIndexFieldsByTemplateId Started
5/12/2021 8:28:11 PM: GetIndexFieldsByTemplateId Finished
5/12/2021 8:36:37 PM: GetIndexFieldsByTemplateId Started
5/12/2021 8:36:37 PM: GetIndexFieldsByTemplateId Finished
5/12/2021 8:39:53 PM: GetIndexFieldsByTemplateId Started
5/12/2021 8:39:53 PM: GetIndexFieldsByTemplateId Finished
5/12/2021 8:42:25 PM: GetIndexFieldsByTemplateId Started
5/12/2021 8:42:25 PM: GetIndexFieldsByTemplateId Finished
5/12/2021 8:43:48 PM: GetIndexFieldsByTemplateId Started
5/12/2021 8:43:48 PM: GetIndexFieldsByTemplateId Finished
5/12/2021 8:45:52 PM: GetIndexFieldsByTemplateId Started
5/12/2021 8:45:52 PM: GetIndexFieldsByTemplateId Finished
5/12/2021 9:26:33 PM: GetIndexFieldsByTemplateId Started
5/12/2021 9:26:33 PM: GetIndexFieldsByTemplateId Finished
5/12/2021 9:26:41 PM: GetIndexFieldsByTemplateId Started
5/12/2021 9:26:41 PM: GetIndexFieldsByTemplateId Finished
5/12/2021 9:27:05 PM: GetIndexFieldsByTemplateId Started
5/12/2021 9:27:05 PM: GetIndexFieldsByTemplateId Finished
5/12/2021 9:29:37 PM: GetIndexFieldsByTemplateId Started
5/12/2021 9:29:37 PM: GetIndexFieldsByTemplateId Finished
5/12/2021 9:31:59 PM: GetIndexFieldsByTemplateId Started
5/12/2021 9:31:59 PM: GetIndexFieldsByTemplateId Finished
5/12/2021 9:32:06 PM: GetIndexFieldsByTemplateId Started
5/12/2021 9:32:06 PM: GetIndexFieldsByTemplateId Finished
5/12/2021 9:32:33 PM: GetIndexFieldsByTemplateId Started
5/12/2021 9:32:34 PM: GetIndexFieldsByTemplateId Finished
5/12/2021 9:39:44 PM: GetIndexFieldsByTemplateId Started
5/12/2021 9:39:44 PM: GetIndexFieldsByTemplateId Finished
5/12/2021 9:54:04 PM: GetIndexFieldsByTemplateId Started
5/12/2021 9:54:04 PM: GetIndexFieldsByTemplateId Finished
5/12/2021 9:57:07 PM: GetIndexFieldsByTemplateId Started
5/12/2021 9:57:07 PM: GetIndexFieldsByTemplateId Finished
5/12/2021 9:58:12 PM: GetIndexFieldsByTemplateId Started
5/12/2021 9:58:12 PM: GetIndexFieldsByTemplateId Finished
5/12/2021 9:58:23 PM: GetTemplateDetails started
5/12/2021 9:58:24 PM: generatecontrols Started
5/12/2021 9:58:24 PM: GenerateControls:Loaded all Textbox dynamically
5/12/2021 9:58:24 PM: GenerateControls:Loaded all Textbox dynamically
5/12/2021 9:58:24 PM: GenerateControls:Loaded all Textbox dynamically
5/12/2021 9:58:24 PM: GenerateControls:Loaded all Textbox dynamically
5/12/2021 9:58:24 PM: GenerateControls:Loaded all Textbox dynamically
5/12/2021 9:58:24 PM: BindDocumentType started
5/12/2021 9:58:24 PM: BindDocumentType finished
5/12/2021 9:58:24 PM: createControls Started
5/12/2021 9:58:24 PM: createControls Loaded all Textbox dynamically
5/12/2021 9:58:24 PM: createControls Loaded all Textbox dynamically
5/12/2021 9:58:24 PM: createControls Loaded all Textbox dynamically
5/12/2021 9:58:24 PM: createControls Loaded all Textbox dynamically
5/12/2021 9:58:24 PM: createControls Loaded all Textbox dynamically
5/12/2021 9:58:24 PM: createControls Finished
5/12/2021 9:58:33 PM: GetIndexFieldsByTemplateId Started
5/12/2021 9:58:33 PM: GetIndexFieldsByTemplateId Finished
5/12/2021 9:59:42 PM: GetIndexFieldsByTemplateId Started
5/12/2021 9:59:42 PM: GetIndexFieldsByTemplateId Finished
5/12/2021 9:59:48 PM: GetTemplateDetails started
5/12/2021 9:59:48 PM: generatecontrols Started
5/12/2021 9:59:48 PM: GenerateControls:Loaded all Textbox dynamically
5/12/2021 9:59:48 PM: GenerateControls:Loaded all Textbox dynamically
5/12/2021 9:59:48 PM: GenerateControls:Loaded all Textbox dynamically
5/12/2021 9:59:48 PM: GenerateControls:Loaded all Textbox dynamically
5/12/2021 9:59:48 PM: GenerateControls:Loaded all Textbox dynamically
5/12/2021 9:59:48 PM: BindDocumentType started
5/12/2021 9:59:48 PM: BindDocumentType finished
5/12/2021 9:59:48 PM: createControls Started
5/12/2021 9:59:48 PM: createControls Loaded all Textbox dynamically
5/12/2021 9:59:48 PM: createControls Loaded all Textbox dynamically
5/12/2021 9:59:48 PM: createControls Loaded all Textbox dynamically
5/12/2021 9:59:48 PM: createControls Loaded all Textbox dynamically
5/12/2021 9:59:48 PM: createControls Loaded all Textbox dynamically
5/12/2021 9:59:48 PM: createControls Finished
5/12/2021 10:00:32 PM: GetIndexFieldsByTemplateId Started
5/12/2021 10:00:32 PM: GetIndexFieldsByTemplateId Finished
5/12/2021 10:01:25 PM: GetIndexFieldsByTemplateId Started
5/12/2021 10:01:25 PM: GetIndexFieldsByTemplateId Finished
5/12/2021 10:07:38 PM: GetTemplateDetails started
5/12/2021 10:07:38 PM: generatecontrols Started
5/12/2021 10:07:39 PM: GenerateControls:Loaded all Textbox dynamically
5/12/2021 10:07:39 PM: GenerateControls:Loaded all Textbox dynamically
5/12/2021 10:07:39 PM: GenerateControls:Loaded all Textbox dynamically
5/12/2021 10:07:39 PM: GenerateControls:Loaded all Textbox dynamically
5/12/2021 10:07:39 PM: GenerateControls:Loaded all Textbox dynamically
5/12/2021 10:07:39 PM: BindDocumentType started
5/12/2021 10:07:39 PM: BindDocumentType finished
5/12/2021 10:07:39 PM: createControls Started
5/12/2021 10:07:39 PM: createControls Loaded all Textbox dynamically
5/12/2021 10:07:39 PM: createControls Loaded all Textbox dynamically
5/12/2021 10:07:39 PM: createControls Loaded all Textbox dynamically
5/12/2021 10:07:39 PM: createControls Loaded all Textbox dynamically
5/12/2021 10:07:39 PM: createControls Loaded all Textbox dynamically
5/12/2021 10:07:39 PM: createControls Finished
5/12/2021 10:17:44 PM: GetIndexFieldsByTemplateId Started
5/12/2021 10:17:45 PM: GetIndexFieldsByTemplateId Finished
5/12/2021 10:23:13 PM: GetIndexFieldsByTemplateId Started
5/12/2021 10:23:13 PM: GetIndexFieldsByTemplateId Finished
