12/29/2017 5:05:17 PM: GetIndexFieldsByTemplateId Started
12/29/2017 5:05:17 PM: GetIndexFieldsByTemplateId Finished
12/29/2017 5:05:27 PM: createControls Started
12/29/2017 5:05:27 PM: createControls Finished
12/29/2017 5:05:27 PM: generatecontrols Started
12/29/2017 5:05:27 PM: Calling database to get reference id and watermark.
12/29/2017 5:05:27 PM: Database returned result: PA_OR_525_254_1015|
12/29/2017 5:05:31 PM: createControls Started
12/29/2017 5:05:31 PM: Create controls,Load all Textbox dynamic
12/29/2017 5:05:31 PM: Create controls,Load all Textbox dynamic
12/29/2017 5:05:31 PM: Create controls,Load all Textbox dynamic
12/29/2017 5:05:31 PM: Create controls,Load all Textbox dynamic
12/29/2017 5:05:31 PM: Create controls,Load all Textbox dynamic
12/29/2017 5:05:31 PM: Create controls,Load all Textbox dynamic
12/29/2017 5:05:31 PM: Create controls,Load all Textbox dynamic
12/29/2017 5:05:31 PM: Create controls,Load all Textbox dynamic
12/29/2017 5:05:31 PM: Create controls,Load all Textbox dynamic
12/29/2017 5:05:31 PM: Create controls,Load all Textbox dynamic
12/29/2017 5:05:31 PM: Create controls,Load all Textbox dynamic
12/29/2017 5:05:31 PM: Create controls,Load all Textbox dynamic
12/29/2017 5:05:31 PM: Create controls,Load all Textbox dynamic
12/29/2017 5:05:31 PM: Createcontrols,Load all Dropdownlist dynamic
12/29/2017 5:05:31 PM: createControls Finished
12/29/2017 5:05:33 PM: createControls Started
12/29/2017 5:05:33 PM: Create controls,Load all Textbox dynamic
12/29/2017 5:05:33 PM: Create controls,Load all Textbox dynamic
12/29/2017 5:05:33 PM: Create controls,Load all Textbox dynamic
12/29/2017 5:05:33 PM: Create controls,Load all Textbox dynamic
12/29/2017 5:05:33 PM: Create controls,Load all Textbox dynamic
12/29/2017 5:05:33 PM: Create controls,Load all Textbox dynamic
12/29/2017 5:05:33 PM: Create controls,Load all Textbox dynamic
12/29/2017 5:05:33 PM: Create controls,Load all Textbox dynamic
12/29/2017 5:05:33 PM: Create controls,Load all Textbox dynamic
12/29/2017 5:05:33 PM: Create controls,Load all Textbox dynamic
12/29/2017 5:05:33 PM: Create controls,Load all Textbox dynamic
12/29/2017 5:05:33 PM: Create controls,Load all Textbox dynamic
12/29/2017 5:05:33 PM: Create controls,Load all Textbox dynamic
12/29/2017 5:05:33 PM: Createcontrols,Load all Dropdownlist dynamic
12/29/2017 5:05:33 PM: createControls Finished
12/29/2017 5:05:33 PM: generatecontrols Started
12/29/2017 5:05:33 PM: Calling database to get reference id and watermark.
12/29/2017 5:05:33 PM: Database returned result: PA_OR_525_254_1015|
12/29/2017 5:05:33 PM: Generatecontrols,Load all Textbox dynamic
12/29/2017 5:05:33 PM: Generatecontrols,Load all Textbox dynamic
12/29/2017 5:05:33 PM: Generatecontrols,Load all Textbox dynamic
12/29/2017 5:05:33 PM: Generatecontrols,Load all Textbox dynamic
12/29/2017 5:05:33 PM: Generatecontrols,Load all Textbox dynamic
12/29/2017 5:05:33 PM: Generatecontrols,Load all Textbox dynamic
12/29/2017 5:05:33 PM: Generatecontrols,Load all Textbox dynamic
12/29/2017 5:05:33 PM: Generatecontrols,Load all Textbox dynamic
12/29/2017 5:05:33 PM: Generatecontrols,Load all Textbox dynamic
12/29/2017 5:05:33 PM: Generatecontrols,Load all Textbox dynamic
12/29/2017 5:05:33 PM: Generatecontrols,Load all Textbox dynamic
12/29/2017 5:05:33 PM: Generatecontrols,Load all Textbox dynamic
12/29/2017 5:05:33 PM: Generatecontrols,Load all Textbox dynamic
12/29/2017 5:05:33 PM: generatecontrols,Load all Dropdownlist dynamic
12/29/2017 5:05:45 PM: GetIndexFieldsByTemplateId Started
12/29/2017 5:05:45 PM: GetIndexFieldsByTemplateId Finished
12/29/2017 5:06:06 PM: createControls Started
12/29/2017 5:06:06 PM: Create controls,Load all Textbox dynamic
12/29/2017 5:06:06 PM: Create controls,Load all Textbox dynamic
12/29/2017 5:06:06 PM: Create controls,Load all Textbox dynamic
12/29/2017 5:06:06 PM: Create controls,Load all Textbox dynamic
12/29/2017 5:06:06 PM: Create controls,Load all Textbox dynamic
12/29/2017 5:06:06 PM: Create controls,Load all Textbox dynamic
12/29/2017 5:06:06 PM: Create controls,Load all Textbox dynamic
12/29/2017 5:06:06 PM: Create controls,Load all Textbox dynamic
12/29/2017 5:06:06 PM: Create controls,Load all Textbox dynamic
12/29/2017 5:06:06 PM: Create controls,Load all Textbox dynamic
12/29/2017 5:06:06 PM: Create controls,Load all Textbox dynamic
12/29/2017 5:06:06 PM: Create controls,Load all Textbox dynamic
12/29/2017 5:06:06 PM: Create controls,Load all Textbox dynamic
12/29/2017 5:06:06 PM: Createcontrols,Load all Dropdownlist dynamic
12/29/2017 5:06:06 PM: createControls Finished
12/29/2017 5:06:06 PM: generatecontrols Started
12/29/2017 5:06:06 PM: Calling database to get reference id and watermark.
12/29/2017 5:06:06 PM: Database returned result: PA_AD_525_254_1015|
12/29/2017 5:06:06 PM: Generatecontrols,Load all Textbox dynamic
12/29/2017 5:06:06 PM: Generatecontrols,Load all Textbox dynamic
12/29/2017 5:06:06 PM: Generatecontrols,Load all Textbox dynamic
12/29/2017 5:06:06 PM: Generatecontrols,Load all Textbox dynamic
12/29/2017 5:06:06 PM: Generatecontrols,Load all Textbox dynamic
12/29/2017 5:06:06 PM: Generatecontrols,Load all Textbox dynamic
12/29/2017 5:06:06 PM: Generatecontrols,Load all Textbox dynamic
12/29/2017 5:06:06 PM: Generatecontrols,Load all Textbox dynamic
12/29/2017 5:06:06 PM: Generatecontrols,Load all Textbox dynamic
12/29/2017 5:06:06 PM: Generatecontrols,Load all Textbox dynamic
12/29/2017 5:06:06 PM: Generatecontrols,Load all Textbox dynamic
12/29/2017 5:06:06 PM: Generatecontrols,Load all Textbox dynamic
12/29/2017 5:06:06 PM: Generatecontrols,Load all Textbox dynamic
12/29/2017 5:06:06 PM: generatecontrols,Load all Dropdownlist dynamic
12/29/2017 5:06:11 PM: createControls Started
12/29/2017 5:06:11 PM: Create controls,Load all Textbox dynamic
12/29/2017 5:06:11 PM: Create controls,Load all Textbox dynamic
12/29/2017 5:06:11 PM: Create controls,Load all Textbox dynamic
12/29/2017 5:06:11 PM: Create controls,Load all Textbox dynamic
12/29/2017 5:06:11 PM: Create controls,Load all Textbox dynamic
12/29/2017 5:06:11 PM: Create controls,Load all Textbox dynamic
12/29/2017 5:06:11 PM: Create controls,Load all Textbox dynamic
12/29/2017 5:06:11 PM: Create controls,Load all Textbox dynamic
12/29/2017 5:06:11 PM: Create controls,Load all Textbox dynamic
12/29/2017 5:06:11 PM: Create controls,Load all Textbox dynamic
12/29/2017 5:06:11 PM: Create controls,Load all Textbox dynamic
12/29/2017 5:06:11 PM: Create controls,Load all Textbox dynamic
12/29/2017 5:06:11 PM: Create controls,Load all Textbox dynamic
12/29/2017 5:06:11 PM: Createcontrols,Load all Dropdownlist dynamic
12/29/2017 5:06:11 PM: createControls Finished
12/29/2017 5:06:11 PM: generatecontrols Started
12/29/2017 5:06:11 PM: Calling database to get reference id and watermark.
12/29/2017 5:06:11 PM: Database returned result: PA_OR_525_254_1015|
12/29/2017 5:06:11 PM: Generatecontrols,Load all Textbox dynamic
12/29/2017 5:06:11 PM: Generatecontrols,Load all Textbox dynamic
12/29/2017 5:06:11 PM: Generatecontrols,Load all Textbox dynamic
12/29/2017 5:06:11 PM: Generatecontrols,Load all Textbox dynamic
12/29/2017 5:06:11 PM: Generatecontrols,Load all Textbox dynamic
12/29/2017 5:06:11 PM: Generatecontrols,Load all Textbox dynamic
12/29/2017 5:06:11 PM: Generatecontrols,Load all Textbox dynamic
12/29/2017 5:06:11 PM: Generatecontrols,Load all Textbox dynamic
12/29/2017 5:06:11 PM: Generatecontrols,Load all Textbox dynamic
12/29/2017 5:06:11 PM: Generatecontrols,Load all Textbox dynamic
12/29/2017 5:06:11 PM: Generatecontrols,Load all Textbox dynamic
12/29/2017 5:06:11 PM: Generatecontrols,Load all Textbox dynamic
12/29/2017 5:06:11 PM: Generatecontrols,Load all Textbox dynamic
12/29/2017 5:06:11 PM: generatecontrols,Load all Dropdownlist dynamic
12/29/2017 5:06:16 PM: createControls Started
12/29/2017 5:06:16 PM: Create controls,Load all Textbox dynamic
12/29/2017 5:06:16 PM: Create controls,Load all Textbox dynamic
12/29/2017 5:06:16 PM: Create controls,Load all Textbox dynamic
12/29/2017 5:06:16 PM: Create controls,Load all Textbox dynamic
12/29/2017 5:06:16 PM: Create controls,Load all Textbox dynamic
12/29/2017 5:06:16 PM: Create controls,Load all Textbox dynamic
12/29/2017 5:06:16 PM: Create controls,Load all Textbox dynamic
12/29/2017 5:06:16 PM: Create controls,Load all Textbox dynamic
12/29/2017 5:06:16 PM: Create controls,Load all Textbox dynamic
12/29/2017 5:06:16 PM: Create controls,Load all Textbox dynamic
12/29/2017 5:06:16 PM: Create controls,Load all Textbox dynamic
12/29/2017 5:06:16 PM: Create controls,Load all Textbox dynamic
12/29/2017 5:06:16 PM: Create controls,Load all Textbox dynamic
12/29/2017 5:06:16 PM: Createcontrols,Load all Dropdownlist dynamic
12/29/2017 5:06:16 PM: createControls Finished
12/29/2017 5:06:16 PM: generatecontrols Started
12/29/2017 5:06:16 PM: Calling database to get reference id and watermark.
12/29/2017 5:06:16 PM: Database returned result: PA_AD_525_254_1015|
12/29/2017 5:06:16 PM: Generatecontrols,Load all Textbox dynamic
12/29/2017 5:06:16 PM: Generatecontrols,Load all Textbox dynamic
12/29/2017 5:06:16 PM: Generatecontrols,Load all Textbox dynamic
12/29/2017 5:06:16 PM: Generatecontrols,Load all Textbox dynamic
12/29/2017 5:06:16 PM: Generatecontrols,Load all Textbox dynamic
12/29/2017 5:06:16 PM: Generatecontrols,Load all Textbox dynamic
12/29/2017 5:06:16 PM: Generatecontrols,Load all Textbox dynamic
12/29/2017 5:06:16 PM: Generatecontrols,Load all Textbox dynamic
12/29/2017 5:06:16 PM: Generatecontrols,Load all Textbox dynamic
12/29/2017 5:06:16 PM: Generatecontrols,Load all Textbox dynamic
12/29/2017 5:06:16 PM: Generatecontrols,Load all Textbox dynamic
12/29/2017 5:06:16 PM: Generatecontrols,Load all Textbox dynamic
12/29/2017 5:06:16 PM: Generatecontrols,Load all Textbox dynamic
12/29/2017 5:06:16 PM: generatecontrols,Load all Dropdownlist dynamic
12/29/2017 5:06:35 PM: GetIndexFieldsByTemplateId Started
12/29/2017 5:06:35 PM: GetIndexFieldsByTemplateId Finished
12/29/2017 5:06:41 PM: createControls Started
12/29/2017 5:06:41 PM: Create controls,Load all Textbox dynamic
12/29/2017 5:06:41 PM: Create controls,Load all Textbox dynamic
12/29/2017 5:06:41 PM: Create controls,Load all Textbox dynamic
12/29/2017 5:06:41 PM: Create controls,Load all Textbox dynamic
12/29/2017 5:06:41 PM: Create controls,Load all Textbox dynamic
12/29/2017 5:06:41 PM: Create controls,Load all Textbox dynamic
12/29/2017 5:06:41 PM: Create controls,Load all Textbox dynamic
12/29/2017 5:06:41 PM: Create controls,Load all Textbox dynamic
12/29/2017 5:06:41 PM: Create controls,Load all Textbox dynamic
12/29/2017 5:06:41 PM: Create controls,Load all Textbox dynamic
12/29/2017 5:06:41 PM: Create controls,Load all Textbox dynamic
12/29/2017 5:06:41 PM: Create controls,Load all Textbox dynamic
12/29/2017 5:06:41 PM: Create controls,Load all Textbox dynamic
12/29/2017 5:06:41 PM: Createcontrols,Load all Dropdownlist dynamic
12/29/2017 5:06:41 PM: createControls Finished
12/29/2017 5:06:41 PM: generatecontrols Started
12/29/2017 5:06:41 PM: Calling database to get reference id and watermark.
12/29/2017 5:06:41 PM: Database returned result: PA_OR_525_254_1015|
12/29/2017 5:06:41 PM: Generatecontrols,Load all Textbox dynamic
12/29/2017 5:06:41 PM: Generatecontrols,Load all Textbox dynamic
12/29/2017 5:06:41 PM: Generatecontrols,Load all Textbox dynamic
12/29/2017 5:06:41 PM: Generatecontrols,Load all Textbox dynamic
12/29/2017 5:06:41 PM: Generatecontrols,Load all Textbox dynamic
12/29/2017 5:06:41 PM: Generatecontrols,Load all Textbox dynamic
12/29/2017 5:06:41 PM: Generatecontrols,Load all Textbox dynamic
12/29/2017 5:06:41 PM: Generatecontrols,Load all Textbox dynamic
12/29/2017 5:06:41 PM: Generatecontrols,Load all Textbox dynamic
12/29/2017 5:06:41 PM: Generatecontrols,Load all Textbox dynamic
12/29/2017 5:06:41 PM: Generatecontrols,Load all Textbox dynamic
12/29/2017 5:06:41 PM: Generatecontrols,Load all Textbox dynamic
12/29/2017 5:06:41 PM: Generatecontrols,Load all Textbox dynamic
12/29/2017 5:06:41 PM: generatecontrols,Load all Dropdownlist dynamic
12/29/2017 5:06:43 PM: createControls Started
12/29/2017 5:06:43 PM: Create controls,Load all Textbox dynamic
12/29/2017 5:06:43 PM: Create controls,Load all Textbox dynamic
12/29/2017 5:06:43 PM: Create controls,Load all Textbox dynamic
12/29/2017 5:06:43 PM: Create controls,Load all Textbox dynamic
12/29/2017 5:06:43 PM: Create controls,Load all Textbox dynamic
12/29/2017 5:06:43 PM: Create controls,Load all Textbox dynamic
12/29/2017 5:06:43 PM: Create controls,Load all Textbox dynamic
12/29/2017 5:06:43 PM: Create controls,Load all Textbox dynamic
12/29/2017 5:06:43 PM: Create controls,Load all Textbox dynamic
12/29/2017 5:06:43 PM: Create controls,Load all Textbox dynamic
12/29/2017 5:06:43 PM: Create controls,Load all Textbox dynamic
12/29/2017 5:06:43 PM: Create controls,Load all Textbox dynamic
12/29/2017 5:06:43 PM: Create controls,Load all Textbox dynamic
12/29/2017 5:06:43 PM: Createcontrols,Load all Dropdownlist dynamic
12/29/2017 5:06:43 PM: createControls Finished
12/29/2017 5:06:46 PM: createControls Started
12/29/2017 5:06:46 PM: Create controls,Load all Textbox dynamic
12/29/2017 5:06:46 PM: Create controls,Load all Textbox dynamic
12/29/2017 5:06:46 PM: Create controls,Load all Textbox dynamic
12/29/2017 5:06:46 PM: Create controls,Load all Textbox dynamic
12/29/2017 5:06:46 PM: Create controls,Load all Textbox dynamic
12/29/2017 5:06:46 PM: Create controls,Load all Textbox dynamic
12/29/2017 5:06:46 PM: Create controls,Load all Textbox dynamic
12/29/2017 5:06:46 PM: Create controls,Load all Textbox dynamic
12/29/2017 5:06:46 PM: Create controls,Load all Textbox dynamic
12/29/2017 5:06:46 PM: Create controls,Load all Textbox dynamic
12/29/2017 5:06:46 PM: Create controls,Load all Textbox dynamic
12/29/2017 5:06:46 PM: Create controls,Load all Textbox dynamic
12/29/2017 5:06:46 PM: Create controls,Load all Textbox dynamic
12/29/2017 5:06:46 PM: Createcontrols,Load all Dropdownlist dynamic
12/29/2017 5:06:46 PM: createControls Finished
12/29/2017 5:06:46 PM: AsyncFileUpload1_UploadedComplete Started
12/29/2017 5:06:46 PM: Started Saving Uploaded Document in AsyncFileUpload1_UploadedComplete 
12/29/2017 5:06:46 PM: Finished Saving Uploaded Document in AsyncFileUpload1_UploadedComplete 
12/29/2017 5:06:46 PM: AsyncFileUpload1_UploadedComplete Pagecount of Image2Pdf().ExtractPages 6
12/29/2017 5:06:46 PM: AsyncFileUpload1_UploadedComplete Finished
12/29/2017 5:06:47 PM: createControls Started
12/29/2017 5:06:47 PM: Create controls,Load all Textbox dynamic
12/29/2017 5:06:47 PM: Create controls,Load all Textbox dynamic
12/29/2017 5:06:47 PM: Create controls,Load all Textbox dynamic
12/29/2017 5:06:47 PM: Create controls,Load all Textbox dynamic
12/29/2017 5:06:47 PM: Create controls,Load all Textbox dynamic
12/29/2017 5:06:47 PM: Create controls,Load all Textbox dynamic
12/29/2017 5:06:47 PM: Create controls,Load all Textbox dynamic
12/29/2017 5:06:47 PM: Create controls,Load all Textbox dynamic
12/29/2017 5:06:47 PM: Create controls,Load all Textbox dynamic
12/29/2017 5:06:47 PM: Create controls,Load all Textbox dynamic
12/29/2017 5:06:47 PM: Create controls,Load all Textbox dynamic
12/29/2017 5:06:47 PM: Create controls,Load all Textbox dynamic
12/29/2017 5:06:47 PM: Create controls,Load all Textbox dynamic
12/29/2017 5:06:47 PM: Createcontrols,Load all Dropdownlist dynamic
12/29/2017 5:06:47 PM: createControls Finished
12/29/2017 5:06:47 PM: btnSubmit_Click Started
12/29/2017 5:06:47 PM: btnSubmit_Click Finished
12/29/2017 5:06:49 PM: createControls Started
12/29/2017 5:06:49 PM: Create controls,Load all Textbox dynamic
12/29/2017 5:06:49 PM: Create controls,Load all Textbox dynamic
12/29/2017 5:06:49 PM: Create controls,Load all Textbox dynamic
12/29/2017 5:06:49 PM: Create controls,Load all Textbox dynamic
12/29/2017 5:06:49 PM: Create controls,Load all Textbox dynamic
12/29/2017 5:06:49 PM: Create controls,Load all Textbox dynamic
12/29/2017 5:06:49 PM: Create controls,Load all Textbox dynamic
12/29/2017 5:06:49 PM: Create controls,Load all Textbox dynamic
12/29/2017 5:06:49 PM: Create controls,Load all Textbox dynamic
12/29/2017 5:06:49 PM: Create controls,Load all Textbox dynamic
12/29/2017 5:06:49 PM: Create controls,Load all Textbox dynamic
12/29/2017 5:06:49 PM: Create controls,Load all Textbox dynamic
12/29/2017 5:06:49 PM: Create controls,Load all Textbox dynamic
12/29/2017 5:06:49 PM: Createcontrols,Load all Dropdownlist dynamic
12/29/2017 5:06:49 PM: createControls Finished
12/29/2017 5:06:49 PM: Started Saving Uploaded Document in Save Button Click
12/29/2017 5:06:49 PM: AsyncFileUpload1_UploadedComplete Started
12/29/2017 5:06:49 PM: AsyncFileUpload1_UploadedComplete Finished
12/29/2017 5:06:49 PM: GetDBFieldName the DBFld UPLOAD_vFld1
12/29/2017 5:06:49 PM: GetDBFieldName the DBFld UPLOAD_vFld2
12/29/2017 5:06:49 PM: GetDBFieldName the DBFld UPLOAD_vFld3
12/29/2017 5:06:49 PM: GetDBFieldName the DBFld UPLOAD_vFld4
12/29/2017 5:06:49 PM: GetDBFieldName the DBFld UPLOAD_vFld5
12/29/2017 5:06:49 PM: GetDBFieldName the DBFld UPLOAD_vFld6
12/29/2017 5:06:49 PM: GetDBFieldName the DBFld UPLOAD_vFld7
12/29/2017 5:06:49 PM: GetDBFieldName the DBFld UPLOAD_vFld8
12/29/2017 5:06:49 PM: GetDBFieldName the DBFld UPLOAD_vFld9
12/29/2017 5:06:49 PM: GetDBFieldName the DBFld UPLOAD_vFld10
12/29/2017 5:06:49 PM: GetDBFieldName the DBFld UPLOAD_vFld11
12/29/2017 5:06:49 PM: GetDBFieldName the DBFld UPLOAD_vFld12
12/29/2017 5:06:49 PM: GetDBFieldName the DBFld UPLOAD_vFld13
12/29/2017 5:06:49 PM: GetDBFieldName the DBFld UPLOAD_vFld14
12/29/2017 5:06:49 PM: CreateXML Started:-
12/29/2017 5:06:49 PM: CreateXML Completed:-
12/29/2017 5:06:49 PM: Save button click after saving or updating the ReturnCode= 0
12/29/2017 5:06:49 PM: Finished Saving Uploaded Document in Save Button Click
12/29/2017 5:06:49 PM: AsyncFileUpload1_UploadedComplete Started
12/29/2017 5:06:49 PM: AsyncFileUpload1_UploadedComplete Finished
