6/16/2022 6:16:36 PM: GetTemplateDetails started
6/16/2022 6:16:36 PM: generatecontrols Started
6/16/2022 6:16:36 PM: GenerateControls:Loaded all Textbox dynamically
6/16/2022 6:16:36 PM: GenerateControls:Loaded all Textbox dynamically
6/16/2022 6:16:36 PM: GenerateControls:Loaded all Textbox dynamically
6/16/2022 6:16:36 PM: GenerateControls:Loaded all Textbox dynamically
6/16/2022 6:16:36 PM: GenerateControls:Loaded all Textbox dynamically
6/16/2022 6:16:36 PM: GenerateControls:Loaded all Textbox dynamically
6/16/2022 6:16:36 PM: GenerateControls:Loaded all Textbox dynamically
6/16/2022 6:16:36 PM: GenerateControls:Loaded all Textbox dynamically
6/16/2022 6:16:37 PM: BindDocumentType started
6/16/2022 6:16:37 PM: BindDocumentType finished
6/16/2022 6:16:37 PM: createControls Started
6/16/2022 6:16:37 PM: createControls Loaded all Textbox dynamically
6/16/2022 6:16:37 PM: createControls Loaded all Textbox dynamically
6/16/2022 6:16:37 PM: createControls Loaded all Textbox dynamically
6/16/2022 6:16:37 PM: createControls Loaded all Textbox dynamically
6/16/2022 6:16:37 PM: createControls Loaded all Textbox dynamically
6/16/2022 6:16:37 PM: createControls Loaded all Textbox dynamically
6/16/2022 6:16:37 PM: createControls Loaded all Textbox dynamically
6/16/2022 6:16:37 PM: createControls Loaded all Textbox dynamically
6/16/2022 6:16:37 PM: createControls Finished
6/16/2022 6:17:00 PM: createControls Started
6/16/2022 6:17:00 PM: createControls Loaded all Textbox dynamically
6/16/2022 6:17:00 PM: createControls Loaded all Textbox dynamically
6/16/2022 6:17:00 PM: createControls Loaded all Textbox dynamically
6/16/2022 6:17:00 PM: createControls Loaded all Textbox dynamically
6/16/2022 6:17:00 PM: createControls Loaded all Textbox dynamically
6/16/2022 6:17:00 PM: createControls Loaded all Textbox dynamically
6/16/2022 6:17:00 PM: createControls Loaded all Textbox dynamically
6/16/2022 6:17:00 PM: createControls Loaded all Textbox dynamically
6/16/2022 6:17:00 PM: createControls Finished
6/16/2022 6:17:00 PM: Started Loading Entity Drop Down
6/16/2022 6:19:22 PM: createControls Started
6/16/2022 6:19:22 PM: createControls Loaded all Textbox dynamically
6/16/2022 6:19:22 PM: createControls Loaded all Textbox dynamically
6/16/2022 6:19:22 PM: createControls Loaded all Textbox dynamically
6/16/2022 6:19:22 PM: createControls Loaded all Textbox dynamically
6/16/2022 6:19:22 PM: createControls Loaded all Textbox dynamically
6/16/2022 6:19:22 PM: createControls Loaded all Textbox dynamically
6/16/2022 6:19:22 PM: createControls Loaded all Textbox dynamically
6/16/2022 6:19:22 PM: createControls Loaded all Textbox dynamically
6/16/2022 6:19:22 PM: createControls Finished
6/16/2022 6:19:22 PM: createControls Started
6/16/2022 6:19:22 PM: createControls Loaded all Textbox dynamically
6/16/2022 6:19:22 PM: createControls Loaded all Textbox dynamically
6/16/2022 6:19:22 PM: createControls Loaded all Textbox dynamically
6/16/2022 6:19:22 PM: createControls Loaded all Textbox dynamically
6/16/2022 6:19:22 PM: createControls Loaded all Textbox dynamically
6/16/2022 6:19:22 PM: createControls Loaded all Textbox dynamically
6/16/2022 6:19:22 PM: createControls Loaded all Textbox dynamically
6/16/2022 6:19:22 PM: createControls Loaded all Textbox dynamically
6/16/2022 6:19:22 PM: createControls Finished
6/16/2022 6:19:22 PM: Started Loading Entity Drop Down
6/16/2022 6:22:39 PM: createControls Started
6/16/2022 6:22:39 PM: createControls Loaded all Textbox dynamically
6/16/2022 6:22:39 PM: createControls Loaded all Textbox dynamically
6/16/2022 6:22:39 PM: createControls Loaded all Textbox dynamically
6/16/2022 6:22:39 PM: createControls Loaded all Textbox dynamically
6/16/2022 6:22:39 PM: createControls Loaded all Textbox dynamically
6/16/2022 6:22:39 PM: createControls Loaded all Textbox dynamically
6/16/2022 6:22:39 PM: createControls Loaded all Textbox dynamically
6/16/2022 6:22:39 PM: createControls Loaded all Textbox dynamically
6/16/2022 6:22:39 PM: createControls Finished
6/16/2022 6:22:39 PM: Started Loading Entity Drop Down
6/16/2022 6:24:28 PM: createControls Started
6/16/2022 6:24:28 PM: createControls Loaded all Textbox dynamically
6/16/2022 6:24:28 PM: createControls Loaded all Textbox dynamically
6/16/2022 6:24:28 PM: createControls Loaded all Textbox dynamically
6/16/2022 6:24:28 PM: createControls Loaded all Textbox dynamically
6/16/2022 6:24:28 PM: createControls Loaded all Textbox dynamically
6/16/2022 6:24:28 PM: createControls Loaded all Textbox dynamically
6/16/2022 6:24:28 PM: createControls Loaded all Textbox dynamically
6/16/2022 6:24:28 PM: createControls Loaded all Textbox dynamically
6/16/2022 6:24:28 PM: createControls Finished
6/16/2022 6:24:28 PM: Started Loading Entity Drop Down
6/16/2022 6:27:09 PM: createControls Started
6/16/2022 6:27:09 PM: createControls Loaded all Textbox dynamically
6/16/2022 6:27:09 PM: createControls Loaded all Textbox dynamically
6/16/2022 6:27:09 PM: createControls Loaded all Textbox dynamically
6/16/2022 6:27:09 PM: createControls Loaded all Textbox dynamically
6/16/2022 6:27:09 PM: createControls Loaded all Textbox dynamically
6/16/2022 6:27:09 PM: createControls Loaded all Textbox dynamically
6/16/2022 6:27:09 PM: createControls Loaded all Textbox dynamically
6/16/2022 6:27:09 PM: createControls Loaded all Textbox dynamically
6/16/2022 6:27:09 PM: createControls Finished
6/16/2022 6:27:09 PM: Started Loading Entity Drop Down
