6/27/2022 5:18:02 PM: BindDocumentType started
6/27/2022 5:18:02 PM: BindDocumentType finished
6/27/2022 5:18:07 PM: createControls Started
6/27/2022 5:18:07 PM: createControls Loaded all Textbox dynamically
6/27/2022 5:18:07 PM: createControls Loaded all Textbox dynamically
6/27/2022 5:18:07 PM: createControls Loaded all Textbox dynamically
6/27/2022 5:18:07 PM: createControls Loaded all Textbox dynamically
6/27/2022 5:18:07 PM: createControls Loaded all Textbox dynamically
6/27/2022 5:18:07 PM: createControls Loaded all Textbox dynamically
6/27/2022 5:18:07 PM: createControls Loaded all Textbox dynamically
6/27/2022 5:18:07 PM: createControls Loaded all Textbox dynamically
6/27/2022 5:18:07 PM: createControls Finished
6/27/2022 5:18:07 PM: GetTemplateDetails started
6/27/2022 5:18:07 PM: generatecontrols Started
6/27/2022 5:18:07 PM: GenerateControls:Loaded all Textbox dynamically
6/27/2022 5:18:07 PM: GenerateControls:Loaded all Textbox dynamically
6/27/2022 5:18:07 PM: GenerateControls:Loaded all Textbox dynamically
6/27/2022 5:18:07 PM: GenerateControls:Loaded all Textbox dynamically
6/27/2022 5:18:07 PM: GenerateControls:Loaded all Textbox dynamically
6/27/2022 5:18:07 PM: GenerateControls:Loaded all Textbox dynamically
6/27/2022 5:18:07 PM: GenerateControls:Loaded all Textbox dynamically
6/27/2022 5:18:08 PM: GenerateControls:Loaded all Textbox dynamically
6/27/2022 5:18:14 PM: createControls Started
6/27/2022 5:18:14 PM: createControls Loaded all Textbox dynamically
6/27/2022 5:18:14 PM: createControls Loaded all Textbox dynamically
6/27/2022 5:18:14 PM: createControls Loaded all Textbox dynamically
6/27/2022 5:18:14 PM: createControls Loaded all Textbox dynamically
6/27/2022 5:18:14 PM: createControls Loaded all Textbox dynamically
6/27/2022 5:18:14 PM: createControls Loaded all Textbox dynamically
6/27/2022 5:18:14 PM: createControls Loaded all Textbox dynamically
6/27/2022 5:18:14 PM: createControls Loaded all Textbox dynamically
6/27/2022 5:18:14 PM: createControls Finished
6/27/2022 5:18:14 PM: Started Loading Entity Drop Down
6/27/2022 5:18:24 PM: Finished Loading Entity Drop Down
6/27/2022 5:18:40 PM: createControls Started
6/27/2022 5:18:40 PM: createControls Loaded all Textbox dynamically
6/27/2022 5:18:40 PM: createControls Loaded all Textbox dynamically
6/27/2022 5:18:40 PM: createControls Loaded all Textbox dynamically
6/27/2022 5:18:40 PM: createControls Loaded all Textbox dynamically
6/27/2022 5:18:40 PM: createControls Loaded all Textbox dynamically
6/27/2022 5:18:40 PM: createControls Loaded all Textbox dynamically
6/27/2022 5:18:40 PM: createControls Loaded all Textbox dynamically
6/27/2022 5:18:40 PM: createControls Loaded all Textbox dynamically
6/27/2022 5:18:40 PM: createControls Finished
6/27/2022 5:18:40 PM: Started Loading Entity Drop Down
6/27/2022 5:18:41 PM: Finished Loading Entity Drop Down
6/27/2022 5:54:45 PM: BindDocumentType started
6/27/2022 5:54:45 PM: BindDocumentType finished
6/27/2022 5:54:49 PM: createControls Started
6/27/2022 5:54:49 PM: createControls Loaded all Textbox dynamically
6/27/2022 5:54:49 PM: createControls Loaded all Textbox dynamically
6/27/2022 5:54:49 PM: createControls Loaded all Textbox dynamically
6/27/2022 5:54:49 PM: createControls Loaded all Textbox dynamically
6/27/2022 5:54:49 PM: createControls Loaded all Textbox dynamically
6/27/2022 5:54:49 PM: createControls Loaded all Textbox dynamically
6/27/2022 5:54:49 PM: createControls Loaded all Textbox dynamically
6/27/2022 5:54:49 PM: createControls Loaded all Textbox dynamically
6/27/2022 5:54:49 PM: createControls Finished
6/27/2022 5:54:49 PM: GetTemplateDetails started
6/27/2022 5:54:49 PM: generatecontrols Started
6/27/2022 5:54:49 PM: GenerateControls:Loaded all Textbox dynamically
6/27/2022 5:54:49 PM: GenerateControls:Loaded all Textbox dynamically
6/27/2022 5:54:49 PM: GenerateControls:Loaded all Textbox dynamically
6/27/2022 5:54:49 PM: GenerateControls:Loaded all Textbox dynamically
6/27/2022 5:54:49 PM: GenerateControls:Loaded all Textbox dynamically
6/27/2022 5:54:49 PM: GenerateControls:Loaded all Textbox dynamically
6/27/2022 5:54:49 PM: GenerateControls:Loaded all Textbox dynamically
6/27/2022 5:54:49 PM: GenerateControls:Loaded all Textbox dynamically
6/27/2022 5:54:52 PM: createControls Started
6/27/2022 5:54:52 PM: createControls Loaded all Textbox dynamically
6/27/2022 5:54:52 PM: createControls Loaded all Textbox dynamically
6/27/2022 5:54:52 PM: createControls Loaded all Textbox dynamically
6/27/2022 5:54:52 PM: createControls Loaded all Textbox dynamically
6/27/2022 5:54:52 PM: createControls Loaded all Textbox dynamically
6/27/2022 5:54:52 PM: createControls Loaded all Textbox dynamically
6/27/2022 5:54:52 PM: createControls Loaded all Textbox dynamically
6/27/2022 5:54:52 PM: createControls Loaded all Textbox dynamically
6/27/2022 5:54:52 PM: createControls Finished
6/27/2022 5:54:52 PM: Started Loading Entity Drop Down
6/27/2022 5:54:52 PM: Finished Loading Entity Drop Down
6/27/2022 5:54:57 PM: createControls Started
6/27/2022 5:54:58 PM: createControls Loaded all Textbox dynamically
6/27/2022 5:54:58 PM: createControls Loaded all Textbox dynamically
6/27/2022 5:54:58 PM: createControls Loaded all Textbox dynamically
6/27/2022 5:54:58 PM: createControls Loaded all Textbox dynamically
6/27/2022 5:54:58 PM: createControls Loaded all Textbox dynamically
6/27/2022 5:54:58 PM: createControls Loaded all Textbox dynamically
6/27/2022 5:54:58 PM: createControls Loaded all Textbox dynamically
6/27/2022 5:54:58 PM: createControls Loaded all Textbox dynamically
6/27/2022 5:54:58 PM: createControls Finished
6/27/2022 5:54:59 PM: createControls Started
6/27/2022 5:54:59 PM: createControls Loaded all Textbox dynamically
6/27/2022 5:54:59 PM: createControls Loaded all Textbox dynamically
6/27/2022 5:54:59 PM: createControls Loaded all Textbox dynamically
6/27/2022 5:54:59 PM: createControls Loaded all Textbox dynamically
6/27/2022 5:54:59 PM: createControls Loaded all Textbox dynamically
6/27/2022 5:54:59 PM: createControls Loaded all Textbox dynamically
6/27/2022 5:54:59 PM: createControls Loaded all Textbox dynamically
6/27/2022 5:54:59 PM: createControls Loaded all Textbox dynamically
6/27/2022 5:54:59 PM: createControls Finished
6/27/2022 5:54:59 PM: GetTemplateDetails started
6/27/2022 5:54:59 PM: generatecontrols Started
6/27/2022 5:54:59 PM: GenerateControls:Loaded all Textbox dynamically
6/27/2022 5:54:59 PM: GenerateControls:Loaded all Textbox dynamically
6/27/2022 5:54:59 PM: GenerateControls:Loaded all Textbox dynamically
6/27/2022 5:54:59 PM: GenerateControls:Loaded all Textbox dynamically
6/27/2022 5:54:59 PM: GenerateControls:Loaded all Textbox dynamically
6/27/2022 5:54:59 PM: GenerateControls:Loaded all Textbox dynamically
6/27/2022 5:54:59 PM: GenerateControls:Loaded all Textbox dynamically
6/27/2022 5:54:59 PM: GenerateControls:Loaded all Textbox dynamically
6/27/2022 5:55:00 PM: createControls Started
6/27/2022 5:55:00 PM: createControls Loaded all Textbox dynamically
6/27/2022 5:55:00 PM: createControls Loaded all Textbox dynamically
6/27/2022 5:55:00 PM: createControls Loaded all Textbox dynamically
6/27/2022 5:55:00 PM: createControls Loaded all Textbox dynamically
6/27/2022 5:55:00 PM: createControls Loaded all Textbox dynamically
6/27/2022 5:55:00 PM: createControls Loaded all Textbox dynamically
6/27/2022 5:55:00 PM: createControls Loaded all Textbox dynamically
6/27/2022 5:55:00 PM: createControls Loaded all Textbox dynamically
6/27/2022 5:55:00 PM: createControls Finished
6/27/2022 5:55:00 PM: Started Loading Entity Drop Down
6/27/2022 5:55:02 PM: Finished Loading Entity Drop Down
6/27/2022 5:55:04 PM: createControls Started
6/27/2022 5:55:04 PM: createControls Loaded all Textbox dynamically
6/27/2022 5:55:04 PM: createControls Loaded all Textbox dynamically
6/27/2022 5:55:04 PM: createControls Loaded all Textbox dynamically
6/27/2022 5:55:04 PM: createControls Loaded all Textbox dynamically
6/27/2022 5:55:04 PM: createControls Loaded all Textbox dynamically
6/27/2022 5:55:04 PM: createControls Loaded all Textbox dynamically
6/27/2022 5:55:04 PM: createControls Loaded all Textbox dynamically
6/27/2022 5:55:04 PM: createControls Finished
6/27/2022 5:55:04 PM: GetTemplateDetails started
6/27/2022 5:55:04 PM: generatecontrols Started
6/27/2022 5:55:04 PM: GenerateControls:Loaded all Textbox dynamically
6/27/2022 5:55:04 PM: GenerateControls:Loaded all Textbox dynamically
6/27/2022 5:55:04 PM: GenerateControls:Loaded all Textbox dynamically
6/27/2022 5:55:04 PM: GenerateControls:Loaded all Textbox dynamically
6/27/2022 5:55:04 PM: GenerateControls:Loaded all Textbox dynamically
6/27/2022 5:55:04 PM: GenerateControls:Loaded all Textbox dynamically
6/27/2022 5:55:04 PM: GenerateControls:Loaded all Textbox dynamically
6/27/2022 6:00:30 PM: createControls Started
6/27/2022 6:00:30 PM: createControls Loaded all Textbox dynamically
6/27/2022 6:00:30 PM: createControls Loaded all Textbox dynamically
6/27/2022 6:00:30 PM: createControls Loaded all Textbox dynamically
6/27/2022 6:00:30 PM: createControls Loaded all Textbox dynamically
6/27/2022 6:00:30 PM: createControls Loaded all Textbox dynamically
6/27/2022 6:00:30 PM: createControls Loaded all Textbox dynamically
6/27/2022 6:00:30 PM: createControls Loaded all Textbox dynamically
6/27/2022 6:00:30 PM: createControls Finished
6/27/2022 6:00:30 PM: Started Loading Entity Drop Down
6/27/2022 6:00:40 PM: Finished Loading Entity Drop Down
6/27/2022 6:00:43 PM: createControls Started
6/27/2022 6:00:43 PM: createControls Loaded all Textbox dynamically
6/27/2022 6:00:43 PM: createControls Loaded all Textbox dynamically
6/27/2022 6:00:43 PM: createControls Loaded all Textbox dynamically
6/27/2022 6:00:43 PM: createControls Loaded all Textbox dynamically
6/27/2022 6:00:43 PM: createControls Loaded all Textbox dynamically
6/27/2022 6:00:43 PM: createControls Loaded all Textbox dynamically
6/27/2022 6:00:43 PM: createControls Loaded all Textbox dynamically
6/27/2022 6:00:43 PM: createControls Finished
6/27/2022 6:17:07 PM: BindDocumentType started
6/27/2022 6:17:07 PM: BindDocumentType finished
6/27/2022 6:17:14 PM: createControls Started
6/27/2022 6:17:14 PM: createControls Loaded all Textbox dynamically
6/27/2022 6:17:14 PM: createControls Loaded all Textbox dynamically
6/27/2022 6:17:14 PM: createControls Loaded all Textbox dynamically
6/27/2022 6:17:14 PM: createControls Loaded all Textbox dynamically
6/27/2022 6:17:14 PM: createControls Loaded all Textbox dynamically
6/27/2022 6:17:14 PM: createControls Loaded all Textbox dynamically
6/27/2022 6:17:14 PM: createControls Loaded all Textbox dynamically
6/27/2022 6:17:14 PM: createControls Loaded all Textbox dynamically
6/27/2022 6:17:14 PM: createControls Finished
6/27/2022 6:17:21 PM: GetTemplateDetails started
6/27/2022 6:17:22 PM: generatecontrols Started
6/27/2022 6:17:22 PM: GenerateControls:Loaded all Textbox dynamically
6/27/2022 6:17:22 PM: GenerateControls:Loaded all Textbox dynamically
6/27/2022 6:17:22 PM: GenerateControls:Loaded all Textbox dynamically
6/27/2022 6:17:22 PM: GenerateControls:Loaded all Textbox dynamically
6/27/2022 6:17:22 PM: GenerateControls:Loaded all Textbox dynamically
6/27/2022 6:17:22 PM: GenerateControls:Loaded all Textbox dynamically
6/27/2022 6:17:22 PM: GenerateControls:Loaded all Textbox dynamically
6/27/2022 6:17:22 PM: GenerateControls:Loaded all Textbox dynamically
6/27/2022 6:17:32 PM: createControls Started
6/27/2022 6:17:32 PM: createControls Loaded all Textbox dynamically
6/27/2022 6:17:32 PM: createControls Loaded all Textbox dynamically
6/27/2022 6:17:32 PM: createControls Loaded all Textbox dynamically
6/27/2022 6:17:32 PM: createControls Loaded all Textbox dynamically
6/27/2022 6:17:32 PM: createControls Loaded all Textbox dynamically
6/27/2022 6:17:32 PM: createControls Loaded all Textbox dynamically
6/27/2022 6:17:32 PM: createControls Loaded all Textbox dynamically
6/27/2022 6:17:32 PM: createControls Loaded all Textbox dynamically
6/27/2022 6:17:32 PM: createControls Finished
6/27/2022 6:17:32 PM: Started Loading Entity Drop Down
6/27/2022 6:17:32 PM: Finished Loading Entity Drop Down
6/27/2022 6:17:35 PM: createControls Started
6/27/2022 6:17:35 PM: createControls Loaded all Textbox dynamically
6/27/2022 6:17:35 PM: createControls Loaded all Textbox dynamically
6/27/2022 6:17:35 PM: createControls Loaded all Textbox dynamically
6/27/2022 6:17:35 PM: createControls Loaded all Textbox dynamically
6/27/2022 6:17:35 PM: createControls Loaded all Textbox dynamically
6/27/2022 6:17:35 PM: createControls Loaded all Textbox dynamically
6/27/2022 6:17:35 PM: createControls Loaded all Textbox dynamically
6/27/2022 6:17:35 PM: createControls Loaded all Textbox dynamically
6/27/2022 6:17:35 PM: createControls Finished
6/27/2022 6:17:40 PM: createControls Started
6/27/2022 6:17:40 PM: createControls Loaded all Textbox dynamically
6/27/2022 6:17:40 PM: createControls Loaded all Textbox dynamically
6/27/2022 6:17:40 PM: createControls Loaded all Textbox dynamically
6/27/2022 6:17:40 PM: createControls Loaded all Textbox dynamically
6/27/2022 6:17:40 PM: createControls Loaded all Textbox dynamically
6/27/2022 6:17:40 PM: createControls Loaded all Textbox dynamically
6/27/2022 6:17:40 PM: createControls Loaded all Textbox dynamically
6/27/2022 6:17:40 PM: createControls Loaded all Textbox dynamically
6/27/2022 6:17:40 PM: createControls Finished
6/27/2022 6:17:41 PM: GetTemplateDetails started
6/27/2022 6:17:41 PM: generatecontrols Started
6/27/2022 6:17:41 PM: GenerateControls:Loaded all Textbox dynamically
6/27/2022 6:17:41 PM: GenerateControls:Loaded all Textbox dynamically
6/27/2022 6:17:41 PM: GenerateControls:Loaded all Textbox dynamically
6/27/2022 6:17:41 PM: GenerateControls:Loaded all Textbox dynamically
6/27/2022 6:17:41 PM: GenerateControls:Loaded all Textbox dynamically
6/27/2022 6:17:41 PM: GenerateControls:Loaded all Textbox dynamically
6/27/2022 6:17:41 PM: GenerateControls:Loaded all Textbox dynamically
6/27/2022 6:17:41 PM: GenerateControls:Loaded all Textbox dynamically
6/27/2022 6:17:43 PM: createControls Started
6/27/2022 6:17:43 PM: createControls Loaded all Textbox dynamically
6/27/2022 6:17:43 PM: createControls Loaded all Textbox dynamically
6/27/2022 6:17:43 PM: createControls Loaded all Textbox dynamically
6/27/2022 6:17:43 PM: createControls Loaded all Textbox dynamically
6/27/2022 6:17:43 PM: createControls Loaded all Textbox dynamically
6/27/2022 6:17:43 PM: createControls Loaded all Textbox dynamically
6/27/2022 6:17:43 PM: createControls Loaded all Textbox dynamically
6/27/2022 6:17:43 PM: createControls Loaded all Textbox dynamically
6/27/2022 6:17:43 PM: createControls Finished
6/27/2022 6:17:43 PM: Started Loading Entity Drop Down
6/27/2022 6:17:53 PM: Finished Loading Entity Drop Down
6/27/2022 6:17:55 PM: createControls Started
6/27/2022 6:17:55 PM: createControls Loaded all Textbox dynamically
6/27/2022 6:17:55 PM: createControls Loaded all Textbox dynamically
6/27/2022 6:17:55 PM: createControls Loaded all Textbox dynamically
6/27/2022 6:17:55 PM: createControls Loaded all Textbox dynamically
6/27/2022 6:17:55 PM: createControls Loaded all Textbox dynamically
6/27/2022 6:17:55 PM: createControls Loaded all Textbox dynamically
6/27/2022 6:17:55 PM: createControls Loaded all Textbox dynamically
6/27/2022 6:17:55 PM: createControls Loaded all Textbox dynamically
6/27/2022 6:17:55 PM: createControls Finished
