5/12/2017 4:01:53 PM: FileName :D:\WDMSDocument\TempWorkFolder\Tk9fRVhfNTEwXzI1MF8xMDE0.xlsDestinationFileName : D:\WDMSDocument\TempWorkFolder\Tk9fRVhfNTEwXzI1MF8xMDE0.pdf
5/12/2017 4:01:57 PM: excelWorkBook_Closed
5/12/2017 4:01:57 PM: excelApplication_Closed
5/12/2017 4:03:31 PM: FileName :D:\WDMSDocument\TempWorkFolder\Tk9fRVhfNTEwXzI1MF8xMDE0.xlsxDestinationFileName : D:\WDMSDocument\TempWorkFolder\Tk9fRVhfNTEwXzI1MF8xMDE0.pdf
5/12/2017 4:03:33 PM: excelWorkBook_Closed
5/12/2017 4:03:33 PM: excelApplication_Closed
5/12/2017 4:21:31 PM: FileName :D:\WDMSDocument\TempWorkFolder\Tk9fRVhfNTEwXzI1MF8xMDE1.xlsDestinationFileName : D:\WDMSDocument\TempWorkFolder\Tk9fRVhfNTEwXzI1MF8xMDE1.pdf
5/12/2017 4:21:32 PM: excelWorkBook_Closed
5/12/2017 4:21:32 PM: excelApplication_Closed
5/12/2017 4:43:26 PM: FileName :D:\WDMSDocument\TempWorkFolder\Tk9fSFJfNTEwXzI1MF8xMDE2.xlsDestinationFileName : D:\WDMSDocument\TempWorkFolder\Tk9fSFJfNTEwXzI1MF8xMDE2.pdf
5/12/2017 4:43:27 PM: excelWorkBook_Closed
5/12/2017 4:43:27 PM: excelApplication_Closed
5/12/2017 5:18:48 PM: FileName :D:\WDMSDocument\TempWorkFolder\Tk9fSFJfNTEwXzI1MF8xMDIw.xlsDestinationFileName : D:\WDMSDocument\TempWorkFolder\Tk9fSFJfNTEwXzI1MF8xMDIw.pdf
5/12/2017 5:18:50 PM: excelWorkBook_Closed
5/12/2017 5:18:50 PM: excelApplication_Closed
5/12/2017 5:21:21 PM: FileName :D:\WDMSDocument\TempWorkFolder\Tk9fSFJfNTEwXzI1MF8xMDIx.xlsDestinationFileName : D:\WDMSDocument\TempWorkFolder\Tk9fSFJfNTEwXzI1MF8xMDIx.pdf
5/12/2017 5:21:21 PM: excelWorkBook_Closed
5/12/2017 5:21:21 PM: excelApplication_Closed
5/12/2017 5:59:42 PM: FileName :D:\WDMSDocument\TempWorkFolder\Tk9fSFJfNTEwXzI1MF8xMDIz.xlsDestinationFileName : D:\WDMSDocument\TempWorkFolder\Tk9fSFJfNTEwXzI1MF8xMDIz.pdf
5/12/2017 6:02:21 PM: excelWorkBook_Closed
5/12/2017 6:02:21 PM: excelApplication_Closed
5/12/2017 6:04:12 PM: FileName :D:\WDMSDocument\TempWorkFolder\Tk9fSFJfNTEwXzI1MF8xMDIz.xlsDestinationFileName : D:\WDMSDocument\TempWorkFolder\Tk9fSFJfNTEwXzI1MF8xMDIz.pdf
5/12/2017 6:04:13 PM: excelWorkBook_Closed
5/12/2017 6:04:13 PM: excelApplication_Closed
5/12/2017 6:13:47 PM: FileName :D:\WDMSDocument\TempWorkFolder\Tk9fSFJfNTEwXzI1MF8xMDI0.xlsDestinationFileName : D:\WDMSDocument\TempWorkFolder\Tk9fSFJfNTEwXzI1MF8xMDI0.pdf
5/12/2017 6:14:08 PM: excelWorkBook_Closed
5/12/2017 6:14:08 PM: excelApplication_Closed
5/12/2017 6:16:51 PM: FileName :D:\WDMSDocument\TempWorkFolder\Tk9fSFJfNTEwXzI1MF8xMDI0.xlsDestinationFileName : D:\WDMSDocument\TempWorkFolder\Tk9fSFJfNTEwXzI1MF8xMDI0.pdf
5/12/2017 6:17:23 PM: excelWorkBook_Closed
5/12/2017 6:17:23 PM: excelApplication_Closed
5/12/2017 6:18:14 PM: FileName :D:\WDMSDocument\TempWorkFolder\Tk9fSFJfNTEwXzI1MF8xMDI0.xlsDestinationFileName : D:\WDMSDocument\TempWorkFolder\Tk9fSFJfNTEwXzI1MF8xMDI0.pdf
5/12/2017 6:18:44 PM: excelWorkBook_Closed
5/12/2017 6:18:44 PM: excelApplication_Closed
5/12/2017 6:20:51 PM: FileName :D:\WDMSDocument\TempWorkFolder\Tk9fSFJfNTEwXzI1MF8xMDI0.xlsDestinationFileName : D:\WDMSDocument\TempWorkFolder\Tk9fSFJfNTEwXzI1MF8xMDI0.pdf
5/12/2017 6:21:02 PM: excelWorkBook_Closed
5/12/2017 6:21:02 PM: excelApplication_Closed
