6/3/2015 10:43:42 AM: D:\WDMSDocument\UploadedDocuments\global\1\2015-06-02\Q1VfQURfMV8xXzExMjY=\1.pdf
6/3/2015 10:43:42 AM: D:\LotexProjects\DMSEnh5\DMS_Infosearch\trunk\SourceCode\WebApplications\CoreDMS\Images\DataEntry\4bd42e10-c950-45d4-add2-ccf29fba2a1d\32\33\202\1.jpg
6/3/2015 11:19:15 AM: D:\WDMSDocument\UploadedDocuments\global\1\2015-06-02\Q1VfQURfMV8xXzExMjY=\1.pdf
6/3/2015 11:19:15 AM: D:\LotexProjects\DMSEnh5\DMS_Infosearch\trunk\SourceCode\WebApplications\CoreDMS\Images\DataEntry\c352e086-c585-4ed3-8829-1e92c2f45b54\32\33\202\1.jpg
6/3/2015 11:19:15 AM: Exception:External component has thrown an exception.
6/3/2015 11:20:47 AM: D:\WDMSDocument\UploadedDocuments\global\1\2015-06-02\Q1VfQURfMV8xXzExMjY=\1.pdf
6/3/2015 11:20:47 AM: D:\LotexProjects\DMSEnh5\DMS_Infosearch\trunk\SourceCode\WebApplications\CoreDMS\Images\DataEntry\c352e086-c585-4ed3-8829-1e92c2f45b54\32\33\202\1.jpg
6/3/2015 11:29:56 AM: D:\WDMSDocument\UploadedDocuments\global\1\2015-06-02\Q1VfQURfMV8xXzExMjY=\1.pdf
6/3/2015 11:29:56 AM: D:\LotexProjects\DMSEnh5\DMS_Infosearch\trunk\SourceCode\WebApplications\CoreDMS\Images\DataEntry\c352e086-c585-4ed3-8829-1e92c2f45b54\32\33\202\1.jpg
6/3/2015 11:30:43 AM: D:\WDMSDocument\UploadedDocuments\global\1\2015-06-02\Q1VfQURfMV8xXzExMjY=\1.pdf
6/3/2015 11:30:43 AM: D:\LotexProjects\DMSEnh5\DMS_Infosearch\trunk\SourceCode\WebApplications\CoreDMS\Images\DataEntry\c352e086-c585-4ed3-8829-1e92c2f45b54\32\33\202\1.jpg
6/3/2015 11:31:03 AM: D:\WDMSDocument\UploadedDocuments\global\1\2015-06-02\Q1VfQURfMV8xXzExMjY=\1.pdf
6/3/2015 11:31:03 AM: D:\LotexProjects\DMSEnh5\DMS_Infosearch\trunk\SourceCode\WebApplications\CoreDMS\Images\DataEntry\c352e086-c585-4ed3-8829-1e92c2f45b54\32\33\202\1.jpg
6/3/2015 11:34:01 AM: D:\WDMSDocument\UploadedDocuments\global\1\2015-06-02\Q1VfQURfMV8xXzExMjY=\1.pdf
6/3/2015 11:34:01 AM: D:\LotexProjects\DMSEnh5\DMS_Infosearch\trunk\SourceCode\WebApplications\CoreDMS\Images\DataEntry\c352e086-c585-4ed3-8829-1e92c2f45b54\32\33\202\1.jpg
6/3/2015 11:48:35 AM: D:\WDMSDocument\UploadedDocuments\global\1\2015-06-02\Q1VfQURfMV8xXzExMjY=\1.pdf
6/3/2015 11:48:35 AM: D:\LotexProjects\DMSEnh5\DMS_Infosearch\trunk\SourceCode\WebApplications\CoreDMS\Images\DataEntry\f3dbe0a1-98a7-474f-992d-f33c96fb69db\32\33\202\1.jpg
6/3/2015 11:51:09 AM: D:\WDMSDocument\UploadedDocuments\global\1\2015-06-02\Q1VfQURfMV8xXzExMjY=\1.pdf
6/3/2015 11:51:10 AM: D:\LotexProjects\DMSEnh5\DMS_Infosearch\trunk\SourceCode\WebApplications\CoreDMS\Images\DataEntry\254e62e9-9976-4113-aea9-edc0f41a6ce5\32\33\202\1.jpg
6/3/2015 11:52:17 AM: D:\WDMSDocument\UploadedDocuments\global\1\2015-06-02\Q1VfQURfMV8xXzExMjY=\1.pdf
6/3/2015 11:52:17 AM: D:\LotexProjects\DMSEnh5\DMS_Infosearch\trunk\SourceCode\WebApplications\CoreDMS\Images\DataEntry\254e62e9-9976-4113-aea9-edc0f41a6ce5\32\33\202\1.jpg
6/3/2015 12:27:36 PM: D:\WDMSDocument\UploadedDocuments\global\1\2015-06-02\Q1VfQURfMV8xXzExMjY=\1.pdf
6/3/2015 12:27:37 PM: D:\LotexProjects\DMSEnh5\DMS_Infosearch\trunk\SourceCode\WebApplications\CoreDMS\Images\DataEntry\f489cd6b-4f76-47f2-8a1e-352f814a4c89\32\33\202\1.jpg
6/3/2015 2:51:34 PM: D:\WDMSDocument\UploadedDocuments\global\1\2015-06-02\Q1VfQURfMV8xXzExMjY=\1.pdf
6/3/2015 2:51:34 PM: D:\LotexProjects\DMSEnh5\DMS_Infosearch\trunk\SourceCode\WebApplications\CoreDMS\Images\DataEntry\addfb541-f1ae-4382-99f9-e22d910666bc\32\33\202\1.jpg
6/3/2015 2:53:16 PM: D:\WDMSDocument\UploadedDocuments\global\1\2015-06-02\Q1VfQURfMV8xXzExMjY=\1.pdf
6/3/2015 2:53:16 PM: D:\LotexProjects\DMSEnh5\DMS_Infosearch\trunk\SourceCode\WebApplications\CoreDMS\Images\DataEntry\addfb541-f1ae-4382-99f9-e22d910666bc\32\33\202\1.jpg
6/3/2015 2:53:35 PM: D:\WDMSDocument\UploadedDocuments\global\1\2015-06-02\Q1VfQURfMV8xXzExMjY=\1.pdf
6/3/2015 2:53:35 PM: D:\LotexProjects\DMSEnh5\DMS_Infosearch\trunk\SourceCode\WebApplications\CoreDMS\Images\DataEntry\addfb541-f1ae-4382-99f9-e22d910666bc\32\33\202\1.jpg
6/3/2015 2:54:31 PM: D:\WDMSDocument\UploadedDocuments\global\1\2015-06-02\Q1VfQURfMV8xXzExMjY=\1.pdf
6/3/2015 2:54:31 PM: D:\LotexProjects\DMSEnh5\DMS_Infosearch\trunk\SourceCode\WebApplications\CoreDMS\Images\DataEntry\addfb541-f1ae-4382-99f9-e22d910666bc\32\33\202\1.jpg
6/3/2015 3:10:39 PM: D:\WDMSDocument\UploadedDocuments\global\1\2015-06-02\Q1VfQURfMV8xXzExMjY=\1.pdf
6/3/2015 3:10:39 PM: D:\LotexProjects\DMSEnh5\DMS_Infosearch\trunk\SourceCode\WebApplications\CoreDMS\Images\DataEntry\ca5eadc3-9226-406a-8a36-9fcf0b155391\32\33\202\1.jpg
