7/30/2015 10:59:59 AM: D:\\Writer\UploadedDocuments\GLOBAL\1\2015-07-29\RE1fQURfMV8xXzExNzk=\1.pdf
7/30/2015 10:59:59 AM: D:\LotexProjects\DMSEnh5\DMS_Infosearch\trunk\SourceCode\WebApplications\CoreDMS\Images\DataEntry\50dca309-ad9d-4829-8155-88a3b1c78302\35\36\470\1.jpg
7/30/2015 10:59:59 AM: D:\\Writer\UploadedDocuments\GLOBAL\1\2015-07-29\RE1fQURfMV8xXzExNzk=\2.pdf
7/30/2015 11:00:00 AM: D:\LotexProjects\DMSEnh5\DMS_Infosearch\trunk\SourceCode\WebApplications\CoreDMS\Images\DataEntry\50dca309-ad9d-4829-8155-88a3b1c78302\35\36\470\2.jpg
7/30/2015 11:00:00 AM: D:\\Writer\UploadedDocuments\GLOBAL\1\2015-07-29\RE1fQURfMV8xXzExNzk=\3.pdf
7/30/2015 11:00:00 AM: D:\LotexProjects\DMSEnh5\DMS_Infosearch\trunk\SourceCode\WebApplications\CoreDMS\Images\DataEntry\50dca309-ad9d-4829-8155-88a3b1c78302\35\36\470\3.jpg
7/30/2015 11:00:00 AM: D:\\Writer\UploadedDocuments\GLOBAL\1\2015-07-29\RE1fQURfMV8xXzExNzk=\4.pdf
7/30/2015 11:00:00 AM: D:\LotexProjects\DMSEnh5\DMS_Infosearch\trunk\SourceCode\WebApplications\CoreDMS\Images\DataEntry\50dca309-ad9d-4829-8155-88a3b1c78302\35\36\470\4.jpg
7/30/2015 12:07:58 PM: D:\WDMSDocument\TempWorkFolder\35\36\470\1.pdf
7/30/2015 12:07:58 PM: D:\WDMSDocument\TempWorkFolder\35\36\470\1.jpg
7/30/2015 12:07:58 PM: D:\WDMSDocument\TempWorkFolder\35\36\470\2.pdf
7/30/2015 12:07:58 PM: D:\WDMSDocument\TempWorkFolder\35\36\470\2.jpg
7/30/2015 12:07:58 PM: D:\WDMSDocument\TempWorkFolder\35\36\470\3.pdf
7/30/2015 12:07:59 PM: D:\WDMSDocument\TempWorkFolder\35\36\470\3.jpg
7/30/2015 12:07:59 PM: D:\WDMSDocument\TempWorkFolder\35\36\470\4.pdf
7/30/2015 12:07:59 PM: D:\WDMSDocument\TempWorkFolder\35\36\470\4.jpg
7/30/2015 12:08:37 PM: D:\\Writer\UploadedDocuments\GLOBAL\1\2015-07-29\RE1fQURfMV8xXzExNzk=\1.pdf
7/30/2015 12:08:37 PM: D:\LotexProjects\DMSEnh5\DMS_Infosearch\trunk\SourceCode\WebApplications\CoreDMS\Images\DataEntry\f960b70f-1dd5-448d-9443-a7f6a42ed419\35\36\470\1.jpg
7/30/2015 12:08:38 PM: D:\\Writer\UploadedDocuments\GLOBAL\1\2015-07-29\RE1fQURfMV8xXzExNzk=\2.pdf
7/30/2015 12:08:38 PM: D:\LotexProjects\DMSEnh5\DMS_Infosearch\trunk\SourceCode\WebApplications\CoreDMS\Images\DataEntry\f960b70f-1dd5-448d-9443-a7f6a42ed419\35\36\470\2.jpg
7/30/2015 12:08:38 PM: D:\\Writer\UploadedDocuments\GLOBAL\1\2015-07-29\RE1fQURfMV8xXzExNzk=\3.pdf
7/30/2015 12:08:38 PM: D:\LotexProjects\DMSEnh5\DMS_Infosearch\trunk\SourceCode\WebApplications\CoreDMS\Images\DataEntry\f960b70f-1dd5-448d-9443-a7f6a42ed419\35\36\470\3.jpg
7/30/2015 12:08:38 PM: D:\\Writer\UploadedDocuments\GLOBAL\1\2015-07-29\RE1fQURfMV8xXzExNzk=\4.pdf
7/30/2015 12:08:38 PM: D:\LotexProjects\DMSEnh5\DMS_Infosearch\trunk\SourceCode\WebApplications\CoreDMS\Images\DataEntry\f960b70f-1dd5-448d-9443-a7f6a42ed419\35\36\470\4.jpg
7/30/2015 12:09:18 PM: D:\\Writer\UploadedDocuments\GLOBAL\1\2015-07-29\RE1fQURfMV8xXzExNzk=\1.pdf
7/30/2015 12:09:19 PM: D:\LotexProjects\DMSEnh5\DMS_Infosearch\trunk\SourceCode\WebApplications\CoreDMS\Images\DataEntry\f960b70f-1dd5-448d-9443-a7f6a42ed419\35\36\470\1.jpg
7/30/2015 12:09:19 PM: D:\\Writer\UploadedDocuments\GLOBAL\1\2015-07-29\RE1fQURfMV8xXzExNzk=\2.pdf
7/30/2015 12:09:19 PM: D:\LotexProjects\DMSEnh5\DMS_Infosearch\trunk\SourceCode\WebApplications\CoreDMS\Images\DataEntry\f960b70f-1dd5-448d-9443-a7f6a42ed419\35\36\470\2.jpg
7/30/2015 12:09:19 PM: D:\\Writer\UploadedDocuments\GLOBAL\1\2015-07-29\RE1fQURfMV8xXzExNzk=\3.pdf
7/30/2015 12:09:19 PM: D:\LotexProjects\DMSEnh5\DMS_Infosearch\trunk\SourceCode\WebApplications\CoreDMS\Images\DataEntry\f960b70f-1dd5-448d-9443-a7f6a42ed419\35\36\470\3.jpg
7/30/2015 12:09:19 PM: D:\\Writer\UploadedDocuments\GLOBAL\1\2015-07-29\RE1fQURfMV8xXzExNzk=\4.pdf
7/30/2015 12:09:19 PM: D:\LotexProjects\DMSEnh5\DMS_Infosearch\trunk\SourceCode\WebApplications\CoreDMS\Images\DataEntry\f960b70f-1dd5-448d-9443-a7f6a42ed419\35\36\470\4.jpg
7/30/2015 12:26:16 PM: D:\\Writer\UploadedDocuments\GLOBAL\1\2015-07-29\RE1fQURfMV8xXzExNzk=\1.pdf
7/30/2015 12:26:16 PM: D:\LotexProjects\DMSEnh5\DMS_Infosearch\trunk\SourceCode\WebApplications\CoreDMS\Images\DataEntry\adfe10b4-8369-466e-adaa-5a3c72ecdd28\35\36\470\1.jpg
7/30/2015 12:26:16 PM: D:\\Writer\UploadedDocuments\GLOBAL\1\2015-07-29\RE1fQURfMV8xXzExNzk=\2.pdf
7/30/2015 12:26:16 PM: D:\LotexProjects\DMSEnh5\DMS_Infosearch\trunk\SourceCode\WebApplications\CoreDMS\Images\DataEntry\adfe10b4-8369-466e-adaa-5a3c72ecdd28\35\36\470\2.jpg
7/30/2015 12:26:16 PM: D:\\Writer\UploadedDocuments\GLOBAL\1\2015-07-29\RE1fQURfMV8xXzExNzk=\3.pdf
7/30/2015 12:26:16 PM: D:\LotexProjects\DMSEnh5\DMS_Infosearch\trunk\SourceCode\WebApplications\CoreDMS\Images\DataEntry\adfe10b4-8369-466e-adaa-5a3c72ecdd28\35\36\470\3.jpg
7/30/2015 12:26:16 PM: D:\\Writer\UploadedDocuments\GLOBAL\1\2015-07-29\RE1fQURfMV8xXzExNzk=\4.pdf
7/30/2015 12:26:16 PM: D:\LotexProjects\DMSEnh5\DMS_Infosearch\trunk\SourceCode\WebApplications\CoreDMS\Images\DataEntry\adfe10b4-8369-466e-adaa-5a3c72ecdd28\35\36\470\4.jpg
7/30/2015 12:30:23 PM: D:\\Writer\UploadedDocuments\GLOBAL\1\2015-07-29\RE1fQURfMV8xXzExNzk=\1.pdf
7/30/2015 12:30:23 PM: D:\LotexProjects\DMSEnh5\DMS_Infosearch\trunk\SourceCode\WebApplications\CoreDMS\Images\DataEntry\720a9fe1-7990-41d7-bd09-ff68710ec7ab\35\36\470\1.jpg
7/30/2015 12:30:23 PM: Starting Splitting Pdf File fn=ConvertPdf2Jpeg SourcePath=D:\\Writer\UploadedDocuments\GLOBAL\1\2015-07-29\RE1fQURfMV8xXzExNzk=\1.pdf
7/30/2015 12:30:24 PM: Finished Splitting Pdf File fn=ConvertPdf2Jpeg SourcePath=D:\\Writer\UploadedDocuments\GLOBAL\1\2015-07-29\RE1fQURfMV8xXzExNzk=\1.pdf
7/30/2015 12:30:24 PM: D:\\Writer\UploadedDocuments\GLOBAL\1\2015-07-29\RE1fQURfMV8xXzExNzk=\2.pdf
7/30/2015 12:30:24 PM: D:\LotexProjects\DMSEnh5\DMS_Infosearch\trunk\SourceCode\WebApplications\CoreDMS\Images\DataEntry\720a9fe1-7990-41d7-bd09-ff68710ec7ab\35\36\470\2.jpg
7/30/2015 12:30:24 PM: Starting Splitting Pdf File fn=ConvertPdf2Jpeg SourcePath=D:\\Writer\UploadedDocuments\GLOBAL\1\2015-07-29\RE1fQURfMV8xXzExNzk=\2.pdf
7/30/2015 12:30:24 PM: Finished Splitting Pdf File fn=ConvertPdf2Jpeg SourcePath=D:\\Writer\UploadedDocuments\GLOBAL\1\2015-07-29\RE1fQURfMV8xXzExNzk=\2.pdf
7/30/2015 12:30:24 PM: D:\\Writer\UploadedDocuments\GLOBAL\1\2015-07-29\RE1fQURfMV8xXzExNzk=\3.pdf
7/30/2015 12:30:25 PM: D:\LotexProjects\DMSEnh5\DMS_Infosearch\trunk\SourceCode\WebApplications\CoreDMS\Images\DataEntry\720a9fe1-7990-41d7-bd09-ff68710ec7ab\35\36\470\3.jpg
7/30/2015 12:30:25 PM: Exception:External component has thrown an exception.
7/30/2015 12:30:25 PM: D:\\Writer\UploadedDocuments\GLOBAL\1\2015-07-29\RE1fQURfMV8xXzExNzk=\4.pdf
7/30/2015 12:30:25 PM: D:\LotexProjects\DMSEnh5\DMS_Infosearch\trunk\SourceCode\WebApplications\CoreDMS\Images\DataEntry\720a9fe1-7990-41d7-bd09-ff68710ec7ab\35\36\470\4.jpg
7/30/2015 12:30:25 PM: Starting Splitting Pdf File fn=ConvertPdf2Jpeg SourcePath=D:\\Writer\UploadedDocuments\GLOBAL\1\2015-07-29\RE1fQURfMV8xXzExNzk=\4.pdf
7/30/2015 12:30:25 PM: Finished Splitting Pdf File fn=ConvertPdf2Jpeg SourcePath=D:\\Writer\UploadedDocuments\GLOBAL\1\2015-07-29\RE1fQURfMV8xXzExNzk=\4.pdf
7/30/2015 12:31:29 PM: Starting Splitting Pdf File fn=ConvertPdf2Jpeg SourcePath=D:\\Writer\UploadedDocuments\GLOBAL\1\2015-07-29\RE1fQURfMV8xXzExNzk=\1.pdf
7/30/2015 12:31:35 PM: Finished Splitting Pdf File fn=ConvertPdf2Jpeg SourcePath=D:\\Writer\UploadedDocuments\GLOBAL\1\2015-07-29\RE1fQURfMV8xXzExNzk=\1.pdf
7/30/2015 12:32:20 PM: Starting Splitting Pdf File fn=ConvertPdf2Jpeg SourcePath=D:\\Writer\UploadedDocuments\GLOBAL\1\2015-07-29\RE1fQURfMV8xXzExNzk=\2.pdf
7/30/2015 12:32:20 PM: Finished Splitting Pdf File fn=ConvertPdf2Jpeg SourcePath=D:\\Writer\UploadedDocuments\GLOBAL\1\2015-07-29\RE1fQURfMV8xXzExNzk=\2.pdf
7/30/2015 12:32:21 PM: Starting Splitting Pdf File fn=ConvertPdf2Jpeg SourcePath=D:\\Writer\UploadedDocuments\GLOBAL\1\2015-07-29\RE1fQURfMV8xXzExNzk=\3.pdf
7/30/2015 12:32:22 PM: Finished Splitting Pdf File fn=ConvertPdf2Jpeg SourcePath=D:\\Writer\UploadedDocuments\GLOBAL\1\2015-07-29\RE1fQURfMV8xXzExNzk=\3.pdf
7/30/2015 12:32:22 PM: Starting Splitting Pdf File fn=ConvertPdf2Jpeg SourcePath=D:\\Writer\UploadedDocuments\GLOBAL\1\2015-07-29\RE1fQURfMV8xXzExNzk=\4.pdf
7/30/2015 12:32:22 PM: Finished Splitting Pdf File fn=ConvertPdf2Jpeg SourcePath=D:\\Writer\UploadedDocuments\GLOBAL\1\2015-07-29\RE1fQURfMV8xXzExNzk=\4.pdf
7/30/2015 12:33:53 PM: Starting Splitting Pdf File fn=ConvertPdf2Jpeg SourcePath=D:\\Writer\UploadedDocuments\GLOBAL\1\2015-07-29\RE1fQURfMV8xXzExNzk=\1.pdf
7/30/2015 12:33:53 PM: Finished Splitting Pdf File fn=ConvertPdf2Jpeg SourcePath=D:\\Writer\UploadedDocuments\GLOBAL\1\2015-07-29\RE1fQURfMV8xXzExNzk=\1.pdf
7/30/2015 12:35:27 PM: Starting Splitting Pdf File fn=ConvertPdf2Jpeg SourcePath=D:\\Writer\UploadedDocuments\GLOBAL\1\2015-07-29\RE1fQURfMV8xXzExNzk=\1.pdf
7/30/2015 12:35:27 PM: Starting Splitting Pdf File fn=ConvertPdf2Jpeg SourcePath=D:\LotexProjects\DMSEnh5\DMS_Infosearch\trunk\SourceCode\WebApplications\CoreDMS\Images\DataEntry\eeb827ef-6f1c-48db-8635-9f77776a8330\35\36\470exeption=Could not find a part of the path 'D:\LotexProjects\DMSEnh5\DMS_Infosearch\trunk\SourceCode\WebApplications\CoreDMS\Images\DataEntry\eeb827ef-6f1c-48db-8635-9f77776a8330\35\36\470\1.jpeg'.
7/30/2015 12:35:37 PM: Starting Splitting Pdf File fn=ConvertPdf2Jpeg SourcePath=D:\\Writer\UploadedDocuments\GLOBAL\1\2015-07-29\RE1fQURfMV8xXzExNzk=\2.pdf
7/30/2015 12:35:48 PM: Finished Splitting Pdf File fn=ConvertPdf2Jpeg SourcePath=D:\\Writer\UploadedDocuments\GLOBAL\1\2015-07-29\RE1fQURfMV8xXzExNzk=\2.pdf
7/30/2015 12:36:07 PM: Starting Splitting Pdf File fn=ConvertPdf2Jpeg SourcePath=D:\\Writer\UploadedDocuments\GLOBAL\1\2015-07-29\RE1fQURfMV8xXzExNzk=\3.pdf
7/30/2015 12:36:07 PM: Starting Splitting Pdf File fn=ConvertPdf2Jpeg SourcePath=D:\LotexProjects\DMSEnh5\DMS_Infosearch\trunk\SourceCode\WebApplications\CoreDMS\Images\DataEntry\eeb827ef-6f1c-48db-8635-9f77776a8330\35\36\470exeption=Could not find a part of the path 'D:\LotexProjects\DMSEnh5\DMS_Infosearch\trunk\SourceCode\WebApplications\CoreDMS\Images\DataEntry\eeb827ef-6f1c-48db-8635-9f77776a8330\35\36\470\3.jpeg'.
7/30/2015 12:36:19 PM: Starting Splitting Pdf File fn=ConvertPdf2Jpeg SourcePath=D:\\Writer\UploadedDocuments\GLOBAL\1\2015-07-29\RE1fQURfMV8xXzExNzk=\4.pdf
7/30/2015 12:36:43 PM: Finished Splitting Pdf File fn=ConvertPdf2Jpeg SourcePath=D:\\Writer\UploadedDocuments\GLOBAL\1\2015-07-29\RE1fQURfMV8xXzExNzk=\4.pdf
7/30/2015 12:37:18 PM: Starting Splitting Pdf File fn=ConvertPdf2Jpeg SourcePath=D:\\Writer\UploadedDocuments\GLOBAL\1\2015-07-29\RE1fQURfMV8xXzExNzk=\1.pdf
7/30/2015 12:37:53 PM: Finished Splitting Pdf File fn=ConvertPdf2Jpeg SourcePath=D:\\Writer\UploadedDocuments\GLOBAL\1\2015-07-29\RE1fQURfMV8xXzExNzk=\1.pdf
7/30/2015 12:37:55 PM: Starting Splitting Pdf File fn=ConvertPdf2Jpeg SourcePath=D:\\Writer\UploadedDocuments\GLOBAL\1\2015-07-29\RE1fQURfMV8xXzExNzk=\2.pdf
7/30/2015 12:38:01 PM: Finished Splitting Pdf File fn=ConvertPdf2Jpeg SourcePath=D:\\Writer\UploadedDocuments\GLOBAL\1\2015-07-29\RE1fQURfMV8xXzExNzk=\2.pdf
7/30/2015 12:38:03 PM: Starting Splitting Pdf File fn=ConvertPdf2Jpeg SourcePath=D:\\Writer\UploadedDocuments\GLOBAL\1\2015-07-29\RE1fQURfMV8xXzExNzk=\3.pdf
7/30/2015 12:38:07 PM: Finished Splitting Pdf File fn=ConvertPdf2Jpeg SourcePath=D:\\Writer\UploadedDocuments\GLOBAL\1\2015-07-29\RE1fQURfMV8xXzExNzk=\3.pdf
7/30/2015 12:38:12 PM: Starting Splitting Pdf File fn=ConvertPdf2Jpeg SourcePath=D:\\Writer\UploadedDocuments\GLOBAL\1\2015-07-29\RE1fQURfMV8xXzExNzk=\4.pdf
7/30/2015 12:38:16 PM: Finished Splitting Pdf File fn=ConvertPdf2Jpeg SourcePath=D:\\Writer\UploadedDocuments\GLOBAL\1\2015-07-29\RE1fQURfMV8xXzExNzk=\4.pdf
7/30/2015 12:39:15 PM: Starting Splitting Pdf File fn=ConvertPdf2Jpeg SourcePath=D:\\Writer\UploadedDocuments\GLOBAL\1\2015-07-29\RE1fQURfMV8xXzExNzk=\1.pdf
7/30/2015 12:39:17 PM: Finished Splitting Pdf File fn=ConvertPdf2Jpeg SourcePath=D:\\Writer\UploadedDocuments\GLOBAL\1\2015-07-29\RE1fQURfMV8xXzExNzk=\1.pdf
7/30/2015 12:39:20 PM: Starting Splitting Pdf File fn=ConvertPdf2Jpeg SourcePath=D:\\Writer\UploadedDocuments\GLOBAL\1\2015-07-29\RE1fQURfMV8xXzExNzk=\2.pdf
7/30/2015 12:39:21 PM: Finished Splitting Pdf File fn=ConvertPdf2Jpeg SourcePath=D:\\Writer\UploadedDocuments\GLOBAL\1\2015-07-29\RE1fQURfMV8xXzExNzk=\2.pdf
7/30/2015 12:39:21 PM: Starting Splitting Pdf File fn=ConvertPdf2Jpeg SourcePath=D:\\Writer\UploadedDocuments\GLOBAL\1\2015-07-29\RE1fQURfMV8xXzExNzk=\3.pdf
7/30/2015 12:39:23 PM: Finished Splitting Pdf File fn=ConvertPdf2Jpeg SourcePath=D:\\Writer\UploadedDocuments\GLOBAL\1\2015-07-29\RE1fQURfMV8xXzExNzk=\3.pdf
7/30/2015 12:39:23 PM: Starting Splitting Pdf File fn=ConvertPdf2Jpeg SourcePath=D:\\Writer\UploadedDocuments\GLOBAL\1\2015-07-29\RE1fQURfMV8xXzExNzk=\4.pdf
7/30/2015 12:39:24 PM: Finished Splitting Pdf File fn=ConvertPdf2Jpeg SourcePath=D:\\Writer\UploadedDocuments\GLOBAL\1\2015-07-29\RE1fQURfMV8xXzExNzk=\4.pdf
7/30/2015 12:40:40 PM: Starting Splitting Pdf File fn=ConvertPdf2Jpeg SourcePath=D:\\Writer\UploadedDocuments\GLOBAL\1\2015-07-29\RE1fQURfMV8xXzExNzk=\1.pdf
7/30/2015 12:40:42 PM: Finished Splitting Pdf File fn=ConvertPdf2Jpeg SourcePath=D:\\Writer\UploadedDocuments\GLOBAL\1\2015-07-29\RE1fQURfMV8xXzExNzk=\1.pdf
7/30/2015 12:40:42 PM: Starting Splitting Pdf File fn=ConvertPdf2Jpeg SourcePath=D:\\Writer\UploadedDocuments\GLOBAL\1\2015-07-29\RE1fQURfMV8xXzExNzk=\2.pdf
7/30/2015 12:40:47 PM: Finished Splitting Pdf File fn=ConvertPdf2Jpeg SourcePath=D:\\Writer\UploadedDocuments\GLOBAL\1\2015-07-29\RE1fQURfMV8xXzExNzk=\2.pdf
7/30/2015 12:40:47 PM: Starting Splitting Pdf File fn=ConvertPdf2Jpeg SourcePath=D:\\Writer\UploadedDocuments\GLOBAL\1\2015-07-29\RE1fQURfMV8xXzExNzk=\3.pdf
7/30/2015 12:40:47 PM: Finished Splitting Pdf File fn=ConvertPdf2Jpeg SourcePath=D:\\Writer\UploadedDocuments\GLOBAL\1\2015-07-29\RE1fQURfMV8xXzExNzk=\3.pdf
7/30/2015 12:40:47 PM: Starting Splitting Pdf File fn=ConvertPdf2Jpeg SourcePath=D:\\Writer\UploadedDocuments\GLOBAL\1\2015-07-29\RE1fQURfMV8xXzExNzk=\4.pdf
7/30/2015 12:40:47 PM: Finished Splitting Pdf File fn=ConvertPdf2Jpeg SourcePath=D:\\Writer\UploadedDocuments\GLOBAL\1\2015-07-29\RE1fQURfMV8xXzExNzk=\4.pdf
7/30/2015 12:46:50 PM: Starting Splitting Pdf File fn=ConvertPdf2Jpeg SourcePath=D:\\Writer\UploadedDocuments\GLOBAL\1\2015-07-29\RE1fQURfMV8xXzExNzk=\1.pdf
7/30/2015 12:46:51 PM: Finished Splitting Pdf File fn=ConvertPdf2Jpeg SourcePath=D:\\Writer\UploadedDocuments\GLOBAL\1\2015-07-29\RE1fQURfMV8xXzExNzk=\1.pdf
7/30/2015 12:46:51 PM: Starting Splitting Pdf File fn=ConvertPdf2Jpeg SourcePath=D:\\Writer\UploadedDocuments\GLOBAL\1\2015-07-29\RE1fQURfMV8xXzExNzk=\2.pdf
7/30/2015 12:46:51 PM: Finished Splitting Pdf File fn=ConvertPdf2Jpeg SourcePath=D:\\Writer\UploadedDocuments\GLOBAL\1\2015-07-29\RE1fQURfMV8xXzExNzk=\2.pdf
7/30/2015 12:46:51 PM: Starting Splitting Pdf File fn=ConvertPdf2Jpeg SourcePath=D:\\Writer\UploadedDocuments\GLOBAL\1\2015-07-29\RE1fQURfMV8xXzExNzk=\3.pdf
7/30/2015 12:46:51 PM: Finished Splitting Pdf File fn=ConvertPdf2Jpeg SourcePath=D:\\Writer\UploadedDocuments\GLOBAL\1\2015-07-29\RE1fQURfMV8xXzExNzk=\3.pdf
7/30/2015 12:46:51 PM: Starting Splitting Pdf File fn=ConvertPdf2Jpeg SourcePath=D:\\Writer\UploadedDocuments\GLOBAL\1\2015-07-29\RE1fQURfMV8xXzExNzk=\4.pdf
7/30/2015 12:46:52 PM: Finished Splitting Pdf File fn=ConvertPdf2Jpeg SourcePath=D:\\Writer\UploadedDocuments\GLOBAL\1\2015-07-29\RE1fQURfMV8xXzExNzk=\4.pdf
7/30/2015 1:54:12 PM: D:\\Writer\UploadedDocuments\GLOBAL\1\2015-07-29\RE1fQURfMV8xXzExNzk=\1.pdf
7/30/2015 1:54:12 PM: D:\LotexProjects\DMSEnh5\DMS_Infosearch\trunk\SourceCode\WebApplications\CoreDMS\Images\DataEntry\16f8ab30-4472-4b3a-a787-1bfc8f2d8f02\35\36\470\1.jpg
7/30/2015 1:54:48 PM: D:\\Writer\UploadedDocuments\GLOBAL\1\2015-07-29\RE1fQURfMV8xXzExNzk=\2.pdf
7/30/2015 1:54:48 PM: D:\LotexProjects\DMSEnh5\DMS_Infosearch\trunk\SourceCode\WebApplications\CoreDMS\Images\DataEntry\16f8ab30-4472-4b3a-a787-1bfc8f2d8f02\35\36\470\2.jpg
7/30/2015 1:54:49 PM: D:\\Writer\UploadedDocuments\GLOBAL\1\2015-07-29\RE1fQURfMV8xXzExNzk=\3.pdf
7/30/2015 1:54:49 PM: D:\LotexProjects\DMSEnh5\DMS_Infosearch\trunk\SourceCode\WebApplications\CoreDMS\Images\DataEntry\16f8ab30-4472-4b3a-a787-1bfc8f2d8f02\35\36\470\3.jpg
7/30/2015 1:54:50 PM: D:\\Writer\UploadedDocuments\GLOBAL\1\2015-07-29\RE1fQURfMV8xXzExNzk=\4.pdf
7/30/2015 1:54:50 PM: D:\LotexProjects\DMSEnh5\DMS_Infosearch\trunk\SourceCode\WebApplications\CoreDMS\Images\DataEntry\16f8ab30-4472-4b3a-a787-1bfc8f2d8f02\35\36\470\4.jpg
7/30/2015 2:18:12 PM: D:\\Writer\UploadedDocuments\GLOBAL\1\2015-07-29\RE1fQURfMV8xXzExNzg=\1.pdf
7/30/2015 2:18:13 PM: D:\LotexProjects\DMSEnh5\DMS_Infosearch\trunk\SourceCode\WebApplications\CoreDMS\Images\DataEntry\5ecc08ae-10d4-4133-bdf7-1be0a809178c\35\36\470\1.jpg
7/30/2015 4:19:59 PM: D:\\Writer\UploadedDocuments\GLOBAL\1\2015-07-29\RE1fQURfMV8xXzExNzk=\1.pdf
7/30/2015 4:22:45 PM: D:\LotexProjects\DMSEnh5\DMS_Infosearch\trunk\SourceCode\WebApplications\CoreDMS\Images\DataEntry\46cd718e-7373-4301-8b9c-7c2855de2f5d\35\36\470\1.jpg
7/30/2015 4:22:46 PM: D:\\Writer\UploadedDocuments\GLOBAL\1\2015-07-29\RE1fQURfMV8xXzExNzk=\2.pdf
7/30/2015 4:22:46 PM: D:\LotexProjects\DMSEnh5\DMS_Infosearch\trunk\SourceCode\WebApplications\CoreDMS\Images\DataEntry\46cd718e-7373-4301-8b9c-7c2855de2f5d\35\36\470\2.jpg
7/30/2015 4:22:46 PM: D:\\Writer\UploadedDocuments\GLOBAL\1\2015-07-29\RE1fQURfMV8xXzExNzk=\3.pdf
7/30/2015 4:22:46 PM: D:\LotexProjects\DMSEnh5\DMS_Infosearch\trunk\SourceCode\WebApplications\CoreDMS\Images\DataEntry\46cd718e-7373-4301-8b9c-7c2855de2f5d\35\36\470\3.jpg
7/30/2015 4:22:46 PM: D:\\Writer\UploadedDocuments\GLOBAL\1\2015-07-29\RE1fQURfMV8xXzExNzk=\4.pdf
7/30/2015 4:22:46 PM: D:\LotexProjects\DMSEnh5\DMS_Infosearch\trunk\SourceCode\WebApplications\CoreDMS\Images\DataEntry\46cd718e-7373-4301-8b9c-7c2855de2f5d\35\36\470\4.jpg
7/30/2015 4:33:59 PM: D:\\Writer\UploadedDocuments\GLOBAL\1\2015-07-29\RE1fQURfMV8xXzExNzk=\1.pdf
7/30/2015 5:15:48 PM: D:\LotexProjects\DMSEnh5\DMS_Infosearch\trunk\SourceCode\WebApplications\CoreDMS\Images\DataEntry\7debbb20-b622-4e5f-90ee-7a61d710ba52\35\36\470\1.jpg
7/30/2015 5:15:48 PM: D:\\Writer\UploadedDocuments\GLOBAL\1\2015-07-29\RE1fQURfMV8xXzExNzk=\2.pdf
7/30/2015 5:15:48 PM: D:\LotexProjects\DMSEnh5\DMS_Infosearch\trunk\SourceCode\WebApplications\CoreDMS\Images\DataEntry\7debbb20-b622-4e5f-90ee-7a61d710ba52\35\36\470\2.jpg
7/30/2015 5:15:48 PM: D:\\Writer\UploadedDocuments\GLOBAL\1\2015-07-29\RE1fQURfMV8xXzExNzk=\3.pdf
7/30/2015 5:15:48 PM: D:\LotexProjects\DMSEnh5\DMS_Infosearch\trunk\SourceCode\WebApplications\CoreDMS\Images\DataEntry\7debbb20-b622-4e5f-90ee-7a61d710ba52\35\36\470\3.jpg
7/30/2015 5:15:48 PM: D:\\Writer\UploadedDocuments\GLOBAL\1\2015-07-29\RE1fQURfMV8xXzExNzk=\4.pdf
7/30/2015 5:15:49 PM: D:\LotexProjects\DMSEnh5\DMS_Infosearch\trunk\SourceCode\WebApplications\CoreDMS\Images\DataEntry\7debbb20-b622-4e5f-90ee-7a61d710ba52\35\36\470\4.jpg
7/30/2015 6:07:57 PM: D:\\Writer\UploadedDocuments\GLOBAL\1\2015-07-29\RE1fQURfMV8xXzExNzg=\1.pdf
7/30/2015 6:12:59 PM: D:\LotexProjects\DMSEnh5\DMS_Infosearch\trunk\SourceCode\WebApplications\CoreDMS\Images\DataEntry\3a830d6c-85d0-48bb-a16a-c2bd29fdda01\35\36\470\1.jpg
