8/14/2017 10:46:00 AM: System.NullReferenceException: Object reference not set to an instance of an object.
   at Lotex.EnterpriseSolutions.WebUI.Secure.Core.DocumentDownloadSearch.btnSubmit_Click(Object sender, EventArgs e) in e:\Sheetal\Working info doc\SourceCodeInfoDocs_new\SourceCode\WebApplications\CoreDMS\Secure\Core\DocumentDownloadSearch.aspx.cs:line 2441
8/14/2017 1:47:49 PM: System.NullReferenceException: Object reference not set to an instance of an object.
   at Lotex.EnterpriseSolutions.WebUI.Secure.Core.DocumentDownloadSearch.btnSubmit_Click(Object sender, EventArgs e) in e:\Sheetal\Working info doc\SourceCodeInfoDocs_new\SourceCode\WebApplications\CoreDMS\Secure\Core\DocumentDownloadSearch.aspx.cs:line 2441
8/14/2017 1:49:46 PM: System.NullReferenceException: Object reference not set to an instance of an object.
   at Lotex.EnterpriseSolutions.WebUI.Secure.Core.DocumentDownloadSearch.btnSubmit_Click(Object sender, EventArgs e) in e:\Sheetal\Working info doc\SourceCodeInfoDocs_new\SourceCode\WebApplications\CoreDMS\Secure\Core\DocumentDownloadSearch.aspx.cs:line 2441
8/14/2017 2:03:36 PM: System.NullReferenceException: Object reference not set to an instance of an object.
   at Lotex.EnterpriseSolutions.WebUI.Secure.Core.DocumentDownloadSearch.btnSubmit_Click(Object sender, EventArgs e) in e:\Sheetal\Working info doc\SourceCodeInfoDocs_new\SourceCode\WebApplications\CoreDMS\Secure\Core\DocumentDownloadSearch.aspx.cs:line 2441
8/14/2017 3:27:49 PM: System.NullReferenceException: Object reference not set to an instance of an object.
   at Lotex.EnterpriseSolutions.WebUI.Secure.Core.DocumentDownloadSearch.btnSubmit_Click(Object sender, EventArgs e) in e:\Sheetal\Working info doc\SourceCodeInfoDocs_new\SourceCode\WebApplications\CoreDMS\Secure\Core\DocumentDownloadSearch.aspx.cs:line 2469
8/14/2017 5:03:28 PM: System.NullReferenceException: Object reference not set to an instance of an object.
   at Lotex.EnterpriseSolutions.WebUI.Secure.Core.DocumentDownloadSearch.btnSubmit_Click(Object sender, EventArgs e) in e:\Sheetal\Working info doc\SourceCodeInfoDocs_new\SourceCode\WebApplications\CoreDMS\Secure\Core\DocumentDownloadSearch.aspx.cs:line 2469
8/14/2017 5:03:32 PM: System.NullReferenceException: Object reference not set to an instance of an object.
   at Lotex.EnterpriseSolutions.WebUI.Secure.Core.DocumentDownloadSearch.btnSubmit_Click(Object sender, EventArgs e) in e:\Sheetal\Working info doc\SourceCodeInfoDocs_new\SourceCode\WebApplications\CoreDMS\Secure\Core\DocumentDownloadSearch.aspx.cs:line 2469
8/14/2017 5:05:23 PM: System.NullReferenceException: Object reference not set to an instance of an object.
   at Lotex.EnterpriseSolutions.WebUI.Secure.Core.DocumentDownloadSearch.btnSubmit_Click(Object sender, EventArgs e) in e:\Sheetal\Working info doc\SourceCodeInfoDocs_new\SourceCode\WebApplications\CoreDMS\Secure\Core\DocumentDownloadSearch.aspx.cs:line 2469
8/14/2017 5:07:28 PM: System.NullReferenceException: Object reference not set to an instance of an object.
   at Lotex.EnterpriseSolutions.WebUI.Secure.Core.DocumentDownloadSearch.btnSubmit_Click(Object sender, EventArgs e) in e:\Sheetal\Working info doc\SourceCodeInfoDocs_new\SourceCode\WebApplications\CoreDMS\Secure\Core\DocumentDownloadSearch.aspx.cs:line 2469
8/14/2017 5:09:37 PM: System.Web.HttpException (0x80004005): A field or property with the name 'UPLOAD_DocStatus' was not found on the selected data source.
   at System.Web.UI.WebControls.BoundField.TryGetSimplePropertyValue(Object dataItem, Object& data)
   at System.Web.UI.WebControls.BoundField.GetValue(Control controlContainer)
   at System.Web.UI.WebControls.BoundField.OnDataBindField(Object sender, EventArgs e)
   at System.Web.UI.Control.OnDataBinding(EventArgs e)
   at System.Web.UI.Control.DataBind(Boolean raiseOnDataBinding)
   at System.Web.UI.Control.DataBind()
   at System.Web.UI.Control.DataBindChildren()
   at System.Web.UI.Control.DataBind(Boolean raiseOnDataBinding)
   at System.Web.UI.Control.DataBind()
   at System.Web.UI.WebControls.GridView.CreateRow(Int32 rowIndex, Int32 dataSourceIndex, DataControlRowType rowType, DataControlRowState rowState, Boolean dataBind, Object dataItem, DataControlField[] fields, TableRowCollection rows, PagedDataSource pagedDataSource)
   at System.Web.UI.WebControls.GridView.CreateChildControls(IEnumerable dataSource, Boolean dataBinding)
   at System.Web.UI.WebControls.CompositeDataBoundControl.PerformDataBinding(IEnumerable data)
   at System.Web.UI.WebControls.GridView.PerformDataBinding(IEnumerable data)
   at System.Web.UI.WebControls.DataBoundControl.OnDataSourceViewSelectCallback(IEnumerable data)
   at System.Web.UI.DataSourceView.Select(DataSourceSelectArguments arguments, DataSourceViewSelectCallback callback)
   at System.Web.UI.WebControls.DataBoundControl.PerformSelect()
   at System.Web.UI.WebControls.BaseDataBoundControl.DataBind()
   at System.Web.UI.WebControls.GridView.DataBind()
   at Lotex.EnterpriseSolutions.WebUI.Secure.Core.DocumentDownloadSearch.btnSubmit_Click(Object sender, EventArgs e) in e:\Sheetal\Working info doc\SourceCodeInfoDocs_new\SourceCode\WebApplications\CoreDMS\Secure\Core\DocumentDownloadSearch.aspx.cs:line 2478
8/14/2017 5:46:51 PM: System.Web.HttpException (0x80004005): A field or property with the name 'UPLOAD_DocStatus' was not found on the selected data source.
   at System.Web.UI.WebControls.BoundField.TryGetSimplePropertyValue(Object dataItem, Object& data)
   at System.Web.UI.WebControls.BoundField.GetValue(Control controlContainer)
   at System.Web.UI.WebControls.BoundField.OnDataBindField(Object sender, EventArgs e)
   at System.Web.UI.Control.OnDataBinding(EventArgs e)
   at System.Web.UI.Control.DataBind(Boolean raiseOnDataBinding)
   at System.Web.UI.Control.DataBind()
   at System.Web.UI.Control.DataBindChildren()
   at System.Web.UI.Control.DataBind(Boolean raiseOnDataBinding)
   at System.Web.UI.Control.DataBind()
   at System.Web.UI.WebControls.GridView.CreateRow(Int32 rowIndex, Int32 dataSourceIndex, DataControlRowType rowType, DataControlRowState rowState, Boolean dataBind, Object dataItem, DataControlField[] fields, TableRowCollection rows, PagedDataSource pagedDataSource)
   at System.Web.UI.WebControls.GridView.CreateChildControls(IEnumerable dataSource, Boolean dataBinding)
   at System.Web.UI.WebControls.CompositeDataBoundControl.PerformDataBinding(IEnumerable data)
   at System.Web.UI.WebControls.GridView.PerformDataBinding(IEnumerable data)
   at System.Web.UI.WebControls.DataBoundControl.OnDataSourceViewSelectCallback(IEnumerable data)
   at System.Web.UI.DataSourceView.Select(DataSourceSelectArguments arguments, DataSourceViewSelectCallback callback)
   at System.Web.UI.WebControls.DataBoundControl.PerformSelect()
   at System.Web.UI.WebControls.BaseDataBoundControl.DataBind()
   at System.Web.UI.WebControls.GridView.DataBind()
   at Lotex.EnterpriseSolutions.WebUI.Secure.Core.DocumentDownloadSearch.btnSubmit_Click(Object sender, EventArgs e) in e:\Sheetal\Working info doc\SourceCodeInfoDocs_new\SourceCode\WebApplications\CoreDMS\Secure\Core\DocumentDownloadSearch.aspx.cs:line 2479
8/14/2017 5:50:42 PM: System.Web.HttpException (0x80004005): A field or property with the name 'UPLOAD_DocStatus' was not found on the selected data source.
   at System.Web.UI.WebControls.BoundField.TryGetSimplePropertyValue(Object dataItem, Object& data)
   at System.Web.UI.WebControls.BoundField.GetValue(Control controlContainer)
   at System.Web.UI.WebControls.BoundField.OnDataBindField(Object sender, EventArgs e)
   at System.Web.UI.Control.OnDataBinding(EventArgs e)
   at System.Web.UI.Control.DataBind(Boolean raiseOnDataBinding)
   at System.Web.UI.Control.DataBind()
   at System.Web.UI.Control.DataBindChildren()
   at System.Web.UI.Control.DataBind(Boolean raiseOnDataBinding)
   at System.Web.UI.Control.DataBind()
   at System.Web.UI.WebControls.GridView.CreateRow(Int32 rowIndex, Int32 dataSourceIndex, DataControlRowType rowType, DataControlRowState rowState, Boolean dataBind, Object dataItem, DataControlField[] fields, TableRowCollection rows, PagedDataSource pagedDataSource)
   at System.Web.UI.WebControls.GridView.CreateChildControls(IEnumerable dataSource, Boolean dataBinding)
   at System.Web.UI.WebControls.CompositeDataBoundControl.PerformDataBinding(IEnumerable data)
   at System.Web.UI.WebControls.GridView.PerformDataBinding(IEnumerable data)
   at System.Web.UI.WebControls.DataBoundControl.OnDataSourceViewSelectCallback(IEnumerable data)
   at System.Web.UI.DataSourceView.Select(DataSourceSelectArguments arguments, DataSourceViewSelectCallback callback)
   at System.Web.UI.WebControls.DataBoundControl.PerformSelect()
   at System.Web.UI.WebControls.BaseDataBoundControl.DataBind()
   at System.Web.UI.WebControls.GridView.DataBind()
   at Lotex.EnterpriseSolutions.WebUI.Secure.Core.DocumentDownloadSearch.btnSubmit_Click(Object sender, EventArgs e) in e:\Sheetal\Working info doc\SourceCodeInfoDocs_new\SourceCode\WebApplications\CoreDMS\Secure\Core\DocumentDownloadSearch.aspx.cs:line 2479
8/14/2017 6:37:38 PM: System.Web.HttpException (0x80004005): A field or property with the name 'UPLOAD_DocStatus' was not found on the selected data source.
   at System.Web.UI.WebControls.BoundField.TryGetSimplePropertyValue(Object dataItem, Object& data)
   at System.Web.UI.WebControls.BoundField.GetValue(Control controlContainer)
   at System.Web.UI.WebControls.BoundField.OnDataBindField(Object sender, EventArgs e)
   at System.Web.UI.Control.OnDataBinding(EventArgs e)
   at System.Web.UI.Control.DataBind(Boolean raiseOnDataBinding)
   at System.Web.UI.Control.DataBind()
   at System.Web.UI.Control.DataBindChildren()
   at System.Web.UI.Control.DataBind(Boolean raiseOnDataBinding)
   at System.Web.UI.Control.DataBind()
   at System.Web.UI.WebControls.GridView.CreateRow(Int32 rowIndex, Int32 dataSourceIndex, DataControlRowType rowType, DataControlRowState rowState, Boolean dataBind, Object dataItem, DataControlField[] fields, TableRowCollection rows, PagedDataSource pagedDataSource)
   at System.Web.UI.WebControls.GridView.CreateChildControls(IEnumerable dataSource, Boolean dataBinding)
   at System.Web.UI.WebControls.CompositeDataBoundControl.PerformDataBinding(IEnumerable data)
   at System.Web.UI.WebControls.GridView.PerformDataBinding(IEnumerable data)
   at System.Web.UI.WebControls.DataBoundControl.OnDataSourceViewSelectCallback(IEnumerable data)
   at System.Web.UI.DataSourceView.Select(DataSourceSelectArguments arguments, DataSourceViewSelectCallback callback)
   at System.Web.UI.WebControls.DataBoundControl.PerformSelect()
   at System.Web.UI.WebControls.BaseDataBoundControl.DataBind()
   at System.Web.UI.WebControls.GridView.DataBind()
   at Lotex.EnterpriseSolutions.WebUI.Secure.Core.DocumentDownloadSearch.btnSubmit_Click(Object sender, EventArgs e) in e:\Sheetal\Working info doc\SourceCodeInfoDocs_new\SourceCode\WebApplications\CoreDMS\Secure\Core\DocumentDownloadSearch.aspx.cs:line 2479
