10/11/2017 4:25:03 PM: function GetTemplateDetails caught ex;String was not recognized as a valid Boolean.
10/11/2017 4:41:25 PM: System.Data.SqlClient.SqlException (0x80131904): A network-related or instance-specific error occurred while establishing a connection to SQL Server. The server was not found or was not accessible. Verify that the instance name is correct and that SQL Server is configured to allow remote connections. (provider: Named Pipes Provider, error: 40 - Could not open a connection to SQL Server) ---> System.ComponentModel.Win32Exception (0x80004005): The network path was not found
   at Lotex.EnterpriseSolutions.CoreDAL.UserDAL.GetDomains(Int32 orgid, String action, String loginOrgId, String loginToken, String OrgCode) in d:\MIDC EXE\UpdateCode(06-09-2017) with tagging chages\TaggingCode\Libraries\Core\CoreDAL\UserDAL.cs:line 205
   at Lotex.EnterpriseSolutions.CoreBL.UserBL.GetDomains(Int32 orgid, String action, String loginOrgId, String loginToken, String OrgCode) in d:\MIDC EXE\UpdateCode(06-09-2017) with tagging chages\TaggingCode\Libraries\Core\CoreBL\UserBL.cs:line 76
   at Lotex.EnterpriseSolutions.WebUI.Login.LoadDomain() in d:\MIDC EXE\UpdateCode(06-09-2017) with tagging chages\TaggingCode\WebApplications\CoreDMS\Accounts\Login.aspx.cs:line 216
ClientConnectionId:00000000-0000-0000-0000-000000000000
Error Number:53,State:0,Class:20
10/11/2017 4:41:48 PM: System.Data.SqlClient.SqlException (0x80131904): A network-related or instance-specific error occurred while establishing a connection to SQL Server. The server was not found or was not accessible. Verify that the instance name is correct and that SQL Server is configured to allow remote connections. (provider: Named Pipes Provider, error: 40 - Could not open a connection to SQL Server) ---> System.ComponentModel.Win32Exception (0x80004005): The network path was not found
   at Lotex.EnterpriseSolutions.CoreDAL.UserDAL.GetDomains(Int32 orgid, String action, String loginOrgId, String loginToken, String OrgCode) in d:\MIDC EXE\UpdateCode(06-09-2017) with tagging chages\TaggingCode\Libraries\Core\CoreDAL\UserDAL.cs:line 205
   at Lotex.EnterpriseSolutions.CoreBL.UserBL.GetDomains(Int32 orgid, String action, String loginOrgId, String loginToken, String OrgCode) in d:\MIDC EXE\UpdateCode(06-09-2017) with tagging chages\TaggingCode\Libraries\Core\CoreBL\UserBL.cs:line 76
   at Lotex.EnterpriseSolutions.WebUI.Login.LoadDomain() in d:\MIDC EXE\UpdateCode(06-09-2017) with tagging chages\TaggingCode\WebApplications\CoreDMS\Accounts\Login.aspx.cs:line 216
ClientConnectionId:00000000-0000-0000-0000-000000000000
Error Number:53,State:0,Class:20
10/11/2017 4:42:51 PM: System.Data.SqlClient.SqlException (0x80131904): A network-related or instance-specific error occurred while establishing a connection to SQL Server. The server was not found or was not accessible. Verify that the instance name is correct and that SQL Server is configured to allow remote connections. (provider: Named Pipes Provider, error: 40 - Could not open a connection to SQL Server) ---> System.ComponentModel.Win32Exception (0x80004005): The network path was not found
   at Lotex.EnterpriseSolutions.CoreDAL.UserDAL.GetDomains(Int32 orgid, String action, String loginOrgId, String loginToken, String OrgCode) in d:\MIDC EXE\UpdateCode(06-09-2017) with tagging chages\TaggingCode\Libraries\Core\CoreDAL\UserDAL.cs:line 205
   at Lotex.EnterpriseSolutions.CoreBL.UserBL.GetDomains(Int32 orgid, String action, String loginOrgId, String loginToken, String OrgCode) in d:\MIDC EXE\UpdateCode(06-09-2017) with tagging chages\TaggingCode\Libraries\Core\CoreBL\UserBL.cs:line 76
   at Lotex.EnterpriseSolutions.WebUI.Login.LoadDomain() in d:\MIDC EXE\UpdateCode(06-09-2017) with tagging chages\TaggingCode\WebApplications\CoreDMS\Accounts\Login.aspx.cs:line 216
ClientConnectionId:00000000-0000-0000-0000-000000000000
Error Number:53,State:0,Class:20
10/11/2017 4:43:14 PM: System.Data.SqlClient.SqlException (0x80131904): A network-related or instance-specific error occurred while establishing a connection to SQL Server. The server was not found or was not accessible. Verify that the instance name is correct and that SQL Server is configured to allow remote connections. (provider: Named Pipes Provider, error: 40 - Could not open a connection to SQL Server) ---> System.ComponentModel.Win32Exception (0x80004005): The network path was not found
   at Lotex.EnterpriseSolutions.CoreDAL.UserDAL.GetDomains(Int32 orgid, String action, String loginOrgId, String loginToken, String OrgCode) in d:\MIDC EXE\UpdateCode(06-09-2017) with tagging chages\TaggingCode\Libraries\Core\CoreDAL\UserDAL.cs:line 205
   at Lotex.EnterpriseSolutions.CoreBL.UserBL.GetDomains(Int32 orgid, String action, String loginOrgId, String loginToken, String OrgCode) in d:\MIDC EXE\UpdateCode(06-09-2017) with tagging chages\TaggingCode\Libraries\Core\CoreBL\UserBL.cs:line 76
   at Lotex.EnterpriseSolutions.WebUI.Login.LoadDomain() in d:\MIDC EXE\UpdateCode(06-09-2017) with tagging chages\TaggingCode\WebApplications\CoreDMS\Accounts\Login.aspx.cs:line 216
ClientConnectionId:00000000-0000-0000-0000-000000000000
Error Number:53,State:0,Class:20
10/11/2017 4:46:37 PM: function GetTemplateDetails caught ex;String was not recognized as a valid Boolean.
