12/21/2017 3:02:13 PM: System.Data.SqlClient.SqlException (0x80131904): A network-related or instance-specific error occurred while establishing a connection to SQL Server. The server was not found or was not accessible. Verify that the instance name is correct and that SQL Server is configured to allow remote connections. (provider: Named Pipes Provider, error: 40 - Could not open a connection to SQL Server) ---> System.ComponentModel.Win32Exception (0x80004005): The system cannot find the file specified
   at Lotex.EnterpriseSolutions.CoreDAL.UserDAL.GetDomains(Int32 orgid, String action, String loginOrgId, String loginToken, String OrgCode) in f:\AxisFinance\UpdateCode(06-09-2017) with tagging chages\TaggingCode\Libraries\Core\CoreDAL\UserDAL.cs:line 205
   at Lotex.EnterpriseSolutions.CoreBL.UserBL.GetDomains(Int32 orgid, String action, String loginOrgId, String loginToken, String OrgCode) in f:\AxisFinance\UpdateCode(06-09-2017) with tagging chages\TaggingCode\Libraries\Core\CoreBL\UserBL.cs:line 76
   at Lotex.EnterpriseSolutions.WebUI.Login.LoadDomain() in f:\AxisFinance\UpdateCode(06-09-2017) with tagging chages\TaggingCode\WebApplications\CoreDMS\Accounts\Login.aspx.cs:line 216
ClientConnectionId:00000000-0000-0000-0000-000000000000
Error Number:2,State:0,Class:20
12/21/2017 3:02:37 PM: System.Data.SqlClient.SqlException (0x80131904): A network-related or instance-specific error occurred while establishing a connection to SQL Server. The server was not found or was not accessible. Verify that the instance name is correct and that SQL Server is configured to allow remote connections. (provider: Named Pipes Provider, error: 40 - Could not open a connection to SQL Server) ---> System.ComponentModel.Win32Exception (0x80004005): The system cannot find the file specified
   at Lotex.EnterpriseSolutions.CoreDAL.UserDAL.GetDomains(Int32 orgid, String action, String loginOrgId, String loginToken, String OrgCode) in f:\AxisFinance\UpdateCode(06-09-2017) with tagging chages\TaggingCode\Libraries\Core\CoreDAL\UserDAL.cs:line 205
   at Lotex.EnterpriseSolutions.CoreBL.UserBL.GetDomains(Int32 orgid, String action, String loginOrgId, String loginToken, String OrgCode) in f:\AxisFinance\UpdateCode(06-09-2017) with tagging chages\TaggingCode\Libraries\Core\CoreBL\UserBL.cs:line 76
   at Lotex.EnterpriseSolutions.WebUI.Login.LoadDomain() in f:\AxisFinance\UpdateCode(06-09-2017) with tagging chages\TaggingCode\WebApplications\CoreDMS\Accounts\Login.aspx.cs:line 216
ClientConnectionId:00000000-0000-0000-0000-000000000000
Error Number:2,State:0,Class:20
12/21/2017 3:03:13 PM: System.Data.SqlClient.SqlException (0x80131904): A network-related or instance-specific error occurred while establishing a connection to SQL Server. The server was not found or was not accessible. Verify that the instance name is correct and that SQL Server is configured to allow remote connections. (provider: Named Pipes Provider, error: 40 - Could not open a connection to SQL Server) ---> System.ComponentModel.Win32Exception (0x80004005): The system cannot find the file specified
   at Lotex.EnterpriseSolutions.CoreDAL.UserDAL.GetDomains(Int32 orgid, String action, String loginOrgId, String loginToken, String OrgCode) in f:\AxisFinance\UpdateCode(06-09-2017) with tagging chages\TaggingCode\Libraries\Core\CoreDAL\UserDAL.cs:line 205
   at Lotex.EnterpriseSolutions.CoreBL.UserBL.GetDomains(Int32 orgid, String action, String loginOrgId, String loginToken, String OrgCode) in f:\AxisFinance\UpdateCode(06-09-2017) with tagging chages\TaggingCode\Libraries\Core\CoreBL\UserBL.cs:line 76
   at Lotex.EnterpriseSolutions.WebUI.Login.LoadDomain() in f:\AxisFinance\UpdateCode(06-09-2017) with tagging chages\TaggingCode\WebApplications\CoreDMS\Accounts\Login.aspx.cs:line 216
ClientConnectionId:00000000-0000-0000-0000-000000000000
Error Number:2,State:0,Class:20
12/21/2017 3:04:43 PM: System.Data.SqlClient.SqlException (0x80131904): A network-related or instance-specific error occurred while establishing a connection to SQL Server. The server was not found or was not accessible. Verify that the instance name is correct and that SQL Server is configured to allow remote connections. (provider: Named Pipes Provider, error: 40 - Could not open a connection to SQL Server) ---> System.ComponentModel.Win32Exception (0x80004005): The system cannot find the file specified
   at Lotex.EnterpriseSolutions.CoreDAL.UserDAL.GetDomains(Int32 orgid, String action, String loginOrgId, String loginToken, String OrgCode) in f:\AxisFinance\UpdateCode(06-09-2017) with tagging chages\TaggingCode\Libraries\Core\CoreDAL\UserDAL.cs:line 205
   at Lotex.EnterpriseSolutions.CoreBL.UserBL.GetDomains(Int32 orgid, String action, String loginOrgId, String loginToken, String OrgCode) in f:\AxisFinance\UpdateCode(06-09-2017) with tagging chages\TaggingCode\Libraries\Core\CoreBL\UserBL.cs:line 76
   at Lotex.EnterpriseSolutions.WebUI.Login.LoadDomain() in f:\AxisFinance\UpdateCode(06-09-2017) with tagging chages\TaggingCode\WebApplications\CoreDMS\Accounts\Login.aspx.cs:line 216
ClientConnectionId:00000000-0000-0000-0000-000000000000
Error Number:2,State:0,Class:20
12/21/2017 5:54:19 PM: function GetTemplateDetails caught ex;Object reference not set to an instance of an object.
12/21/2017 5:54:28 PM: function GetTemplateDetails caught ex;String was not recognized as a valid Boolean.
12/21/2017 5:55:46 PM: function GetTemplateDetails caught ex;String was not recognized as a valid Boolean.
12/21/2017 5:55:46 PM: System.Threading.ThreadAbortException: Thread was being aborted.
   at System.Threading.Thread.AbortInternal()
   at System.Threading.Thread.Abort(Object stateInfo)
   at System.Web.HttpResponse.AbortCurrentThread()
   at System.Web.HttpResponse.End()
   at System.Web.HttpResponse.Redirect(String url, Boolean endResponse, Boolean permanent)
   at System.Web.HttpResponse.Redirect(String url)
   at Lotex.EnterpriseSolutions.WebUI.Secure.Core.DocumentTag.btnCancel_Click(Object sender, EventArgs e) in f:\AxisFinance\UpdateCode(06-09-2017) with tagging chages\TaggingCode\WebApplications\CoreDMS\Secure\Core\DocumentTag.aspx.cs:line 965
12/21/2017 5:57:05 PM: function GetTemplateDetails caught ex;Object reference not set to an instance of an object.
12/21/2017 5:57:10 PM: function GetTemplateDetails caught ex;String was not recognized as a valid Boolean.
12/21/2017 5:57:10 PM: System.Threading.ThreadAbortException: Thread was being aborted.
   at System.Threading.Thread.AbortInternal()
   at System.Threading.Thread.Abort(Object stateInfo)
   at System.Web.HttpResponse.AbortCurrentThread()
   at System.Web.HttpResponse.End()
   at System.Web.HttpResponse.Redirect(String url, Boolean endResponse, Boolean permanent)
   at System.Web.HttpResponse.Redirect(String url)
   at Lotex.EnterpriseSolutions.WebUI.Secure.Core.DocumentTag.btnCancel_Click(Object sender, EventArgs e) in f:\AxisFinance\UpdateCode(06-09-2017) with tagging chages\TaggingCode\WebApplications\CoreDMS\Secure\Core\DocumentTag.aspx.cs:line 965
12/21/2017 6:03:09 PM: function GetTemplateDetails caught ex;Object reference not set to an instance of an object.
12/21/2017 6:07:50 PM: function GetTemplateDetails caught ex;Object reference not set to an instance of an object.
12/21/2017 6:09:07 PM: function GetTemplateDetails caught ex;Object reference not set to an instance of an object.
12/21/2017 6:09:35 PM: function GetTemplateDetails caught ex;Object reference not set to an instance of an object.
12/21/2017 6:10:35 PM: function GetTemplateDetails caught ex;Object reference not set to an instance of an object.
12/21/2017 6:12:53 PM: function GetTemplateDetails caught ex;Specified argument was out of the range of valid values.
Parameter name: index
12/21/2017 6:14:25 PM: function GetTemplateDetails caught ex;Specified argument was out of the range of valid values.
Parameter name: index
12/21/2017 6:15:24 PM: function GetTemplateDetails caught ex;Specified argument was out of the range of valid values.
Parameter name: index
12/21/2017 6:16:18 PM: function GetTemplateDetails caught ex;Specified argument was out of the range of valid values.
Parameter name: index
12/21/2017 6:18:39 PM: function GetTemplateDetails caught ex;Object reference not set to an instance of an object.
12/21/2017 6:24:23 PM: function GetTemplateDetails caught ex;Object reference not set to an instance of an object.
