8/24/2017 11:23:53 AM: function GetTemplateDetails caught ex;String was not recognized as a valid Boolean.
8/24/2017 11:23:56 AM: function GetTemplateDetails caught ex;String was not recognized as a valid Boolean.
8/24/2017 11:24:09 AM: function GetTemplateDetails caught ex;String was not recognized as a valid Boolean.
8/24/2017 11:24:23 AM: function GetTemplateDetails caught ex;String was not recognized as a valid Boolean.
8/24/2017 11:24:41 AM: function GetTemplateDetails caught ex;String was not recognized as a valid Boolean.
8/24/2017 11:24:44 AM: function GetTemplateDetails caught ex;String was not recognized as a valid Boolean.
8/24/2017 11:24:56 AM: function GetTemplateDetails caught ex;String was not recognized as a valid Boolean.
8/24/2017 11:25:03 AM: function GetTemplateDetails caught ex;String was not recognized as a valid Boolean.
8/24/2017 11:25:44 AM: function GetTemplateDetails caught ex;String was not recognized as a valid Boolean.
8/24/2017 11:25:44 AM: System.Threading.ThreadAbortException: Thread was being aborted.
   at System.Threading.Thread.AbortInternal()
   at System.Threading.Thread.Abort(Object stateInfo)
   at System.Web.HttpResponse.AbortCurrentThread()
   at System.Web.HttpResponse.End()
   at System.Web.HttpResponse.Redirect(String url, Boolean endResponse, Boolean permanent)
   at System.Web.HttpResponse.Redirect(String url)
   at Lotex.EnterpriseSolutions.WebUI.Secure.Core.DocumentTag.btnCancel_Click(Object sender, EventArgs e) in e:\Sheetal\Working info doc\SourceCodeInfoDocs_new\SourceCode\WebApplications\CoreDMS\Secure\Core\DocumentTag.aspx.cs:line 962
8/24/2017 11:33:28 AM: function GetTemplateDetails caught ex;String was not recognized as a valid Boolean.
8/24/2017 11:33:31 AM: function GetTemplateDetails caught ex;String was not recognized as a valid Boolean.
8/24/2017 11:35:38 AM: function GetTemplateDetails caught ex;String was not recognized as a valid Boolean.
8/24/2017 11:35:48 AM: function GetTemplateDetails caught ex;String was not recognized as a valid Boolean.
8/24/2017 11:37:02 AM: function GetTemplateDetails caught ex;String was not recognized as a valid Boolean.
8/24/2017 11:37:15 AM: function GetTemplateDetails caught ex;String was not recognized as a valid Boolean.
8/24/2017 11:40:26 AM: function GetTemplateDetails caught ex;String was not recognized as a valid Boolean.
8/24/2017 11:40:50 AM: function GetTemplateDetails caught ex;String was not recognized as a valid Boolean.
8/24/2017 11:40:52 AM: function GetTemplateDetails caught ex;String was not recognized as a valid Boolean.
8/24/2017 11:41:03 AM: function GetTemplateDetails caught ex;String was not recognized as a valid Boolean.
8/24/2017 11:41:09 AM: function GetTemplateDetails caught ex;String was not recognized as a valid Boolean.
8/24/2017 11:41:33 AM: function GetTemplateDetails caught ex;String was not recognized as a valid Boolean.
8/24/2017 11:41:36 AM: function GetTemplateDetails caught ex;String was not recognized as a valid Boolean.
8/24/2017 11:41:44 AM: function GetTemplateDetails caught ex;String was not recognized as a valid Boolean.
8/24/2017 11:41:49 AM: function GetTemplateDetails caught ex;String was not recognized as a valid Boolean.
8/24/2017 11:41:54 AM: function GetTemplateDetails caught ex;String was not recognized as a valid Boolean.
8/24/2017 11:42:04 AM: function GetTemplateDetails caught ex;String was not recognized as a valid Boolean.
8/24/2017 11:42:23 AM: function GetTemplateDetails caught ex;String was not recognized as a valid Boolean.
8/24/2017 11:42:54 AM: function GetTemplateDetails caught ex;String was not recognized as a valid Boolean.
8/24/2017 11:42:56 AM: function GetTemplateDetails caught ex;String was not recognized as a valid Boolean.
8/24/2017 11:43:01 AM: function GetTemplateDetails caught ex;String was not recognized as a valid Boolean.
8/24/2017 11:43:08 AM: function GetTemplateDetails caught ex;String was not recognized as a valid Boolean.
8/24/2017 11:43:11 AM: function GetTemplateDetails caught ex;String was not recognized as a valid Boolean.
8/24/2017 11:43:13 AM: function GetTemplateDetails caught ex;String was not recognized as a valid Boolean.
