2/3/2018 3:43:36 PM: function GetTemplateDetails caught ex;String was not recognized as a valid Boolean.
2/3/2018 3:43:39 PM: function GetTemplateDetails caught ex;String was not recognized as a valid Boolean.
2/3/2018 3:43:45 PM: function GetTemplateDetails caught ex;String was not recognized as a valid Boolean.
2/3/2018 3:43:46 PM: function GetTemplateDetails caught ex;String was not recognized as a valid Boolean.
2/3/2018 3:54:06 PM: function GetTemplateDetails caught ex;String was not recognized as a valid Boolean.
2/3/2018 3:54:21 PM: function GetTemplateDetails caught ex;String was not recognized as a valid Boolean.
2/3/2018 3:54:22 PM: function GetTemplateDetails caught ex;String was not recognized as a valid Boolean.
2/3/2018 3:54:53 PM: function GetTemplateDetails caught ex;String was not recognized as a valid Boolean.
2/3/2018 3:54:54 PM: System.Threading.ThreadAbortException: Thread was being aborted.
   at System.Threading.Thread.AbortInternal()
   at System.Threading.Thread.Abort(Object stateInfo)
   at System.Web.HttpResponse.AbortCurrentThread()
   at System.Web.HttpResponse.End()
   at System.Web.HttpResponse.Redirect(String url, Boolean endResponse, Boolean permanent)
   at System.Web.HttpResponse.Redirect(String url)
   at Lotex.EnterpriseSolutions.WebUI.Secure.Core.DocumentTag.btnCancel_Click(Object sender, EventArgs e) in f:\AxisFinance\UpdateCode(06-09-2017) with tagging chages\TaggingCode\WebApplications\CoreDMS\Secure\Core\DocumentTag.aspx.cs:line 966
2/3/2018 3:56:24 PM: function GetTemplateDetails caught ex;String was not recognized as a valid Boolean.
2/3/2018 4:06:51 PM: function GetTemplateDetails caught ex;String was not recognized as a valid Boolean.
2/3/2018 4:07:02 PM: function GetTemplateDetails caught ex;String was not recognized as a valid Boolean.
2/3/2018 4:07:04 PM: function GetTemplateDetails caught ex;String was not recognized as a valid Boolean.
