11/21/2018 11:27:05 AM: function GetTemplateDetails caught ex;String was not recognized as a valid Boolean.
11/21/2018 11:27:08 AM: function GetTemplateDetails caught ex;String was not recognized as a valid Boolean.
11/21/2018 11:27:20 AM: function GetTemplateDetails caught ex;String was not recognized as a valid Boolean.
11/21/2018 11:27:22 AM: function GetTemplateDetails caught ex;String was not recognized as a valid Boolean.
11/21/2018 11:27:24 AM: function GetTemplateDetails caught ex;String was not recognized as a valid Boolean.
11/21/2018 11:27:27 AM: function GetTemplateDetails caught ex;String was not recognized as a valid Boolean.
11/21/2018 11:29:56 AM: function GetTemplateDetails caught ex;String was not recognized as a valid Boolean.
11/21/2018 11:29:58 AM: function GetTemplateDetails caught ex;String was not recognized as a valid Boolean.
11/21/2018 11:29:59 AM: function GetTemplateDetails caught ex;String was not recognized as a valid Boolean.
11/21/2018 11:30:04 AM: function GetTemplateDetails caught ex;String was not recognized as a valid Boolean.
11/21/2018 11:30:16 AM: function GetTemplateDetails caught ex;String was not recognized as a valid Boolean.
11/21/2018 11:30:19 AM: function GetTemplateDetails caught ex;String was not recognized as a valid Boolean.
11/21/2018 11:30:40 AM: function GetTemplateDetails caught ex;String was not recognized as a valid Boolean.
11/21/2018 11:30:43 AM: function GetTemplateDetails caught ex;String was not recognized as a valid Boolean.
11/21/2018 11:30:45 AM: function GetTemplateDetails caught ex;String was not recognized as a valid Boolean.
11/21/2018 11:30:47 AM: function GetTemplateDetails caught ex;String was not recognized as a valid Boolean.
11/21/2018 11:30:51 AM: function GetTemplateDetails caught ex;String was not recognized as a valid Boolean.
11/21/2018 11:30:54 AM: function GetTemplateDetails caught ex;String was not recognized as a valid Boolean.
11/21/2018 11:30:56 AM: function GetTemplateDetails caught ex;String was not recognized as a valid Boolean.
11/21/2018 11:30:58 AM: function GetTemplateDetails caught ex;String was not recognized as a valid Boolean.
11/21/2018 11:31:01 AM: function GetTemplateDetails caught ex;String was not recognized as a valid Boolean.
11/21/2018 11:31:03 AM: function GetTemplateDetails caught ex;String was not recognized as a valid Boolean.
11/21/2018 11:31:06 AM: function GetTemplateDetails caught ex;String was not recognized as a valid Boolean.
11/21/2018 11:31:08 AM: function GetTemplateDetails caught ex;String was not recognized as a valid Boolean.
11/21/2018 11:31:11 AM: function GetTemplateDetails caught ex;String was not recognized as a valid Boolean.
11/21/2018 11:31:13 AM: function GetTemplateDetails caught ex;String was not recognized as a valid Boolean.
11/21/2018 11:31:16 AM: function GetTemplateDetails caught ex;String was not recognized as a valid Boolean.
11/21/2018 11:31:28 AM: function GetTemplateDetails caught ex;String was not recognized as a valid Boolean.
11/21/2018 11:31:31 AM: function GetTemplateDetails caught ex;String was not recognized as a valid Boolean.
11/21/2018 11:31:32 AM: function GetTemplateDetails caught ex;String was not recognized as a valid Boolean.
11/21/2018 11:31:34 AM: function GetTemplateDetails caught ex;String was not recognized as a valid Boolean.
11/21/2018 11:31:36 AM: function GetTemplateDetails caught ex;String was not recognized as a valid Boolean.
11/21/2018 11:31:38 AM: function GetTemplateDetails caught ex;String was not recognized as a valid Boolean.
11/21/2018 11:31:40 AM: function GetTemplateDetails caught ex;String was not recognized as a valid Boolean.
11/21/2018 11:31:42 AM: function GetTemplateDetails caught ex;String was not recognized as a valid Boolean.
11/21/2018 11:31:43 AM: function GetTemplateDetails caught ex;String was not recognized as a valid Boolean.
11/21/2018 11:31:44 AM: function GetTemplateDetails caught ex;String was not recognized as a valid Boolean.
11/21/2018 11:31:51 AM: function GetTemplateDetails caught ex;String was not recognized as a valid Boolean.
11/21/2018 11:34:38 AM: function GetTemplateDetails caught ex;String was not recognized as a valid Boolean.
11/21/2018 11:34:39 AM: function GetTemplateDetails caught ex;String was not recognized as a valid Boolean.
11/21/2018 11:34:46 AM: function GetTemplateDetails caught ex;String was not recognized as a valid Boolean.
11/21/2018 11:34:49 AM: function GetTemplateDetails caught ex;String was not recognized as a valid Boolean.
11/21/2018 11:34:50 AM: function GetTemplateDetails caught ex;String was not recognized as a valid Boolean.
11/21/2018 11:34:55 AM: function GetTemplateDetails caught ex;String was not recognized as a valid Boolean.
11/21/2018 11:34:56 AM: function GetTemplateDetails caught ex;String was not recognized as a valid Boolean.
11/21/2018 11:34:57 AM: function GetTemplateDetails caught ex;String was not recognized as a valid Boolean.
11/21/2018 11:35:14 AM: function GetTemplateDetails caught ex;String was not recognized as a valid Boolean.
11/21/2018 11:35:17 AM: function GetTemplateDetails caught ex;String was not recognized as a valid Boolean.
11/21/2018 11:35:19 AM: function GetTemplateDetails caught ex;String was not recognized as a valid Boolean.
11/21/2018 11:37:16 AM: function GetTemplateDetails caught ex;String was not recognized as a valid Boolean.
11/21/2018 11:37:17 AM: function GetTemplateDetails caught ex;String was not recognized as a valid Boolean.
11/21/2018 11:37:25 AM: function GetTemplateDetails caught ex;String was not recognized as a valid Boolean.
11/21/2018 11:37:27 AM: function GetTemplateDetails caught ex;String was not recognized as a valid Boolean.
11/21/2018 11:37:29 AM: function GetTemplateDetails caught ex;String was not recognized as a valid Boolean.
11/21/2018 12:18:47 PM: function GetTemplateDetails caught ex;String was not recognized as a valid Boolean.
11/21/2018 12:18:49 PM: function GetTemplateDetails caught ex;String was not recognized as a valid Boolean.
11/21/2018 12:18:53 PM: function GetTemplateDetails caught ex;String was not recognized as a valid Boolean.
11/21/2018 12:19:01 PM: function GetTemplateDetails caught ex;String was not recognized as a valid Boolean.
11/21/2018 12:19:02 PM: function GetTemplateDetails caught ex;String was not recognized as a valid Boolean.
11/21/2018 12:19:04 PM: function GetTemplateDetails caught ex;String was not recognized as a valid Boolean.
11/21/2018 12:19:12 PM: function GetTemplateDetails caught ex;String was not recognized as a valid Boolean.
11/21/2018 12:19:14 PM: function GetTemplateDetails caught ex;String was not recognized as a valid Boolean.
11/21/2018 12:19:16 PM: function GetTemplateDetails caught ex;String was not recognized as a valid Boolean.
11/21/2018 12:19:23 PM: function GetTemplateDetails caught ex;String was not recognized as a valid Boolean.
11/21/2018 12:19:26 PM: function GetTemplateDetails caught ex;String was not recognized as a valid Boolean.
11/21/2018 12:19:27 PM: function GetTemplateDetails caught ex;String was not recognized as a valid Boolean.
11/21/2018 12:19:45 PM: function GetTemplateDetails caught ex;String was not recognized as a valid Boolean.
11/21/2018 12:19:47 PM: function GetTemplateDetails caught ex;String was not recognized as a valid Boolean.
11/21/2018 12:19:50 PM: function GetTemplateDetails caught ex;String was not recognized as a valid Boolean.
11/21/2018 12:20:25 PM: function GetTemplateDetails caught ex;String was not recognized as a valid Boolean.
11/21/2018 12:20:27 PM: function GetTemplateDetails caught ex;String was not recognized as a valid Boolean.
11/21/2018 12:20:28 PM: function GetTemplateDetails caught ex;String was not recognized as a valid Boolean.
11/21/2018 12:21:55 PM: function GetTemplateDetails caught ex;String was not recognized as a valid Boolean.
11/21/2018 12:22:00 PM: function GetTemplateDetails caught ex;String was not recognized as a valid Boolean.
11/21/2018 12:22:01 PM: function GetTemplateDetails caught ex;String was not recognized as a valid Boolean.
11/21/2018 12:22:03 PM: function GetTemplateDetails caught ex;String was not recognized as a valid Boolean.
11/21/2018 12:25:07 PM: function GetTemplateDetails caught ex;String was not recognized as a valid Boolean.
11/21/2018 12:25:09 PM: function GetTemplateDetails caught ex;String was not recognized as a valid Boolean.
11/21/2018 12:25:13 PM: function GetTemplateDetails caught ex;String was not recognized as a valid Boolean.
11/21/2018 12:25:15 PM: function GetTemplateDetails caught ex;String was not recognized as a valid Boolean.
11/21/2018 12:25:16 PM: function GetTemplateDetails caught ex;String was not recognized as a valid Boolean.
11/21/2018 12:25:27 PM: function GetTemplateDetails caught ex;String was not recognized as a valid Boolean.
11/21/2018 12:25:30 PM: function GetTemplateDetails caught ex;String was not recognized as a valid Boolean.
11/21/2018 12:25:31 PM: function GetTemplateDetails caught ex;String was not recognized as a valid Boolean.
11/21/2018 12:26:43 PM: function GetTemplateDetails caught ex;String was not recognized as a valid Boolean.
11/21/2018 12:27:53 PM: function GetTemplateDetails caught ex;String was not recognized as a valid Boolean.
11/21/2018 12:29:06 PM: function GetTemplateDetails caught ex;String was not recognized as a valid Boolean.
11/21/2018 12:29:09 PM: function GetTemplateDetails caught ex;String was not recognized as a valid Boolean.
11/21/2018 12:29:14 PM: function GetTemplateDetails caught ex;String was not recognized as a valid Boolean.
11/21/2018 12:29:18 PM: function GetTemplateDetails caught ex;String was not recognized as a valid Boolean.
11/21/2018 12:29:19 PM: function GetTemplateDetails caught ex;String was not recognized as a valid Boolean.
11/21/2018 12:29:21 PM: function GetTemplateDetails caught ex;String was not recognized as a valid Boolean.
11/21/2018 12:31:01 PM: function GetTemplateDetails caught ex;String was not recognized as a valid Boolean.
11/21/2018 12:31:02 PM: function GetTemplateDetails caught ex;String was not recognized as a valid Boolean.
11/21/2018 12:31:07 PM: function GetTemplateDetails caught ex;String was not recognized as a valid Boolean.
11/21/2018 12:31:10 PM: function GetTemplateDetails caught ex;String was not recognized as a valid Boolean.
11/21/2018 12:31:12 PM: function GetTemplateDetails caught ex;String was not recognized as a valid Boolean.
11/21/2018 12:31:14 PM: function GetTemplateDetails caught ex;String was not recognized as a valid Boolean.
11/21/2018 12:31:22 PM: function GetTemplateDetails caught ex;String was not recognized as a valid Boolean.
11/21/2018 12:31:22 PM: System.Threading.ThreadAbortException: Thread was being aborted.
   at System.Threading.Thread.AbortInternal()
   at System.Threading.Thread.Abort(Object stateInfo)
   at System.Web.HttpResponse.AbortCurrentThread()
   at System.Web.HttpResponse.End()
   at System.Web.HttpResponse.Redirect(String url, Boolean endResponse, Boolean permanent)
   at System.Web.HttpResponse.Redirect(String url)
   at Lotex.EnterpriseSolutions.WebUI.Secure.Core.DocumentTag.btnCancel_Click(Object sender, EventArgs e) in f:\AxisFinance\UpdateCode(06-09-2017) with tagging chages\TaggingCode\WebApplications\CoreDMS\Secure\Core\DocumentTag.aspx.cs:line 1050
11/21/2018 12:32:15 PM: function GetTemplateDetails caught ex;String was not recognized as a valid Boolean.
11/21/2018 12:32:17 PM: function GetTemplateDetails caught ex;String was not recognized as a valid Boolean.
11/21/2018 12:32:24 PM: function GetTemplateDetails caught ex;String was not recognized as a valid Boolean.
11/21/2018 12:32:26 PM: function GetTemplateDetails caught ex;String was not recognized as a valid Boolean.
11/21/2018 12:32:27 PM: function GetTemplateDetails caught ex;String was not recognized as a valid Boolean.
11/21/2018 12:32:28 PM: function GetTemplateDetails caught ex;String was not recognized as a valid Boolean.
11/21/2018 12:32:56 PM: function GetTemplateDetails caught ex;String was not recognized as a valid Boolean.
11/21/2018 12:32:59 PM: function GetTemplateDetails caught ex;String was not recognized as a valid Boolean.
11/21/2018 12:33:01 PM: function GetTemplateDetails caught ex;String was not recognized as a valid Boolean.
11/21/2018 12:33:07 PM: function GetTemplateDetails caught ex;String was not recognized as a valid Boolean.
11/21/2018 12:37:09 PM: function GetTemplateDetails caught ex;String was not recognized as a valid Boolean.
11/21/2018 12:37:10 PM: function GetTemplateDetails caught ex;String was not recognized as a valid Boolean.
11/21/2018 12:37:18 PM: function GetTemplateDetails caught ex;String was not recognized as a valid Boolean.
11/21/2018 12:37:31 PM: function GetTemplateDetails caught ex;String was not recognized as a valid Boolean.
11/21/2018 12:37:33 PM: function GetTemplateDetails caught ex;String was not recognized as a valid Boolean.
11/21/2018 12:37:37 PM: function GetTemplateDetails caught ex;String was not recognized as a valid Boolean.
11/21/2018 12:39:32 PM: function GetTemplateDetails caught ex;String was not recognized as a valid Boolean.
11/21/2018 12:39:33 PM: function GetTemplateDetails caught ex;String was not recognized as a valid Boolean.
11/21/2018 12:39:38 PM: function GetTemplateDetails caught ex;String was not recognized as a valid Boolean.
11/21/2018 12:39:40 PM: function GetTemplateDetails caught ex;String was not recognized as a valid Boolean.
11/21/2018 12:39:41 PM: function GetTemplateDetails caught ex;String was not recognized as a valid Boolean.
11/21/2018 12:39:45 PM: function GetTemplateDetails caught ex;String was not recognized as a valid Boolean.
11/21/2018 12:39:57 PM: function GetTemplateDetails caught ex;String was not recognized as a valid Boolean.
11/21/2018 12:39:59 PM: function GetTemplateDetails caught ex;String was not recognized as a valid Boolean.
11/21/2018 12:40:00 PM: function GetTemplateDetails caught ex;String was not recognized as a valid Boolean.
11/21/2018 12:40:05 PM: function GetTemplateDetails caught ex;String was not recognized as a valid Boolean.
11/21/2018 12:40:07 PM: function GetTemplateDetails caught ex;String was not recognized as a valid Boolean.
11/21/2018 12:40:08 PM: function GetTemplateDetails caught ex;String was not recognized as a valid Boolean.
11/21/2018 1:15:40 PM: function GetTemplateDetails caught ex;Access to the path 'D:\WDMSDocument\TempWorkFolder\SUlfV0VfNzUyXzI3OV8xMDAx\' is denied.
11/21/2018 1:17:30 PM: function GetTemplateDetails caught ex;Access to the path 'D:\WDMSDocument\TempWorkFolder\SUlfV0VfNzUyXzI3OV8xMDAx\' is denied.
