2/5/2018 11:14:36 AM: function GetTemplateDetails caught ex;String was not recognized as a valid Boolean.
2/5/2018 11:14:38 AM: function GetTemplateDetails caught ex;String was not recognized as a valid Boolean.
2/5/2018 11:14:55 AM: function GetTemplateDetails caught ex;String was not recognized as a valid Boolean.
2/5/2018 11:15:05 AM: function GetTemplateDetails caught ex;String was not recognized as a valid Boolean.
2/5/2018 11:15:06 AM: function GetTemplateDetails caught ex;String was not recognized as a valid Boolean.
2/5/2018 11:15:28 AM: function GetTemplateDetails caught ex;String was not recognized as a valid Boolean.
2/5/2018 11:15:46 AM: function GetTemplateDetails caught ex;String was not recognized as a valid Boolean.
2/5/2018 11:15:48 AM: function GetTemplateDetails caught ex;String was not recognized as a valid Boolean.
2/5/2018 11:16:56 AM: function GetTemplateDetails caught ex;String was not recognized as a valid Boolean.
2/5/2018 11:16:56 AM: System.Threading.ThreadAbortException: Thread was being aborted.
   at System.Threading.Thread.AbortInternal()
   at System.Threading.Thread.Abort(Object stateInfo)
   at System.Web.HttpResponse.AbortCurrentThread()
   at System.Web.HttpResponse.End()
   at System.Web.HttpResponse.Redirect(String url, Boolean endResponse, Boolean permanent)
   at System.Web.HttpResponse.Redirect(String url)
   at Lotex.EnterpriseSolutions.WebUI.Secure.Core.DocumentTag.btnCancel_Click(Object sender, EventArgs e) in f:\AxisFinance\UpdateCode(06-09-2017) with tagging chages\TaggingCode\WebApplications\CoreDMS\Secure\Core\DocumentTag.aspx.cs:line 966
2/5/2018 11:28:37 AM: function GetTemplateDetails caught ex;String was not recognized as a valid Boolean.
2/5/2018 12:29:54 PM: function GetTemplateDetails caught ex;String was not recognized as a valid Boolean.
2/5/2018 12:29:57 PM: function GetTemplateDetails caught ex;String was not recognized as a valid Boolean.
2/5/2018 12:30:08 PM: function GetTemplateDetails caught ex;String was not recognized as a valid Boolean.
2/5/2018 12:30:14 PM: function GetTemplateDetails caught ex;String was not recognized as a valid Boolean.
2/5/2018 12:30:15 PM: function GetTemplateDetails caught ex;String was not recognized as a valid Boolean.
2/5/2018 12:31:01 PM: function GetTemplateDetails caught ex;String was not recognized as a valid Boolean.
2/5/2018 12:31:03 PM: function GetTemplateDetails caught ex;String was not recognized as a valid Boolean.
2/5/2018 12:35:15 PM: function GetTemplateDetails caught ex;String was not recognized as a valid Boolean.
2/5/2018 12:35:16 PM: function GetTemplateDetails caught ex;String was not recognized as a valid Boolean.
2/5/2018 12:35:32 PM: function GetTemplateDetails caught ex;String was not recognized as a valid Boolean.
2/5/2018 12:35:36 PM: function GetTemplateDetails caught ex;String was not recognized as a valid Boolean.
2/5/2018 12:35:37 PM: function GetTemplateDetails caught ex;String was not recognized as a valid Boolean.
2/5/2018 12:35:44 PM: function GetTemplateDetails caught ex;String was not recognized as a valid Boolean.
2/5/2018 12:35:48 PM: function GetTemplateDetails caught ex;String was not recognized as a valid Boolean.
2/5/2018 12:35:49 PM: function GetTemplateDetails caught ex;String was not recognized as a valid Boolean.
2/5/2018 12:36:01 PM: function GetTemplateDetails caught ex;String was not recognized as a valid Boolean.
2/5/2018 1:30:42 PM: function GetTemplateDetails caught ex;String was not recognized as a valid Boolean.
2/5/2018 1:30:44 PM: function GetTemplateDetails caught ex;String was not recognized as a valid Boolean.
2/5/2018 1:31:05 PM: function GetTemplateDetails caught ex;String was not recognized as a valid Boolean.
2/5/2018 1:31:30 PM: function GetTemplateDetails caught ex;String was not recognized as a valid Boolean.
2/5/2018 1:31:36 PM: function GetTemplateDetails caught ex;String was not recognized as a valid Boolean.
