2/14/2018 11:33:30 AM: function GetTemplateDetails caught ex;String was not recognized as a valid Boolean.
2/14/2018 11:33:31 AM: function GetTemplateDetails caught ex;String was not recognized as a valid Boolean.
2/14/2018 11:35:03 AM: function GetTemplateDetails caught ex;String was not recognized as a valid Boolean.
2/14/2018 11:43:28 AM: function GetTemplateDetails caught ex;String was not recognized as a valid Boolean.
2/14/2018 11:50:26 AM: function GetTemplateDetails caught ex;String was not recognized as a valid Boolean.
2/14/2018 11:51:41 AM: function GetTemplateDetails caught ex;String was not recognized as a valid Boolean.
2/14/2018 11:51:43 AM: function GetTemplateDetails caught ex;String was not recognized as a valid Boolean.
2/14/2018 11:51:48 AM: function GetTemplateDetails caught ex;String was not recognized as a valid Boolean.
2/14/2018 11:51:55 AM: function GetTemplateDetails caught ex;String was not recognized as a valid Boolean.
2/14/2018 11:51:58 AM: function GetTemplateDetails caught ex;String was not recognized as a valid Boolean.
2/14/2018 11:52:12 AM: function GetTemplateDetails caught ex;String was not recognized as a valid Boolean.
2/14/2018 11:52:27 AM: function GetTemplateDetails caught ex;String was not recognized as a valid Boolean.
2/14/2018 11:52:32 AM: function GetTemplateDetails caught ex;String was not recognized as a valid Boolean.
2/14/2018 11:52:35 AM: function GetTemplateDetails caught ex;String was not recognized as a valid Boolean.
2/14/2018 11:52:42 AM: function GetTemplateDetails caught ex;String was not recognized as a valid Boolean.
2/14/2018 11:52:43 AM: function GetTemplateDetails caught ex;String was not recognized as a valid Boolean.
2/14/2018 11:53:00 AM: function GetTemplateDetails caught ex;String was not recognized as a valid Boolean.
2/14/2018 11:53:04 AM: function GetTemplateDetails caught ex;String was not recognized as a valid Boolean.
2/14/2018 11:53:11 AM: function GetTemplateDetails caught ex;String was not recognized as a valid Boolean.
2/14/2018 11:53:19 AM: function GetTemplateDetails caught ex;String was not recognized as a valid Boolean.
2/14/2018 1:58:34 PM: function GetTemplateDetails caught ex;String was not recognized as a valid Boolean.
2/14/2018 1:58:35 PM: function GetTemplateDetails caught ex;String was not recognized as a valid Boolean.
2/14/2018 1:58:43 PM: function GetTemplateDetails caught ex;String was not recognized as a valid Boolean.
2/14/2018 1:58:48 PM: function GetTemplateDetails caught ex;String was not recognized as a valid Boolean.
2/14/2018 1:58:48 PM: System.Threading.ThreadAbortException: Thread was being aborted.
   at System.Threading.Thread.AbortInternal()
   at System.Threading.Thread.Abort(Object stateInfo)
   at System.Web.HttpResponse.AbortCurrentThread()
   at System.Web.HttpResponse.End()
   at System.Web.HttpResponse.Redirect(String url, Boolean endResponse, Boolean permanent)
   at System.Web.HttpResponse.Redirect(String url)
   at Lotex.EnterpriseSolutions.WebUI.Secure.Core.DocumentTag.btnCancel_Click(Object sender, EventArgs e) in f:\AxisFinance\UpdateCode(06-09-2017) with tagging chages\TaggingCode\WebApplications\CoreDMS\Secure\Core\DocumentTag.aspx.cs:line 966
2/14/2018 2:01:27 PM: function GetTemplateDetails caught ex;String was not recognized as a valid Boolean.
2/14/2018 2:01:28 PM: function GetTemplateDetails caught ex;String was not recognized as a valid Boolean.
2/14/2018 2:01:37 PM: function GetTemplateDetails caught ex;String was not recognized as a valid Boolean.
2/14/2018 2:01:57 PM: function GetTemplateDetails caught ex;String was not recognized as a valid Boolean.
2/14/2018 2:03:19 PM: function GetTemplateDetails caught ex;String was not recognized as a valid Boolean.
2/14/2018 2:03:20 PM: function GetTemplateDetails caught ex;String was not recognized as a valid Boolean.
2/14/2018 2:03:27 PM: function GetTemplateDetails caught ex;String was not recognized as a valid Boolean.
2/14/2018 2:03:33 PM: function GetTemplateDetails caught ex;String was not recognized as a valid Boolean.
2/14/2018 2:03:35 PM: function GetTemplateDetails caught ex;String was not recognized as a valid Boolean.
2/14/2018 2:03:41 PM: function GetTemplateDetails caught ex;String was not recognized as a valid Boolean.
2/14/2018 2:03:46 PM: function GetTemplateDetails caught ex;String was not recognized as a valid Boolean.
2/14/2018 2:03:46 PM: System.Threading.ThreadAbortException: Thread was being aborted.
   at System.Threading.Thread.AbortInternal()
   at System.Threading.Thread.Abort(Object stateInfo)
   at System.Web.HttpResponse.AbortCurrentThread()
   at System.Web.HttpResponse.End()
   at System.Web.HttpResponse.Redirect(String url, Boolean endResponse, Boolean permanent)
   at System.Web.HttpResponse.Redirect(String url)
   at Lotex.EnterpriseSolutions.WebUI.Secure.Core.DocumentTag.btnCancel_Click(Object sender, EventArgs e) in f:\AxisFinance\UpdateCode(06-09-2017) with tagging chages\TaggingCode\WebApplications\CoreDMS\Secure\Core\DocumentTag.aspx.cs:line 966
