11/17/2018 1:08:13 PM: function GetTemplateDetails caught ex;String was not recognized as a valid Boolean.
11/17/2018 1:08:23 PM: function GetTemplateDetails caught ex;String was not recognized as a valid Boolean.
11/17/2018 1:08:26 PM: function GetTemplateDetails caught ex;String was not recognized as a valid Boolean.
11/17/2018 1:08:37 PM: function GetTemplateDetails caught ex;String was not recognized as a valid Boolean.
11/17/2018 1:08:42 PM: function GetTemplateDetails caught ex;String was not recognized as a valid Boolean.
11/17/2018 1:08:44 PM: function GetTemplateDetails caught ex;String was not recognized as a valid Boolean.
11/17/2018 1:09:26 PM: function GetTemplateDetails caught ex;String was not recognized as a valid Boolean.
11/17/2018 1:09:32 PM: function GetTemplateDetails caught ex;String was not recognized as a valid Boolean.
11/17/2018 1:09:37 PM: function GetTemplateDetails caught ex;String was not recognized as a valid Boolean.
11/17/2018 1:09:38 PM: function GetTemplateDetails caught ex;String was not recognized as a valid Boolean.
11/17/2018 1:09:47 PM: function GetTemplateDetails caught ex;String was not recognized as a valid Boolean.
11/17/2018 1:13:04 PM: function GetTemplateDetails caught ex;String was not recognized as a valid Boolean.
11/17/2018 1:13:06 PM: function GetTemplateDetails caught ex;String was not recognized as a valid Boolean.
11/17/2018 1:13:24 PM: function GetTemplateDetails caught ex;String was not recognized as a valid Boolean.
11/17/2018 1:13:29 PM: function GetTemplateDetails caught ex;String was not recognized as a valid Boolean.
11/17/2018 1:13:30 PM: function GetTemplateDetails caught ex;String was not recognized as a valid Boolean.
11/17/2018 1:13:56 PM: function GetTemplateDetails caught ex;String was not recognized as a valid Boolean.
11/17/2018 1:13:58 PM: function GetTemplateDetails caught ex;String was not recognized as a valid Boolean.
11/17/2018 1:14:00 PM: function GetTemplateDetails caught ex;String was not recognized as a valid Boolean.
11/17/2018 1:14:14 PM: function GetTemplateDetails caught ex;String was not recognized as a valid Boolean.
11/17/2018 1:14:17 PM: function GetTemplateDetails caught ex;String was not recognized as a valid Boolean.
11/17/2018 1:14:19 PM: function GetTemplateDetails caught ex;String was not recognized as a valid Boolean.
11/17/2018 1:14:30 PM: function GetTemplateDetails caught ex;String was not recognized as a valid Boolean.
11/17/2018 1:14:38 PM: function GetTemplateDetails caught ex;String was not recognized as a valid Boolean.
11/17/2018 1:14:40 PM: function GetTemplateDetails caught ex;String was not recognized as a valid Boolean.
11/17/2018 1:14:42 PM: function GetTemplateDetails caught ex;String was not recognized as a valid Boolean.
11/17/2018 1:14:44 PM: function GetTemplateDetails caught ex;String was not recognized as a valid Boolean.
11/17/2018 1:14:55 PM: function GetTemplateDetails caught ex;String was not recognized as a valid Boolean.
11/17/2018 1:14:57 PM: function GetTemplateDetails caught ex;String was not recognized as a valid Boolean.
11/17/2018 1:15:01 PM: function GetTemplateDetails caught ex;String was not recognized as a valid Boolean.
11/17/2018 1:15:03 PM: function GetTemplateDetails caught ex;String was not recognized as a valid Boolean.
11/17/2018 1:15:04 PM: function GetTemplateDetails caught ex;String was not recognized as a valid Boolean.
11/17/2018 1:15:05 PM: function GetTemplateDetails caught ex;String was not recognized as a valid Boolean.
11/17/2018 1:15:16 PM: function GetTemplateDetails caught ex;String was not recognized as a valid Boolean.
11/17/2018 1:15:25 PM: function GetTemplateDetails caught ex;String was not recognized as a valid Boolean.
11/17/2018 1:15:31 PM: function GetTemplateDetails caught ex;String was not recognized as a valid Boolean.
11/17/2018 1:15:35 PM: function GetTemplateDetails caught ex;String was not recognized as a valid Boolean.
11/17/2018 1:15:37 PM: function GetTemplateDetails caught ex;String was not recognized as a valid Boolean.
11/17/2018 1:15:44 PM: function GetTemplateDetails caught ex;String was not recognized as a valid Boolean.
11/17/2018 1:15:47 PM: function GetTemplateDetails caught ex;String was not recognized as a valid Boolean.
11/17/2018 1:15:49 PM: function GetTemplateDetails caught ex;String was not recognized as a valid Boolean.
11/17/2018 1:15:53 PM: function GetTemplateDetails caught ex;String was not recognized as a valid Boolean.
11/17/2018 1:48:55 PM: function GetTemplateDetails caught ex;String was not recognized as a valid Boolean.
11/17/2018 1:48:56 PM: function GetTemplateDetails caught ex;String was not recognized as a valid Boolean.
11/17/2018 1:49:04 PM: function GetTemplateDetails caught ex;String was not recognized as a valid Boolean.
11/17/2018 1:49:15 PM: function GetTemplateDetails caught ex;String was not recognized as a valid Boolean.
11/17/2018 1:49:18 PM: function GetTemplateDetails caught ex;String was not recognized as a valid Boolean.
11/17/2018 1:49:21 PM: function GetTemplateDetails caught ex;String was not recognized as a valid Boolean.
11/17/2018 1:49:28 PM: function GetTemplateDetails caught ex;String was not recognized as a valid Boolean.
11/17/2018 1:49:35 PM: function GetTemplateDetails caught ex;String was not recognized as a valid Boolean.
11/17/2018 1:49:37 PM: function GetTemplateDetails caught ex;String was not recognized as a valid Boolean.
11/17/2018 1:49:39 PM: function GetTemplateDetails caught ex;String was not recognized as a valid Boolean.
11/17/2018 1:49:42 PM: function GetTemplateDetails caught ex;String was not recognized as a valid Boolean.
11/17/2018 1:54:09 PM: function GetTemplateDetails caught ex;String was not recognized as a valid Boolean.
11/17/2018 1:54:16 PM: function GetTemplateDetails caught ex;String was not recognized as a valid Boolean.
11/17/2018 1:54:19 PM: function GetTemplateDetails caught ex;String was not recognized as a valid Boolean.
11/17/2018 1:55:46 PM: function GetTemplateDetails caught ex;String was not recognized as a valid Boolean.
11/17/2018 2:04:04 PM: function GetTemplateDetails caught ex;String was not recognized as a valid Boolean.
11/17/2018 2:04:08 PM: function GetTemplateDetails caught ex;String was not recognized as a valid Boolean.
11/17/2018 2:04:12 PM: function GetTemplateDetails caught ex;String was not recognized as a valid Boolean.
11/17/2018 2:04:18 PM: function GetTemplateDetails caught ex;String was not recognized as a valid Boolean.
11/17/2018 2:17:07 PM: function GetTemplateDetails caught ex;String was not recognized as a valid Boolean.
11/17/2018 2:17:08 PM: function GetTemplateDetails caught ex;String was not recognized as a valid Boolean.
11/17/2018 2:17:17 PM: function GetTemplateDetails caught ex;String was not recognized as a valid Boolean.
11/17/2018 2:17:47 PM: function GetTemplateDetails caught ex;String was not recognized as a valid Boolean.
11/17/2018 2:17:49 PM: function GetTemplateDetails caught ex;String was not recognized as a valid Boolean.
11/17/2018 2:18:12 PM: function GetTemplateDetails caught ex;String was not recognized as a valid Boolean.
11/17/2018 2:20:15 PM: function GetTemplateDetails caught ex;String was not recognized as a valid Boolean.
11/17/2018 2:20:16 PM: function GetTemplateDetails caught ex;String was not recognized as a valid Boolean.
11/17/2018 2:20:27 PM: function GetTemplateDetails caught ex;String was not recognized as a valid Boolean.
11/17/2018 2:20:43 PM: function GetTemplateDetails caught ex;String was not recognized as a valid Boolean.
11/17/2018 2:20:45 PM: function GetTemplateDetails caught ex;String was not recognized as a valid Boolean.
11/17/2018 2:20:48 PM: function GetTemplateDetails caught ex;String was not recognized as a valid Boolean.
11/17/2018 2:20:55 PM: function GetTemplateDetails caught ex;String was not recognized as a valid Boolean.
11/17/2018 2:21:00 PM: function GetTemplateDetails caught ex;String was not recognized as a valid Boolean.
11/17/2018 2:21:04 PM: function GetTemplateDetails caught ex;String was not recognized as a valid Boolean.
11/17/2018 2:21:22 PM: function GetTemplateDetails caught ex;String was not recognized as a valid Boolean.
11/17/2018 2:21:23 PM: System.Threading.ThreadAbortException: Thread was being aborted.
   at System.Threading.Thread.AbortInternal()
   at System.Threading.Thread.Abort(Object stateInfo)
   at System.Web.HttpResponse.AbortCurrentThread()
   at System.Web.HttpResponse.End()
   at System.Web.HttpResponse.Redirect(String url, Boolean endResponse, Boolean permanent)
   at System.Web.HttpResponse.Redirect(String url)
   at Lotex.EnterpriseSolutions.WebUI.Secure.Core.DocumentTag.btnCancel_Click(Object sender, EventArgs e) in f:\AxisFinance\UpdateCode(06-09-2017) with tagging chages\TaggingCode\WebApplications\CoreDMS\Secure\Core\DocumentTag.aspx.cs:line 1050
