6/16/2022 6:19:21 PM: System.NullReferenceException: Object reference not set to an instance of an object.
   at Lotex.EnterpriseSolutions.WebUI.Secure.Core.DocumentDownloadSearch.btnSubmit_Click(Object sender, EventArgs e) in D:\AxisFinance\ESK\ESK\TaggingCode\WebApplications\CoreDMS\Secure\Core\DocumentDownloadSearch.aspx.cs:line 2509
6/16/2022 6:22:38 PM: System.NullReferenceException: Object reference not set to an instance of an object.
   at Lotex.EnterpriseSolutions.WebUI.Secure.Core.DocumentDownloadSearch.btnSubmit_Click(Object sender, EventArgs e) in D:\AxisFinance\ESK\ESK\TaggingCode\WebApplications\CoreDMS\Secure\Core\DocumentDownloadSearch.aspx.cs:line 2509
6/16/2022 6:24:28 PM: System.NullReferenceException: Object reference not set to an instance of an object.
   at Lotex.EnterpriseSolutions.WebUI.Secure.Core.DocumentDownloadSearch.btnSubmit_Click(Object sender, EventArgs e) in D:\AxisFinance\ESK\ESK\TaggingCode\WebApplications\CoreDMS\Secure\Core\DocumentDownloadSearch.aspx.cs:line 2509
6/16/2022 6:27:08 PM: System.NullReferenceException: Object reference not set to an instance of an object.
   at Lotex.EnterpriseSolutions.WebUI.Secure.Core.DocumentDownloadSearch.btnSubmit_Click(Object sender, EventArgs e) in D:\AxisFinance\ESK\ESK\TaggingCode\WebApplications\CoreDMS\Secure\Core\DocumentDownloadSearch.aspx.cs:line 2509
6/16/2022 6:56:04 PM: System.Data.SqlClient.SqlException (0x80131904): A network-related or instance-specific error occurred while establishing a connection to SQL Server. The server was not found or was not accessible. Verify that the instance name is correct and that SQL Server is configured to allow remote connections. (provider: Named Pipes Provider, error: 40 - Could not open a connection to SQL Server) ---> System.ComponentModel.Win32Exception (0x80004005): The system cannot find the file specified
   at Lotex.EnterpriseSolutions.CoreDAL.UserDAL.GetDomains(Int32 orgid, String action, String loginOrgId, String loginToken, String OrgCode) in D:\AxisFinance\ESK\ESK\TaggingCode\Libraries\Core\CoreDAL\UserDAL.cs:line 205
   at Lotex.EnterpriseSolutions.CoreBL.UserBL.GetDomains(Int32 orgid, String action, String loginOrgId, String loginToken, String OrgCode) in D:\AxisFinance\ESK\ESK\TaggingCode\Libraries\Core\CoreBL\UserBL.cs:line 76
   at Lotex.EnterpriseSolutions.WebUI.Login.LoadDomain() in D:\AxisFinance\ESK\ESK\TaggingCode\WebApplications\CoreDMS\Accounts\Login.aspx.cs:line 217
ClientConnectionId:00000000-0000-0000-0000-000000000000
Error Number:2,State:0,Class:20
6/16/2022 6:56:33 PM: System.Data.SqlClient.SqlException (0x80131904): A network-related or instance-specific error occurred while establishing a connection to SQL Server. The server was not found or was not accessible. Verify that the instance name is correct and that SQL Server is configured to allow remote connections. (provider: Named Pipes Provider, error: 40 - Could not open a connection to SQL Server) ---> System.ComponentModel.Win32Exception (0x80004005): The system cannot find the file specified
   at Lotex.EnterpriseSolutions.CoreDAL.UserDAL.GetDomains(Int32 orgid, String action, String loginOrgId, String loginToken, String OrgCode) in D:\AxisFinance\ESK\ESK\TaggingCode\Libraries\Core\CoreDAL\UserDAL.cs:line 205
   at Lotex.EnterpriseSolutions.CoreBL.UserBL.GetDomains(Int32 orgid, String action, String loginOrgId, String loginToken, String OrgCode) in D:\AxisFinance\ESK\ESK\TaggingCode\Libraries\Core\CoreBL\UserBL.cs:line 76
   at Lotex.EnterpriseSolutions.WebUI.Login.LoadDomain() in D:\AxisFinance\ESK\ESK\TaggingCode\WebApplications\CoreDMS\Accounts\Login.aspx.cs:line 217
ClientConnectionId:00000000-0000-0000-0000-000000000000
Error Number:2,State:0,Class:20
