5/1/2023 11:30:12 AM: System.ArgumentOutOfRangeException: Specified argument was out of the range of valid values.
Parameter name: index
   at System.Web.UI.ControlCollection.get_Item(Int32 index)
   at System.Web.UI.WebControls.TableCellCollection.get_Item(Int32 index)
   at Lotex.EnterpriseSolutions.WebUI.Secure.Core.DocumentDownloadSearch.GridView1_RowCreated(Object sender, GridViewRowEventArgs e) in D:\Sachin\Sachin\DMS\Info Search\Projects\SipCot_Latest Changescot_30112022\TaggingCode_27_04_23\WebApplications\CoreDMS\Secure\Core\DocumentDownloadSearch.aspx.cs:line 3748
   at System.Web.UI.WebControls.GridView.OnRowCreated(GridViewRowEventArgs e)
   at System.Web.UI.WebControls.GridView.CreateRow(Int32 rowIndex, Int32 dataSourceIndex, DataControlRowType rowType, DataControlRowState rowState, Boolean dataBind, Object dataItem, DataControlField[] fields, TableRowCollection rows, PagedDataSource pagedDataSource)
   at System.Web.UI.WebControls.GridView.CreateChildControls(IEnumerable dataSource, Boolean dataBinding)
   at System.Web.UI.WebControls.CompositeDataBoundControl.PerformDataBinding(IEnumerable data)
   at System.Web.UI.WebControls.GridView.PerformDataBinding(IEnumerable data)
   at System.Web.UI.WebControls.DataBoundControl.OnDataSourceViewSelectCallback(IEnumerable data)
   at System.Web.UI.DataSourceView.Select(DataSourceSelectArguments arguments, DataSourceViewSelectCallback callback)
   at System.Web.UI.WebControls.DataBoundControl.PerformSelect()
   at System.Web.UI.WebControls.BaseDataBoundControl.DataBind()
   at System.Web.UI.WebControls.GridView.DataBind()
   at Lotex.EnterpriseSolutions.WebUI.Secure.Core.DocumentDownloadSearch.btnSubmit_Click(Object sender, EventArgs e) in D:\Sachin\Sachin\DMS\Info Search\Projects\SipCot_Latest Changescot_30112022\TaggingCode_27_04_23\WebApplications\CoreDMS\Secure\Core\DocumentDownloadSearch.aspx.cs:line 2778
5/1/2023 11:30:26 AM: System.ArgumentOutOfRangeException: Specified argument was out of the range of valid values.
Parameter name: index
   at System.Web.UI.ControlCollection.get_Item(Int32 index)
   at System.Web.UI.WebControls.TableCellCollection.get_Item(Int32 index)
   at Lotex.EnterpriseSolutions.WebUI.Secure.Core.DocumentDownloadSearch.GridView1_RowCreated(Object sender, GridViewRowEventArgs e) in D:\Sachin\Sachin\DMS\Info Search\Projects\SipCot_Latest Changescot_30112022\TaggingCode_27_04_23\WebApplications\CoreDMS\Secure\Core\DocumentDownloadSearch.aspx.cs:line 3748
   at System.Web.UI.WebControls.GridView.OnRowCreated(GridViewRowEventArgs e)
   at System.Web.UI.WebControls.GridView.CreateRow(Int32 rowIndex, Int32 dataSourceIndex, DataControlRowType rowType, DataControlRowState rowState, Boolean dataBind, Object dataItem, DataControlField[] fields, TableRowCollection rows, PagedDataSource pagedDataSource)
   at System.Web.UI.WebControls.GridView.CreateChildControls(IEnumerable dataSource, Boolean dataBinding)
   at System.Web.UI.WebControls.CompositeDataBoundControl.PerformDataBinding(IEnumerable data)
   at System.Web.UI.WebControls.GridView.PerformDataBinding(IEnumerable data)
   at System.Web.UI.WebControls.DataBoundControl.OnDataSourceViewSelectCallback(IEnumerable data)
   at System.Web.UI.DataSourceView.Select(DataSourceSelectArguments arguments, DataSourceViewSelectCallback callback)
   at System.Web.UI.WebControls.DataBoundControl.PerformSelect()
   at System.Web.UI.WebControls.BaseDataBoundControl.DataBind()
   at System.Web.UI.WebControls.GridView.DataBind()
   at Lotex.EnterpriseSolutions.WebUI.Secure.Core.DocumentDownloadSearch.btnSubmit_Click(Object sender, EventArgs e) in D:\Sachin\Sachin\DMS\Info Search\Projects\SipCot_Latest Changescot_30112022\TaggingCode_27_04_23\WebApplications\CoreDMS\Secure\Core\DocumentDownloadSearch.aspx.cs:line 2778
