12/22/2017 11:06:34 AM: BindDocumentType started
12/22/2017 11:06:34 AM: BindDocumentType finished
12/22/2017 11:06:38 AM: createControls Started
12/22/2017 11:06:38 AM: createControls Loaded all Dropdownlist dynamically
12/22/2017 11:06:38 AM: createControls Loaded all Dropdownlist dynamically
12/22/2017 11:06:38 AM: createControls Loaded all Textbox dynamically
12/22/2017 11:06:38 AM: createControls Loaded all Textbox dynamically
12/22/2017 11:06:38 AM: createControls Loaded all Textbox dynamically
12/22/2017 11:06:38 AM: createControls Loaded all Textbox dynamically
12/22/2017 11:06:38 AM: createControls Loaded all Textbox dynamically
12/22/2017 11:06:38 AM: createControls Finished
12/22/2017 11:06:38 AM: GetTemplateDetails started
12/22/2017 11:06:38 AM: generatecontrols Started
12/22/2017 11:06:38 AM: GenerateControls:Loaded all Dropdownlist dynamically
12/22/2017 11:06:38 AM: GenerateControls:Loaded all Dropdownlist dynamically
12/22/2017 11:06:38 AM: GenerateControls:Loaded all Textbox dynamically
12/22/2017 11:06:38 AM: GenerateControls:Loaded all Textbox dynamically
12/22/2017 11:06:38 AM: GenerateControls:Loaded all Textbox dynamically
12/22/2017 11:06:38 AM: GenerateControls:Loaded all Textbox dynamically
12/22/2017 11:06:38 AM: GenerateControls:Loaded all Textbox dynamically
12/22/2017 11:06:40 AM: createControls Started
12/22/2017 11:06:40 AM: createControls Loaded all Dropdownlist dynamically
12/22/2017 11:06:40 AM: createControls Loaded all Dropdownlist dynamically
12/22/2017 11:06:40 AM: createControls Loaded all Textbox dynamically
12/22/2017 11:06:40 AM: createControls Loaded all Textbox dynamically
12/22/2017 11:06:40 AM: createControls Loaded all Textbox dynamically
12/22/2017 11:06:40 AM: createControls Loaded all Textbox dynamically
12/22/2017 11:06:40 AM: createControls Loaded all Textbox dynamically
12/22/2017 11:06:40 AM: createControls Finished
12/22/2017 11:06:40 AM: Started Loading Entity Drop Down
12/22/2017 11:06:41 AM: Finished Loading Entity Drop Down
12/22/2017 11:11:34 AM: BindDocumentType started
12/22/2017 11:11:34 AM: BindDocumentType finished
12/22/2017 11:11:37 AM: createControls Started
12/22/2017 11:11:37 AM: createControls Loaded all Dropdownlist dynamically
12/22/2017 11:11:37 AM: createControls Loaded all Dropdownlist dynamically
12/22/2017 11:11:37 AM: createControls Loaded all Textbox dynamically
12/22/2017 11:11:37 AM: createControls Loaded all Textbox dynamically
12/22/2017 11:11:37 AM: createControls Loaded all Textbox dynamically
12/22/2017 11:11:37 AM: createControls Loaded all Textbox dynamically
12/22/2017 11:11:37 AM: createControls Loaded all Textbox dynamically
12/22/2017 11:11:37 AM: createControls Finished
12/22/2017 11:11:37 AM: GetTemplateDetails started
12/22/2017 11:11:37 AM: generatecontrols Started
12/22/2017 11:11:38 AM: GenerateControls:Loaded all Dropdownlist dynamically
12/22/2017 11:11:38 AM: GenerateControls:Loaded all Dropdownlist dynamically
12/22/2017 11:11:38 AM: GenerateControls:Loaded all Textbox dynamically
12/22/2017 11:11:38 AM: GenerateControls:Loaded all Textbox dynamically
12/22/2017 11:11:38 AM: GenerateControls:Loaded all Textbox dynamically
12/22/2017 11:11:38 AM: GenerateControls:Loaded all Textbox dynamically
12/22/2017 11:11:38 AM: GenerateControls:Loaded all Textbox dynamically
12/22/2017 11:11:39 AM: createControls Started
12/22/2017 11:11:39 AM: createControls Loaded all Dropdownlist dynamically
12/22/2017 11:11:39 AM: createControls Loaded all Dropdownlist dynamically
12/22/2017 11:11:39 AM: createControls Loaded all Textbox dynamically
12/22/2017 11:11:39 AM: createControls Loaded all Textbox dynamically
12/22/2017 11:11:39 AM: createControls Loaded all Textbox dynamically
12/22/2017 11:11:39 AM: createControls Loaded all Textbox dynamically
12/22/2017 11:11:39 AM: createControls Loaded all Textbox dynamically
12/22/2017 11:11:39 AM: createControls Finished
12/22/2017 11:11:39 AM: Started Loading Entity Drop Down
12/22/2017 11:11:39 AM: Finished Loading Entity Drop Down
12/22/2017 11:13:06 AM: BindDocumentType started
12/22/2017 11:13:06 AM: BindDocumentType finished
12/22/2017 11:13:09 AM: createControls Started
12/22/2017 11:13:09 AM: createControls Loaded all Dropdownlist dynamically
12/22/2017 11:13:09 AM: createControls Loaded all Dropdownlist dynamically
12/22/2017 11:13:09 AM: createControls Loaded all Textbox dynamically
12/22/2017 11:13:09 AM: createControls Loaded all Textbox dynamically
12/22/2017 11:13:09 AM: createControls Loaded all Textbox dynamically
12/22/2017 11:13:09 AM: createControls Loaded all Textbox dynamically
12/22/2017 11:13:09 AM: createControls Loaded all Textbox dynamically
12/22/2017 11:13:09 AM: createControls Finished
12/22/2017 11:13:09 AM: GetTemplateDetails started
12/22/2017 11:13:09 AM: generatecontrols Started
12/22/2017 11:13:09 AM: GenerateControls:Loaded all Dropdownlist dynamically
12/22/2017 11:13:09 AM: GenerateControls:Loaded all Dropdownlist dynamically
12/22/2017 11:13:09 AM: GenerateControls:Loaded all Textbox dynamically
12/22/2017 11:13:09 AM: GenerateControls:Loaded all Textbox dynamically
12/22/2017 11:13:09 AM: GenerateControls:Loaded all Textbox dynamically
12/22/2017 11:13:09 AM: GenerateControls:Loaded all Textbox dynamically
12/22/2017 11:13:09 AM: GenerateControls:Loaded all Textbox dynamically
12/22/2017 11:13:11 AM: createControls Started
12/22/2017 11:13:11 AM: createControls Loaded all Dropdownlist dynamically
12/22/2017 11:13:11 AM: createControls Loaded all Dropdownlist dynamically
12/22/2017 11:13:11 AM: createControls Loaded all Textbox dynamically
12/22/2017 11:13:11 AM: createControls Loaded all Textbox dynamically
12/22/2017 11:13:11 AM: createControls Loaded all Textbox dynamically
12/22/2017 11:13:11 AM: createControls Loaded all Textbox dynamically
12/22/2017 11:13:11 AM: createControls Loaded all Textbox dynamically
12/22/2017 11:13:11 AM: createControls Finished
12/22/2017 11:13:11 AM: Started Loading Entity Drop Down
12/22/2017 11:13:11 AM: Finished Loading Entity Drop Down
12/22/2017 11:15:23 AM: BindDocumentType started
12/22/2017 11:15:23 AM: BindDocumentType finished
12/22/2017 11:15:27 AM: createControls Started
12/22/2017 11:15:27 AM: createControls Loaded all Dropdownlist dynamically
12/22/2017 11:15:27 AM: createControls Loaded all Dropdownlist dynamically
12/22/2017 11:15:27 AM: createControls Loaded all Textbox dynamically
12/22/2017 11:15:27 AM: createControls Loaded all Textbox dynamically
12/22/2017 11:15:27 AM: createControls Loaded all Textbox dynamically
12/22/2017 11:15:27 AM: createControls Loaded all Textbox dynamically
12/22/2017 11:15:27 AM: createControls Loaded all Textbox dynamically
12/22/2017 11:15:27 AM: createControls Finished
12/22/2017 11:15:27 AM: GetTemplateDetails started
12/22/2017 11:15:27 AM: generatecontrols Started
12/22/2017 11:15:27 AM: GenerateControls:Loaded all Dropdownlist dynamically
12/22/2017 11:15:27 AM: GenerateControls:Loaded all Dropdownlist dynamically
12/22/2017 11:15:27 AM: GenerateControls:Loaded all Textbox dynamically
12/22/2017 11:15:27 AM: GenerateControls:Loaded all Textbox dynamically
12/22/2017 11:15:27 AM: GenerateControls:Loaded all Textbox dynamically
12/22/2017 11:15:27 AM: GenerateControls:Loaded all Textbox dynamically
12/22/2017 11:15:27 AM: GenerateControls:Loaded all Textbox dynamically
12/22/2017 11:15:29 AM: createControls Started
12/22/2017 11:15:29 AM: createControls Loaded all Dropdownlist dynamically
12/22/2017 11:15:29 AM: createControls Loaded all Dropdownlist dynamically
12/22/2017 11:15:29 AM: createControls Loaded all Textbox dynamically
12/22/2017 11:15:29 AM: createControls Loaded all Textbox dynamically
12/22/2017 11:15:29 AM: createControls Loaded all Textbox dynamically
12/22/2017 11:15:29 AM: createControls Loaded all Textbox dynamically
12/22/2017 11:15:29 AM: createControls Loaded all Textbox dynamically
12/22/2017 11:15:29 AM: createControls Finished
12/22/2017 11:15:29 AM: Started Loading Entity Drop Down
12/22/2017 11:15:29 AM: Finished Loading Entity Drop Down
12/22/2017 11:17:29 AM: BindDocumentType started
12/22/2017 11:17:29 AM: BindDocumentType finished
12/22/2017 11:17:33 AM: createControls Started
12/22/2017 11:17:33 AM: createControls Loaded all Dropdownlist dynamically
12/22/2017 11:17:33 AM: createControls Loaded all Dropdownlist dynamically
12/22/2017 11:17:33 AM: createControls Loaded all Textbox dynamically
12/22/2017 11:17:33 AM: createControls Loaded all Textbox dynamically
12/22/2017 11:17:33 AM: createControls Loaded all Textbox dynamically
12/22/2017 11:17:33 AM: createControls Loaded all Textbox dynamically
12/22/2017 11:17:33 AM: createControls Loaded all Textbox dynamically
12/22/2017 11:17:33 AM: createControls Finished
12/22/2017 11:17:33 AM: GetTemplateDetails started
12/22/2017 11:17:33 AM: generatecontrols Started
12/22/2017 11:17:33 AM: GenerateControls:Loaded all Dropdownlist dynamically
12/22/2017 11:17:33 AM: GenerateControls:Loaded all Dropdownlist dynamically
12/22/2017 11:17:33 AM: GenerateControls:Loaded all Textbox dynamically
12/22/2017 11:17:33 AM: GenerateControls:Loaded all Textbox dynamically
12/22/2017 11:17:33 AM: GenerateControls:Loaded all Textbox dynamically
12/22/2017 11:17:33 AM: GenerateControls:Loaded all Textbox dynamically
12/22/2017 11:17:33 AM: GenerateControls:Loaded all Textbox dynamically
12/22/2017 11:17:35 AM: createControls Started
12/22/2017 11:17:35 AM: createControls Loaded all Dropdownlist dynamically
12/22/2017 11:17:35 AM: createControls Loaded all Dropdownlist dynamically
12/22/2017 11:17:35 AM: createControls Loaded all Textbox dynamically
12/22/2017 11:17:35 AM: createControls Loaded all Textbox dynamically
12/22/2017 11:17:35 AM: createControls Loaded all Textbox dynamically
12/22/2017 11:17:35 AM: createControls Loaded all Textbox dynamically
12/22/2017 11:17:35 AM: createControls Loaded all Textbox dynamically
12/22/2017 11:17:35 AM: createControls Finished
12/22/2017 11:17:35 AM: Started Loading Entity Drop Down
12/22/2017 11:17:36 AM: Finished Loading Entity Drop Down
12/22/2017 11:27:36 AM: BindDocumentType started
12/22/2017 11:27:36 AM: BindDocumentType finished
12/22/2017 11:27:39 AM: createControls Started
12/22/2017 11:27:39 AM: createControls Loaded all Dropdownlist dynamically
12/22/2017 11:27:39 AM: createControls Loaded all Dropdownlist dynamically
12/22/2017 11:27:39 AM: createControls Loaded all Textbox dynamically
12/22/2017 11:27:39 AM: createControls Loaded all Textbox dynamically
12/22/2017 11:27:39 AM: createControls Loaded all Textbox dynamically
12/22/2017 11:27:39 AM: createControls Loaded all Textbox dynamically
12/22/2017 11:27:39 AM: createControls Loaded all Textbox dynamically
12/22/2017 11:27:39 AM: createControls Finished
12/22/2017 11:27:39 AM: GetTemplateDetails started
12/22/2017 11:27:39 AM: generatecontrols Started
12/22/2017 11:27:39 AM: GenerateControls:Loaded all Dropdownlist dynamically
12/22/2017 11:27:39 AM: GenerateControls:Loaded all Dropdownlist dynamically
12/22/2017 11:27:39 AM: GenerateControls:Loaded all Textbox dynamically
12/22/2017 11:27:39 AM: GenerateControls:Loaded all Textbox dynamically
12/22/2017 11:27:39 AM: GenerateControls:Loaded all Textbox dynamically
12/22/2017 11:27:39 AM: GenerateControls:Loaded all Textbox dynamically
12/22/2017 11:27:39 AM: GenerateControls:Loaded all Textbox dynamically
12/22/2017 11:27:41 AM: createControls Started
12/22/2017 11:27:41 AM: createControls Loaded all Dropdownlist dynamically
12/22/2017 11:27:41 AM: createControls Loaded all Dropdownlist dynamically
12/22/2017 11:27:41 AM: createControls Loaded all Textbox dynamically
12/22/2017 11:27:41 AM: createControls Loaded all Textbox dynamically
12/22/2017 11:27:41 AM: createControls Loaded all Textbox dynamically
12/22/2017 11:27:41 AM: createControls Loaded all Textbox dynamically
12/22/2017 11:27:41 AM: createControls Loaded all Textbox dynamically
12/22/2017 11:27:41 AM: createControls Finished
12/22/2017 11:27:41 AM: Started Loading Entity Drop Down
12/22/2017 11:27:41 AM: Finished Loading Entity Drop Down
12/22/2017 11:39:01 AM: BindDocumentType started
12/22/2017 11:39:01 AM: BindDocumentType finished
12/22/2017 11:39:03 AM: createControls Started
12/22/2017 11:39:03 AM: createControls Loaded all Dropdownlist dynamically
12/22/2017 11:39:03 AM: createControls Loaded all Dropdownlist dynamically
12/22/2017 11:39:03 AM: createControls Loaded all Textbox dynamically
12/22/2017 11:39:03 AM: createControls Loaded all Textbox dynamically
12/22/2017 11:39:03 AM: createControls Loaded all Textbox dynamically
12/22/2017 11:39:03 AM: createControls Loaded all Textbox dynamically
12/22/2017 11:39:03 AM: createControls Loaded all Textbox dynamically
12/22/2017 11:39:03 AM: createControls Finished
12/22/2017 11:39:03 AM: GetTemplateDetails started
12/22/2017 11:39:03 AM: generatecontrols Started
12/22/2017 11:39:03 AM: GenerateControls:Loaded all Dropdownlist dynamically
12/22/2017 11:39:03 AM: GenerateControls:Loaded all Dropdownlist dynamically
12/22/2017 11:39:03 AM: GenerateControls:Loaded all Textbox dynamically
12/22/2017 11:39:03 AM: GenerateControls:Loaded all Textbox dynamically
12/22/2017 11:39:03 AM: GenerateControls:Loaded all Textbox dynamically
12/22/2017 11:39:03 AM: GenerateControls:Loaded all Textbox dynamically
12/22/2017 11:39:03 AM: GenerateControls:Loaded all Textbox dynamically
12/22/2017 11:39:05 AM: createControls Started
12/22/2017 11:39:05 AM: createControls Loaded all Dropdownlist dynamically
12/22/2017 11:39:05 AM: createControls Loaded all Dropdownlist dynamically
12/22/2017 11:39:05 AM: createControls Loaded all Textbox dynamically
12/22/2017 11:39:05 AM: createControls Loaded all Textbox dynamically
12/22/2017 11:39:05 AM: createControls Loaded all Textbox dynamically
12/22/2017 11:39:05 AM: createControls Loaded all Textbox dynamically
12/22/2017 11:39:05 AM: createControls Loaded all Textbox dynamically
12/22/2017 11:39:05 AM: createControls Finished
12/22/2017 11:39:05 AM: Started Loading Entity Drop Down
12/22/2017 11:39:05 AM: Finished Loading Entity Drop Down
12/22/2017 11:45:39 AM: BindDocumentType started
12/22/2017 11:45:39 AM: BindDocumentType finished
12/22/2017 11:45:41 AM: createControls Started
12/22/2017 11:45:41 AM: createControls Loaded all Dropdownlist dynamically
12/22/2017 11:45:41 AM: createControls Loaded all Dropdownlist dynamically
12/22/2017 11:45:41 AM: createControls Loaded all Textbox dynamically
12/22/2017 11:45:41 AM: createControls Loaded all Textbox dynamically
12/22/2017 11:45:41 AM: createControls Loaded all Textbox dynamically
12/22/2017 11:45:41 AM: createControls Loaded all Textbox dynamically
12/22/2017 11:45:41 AM: createControls Loaded all Textbox dynamically
12/22/2017 11:45:41 AM: createControls Finished
12/22/2017 11:45:41 AM: GetTemplateDetails started
12/22/2017 11:45:41 AM: generatecontrols Started
12/22/2017 11:45:41 AM: GenerateControls:Loaded all Dropdownlist dynamically
12/22/2017 11:45:41 AM: GenerateControls:Loaded all Dropdownlist dynamically
12/22/2017 11:45:41 AM: GenerateControls:Loaded all Textbox dynamically
12/22/2017 11:45:41 AM: GenerateControls:Loaded all Textbox dynamically
12/22/2017 11:45:41 AM: GenerateControls:Loaded all Textbox dynamically
12/22/2017 11:45:41 AM: GenerateControls:Loaded all Textbox dynamically
12/22/2017 11:45:41 AM: GenerateControls:Loaded all Textbox dynamically
12/22/2017 11:45:43 AM: createControls Started
12/22/2017 11:45:43 AM: createControls Loaded all Dropdownlist dynamically
12/22/2017 11:45:43 AM: createControls Loaded all Dropdownlist dynamically
12/22/2017 11:45:43 AM: createControls Loaded all Textbox dynamically
12/22/2017 11:45:43 AM: createControls Loaded all Textbox dynamically
12/22/2017 11:45:43 AM: createControls Loaded all Textbox dynamically
12/22/2017 11:45:43 AM: createControls Loaded all Textbox dynamically
12/22/2017 11:45:43 AM: createControls Loaded all Textbox dynamically
12/22/2017 11:45:43 AM: createControls Finished
12/22/2017 11:45:43 AM: Started Loading Entity Drop Down
12/22/2017 11:45:43 AM: Finished Loading Entity Drop Down
12/22/2017 11:51:53 AM: BindDocumentType started
12/22/2017 11:51:53 AM: BindDocumentType finished
12/22/2017 11:51:59 AM: createControls Started
12/22/2017 11:51:59 AM: createControls Loaded all Dropdownlist dynamically
12/22/2017 11:51:59 AM: createControls Loaded all Dropdownlist dynamically
12/22/2017 11:51:59 AM: createControls Loaded all Textbox dynamically
12/22/2017 11:51:59 AM: createControls Loaded all Textbox dynamically
12/22/2017 11:51:59 AM: createControls Loaded all Textbox dynamically
12/22/2017 11:51:59 AM: createControls Loaded all Textbox dynamically
12/22/2017 11:51:59 AM: createControls Loaded all Textbox dynamically
12/22/2017 11:51:59 AM: createControls Finished
12/22/2017 11:51:59 AM: GetTemplateDetails started
12/22/2017 11:51:59 AM: generatecontrols Started
12/22/2017 11:51:59 AM: GenerateControls:Loaded all Dropdownlist dynamically
12/22/2017 11:51:59 AM: GenerateControls:Loaded all Dropdownlist dynamically
12/22/2017 11:51:59 AM: GenerateControls:Loaded all Textbox dynamically
12/22/2017 11:51:59 AM: GenerateControls:Loaded all Textbox dynamically
12/22/2017 11:51:59 AM: GenerateControls:Loaded all Textbox dynamically
12/22/2017 11:51:59 AM: GenerateControls:Loaded all Textbox dynamically
12/22/2017 11:51:59 AM: GenerateControls:Loaded all Textbox dynamically
12/22/2017 11:52:00 AM: createControls Started
12/22/2017 11:52:00 AM: createControls Loaded all Dropdownlist dynamically
12/22/2017 11:52:00 AM: createControls Loaded all Dropdownlist dynamically
12/22/2017 11:52:00 AM: createControls Loaded all Textbox dynamically
12/22/2017 11:52:00 AM: createControls Loaded all Textbox dynamically
12/22/2017 11:52:00 AM: createControls Loaded all Textbox dynamically
12/22/2017 11:52:00 AM: createControls Loaded all Textbox dynamically
12/22/2017 11:52:00 AM: createControls Loaded all Textbox dynamically
12/22/2017 11:52:00 AM: createControls Finished
12/22/2017 11:52:00 AM: Started Loading Entity Drop Down
12/22/2017 11:52:01 AM: Finished Loading Entity Drop Down
12/22/2017 12:03:09 PM: BindDocumentType started
12/22/2017 12:03:09 PM: BindDocumentType finished
12/22/2017 12:03:11 PM: createControls Started
12/22/2017 12:03:11 PM: createControls Loaded all Dropdownlist dynamically
12/22/2017 12:03:11 PM: createControls Loaded all Dropdownlist dynamically
12/22/2017 12:03:11 PM: createControls Loaded all Textbox dynamically
12/22/2017 12:03:11 PM: createControls Loaded all Textbox dynamically
12/22/2017 12:03:11 PM: createControls Loaded all Textbox dynamically
12/22/2017 12:03:11 PM: createControls Loaded all Textbox dynamically
12/22/2017 12:03:11 PM: createControls Loaded all Textbox dynamically
12/22/2017 12:03:11 PM: createControls Finished
12/22/2017 12:03:11 PM: GetTemplateDetails started
12/22/2017 12:03:11 PM: generatecontrols Started
12/22/2017 12:03:11 PM: GenerateControls:Loaded all Dropdownlist dynamically
12/22/2017 12:03:11 PM: GenerateControls:Loaded all Dropdownlist dynamically
12/22/2017 12:03:11 PM: GenerateControls:Loaded all Textbox dynamically
12/22/2017 12:03:11 PM: GenerateControls:Loaded all Textbox dynamically
12/22/2017 12:03:11 PM: GenerateControls:Loaded all Textbox dynamically
12/22/2017 12:03:11 PM: GenerateControls:Loaded all Textbox dynamically
12/22/2017 12:03:11 PM: GenerateControls:Loaded all Textbox dynamically
12/22/2017 12:03:13 PM: createControls Started
12/22/2017 12:03:13 PM: createControls Loaded all Dropdownlist dynamically
12/22/2017 12:03:13 PM: createControls Loaded all Dropdownlist dynamically
12/22/2017 12:03:13 PM: createControls Loaded all Textbox dynamically
12/22/2017 12:03:13 PM: createControls Loaded all Textbox dynamically
12/22/2017 12:03:13 PM: createControls Loaded all Textbox dynamically
12/22/2017 12:03:13 PM: createControls Loaded all Textbox dynamically
12/22/2017 12:03:13 PM: createControls Loaded all Textbox dynamically
12/22/2017 12:03:13 PM: createControls Finished
12/22/2017 12:03:13 PM: Started Loading Entity Drop Down
12/22/2017 12:03:13 PM: Finished Loading Entity Drop Down
12/22/2017 12:06:12 PM: BindDocumentType started
12/22/2017 12:06:12 PM: BindDocumentType finished
12/22/2017 12:06:17 PM: createControls Started
12/22/2017 12:06:17 PM: createControls Loaded all Dropdownlist dynamically
12/22/2017 12:06:17 PM: createControls Loaded all Dropdownlist dynamically
12/22/2017 12:06:17 PM: createControls Loaded all Textbox dynamically
12/22/2017 12:06:17 PM: createControls Loaded all Textbox dynamically
12/22/2017 12:06:17 PM: createControls Loaded all Textbox dynamically
12/22/2017 12:06:17 PM: createControls Loaded all Textbox dynamically
12/22/2017 12:06:17 PM: createControls Loaded all Textbox dynamically
12/22/2017 12:06:17 PM: createControls Finished
12/22/2017 12:06:17 PM: GetTemplateDetails started
12/22/2017 12:06:17 PM: generatecontrols Started
12/22/2017 12:06:17 PM: GenerateControls:Loaded all Dropdownlist dynamically
12/22/2017 12:06:17 PM: GenerateControls:Loaded all Dropdownlist dynamically
12/22/2017 12:06:17 PM: GenerateControls:Loaded all Textbox dynamically
12/22/2017 12:06:17 PM: GenerateControls:Loaded all Textbox dynamically
12/22/2017 12:06:17 PM: GenerateControls:Loaded all Textbox dynamically
12/22/2017 12:06:17 PM: GenerateControls:Loaded all Textbox dynamically
12/22/2017 12:06:17 PM: GenerateControls:Loaded all Textbox dynamically
12/22/2017 12:07:45 PM: BindDocumentType started
12/22/2017 12:07:45 PM: BindDocumentType finished
12/22/2017 12:07:48 PM: createControls Started
12/22/2017 12:07:48 PM: createControls Loaded all Dropdownlist dynamically
12/22/2017 12:07:48 PM: createControls Loaded all Dropdownlist dynamically
12/22/2017 12:07:48 PM: createControls Loaded all Textbox dynamically
12/22/2017 12:07:48 PM: createControls Loaded all Textbox dynamically
12/22/2017 12:07:48 PM: createControls Loaded all Textbox dynamically
12/22/2017 12:07:48 PM: createControls Loaded all Textbox dynamically
12/22/2017 12:07:48 PM: createControls Loaded all Textbox dynamically
12/22/2017 12:07:48 PM: createControls Finished
12/22/2017 12:07:48 PM: GetTemplateDetails started
12/22/2017 12:07:48 PM: generatecontrols Started
12/22/2017 12:07:48 PM: GenerateControls:Loaded all Dropdownlist dynamically
12/22/2017 12:07:48 PM: GenerateControls:Loaded all Dropdownlist dynamically
12/22/2017 12:07:48 PM: GenerateControls:Loaded all Textbox dynamically
12/22/2017 12:07:48 PM: GenerateControls:Loaded all Textbox dynamically
12/22/2017 12:07:48 PM: GenerateControls:Loaded all Textbox dynamically
12/22/2017 12:07:48 PM: GenerateControls:Loaded all Textbox dynamically
12/22/2017 12:07:48 PM: GenerateControls:Loaded all Textbox dynamically
12/22/2017 12:07:50 PM: createControls Started
12/22/2017 12:07:50 PM: createControls Loaded all Dropdownlist dynamically
12/22/2017 12:07:50 PM: createControls Loaded all Dropdownlist dynamically
12/22/2017 12:07:50 PM: createControls Loaded all Textbox dynamically
12/22/2017 12:07:50 PM: createControls Loaded all Textbox dynamically
12/22/2017 12:07:50 PM: createControls Loaded all Textbox dynamically
12/22/2017 12:07:50 PM: createControls Loaded all Textbox dynamically
12/22/2017 12:07:50 PM: createControls Loaded all Textbox dynamically
12/22/2017 12:07:50 PM: createControls Finished
12/22/2017 12:07:50 PM: Started Loading Entity Drop Down
12/22/2017 12:07:50 PM: Finished Loading Entity Drop Down
12/22/2017 12:11:33 PM: BindDocumentType started
12/22/2017 12:11:33 PM: BindDocumentType finished
12/22/2017 12:11:36 PM: createControls Started
12/22/2017 12:11:36 PM: createControls Loaded all Dropdownlist dynamically
12/22/2017 12:11:36 PM: createControls Loaded all Dropdownlist dynamically
12/22/2017 12:11:36 PM: createControls Loaded all Textbox dynamically
12/22/2017 12:11:36 PM: createControls Loaded all Textbox dynamically
12/22/2017 12:11:36 PM: createControls Loaded all Textbox dynamically
12/22/2017 12:11:36 PM: createControls Loaded all Textbox dynamically
12/22/2017 12:11:36 PM: createControls Loaded all Textbox dynamically
12/22/2017 12:11:36 PM: createControls Finished
12/22/2017 12:11:36 PM: GetTemplateDetails started
12/22/2017 12:11:36 PM: generatecontrols Started
12/22/2017 12:11:36 PM: GenerateControls:Loaded all Dropdownlist dynamically
12/22/2017 12:11:36 PM: GenerateControls:Loaded all Dropdownlist dynamically
12/22/2017 12:11:36 PM: GenerateControls:Loaded all Textbox dynamically
12/22/2017 12:11:36 PM: GenerateControls:Loaded all Textbox dynamically
12/22/2017 12:11:36 PM: GenerateControls:Loaded all Textbox dynamically
12/22/2017 12:11:36 PM: GenerateControls:Loaded all Textbox dynamically
12/22/2017 12:11:36 PM: GenerateControls:Loaded all Textbox dynamically
12/22/2017 12:11:38 PM: createControls Started
12/22/2017 12:11:38 PM: createControls Loaded all Dropdownlist dynamically
12/22/2017 12:11:38 PM: createControls Loaded all Dropdownlist dynamically
12/22/2017 12:11:38 PM: createControls Loaded all Textbox dynamically
12/22/2017 12:11:38 PM: createControls Loaded all Textbox dynamically
12/22/2017 12:11:38 PM: createControls Loaded all Textbox dynamically
12/22/2017 12:11:38 PM: createControls Loaded all Textbox dynamically
12/22/2017 12:11:38 PM: createControls Loaded all Textbox dynamically
12/22/2017 12:11:38 PM: createControls Finished
12/22/2017 12:11:38 PM: Started Loading Entity Drop Down
12/22/2017 12:11:38 PM: Finished Loading Entity Drop Down
12/22/2017 12:21:34 PM: BindDocumentType started
12/22/2017 12:21:34 PM: BindDocumentType finished
12/22/2017 12:21:37 PM: createControls Started
12/22/2017 12:21:37 PM: createControls Loaded all Dropdownlist dynamically
12/22/2017 12:21:37 PM: createControls Loaded all Dropdownlist dynamically
12/22/2017 12:21:37 PM: createControls Loaded all Textbox dynamically
12/22/2017 12:21:37 PM: createControls Loaded all Textbox dynamically
12/22/2017 12:21:37 PM: createControls Loaded all Textbox dynamically
12/22/2017 12:21:37 PM: createControls Loaded all Textbox dynamically
12/22/2017 12:21:37 PM: createControls Loaded all Textbox dynamically
12/22/2017 12:21:37 PM: createControls Finished
12/22/2017 12:21:37 PM: GetTemplateDetails started
12/22/2017 12:21:37 PM: generatecontrols Started
12/22/2017 12:21:37 PM: GenerateControls:Loaded all Dropdownlist dynamically
12/22/2017 12:21:37 PM: GenerateControls:Loaded all Dropdownlist dynamically
12/22/2017 12:21:37 PM: GenerateControls:Loaded all Textbox dynamically
12/22/2017 12:21:37 PM: GenerateControls:Loaded all Textbox dynamically
12/22/2017 12:21:37 PM: GenerateControls:Loaded all Textbox dynamically
12/22/2017 12:21:37 PM: GenerateControls:Loaded all Textbox dynamically
12/22/2017 12:21:37 PM: GenerateControls:Loaded all Textbox dynamically
12/22/2017 12:21:38 PM: createControls Started
12/22/2017 12:21:38 PM: createControls Loaded all Dropdownlist dynamically
12/22/2017 12:21:38 PM: createControls Loaded all Dropdownlist dynamically
12/22/2017 12:21:38 PM: createControls Loaded all Textbox dynamically
12/22/2017 12:21:38 PM: createControls Loaded all Textbox dynamically
12/22/2017 12:21:38 PM: createControls Loaded all Textbox dynamically
12/22/2017 12:21:38 PM: createControls Loaded all Textbox dynamically
12/22/2017 12:21:38 PM: createControls Loaded all Textbox dynamically
12/22/2017 12:21:38 PM: createControls Finished
12/22/2017 12:21:38 PM: Started Loading Entity Drop Down
12/22/2017 12:21:39 PM: Finished Loading Entity Drop Down
12/22/2017 12:49:35 PM: BindDocumentType started
12/22/2017 12:49:35 PM: BindDocumentType finished
12/22/2017 12:49:38 PM: createControls Started
12/22/2017 12:49:38 PM: createControls Loaded all Dropdownlist dynamically
12/22/2017 12:49:38 PM: createControls Loaded all Dropdownlist dynamically
12/22/2017 12:49:38 PM: createControls Loaded all Textbox dynamically
12/22/2017 12:49:38 PM: createControls Loaded all Textbox dynamically
12/22/2017 12:49:38 PM: createControls Loaded all Textbox dynamically
12/22/2017 12:49:38 PM: createControls Loaded all Textbox dynamically
12/22/2017 12:49:38 PM: createControls Loaded all Textbox dynamically
12/22/2017 12:49:38 PM: createControls Finished
12/22/2017 12:49:38 PM: GetTemplateDetails started
12/22/2017 12:49:38 PM: generatecontrols Started
12/22/2017 12:49:38 PM: GenerateControls:Loaded all Dropdownlist dynamically
12/22/2017 12:49:38 PM: GenerateControls:Loaded all Dropdownlist dynamically
12/22/2017 12:49:38 PM: GenerateControls:Loaded all Textbox dynamically
12/22/2017 12:49:38 PM: GenerateControls:Loaded all Textbox dynamically
12/22/2017 12:49:38 PM: GenerateControls:Loaded all Textbox dynamically
12/22/2017 12:49:38 PM: GenerateControls:Loaded all Textbox dynamically
12/22/2017 12:49:38 PM: GenerateControls:Loaded all Textbox dynamically
12/22/2017 12:49:39 PM: createControls Started
12/22/2017 12:49:39 PM: createControls Loaded all Dropdownlist dynamically
12/22/2017 12:49:39 PM: createControls Loaded all Dropdownlist dynamically
12/22/2017 12:49:39 PM: createControls Loaded all Textbox dynamically
12/22/2017 12:49:39 PM: createControls Loaded all Textbox dynamically
12/22/2017 12:49:39 PM: createControls Loaded all Textbox dynamically
12/22/2017 12:49:39 PM: createControls Loaded all Textbox dynamically
12/22/2017 12:49:39 PM: createControls Loaded all Textbox dynamically
12/22/2017 12:49:39 PM: createControls Finished
12/22/2017 12:49:39 PM: Started Loading Entity Drop Down
12/22/2017 12:49:39 PM: Finished Loading Entity Drop Down
12/22/2017 12:57:34 PM: BindDocumentType started
12/22/2017 12:57:34 PM: BindDocumentType finished
12/22/2017 12:57:36 PM: createControls Started
12/22/2017 12:57:36 PM: createControls Loaded all Dropdownlist dynamically
12/22/2017 12:57:36 PM: createControls Loaded all Dropdownlist dynamically
12/22/2017 12:57:36 PM: createControls Loaded all Textbox dynamically
12/22/2017 12:57:36 PM: createControls Loaded all Textbox dynamically
12/22/2017 12:57:36 PM: createControls Loaded all Textbox dynamically
12/22/2017 12:57:36 PM: createControls Loaded all Textbox dynamically
12/22/2017 12:57:36 PM: createControls Loaded all Textbox dynamically
12/22/2017 12:57:36 PM: createControls Finished
12/22/2017 12:57:36 PM: GetTemplateDetails started
12/22/2017 12:57:37 PM: generatecontrols Started
12/22/2017 12:57:37 PM: GenerateControls:Loaded all Dropdownlist dynamically
12/22/2017 12:57:37 PM: GenerateControls:Loaded all Dropdownlist dynamically
12/22/2017 12:57:37 PM: GenerateControls:Loaded all Textbox dynamically
12/22/2017 12:57:37 PM: GenerateControls:Loaded all Textbox dynamically
12/22/2017 12:57:37 PM: GenerateControls:Loaded all Textbox dynamically
12/22/2017 12:57:37 PM: GenerateControls:Loaded all Textbox dynamically
12/22/2017 12:57:37 PM: GenerateControls:Loaded all Textbox dynamically
12/22/2017 12:57:38 PM: createControls Started
12/22/2017 12:57:38 PM: createControls Loaded all Dropdownlist dynamically
12/22/2017 12:57:38 PM: createControls Loaded all Dropdownlist dynamically
12/22/2017 12:57:38 PM: createControls Loaded all Textbox dynamically
12/22/2017 12:57:38 PM: createControls Loaded all Textbox dynamically
12/22/2017 12:57:38 PM: createControls Loaded all Textbox dynamically
12/22/2017 12:57:38 PM: createControls Loaded all Textbox dynamically
12/22/2017 12:57:38 PM: createControls Loaded all Textbox dynamically
12/22/2017 12:57:38 PM: createControls Finished
12/22/2017 12:57:38 PM: Started Loading Entity Drop Down
12/22/2017 12:57:38 PM: Finished Loading Entity Drop Down
12/22/2017 1:04:52 PM: BindDocumentType started
12/22/2017 1:04:52 PM: BindDocumentType finished
12/22/2017 1:04:55 PM: createControls Started
12/22/2017 1:04:55 PM: createControls Loaded all Dropdownlist dynamically
12/22/2017 1:04:55 PM: createControls Loaded all Dropdownlist dynamically
12/22/2017 1:04:55 PM: createControls Loaded all Textbox dynamically
12/22/2017 1:04:55 PM: createControls Loaded all Textbox dynamically
12/22/2017 1:04:55 PM: createControls Loaded all Textbox dynamically
12/22/2017 1:04:55 PM: createControls Loaded all Textbox dynamically
12/22/2017 1:04:55 PM: createControls Loaded all Textbox dynamically
12/22/2017 1:04:55 PM: createControls Finished
12/22/2017 1:04:55 PM: GetTemplateDetails started
12/22/2017 1:04:55 PM: generatecontrols Started
12/22/2017 1:04:55 PM: GenerateControls:Loaded all Dropdownlist dynamically
12/22/2017 1:04:55 PM: GenerateControls:Loaded all Dropdownlist dynamically
12/22/2017 1:04:55 PM: GenerateControls:Loaded all Textbox dynamically
12/22/2017 1:04:55 PM: GenerateControls:Loaded all Textbox dynamically
12/22/2017 1:04:55 PM: GenerateControls:Loaded all Textbox dynamically
12/22/2017 1:04:55 PM: GenerateControls:Loaded all Textbox dynamically
12/22/2017 1:04:55 PM: GenerateControls:Loaded all Textbox dynamically
12/22/2017 1:04:57 PM: createControls Started
12/22/2017 1:04:57 PM: createControls Loaded all Dropdownlist dynamically
12/22/2017 1:04:57 PM: createControls Loaded all Dropdownlist dynamically
12/22/2017 1:04:57 PM: createControls Loaded all Textbox dynamically
12/22/2017 1:04:57 PM: createControls Loaded all Textbox dynamically
12/22/2017 1:04:57 PM: createControls Loaded all Textbox dynamically
12/22/2017 1:04:57 PM: createControls Loaded all Textbox dynamically
12/22/2017 1:04:57 PM: createControls Loaded all Textbox dynamically
12/22/2017 1:04:57 PM: createControls Finished
12/22/2017 1:04:57 PM: Started Loading Entity Drop Down
12/22/2017 1:04:57 PM: Finished Loading Entity Drop Down
