12/15/2017 10:45:24 AM: BindDocumentType started
12/15/2017 10:45:24 AM: BindDocumentType finished
12/15/2017 10:45:29 AM: createControls Started
12/15/2017 10:45:29 AM: createControls Loaded all Textbox dynamically
12/15/2017 10:45:29 AM: createControls Loaded all Textbox dynamically
12/15/2017 10:45:29 AM: createControls Loaded all Textbox dynamically
12/15/2017 10:45:29 AM: createControls Loaded all Textbox dynamically
12/15/2017 10:45:29 AM: createControls Loaded all Textbox dynamically
12/15/2017 10:45:29 AM: createControls Loaded all Textbox dynamically
12/15/2017 10:45:29 AM: createControls Loaded all Textbox dynamically
12/15/2017 10:45:29 AM: createControls Loaded all Textbox dynamically
12/15/2017 10:45:29 AM: createControls Loaded all Textbox dynamically
12/15/2017 10:45:29 AM: createControls Loaded all Textbox dynamically
12/15/2017 10:45:29 AM: createControls Loaded all Textbox dynamically
12/15/2017 10:45:29 AM: createControls Loaded all Textbox dynamically
12/15/2017 10:45:29 AM: createControls Loaded all Textbox dynamically
12/15/2017 10:45:29 AM: createControls Loaded all Textbox dynamically
12/15/2017 10:45:29 AM: createControls Loaded all Textbox dynamically
12/15/2017 10:45:29 AM: createControls Finished
12/15/2017 10:45:29 AM: GetTemplateDetails started
12/15/2017 10:45:29 AM: generatecontrols Started
12/15/2017 10:45:29 AM: GenerateControls:Loaded all Textbox dynamically
12/15/2017 10:45:29 AM: GenerateControls:Loaded all Textbox dynamically
12/15/2017 10:45:29 AM: GenerateControls:Loaded all Textbox dynamically
12/15/2017 10:45:29 AM: GenerateControls:Loaded all Textbox dynamically
12/15/2017 10:45:29 AM: GenerateControls:Loaded all Textbox dynamically
12/15/2017 10:45:29 AM: GenerateControls:Loaded all Textbox dynamically
12/15/2017 10:45:29 AM: GenerateControls:Loaded all Textbox dynamically
12/15/2017 10:45:29 AM: GenerateControls:Loaded all Textbox dynamically
12/15/2017 10:45:29 AM: GenerateControls:Loaded all Textbox dynamically
12/15/2017 10:45:29 AM: GenerateControls:Loaded all Textbox dynamically
12/15/2017 10:45:29 AM: GenerateControls:Loaded all Textbox dynamically
12/15/2017 10:45:29 AM: GenerateControls:Loaded all Textbox dynamically
12/15/2017 10:45:29 AM: GenerateControls:Loaded all Textbox dynamically
12/15/2017 10:45:29 AM: GenerateControls:Loaded all Textbox dynamically
12/15/2017 10:45:29 AM: GenerateControls:Loaded all Textbox dynamically
12/15/2017 10:45:31 AM: createControls Started
12/15/2017 10:45:31 AM: createControls Loaded all Textbox dynamically
12/15/2017 10:45:31 AM: createControls Loaded all Textbox dynamically
12/15/2017 10:45:31 AM: createControls Loaded all Textbox dynamically
12/15/2017 10:45:31 AM: createControls Loaded all Textbox dynamically
12/15/2017 10:45:31 AM: createControls Loaded all Textbox dynamically
12/15/2017 10:45:31 AM: createControls Loaded all Textbox dynamically
12/15/2017 10:45:31 AM: createControls Loaded all Textbox dynamically
12/15/2017 10:45:31 AM: createControls Loaded all Textbox dynamically
12/15/2017 10:45:31 AM: createControls Loaded all Textbox dynamically
12/15/2017 10:45:31 AM: createControls Loaded all Textbox dynamically
12/15/2017 10:45:31 AM: createControls Loaded all Textbox dynamically
12/15/2017 10:45:31 AM: createControls Loaded all Textbox dynamically
12/15/2017 10:45:31 AM: createControls Loaded all Textbox dynamically
12/15/2017 10:45:31 AM: createControls Loaded all Textbox dynamically
12/15/2017 10:45:31 AM: createControls Loaded all Textbox dynamically
12/15/2017 10:45:31 AM: createControls Finished
12/15/2017 10:45:31 AM: Started Loading Entity Drop Down
12/15/2017 10:45:34 AM: Finished Loading Entity Drop Down
12/15/2017 10:45:54 AM: GetSginatureDetails Started:-
12/15/2017 10:45:54 AM: GetSginatureDetails Completed:-
12/15/2017 10:45:54 AM: GetTemplateDetails Started
12/15/2017 10:45:54 AM: GetTemplateDetails total record count:1
12/15/2017 10:45:54 AM: Create controls,Load all Textbox dynamic
12/15/2017 10:45:54 AM: Create controls,Load all Textbox dynamic
12/15/2017 10:45:54 AM: Create controls,Load all Textbox dynamic
12/15/2017 10:45:54 AM: Create controls,Load all Textbox dynamic
12/15/2017 10:45:54 AM: Create controls,Load all Textbox dynamic
12/15/2017 10:45:54 AM: Create controls,Load all Textbox dynamic
12/15/2017 10:45:54 AM: Create controls,Load all Textbox dynamic
12/15/2017 10:45:54 AM: Create controls,Load all Textbox dynamic
12/15/2017 10:45:54 AM: Create controls,Load all Textbox dynamic
12/15/2017 10:45:54 AM: Create controls,Load all Textbox dynamic
12/15/2017 10:45:54 AM: Create controls,Load all Textbox dynamic
12/15/2017 10:45:54 AM: Create controls,Load all Textbox dynamic
12/15/2017 10:45:54 AM: Create controls,Load all Textbox dynamic
12/15/2017 10:45:54 AM: Create controls,Load all Textbox dynamic
12/15/2017 10:45:54 AM: Create controls,Load all Textbox dynamic
12/15/2017 10:45:54 AM: GetTemplateDetails Finished
12/15/2017 10:45:54 AM: InitializeDocumentView started
12/15/2017 10:45:54 AM: InitializeDocumentView finished
12/15/2017 10:45:54 AM: Calling database to get annotated images. DocumentId: 3611, Action: GetAnnotatedPages
12/15/2017 10:45:54 AM: Calling database to get annotated images. DocumentId: 3611, Action: GetTaggedPages
12/15/2017 10:45:55 AM: LoadImageToViewer started
12/15/2017 10:45:55 AM: Setting image to viewer. Action:  Page count: 0 Current Page:1
12/15/2017 10:45:55 AM: MailPanelFill started
12/15/2017 10:45:55 AM: MailPanelFill finished
12/15/2017 10:46:02 AM: GetTemplateDetails Started
12/15/2017 10:46:02 AM: GetTemplateDetails total record count:1
12/15/2017 10:46:02 AM: Create controls,Load all Textbox dynamic
12/15/2017 10:46:02 AM: Create controls,Load all Textbox dynamic
12/15/2017 10:46:02 AM: Create controls,Load all Textbox dynamic
12/15/2017 10:46:02 AM: Create controls,Load all Textbox dynamic
12/15/2017 10:46:02 AM: Create controls,Load all Textbox dynamic
12/15/2017 10:46:02 AM: Create controls,Load all Textbox dynamic
12/15/2017 10:46:02 AM: Create controls,Load all Textbox dynamic
12/15/2017 10:46:02 AM: Create controls,Load all Textbox dynamic
12/15/2017 10:46:02 AM: Create controls,Load all Textbox dynamic
12/15/2017 10:46:02 AM: Create controls,Load all Textbox dynamic
12/15/2017 10:46:02 AM: Create controls,Load all Textbox dynamic
12/15/2017 10:46:02 AM: Create controls,Load all Textbox dynamic
12/15/2017 10:46:02 AM: Create controls,Load all Textbox dynamic
12/15/2017 10:46:02 AM: Create controls,Load all Textbox dynamic
12/15/2017 10:46:02 AM: Create controls,Load all Textbox dynamic
12/15/2017 10:46:02 AM: GetTemplateDetails Finished
