12/16/2017 12:10:22 PM: BindDocumentType started
12/16/2017 12:10:22 PM: BindDocumentType finished
12/16/2017 1:24:31 PM: BindDocumentType started
12/16/2017 1:24:31 PM: BindDocumentType finished
12/16/2017 1:24:48 PM: createControls Started
12/16/2017 1:24:48 PM: createControls Loaded all Textbox dynamically
12/16/2017 1:24:48 PM: createControls Loaded all Textbox dynamically
12/16/2017 1:24:48 PM: createControls Loaded all Textbox dynamically
12/16/2017 1:24:48 PM: createControls Loaded all Textbox dynamically
12/16/2017 1:24:48 PM: createControls Loaded all Textbox dynamically
12/16/2017 1:24:48 PM: createControls Loaded all Textbox dynamically
12/16/2017 1:24:48 PM: createControls Loaded all Textbox dynamically
12/16/2017 1:24:48 PM: createControls Loaded all Textbox dynamically
12/16/2017 1:24:48 PM: createControls Loaded all Textbox dynamically
12/16/2017 1:24:48 PM: createControls Loaded all Textbox dynamically
12/16/2017 1:24:48 PM: createControls Loaded all Textbox dynamically
12/16/2017 1:24:48 PM: createControls Loaded all Textbox dynamically
12/16/2017 1:24:48 PM: createControls Loaded all Textbox dynamically
12/16/2017 1:24:48 PM: createControls Loaded all Textbox dynamically
12/16/2017 1:24:48 PM: createControls Loaded all Textbox dynamically
12/16/2017 1:24:48 PM: createControls Finished
12/16/2017 1:24:48 PM: GetTemplateDetails started
12/16/2017 1:24:49 PM: generatecontrols Started
12/16/2017 1:24:49 PM: GenerateControls:Loaded all Textbox dynamically
12/16/2017 1:24:49 PM: GenerateControls:Loaded all Textbox dynamically
12/16/2017 1:24:49 PM: GenerateControls:Loaded all Textbox dynamically
12/16/2017 1:24:49 PM: GenerateControls:Loaded all Textbox dynamically
12/16/2017 1:24:49 PM: GenerateControls:Loaded all Textbox dynamically
12/16/2017 1:24:49 PM: GenerateControls:Loaded all Textbox dynamically
12/16/2017 1:24:49 PM: GenerateControls:Loaded all Textbox dynamically
12/16/2017 1:24:49 PM: GenerateControls:Loaded all Textbox dynamically
12/16/2017 1:24:49 PM: GenerateControls:Loaded all Textbox dynamically
12/16/2017 1:24:49 PM: GenerateControls:Loaded all Textbox dynamically
12/16/2017 1:24:49 PM: GenerateControls:Loaded all Textbox dynamically
12/16/2017 1:24:49 PM: GenerateControls:Loaded all Textbox dynamically
12/16/2017 1:24:49 PM: GenerateControls:Loaded all Textbox dynamically
12/16/2017 1:24:49 PM: GenerateControls:Loaded all Textbox dynamically
12/16/2017 1:24:49 PM: GenerateControls:Loaded all Textbox dynamically
12/16/2017 1:24:51 PM: createControls Started
12/16/2017 1:24:51 PM: createControls Loaded all Textbox dynamically
12/16/2017 1:24:51 PM: createControls Loaded all Textbox dynamically
12/16/2017 1:24:51 PM: createControls Loaded all Textbox dynamically
12/16/2017 1:24:51 PM: createControls Loaded all Textbox dynamically
12/16/2017 1:24:51 PM: createControls Loaded all Textbox dynamically
12/16/2017 1:24:51 PM: createControls Loaded all Textbox dynamically
12/16/2017 1:24:51 PM: createControls Loaded all Textbox dynamically
12/16/2017 1:24:51 PM: createControls Loaded all Textbox dynamically
12/16/2017 1:24:51 PM: createControls Loaded all Textbox dynamically
12/16/2017 1:24:51 PM: createControls Loaded all Textbox dynamically
12/16/2017 1:24:51 PM: createControls Loaded all Textbox dynamically
12/16/2017 1:24:51 PM: createControls Loaded all Textbox dynamically
12/16/2017 1:24:51 PM: createControls Loaded all Textbox dynamically
12/16/2017 1:24:51 PM: createControls Loaded all Textbox dynamically
12/16/2017 1:24:51 PM: createControls Loaded all Textbox dynamically
12/16/2017 1:24:51 PM: createControls Finished
12/16/2017 1:24:51 PM: Started Loading Entity Drop Down
12/16/2017 1:24:53 PM: Finished Loading Entity Drop Down
12/16/2017 2:45:27 PM: BindDocumentType started
12/16/2017 2:45:27 PM: BindDocumentType finished
