27/12/2016 9:49:22 AM: BindDocumentType started
27/12/2016 9:49:22 AM: BindDocumentType finished
27/12/2016 9:49:26 AM: createControls Started
27/12/2016 9:49:26 AM: createControls Loaded all Textbox dynamically
27/12/2016 9:49:26 AM: createControls Loaded all Textbox dynamically
27/12/2016 9:49:26 AM: createControls Loaded all Textbox dynamically
27/12/2016 9:49:26 AM: createControls Loaded all Textbox dynamically
27/12/2016 9:49:26 AM: createControls Loaded all Textbox dynamically
27/12/2016 9:49:26 AM: createControls Loaded all Textbox dynamically
27/12/2016 9:49:26 AM: createControls Finished
27/12/2016 9:49:26 AM: GetTemplateDetails started
27/12/2016 9:49:26 AM: generatecontrols Started
27/12/2016 9:49:26 AM: GenerateControls:Loaded all Textbox dynamically
27/12/2016 9:49:26 AM: GenerateControls:Loaded all Textbox dynamically
27/12/2016 9:49:26 AM: GenerateControls:Loaded all Textbox dynamically
27/12/2016 9:49:26 AM: GenerateControls:Loaded all Textbox dynamically
27/12/2016 9:49:26 AM: GenerateControls:Loaded all Textbox dynamically
27/12/2016 9:49:26 AM: GenerateControls:Loaded all Textbox dynamically
27/12/2016 9:49:44 AM: createControls Started
27/12/2016 9:49:44 AM: createControls Loaded all Textbox dynamically
27/12/2016 9:49:44 AM: createControls Loaded all Textbox dynamically
27/12/2016 9:49:44 AM: createControls Loaded all Textbox dynamically
27/12/2016 9:49:44 AM: createControls Loaded all Textbox dynamically
27/12/2016 9:49:44 AM: createControls Loaded all Textbox dynamically
27/12/2016 9:49:44 AM: createControls Loaded all Textbox dynamically
27/12/2016 9:49:44 AM: createControls Finished
27/12/2016 9:49:44 AM: GetTemplateDetails started
27/12/2016 9:49:44 AM: generatecontrols Started
27/12/2016 9:49:44 AM: GenerateControls:Loaded all Textbox dynamically
27/12/2016 9:49:44 AM: GenerateControls:Loaded all Textbox dynamically
27/12/2016 9:49:44 AM: GenerateControls:Loaded all Textbox dynamically
27/12/2016 9:49:44 AM: GenerateControls:Loaded all Textbox dynamically
27/12/2016 9:49:44 AM: GenerateControls:Loaded all Textbox dynamically
27/12/2016 9:49:44 AM: GenerateControls:Loaded all Textbox dynamically
27/12/2016 9:49:51 AM: createControls Started
27/12/2016 9:49:51 AM: createControls Loaded all Textbox dynamically
27/12/2016 9:49:51 AM: createControls Loaded all Textbox dynamically
27/12/2016 9:49:51 AM: createControls Loaded all Textbox dynamically
27/12/2016 9:49:51 AM: createControls Loaded all Textbox dynamically
27/12/2016 9:49:51 AM: createControls Loaded all Textbox dynamically
27/12/2016 9:49:51 AM: createControls Loaded all Textbox dynamically
27/12/2016 9:49:51 AM: createControls Finished
27/12/2016 9:49:51 AM: GetTemplateDetails started
27/12/2016 9:49:51 AM: generatecontrols Started
27/12/2016 9:49:51 AM: GenerateControls:Loaded all Textbox dynamically
27/12/2016 9:49:51 AM: GenerateControls:Loaded all Textbox dynamically
27/12/2016 9:49:51 AM: GenerateControls:Loaded all Textbox dynamically
27/12/2016 9:49:51 AM: GenerateControls:Loaded all Textbox dynamically
27/12/2016 9:49:51 AM: GenerateControls:Loaded all Textbox dynamically
27/12/2016 9:49:51 AM: GenerateControls:Loaded all Textbox dynamically
27/12/2016 9:49:54 AM: createControls Started
27/12/2016 9:49:54 AM: createControls Loaded all Textbox dynamically
27/12/2016 9:49:54 AM: createControls Loaded all Textbox dynamically
27/12/2016 9:49:54 AM: createControls Loaded all Textbox dynamically
27/12/2016 9:49:54 AM: createControls Loaded all Textbox dynamically
27/12/2016 9:49:54 AM: createControls Loaded all Textbox dynamically
27/12/2016 9:49:54 AM: createControls Loaded all Textbox dynamically
27/12/2016 9:49:54 AM: createControls Finished
27/12/2016 9:49:54 AM: GetTemplateDetails started
27/12/2016 9:49:54 AM: generatecontrols Started
27/12/2016 9:49:54 AM: GenerateControls:Loaded all Textbox dynamically
27/12/2016 9:49:54 AM: GenerateControls:Loaded all Textbox dynamically
27/12/2016 9:49:54 AM: GenerateControls:Loaded all Textbox dynamically
27/12/2016 9:49:54 AM: GenerateControls:Loaded all Textbox dynamically
27/12/2016 9:49:54 AM: GenerateControls:Loaded all Textbox dynamically
27/12/2016 9:49:54 AM: GenerateControls:Loaded all Textbox dynamically
27/12/2016 9:50:03 AM: createControls Started
27/12/2016 9:50:03 AM: createControls Loaded all Textbox dynamically
27/12/2016 9:50:03 AM: createControls Loaded all Textbox dynamically
27/12/2016 9:50:03 AM: createControls Loaded all Textbox dynamically
27/12/2016 9:50:03 AM: createControls Loaded all Textbox dynamically
27/12/2016 9:50:03 AM: createControls Loaded all Textbox dynamically
27/12/2016 9:50:03 AM: createControls Loaded all Textbox dynamically
27/12/2016 9:50:03 AM: createControls Finished
27/12/2016 9:50:03 AM: BindQueries started
27/12/2016 9:50:03 AM: BindQueries finished
27/12/2016 9:50:05 AM: GetTemplatefieldDetails started
27/12/2016 9:50:05 AM: GetTemplatefieldDetails finished
27/12/2016 9:50:14 AM: createControls Started
27/12/2016 9:50:14 AM: createControls Loaded all Textbox dynamically
27/12/2016 9:50:14 AM: createControls Loaded all Textbox dynamically
27/12/2016 9:50:14 AM: createControls Loaded all Textbox dynamically
27/12/2016 9:50:14 AM: createControls Loaded all Textbox dynamically
27/12/2016 9:50:14 AM: createControls Loaded all Textbox dynamically
27/12/2016 9:50:14 AM: createControls Loaded all Textbox dynamically
27/12/2016 9:50:14 AM: createControls Finished
27/12/2016 9:50:14 AM: GetTemplateDetails started
27/12/2016 9:50:14 AM: generatecontrols Started
27/12/2016 9:50:14 AM: GenerateControls:Loaded all Textbox dynamically
27/12/2016 9:50:14 AM: GenerateControls:Loaded all Textbox dynamically
27/12/2016 9:50:14 AM: GenerateControls:Loaded all Textbox dynamically
27/12/2016 9:50:14 AM: GenerateControls:Loaded all Textbox dynamically
27/12/2016 9:50:14 AM: GenerateControls:Loaded all Textbox dynamically
27/12/2016 9:50:14 AM: GenerateControls:Loaded all Textbox dynamically
27/12/2016 9:50:16 AM: createControls Started
27/12/2016 9:50:16 AM: createControls Loaded all Textbox dynamically
27/12/2016 9:50:16 AM: createControls Loaded all Textbox dynamically
27/12/2016 9:50:16 AM: createControls Loaded all Textbox dynamically
27/12/2016 9:50:16 AM: createControls Loaded all Textbox dynamically
27/12/2016 9:50:16 AM: createControls Loaded all Textbox dynamically
27/12/2016 9:50:16 AM: createControls Loaded all Textbox dynamically
27/12/2016 9:50:16 AM: createControls Finished
27/12/2016 9:50:16 AM: GetTemplateDetails started
27/12/2016 9:50:32 AM: createControls Started
27/12/2016 9:50:32 AM: createControls Loaded all Textbox dynamically
27/12/2016 9:50:32 AM: createControls Loaded all Textbox dynamically
27/12/2016 9:50:32 AM: createControls Loaded all Textbox dynamically
27/12/2016 9:50:32 AM: createControls Loaded all Textbox dynamically
27/12/2016 9:50:32 AM: createControls Loaded all Textbox dynamically
27/12/2016 9:50:32 AM: createControls Loaded all Textbox dynamically
27/12/2016 9:50:32 AM: createControls Finished
27/12/2016 9:50:32 AM: GetTemplateDetails started
27/12/2016 9:50:32 AM: generatecontrols Started
27/12/2016 9:50:32 AM: GenerateControls:Loaded all Textbox dynamically
27/12/2016 9:50:32 AM: GenerateControls:Loaded all Textbox dynamically
27/12/2016 9:50:32 AM: GenerateControls:Loaded all Textbox dynamically
27/12/2016 9:50:32 AM: GenerateControls:Loaded all Textbox dynamically
27/12/2016 9:50:32 AM: GenerateControls:Loaded all Textbox dynamically
27/12/2016 9:50:32 AM: GenerateControls:Loaded all Textbox dynamically
27/12/2016 9:50:35 AM: createControls Started
27/12/2016 9:50:35 AM: createControls Loaded all Textbox dynamically
27/12/2016 9:50:35 AM: createControls Loaded all Textbox dynamically
27/12/2016 9:50:35 AM: createControls Loaded all Textbox dynamically
27/12/2016 9:50:35 AM: createControls Loaded all Textbox dynamically
27/12/2016 9:50:35 AM: createControls Loaded all Textbox dynamically
27/12/2016 9:50:35 AM: createControls Loaded all Textbox dynamically
27/12/2016 9:50:35 AM: createControls Finished
27/12/2016 9:50:35 AM: GetTemplateDetails started
27/12/2016 9:50:41 AM: createControls Started
27/12/2016 9:50:41 AM: createControls Loaded all Textbox dynamically
27/12/2016 9:50:41 AM: createControls Loaded all Textbox dynamically
27/12/2016 9:50:41 AM: createControls Loaded all Textbox dynamically
27/12/2016 9:50:41 AM: createControls Loaded all Textbox dynamically
27/12/2016 9:50:41 AM: createControls Loaded all Textbox dynamically
27/12/2016 9:50:41 AM: createControls Loaded all Textbox dynamically
27/12/2016 9:50:41 AM: createControls Finished
27/12/2016 9:53:52 AM: BindDocumentType started
27/12/2016 9:53:52 AM: BindDocumentType finished
27/12/2016 9:53:57 AM: createControls Started
27/12/2016 9:53:57 AM: createControls Loaded all Textbox dynamically
27/12/2016 9:53:57 AM: createControls Loaded all Textbox dynamically
27/12/2016 9:53:57 AM: createControls Loaded all Textbox dynamically
27/12/2016 9:53:57 AM: createControls Loaded all Textbox dynamically
27/12/2016 9:53:57 AM: createControls Loaded all Textbox dynamically
27/12/2016 9:53:57 AM: createControls Loaded all Textbox dynamically
27/12/2016 9:53:57 AM: createControls Finished
27/12/2016 9:53:57 AM: GetTemplateDetails started
27/12/2016 9:53:57 AM: generatecontrols Started
27/12/2016 9:53:57 AM: GenerateControls:Loaded all Textbox dynamically
27/12/2016 9:53:57 AM: GenerateControls:Loaded all Textbox dynamically
27/12/2016 9:53:57 AM: GenerateControls:Loaded all Textbox dynamically
27/12/2016 9:53:57 AM: GenerateControls:Loaded all Textbox dynamically
27/12/2016 9:53:57 AM: GenerateControls:Loaded all Textbox dynamically
27/12/2016 9:53:57 AM: GenerateControls:Loaded all Textbox dynamically
27/12/2016 9:56:23 AM: BindDocumentType started
27/12/2016 9:56:23 AM: BindDocumentType finished
27/12/2016 9:56:26 AM: createControls Started
27/12/2016 9:56:26 AM: createControls Loaded all Textbox dynamically
27/12/2016 9:56:26 AM: createControls Loaded all Textbox dynamically
27/12/2016 9:56:26 AM: createControls Loaded all Textbox dynamically
27/12/2016 9:56:26 AM: createControls Loaded all Textbox dynamically
27/12/2016 9:56:26 AM: createControls Loaded all Textbox dynamically
27/12/2016 9:56:26 AM: createControls Loaded all Textbox dynamically
27/12/2016 9:56:26 AM: createControls Finished
27/12/2016 9:56:26 AM: GetTemplateDetails started
27/12/2016 9:56:26 AM: generatecontrols Started
27/12/2016 9:56:26 AM: GenerateControls:Loaded all Textbox dynamically
27/12/2016 9:56:26 AM: GenerateControls:Loaded all Textbox dynamically
27/12/2016 9:56:26 AM: GenerateControls:Loaded all Textbox dynamically
27/12/2016 9:56:26 AM: GenerateControls:Loaded all Textbox dynamically
27/12/2016 9:56:26 AM: GenerateControls:Loaded all Textbox dynamically
27/12/2016 9:56:26 AM: GenerateControls:Loaded all Textbox dynamically
27/12/2016 9:58:04 AM: BindDocumentType started
27/12/2016 9:58:04 AM: BindDocumentType finished
27/12/2016 9:58:10 AM: createControls Started
27/12/2016 9:58:10 AM: createControls Loaded all Textbox dynamically
27/12/2016 9:58:10 AM: createControls Loaded all Textbox dynamically
27/12/2016 9:58:10 AM: createControls Loaded all Textbox dynamically
27/12/2016 9:58:10 AM: createControls Loaded all Textbox dynamically
27/12/2016 9:58:10 AM: createControls Loaded all Textbox dynamically
27/12/2016 9:58:10 AM: createControls Loaded all Textbox dynamically
27/12/2016 9:58:10 AM: createControls Finished
27/12/2016 9:58:10 AM: GetTemplateDetails started
27/12/2016 9:58:10 AM: generatecontrols Started
27/12/2016 9:58:10 AM: GenerateControls:Loaded all Textbox dynamically
27/12/2016 9:58:10 AM: GenerateControls:Loaded all Textbox dynamically
27/12/2016 9:58:10 AM: GenerateControls:Loaded all Textbox dynamically
27/12/2016 9:58:10 AM: GenerateControls:Loaded all Textbox dynamically
27/12/2016 9:58:10 AM: GenerateControls:Loaded all Textbox dynamically
27/12/2016 9:58:10 AM: GenerateControls:Loaded all Textbox dynamically
27/12/2016 10:01:14 AM: createControls Started
27/12/2016 10:01:14 AM: createControls Loaded all Textbox dynamically
27/12/2016 10:01:14 AM: createControls Loaded all Textbox dynamically
27/12/2016 10:01:14 AM: createControls Loaded all Textbox dynamically
27/12/2016 10:01:14 AM: createControls Loaded all Textbox dynamically
27/12/2016 10:01:14 AM: createControls Loaded all Textbox dynamically
27/12/2016 10:01:14 AM: createControls Loaded all Textbox dynamically
27/12/2016 10:01:14 AM: createControls Finished
27/12/2016 10:24:40 AM: BindDocumentType started
27/12/2016 10:24:40 AM: BindDocumentType finished
27/12/2016 10:25:01 AM: createControls Started
27/12/2016 10:25:01 AM: createControls Loaded all Textbox dynamically
27/12/2016 10:25:01 AM: createControls Loaded all Textbox dynamically
27/12/2016 10:25:01 AM: createControls Loaded all Textbox dynamically
27/12/2016 10:25:01 AM: createControls Loaded all Textbox dynamically
27/12/2016 10:25:01 AM: createControls Loaded all Textbox dynamically
27/12/2016 10:25:01 AM: createControls Loaded all Textbox dynamically
27/12/2016 10:25:01 AM: createControls Finished
27/12/2016 10:25:01 AM: GetTemplateDetails started
27/12/2016 10:25:01 AM: generatecontrols Started
27/12/2016 10:25:01 AM: GenerateControls:Loaded all Textbox dynamically
27/12/2016 10:25:01 AM: GenerateControls:Loaded all Textbox dynamically
27/12/2016 10:25:01 AM: GenerateControls:Loaded all Textbox dynamically
27/12/2016 10:25:01 AM: GenerateControls:Loaded all Textbox dynamically
27/12/2016 10:25:01 AM: GenerateControls:Loaded all Textbox dynamically
27/12/2016 10:25:01 AM: GenerateControls:Loaded all Textbox dynamically
27/12/2016 10:25:24 AM: createControls Started
27/12/2016 10:25:24 AM: createControls Loaded all Textbox dynamically
27/12/2016 10:25:24 AM: createControls Loaded all Textbox dynamically
27/12/2016 10:25:24 AM: createControls Loaded all Textbox dynamically
27/12/2016 10:25:24 AM: createControls Loaded all Textbox dynamically
27/12/2016 10:25:24 AM: createControls Loaded all Textbox dynamically
27/12/2016 10:25:24 AM: createControls Loaded all Textbox dynamically
27/12/2016 10:25:24 AM: createControls Finished
27/12/2016 10:25:24 AM: GetTemplateDetails started
27/12/2016 10:25:24 AM: generatecontrols Started
27/12/2016 10:25:24 AM: GenerateControls:Loaded all Textbox dynamically
27/12/2016 10:25:24 AM: GenerateControls:Loaded all Textbox dynamically
27/12/2016 10:25:24 AM: GenerateControls:Loaded all Textbox dynamically
27/12/2016 10:25:24 AM: GenerateControls:Loaded all Textbox dynamically
27/12/2016 10:25:24 AM: GenerateControls:Loaded all Textbox dynamically
27/12/2016 10:25:24 AM: GenerateControls:Loaded all Textbox dynamically
27/12/2016 10:25:31 AM: createControls Started
27/12/2016 10:25:31 AM: createControls Loaded all Textbox dynamically
27/12/2016 10:25:31 AM: createControls Loaded all Textbox dynamically
27/12/2016 10:25:31 AM: createControls Loaded all Textbox dynamically
27/12/2016 10:25:31 AM: createControls Loaded all Textbox dynamically
27/12/2016 10:25:31 AM: createControls Loaded all Textbox dynamically
27/12/2016 10:25:31 AM: createControls Loaded all Textbox dynamically
27/12/2016 10:25:31 AM: createControls Finished
27/12/2016 10:25:31 AM: GetTemplateDetails started
27/12/2016 10:25:31 AM: generatecontrols Started
27/12/2016 10:25:31 AM: GenerateControls:Loaded all Textbox dynamically
27/12/2016 10:25:31 AM: GenerateControls:Loaded all Textbox dynamically
27/12/2016 10:25:31 AM: GenerateControls:Loaded all Textbox dynamically
27/12/2016 10:25:31 AM: GenerateControls:Loaded all Textbox dynamically
27/12/2016 10:25:31 AM: GenerateControls:Loaded all Textbox dynamically
27/12/2016 10:25:31 AM: GenerateControls:Loaded all Textbox dynamically
27/12/2016 10:25:38 AM: createControls Started
27/12/2016 10:25:38 AM: createControls Loaded all Textbox dynamically
27/12/2016 10:25:38 AM: createControls Loaded all Textbox dynamically
27/12/2016 10:25:38 AM: createControls Loaded all Textbox dynamically
27/12/2016 10:25:38 AM: createControls Loaded all Textbox dynamically
27/12/2016 10:25:38 AM: createControls Loaded all Textbox dynamically
27/12/2016 10:25:38 AM: createControls Loaded all Textbox dynamically
27/12/2016 10:25:38 AM: createControls Finished
27/12/2016 10:25:38 AM: GetTemplateDetails started
27/12/2016 10:25:38 AM: generatecontrols Started
27/12/2016 10:25:38 AM: GenerateControls:Loaded all Textbox dynamically
27/12/2016 10:25:38 AM: GenerateControls:Loaded all Textbox dynamically
27/12/2016 10:25:38 AM: GenerateControls:Loaded all Textbox dynamically
27/12/2016 10:25:38 AM: GenerateControls:Loaded all Textbox dynamically
27/12/2016 10:25:38 AM: GenerateControls:Loaded all Textbox dynamically
27/12/2016 10:25:38 AM: GenerateControls:Loaded all Textbox dynamically
27/12/2016 10:25:57 AM: BindDocumentType started
27/12/2016 10:25:57 AM: BindDocumentType finished
27/12/2016 10:26:00 AM: createControls Started
27/12/2016 10:26:00 AM: createControls Loaded all Textbox dynamically
27/12/2016 10:26:00 AM: createControls Loaded all Textbox dynamically
27/12/2016 10:26:00 AM: createControls Loaded all Textbox dynamically
27/12/2016 10:26:00 AM: createControls Loaded all Textbox dynamically
27/12/2016 10:26:00 AM: createControls Loaded all Textbox dynamically
27/12/2016 10:26:00 AM: createControls Loaded all Textbox dynamically
27/12/2016 10:26:00 AM: createControls Finished
27/12/2016 10:26:00 AM: GetTemplateDetails started
27/12/2016 10:26:00 AM: generatecontrols Started
27/12/2016 10:26:00 AM: GenerateControls:Loaded all Textbox dynamically
27/12/2016 10:26:00 AM: GenerateControls:Loaded all Textbox dynamically
27/12/2016 10:26:00 AM: GenerateControls:Loaded all Textbox dynamically
27/12/2016 10:26:00 AM: GenerateControls:Loaded all Textbox dynamically
27/12/2016 10:26:00 AM: GenerateControls:Loaded all Textbox dynamically
27/12/2016 10:26:00 AM: GenerateControls:Loaded all Textbox dynamically
27/12/2016 10:26:34 AM: Started Loading Domain Name Drop Down
27/12/2016 10:26:34 AM: Finished Loading Domain Name Drop Down
27/12/2016 10:38:56 AM: Started Loading Domain Name Drop Down
27/12/2016 10:38:56 AM: Finished Loading Domain Name Drop Down
27/12/2016 10:39:12 AM: Started Loading Domain Name Drop Down
27/12/2016 10:39:12 AM: Finished Loading Domain Name Drop Down
