7/21/2016 4:31:48 PM: BindDocumentType started
7/21/2016 4:31:48 PM: BindDocumentType finished
7/21/2016 4:32:04 PM: GetIndexFieldsByTemplateId Started
7/21/2016 4:32:04 PM: GetIndexFieldsByTemplateId Finished
7/21/2016 4:32:19 PM: GetDocumentTypeWithId Started
7/21/2016 4:32:19 PM: SetDepartmentTemplate Started
7/21/2016 4:32:19 PM: SetDepartmentTemplate Finished
7/21/2016 4:32:19 PM: GetDocumentTypeWithId Finished
7/21/2016 4:32:48 PM: BindDocumentType started
7/21/2016 4:32:48 PM: BindDocumentType finished
7/21/2016 4:32:51 PM: createControls Started
7/21/2016 4:32:51 PM: createControls Loaded all Textbox dynamically
7/21/2016 4:32:51 PM: createControls Loaded all Textbox dynamically
7/21/2016 4:32:51 PM: createControls Finished
7/21/2016 4:32:51 PM: GetTemplateDetails started
7/21/2016 4:32:51 PM: generatecontrols Started
7/21/2016 4:32:51 PM: GenerateControls:Loaded all Textbox dynamically
7/21/2016 4:32:51 PM: GenerateControls:Loaded all Textbox dynamically
7/21/2016 4:32:53 PM: createControls Started
7/21/2016 4:32:53 PM: createControls Loaded all Textbox dynamically
7/21/2016 4:32:53 PM: createControls Loaded all Textbox dynamically
7/21/2016 4:32:53 PM: createControls Finished
7/21/2016 4:32:53 PM: GetTemplateDetails started
7/21/2016 4:32:53 PM: generatecontrols Started
7/21/2016 4:32:53 PM: GenerateControls:Loaded all Textbox dynamically
7/21/2016 4:32:53 PM: GenerateControls:Loaded all Textbox dynamically
7/21/2016 4:32:55 PM: createControls Started
7/21/2016 4:32:55 PM: createControls Loaded all Textbox dynamically
7/21/2016 4:32:55 PM: createControls Loaded all Textbox dynamically
7/21/2016 4:32:55 PM: createControls Finished
7/21/2016 4:32:55 PM: GetTemplateDetails started
7/21/2016 4:32:55 PM: generatecontrols Started
7/21/2016 4:32:55 PM: GenerateControls:Loaded all Textbox dynamically
7/21/2016 4:32:55 PM: GenerateControls:Loaded all Textbox dynamically
7/21/2016 4:33:44 PM: GetDocumentTypeWithId Started
7/21/2016 4:33:44 PM: SetDepartmentTemplate Started
7/21/2016 4:33:44 PM: SetDepartmentTemplate Finished
7/21/2016 4:33:44 PM: GetDocumentTypeWithId Finished
