5/3/2016 3:08:12 PM: BindDocumentType started
5/3/2016 3:08:12 PM: BindDocumentType finished
5/3/2016 3:08:36 PM: BindDocumentType started
5/3/2016 3:08:36 PM: BindDocumentType finished
5/3/2016 3:09:00 PM: BindDocumentType started
5/3/2016 3:09:00 PM: BindDocumentType finished
5/3/2016 3:09:12 PM: BindDocumentType started
5/3/2016 3:09:12 PM: BindDocumentType finished
5/3/2016 3:09:15 PM: BindDocumentType started
5/3/2016 3:09:15 PM: BindDocumentType finished
5/3/2016 3:14:59 PM: Started Loading Domain Name Drop Down
5/3/2016 3:14:59 PM: Finished Loading Domain Name Drop Down
5/3/2016 3:17:08 PM: Started Loading Domain Name Drop Down
5/3/2016 3:17:08 PM: Finished Loading Domain Name Drop Down
5/3/2016 3:17:19 PM: Started Loading Domain Name Drop Down
5/3/2016 3:17:19 PM: Finished Loading Domain Name Drop Down
5/3/2016 3:17:32 PM: Started Loading Domain Name Drop Down
5/3/2016 3:17:32 PM: Finished Loading Domain Name Drop Down
5/3/2016 3:18:28 PM: btnSubmit_Click Started
5/3/2016 3:18:28 PM: btnSubmit_Click Finished
5/3/2016 3:19:38 PM: btnManageList_Click Started
5/3/2016 3:19:38 PM: ManageTagListbox Started
5/3/2016 3:19:38 PM: btnManageList_Click finished
5/3/2016 3:19:39 PM: btnManageList_Click Started
5/3/2016 3:19:39 PM: ManageTagListbox Started
5/3/2016 3:19:39 PM: btnManageList_Click finished
5/3/2016 3:19:40 PM: btnManageList_Click Started
5/3/2016 3:19:40 PM: ManageTagListbox Started
5/3/2016 3:19:40 PM: btnManageList_Click finished
5/3/2016 3:19:43 PM: btnManageList_Click Started
5/3/2016 3:19:43 PM: ManageTagListbox Started
5/3/2016 3:19:43 PM: btnManageList_Click finished
5/3/2016 3:19:47 PM: btnManageList_Click Started
5/3/2016 3:19:47 PM: ManageTagListbox Started
5/3/2016 3:19:47 PM: btnManageList_Click finished
5/3/2016 3:19:51 PM: btnManageList_Click Started
5/3/2016 3:19:51 PM: ManageTagListbox Started
5/3/2016 3:19:51 PM: btnManageList_Click finished
5/3/2016 3:19:52 PM: btnManageList_Click Started
5/3/2016 3:19:52 PM: ManageTagListbox Started
5/3/2016 3:19:52 PM: btnManageList_Click finished
5/3/2016 3:19:54 PM: btnManageList_Click Started
5/3/2016 3:19:54 PM: ManageTagListbox Started
5/3/2016 3:19:54 PM: btnManageList_Click finished
5/3/2016 3:19:56 PM: btnManageList_Click Started
5/3/2016 3:19:56 PM: ManageTagListbox Started
5/3/2016 3:19:56 PM: btnManageList_Click finished
5/3/2016 3:20:06 PM: btnClearAll_Click Started
5/3/2016 3:20:06 PM: btnClearAll_Click Finished
5/3/2016 3:20:34 PM: Started Loading Domain Name Drop Down
5/3/2016 3:20:34 PM: Finished Loading Domain Name Drop Down
5/3/2016 3:21:10 PM: btnSubmit_Click started
5/3/2016 3:21:36 PM: btnSubmit_Click finished
