5/22/2015 10:14:21 AM: Started Loading Domain Name Drop Down
5/22/2015 10:14:21 AM: Finished Loading Domain Name Drop Down
5/22/2015 10:30:34 AM: Started Loading Domain Name Drop Down
5/22/2015 10:30:34 AM: Finished Loading Domain Name Drop Down
5/22/2015 10:31:56 AM: Started Loading Domain Name Drop Down
5/22/2015 10:31:56 AM: Finished Loading Domain Name Drop Down
5/22/2015 10:32:15 AM: Started Loading Domain Name Drop Down
5/22/2015 10:32:15 AM: Finished Loading Domain Name Drop Down
5/22/2015 10:32:20 AM: Started Loading Domain Name Drop Down
5/22/2015 10:32:20 AM: Finished Loading Domain Name Drop Down
5/22/2015 10:33:58 AM: Started Loading Domain Name Drop Down
5/22/2015 10:33:58 AM: Finished Loading Domain Name Drop Down
5/22/2015 10:35:33 AM: Started Loading Domain Name Drop Down
5/22/2015 10:35:33 AM: Finished Loading Domain Name Drop Down
5/22/2015 10:36:33 AM: Started Loading Domain Name Drop Down
5/22/2015 10:36:33 AM: Finished Loading Domain Name Drop Down
5/22/2015 10:36:49 AM: Started Loading Domain Name Drop Down
5/22/2015 10:36:49 AM: Finished Loading Domain Name Drop Down
5/22/2015 10:36:55 AM: Started Loading Domain Name Drop Down
5/22/2015 10:36:55 AM: Finished Loading Domain Name Drop Down
5/22/2015 10:37:08 AM: Started Loading Domain Name Drop Down
5/22/2015 10:37:08 AM: Finished Loading Domain Name Drop Down
5/22/2015 10:57:21 AM: Session End
5/22/2015 10:58:41 AM: Session End
5/22/2015 12:17:14 PM: Started Loading Domain Name Drop Down
5/22/2015 12:17:14 PM: Finished Loading Domain Name Drop Down
5/22/2015 12:37:16 PM: Session End
5/22/2015 4:59:57 PM: Started Loading Domain Name Drop Down
5/22/2015 4:59:58 PM: Finished Loading Domain Name Drop Down
5/22/2015 5:20:04 PM: Session End
