7/22/2015 10:44:09 AM: Started Loading Domain Name Drop Down
7/22/2015 10:44:13 AM: Finished Loading Domain Name Drop Down
7/22/2015 10:53:47 AM: Started Loading Domain Name Drop Down
7/22/2015 10:53:47 AM: Finished Loading Domain Name Drop Down
7/22/2015 10:54:40 AM: Started Loading Domain Name Drop Down
7/22/2015 10:54:40 AM: Finished Loading Domain Name Drop Down
7/22/2015 10:55:36 AM: Started Loading Domain Name Drop Down
7/22/2015 10:55:36 AM: Finished Loading Domain Name Drop Down
7/22/2015 10:57:00 AM: Started Loading Domain Name Drop Down
7/22/2015 10:57:00 AM: Finished Loading Domain Name Drop Down
7/22/2015 10:58:17 AM: Session End
7/22/2015 10:59:04 AM: Started Loading Domain Name Drop Down
7/22/2015 10:59:05 AM: Finished Loading Domain Name Drop Down
7/22/2015 11:00:30 AM: Started Loading Domain Name Drop Down
7/22/2015 11:00:30 AM: Finished Loading Domain Name Drop Down
7/22/2015 11:00:55 AM: Started Loading Domain Name Drop Down
7/22/2015 11:00:55 AM: Finished Loading Domain Name Drop Down
7/22/2015 11:01:56 AM: Started Loading Domain Name Drop Down
7/22/2015 11:01:56 AM: Finished Loading Domain Name Drop Down
7/22/2015 11:02:17 AM: Started Loading Domain Name Drop Down
7/22/2015 11:02:17 AM: Finished Loading Domain Name Drop Down
7/22/2015 11:03:25 AM: Started Loading Domain Name Drop Down
7/22/2015 11:03:25 AM: Finished Loading Domain Name Drop Down
7/22/2015 11:03:59 AM: Started Loading Domain Name Drop Down
7/22/2015 11:03:59 AM: Finished Loading Domain Name Drop Down
7/22/2015 11:15:56 AM: Started Loading Domain Name Drop Down
7/22/2015 11:15:56 AM: Finished Loading Domain Name Drop Down
7/22/2015 11:24:23 AM: Started Loading Domain Name Drop Down
7/22/2015 11:24:23 AM: Finished Loading Domain Name Drop Down
7/22/2015 11:27:14 AM: Started Loading Domain Name Drop Down
7/22/2015 11:27:14 AM: Finished Loading Domain Name Drop Down
7/22/2015 11:31:07 AM: Session End
7/22/2015 11:31:13 AM: Started Loading Domain Name Drop Down
7/22/2015 11:31:14 AM: Finished Loading Domain Name Drop Down
7/22/2015 11:32:02 AM: Session End
7/22/2015 11:32:10 AM: Started Loading Domain Name Drop Down
7/22/2015 11:32:10 AM: Finished Loading Domain Name Drop Down
7/22/2015 11:33:52 AM: Session End
7/22/2015 11:33:58 AM: Started Loading Domain Name Drop Down
7/22/2015 11:33:59 AM: Finished Loading Domain Name Drop Down
7/22/2015 11:41:09 AM: Started Loading Domain Name Drop Down
7/22/2015 11:41:09 AM: Finished Loading Domain Name Drop Down
7/22/2015 11:41:45 AM: Started Loading Domain Name Drop Down
7/22/2015 11:41:45 AM: Finished Loading Domain Name Drop Down
7/22/2015 11:44:27 AM: Started Loading Domain Name Drop Down
7/22/2015 11:44:27 AM: Finished Loading Domain Name Drop Down
7/22/2015 11:44:37 AM: Started Loading Domain Name Drop Down
7/22/2015 11:44:37 AM: Finished Loading Domain Name Drop Down
7/22/2015 11:44:56 AM: Started Loading Domain Name Drop Down
7/22/2015 11:44:56 AM: Finished Loading Domain Name Drop Down
7/22/2015 12:05:01 PM: Session End
7/22/2015 1:40:44 PM: Started Loading Domain Name Drop Down
7/22/2015 1:40:44 PM: Finished Loading Domain Name Drop Down
7/22/2015 1:48:24 PM: Started Loading Domain Name Drop Down
7/22/2015 1:48:24 PM: Finished Loading Domain Name Drop Down
7/22/2015 1:49:11 PM: Started Loading Domain Name Drop Down
7/22/2015 1:49:11 PM: Finished Loading Domain Name Drop Down
7/22/2015 1:52:05 PM: Session End
7/22/2015 1:52:16 PM: Started Loading Domain Name Drop Down
7/22/2015 1:52:16 PM: Finished Loading Domain Name Drop Down
7/22/2015 2:01:15 PM: Session End
7/22/2015 2:01:23 PM: Started Loading Domain Name Drop Down
7/22/2015 2:01:23 PM: Finished Loading Domain Name Drop Down
7/22/2015 2:08:19 PM: Session End
7/22/2015 2:08:32 PM: Started Loading Domain Name Drop Down
7/22/2015 2:08:32 PM: Finished Loading Domain Name Drop Down
7/22/2015 2:16:50 PM: Session End
7/22/2015 2:17:04 PM: Started Loading Domain Name Drop Down
7/22/2015 2:17:04 PM: Finished Loading Domain Name Drop Down
7/22/2015 2:21:59 PM: Session End
7/22/2015 2:22:06 PM: Started Loading Domain Name Drop Down
7/22/2015 2:22:06 PM: Finished Loading Domain Name Drop Down
7/22/2015 2:24:57 PM: Session End
7/22/2015 2:25:06 PM: Started Loading Domain Name Drop Down
7/22/2015 2:25:06 PM: Finished Loading Domain Name Drop Down
7/22/2015 2:26:42 PM: Session End
7/22/2015 2:26:51 PM: Started Loading Domain Name Drop Down
7/22/2015 2:26:51 PM: Finished Loading Domain Name Drop Down
7/22/2015 2:42:08 PM: Session End
7/22/2015 2:42:18 PM: Started Loading Domain Name Drop Down
7/22/2015 2:42:18 PM: Finished Loading Domain Name Drop Down
7/22/2015 2:57:46 PM: Started Loading Domain Name Drop Down
7/22/2015 2:57:46 PM: Finished Loading Domain Name Drop Down
7/22/2015 3:10:44 PM: Session End
7/22/2015 3:10:52 PM: Started Loading Domain Name Drop Down
7/22/2015 3:10:53 PM: Finished Loading Domain Name Drop Down
7/22/2015 3:13:43 PM: Session End
7/22/2015 3:13:51 PM: Started Loading Domain Name Drop Down
7/22/2015 3:13:51 PM: Finished Loading Domain Name Drop Down
7/22/2015 3:24:29 PM: Session End
7/22/2015 3:25:02 PM: Started Loading Domain Name Drop Down
7/22/2015 3:25:02 PM: Finished Loading Domain Name Drop Down
7/22/2015 3:41:50 PM: Session End
7/22/2015 3:42:01 PM: Started Loading Domain Name Drop Down
7/22/2015 3:42:01 PM: Finished Loading Domain Name Drop Down
7/22/2015 3:48:56 PM: Session End
7/22/2015 3:49:10 PM: Started Loading Domain Name Drop Down
7/22/2015 3:49:11 PM: Finished Loading Domain Name Drop Down
7/22/2015 4:00:46 PM: Session End
7/22/2015 4:01:00 PM: Started Loading Domain Name Drop Down
7/22/2015 4:01:00 PM: Finished Loading Domain Name Drop Down
7/22/2015 4:07:18 PM: Session End
7/22/2015 4:07:29 PM: Started Loading Domain Name Drop Down
7/22/2015 4:07:29 PM: Finished Loading Domain Name Drop Down
7/22/2015 4:09:24 PM: Session End
7/22/2015 4:09:34 PM: Started Loading Domain Name Drop Down
7/22/2015 4:09:34 PM: Finished Loading Domain Name Drop Down
7/22/2015 4:10:07 PM: Started Loading Domain Name Drop Down
7/22/2015 4:10:07 PM: Finished Loading Domain Name Drop Down
7/22/2015 4:30:20 PM: Session End
