5/6/2015 10:03:07 AM: Started Loading Domain Name Drop Down
5/6/2015 10:03:08 AM: Finished Loading Domain Name Drop Down
5/6/2015 10:06:22 AM: Session End
5/6/2015 10:06:30 AM: Started Loading Domain Name Drop Down
5/6/2015 10:06:30 AM: Finished Loading Domain Name Drop Down
5/6/2015 10:28:23 AM: Session End
5/6/2015 11:42:11 AM: Started Loading Domain Name Drop Down
5/6/2015 11:42:11 AM: Finished Loading Domain Name Drop Down
5/6/2015 12:06:00 PM: Session End
5/6/2015 12:18:05 PM: Started Loading Domain Name Drop Down
5/6/2015 12:18:05 PM: Finished Loading Domain Name Drop Down
5/6/2015 12:32:08 PM: Started Loading Domain Name Drop Down
5/6/2015 12:32:08 PM: Finished Loading Domain Name Drop Down
5/6/2015 12:37:36 PM: Started Loading Domain Name Drop Down
5/6/2015 12:37:36 PM: Finished Loading Domain Name Drop Down
5/6/2015 12:38:30 PM: Started Loading Domain Name Drop Down
5/6/2015 12:38:30 PM: Finished Loading Domain Name Drop Down
5/6/2015 12:49:09 PM: Started Loading Domain Name Drop Down
5/6/2015 12:49:09 PM: Finished Loading Domain Name Drop Down
5/6/2015 12:54:10 PM: Session End
5/6/2015 12:54:22 PM: Started Loading Domain Name Drop Down
5/6/2015 12:54:22 PM: Finished Loading Domain Name Drop Down
5/6/2015 1:15:00 PM: Session End
5/6/2015 2:30:07 PM: Started Loading Domain Name Drop Down
5/6/2015 2:30:08 PM: Finished Loading Domain Name Drop Down
5/6/2015 2:38:10 PM: Session End
5/6/2015 2:38:15 PM: Started Loading Domain Name Drop Down
5/6/2015 2:38:15 PM: Finished Loading Domain Name Drop Down
5/6/2015 2:47:14 PM: Started Loading Domain Name Drop Down
5/6/2015 2:47:14 PM: Finished Loading Domain Name Drop Down
5/6/2015 2:57:17 PM: Session End
5/6/2015 2:57:22 PM: Started Loading Domain Name Drop Down
5/6/2015 2:57:22 PM: Finished Loading Domain Name Drop Down
5/6/2015 3:18:40 PM: Session End
5/6/2015 3:42:09 PM: Started Loading Domain Name Drop Down
5/6/2015 3:42:09 PM: Finished Loading Domain Name Drop Down
5/6/2015 4:03:01 PM: Session End
