7/21/2015 10:34:54 AM: Started Loading Domain Name Drop Down
7/21/2015 10:34:54 AM: Finished Loading Domain Name Drop Down
7/21/2015 11:10:59 AM: Session End
7/21/2015 11:11:12 AM: Started Loading Domain Name Drop Down
7/21/2015 11:11:12 AM: Finished Loading Domain Name Drop Down
7/21/2015 11:17:38 AM: Started Loading Domain Name Drop Down
7/21/2015 11:17:38 AM: Finished Loading Domain Name Drop Down
7/21/2015 11:18:14 AM: Started Loading Domain Name Drop Down
7/21/2015 11:18:14 AM: Finished Loading Domain Name Drop Down
7/21/2015 11:27:37 AM: Started Loading Domain Name Drop Down
7/21/2015 11:27:37 AM: Finished Loading Domain Name Drop Down
7/21/2015 11:35:08 AM: Session End
7/21/2015 11:53:35 AM: Started Loading Domain Name Drop Down
7/21/2015 11:53:35 AM: Finished Loading Domain Name Drop Down
7/21/2015 12:05:44 PM: Session End
7/21/2015 12:05:51 PM: Started Loading Domain Name Drop Down
7/21/2015 12:05:52 PM: Finished Loading Domain Name Drop Down
7/21/2015 12:11:18 PM: Session End
7/21/2015 12:11:26 PM: Started Loading Domain Name Drop Down
7/21/2015 12:11:26 PM: Finished Loading Domain Name Drop Down
7/21/2015 12:14:30 PM: Session End
7/21/2015 12:14:38 PM: Started Loading Domain Name Drop Down
7/21/2015 12:14:38 PM: Finished Loading Domain Name Drop Down
7/21/2015 12:16:57 PM: Started Loading Domain Name Drop Down
7/21/2015 12:16:57 PM: Finished Loading Domain Name Drop Down
7/21/2015 12:43:00 PM: Session End
7/21/2015 12:52:09 PM: Started Loading Domain Name Drop Down
7/21/2015 12:52:10 PM: Finished Loading Domain Name Drop Down
7/21/2015 12:52:39 PM: Session End
7/21/2015 12:52:48 PM: Started Loading Domain Name Drop Down
7/21/2015 12:52:48 PM: Finished Loading Domain Name Drop Down
7/21/2015 12:55:31 PM: Session End
7/21/2015 12:57:00 PM: Started Loading Domain Name Drop Down
7/21/2015 12:57:00 PM: Finished Loading Domain Name Drop Down
7/21/2015 1:23:00 PM: Session End
7/21/2015 3:35:43 PM: Started Loading Domain Name Drop Down
7/21/2015 3:35:43 PM: Finished Loading Domain Name Drop Down
7/21/2015 3:56:37 PM: Started Loading Domain Name Drop Down
7/21/2015 3:56:37 PM: Finished Loading Domain Name Drop Down
7/21/2015 4:26:37 PM: Session End
7/21/2015 4:26:37 PM: Started Loading Domain Name Drop Down
7/21/2015 4:26:37 PM: Finished Loading Domain Name Drop Down
7/21/2015 4:28:57 PM: Session End
7/21/2015 4:29:07 PM: Started Loading Domain Name Drop Down
7/21/2015 4:29:07 PM: Finished Loading Domain Name Drop Down
7/21/2015 4:32:43 PM: Session End
7/21/2015 4:32:57 PM: Started Loading Domain Name Drop Down
7/21/2015 4:32:57 PM: Finished Loading Domain Name Drop Down
7/21/2015 4:56:29 PM: Started Loading Domain Name Drop Down
7/21/2015 4:56:29 PM: Finished Loading Domain Name Drop Down
7/21/2015 5:20:37 PM: Session End
7/21/2015 5:20:47 PM: Started Loading Domain Name Drop Down
7/21/2015 5:20:47 PM: Finished Loading Domain Name Drop Down
7/21/2015 5:22:24 PM: Started Loading Domain Name Drop Down
7/21/2015 5:22:24 PM: Finished Loading Domain Name Drop Down
7/21/2015 5:46:46 PM: Session End
