4/24/2015 10:06:00 AM: Started Loading Domain Name Drop Down
4/24/2015 10:06:02 AM: Finished Loading Domain Name Drop Down
4/24/2015 10:06:52 AM: Started Loading Domain Name Drop Down
4/24/2015 10:06:52 AM: Finished Loading Domain Name Drop Down
4/24/2015 10:08:25 AM: Started Loading Domain Name Drop Down
4/24/2015 10:08:25 AM: Finished Loading Domain Name Drop Down
4/24/2015 10:10:52 AM: Started Loading Domain Name Drop Down
4/24/2015 10:10:52 AM: Finished Loading Domain Name Drop Down
4/24/2015 10:18:30 AM: Session End
4/24/2015 10:18:44 AM: Started Loading Domain Name Drop Down
4/24/2015 10:18:44 AM: Finished Loading Domain Name Drop Down
4/24/2015 10:19:17 AM: Started Loading Domain Name Drop Down
4/24/2015 10:19:17 AM: Finished Loading Domain Name Drop Down
4/24/2015 10:19:39 AM: Started Loading Domain Name Drop Down
4/24/2015 10:19:39 AM: Finished Loading Domain Name Drop Down
4/24/2015 10:20:01 AM: Started Loading Domain Name Drop Down
4/24/2015 10:20:01 AM: Finished Loading Domain Name Drop Down
4/24/2015 10:32:53 AM: Session End
4/24/2015 10:33:23 AM: Started Loading Domain Name Drop Down
4/24/2015 10:33:23 AM: Finished Loading Domain Name Drop Down
4/24/2015 10:34:54 AM: Started Loading Domain Name Drop Down
4/24/2015 10:34:55 AM: Finished Loading Domain Name Drop Down
4/24/2015 10:56:20 AM: Session End
4/24/2015 2:36:44 PM: Started Loading Domain Name Drop Down
4/24/2015 2:36:44 PM: Finished Loading Domain Name Drop Down
4/24/2015 2:36:57 PM: Started Loading Domain Name Drop Down
4/24/2015 2:36:57 PM: Finished Loading Domain Name Drop Down
4/24/2015 2:57:40 PM: Session End
4/24/2015 9:48:35 PM: Started Loading Domain Name Drop Down
4/24/2015 9:49:29 PM: Started Loading Domain Name Drop Down
4/24/2015 10:09:21 PM: Session End
4/24/2015 10:10:00 PM: Session End
