6/2/2015 10:47:09 AM: Started Loading Domain Name Drop Down
6/2/2015 10:47:10 AM: Finished Loading Domain Name Drop Down
6/2/2015 10:48:34 AM: Started Loading Domain Name Drop Down
6/2/2015 10:48:34 AM: Finished Loading Domain Name Drop Down
6/2/2015 10:59:35 AM: Started Loading Domain Name Drop Down
6/2/2015 10:59:35 AM: Finished Loading Domain Name Drop Down
6/2/2015 10:59:45 AM: Started Loading Domain Name Drop Down
6/2/2015 10:59:45 AM: Finished Loading Domain Name Drop Down
6/2/2015 11:04:54 AM: Session End
6/2/2015 11:04:54 AM: Session End
6/2/2015 11:11:22 AM: Started Loading Domain Name Drop Down
6/2/2015 11:11:22 AM: Finished Loading Domain Name Drop Down
6/2/2015 11:12:09 AM: Started Loading Domain Name Drop Down
6/2/2015 11:12:09 AM: Finished Loading Domain Name Drop Down
6/2/2015 11:26:39 AM: Session End
6/2/2015 11:26:39 AM: Session End
6/2/2015 11:27:07 AM: Started Loading Domain Name Drop Down
6/2/2015 11:27:07 AM: Finished Loading Domain Name Drop Down
6/2/2015 11:27:21 AM: Started Loading Domain Name Drop Down
6/2/2015 11:27:21 AM: Finished Loading Domain Name Drop Down
6/2/2015 11:46:41 AM: Session End
6/2/2015 11:46:41 AM: Session End
6/2/2015 11:46:48 AM: Started Loading Domain Name Drop Down
6/2/2015 11:46:48 AM: Finished Loading Domain Name Drop Down
6/2/2015 11:46:55 AM: Started Loading Domain Name Drop Down
6/2/2015 11:46:55 AM: Finished Loading Domain Name Drop Down
6/2/2015 11:57:35 AM: Session End
6/2/2015 11:57:35 AM: Session End
6/2/2015 11:57:41 AM: Started Loading Domain Name Drop Down
6/2/2015 11:57:41 AM: Finished Loading Domain Name Drop Down
6/2/2015 12:18:00 PM: Session End
6/2/2015 12:40:26 PM: Session End
6/2/2015 12:40:36 PM: Started Loading Domain Name Drop Down
6/2/2015 12:40:36 PM: Finished Loading Domain Name Drop Down
6/2/2015 12:43:20 PM: Session End
6/2/2015 2:30:53 PM: Started Loading Domain Name Drop Down
6/2/2015 2:30:53 PM: Finished Loading Domain Name Drop Down
6/2/2015 2:33:31 PM: Started Loading Domain Name Drop Down
6/2/2015 2:33:31 PM: Finished Loading Domain Name Drop Down
6/2/2015 2:47:10 PM: Session End
6/2/2015 2:47:11 PM: Session End
6/2/2015 2:49:03 PM: Session End
6/2/2015 2:56:31 PM: Session End
6/2/2015 3:04:54 PM: Started Loading Domain Name Drop Down
6/2/2015 3:04:54 PM: Finished Loading Domain Name Drop Down
6/2/2015 3:25:00 PM: Session End
6/2/2015 4:00:30 PM: Started Loading Domain Name Drop Down
6/2/2015 4:00:30 PM: Finished Loading Domain Name Drop Down
6/2/2015 4:18:04 PM: Session End
6/2/2015 4:18:22 PM: Started Loading Domain Name Drop Down
6/2/2015 4:18:23 PM: Finished Loading Domain Name Drop Down
6/2/2015 4:18:27 PM: Started Loading Domain Name Drop Down
6/2/2015 4:18:27 PM: Finished Loading Domain Name Drop Down
6/2/2015 4:38:42 PM: Session End
6/2/2015 4:40:16 PM: Started Loading Domain Name Drop Down
6/2/2015 4:40:16 PM: Finished Loading Domain Name Drop Down
6/2/2015 4:42:00 PM: Started Loading Domain Name Drop Down
6/2/2015 4:42:00 PM: Finished Loading Domain Name Drop Down
6/2/2015 4:49:44 PM: Started Loading Domain Name Drop Down
6/2/2015 4:49:44 PM: Finished Loading Domain Name Drop Down
6/2/2015 4:52:27 PM: Session End
6/2/2015 4:52:27 PM: Session End
6/2/2015 4:52:58 PM: Started Loading Domain Name Drop Down
6/2/2015 4:52:58 PM: Started Loading Domain Name Drop Down
6/2/2015 4:52:58 PM: Finished Loading Domain Name Drop Down
6/2/2015 4:52:58 PM: Finished Loading Domain Name Drop Down
6/2/2015 5:13:00 PM: Session End
6/2/2015 5:14:00 PM: Session End
6/2/2015 5:44:11 PM: Started Loading Domain Name Drop Down
6/2/2015 5:44:11 PM: Finished Loading Domain Name Drop Down
6/2/2015 5:44:11 PM: Started Loading Domain Name Drop Down
6/2/2015 5:44:11 PM: Finished Loading Domain Name Drop Down
6/2/2015 5:45:34 PM: Session End
6/2/2015 5:45:34 PM: Session End
6/2/2015 5:45:46 PM: Started Loading Domain Name Drop Down
6/2/2015 5:45:46 PM: Finished Loading Domain Name Drop Down
6/2/2015 5:49:55 PM: Started Loading Domain Name Drop Down
6/2/2015 5:49:55 PM: Finished Loading Domain Name Drop Down
6/2/2015 5:51:21 PM: Session End
6/2/2015 5:51:21 PM: Session End
