4/16/2015 11:09:46 AM: Started Loading Domain Name Drop Down
4/16/2015 11:09:46 AM: Finished Loading Domain Name Drop Down
4/16/2015 11:39:42 AM: Session End
4/16/2015 11:43:20 AM: Started Loading Domain Name Drop Down
4/16/2015 11:43:20 AM: Finished Loading Domain Name Drop Down
4/16/2015 11:52:43 AM: Started Loading Domain Name Drop Down
4/16/2015 11:52:43 AM: Finished Loading Domain Name Drop Down
4/16/2015 12:08:08 PM: Session End
4/16/2015 12:08:18 PM: Started Loading Domain Name Drop Down
4/16/2015 12:08:18 PM: Finished Loading Domain Name Drop Down
4/16/2015 12:10:11 PM: Started Loading Domain Name Drop Down
4/16/2015 12:10:11 PM: Finished Loading Domain Name Drop Down
4/16/2015 12:12:56 PM: Started Loading Domain Name Drop Down
4/16/2015 12:12:56 PM: Finished Loading Domain Name Drop Down
4/16/2015 12:26:25 PM: Session End
4/16/2015 12:26:36 PM: Started Loading Domain Name Drop Down
4/16/2015 12:26:36 PM: Finished Loading Domain Name Drop Down
4/16/2015 12:39:44 PM: Session End
4/16/2015 12:39:56 PM: Started Loading Domain Name Drop Down
4/16/2015 12:39:56 PM: Finished Loading Domain Name Drop Down
4/16/2015 1:09:47 PM: Session End
4/16/2015 1:14:44 PM: Started Loading Domain Name Drop Down
4/16/2015 1:14:44 PM: Finished Loading Domain Name Drop Down
4/16/2015 1:38:40 PM: Session End
4/16/2015 1:58:46 PM: Started Loading Domain Name Drop Down
4/16/2015 1:58:46 PM: Finished Loading Domain Name Drop Down
4/16/2015 2:35:08 PM: Session End
4/16/2015 3:49:32 PM: Started Loading Domain Name Drop Down
4/16/2015 3:49:33 PM: Finished Loading Domain Name Drop Down
4/16/2015 4:21:26 PM: Session End
4/16/2015 4:21:33 PM: Started Loading Domain Name Drop Down
4/16/2015 4:21:33 PM: Finished Loading Domain Name Drop Down
4/16/2015 4:23:24 PM: Started Loading Domain Name Drop Down
4/16/2015 4:23:24 PM: Finished Loading Domain Name Drop Down
4/16/2015 5:17:58 PM: Session End
4/16/2015 5:58:42 PM: Started Loading Domain Name Drop Down
4/16/2015 5:58:42 PM: Finished Loading Domain Name Drop Down
4/16/2015 6:19:48 PM: Session End
