6/13/2015 11:13:31 AM: Started Loading Domain Name Drop Down
6/13/2015 11:13:32 AM: Finished Loading Domain Name Drop Down
6/13/2015 11:14:45 AM: Session End
6/13/2015 11:15:14 AM: Started Loading Domain Name Drop Down
6/13/2015 11:15:15 AM: Finished Loading Domain Name Drop Down
6/13/2015 11:17:54 AM: Session End
6/13/2015 11:19:24 AM: Started Loading Domain Name Drop Down
6/13/2015 11:19:24 AM: Finished Loading Domain Name Drop Down
6/13/2015 11:27:57 AM: Session End
6/13/2015 11:28:12 AM: Started Loading Domain Name Drop Down
6/13/2015 11:28:12 AM: Finished Loading Domain Name Drop Down
6/13/2015 11:42:30 AM: Session End
6/13/2015 11:42:49 AM: Started Loading Domain Name Drop Down
6/13/2015 11:42:49 AM: Finished Loading Domain Name Drop Down
6/13/2015 12:07:08 PM: Session End
6/13/2015 12:15:07 PM: Started Loading Domain Name Drop Down
6/13/2015 12:15:07 PM: Finished Loading Domain Name Drop Down
6/13/2015 12:38:40 PM: Session End
6/13/2015 2:00:32 PM: Started Loading Domain Name Drop Down
6/13/2015 2:00:32 PM: Finished Loading Domain Name Drop Down
6/13/2015 2:11:38 PM: Session End
6/13/2015 2:11:47 PM: Started Loading Domain Name Drop Down
6/13/2015 2:11:47 PM: Finished Loading Domain Name Drop Down
6/13/2015 2:22:23 PM: Session End
6/13/2015 2:22:35 PM: Started Loading Domain Name Drop Down
6/13/2015 2:22:35 PM: Finished Loading Domain Name Drop Down
6/13/2015 2:36:37 PM: Session End
6/13/2015 2:36:52 PM: Started Loading Domain Name Drop Down
6/13/2015 2:36:52 PM: Finished Loading Domain Name Drop Down
6/13/2015 3:03:21 PM: Session End
6/13/2015 3:04:45 PM: Started Loading Domain Name Drop Down
6/13/2015 3:04:45 PM: Finished Loading Domain Name Drop Down
6/13/2015 3:25:00 PM: Session End
6/13/2015 5:17:28 PM: Started Loading Domain Name Drop Down
6/13/2015 5:17:28 PM: Finished Loading Domain Name Drop Down
6/13/2015 5:18:38 PM: Session End
6/13/2015 5:18:48 PM: Started Loading Domain Name Drop Down
6/13/2015 5:18:48 PM: Finished Loading Domain Name Drop Down
6/13/2015 5:25:07 PM: Session End
6/13/2015 5:25:20 PM: Started Loading Domain Name Drop Down
6/13/2015 5:25:20 PM: Finished Loading Domain Name Drop Down
6/13/2015 5:28:05 PM: Session End
6/13/2015 5:28:15 PM: Started Loading Domain Name Drop Down
6/13/2015 5:28:15 PM: Finished Loading Domain Name Drop Down
6/13/2015 5:37:34 PM: Session End
6/13/2015 5:38:12 PM: Started Loading Domain Name Drop Down
6/13/2015 5:38:12 PM: Finished Loading Domain Name Drop Down
6/13/2015 5:39:08 PM: Started Loading Domain Name Drop Down
6/13/2015 5:39:09 PM: Finished Loading Domain Name Drop Down
6/13/2015 5:42:50 PM: Session End
6/13/2015 5:43:01 PM: Started Loading Domain Name Drop Down
6/13/2015 5:43:01 PM: Finished Loading Domain Name Drop Down
6/13/2015 6:04:37 PM: Session End
