6/15/2015 7:35:37 AM: Started Loading Domain Name Drop Down
6/15/2015 7:36:21 AM: Started Loading Domain Name Drop Down
6/15/2015 7:38:12 AM: Session End
6/15/2015 7:38:34 AM: Started Loading Domain Name Drop Down
6/15/2015 7:38:37 AM: Finished Loading Domain Name Drop Down
6/15/2015 10:11:15 AM: Session End
6/15/2015 10:11:42 AM: Started Loading Domain Name Drop Down
6/15/2015 10:11:42 AM: Finished Loading Domain Name Drop Down
6/15/2015 10:13:52 AM: Session End
6/15/2015 10:14:35 AM: Started Loading Domain Name Drop Down
6/15/2015 10:14:35 AM: Finished Loading Domain Name Drop Down
6/15/2015 10:17:43 AM: Session End
6/15/2015 10:18:00 AM: Started Loading Domain Name Drop Down
6/15/2015 10:18:00 AM: Finished Loading Domain Name Drop Down
6/15/2015 10:21:38 AM: Session End
6/15/2015 10:21:56 AM: Started Loading Domain Name Drop Down
6/15/2015 10:21:56 AM: Finished Loading Domain Name Drop Down
6/15/2015 10:36:08 AM: Session End
6/15/2015 10:36:25 AM: Started Loading Domain Name Drop Down
6/15/2015 10:36:25 AM: Finished Loading Domain Name Drop Down
6/15/2015 10:42:38 AM: Session End
6/15/2015 10:42:49 AM: Started Loading Domain Name Drop Down
6/15/2015 10:42:49 AM: Finished Loading Domain Name Drop Down
6/15/2015 10:59:29 AM: Session End
6/15/2015 10:59:38 AM: Started Loading Domain Name Drop Down
6/15/2015 10:59:38 AM: Finished Loading Domain Name Drop Down
6/15/2015 11:17:21 AM: Session End
6/15/2015 11:18:05 AM: Started Loading Domain Name Drop Down
6/15/2015 11:18:05 AM: Finished Loading Domain Name Drop Down
6/15/2015 11:36:00 AM: Session End
6/15/2015 11:36:16 AM: Started Loading Domain Name Drop Down
6/15/2015 11:36:16 AM: Finished Loading Domain Name Drop Down
6/15/2015 11:48:35 AM: Session End
6/15/2015 11:48:52 AM: Started Loading Domain Name Drop Down
6/15/2015 11:48:52 AM: Finished Loading Domain Name Drop Down
6/15/2015 11:53:16 AM: Session End
6/15/2015 11:53:30 AM: Started Loading Domain Name Drop Down
6/15/2015 11:53:30 AM: Finished Loading Domain Name Drop Down
6/15/2015 11:56:54 AM: Session End
6/15/2015 11:57:13 AM: Started Loading Domain Name Drop Down
6/15/2015 11:57:13 AM: Finished Loading Domain Name Drop Down
6/15/2015 12:01:03 PM: Session End
6/15/2015 12:01:16 PM: Started Loading Domain Name Drop Down
6/15/2015 12:01:16 PM: Finished Loading Domain Name Drop Down
6/15/2015 12:10:14 PM: Session End
6/15/2015 12:10:25 PM: Started Loading Domain Name Drop Down
6/15/2015 12:10:25 PM: Finished Loading Domain Name Drop Down
6/15/2015 12:16:55 PM: Session End
6/15/2015 12:17:33 PM: Started Loading Domain Name Drop Down
6/15/2015 12:17:33 PM: Finished Loading Domain Name Drop Down
6/15/2015 12:23:17 PM: Session End
6/15/2015 12:23:31 PM: Started Loading Domain Name Drop Down
6/15/2015 12:23:31 PM: Finished Loading Domain Name Drop Down
6/15/2015 12:26:38 PM: Session End
6/15/2015 12:26:52 PM: Started Loading Domain Name Drop Down
6/15/2015 12:26:52 PM: Finished Loading Domain Name Drop Down
6/15/2015 12:31:12 PM: Session End
6/15/2015 12:31:30 PM: Started Loading Domain Name Drop Down
6/15/2015 12:31:30 PM: Finished Loading Domain Name Drop Down
6/15/2015 12:36:12 PM: Session End
6/15/2015 12:36:20 PM: Started Loading Domain Name Drop Down
6/15/2015 12:36:20 PM: Finished Loading Domain Name Drop Down
6/15/2015 12:39:11 PM: Started Loading Domain Name Drop Down
6/15/2015 12:39:11 PM: Finished Loading Domain Name Drop Down
6/15/2015 12:45:16 PM: Session End
6/15/2015 12:45:26 PM: Started Loading Domain Name Drop Down
6/15/2015 12:45:26 PM: Finished Loading Domain Name Drop Down
6/15/2015 12:56:18 PM: Session End
6/15/2015 12:56:47 PM: Started Loading Domain Name Drop Down
6/15/2015 12:56:47 PM: Finished Loading Domain Name Drop Down
6/15/2015 1:07:18 PM: Session End
6/15/2015 1:07:36 PM: Started Loading Domain Name Drop Down
6/15/2015 1:07:36 PM: Finished Loading Domain Name Drop Down
6/15/2015 1:19:14 PM: Session End
6/15/2015 1:20:21 PM: Started Loading Domain Name Drop Down
6/15/2015 1:20:21 PM: Finished Loading Domain Name Drop Down
6/15/2015 1:21:43 PM: Session End
6/15/2015 1:21:57 PM: Started Loading Domain Name Drop Down
6/15/2015 1:21:57 PM: Finished Loading Domain Name Drop Down
6/15/2015 1:43:42 PM: Session End
6/15/2015 1:58:46 PM: Started Loading Domain Name Drop Down
6/15/2015 1:58:47 PM: Finished Loading Domain Name Drop Down
6/15/2015 2:21:47 PM: Session End
6/15/2015 2:22:02 PM: Started Loading Domain Name Drop Down
6/15/2015 2:22:02 PM: Finished Loading Domain Name Drop Down
6/15/2015 3:14:47 PM: Session End
6/15/2015 3:23:48 PM: Started Loading Domain Name Drop Down
6/15/2015 3:23:50 PM: Finished Loading Domain Name Drop Down
6/15/2015 3:30:43 PM: Session End
6/15/2015 3:32:29 PM: Started Loading Domain Name Drop Down
6/15/2015 3:32:29 PM: Finished Loading Domain Name Drop Down
6/15/2015 3:55:24 PM: Session End
6/15/2015 4:47:53 PM: Started Loading Domain Name Drop Down
6/15/2015 4:47:55 PM: Finished Loading Domain Name Drop Down
6/15/2015 5:35:28 PM: Started Loading Domain Name Drop Down
6/15/2015 5:35:28 PM: Finished Loading Domain Name Drop Down
6/15/2015 5:52:17 PM: Session End
6/15/2015 5:52:17 PM: Session End
6/15/2015 5:52:52 PM: Started Loading Domain Name Drop Down
6/15/2015 5:52:52 PM: Finished Loading Domain Name Drop Down
6/15/2015 5:56:19 PM: Session End
6/15/2015 5:56:49 PM: Started Loading Domain Name Drop Down
6/15/2015 5:56:49 PM: Finished Loading Domain Name Drop Down
6/15/2015 6:00:40 PM: Session End
6/15/2015 6:00:58 PM: Started Loading Domain Name Drop Down
6/15/2015 6:00:59 PM: Finished Loading Domain Name Drop Down
