4/17/2015 10:35:11 AM: Started Loading Domain Name Drop Down
4/17/2015 10:35:11 AM: Finished Loading Domain Name Drop Down
4/17/2015 10:41:42 AM: Started Loading Domain Name Drop Down
4/17/2015 10:41:42 AM: Finished Loading Domain Name Drop Down
4/17/2015 12:15:14 PM: Started Loading Domain Name Drop Down
4/17/2015 12:15:14 PM: Finished Loading Domain Name Drop Down
4/17/2015 12:18:37 PM: Session End
4/17/2015 12:19:40 PM: Session End
4/17/2015 12:20:05 PM: Session End
4/17/2015 12:20:08 PM: Started Loading Domain Name Drop Down
4/17/2015 12:20:08 PM: Finished Loading Domain Name Drop Down
4/17/2015 12:43:12 PM: Session End
4/17/2015 12:45:22 PM: Started Loading Domain Name Drop Down
4/17/2015 12:45:22 PM: Finished Loading Domain Name Drop Down
4/17/2015 12:49:36 PM: Started Loading Domain Name Drop Down
4/17/2015 12:49:36 PM: Finished Loading Domain Name Drop Down
4/17/2015 1:00:30 PM: Started Loading Domain Name Drop Down
4/17/2015 1:00:30 PM: Finished Loading Domain Name Drop Down
4/17/2015 1:01:59 PM: Started Loading Domain Name Drop Down
4/17/2015 1:02:03 PM: Finished Loading Domain Name Drop Down
4/17/2015 1:05:02 PM: Session End
4/17/2015 2:03:11 PM: Started Loading Domain Name Drop Down
4/17/2015 2:03:11 PM: Finished Loading Domain Name Drop Down
4/17/2015 2:04:11 PM: Started Loading Domain Name Drop Down
4/17/2015 2:04:11 PM: Finished Loading Domain Name Drop Down
4/17/2015 2:05:09 PM: Started Loading Domain Name Drop Down
4/17/2015 2:05:09 PM: Finished Loading Domain Name Drop Down
4/17/2015 2:05:42 PM: Started Loading Domain Name Drop Down
4/17/2015 2:05:42 PM: Finished Loading Domain Name Drop Down
4/17/2015 2:06:24 PM: Started Loading Domain Name Drop Down
4/17/2015 2:06:24 PM: Finished Loading Domain Name Drop Down
4/17/2015 2:27:20 PM: Session End
4/17/2015 2:27:21 PM: Started Loading Domain Name Drop Down
4/17/2015 2:27:21 PM: Finished Loading Domain Name Drop Down
4/17/2015 2:29:50 PM: Session End
4/17/2015 2:29:58 PM: Started Loading Domain Name Drop Down
4/17/2015 2:29:58 PM: Finished Loading Domain Name Drop Down
4/17/2015 2:57:36 PM: Session End
4/17/2015 3:12:37 PM: Started Loading Domain Name Drop Down
4/17/2015 3:12:37 PM: Finished Loading Domain Name Drop Down
4/17/2015 3:25:23 PM: Started Loading Domain Name Drop Down
4/17/2015 3:25:23 PM: Finished Loading Domain Name Drop Down
4/17/2015 3:46:37 PM: Session End
4/17/2015 3:47:44 PM: Started Loading Domain Name Drop Down
4/17/2015 3:47:44 PM: Finished Loading Domain Name Drop Down
4/17/2015 3:48:26 PM: Started Loading Domain Name Drop Down
4/17/2015 3:48:26 PM: Finished Loading Domain Name Drop Down
4/17/2015 3:50:26 PM: Started Loading Domain Name Drop Down
4/17/2015 3:50:26 PM: Finished Loading Domain Name Drop Down
4/17/2015 3:52:00 PM: Started Loading Domain Name Drop Down
4/17/2015 3:52:00 PM: Finished Loading Domain Name Drop Down
4/17/2015 3:53:11 PM: Started Loading Domain Name Drop Down
4/17/2015 3:53:11 PM: Finished Loading Domain Name Drop Down
4/17/2015 3:58:24 PM: Session End
4/17/2015 3:58:35 PM: Started Loading Domain Name Drop Down
4/17/2015 3:58:35 PM: Finished Loading Domain Name Drop Down
4/17/2015 4:09:10 PM: Started Loading Domain Name Drop Down
4/17/2015 4:09:10 PM: Finished Loading Domain Name Drop Down
4/17/2015 4:18:38 PM: Session End
4/17/2015 4:18:46 PM: Started Loading Domain Name Drop Down
4/17/2015 4:18:46 PM: Finished Loading Domain Name Drop Down
4/17/2015 4:20:40 PM: Started Loading Domain Name Drop Down
4/17/2015 4:20:40 PM: Finished Loading Domain Name Drop Down
4/17/2015 4:21:07 PM: Session End
4/17/2015 4:21:12 PM: Started Loading Domain Name Drop Down
4/17/2015 4:21:12 PM: Finished Loading Domain Name Drop Down
4/17/2015 4:22:36 PM: Session End
4/17/2015 4:22:39 PM: Started Loading Domain Name Drop Down
4/17/2015 4:22:39 PM: Finished Loading Domain Name Drop Down
4/17/2015 4:23:23 PM: Started Loading Domain Name Drop Down
4/17/2015 4:23:23 PM: Finished Loading Domain Name Drop Down
4/17/2015 4:23:55 PM: Started Loading Domain Name Drop Down
4/17/2015 4:23:55 PM: Finished Loading Domain Name Drop Down
4/17/2015 4:27:38 PM: Started Loading Domain Name Drop Down
4/17/2015 4:27:38 PM: Finished Loading Domain Name Drop Down
4/17/2015 4:33:46 PM: Started Loading Domain Name Drop Down
4/17/2015 4:33:46 PM: Finished Loading Domain Name Drop Down
4/17/2015 4:37:12 PM: Session End
4/17/2015 4:37:27 PM: Started Loading Domain Name Drop Down
4/17/2015 4:37:27 PM: Finished Loading Domain Name Drop Down
4/17/2015 4:39:34 PM: Session End
4/17/2015 4:39:42 PM: Started Loading Domain Name Drop Down
4/17/2015 4:39:42 PM: Finished Loading Domain Name Drop Down
4/17/2015 4:40:23 PM: Started Loading Domain Name Drop Down
4/17/2015 4:40:23 PM: Finished Loading Domain Name Drop Down
4/17/2015 4:44:15 PM: Session End
4/17/2015 4:44:22 PM: Started Loading Domain Name Drop Down
4/17/2015 4:44:22 PM: Finished Loading Domain Name Drop Down
4/17/2015 4:58:46 PM: Started Loading Domain Name Drop Down
4/17/2015 4:58:46 PM: Finished Loading Domain Name Drop Down
4/17/2015 5:14:53 PM: Session End
4/17/2015 5:15:00 PM: Started Loading Domain Name Drop Down
4/17/2015 5:15:00 PM: Finished Loading Domain Name Drop Down
4/17/2015 5:25:17 PM: Session End
4/17/2015 5:25:27 PM: Started Loading Domain Name Drop Down
4/17/2015 5:25:27 PM: Finished Loading Domain Name Drop Down
4/17/2015 5:34:06 PM: Session End
4/17/2015 5:34:15 PM: Started Loading Domain Name Drop Down
4/17/2015 5:34:15 PM: Finished Loading Domain Name Drop Down
4/17/2015 5:49:53 PM: Session End
4/17/2015 5:50:04 PM: Started Loading Domain Name Drop Down
4/17/2015 5:50:04 PM: Finished Loading Domain Name Drop Down
4/17/2015 5:52:34 PM: Session End
4/17/2015 5:52:41 PM: Started Loading Domain Name Drop Down
4/17/2015 5:52:41 PM: Finished Loading Domain Name Drop Down
4/17/2015 6:06:33 PM: Session End
4/17/2015 6:06:42 PM: Started Loading Domain Name Drop Down
4/17/2015 6:06:43 PM: Finished Loading Domain Name Drop Down
4/17/2015 6:31:40 PM: Session End
