7/1/2015 10:15:46 AM: Started Loading Domain Name Drop Down
7/1/2015 10:15:46 AM: Finished Loading Domain Name Drop Down
7/1/2015 10:29:07 AM: Session End
7/1/2015 10:29:22 AM: Started Loading Domain Name Drop Down
7/1/2015 10:29:22 AM: Finished Loading Domain Name Drop Down
7/1/2015 10:30:13 AM: Started Loading Domain Name Drop Down
7/1/2015 10:30:13 AM: Finished Loading Domain Name Drop Down
7/1/2015 10:51:00 AM: Session End
7/1/2015 12:09:31 PM: Started Loading Domain Name Drop Down
7/1/2015 12:09:31 PM: Finished Loading Domain Name Drop Down
7/1/2015 12:11:23 PM: Started Loading Domain Name Drop Down
7/1/2015 12:11:23 PM: Finished Loading Domain Name Drop Down
7/1/2015 12:16:59 PM: Started Loading Domain Name Drop Down
7/1/2015 12:17:00 PM: Finished Loading Domain Name Drop Down
7/1/2015 12:21:10 PM: Session End
7/1/2015 12:21:38 PM: Started Loading Domain Name Drop Down
7/1/2015 12:21:39 PM: Finished Loading Domain Name Drop Down
7/1/2015 12:22:01 PM: Started Loading Domain Name Drop Down
7/1/2015 12:22:01 PM: Finished Loading Domain Name Drop Down
7/1/2015 12:22:39 PM: Started Loading Domain Name Drop Down
7/1/2015 12:22:39 PM: Finished Loading Domain Name Drop Down
7/1/2015 12:24:17 PM: Started Loading Domain Name Drop Down
7/1/2015 12:24:17 PM: Finished Loading Domain Name Drop Down
7/1/2015 12:24:51 PM: Started Loading Domain Name Drop Down
7/1/2015 12:24:51 PM: Finished Loading Domain Name Drop Down
7/1/2015 12:36:54 PM: Started Loading Domain Name Drop Down
7/1/2015 12:36:54 PM: Finished Loading Domain Name Drop Down
7/1/2015 12:57:49 PM: Session End
7/1/2015 1:17:55 PM: Session End
7/1/2015 2:45:58 PM: Started Loading Domain Name Drop Down
7/1/2015 2:45:58 PM: Finished Loading Domain Name Drop Down
7/1/2015 3:06:19 PM: Session End
7/1/2015 3:10:54 PM: Started Loading Domain Name Drop Down
7/1/2015 3:10:54 PM: Finished Loading Domain Name Drop Down
7/1/2015 3:16:45 PM: Session End
7/1/2015 3:17:38 PM: Started Loading Domain Name Drop Down
7/1/2015 3:17:38 PM: Finished Loading Domain Name Drop Down
7/1/2015 3:18:12 PM: Started Loading Domain Name Drop Down
7/1/2015 3:18:12 PM: Finished Loading Domain Name Drop Down
7/1/2015 3:20:39 PM: Started Loading Domain Name Drop Down
7/1/2015 3:20:39 PM: Finished Loading Domain Name Drop Down
7/1/2015 3:49:41 PM: Session End
7/1/2015 3:53:31 PM: Started Loading Domain Name Drop Down
7/1/2015 3:53:31 PM: Finished Loading Domain Name Drop Down
7/1/2015 4:04:52 PM: Session End
7/1/2015 4:05:06 PM: Started Loading Domain Name Drop Down
7/1/2015 4:05:06 PM: Finished Loading Domain Name Drop Down
7/1/2015 4:33:32 PM: Session End
7/1/2015 5:10:50 PM: Started Loading Domain Name Drop Down
7/1/2015 5:10:52 PM: Finished Loading Domain Name Drop Down
7/1/2015 5:17:13 PM: Session End
7/1/2015 5:17:39 PM: Started Loading Domain Name Drop Down
7/1/2015 5:17:39 PM: Finished Loading Domain Name Drop Down
7/1/2015 5:27:23 PM: Session End
7/1/2015 5:27:47 PM: Started Loading Domain Name Drop Down
7/1/2015 5:27:47 PM: Finished Loading Domain Name Drop Down
7/1/2015 5:56:51 PM: Session End
