7/16/2015 10:33:48 AM: Started Loading Domain Name Drop Down
7/16/2015 10:33:48 AM: Finished Loading Domain Name Drop Down
7/16/2015 10:34:34 AM: Started Loading Domain Name Drop Down
7/16/2015 10:34:34 AM: Finished Loading Domain Name Drop Down
7/16/2015 10:35:54 AM: Started Loading Domain Name Drop Down
7/16/2015 10:35:54 AM: Finished Loading Domain Name Drop Down
7/16/2015 10:37:18 AM: Started Loading Domain Name Drop Down
7/16/2015 10:37:18 AM: Finished Loading Domain Name Drop Down
7/16/2015 10:39:27 AM: Session End
7/16/2015 10:39:41 AM: Started Loading Domain Name Drop Down
7/16/2015 10:39:41 AM: Finished Loading Domain Name Drop Down
7/16/2015 10:45:43 AM: Session End
7/16/2015 11:29:14 AM: Started Loading Domain Name Drop Down
7/16/2015 11:29:14 AM: Finished Loading Domain Name Drop Down
7/16/2015 11:30:22 AM: Started Loading Domain Name Drop Down
7/16/2015 11:34:33 AM: Finished Loading Domain Name Drop Down
7/16/2015 11:36:09 AM: Session End
7/16/2015 11:36:23 AM: Started Loading Domain Name Drop Down
7/16/2015 11:36:25 AM: Finished Loading Domain Name Drop Down
7/16/2015 11:36:48 AM: Started Loading Domain Name Drop Down
7/16/2015 11:36:49 AM: Finished Loading Domain Name Drop Down
7/16/2015 11:57:04 AM: Session End
7/16/2015 12:05:04 PM: Started Loading Domain Name Drop Down
7/16/2015 12:05:05 PM: Finished Loading Domain Name Drop Down
7/16/2015 12:06:42 PM: Session End
7/16/2015 12:06:59 PM: Started Loading Domain Name Drop Down
7/16/2015 12:07:01 PM: Finished Loading Domain Name Drop Down
7/16/2015 12:07:34 PM: Started Loading Domain Name Drop Down
7/16/2015 12:07:34 PM: Finished Loading Domain Name Drop Down
7/16/2015 12:28:03 PM: Session End
7/16/2015 2:28:06 PM: Started Loading Domain Name Drop Down
7/16/2015 2:28:06 PM: Finished Loading Domain Name Drop Down
7/16/2015 2:28:26 PM: Started Loading Domain Name Drop Down
7/16/2015 2:28:26 PM: Finished Loading Domain Name Drop Down
7/16/2015 2:49:00 PM: Session End
