4/30/2015 10:25:03 AM: Started Loading Domain Name Drop Down
4/30/2015 10:33:26 AM: Started Loading Domain Name Drop Down
4/30/2015 10:33:50 AM: Session End
4/30/2015 10:34:05 AM: Started Loading Domain Name Drop Down
4/30/2015 10:34:06 AM: Finished Loading Domain Name Drop Down
4/30/2015 10:35:00 AM: Started Loading Domain Name Drop Down
4/30/2015 10:35:00 AM: Finished Loading Domain Name Drop Down
4/30/2015 10:38:53 AM: Started Loading Domain Name Drop Down
4/30/2015 10:38:53 AM: Finished Loading Domain Name Drop Down
4/30/2015 10:38:58 AM: Started Loading Domain Name Drop Down
4/30/2015 10:38:58 AM: Finished Loading Domain Name Drop Down
4/30/2015 10:45:09 AM: Started Loading Domain Name Drop Down
4/30/2015 10:45:09 AM: Finished Loading Domain Name Drop Down
4/30/2015 11:07:21 AM: Session End
4/30/2015 11:15:44 AM: Started Loading Domain Name Drop Down
4/30/2015 11:15:46 AM: Finished Loading Domain Name Drop Down
4/30/2015 11:41:10 AM: Session End
4/30/2015 11:41:25 AM: Started Loading Domain Name Drop Down
4/30/2015 11:41:26 AM: Finished Loading Domain Name Drop Down
4/30/2015 11:54:06 AM: Started Loading Domain Name Drop Down
4/30/2015 11:54:06 AM: Finished Loading Domain Name Drop Down
4/30/2015 11:56:53 AM: Started Loading Domain Name Drop Down
4/30/2015 11:56:53 AM: Finished Loading Domain Name Drop Down
4/30/2015 12:06:35 PM: Started Loading Domain Name Drop Down
4/30/2015 12:06:35 PM: Finished Loading Domain Name Drop Down
4/30/2015 12:11:31 PM: Started Loading Domain Name Drop Down
4/30/2015 12:11:31 PM: Finished Loading Domain Name Drop Down
4/30/2015 12:14:17 PM: Started Loading Domain Name Drop Down
4/30/2015 12:14:17 PM: Finished Loading Domain Name Drop Down
4/30/2015 12:14:21 PM: Session End
4/30/2015 12:14:27 PM: Started Loading Domain Name Drop Down
4/30/2015 12:14:28 PM: Finished Loading Domain Name Drop Down
4/30/2015 12:20:30 PM: Started Loading Domain Name Drop Down
4/30/2015 12:20:30 PM: Finished Loading Domain Name Drop Down
4/30/2015 12:21:38 PM: Started Loading Domain Name Drop Down
4/30/2015 12:21:38 PM: Finished Loading Domain Name Drop Down
4/30/2015 12:21:50 PM: Started Loading Domain Name Drop Down
4/30/2015 12:21:50 PM: Finished Loading Domain Name Drop Down
4/30/2015 12:23:21 PM: Started Loading Domain Name Drop Down
4/30/2015 12:23:21 PM: Finished Loading Domain Name Drop Down
4/30/2015 12:24:34 PM: Started Loading Domain Name Drop Down
4/30/2015 12:24:34 PM: Finished Loading Domain Name Drop Down
4/30/2015 12:26:11 PM: Started Loading Domain Name Drop Down
4/30/2015 12:26:11 PM: Finished Loading Domain Name Drop Down
4/30/2015 12:26:46 PM: Started Loading Domain Name Drop Down
4/30/2015 12:26:46 PM: Finished Loading Domain Name Drop Down
4/30/2015 12:32:03 PM: Started Loading Domain Name Drop Down
4/30/2015 12:32:03 PM: Finished Loading Domain Name Drop Down
4/30/2015 12:32:41 PM: Started Loading Domain Name Drop Down
4/30/2015 12:32:41 PM: Finished Loading Domain Name Drop Down
4/30/2015 12:33:45 PM: Started Loading Domain Name Drop Down
4/30/2015 12:33:45 PM: Finished Loading Domain Name Drop Down
4/30/2015 12:34:16 PM: Started Loading Domain Name Drop Down
4/30/2015 12:34:16 PM: Finished Loading Domain Name Drop Down
4/30/2015 12:34:39 PM: Started Loading Domain Name Drop Down
4/30/2015 12:34:39 PM: Finished Loading Domain Name Drop Down
4/30/2015 12:35:00 PM: Started Loading Domain Name Drop Down
4/30/2015 12:35:00 PM: Finished Loading Domain Name Drop Down
4/30/2015 12:35:24 PM: Started Loading Domain Name Drop Down
4/30/2015 12:35:24 PM: Finished Loading Domain Name Drop Down
4/30/2015 12:35:29 PM: Started Loading Domain Name Drop Down
4/30/2015 12:35:29 PM: Finished Loading Domain Name Drop Down
4/30/2015 12:35:38 PM: Started Loading Domain Name Drop Down
4/30/2015 12:35:38 PM: Finished Loading Domain Name Drop Down
4/30/2015 12:36:03 PM: Started Loading Domain Name Drop Down
4/30/2015 12:36:03 PM: Finished Loading Domain Name Drop Down
4/30/2015 12:43:22 PM: Started Loading Domain Name Drop Down
4/30/2015 12:43:22 PM: Finished Loading Domain Name Drop Down
4/30/2015 12:44:49 PM: Started Loading Domain Name Drop Down
4/30/2015 12:44:49 PM: Finished Loading Domain Name Drop Down
4/30/2015 12:44:57 PM: Started Loading Domain Name Drop Down
4/30/2015 12:44:57 PM: Finished Loading Domain Name Drop Down
4/30/2015 12:45:18 PM: Started Loading Domain Name Drop Down
4/30/2015 12:45:18 PM: Finished Loading Domain Name Drop Down
4/30/2015 12:52:26 PM: Started Loading Domain Name Drop Down
4/30/2015 12:52:26 PM: Finished Loading Domain Name Drop Down
4/30/2015 2:03:25 PM: Session End
4/30/2015 2:34:40 PM: Started Loading Domain Name Drop Down
4/30/2015 2:34:42 PM: Finished Loading Domain Name Drop Down
4/30/2015 2:34:49 PM: Started Loading Domain Name Drop Down
4/30/2015 2:34:49 PM: Finished Loading Domain Name Drop Down
4/30/2015 2:37:38 PM: Started Loading Domain Name Drop Down
4/30/2015 2:37:38 PM: Finished Loading Domain Name Drop Down
4/30/2015 2:38:53 PM: Started Loading Domain Name Drop Down
4/30/2015 2:38:53 PM: Finished Loading Domain Name Drop Down
4/30/2015 2:39:02 PM: Started Loading Domain Name Drop Down
4/30/2015 2:39:02 PM: Finished Loading Domain Name Drop Down
4/30/2015 2:39:23 PM: Started Loading Domain Name Drop Down
4/30/2015 2:39:23 PM: Finished Loading Domain Name Drop Down
4/30/2015 2:41:36 PM: Started Loading Domain Name Drop Down
4/30/2015 2:41:36 PM: Finished Loading Domain Name Drop Down
4/30/2015 2:41:46 PM: Started Loading Domain Name Drop Down
4/30/2015 2:41:47 PM: Finished Loading Domain Name Drop Down
4/30/2015 3:08:28 PM: Session End
4/30/2015 3:08:38 PM: Started Loading Domain Name Drop Down
4/30/2015 3:08:38 PM: Finished Loading Domain Name Drop Down
4/30/2015 3:08:48 PM: Started Loading Domain Name Drop Down
4/30/2015 3:08:48 PM: Finished Loading Domain Name Drop Down
4/30/2015 3:19:16 PM: Started Loading Domain Name Drop Down
4/30/2015 3:19:16 PM: Finished Loading Domain Name Drop Down
4/30/2015 3:31:27 PM: Session End
4/30/2015 3:31:35 PM: Started Loading Domain Name Drop Down
4/30/2015 3:31:36 PM: Finished Loading Domain Name Drop Down
4/30/2015 3:33:24 PM: Started Loading Domain Name Drop Down
4/30/2015 3:33:24 PM: Finished Loading Domain Name Drop Down
4/30/2015 3:39:45 PM: Session End
4/30/2015 3:40:11 PM: Started Loading Domain Name Drop Down
4/30/2015 3:40:11 PM: Finished Loading Domain Name Drop Down
4/30/2015 3:41:08 PM: Session End
4/30/2015 3:41:17 PM: Started Loading Domain Name Drop Down
4/30/2015 3:41:17 PM: Finished Loading Domain Name Drop Down
4/30/2015 3:43:02 PM: Started Loading Domain Name Drop Down
4/30/2015 3:43:02 PM: Finished Loading Domain Name Drop Down
4/30/2015 3:43:12 PM: Started Loading Domain Name Drop Down
4/30/2015 3:43:12 PM: Finished Loading Domain Name Drop Down
4/30/2015 3:43:23 PM: Started Loading Domain Name Drop Down
4/30/2015 3:43:23 PM: Finished Loading Domain Name Drop Down
4/30/2015 4:19:47 PM: Session End
