6/12/2015 10:50:48 AM: Started Loading Domain Name Drop Down
6/12/2015 10:50:49 AM: Started Loading Domain Name Drop Down
6/12/2015 10:50:50 AM: Finished Loading Domain Name Drop Down
6/12/2015 11:11:00 AM: Session End
6/12/2015 11:15:13 AM: Started Loading Domain Name Drop Down
6/12/2015 11:15:13 AM: Finished Loading Domain Name Drop Down
6/12/2015 11:35:24 AM: Session End
6/12/2015 11:36:04 AM: Session End
6/12/2015 2:16:46 PM: Started Loading Domain Name Drop Down
6/12/2015 2:16:48 PM: Finished Loading Domain Name Drop Down
6/12/2015 2:16:48 PM: Finished Loading Domain Name Drop Down
6/12/2015 2:37:25 PM: Session End
6/12/2015 2:52:18 PM: Started Loading Domain Name Drop Down
6/12/2015 2:52:18 PM: Finished Loading Domain Name Drop Down
6/12/2015 3:19:26 PM: Session End
6/12/2015 3:31:02 PM: Started Loading Domain Name Drop Down
6/12/2015 3:31:02 PM: Finished Loading Domain Name Drop Down
6/12/2015 3:56:07 PM: Session End
6/12/2015 3:56:35 PM: Started Loading Domain Name Drop Down
6/12/2015 3:56:35 PM: Finished Loading Domain Name Drop Down
6/12/2015 3:58:02 PM: Session End
6/12/2015 3:58:12 PM: Started Loading Domain Name Drop Down
6/12/2015 3:58:13 PM: Finished Loading Domain Name Drop Down
6/12/2015 4:27:20 PM: Session End
