4/10/2015 11:15:24 AM: Started Loading Domain Name Drop Down
4/10/2015 11:15:25 AM: Finished Loading Domain Name Drop Down
4/10/2015 11:35:40 AM: Session End
4/10/2015 12:18:35 PM: Started Loading Domain Name Drop Down
4/10/2015 12:18:35 PM: Finished Loading Domain Name Drop Down
4/10/2015 12:39:21 PM: Session End
4/10/2015 1:10:52 PM: Started Loading Domain Name Drop Down
4/10/2015 1:10:52 PM: Finished Loading Domain Name Drop Down
4/10/2015 1:27:33 PM: Session End
4/10/2015 1:27:42 PM: Started Loading Domain Name Drop Down
4/10/2015 1:27:42 PM: Finished Loading Domain Name Drop Down
4/10/2015 1:37:17 PM: Session End
4/10/2015 1:37:26 PM: Started Loading Domain Name Drop Down
4/10/2015 1:37:26 PM: Finished Loading Domain Name Drop Down
4/10/2015 1:43:39 PM: Session End
4/10/2015 1:43:54 PM: Started Loading Domain Name Drop Down
4/10/2015 1:43:54 PM: Finished Loading Domain Name Drop Down
4/10/2015 1:50:41 PM: Session End
4/10/2015 1:51:08 PM: Started Loading Domain Name Drop Down
4/10/2015 1:51:08 PM: Finished Loading Domain Name Drop Down
4/10/2015 1:53:48 PM: Started Loading Domain Name Drop Down
4/10/2015 1:53:48 PM: Finished Loading Domain Name Drop Down
4/10/2015 2:10:55 PM: Session End
4/10/2015 3:18:44 PM: Started Loading Domain Name Drop Down
4/10/2015 3:18:44 PM: Finished Loading Domain Name Drop Down
4/10/2015 3:49:02 PM: Session End
4/10/2015 5:16:21 PM: Started Loading Domain Name Drop Down
4/10/2015 5:16:21 PM: Finished Loading Domain Name Drop Down
4/10/2015 5:37:25 PM: Session End
