7/30/2015 10:56:02 AM: Started Loading Domain Name Drop Down
7/30/2015 10:56:03 AM: Finished Loading Domain Name Drop Down
7/30/2015 11:20:20 AM: Session End
7/30/2015 11:37:34 AM: Started Loading Domain Name Drop Down
7/30/2015 11:37:34 AM: Finished Loading Domain Name Drop Down
7/30/2015 11:58:01 AM: Session End
7/30/2015 12:07:20 PM: Started Loading Domain Name Drop Down
7/30/2015 12:07:20 PM: Finished Loading Domain Name Drop Down
7/30/2015 12:25:58 PM: Started Loading Domain Name Drop Down
7/30/2015 12:25:58 PM: Finished Loading Domain Name Drop Down
7/30/2015 12:29:19 PM: Session End
7/30/2015 12:29:45 PM: Started Loading Domain Name Drop Down
7/30/2015 12:29:45 PM: Finished Loading Domain Name Drop Down
7/30/2015 12:30:50 PM: Session End
7/30/2015 12:31:00 PM: Started Loading Domain Name Drop Down
7/30/2015 12:31:00 PM: Finished Loading Domain Name Drop Down
7/30/2015 12:38:38 PM: Session End
7/30/2015 12:38:51 PM: Started Loading Domain Name Drop Down
7/30/2015 12:38:51 PM: Finished Loading Domain Name Drop Down
7/30/2015 12:39:58 PM: Session End
7/30/2015 12:40:07 PM: Started Loading Domain Name Drop Down
7/30/2015 12:40:07 PM: Finished Loading Domain Name Drop Down
7/30/2015 1:07:01 PM: Session End
7/30/2015 1:51:40 PM: Started Loading Domain Name Drop Down
7/30/2015 1:51:40 PM: Finished Loading Domain Name Drop Down
7/30/2015 2:15:08 PM: Session End
7/30/2015 2:17:23 PM: Started Loading Domain Name Drop Down
7/30/2015 2:17:23 PM: Finished Loading Domain Name Drop Down
7/30/2015 2:38:14 PM: Session End
7/30/2015 4:19:32 PM: Started Loading Domain Name Drop Down
7/30/2015 4:19:32 PM: Finished Loading Domain Name Drop Down
7/30/2015 4:31:00 PM: Session End
7/30/2015 4:31:14 PM: Started Loading Domain Name Drop Down
7/30/2015 4:31:14 PM: Finished Loading Domain Name Drop Down
7/30/2015 5:15:48 PM: Session End
7/30/2015 5:17:57 PM: Started Loading Domain Name Drop Down
7/30/2015 5:17:57 PM: Finished Loading Domain Name Drop Down
7/30/2015 5:27:17 PM: Session End
7/30/2015 5:27:32 PM: Started Loading Domain Name Drop Down
7/30/2015 5:27:32 PM: Finished Loading Domain Name Drop Down
7/30/2015 5:31:18 PM: Session End
7/30/2015 5:31:24 PM: Started Loading Domain Name Drop Down
7/30/2015 5:31:24 PM: Finished Loading Domain Name Drop Down
7/30/2015 5:36:10 PM: Session End
7/30/2015 5:36:24 PM: Started Loading Domain Name Drop Down
7/30/2015 5:36:24 PM: Finished Loading Domain Name Drop Down
7/30/2015 5:46:33 PM: Session End
7/30/2015 5:46:43 PM: Started Loading Domain Name Drop Down
7/30/2015 5:46:43 PM: Finished Loading Domain Name Drop Down
7/30/2015 6:06:40 PM: Session End
7/30/2015 6:07:18 PM: Started Loading Domain Name Drop Down
7/30/2015 6:07:18 PM: Finished Loading Domain Name Drop Down
7/30/2015 6:13:00 PM: Session End
