4/9/2015 11:34:15 AM: Started Loading Domain Name Drop Down
4/9/2015 11:34:15 AM: Finished Loading Domain Name Drop Down
4/9/2015 11:37:36 AM: Session End
4/9/2015 11:37:43 AM: Started Loading Domain Name Drop Down
4/9/2015 11:37:43 AM: Finished Loading Domain Name Drop Down
4/9/2015 11:59:00 AM: Session End
4/9/2015 3:18:53 PM: Started Loading Domain Name Drop Down
4/9/2015 3:18:53 PM: Finished Loading Domain Name Drop Down
4/9/2015 3:41:40 PM: Session End
4/9/2015 4:27:58 PM: Started Loading Domain Name Drop Down
4/9/2015 4:27:58 PM: Finished Loading Domain Name Drop Down
4/9/2015 4:51:41 PM: Session End
4/9/2015 5:16:55 PM: Started Loading Domain Name Drop Down
4/9/2015 5:16:55 PM: Finished Loading Domain Name Drop Down
4/9/2015 5:31:27 PM: Session End
4/9/2015 5:31:34 PM: Started Loading Domain Name Drop Down
4/9/2015 5:31:34 PM: Finished Loading Domain Name Drop Down
4/9/2015 5:47:54 PM: Session End
4/9/2015 5:48:00 PM: Started Loading Domain Name Drop Down
4/9/2015 5:48:00 PM: Finished Loading Domain Name Drop Down
4/9/2015 6:29:07 PM: Started Loading Domain Name Drop Down
4/9/2015 6:29:07 PM: Finished Loading Domain Name Drop Down
4/9/2015 6:59:10 PM: Started Loading Domain Name Drop Down
4/9/2015 6:59:11 PM: Finished Loading Domain Name Drop Down
4/9/2015 6:59:41 PM: Started Loading Domain Name Drop Down
4/9/2015 6:59:41 PM: Finished Loading Domain Name Drop Down
4/9/2015 7:00:29 PM: Started Loading Domain Name Drop Down
4/9/2015 7:00:29 PM: Finished Loading Domain Name Drop Down
4/9/2015 7:00:35 PM: Started Loading Domain Name Drop Down
4/9/2015 7:00:35 PM: Finished Loading Domain Name Drop Down
4/9/2015 7:07:46 PM: Started Loading Domain Name Drop Down
4/9/2015 7:07:46 PM: Finished Loading Domain Name Drop Down
4/9/2015 7:27:42 PM: Session End
4/9/2015 8:00:23 PM: Session End
