4/19/2015 10:56:10 AM: Started Loading Domain Name Drop Down
4/19/2015 10:56:11 AM: Finished Loading Domain Name Drop Down
4/19/2015 10:57:29 AM: Session End
4/19/2015 11:05:49 AM: Started Loading Domain Name Drop Down
4/19/2015 11:05:51 AM: Finished Loading Domain Name Drop Down
4/19/2015 11:10:07 AM: Session End
4/19/2015 11:10:11 AM: Started Loading Domain Name Drop Down
4/19/2015 11:10:14 AM: Finished Loading Domain Name Drop Down
4/19/2015 11:18:01 AM: Session End
4/19/2015 11:18:04 AM: Started Loading Domain Name Drop Down
4/19/2015 11:18:05 AM: Finished Loading Domain Name Drop Down
4/19/2015 11:19:02 AM: Session End
4/19/2015 11:19:05 AM: Started Loading Domain Name Drop Down
4/19/2015 11:19:06 AM: Finished Loading Domain Name Drop Down
4/19/2015 11:39:24 AM: Session End
4/19/2015 11:44:32 AM: Started Loading Domain Name Drop Down
4/19/2015 11:44:33 AM: Finished Loading Domain Name Drop Down
4/19/2015 11:48:20 AM: Session End
4/19/2015 11:48:29 AM: Started Loading Domain Name Drop Down
4/19/2015 11:48:30 AM: Finished Loading Domain Name Drop Down
4/19/2015 11:52:26 AM: Session End
4/19/2015 11:52:33 AM: Started Loading Domain Name Drop Down
4/19/2015 11:52:34 AM: Finished Loading Domain Name Drop Down
4/19/2015 12:04:07 PM: Session End
4/19/2015 12:04:14 PM: Started Loading Domain Name Drop Down
4/19/2015 12:04:16 PM: Finished Loading Domain Name Drop Down
4/19/2015 12:25:20 PM: Session End
