6/25/2015 10:01:39 AM: Started Loading Domain Name Drop Down
6/25/2015 10:01:40 AM: Finished Loading Domain Name Drop Down
6/25/2015 10:22:21 AM: Session End
6/25/2015 10:52:10 AM: Started Loading Domain Name Drop Down
6/25/2015 10:52:10 AM: Finished Loading Domain Name Drop Down
6/25/2015 11:22:00 AM: Session End
6/25/2015 11:47:13 AM: Started Loading Domain Name Drop Down
6/25/2015 11:47:13 AM: Finished Loading Domain Name Drop Down
6/25/2015 11:51:40 AM: Session End
6/25/2015 11:51:48 AM: Started Loading Domain Name Drop Down
6/25/2015 11:51:48 AM: Finished Loading Domain Name Drop Down
6/25/2015 11:52:38 AM: Session End
6/25/2015 11:52:57 AM: Started Loading Domain Name Drop Down
6/25/2015 11:52:57 AM: Finished Loading Domain Name Drop Down
6/25/2015 12:06:20 PM: Session End
6/25/2015 12:06:31 PM: Started Loading Domain Name Drop Down
6/25/2015 12:06:31 PM: Finished Loading Domain Name Drop Down
6/25/2015 12:27:24 PM: Session End
6/25/2015 12:29:44 PM: Started Loading Domain Name Drop Down
6/25/2015 12:29:44 PM: Finished Loading Domain Name Drop Down
6/25/2015 12:31:00 PM: Session End
6/25/2015 12:31:06 PM: Started Loading Domain Name Drop Down
6/25/2015 12:31:15 PM: Finished Loading Domain Name Drop Down
6/25/2015 12:32:54 PM: Session End
6/25/2015 12:33:02 PM: Started Loading Domain Name Drop Down
6/25/2015 12:33:02 PM: Finished Loading Domain Name Drop Down
6/25/2015 12:33:49 PM: Session End
6/25/2015 12:33:57 PM: Started Loading Domain Name Drop Down
6/25/2015 12:33:57 PM: Finished Loading Domain Name Drop Down
6/25/2015 12:40:30 PM: Session End
6/25/2015 12:40:37 PM: Started Loading Domain Name Drop Down
6/25/2015 12:40:37 PM: Finished Loading Domain Name Drop Down
6/25/2015 12:41:29 PM: Session End
6/25/2015 12:41:44 PM: Started Loading Domain Name Drop Down
6/25/2015 12:41:44 PM: Finished Loading Domain Name Drop Down
6/25/2015 12:51:21 PM: Session End
6/25/2015 12:51:40 PM: Started Loading Domain Name Drop Down
6/25/2015 12:51:40 PM: Finished Loading Domain Name Drop Down
6/25/2015 1:12:00 PM: Session End
6/25/2015 1:53:26 PM: Started Loading Domain Name Drop Down
6/25/2015 1:53:26 PM: Finished Loading Domain Name Drop Down
6/25/2015 2:13:40 PM: Session End
6/25/2015 3:12:02 PM: Started Loading Domain Name Drop Down
6/25/2015 3:12:02 PM: Finished Loading Domain Name Drop Down
6/25/2015 3:12:52 PM: Session End
6/25/2015 3:12:59 PM: Started Loading Domain Name Drop Down
6/25/2015 3:12:59 PM: Finished Loading Domain Name Drop Down
6/25/2015 3:13:32 PM: Session End
6/25/2015 3:13:39 PM: Started Loading Domain Name Drop Down
6/25/2015 3:13:39 PM: Finished Loading Domain Name Drop Down
6/25/2015 3:18:18 PM: Session End
6/25/2015 3:18:25 PM: Started Loading Domain Name Drop Down
6/25/2015 3:18:26 PM: Finished Loading Domain Name Drop Down
6/25/2015 3:20:31 PM: Session End
6/25/2015 3:29:08 PM: Started Loading Domain Name Drop Down
6/25/2015 3:29:08 PM: Finished Loading Domain Name Drop Down
6/25/2015 3:30:40 PM: Session End
6/25/2015 3:30:48 PM: Started Loading Domain Name Drop Down
6/25/2015 3:30:48 PM: Finished Loading Domain Name Drop Down
6/25/2015 3:43:37 PM: Session End
6/25/2015 3:43:45 PM: Started Loading Domain Name Drop Down
6/25/2015 3:43:45 PM: Finished Loading Domain Name Drop Down
6/25/2015 3:44:32 PM: Session End
6/25/2015 3:44:41 PM: Started Loading Domain Name Drop Down
6/25/2015 3:44:41 PM: Finished Loading Domain Name Drop Down
6/25/2015 3:45:29 PM: Session End
6/25/2015 3:45:37 PM: Started Loading Domain Name Drop Down
6/25/2015 3:45:37 PM: Finished Loading Domain Name Drop Down
6/25/2015 3:51:34 PM: Session End
6/25/2015 3:51:42 PM: Started Loading Domain Name Drop Down
6/25/2015 3:51:42 PM: Finished Loading Domain Name Drop Down
6/25/2015 3:53:09 PM: Session End
6/25/2015 3:53:14 PM: Started Loading Domain Name Drop Down
6/25/2015 3:53:14 PM: Finished Loading Domain Name Drop Down
6/25/2015 3:57:22 PM: Session End
6/25/2015 3:57:30 PM: Started Loading Domain Name Drop Down
6/25/2015 3:57:30 PM: Finished Loading Domain Name Drop Down
6/25/2015 4:11:00 PM: Session End
6/25/2015 4:11:09 PM: Started Loading Domain Name Drop Down
6/25/2015 4:11:09 PM: Finished Loading Domain Name Drop Down
6/25/2015 4:13:40 PM: Session End
6/25/2015 4:13:47 PM: Started Loading Domain Name Drop Down
6/25/2015 4:13:47 PM: Finished Loading Domain Name Drop Down
6/25/2015 4:16:48 PM: Session End
6/25/2015 4:16:53 PM: Started Loading Domain Name Drop Down
6/25/2015 4:16:53 PM: Finished Loading Domain Name Drop Down
6/25/2015 4:18:15 PM: Session End
6/25/2015 4:18:24 PM: Started Loading Domain Name Drop Down
6/25/2015 4:18:24 PM: Finished Loading Domain Name Drop Down
6/25/2015 4:36:47 PM: Session End
6/25/2015 4:36:58 PM: Started Loading Domain Name Drop Down
6/25/2015 4:36:58 PM: Finished Loading Domain Name Drop Down
6/25/2015 4:39:18 PM: Session End
6/25/2015 4:39:26 PM: Started Loading Domain Name Drop Down
6/25/2015 4:39:26 PM: Finished Loading Domain Name Drop Down
6/25/2015 4:42:56 PM: Session End
6/25/2015 4:43:21 PM: Started Loading Domain Name Drop Down
6/25/2015 4:43:21 PM: Finished Loading Domain Name Drop Down
6/25/2015 5:12:46 PM: Session End
6/25/2015 5:12:56 PM: Started Loading Domain Name Drop Down
6/25/2015 5:12:56 PM: Finished Loading Domain Name Drop Down
6/25/2015 5:14:14 PM: Session End
6/25/2015 5:14:23 PM: Started Loading Domain Name Drop Down
6/25/2015 5:14:23 PM: Finished Loading Domain Name Drop Down
6/25/2015 5:15:33 PM: Session End
6/25/2015 5:15:41 PM: Started Loading Domain Name Drop Down
6/25/2015 5:15:41 PM: Finished Loading Domain Name Drop Down
6/25/2015 5:21:59 PM: Session End
6/25/2015 5:22:43 PM: Started Loading Domain Name Drop Down
6/25/2015 5:22:43 PM: Finished Loading Domain Name Drop Down
6/25/2015 5:25:59 PM: Session End
6/25/2015 5:26:08 PM: Started Loading Domain Name Drop Down
6/25/2015 5:26:08 PM: Finished Loading Domain Name Drop Down
6/25/2015 5:28:04 PM: Session End
6/25/2015 5:28:12 PM: Started Loading Domain Name Drop Down
6/25/2015 5:28:12 PM: Finished Loading Domain Name Drop Down
6/25/2015 5:29:45 PM: Session End
6/25/2015 5:29:53 PM: Started Loading Domain Name Drop Down
6/25/2015 5:29:53 PM: Finished Loading Domain Name Drop Down
6/25/2015 5:40:13 PM: Session End
6/25/2015 5:40:23 PM: Started Loading Domain Name Drop Down
6/25/2015 5:40:23 PM: Finished Loading Domain Name Drop Down
6/25/2015 5:44:39 PM: Session End
6/25/2015 5:44:52 PM: Started Loading Domain Name Drop Down
6/25/2015 5:44:52 PM: Finished Loading Domain Name Drop Down
6/25/2015 5:56:39 PM: Session End
6/25/2015 5:56:50 PM: Started Loading Domain Name Drop Down
6/25/2015 5:56:50 PM: Finished Loading Domain Name Drop Down
6/25/2015 5:59:26 PM: Session End
6/25/2015 6:00:07 PM: Started Loading Domain Name Drop Down
6/25/2015 6:00:07 PM: Finished Loading Domain Name Drop Down
6/25/2015 6:10:54 PM: Session End
6/25/2015 6:11:01 PM: Started Loading Domain Name Drop Down
6/25/2015 6:11:02 PM: Finished Loading Domain Name Drop Down
6/25/2015 6:12:05 PM: Session End
6/25/2015 6:12:13 PM: Started Loading Domain Name Drop Down
6/25/2015 6:12:13 PM: Finished Loading Domain Name Drop Down
6/25/2015 6:12:50 PM: Session End
6/25/2015 6:12:58 PM: Started Loading Domain Name Drop Down
6/25/2015 6:12:58 PM: Finished Loading Domain Name Drop Down
6/25/2015 6:13:23 PM: Session End
6/25/2015 6:13:31 PM: Started Loading Domain Name Drop Down
6/25/2015 6:13:31 PM: Finished Loading Domain Name Drop Down
6/25/2015 6:14:34 PM: Session End
6/25/2015 6:14:41 PM: Started Loading Domain Name Drop Down
6/25/2015 6:14:41 PM: Finished Loading Domain Name Drop Down
6/25/2015 6:19:58 PM: Session End
6/25/2015 6:20:06 PM: Started Loading Domain Name Drop Down
6/25/2015 6:20:06 PM: Finished Loading Domain Name Drop Down
6/25/2015 6:34:05 PM: Session End
6/25/2015 6:34:17 PM: Started Loading Domain Name Drop Down
6/25/2015 6:34:17 PM: Finished Loading Domain Name Drop Down
6/25/2015 6:37:14 PM: Session End
6/25/2015 6:37:22 PM: Started Loading Domain Name Drop Down
6/25/2015 6:37:22 PM: Finished Loading Domain Name Drop Down
6/25/2015 7:00:40 PM: Session End
6/25/2015 7:06:22 PM: Started Loading Domain Name Drop Down
6/25/2015 7:06:22 PM: Finished Loading Domain Name Drop Down
6/25/2015 7:07:18 PM: Session End
6/25/2015 7:07:26 PM: Started Loading Domain Name Drop Down
6/25/2015 7:07:26 PM: Finished Loading Domain Name Drop Down
6/25/2015 7:13:55 PM: Session End
6/25/2015 7:14:06 PM: Started Loading Domain Name Drop Down
6/25/2015 7:14:06 PM: Finished Loading Domain Name Drop Down
6/25/2015 7:14:48 PM: Session End
6/25/2015 7:14:56 PM: Started Loading Domain Name Drop Down
6/25/2015 7:14:56 PM: Finished Loading Domain Name Drop Down
6/25/2015 7:33:29 PM: Started Loading Domain Name Drop Down
6/25/2015 7:33:29 PM: Finished Loading Domain Name Drop Down
6/25/2015 7:33:43 PM: Session End
