6/3/2015 10:30:39 AM: Started Loading Domain Name Drop Down
6/3/2015 10:30:44 AM: Finished Loading Domain Name Drop Down
6/3/2015 10:42:53 AM: Started Loading Domain Name Drop Down
6/3/2015 10:42:53 AM: Finished Loading Domain Name Drop Down
6/3/2015 10:51:00 AM: Session End
6/3/2015 10:53:10 AM: Session End
6/3/2015 10:53:28 AM: Started Loading Domain Name Drop Down
6/3/2015 10:53:28 AM: Finished Loading Domain Name Drop Down
6/3/2015 10:53:31 AM: Started Loading Domain Name Drop Down
6/3/2015 10:53:31 AM: Finished Loading Domain Name Drop Down
6/3/2015 11:13:43 AM: Session End
6/3/2015 11:17:06 AM: Session End
6/3/2015 11:17:17 AM: Started Loading Domain Name Drop Down
6/3/2015 11:17:17 AM: Finished Loading Domain Name Drop Down
6/3/2015 11:17:25 AM: Started Loading Domain Name Drop Down
6/3/2015 11:17:25 AM: Finished Loading Domain Name Drop Down
6/3/2015 11:46:07 AM: Session End
6/3/2015 11:46:07 AM: Session End
6/3/2015 11:47:37 AM: Started Loading Domain Name Drop Down
6/3/2015 11:47:38 AM: Finished Loading Domain Name Drop Down
6/3/2015 11:50:39 AM: Session End
6/3/2015 11:50:48 AM: Started Loading Domain Name Drop Down
6/3/2015 11:50:48 AM: Finished Loading Domain Name Drop Down
6/3/2015 12:01:30 PM: Session End
6/3/2015 12:01:44 PM: Started Loading Domain Name Drop Down
6/3/2015 12:01:44 PM: Finished Loading Domain Name Drop Down
6/3/2015 12:23:00 PM: Session End
6/3/2015 12:27:06 PM: Started Loading Domain Name Drop Down
6/3/2015 12:27:06 PM: Finished Loading Domain Name Drop Down
6/3/2015 12:47:41 PM: Session End
6/3/2015 2:49:21 PM: Started Loading Domain Name Drop Down
6/3/2015 2:49:21 PM: Finished Loading Domain Name Drop Down
6/3/2015 2:51:04 PM: Started Loading Domain Name Drop Down
6/3/2015 2:51:04 PM: Finished Loading Domain Name Drop Down
6/3/2015 3:09:40 PM: Session End
6/3/2015 3:09:57 PM: Session End
6/3/2015 3:10:10 PM: Started Loading Domain Name Drop Down
6/3/2015 3:10:10 PM: Finished Loading Domain Name Drop Down
6/3/2015 3:16:38 PM: Started Loading Domain Name Drop Down
6/3/2015 3:16:38 PM: Finished Loading Domain Name Drop Down
6/3/2015 3:30:40 PM: Session End
6/3/2015 3:58:41 PM: Session End
6/3/2015 5:01:29 PM: Started Loading Domain Name Drop Down
6/3/2015 5:01:29 PM: Finished Loading Domain Name Drop Down
6/3/2015 5:08:40 PM: Session End
