27/12/2016 9:44:56 AM: Started Loading Domain Name Drop Down
27/12/2016 9:44:57 AM: Finished Loading Domain Name Drop Down
27/12/2016 9:45:37 AM: Started Loading Domain Name Drop Down
27/12/2016 9:45:37 AM: Finished Loading Domain Name Drop Down
27/12/2016 9:45:42 AM: Started Loading Domain Name Drop Down
27/12/2016 9:45:42 AM: Finished Loading Domain Name Drop Down
27/12/2016 9:46:21 AM: Started Loading Domain Name Drop Down
27/12/2016 9:46:21 AM: Finished Loading Domain Name Drop Down
27/12/2016 9:46:30 AM: Started Loading Domain Name Drop Down
27/12/2016 9:46:30 AM: Finished Loading Domain Name Drop Down
27/12/2016 9:47:39 AM: Started Loading Domain Name Drop Down
27/12/2016 9:47:39 AM: Finished Loading Domain Name Drop Down
27/12/2016 9:47:47 AM: Started Loading Domain Name Drop Down
27/12/2016 9:47:47 AM: Finished Loading Domain Name Drop Down
27/12/2016 9:50:41 AM: Started Loading Domain Name Drop Down
27/12/2016 9:50:41 AM: Finished Loading Domain Name Drop Down
27/12/2016 9:51:08 AM: Started Loading Domain Name Drop Down
27/12/2016 9:51:08 AM: Finished Loading Domain Name Drop Down
27/12/2016 9:53:29 AM: Started Loading Domain Name Drop Down
27/12/2016 9:53:29 AM: Finished Loading Domain Name Drop Down
27/12/2016 9:53:35 AM: Started Loading Domain Name Drop Down
27/12/2016 9:53:35 AM: Finished Loading Domain Name Drop Down
27/12/2016 10:01:14 AM: Started Loading Domain Name Drop Down
27/12/2016 10:01:14 AM: Finished Loading Domain Name Drop Down
27/12/2016 10:21:22 AM: Session End
27/12/2016 10:24:00 AM: Started Loading Domain Name Drop Down
27/12/2016 10:24:00 AM: Finished Loading Domain Name Drop Down
27/12/2016 10:27:03 AM: Started Loading Domain Name Drop Down
27/12/2016 10:27:03 AM: Finished Loading Domain Name Drop Down
27/12/2016 10:30:04 AM: Started Loading Domain Name Drop Down
27/12/2016 10:30:04 AM: Finished Loading Domain Name Drop Down
27/12/2016 10:33:27 AM: Started Loading Domain Name Drop Down
27/12/2016 10:33:27 AM: Finished Loading Domain Name Drop Down
27/12/2016 10:35:12 AM: Started Loading Domain Name Drop Down
27/12/2016 10:35:12 AM: Finished Loading Domain Name Drop Down
27/12/2016 10:38:25 AM: Started Loading Domain Name Drop Down
27/12/2016 10:38:25 AM: Finished Loading Domain Name Drop Down
27/12/2016 10:39:28 AM: Started Loading Domain Name Drop Down
27/12/2016 10:39:28 AM: Finished Loading Domain Name Drop Down
27/12/2016 10:43:09 AM: Started Loading Domain Name Drop Down
27/12/2016 10:43:09 AM: Finished Loading Domain Name Drop Down
27/12/2016 10:43:16 AM: Started Loading Domain Name Drop Down
27/12/2016 10:43:16 AM: Finished Loading Domain Name Drop Down
27/12/2016 10:50:00 AM: Started Loading Domain Name Drop Down
27/12/2016 10:50:00 AM: Finished Loading Domain Name Drop Down
27/12/2016 11:06:47 AM: Session End
27/12/2016 11:10:07 AM: Session End
27/12/2016 11:27:31 AM: Started Loading Domain Name Drop Down
27/12/2016 11:27:32 AM: Finished Loading Domain Name Drop Down
27/12/2016 11:38:41 AM: Session End
27/12/2016 11:38:52 AM: Started Loading Domain Name Drop Down
27/12/2016 11:38:52 AM: Finished Loading Domain Name Drop Down
27/12/2016 11:40:32 AM: Started Loading Domain Name Drop Down
27/12/2016 11:40:32 AM: Finished Loading Domain Name Drop Down
27/12/2016 11:40:45 AM: Session End
27/12/2016 11:41:43 AM: Started Loading Domain Name Drop Down
27/12/2016 11:41:43 AM: Finished Loading Domain Name Drop Down
27/12/2016 11:42:36 AM: Started Loading Domain Name Drop Down
27/12/2016 11:42:36 AM: Finished Loading Domain Name Drop Down
27/12/2016 11:45:20 AM: Session End
27/12/2016 11:45:45 AM: Started Loading Domain Name Drop Down
27/12/2016 11:45:46 AM: Finished Loading Domain Name Drop Down
27/12/2016 11:53:52 AM: Started Loading Domain Name Drop Down
27/12/2016 11:53:52 AM: Finished Loading Domain Name Drop Down
27/12/2016 12:11:05 PM: Started Loading Domain Name Drop Down
27/12/2016 12:11:05 PM: Finished Loading Domain Name Drop Down
27/12/2016 12:15:34 PM: Started Loading Domain Name Drop Down
27/12/2016 12:15:34 PM: Finished Loading Domain Name Drop Down
27/12/2016 12:26:04 PM: Session End
27/12/2016 12:27:04 PM: Started Loading Domain Name Drop Down
27/12/2016 12:27:04 PM: Finished Loading Domain Name Drop Down
27/12/2016 12:37:46 PM: Started Loading Domain Name Drop Down
27/12/2016 12:37:46 PM: Finished Loading Domain Name Drop Down
27/12/2016 12:37:50 PM: Started Loading Domain Name Drop Down
27/12/2016 12:37:50 PM: Finished Loading Domain Name Drop Down
27/12/2016 12:40:51 PM: Session End
27/12/2016 12:41:06 PM: Started Loading Domain Name Drop Down
27/12/2016 12:41:06 PM: Finished Loading Domain Name Drop Down
27/12/2016 12:49:23 PM: Session End
27/12/2016 12:51:57 PM: Started Loading Domain Name Drop Down
27/12/2016 12:51:57 PM: Finished Loading Domain Name Drop Down
27/12/2016 12:55:53 PM: Started Loading Domain Name Drop Down
27/12/2016 12:55:53 PM: Finished Loading Domain Name Drop Down
27/12/2016 12:56:11 PM: Started Loading Domain Name Drop Down
27/12/2016 12:56:11 PM: Finished Loading Domain Name Drop Down
27/12/2016 1:11:26 PM: Started Loading Domain Name Drop Down
27/12/2016 1:11:26 PM: Finished Loading Domain Name Drop Down
27/12/2016 1:11:30 PM: Started Loading Domain Name Drop Down
27/12/2016 1:11:30 PM: Finished Loading Domain Name Drop Down
27/12/2016 1:23:24 PM: Session End
27/12/2016 1:24:14 PM: Started Loading Domain Name Drop Down
27/12/2016 1:24:15 PM: Finished Loading Domain Name Drop Down
27/12/2016 1:44:56 PM: Session End
27/12/2016 1:45:04 PM: Started Loading Domain Name Drop Down
27/12/2016 1:45:05 PM: Finished Loading Domain Name Drop Down
27/12/2016 2:06:21 PM: Session End
27/12/2016 2:29:59 PM: Started Loading Domain Name Drop Down
27/12/2016 2:30:00 PM: Finished Loading Domain Name Drop Down
27/12/2016 2:38:19 PM: Started Loading Domain Name Drop Down
27/12/2016 2:38:19 PM: Finished Loading Domain Name Drop Down
27/12/2016 2:43:51 PM: Started Loading Domain Name Drop Down
27/12/2016 2:43:51 PM: Finished Loading Domain Name Drop Down
27/12/2016 3:04:03 PM: Session End
27/12/2016 3:08:10 PM: Started Loading Domain Name Drop Down
27/12/2016 3:08:10 PM: Finished Loading Domain Name Drop Down
27/12/2016 3:16:36 PM: Started Loading Domain Name Drop Down
27/12/2016 3:16:36 PM: Finished Loading Domain Name Drop Down
27/12/2016 3:36:51 PM: Session End
27/12/2016 3:43:36 PM: Started Loading Domain Name Drop Down
27/12/2016 3:43:36 PM: Finished Loading Domain Name Drop Down
27/12/2016 4:06:33 PM: Session End
27/12/2016 4:35:44 PM: Started Loading Domain Name Drop Down
27/12/2016 4:35:44 PM: Finished Loading Domain Name Drop Down
27/12/2016 4:35:48 PM: Started Loading Domain Name Drop Down
27/12/2016 4:35:48 PM: Finished Loading Domain Name Drop Down
27/12/2016 4:46:52 PM: Session End
27/12/2016 4:47:26 PM: Started Loading Domain Name Drop Down
27/12/2016 4:47:26 PM: Finished Loading Domain Name Drop Down
27/12/2016 4:50:45 PM: Session End
27/12/2016 4:52:59 PM: Started Loading Domain Name Drop Down
27/12/2016 4:53:00 PM: Finished Loading Domain Name Drop Down
27/12/2016 4:57:22 PM: Started Loading Domain Name Drop Down
27/12/2016 4:57:22 PM: Finished Loading Domain Name Drop Down
27/12/2016 4:57:29 PM: Started Loading Domain Name Drop Down
27/12/2016 4:57:29 PM: Finished Loading Domain Name Drop Down
27/12/2016 5:01:15 PM: Started Loading Domain Name Drop Down
27/12/2016 5:01:15 PM: Finished Loading Domain Name Drop Down
27/12/2016 5:01:25 PM: Started Loading Domain Name Drop Down
27/12/2016 5:01:25 PM: Finished Loading Domain Name Drop Down
27/12/2016 5:26:26 PM: Session End
27/12/2016 6:13:08 PM: Started Loading Domain Name Drop Down
27/12/2016 6:13:08 PM: Finished Loading Domain Name Drop Down
27/12/2016 6:33:08 PM: Session End
27/12/2016 6:54:40 PM: Started Loading Domain Name Drop Down
27/12/2016 6:54:40 PM: Finished Loading Domain Name Drop Down
27/12/2016 6:59:40 PM: Session End
27/12/2016 7:00:01 PM: Started Loading Domain Name Drop Down
27/12/2016 7:00:01 PM: Finished Loading Domain Name Drop Down
27/12/2016 7:03:56 PM: Session End
27/12/2016 7:04:13 PM: Started Loading Domain Name Drop Down
27/12/2016 7:04:14 PM: Finished Loading Domain Name Drop Down
27/12/2016 7:15:22 PM: Started Loading Domain Name Drop Down
27/12/2016 7:15:22 PM: Finished Loading Domain Name Drop Down
27/12/2016 7:17:29 PM: Session End
