8/31/2016 10:44:02 AM: Started Loading Domain Name Drop Down
8/31/2016 10:44:02 AM: Finished Loading Domain Name Drop Down
31-08-2016 10:46:51 AM: Session End
8/31/2016 10:46:54 AM: Started Loading Domain Name Drop Down
8/31/2016 10:46:54 AM: Finished Loading Domain Name Drop Down
8/31/2016 11:21:45 AM: Started Loading Domain Name Drop Down
8/31/2016 11:21:45 AM: Finished Loading Domain Name Drop Down
31-08-2016 11:46:42 AM: Session End
8/31/2016 11:53:14 AM: Started Loading Domain Name Drop Down
8/31/2016 11:53:14 AM: Finished Loading Domain Name Drop Down
31-08-2016 12:03:18 PM: Session End
8/31/2016 12:03:26 PM: Started Loading Domain Name Drop Down
8/31/2016 12:03:26 PM: Finished Loading Domain Name Drop Down
31-08-2016 12:30:34 PM: Session End
8/31/2016 12:49:20 PM: Started Loading Domain Name Drop Down
8/31/2016 12:49:20 PM: Finished Loading Domain Name Drop Down
31-08-2016 01:07:03 PM: Session End
8/31/2016 1:07:11 PM: Started Loading Domain Name Drop Down
8/31/2016 1:07:11 PM: Finished Loading Domain Name Drop Down
31-08-2016 01:17:57 PM: Session End
8/31/2016 1:18:00 PM: Started Loading Domain Name Drop Down
8/31/2016 1:18:00 PM: Finished Loading Domain Name Drop Down
31-08-2016 01:20:31 PM: Session End
8/31/2016 1:20:41 PM: Started Loading Domain Name Drop Down
8/31/2016 1:20:41 PM: Finished Loading Domain Name Drop Down
31-08-2016 01:29:26 PM: Session End
8/31/2016 1:29:33 PM: Started Loading Domain Name Drop Down
8/31/2016 1:29:33 PM: Finished Loading Domain Name Drop Down
31-08-2016 01:32:06 PM: Session End
8/31/2016 1:32:13 PM: Started Loading Domain Name Drop Down
8/31/2016 1:32:14 PM: Finished Loading Domain Name Drop Down
31-08-2016 01:53:06 PM: Session End
8/31/2016 2:19:51 PM: Started Loading Domain Name Drop Down
8/31/2016 2:19:51 PM: Finished Loading Domain Name Drop Down
31-08-2016 02:21:28 PM: Session End
8/31/2016 2:21:36 PM: Started Loading Domain Name Drop Down
8/31/2016 2:21:37 PM: Finished Loading Domain Name Drop Down
31-08-2016 02:34:38 PM: Session End
8/31/2016 2:34:46 PM: Started Loading Domain Name Drop Down
8/31/2016 2:34:46 PM: Finished Loading Domain Name Drop Down
31-08-2016 02:39:06 PM: Session End
8/31/2016 2:39:14 PM: Started Loading Domain Name Drop Down
8/31/2016 2:39:15 PM: Finished Loading Domain Name Drop Down
31-08-2016 02:42:12 PM: Session End
8/31/2016 2:42:20 PM: Started Loading Domain Name Drop Down
8/31/2016 2:42:20 PM: Finished Loading Domain Name Drop Down
31-08-2016 02:42:30 PM: Session End
8/31/2016 2:42:47 PM: Started Loading Domain Name Drop Down
8/31/2016 2:42:47 PM: Finished Loading Domain Name Drop Down
31-08-2016 02:44:54 PM: Session End
8/31/2016 2:45:02 PM: Started Loading Domain Name Drop Down
8/31/2016 2:45:02 PM: Finished Loading Domain Name Drop Down
31-08-2016 02:47:07 PM: Session End
8/31/2016 2:47:14 PM: Started Loading Domain Name Drop Down
8/31/2016 2:47:14 PM: Finished Loading Domain Name Drop Down
31-08-2016 02:51:15 PM: Session End
8/31/2016 2:51:24 PM: Started Loading Domain Name Drop Down
8/31/2016 2:51:24 PM: Finished Loading Domain Name Drop Down
31-08-2016 02:51:29 PM: Session End
8/31/2016 2:51:36 PM: Started Loading Domain Name Drop Down
8/31/2016 2:51:36 PM: Finished Loading Domain Name Drop Down
31-08-2016 02:52:39 PM: Session End
8/31/2016 2:52:47 PM: Started Loading Domain Name Drop Down
8/31/2016 2:52:47 PM: Finished Loading Domain Name Drop Down
31-08-2016 02:54:54 PM: Session End
8/31/2016 2:55:00 PM: Started Loading Domain Name Drop Down
8/31/2016 2:55:01 PM: Finished Loading Domain Name Drop Down
31-08-2016 02:57:04 PM: Session End
8/31/2016 2:57:11 PM: Started Loading Domain Name Drop Down
8/31/2016 2:57:12 PM: Finished Loading Domain Name Drop Down
31-08-2016 02:58:11 PM: Session End
8/31/2016 2:58:20 PM: Started Loading Domain Name Drop Down
8/31/2016 2:58:20 PM: Finished Loading Domain Name Drop Down
31-08-2016 02:59:44 PM: Session End
8/31/2016 2:59:52 PM: Started Loading Domain Name Drop Down
8/31/2016 2:59:52 PM: Finished Loading Domain Name Drop Down
31-08-2016 03:03:01 PM: Session End
8/31/2016 3:03:10 PM: Started Loading Domain Name Drop Down
8/31/2016 3:03:10 PM: Finished Loading Domain Name Drop Down
31-08-2016 03:12:04 PM: Session End
8/31/2016 3:12:12 PM: Started Loading Domain Name Drop Down
8/31/2016 3:12:12 PM: Finished Loading Domain Name Drop Down
31-08-2016 03:14:54 PM: Session End
8/31/2016 3:15:02 PM: Started Loading Domain Name Drop Down
8/31/2016 3:15:02 PM: Finished Loading Domain Name Drop Down
31-08-2016 03:21:17 PM: Session End
8/31/2016 3:21:25 PM: Started Loading Domain Name Drop Down
8/31/2016 3:21:25 PM: Finished Loading Domain Name Drop Down
31-08-2016 03:29:12 PM: Session End
8/31/2016 3:29:19 PM: Started Loading Domain Name Drop Down
8/31/2016 3:29:19 PM: Finished Loading Domain Name Drop Down
31-08-2016 03:30:52 PM: Session End
8/31/2016 3:31:00 PM: Started Loading Domain Name Drop Down
8/31/2016 3:31:00 PM: Finished Loading Domain Name Drop Down
31-08-2016 03:31:49 PM: Session End
8/31/2016 3:31:59 PM: Started Loading Domain Name Drop Down
8/31/2016 3:31:59 PM: Finished Loading Domain Name Drop Down
31-08-2016 03:34:29 PM: Session End
8/31/2016 3:34:39 PM: Started Loading Domain Name Drop Down
8/31/2016 3:34:39 PM: Finished Loading Domain Name Drop Down
31-08-2016 03:44:42 PM: Session End
8/31/2016 3:44:50 PM: Started Loading Domain Name Drop Down
8/31/2016 3:44:50 PM: Finished Loading Domain Name Drop Down
31-08-2016 03:45:38 PM: Session End
8/31/2016 3:45:46 PM: Started Loading Domain Name Drop Down
8/31/2016 3:45:46 PM: Finished Loading Domain Name Drop Down
31-08-2016 03:48:00 PM: Session End
8/31/2016 3:48:08 PM: Started Loading Domain Name Drop Down
8/31/2016 3:48:08 PM: Finished Loading Domain Name Drop Down
31-08-2016 03:50:03 PM: Session End
8/31/2016 3:50:12 PM: Started Loading Domain Name Drop Down
8/31/2016 3:50:13 PM: Finished Loading Domain Name Drop Down
31-08-2016 03:51:33 PM: Session End
8/31/2016 3:51:43 PM: Started Loading Domain Name Drop Down
8/31/2016 3:51:43 PM: Finished Loading Domain Name Drop Down
31-08-2016 03:54:38 PM: Session End
8/31/2016 3:54:43 PM: Started Loading Domain Name Drop Down
8/31/2016 3:54:43 PM: Finished Loading Domain Name Drop Down
31-08-2016 03:56:56 PM: Session End
8/31/2016 3:56:59 PM: Started Loading Domain Name Drop Down
8/31/2016 3:56:59 PM: Finished Loading Domain Name Drop Down
31-08-2016 04:01:36 PM: Session End
8/31/2016 4:01:40 PM: Started Loading Domain Name Drop Down
8/31/2016 4:01:41 PM: Finished Loading Domain Name Drop Down
8/31/2016 4:02:45 PM: Started Loading Domain Name Drop Down
8/31/2016 4:02:45 PM: Finished Loading Domain Name Drop Down
8/31/2016 4:09:06 PM: Started Loading Domain Name Drop Down
8/31/2016 4:09:06 PM: Finished Loading Domain Name Drop Down
8/31/2016 4:09:13 PM: Started Loading Domain Name Drop Down
8/31/2016 4:09:13 PM: Finished Loading Domain Name Drop Down
8/31/2016 4:10:39 PM: Started Loading Domain Name Drop Down
8/31/2016 4:10:39 PM: Finished Loading Domain Name Drop Down
8/31/2016 4:10:59 PM: Started Loading Domain Name Drop Down
8/31/2016 4:10:59 PM: Finished Loading Domain Name Drop Down
8/31/2016 4:12:55 PM: Started Loading Domain Name Drop Down
8/31/2016 4:12:55 PM: Finished Loading Domain Name Drop Down
8/31/2016 4:13:03 PM: Started Loading Domain Name Drop Down
8/31/2016 4:13:03 PM: Finished Loading Domain Name Drop Down
8/31/2016 4:15:44 PM: Started Loading Domain Name Drop Down
8/31/2016 4:15:44 PM: Finished Loading Domain Name Drop Down
8/31/2016 4:16:14 PM: Started Loading Domain Name Drop Down
8/31/2016 4:16:14 PM: Finished Loading Domain Name Drop Down
8/31/2016 4:16:30 PM: Started Loading Domain Name Drop Down
8/31/2016 4:16:30 PM: Finished Loading Domain Name Drop Down
8/31/2016 4:17:06 PM: Started Loading Domain Name Drop Down
8/31/2016 4:17:06 PM: Finished Loading Domain Name Drop Down
8/31/2016 4:18:26 PM: Started Loading Domain Name Drop Down
8/31/2016 4:18:26 PM: Finished Loading Domain Name Drop Down
8/31/2016 4:18:32 PM: Started Loading Domain Name Drop Down
8/31/2016 4:18:32 PM: Finished Loading Domain Name Drop Down
8/31/2016 4:19:12 PM: Started Loading Domain Name Drop Down
8/31/2016 4:19:12 PM: Finished Loading Domain Name Drop Down
8/31/2016 4:21:42 PM: Started Loading Domain Name Drop Down
8/31/2016 4:21:42 PM: Finished Loading Domain Name Drop Down
8/31/2016 4:21:47 PM: Started Loading Domain Name Drop Down
8/31/2016 4:21:47 PM: Finished Loading Domain Name Drop Down
8/31/2016 4:22:45 PM: Started Loading Domain Name Drop Down
8/31/2016 4:22:45 PM: Finished Loading Domain Name Drop Down
8/31/2016 4:22:51 PM: Started Loading Domain Name Drop Down
8/31/2016 4:22:51 PM: Finished Loading Domain Name Drop Down
8/31/2016 4:24:13 PM: Started Loading Domain Name Drop Down
8/31/2016 4:24:13 PM: Finished Loading Domain Name Drop Down
8/31/2016 4:27:38 PM: Started Loading Domain Name Drop Down
8/31/2016 4:27:38 PM: Finished Loading Domain Name Drop Down
31-08-2016 04:30:25 PM: Session End
8/31/2016 4:30:29 PM: Started Loading Domain Name Drop Down
8/31/2016 4:30:29 PM: Finished Loading Domain Name Drop Down
31-08-2016 04:33:43 PM: Session End
8/31/2016 4:33:50 PM: Started Loading Domain Name Drop Down
8/31/2016 4:33:50 PM: Finished Loading Domain Name Drop Down
31-08-2016 04:55:00 PM: Session End
