26/12/2016 10:41:06 AM: Session End
26/12/2016 10:41:49 AM: Started Loading Domain Name Drop Down
26/12/2016 10:41:50 AM: Finished Loading Domain Name Drop Down
26/12/2016 10:42:10 AM: Started Loading Domain Name Drop Down
26/12/2016 10:42:10 AM: Finished Loading Domain Name Drop Down
26/12/2016 10:45:53 AM: Started Loading Domain Name Drop Down
26/12/2016 10:45:53 AM: Finished Loading Domain Name Drop Down
26/12/2016 10:46:04 AM: Started Loading Domain Name Drop Down
26/12/2016 10:46:04 AM: Finished Loading Domain Name Drop Down
26/12/2016 10:46:47 AM: Started Loading Domain Name Drop Down
26/12/2016 10:46:47 AM: Finished Loading Domain Name Drop Down
26/12/2016 10:48:19 AM: Started Loading Domain Name Drop Down
26/12/2016 10:48:19 AM: Finished Loading Domain Name Drop Down
26/12/2016 10:48:54 AM: Session End
26/12/2016 10:49:15 AM: Started Loading Domain Name Drop Down
26/12/2016 10:49:15 AM: Finished Loading Domain Name Drop Down
26/12/2016 10:49:50 AM: Started Loading Domain Name Drop Down
26/12/2016 10:49:50 AM: Finished Loading Domain Name Drop Down
26/12/2016 10:50:28 AM: Session End
26/12/2016 10:53:02 AM: Session End
26/12/2016 10:53:27 AM: Started Loading Domain Name Drop Down
26/12/2016 10:53:27 AM: Finished Loading Domain Name Drop Down
26/12/2016 10:55:32 AM: Session End
26/12/2016 10:56:03 AM: Started Loading Domain Name Drop Down
26/12/2016 10:56:03 AM: Finished Loading Domain Name Drop Down
26/12/2016 11:09:00 AM: Started Loading Domain Name Drop Down
26/12/2016 11:09:00 AM: Finished Loading Domain Name Drop Down
26/12/2016 11:11:23 AM: Session End
26/12/2016 11:15:39 AM: Started Loading Domain Name Drop Down
26/12/2016 11:15:40 AM: Finished Loading Domain Name Drop Down
26/12/2016 11:28:47 AM: Started Loading Domain Name Drop Down
26/12/2016 11:28:47 AM: Finished Loading Domain Name Drop Down
26/12/2016 11:28:54 AM: Started Loading Domain Name Drop Down
26/12/2016 11:28:54 AM: Finished Loading Domain Name Drop Down
26/12/2016 11:31:32 AM: Started Loading Domain Name Drop Down
26/12/2016 11:31:32 AM: Finished Loading Domain Name Drop Down
26/12/2016 11:32:46 AM: Started Loading Domain Name Drop Down
26/12/2016 11:32:46 AM: Finished Loading Domain Name Drop Down
26/12/2016 11:33:06 AM: Started Loading Domain Name Drop Down
26/12/2016 11:33:06 AM: Finished Loading Domain Name Drop Down
26/12/2016 11:34:46 AM: Started Loading Domain Name Drop Down
26/12/2016 11:34:46 AM: Finished Loading Domain Name Drop Down
26/12/2016 11:34:50 AM: Started Loading Domain Name Drop Down
26/12/2016 11:34:50 AM: Finished Loading Domain Name Drop Down
26/12/2016 11:35:29 AM: Started Loading Domain Name Drop Down
26/12/2016 11:35:29 AM: Finished Loading Domain Name Drop Down
26/12/2016 11:55:51 AM: Session End
26/12/2016 2:38:05 PM: Started Loading Domain Name Drop Down
26/12/2016 2:38:06 PM: Finished Loading Domain Name Drop Down
26/12/2016 2:58:18 PM: Session End
