1/18/2017 10:47:41 AM: Started Loading Domain Name Drop Down
1/18/2017 10:47:41 AM: Finished Loading Domain Name Drop Down
1/18/2017 11:23:47 AM: Started Loading Domain Name Drop Down
1/18/2017 11:23:47 AM: Finished Loading Domain Name Drop Down
18-01-2017 11:32:16: Session End
1/18/2017 11:51:40 AM: Started Loading Domain Name Drop Down
1/18/2017 11:51:40 AM: Finished Loading Domain Name Drop Down
18-01-2017 12:11:40: Session End
1/18/2017 1:02:01 PM: Started Loading Domain Name Drop Down
1/18/2017 1:02:01 PM: Finished Loading Domain Name Drop Down
18-01-2017 13:13:37: Session End
1/18/2017 1:14:55 PM: Started Loading Domain Name Drop Down
1/18/2017 1:14:55 PM: Finished Loading Domain Name Drop Down
18-01-2017 13:36:17: Session End
1/18/2017 2:33:12 PM: Started Loading Domain Name Drop Down
1/18/2017 2:33:12 PM: Finished Loading Domain Name Drop Down
18-01-2017 14:38:51: Session End
1/18/2017 2:39:57 PM: Started Loading Domain Name Drop Down
1/18/2017 2:39:57 PM: Finished Loading Domain Name Drop Down
18-01-2017 15:26:41: Session End
1/18/2017 4:04:51 PM: Started Loading Domain Name Drop Down
1/18/2017 4:04:52 PM: Finished Loading Domain Name Drop Down
18-01-2017 16:25:23: Session End
1/18/2017 6:55:14 PM: Started Loading Domain Name Drop Down
1/18/2017 6:55:14 PM: Finished Loading Domain Name Drop Down
18-01-2017 18:55:52: Session End
1/18/2017 6:56:01 PM: Started Loading Domain Name Drop Down
1/18/2017 6:56:01 PM: Finished Loading Domain Name Drop Down
18-01-2017 18:56:01: Session End
18-01-2017 19:06:38: Session End
1/18/2017 7:06:53 PM: Started Loading Domain Name Drop Down
1/18/2017 7:06:53 PM: Finished Loading Domain Name Drop Down
18-01-2017 19:13:39: Session End
