2/2/2017 10:56:10 AM: Started Loading Domain Name Drop Down
2/2/2017 10:56:11 AM: Finished Loading Domain Name Drop Down
2/2/2017 11:16:48 AM: Started Loading Domain Name Drop Down
2/2/2017 11:16:48 AM: Finished Loading Domain Name Drop Down
02-02-2017 11:36:55: Session End
2/2/2017 11:37:58 AM: Started Loading Domain Name Drop Down
2/2/2017 11:37:59 AM: Finished Loading Domain Name Drop Down
02-02-2017 11:37:59: Session End
02-02-2017 11:57:10: Session End
2/2/2017 11:57:26 AM: Started Loading Domain Name Drop Down
2/2/2017 11:57:26 AM: Finished Loading Domain Name Drop Down
02-02-2017 12:18:20: Session End
2/2/2017 12:36:58 PM: Started Loading Domain Name Drop Down
2/2/2017 12:36:58 PM: Finished Loading Domain Name Drop Down
02-02-2017 12:58:42: Session End
02-02-2017 14:32:18: Session End
2/2/2017 2:33:18 PM: Started Loading Domain Name Drop Down
2/2/2017 2:33:19 PM: Finished Loading Domain Name Drop Down
02-02-2017 14:33:19: Session End
02-02-2017 14:48:20: Session End
2/2/2017 2:48:30 PM: Started Loading Domain Name Drop Down
2/2/2017 2:48:31 PM: Finished Loading Domain Name Drop Down
02-02-2017 14:48:31: Session End
02-02-2017 15:01:31: Session End
2/2/2017 3:01:52 PM: Started Loading Domain Name Drop Down
2/2/2017 3:01:52 PM: Finished Loading Domain Name Drop Down
02-02-2017 15:16:49: Session End
2/2/2017 3:17:26 PM: Started Loading Domain Name Drop Down
2/2/2017 3:17:26 PM: Finished Loading Domain Name Drop Down
02-02-2017 15:20:52: Session End
2/2/2017 3:27:37 PM: Started Loading Domain Name Drop Down
2/2/2017 3:27:44 PM: Finished Loading Domain Name Drop Down
2/2/2017 3:27:44 PM: Finished Loading Domain Name Drop Down
2/2/2017 3:28:39 PM: Started Loading Domain Name Drop Down
2/2/2017 3:28:39 PM: Finished Loading Domain Name Drop Down
02-02-2017 15:33:59: Session End
02-02-2017 15:34:01: Session End
02-02-2017 15:34:01: Session End
02-02-2017 15:34:01: Session End
2/2/2017 3:49:04 PM: Started Loading Domain Name Drop Down
2/2/2017 3:49:04 PM: Finished Loading Domain Name Drop Down
02-02-2017 15:57:00: Session End
2/2/2017 3:57:40 PM: Started Loading Domain Name Drop Down
2/2/2017 3:57:41 PM: Finished Loading Domain Name Drop Down
02-02-2017 15:58:34: Session End
2/2/2017 3:58:45 PM: Started Loading Domain Name Drop Down
2/2/2017 3:58:45 PM: Finished Loading Domain Name Drop Down
02-02-2017 16:00:56: Session End
2/2/2017 4:01:09 PM: Started Loading Domain Name Drop Down
2/2/2017 4:01:09 PM: Finished Loading Domain Name Drop Down
02-02-2017 16:05:37: Session End
02-02-2017 16:05:37: Session End
2/2/2017 4:05:49 PM: Started Loading Domain Name Drop Down
2/2/2017 4:05:49 PM: Finished Loading Domain Name Drop Down
02-02-2017 16:05:49: Session End
02-02-2017 16:08:06: Session End
2/2/2017 4:08:19 PM: Started Loading Domain Name Drop Down
2/2/2017 4:08:19 PM: Finished Loading Domain Name Drop Down
02-02-2017 16:12:17: Session End
2/2/2017 4:12:58 PM: Started Loading Domain Name Drop Down
2/2/2017 4:12:58 PM: Finished Loading Domain Name Drop Down
02-02-2017 16:15:52: Session End
2/2/2017 4:16:07 PM: Started Loading Domain Name Drop Down
2/2/2017 4:16:07 PM: Finished Loading Domain Name Drop Down
02-02-2017 16:21:23: Session End
2/2/2017 4:21:35 PM: Started Loading Domain Name Drop Down
2/2/2017 4:21:35 PM: Finished Loading Domain Name Drop Down
02-02-2017 16:32:43: Session End
02-02-2017 16:40:22: Session End
2/2/2017 4:40:37 PM: Started Loading Domain Name Drop Down
2/2/2017 4:40:38 PM: Finished Loading Domain Name Drop Down
2/2/2017 4:41:18 PM: Started Loading Domain Name Drop Down
2/2/2017 4:41:18 PM: Finished Loading Domain Name Drop Down
02-02-2017 16:43:57: Session End
2/2/2017 4:44:07 PM: Started Loading Domain Name Drop Down
2/2/2017 4:44:07 PM: Finished Loading Domain Name Drop Down
02-02-2017 16:47:02: Session End
2/2/2017 4:47:10 PM: Started Loading Domain Name Drop Down
2/2/2017 4:47:10 PM: Finished Loading Domain Name Drop Down
02-02-2017 16:49:10: Session End
2/2/2017 4:49:20 PM: Started Loading Domain Name Drop Down
2/2/2017 4:49:20 PM: Finished Loading Domain Name Drop Down
02-02-2017 16:52:35: Session End
2/2/2017 4:52:47 PM: Started Loading Domain Name Drop Down
2/2/2017 4:52:47 PM: Finished Loading Domain Name Drop Down
02-02-2017 16:54:25: Session End
2/2/2017 4:56:34 PM: Started Loading Domain Name Drop Down
2/2/2017 4:56:34 PM: Finished Loading Domain Name Drop Down
02-02-2017 17:06:19: Session End
2/2/2017 5:06:32 PM: Started Loading Domain Name Drop Down
2/2/2017 5:06:32 PM: Finished Loading Domain Name Drop Down
02-02-2017 17:10:04: Session End
2/2/2017 5:10:11 PM: Started Loading Domain Name Drop Down
2/2/2017 5:10:11 PM: Finished Loading Domain Name Drop Down
02-02-2017 17:11:11: Session End
2/2/2017 5:11:23 PM: Started Loading Domain Name Drop Down
2/2/2017 5:11:23 PM: Finished Loading Domain Name Drop Down
02-02-2017 17:16:50: Session End
2/2/2017 5:17:02 PM: Started Loading Domain Name Drop Down
2/2/2017 5:17:02 PM: Finished Loading Domain Name Drop Down
02-02-2017 17:18:51: Session End
2/2/2017 5:18:59 PM: Started Loading Domain Name Drop Down
2/2/2017 5:18:59 PM: Finished Loading Domain Name Drop Down
02-02-2017 17:18:59: Session End
02-02-2017 17:29:52: Session End
2/2/2017 5:31:48 PM: Started Loading Domain Name Drop Down
2/2/2017 5:31:48 PM: Finished Loading Domain Name Drop Down
02-02-2017 17:48:03: Session End
2/2/2017 5:48:23 PM: Started Loading Domain Name Drop Down
2/2/2017 5:48:23 PM: Finished Loading Domain Name Drop Down
02-02-2017 18:02:36: Session End
2/2/2017 6:02:51 PM: Started Loading Domain Name Drop Down
2/2/2017 6:02:52 PM: Finished Loading Domain Name Drop Down
02-02-2017 18:25:23: Session End
2/2/2017 6:32:37 PM: Started Loading Domain Name Drop Down
2/2/2017 6:32:37 PM: Finished Loading Domain Name Drop Down
02-02-2017 18:53:43: Session End
