4/24/2017 11:21:46 AM: Started Loading Domain Name Drop Down
4/24/2017 11:21:48 AM: Finished Loading Domain Name Drop Down
24-04-2017 12:01:22: Session End
4/24/2017 12:27:45 PM: Started Loading Domain Name Drop Down
4/24/2017 12:27:45 PM: Finished Loading Domain Name Drop Down
4/24/2017 12:45:00 PM: Started Loading Domain Name Drop Down
4/24/2017 12:45:00 PM: Finished Loading Domain Name Drop Down
24-04-2017 12:45:31: Session End
4/24/2017 12:46:09 PM: Started Loading Domain Name Drop Down
4/24/2017 12:46:09 PM: Finished Loading Domain Name Drop Down
24-04-2017 13:11:20: Session End
4/24/2017 1:28:35 PM: Started Loading Domain Name Drop Down
4/24/2017 1:28:35 PM: Finished Loading Domain Name Drop Down
4/24/2017 1:28:45 PM: Started Loading Domain Name Drop Down
4/24/2017 1:28:45 PM: Finished Loading Domain Name Drop Down
24-04-2017 14:02:07: Session End
4/24/2017 4:27:18 PM: Started Loading Domain Name Drop Down
4/24/2017 4:27:19 PM: Finished Loading Domain Name Drop Down
24-04-2017 16:31:43: Session End
4/24/2017 4:32:25 PM: Started Loading Domain Name Drop Down
4/24/2017 4:32:26 PM: Finished Loading Domain Name Drop Down
4/24/2017 4:35:31 PM: Started Loading Domain Name Drop Down
4/24/2017 4:35:31 PM: Finished Loading Domain Name Drop Down
4/24/2017 4:57:51 PM: Started Loading Domain Name Drop Down
4/24/2017 4:57:51 PM: Finished Loading Domain Name Drop Down
24-04-2017 17:07:13: Session End
4/24/2017 5:08:47 PM: Started Loading Domain Name Drop Down
4/24/2017 5:08:47 PM: Finished Loading Domain Name Drop Down
4/24/2017 5:18:04 PM: Started Loading Domain Name Drop Down
4/24/2017 5:18:04 PM: Finished Loading Domain Name Drop Down
24-04-2017 17:18:15: Session End
4/24/2017 5:18:25 PM: Started Loading Domain Name Drop Down
4/24/2017 5:18:26 PM: Finished Loading Domain Name Drop Down
4/24/2017 5:19:23 PM: Started Loading Domain Name Drop Down
4/24/2017 5:19:23 PM: Finished Loading Domain Name Drop Down
4/24/2017 5:27:37 PM: Started Loading Domain Name Drop Down
4/24/2017 5:27:37 PM: Finished Loading Domain Name Drop Down
24-04-2017 17:43:03: Session End
4/24/2017 5:44:28 PM: Started Loading Domain Name Drop Down
4/24/2017 5:44:29 PM: Finished Loading Domain Name Drop Down
4/24/2017 5:46:35 PM: Started Loading Domain Name Drop Down
4/24/2017 5:46:35 PM: Finished Loading Domain Name Drop Down
24-04-2017 18:06:40: Session End
