5/23/2017 10:15:53 AM: Started Loading Domain Name Drop Down
5/23/2017 10:15:54 AM: Finished Loading Domain Name Drop Down
23-05-2017 10:21:15: Session End
5/23/2017 10:21:27 AM: Started Loading Domain Name Drop Down
5/23/2017 10:21:28 AM: Finished Loading Domain Name Drop Down
23-05-2017 10:21:28: Session End
23-05-2017 10:25:20: Session End
5/23/2017 10:25:39 AM: Started Loading Domain Name Drop Down
5/23/2017 10:25:40 AM: Finished Loading Domain Name Drop Down
23-05-2017 10:27:34: Session End
5/23/2017 10:27:49 AM: Started Loading Domain Name Drop Down
5/23/2017 10:27:50 AM: Finished Loading Domain Name Drop Down
23-05-2017 10:43:37: Session End
5/23/2017 10:43:47 AM: Started Loading Domain Name Drop Down
5/23/2017 10:43:47 AM: Finished Loading Domain Name Drop Down
23-05-2017 10:43:47: Session End
23-05-2017 10:52:21: Session End
5/23/2017 10:52:32 AM: Started Loading Domain Name Drop Down
5/23/2017 10:52:32 AM: Finished Loading Domain Name Drop Down
23-05-2017 10:52:32: Session End
23-05-2017 10:53:41: Session End
5/23/2017 10:53:51 AM: Started Loading Domain Name Drop Down
5/23/2017 10:53:51 AM: Finished Loading Domain Name Drop Down
23-05-2017 10:53:51: Session End
23-05-2017 11:08:55: Session End
5/23/2017 11:09:35 AM: Started Loading Domain Name Drop Down
5/23/2017 11:09:36 AM: Finished Loading Domain Name Drop Down
23-05-2017 11:11:54: Session End
5/23/2017 11:12:21 AM: Started Loading Domain Name Drop Down
5/23/2017 11:12:21 AM: Finished Loading Domain Name Drop Down
23-05-2017 11:18:48: Session End
5/23/2017 11:19:03 AM: Started Loading Domain Name Drop Down
5/23/2017 11:19:03 AM: Finished Loading Domain Name Drop Down
23-05-2017 11:41:24: Session End
5/23/2017 12:01:22 PM: Started Loading Domain Name Drop Down
5/23/2017 12:01:23 PM: Finished Loading Domain Name Drop Down
23-05-2017 12:02:58: Session End
5/23/2017 12:03:08 PM: Started Loading Domain Name Drop Down
5/23/2017 12:03:09 PM: Finished Loading Domain Name Drop Down
23-05-2017 12:03:09: Session End
23-05-2017 12:06:18: Session End
5/23/2017 12:06:29 PM: Started Loading Domain Name Drop Down
5/23/2017 12:06:30 PM: Finished Loading Domain Name Drop Down
23-05-2017 12:10:03: Session End
5/23/2017 12:10:15 PM: Started Loading Domain Name Drop Down
5/23/2017 12:10:15 PM: Finished Loading Domain Name Drop Down
23-05-2017 12:10:15: Session End
23-05-2017 12:12:49: Session End
5/23/2017 12:13:00 PM: Started Loading Domain Name Drop Down
5/23/2017 12:13:01 PM: Finished Loading Domain Name Drop Down
23-05-2017 12:13:01: Session End
23-05-2017 12:34:41: Session End
5/23/2017 2:55:57 PM: Started Loading Domain Name Drop Down
5/23/2017 2:55:58 PM: Finished Loading Domain Name Drop Down
23-05-2017 14:56:56: Session End
5/23/2017 2:57:06 PM: Started Loading Domain Name Drop Down
5/23/2017 2:57:07 PM: Finished Loading Domain Name Drop Down
23-05-2017 14:57:07: Session End
23-05-2017 14:59:05: Session End
5/23/2017 2:59:17 PM: Started Loading Domain Name Drop Down
5/23/2017 2:59:17 PM: Finished Loading Domain Name Drop Down
23-05-2017 14:59:17: Session End
23-05-2017 15:01:36: Session End
5/23/2017 3:01:47 PM: Started Loading Domain Name Drop Down
5/23/2017 3:01:48 PM: Finished Loading Domain Name Drop Down
23-05-2017 15:01:48: Session End
23-05-2017 15:22:41: Session End
5/23/2017 3:23:00 PM: Started Loading Domain Name Drop Down
5/23/2017 3:23:00 PM: Finished Loading Domain Name Drop Down
23-05-2017 15:43:00: Session End
5/23/2017 3:43:18 PM: Started Loading Domain Name Drop Down
5/23/2017 3:43:18 PM: Finished Loading Domain Name Drop Down
23-05-2017 16:21:57: Session End
5/23/2017 4:22:17 PM: Started Loading Domain Name Drop Down
5/23/2017 4:22:17 PM: Finished Loading Domain Name Drop Down
23-05-2017 16:22:17: Session End
23-05-2017 16:23:35: Session End
5/23/2017 4:23:45 PM: Started Loading Domain Name Drop Down
5/23/2017 4:23:45 PM: Finished Loading Domain Name Drop Down
23-05-2017 16:23:45: Session End
23-05-2017 16:36:08: Session End
5/23/2017 4:36:30 PM: Started Loading Domain Name Drop Down
5/23/2017 4:36:31 PM: Finished Loading Domain Name Drop Down
23-05-2017 16:43:09: Session End
5/23/2017 4:43:22 PM: Started Loading Domain Name Drop Down
5/23/2017 4:43:22 PM: Finished Loading Domain Name Drop Down
23-05-2017 17:04:00: Session End
