11/22/2017 11:41:41 AM: Started Loading Domain Name Drop Down
11/22/2017 11:41:44 AM: Finished Loading Domain Name Drop Down
11/22/2017 11:41:59 AM: Started Loading Domain Name Drop Down
11/22/2017 11:41:59 AM: Finished Loading Domain Name Drop Down
11/22/2017 11:42:11 AM: Started Loading Domain Name Drop Down
11/22/2017 11:42:11 AM: Finished Loading Domain Name Drop Down
11/22/2017 11:44:20 AM: Started Loading Domain Name Drop Down
11/22/2017 11:44:20 AM: Finished Loading Domain Name Drop Down
22-11-2017 12:02:00: Session End
22-11-2017 12:04:40: Session End
22-11-2017 16:04:42: Session End
11/22/2017 4:04:54 PM: Started Loading Domain Name Drop Down
11/22/2017 4:04:56 PM: Finished Loading Domain Name Drop Down
11/22/2017 4:05:41 PM: Started Loading Domain Name Drop Down
11/22/2017 4:05:41 PM: Finished Loading Domain Name Drop Down
11/22/2017 4:24:53 PM: Started Loading Domain Name Drop Down
11/22/2017 4:24:53 PM: Finished Loading Domain Name Drop Down
11/22/2017 4:25:05 PM: Started Loading Domain Name Drop Down
11/22/2017 4:25:05 PM: Finished Loading Domain Name Drop Down
11/22/2017 4:27:21 PM: Started Loading Domain Name Drop Down
11/22/2017 4:27:21 PM: Finished Loading Domain Name Drop Down
22-11-2017 16:47:31: Session End
11/22/2017 5:02:18 PM: Started Loading Domain Name Drop Down
11/22/2017 5:02:19 PM: Finished Loading Domain Name Drop Down
11/22/2017 5:02:24 PM: Started Loading Domain Name Drop Down
11/22/2017 5:02:24 PM: Finished Loading Domain Name Drop Down
22-11-2017 17:53:49: Session End
11/22/2017 6:09:55 PM: Started Loading Domain Name Drop Down
11/22/2017 6:09:55 PM: Finished Loading Domain Name Drop Down
22-11-2017 18:30:10: Session End
