8/23/2017 11:44:04 AM: Started Loading Domain Name Drop Down
8/23/2017 11:44:05 AM: Finished Loading Domain Name Drop Down
8/23/2017 11:44:14 AM: Started Loading Domain Name Drop Down
8/23/2017 11:44:14 AM: Finished Loading Domain Name Drop Down
8/23/2017 11:44:21 AM: Started Loading Domain Name Drop Down
8/23/2017 11:44:21 AM: Finished Loading Domain Name Drop Down
23-08-2017 12:02:17: Session End
8/23/2017 12:02:43 PM: Started Loading Domain Name Drop Down
8/23/2017 12:02:43 PM: Finished Loading Domain Name Drop Down
8/23/2017 12:02:52 PM: Started Loading Domain Name Drop Down
8/23/2017 12:02:52 PM: Finished Loading Domain Name Drop Down
23-08-2017 12:58:11: Session End
8/23/2017 1:01:58 PM: Started Loading Domain Name Drop Down
8/23/2017 1:01:59 PM: Finished Loading Domain Name Drop Down
23-08-2017 13:05:37: Session End
8/23/2017 1:05:46 PM: Started Loading Domain Name Drop Down
8/23/2017 1:05:46 PM: Finished Loading Domain Name Drop Down
23-08-2017 13:34:18: Session End
8/23/2017 3:19:06 PM: Started Loading Domain Name Drop Down
8/23/2017 3:19:06 PM: Finished Loading Domain Name Drop Down
23-08-2017 15:46:42: Session End
8/23/2017 3:47:32 PM: Started Loading Domain Name Drop Down
8/23/2017 3:47:33 PM: Finished Loading Domain Name Drop Down
8/23/2017 3:48:30 PM: Started Loading Domain Name Drop Down
8/23/2017 3:48:30 PM: Finished Loading Domain Name Drop Down
23-08-2017 16:14:31: Session End
8/23/2017 4:14:47 PM: Started Loading Domain Name Drop Down
8/23/2017 4:14:47 PM: Finished Loading Domain Name Drop Down
8/23/2017 4:30:25 PM: Started Loading Domain Name Drop Down
8/23/2017 4:30:25 PM: Finished Loading Domain Name Drop Down
8/23/2017 4:30:35 PM: Started Loading Domain Name Drop Down
8/23/2017 4:30:36 PM: Finished Loading Domain Name Drop Down
23-08-2017 16:33:21: Session End
23-08-2017 16:33:21: Session End
8/23/2017 4:33:40 PM: Started Loading Domain Name Drop Down
8/23/2017 4:33:41 PM: Finished Loading Domain Name Drop Down
23-08-2017 16:59:24: Session End
8/23/2017 4:59:46 PM: Started Loading Domain Name Drop Down
8/23/2017 4:59:46 PM: Finished Loading Domain Name Drop Down
23-08-2017 17:59:33: Session End
