7/25/2017 11:01:01 AM: Started Loading Domain Name Drop Down
7/25/2017 11:01:04 AM: Finished Loading Domain Name Drop Down
25-07-2017 11:28:00: Session End
7/25/2017 11:34:59 AM: Started Loading Domain Name Drop Down
7/25/2017 11:35:00 AM: Finished Loading Domain Name Drop Down
25-07-2017 11:56:01: Session End
7/25/2017 12:10:20 PM: Started Loading Domain Name Drop Down
7/25/2017 12:10:20 PM: Finished Loading Domain Name Drop Down
7/25/2017 1:05:43 PM: Started Loading Domain Name Drop Down
7/25/2017 1:05:43 PM: Finished Loading Domain Name Drop Down
25-07-2017 13:26:22: Session End
7/25/2017 3:22:18 PM: Started Loading Domain Name Drop Down
7/25/2017 3:22:18 PM: Finished Loading Domain Name Drop Down
7/25/2017 3:23:05 PM: Started Loading Domain Name Drop Down
7/25/2017 3:23:05 PM: Finished Loading Domain Name Drop Down
7/25/2017 3:23:41 PM: Started Loading Domain Name Drop Down
7/25/2017 3:23:41 PM: Finished Loading Domain Name Drop Down
25-07-2017 15:43:45: Session End
7/25/2017 5:21:26 PM: Started Loading Domain Name Drop Down
7/25/2017 5:21:26 PM: Finished Loading Domain Name Drop Down
7/25/2017 5:22:40 PM: Started Loading Domain Name Drop Down
7/25/2017 5:22:40 PM: Finished Loading Domain Name Drop Down
25-07-2017 17:42:41: Session End
