3/22/2017 10:58:11 AM: Started Loading Domain Name Drop Down
3/22/2017 10:58:13 AM: Finished Loading Domain Name Drop Down
22-03-2017 11:04:54: Session End
3/22/2017 11:05:18 AM: Started Loading Domain Name Drop Down
3/22/2017 11:05:19 AM: Finished Loading Domain Name Drop Down
22-03-2017 11:10:10: Session End
3/22/2017 11:10:23 AM: Started Loading Domain Name Drop Down
3/22/2017 11:10:23 AM: Finished Loading Domain Name Drop Down
22-03-2017 11:15:51: Session End
3/22/2017 11:16:04 AM: Started Loading Domain Name Drop Down
3/22/2017 11:16:05 AM: Finished Loading Domain Name Drop Down
22-03-2017 11:23:59: Session End
3/22/2017 11:24:23 AM: Started Loading Domain Name Drop Down
3/22/2017 11:24:23 AM: Finished Loading Domain Name Drop Down
22-03-2017 11:26:32: Session End
3/22/2017 11:26:42 AM: Started Loading Domain Name Drop Down
3/22/2017 11:26:42 AM: Finished Loading Domain Name Drop Down
22-03-2017 11:32:49: Session End
3/22/2017 11:33:09 AM: Started Loading Domain Name Drop Down
3/22/2017 11:33:10 AM: Finished Loading Domain Name Drop Down
22-03-2017 11:34:58: Session End
3/22/2017 11:35:15 AM: Started Loading Domain Name Drop Down
3/22/2017 11:35:15 AM: Finished Loading Domain Name Drop Down
22-03-2017 11:35:15: Session End
22-03-2017 11:40:43: Session End
3/22/2017 11:41:01 AM: Started Loading Domain Name Drop Down
3/22/2017 11:41:01 AM: Finished Loading Domain Name Drop Down
22-03-2017 11:52:57: Session End
3/22/2017 11:53:10 AM: Started Loading Domain Name Drop Down
3/22/2017 11:53:10 AM: Finished Loading Domain Name Drop Down
22-03-2017 11:59:40: Session End
22-03-2017 12:00:26: Session End
3/22/2017 12:00:41 PM: Started Loading Domain Name Drop Down
3/22/2017 12:00:41 PM: Finished Loading Domain Name Drop Down
22-03-2017 12:03:40: Session End
3/22/2017 12:03:55 PM: Started Loading Domain Name Drop Down
3/22/2017 12:03:55 PM: Finished Loading Domain Name Drop Down
22-03-2017 12:05:56: Session End
22-03-2017 12:18:15: Session End
3/22/2017 12:18:29 PM: Started Loading Domain Name Drop Down
3/22/2017 12:18:29 PM: Finished Loading Domain Name Drop Down
22-03-2017 12:19:05: Session End
3/22/2017 12:19:15 PM: Started Loading Domain Name Drop Down
3/22/2017 12:19:16 PM: Finished Loading Domain Name Drop Down
22-03-2017 12:21:27: Session End
3/22/2017 12:21:41 PM: Started Loading Domain Name Drop Down
3/22/2017 12:21:41 PM: Finished Loading Domain Name Drop Down
22-03-2017 12:22:36: Session End
3/22/2017 12:22:49 PM: Started Loading Domain Name Drop Down
3/22/2017 12:22:49 PM: Finished Loading Domain Name Drop Down
22-03-2017 12:25:20: Session End
3/22/2017 12:25:32 PM: Started Loading Domain Name Drop Down
3/22/2017 12:25:32 PM: Finished Loading Domain Name Drop Down
22-03-2017 12:38:17: Session End
3/22/2017 12:38:29 PM: Started Loading Domain Name Drop Down
3/22/2017 12:38:29 PM: Finished Loading Domain Name Drop Down
22-03-2017 12:42:26: Session End
3/22/2017 12:43:02 PM: Started Loading Domain Name Drop Down
3/22/2017 12:43:02 PM: Finished Loading Domain Name Drop Down
22-03-2017 12:44:20: Session End
3/22/2017 12:45:19 PM: Started Loading Domain Name Drop Down
3/22/2017 12:45:19 PM: Finished Loading Domain Name Drop Down
22-03-2017 12:46:33: Session End
3/22/2017 12:46:47 PM: Started Loading Domain Name Drop Down
3/22/2017 12:46:47 PM: Finished Loading Domain Name Drop Down
22-03-2017 12:48:49: Session End
3/22/2017 12:49:04 PM: Started Loading Domain Name Drop Down
3/22/2017 12:49:04 PM: Finished Loading Domain Name Drop Down
22-03-2017 12:51:07: Session End
3/22/2017 12:51:18 PM: Started Loading Domain Name Drop Down
3/22/2017 12:51:19 PM: Finished Loading Domain Name Drop Down
22-03-2017 13:07:49: Session End
3/22/2017 1:08:12 PM: Started Loading Domain Name Drop Down
3/22/2017 1:08:12 PM: Finished Loading Domain Name Drop Down
22-03-2017 13:14:21: Session End
3/22/2017 1:15:10 PM: Started Loading Domain Name Drop Down
3/22/2017 1:15:10 PM: Finished Loading Domain Name Drop Down
22-03-2017 13:17:31: Session End
3/22/2017 1:17:45 PM: Started Loading Domain Name Drop Down
3/22/2017 1:17:45 PM: Finished Loading Domain Name Drop Down
22-03-2017 13:18:43: Session End
3/22/2017 1:18:56 PM: Started Loading Domain Name Drop Down
3/22/2017 1:18:56 PM: Finished Loading Domain Name Drop Down
22-03-2017 13:22:53: Session End
3/22/2017 1:23:05 PM: Started Loading Domain Name Drop Down
3/22/2017 1:23:05 PM: Finished Loading Domain Name Drop Down
22-03-2017 13:26:19: Session End
3/22/2017 1:28:58 PM: Started Loading Domain Name Drop Down
3/22/2017 1:28:59 PM: Finished Loading Domain Name Drop Down
22-03-2017 13:31:11: Session End
3/22/2017 1:31:25 PM: Started Loading Domain Name Drop Down
3/22/2017 1:31:26 PM: Finished Loading Domain Name Drop Down
22-03-2017 13:36:07: Session End
3/22/2017 1:37:12 PM: Started Loading Domain Name Drop Down
3/22/2017 1:37:12 PM: Finished Loading Domain Name Drop Down
22-03-2017 14:07:11: Session End
3/22/2017 3:02:36 PM: Started Loading Domain Name Drop Down
3/22/2017 3:02:37 PM: Finished Loading Domain Name Drop Down
22-03-2017 15:22:24: Session End
3/22/2017 3:24:21 PM: Started Loading Domain Name Drop Down
3/22/2017 3:24:22 PM: Finished Loading Domain Name Drop Down
22-03-2017 15:29:47: Session End
3/22/2017 3:30:09 PM: Started Loading Domain Name Drop Down
3/22/2017 3:30:09 PM: Finished Loading Domain Name Drop Down
22-03-2017 15:32:31: Session End
22-03-2017 15:39:38: Session End
22-03-2017 15:50:24: Session End
3/22/2017 3:50:36 PM: Started Loading Domain Name Drop Down
3/22/2017 3:50:37 PM: Finished Loading Domain Name Drop Down
22-03-2017 15:52:59: Session End
3/22/2017 3:53:45 PM: Started Loading Domain Name Drop Down
3/22/2017 3:53:45 PM: Finished Loading Domain Name Drop Down
22-03-2017 15:59:11: Session End
3/22/2017 3:59:33 PM: Started Loading Domain Name Drop Down
3/22/2017 3:59:33 PM: Finished Loading Domain Name Drop Down
22-03-2017 16:19:15: Session End
3/22/2017 4:19:30 PM: Started Loading Domain Name Drop Down
3/22/2017 4:19:30 PM: Finished Loading Domain Name Drop Down
22-03-2017 16:26:06: Session End
3/22/2017 4:26:21 PM: Started Loading Domain Name Drop Down
3/22/2017 4:26:21 PM: Finished Loading Domain Name Drop Down
22-03-2017 16:29:07: Session End
3/22/2017 4:37:20 PM: Started Loading Domain Name Drop Down
3/22/2017 4:37:21 PM: Finished Loading Domain Name Drop Down
22-03-2017 16:39:30: Session End
3/22/2017 4:39:48 PM: Started Loading Domain Name Drop Down
3/22/2017 4:39:49 PM: Finished Loading Domain Name Drop Down
22-03-2017 16:41:35: Session End
3/22/2017 4:41:48 PM: Started Loading Domain Name Drop Down
3/22/2017 4:41:49 PM: Finished Loading Domain Name Drop Down
22-03-2017 16:50:38: Session End
3/22/2017 4:50:55 PM: Started Loading Domain Name Drop Down
3/22/2017 4:50:56 PM: Finished Loading Domain Name Drop Down
22-03-2017 16:55:27: Session End
22-03-2017 16:55:58: Session End
3/22/2017 4:56:25 PM: Started Loading Domain Name Drop Down
3/22/2017 4:56:26 PM: Finished Loading Domain Name Drop Down
22-03-2017 17:17:46: Session End
3/22/2017 5:29:01 PM: Started Loading Domain Name Drop Down
3/22/2017 5:29:01 PM: Finished Loading Domain Name Drop Down
22-03-2017 17:30:22: Session End
3/22/2017 5:30:34 PM: Started Loading Domain Name Drop Down
3/22/2017 5:30:35 PM: Finished Loading Domain Name Drop Down
22-03-2017 17:30:35: Session End
22-03-2017 17:37:26: Session End
3/22/2017 5:38:06 PM: Started Loading Domain Name Drop Down
3/22/2017 5:38:06 PM: Finished Loading Domain Name Drop Down
22-03-2017 17:40:00: Session End
3/22/2017 5:40:13 PM: Started Loading Domain Name Drop Down
3/22/2017 5:40:14 PM: Finished Loading Domain Name Drop Down
22-03-2017 17:43:34: Session End
22-03-2017 17:43:44: Session End
3/22/2017 5:43:44 PM: Started Loading Domain Name Drop Down
3/22/2017 5:43:45 PM: Finished Loading Domain Name Drop Down
22-03-2017 17:44:57: Session End
3/22/2017 5:45:13 PM: Started Loading Domain Name Drop Down
3/22/2017 5:45:14 PM: Finished Loading Domain Name Drop Down
22-03-2017 17:46:59: Session End
3/22/2017 5:47:17 PM: Started Loading Domain Name Drop Down
3/22/2017 5:47:17 PM: Finished Loading Domain Name Drop Down
22-03-2017 17:48:35: Session End
3/22/2017 5:48:50 PM: Started Loading Domain Name Drop Down
3/22/2017 5:48:50 PM: Finished Loading Domain Name Drop Down
22-03-2017 17:54:14: Session End
3/22/2017 5:54:28 PM: Started Loading Domain Name Drop Down
3/22/2017 5:54:28 PM: Finished Loading Domain Name Drop Down
22-03-2017 17:56:02: Session End
3/22/2017 5:56:17 PM: Started Loading Domain Name Drop Down
3/22/2017 5:56:17 PM: Finished Loading Domain Name Drop Down
22-03-2017 17:58:37: Session End
3/22/2017 5:58:54 PM: Started Loading Domain Name Drop Down
3/22/2017 5:58:54 PM: Finished Loading Domain Name Drop Down
22-03-2017 18:01:07: Session End
3/22/2017 6:01:30 PM: Started Loading Domain Name Drop Down
3/22/2017 6:01:31 PM: Finished Loading Domain Name Drop Down
22-03-2017 18:04:06: Session End
3/22/2017 6:04:25 PM: Started Loading Domain Name Drop Down
3/22/2017 6:04:26 PM: Finished Loading Domain Name Drop Down
22-03-2017 18:06:13: Session End
3/22/2017 6:06:25 PM: Started Loading Domain Name Drop Down
3/22/2017 6:06:25 PM: Finished Loading Domain Name Drop Down
22-03-2017 18:06:25: Session End
22-03-2017 18:07:14: Session End
3/22/2017 6:07:26 PM: Started Loading Domain Name Drop Down
3/22/2017 6:07:26 PM: Finished Loading Domain Name Drop Down
22-03-2017 18:07:26: Session End
22-03-2017 18:09:06: Session End
3/22/2017 6:09:13 PM: Started Loading Domain Name Drop Down
3/22/2017 6:09:14 PM: Finished Loading Domain Name Drop Down
22-03-2017 18:09:14: Session End
22-03-2017 18:11:30: Session End
