4/6/2017 9:38:32 AM: Started Loading Domain Name Drop Down
4/6/2017 9:38:33 AM: Finished Loading Domain Name Drop Down
4/6/2017 9:44:36 AM: Started Loading Domain Name Drop Down
4/6/2017 9:44:36 AM: Finished Loading Domain Name Drop Down
4/6/2017 9:44:57 AM: Started Loading Domain Name Drop Down
4/6/2017 9:44:57 AM: Finished Loading Domain Name Drop Down
06-04-2017 09:59:40: Session End
06-04-2017 10:05:40: Session End
4/6/2017 10:26:19 AM: Started Loading Domain Name Drop Down
4/6/2017 10:26:19 AM: Finished Loading Domain Name Drop Down
06-04-2017 10:53:20: Session End
4/6/2017 12:05:52 PM: Started Loading Domain Name Drop Down
4/6/2017 12:05:53 PM: Finished Loading Domain Name Drop Down
06-04-2017 12:08:00: Session End
4/6/2017 12:08:25 PM: Started Loading Domain Name Drop Down
4/6/2017 12:08:29 PM: Finished Loading Domain Name Drop Down
06-04-2017 12:08:30: Session End
4/6/2017 12:12:16 PM: Started Loading Domain Name Drop Down
4/6/2017 12:12:16 PM: Finished Loading Domain Name Drop Down
4/6/2017 12:23:17 PM: Started Loading Domain Name Drop Down
4/6/2017 12:23:17 PM: Finished Loading Domain Name Drop Down
06-04-2017 12:29:40: Session End
06-04-2017 12:43:20: Session End
