4/13/2017 11:50:00 AM: Started Loading Domain Name Drop Down
4/13/2017 11:50:03 AM: Finished Loading Domain Name Drop Down
13-04-2017 12:05:50: Session End
13-04-2017 12:05:50: Session End
4/13/2017 12:05:57 PM: Started Loading Domain Name Drop Down
4/13/2017 12:05:58 PM: Finished Loading Domain Name Drop Down
13-04-2017 12:05:58: Session End
13-04-2017 12:08:35: Session End
4/13/2017 12:08:47 PM: Started Loading Domain Name Drop Down
4/13/2017 12:08:48 PM: Finished Loading Domain Name Drop Down
13-04-2017 12:08:48: Session End
13-04-2017 12:29:40: Session End
4/13/2017 2:41:06 PM: Started Loading Domain Name Drop Down
4/13/2017 2:41:06 PM: Finished Loading Domain Name Drop Down
13-04-2017 14:46:07: Session End
4/13/2017 2:46:27 PM: Started Loading Domain Name Drop Down
4/13/2017 2:46:27 PM: Finished Loading Domain Name Drop Down
13-04-2017 14:46:27: Session End
13-04-2017 15:27:07: Session End
4/13/2017 3:27:08 PM: Started Loading Domain Name Drop Down
4/13/2017 3:27:08 PM: Finished Loading Domain Name Drop Down
4/13/2017 3:29:40 PM: Started Loading Domain Name Drop Down
4/13/2017 3:29:40 PM: Finished Loading Domain Name Drop Down
13-04-2017 15:36:28: Session End
4/13/2017 3:37:02 PM: Started Loading Domain Name Drop Down
4/13/2017 3:37:03 PM: Finished Loading Domain Name Drop Down
13-04-2017 15:38:30: Session End
4/13/2017 3:38:52 PM: Started Loading Domain Name Drop Down
4/13/2017 3:38:53 PM: Finished Loading Domain Name Drop Down
13-04-2017 15:41:57: Session End
4/13/2017 3:42:12 PM: Started Loading Domain Name Drop Down
4/13/2017 3:42:13 PM: Finished Loading Domain Name Drop Down
13-04-2017 15:43:42: Session End
4/13/2017 3:43:55 PM: Started Loading Domain Name Drop Down
4/13/2017 3:43:56 PM: Finished Loading Domain Name Drop Down
13-04-2017 15:43:56: Session End
13-04-2017 15:48:48: Session End
4/13/2017 3:49:01 PM: Started Loading Domain Name Drop Down
4/13/2017 3:49:02 PM: Finished Loading Domain Name Drop Down
13-04-2017 15:49:02: Session End
13-04-2017 15:53:17: Session End
4/13/2017 3:53:27 PM: Started Loading Domain Name Drop Down
4/13/2017 3:53:27 PM: Finished Loading Domain Name Drop Down
13-04-2017 16:16:31: Session End
4/13/2017 4:16:43 PM: Started Loading Domain Name Drop Down
4/13/2017 4:16:44 PM: Finished Loading Domain Name Drop Down
13-04-2017 16:16:44: Session End
13-04-2017 16:18:53: Session End
4/13/2017 4:19:13 PM: Started Loading Domain Name Drop Down
4/13/2017 4:19:13 PM: Finished Loading Domain Name Drop Down
13-04-2017 16:22:49: Session End
4/13/2017 4:23:05 PM: Started Loading Domain Name Drop Down
4/13/2017 4:23:05 PM: Finished Loading Domain Name Drop Down
13-04-2017 16:23:05: Session End
13-04-2017 16:25:29: Session End
4/13/2017 4:25:39 PM: Started Loading Domain Name Drop Down
4/13/2017 4:25:40 PM: Finished Loading Domain Name Drop Down
13-04-2017 16:25:40: Session End
13-04-2017 16:30:35: Session End
4/13/2017 4:30:48 PM: Started Loading Domain Name Drop Down
4/13/2017 4:30:48 PM: Finished Loading Domain Name Drop Down
13-04-2017 16:30:48: Session End
13-04-2017 16:36:09: Session End
4/13/2017 4:36:22 PM: Started Loading Domain Name Drop Down
4/13/2017 4:36:23 PM: Finished Loading Domain Name Drop Down
13-04-2017 16:36:23: Session End
13-04-2017 17:06:18: Session End
13-04-2017 17:35:13: Session End
4/13/2017 5:35:24 PM: Started Loading Domain Name Drop Down
4/13/2017 5:35:25 PM: Finished Loading Domain Name Drop Down
13-04-2017 17:35:25: Session End
13-04-2017 17:40:34: Session End
4/13/2017 5:40:43 PM: Started Loading Domain Name Drop Down
4/13/2017 5:40:44 PM: Finished Loading Domain Name Drop Down
13-04-2017 17:40:44: Session End
13-04-2017 18:01:20: Session End
