10/11/2017 10:31:05 AM: Started Loading Domain Name Drop Down
10/11/2017 10:31:05 AM: Finished Loading Domain Name Drop Down
11-10-2017 10:40:03: Session End
10/11/2017 10:41:13 AM: Started Loading Domain Name Drop Down
10/11/2017 10:41:13 AM: Finished Loading Domain Name Drop Down
10/11/2017 10:41:22 AM: Started Loading Domain Name Drop Down
10/11/2017 10:41:22 AM: Finished Loading Domain Name Drop Down
11-10-2017 10:47:29: Session End
10/11/2017 10:47:38 AM: Started Loading Domain Name Drop Down
10/11/2017 10:47:38 AM: Finished Loading Domain Name Drop Down
11-10-2017 10:48:52: Session End
10/11/2017 10:48:56 AM: Started Loading Domain Name Drop Down
10/11/2017 10:48:56 AM: Finished Loading Domain Name Drop Down
11-10-2017 11:09:40: Session End
10/11/2017 11:11:02 AM: Started Loading Domain Name Drop Down
10/11/2017 11:11:02 AM: Finished Loading Domain Name Drop Down
11-10-2017 11:13:10: Session End
11-10-2017 11:33:20: Session End
10/11/2017 11:38:26 AM: Started Loading Domain Name Drop Down
10/11/2017 11:38:26 AM: Finished Loading Domain Name Drop Down
11-10-2017 11:49:16: Session End
10/11/2017 11:49:24 AM: Started Loading Domain Name Drop Down
10/11/2017 11:49:24 AM: Finished Loading Domain Name Drop Down
11-10-2017 11:54:29: Session End
10/11/2017 11:58:00 AM: Started Loading Domain Name Drop Down
10/11/2017 11:58:00 AM: Finished Loading Domain Name Drop Down
11-10-2017 12:34:48: Session End
10/11/2017 12:34:52 PM: Started Loading Domain Name Drop Down
10/11/2017 12:34:52 PM: Finished Loading Domain Name Drop Down
11-10-2017 12:37:28: Session End
10/11/2017 1:24:41 PM: Started Loading Domain Name Drop Down
10/11/2017 1:24:41 PM: Finished Loading Domain Name Drop Down
11-10-2017 13:26:12: Session End
10/11/2017 2:53:28 PM: Started Loading Domain Name Drop Down
10/11/2017 2:53:28 PM: Finished Loading Domain Name Drop Down
10/11/2017 2:53:52 PM: Started Loading Domain Name Drop Down
10/11/2017 2:53:52 PM: Finished Loading Domain Name Drop Down
11-10-2017 14:58:48: Session End
10/11/2017 2:58:57 PM: Started Loading Domain Name Drop Down
10/11/2017 2:58:57 PM: Finished Loading Domain Name Drop Down
10/11/2017 2:59:06 PM: Started Loading Domain Name Drop Down
10/11/2017 2:59:06 PM: Finished Loading Domain Name Drop Down
11-10-2017 15:01:40: Session End
10/11/2017 3:33:10 PM: Started Loading Domain Name Drop Down
10/11/2017 3:33:10 PM: Finished Loading Domain Name Drop Down
10/11/2017 3:33:20 PM: Started Loading Domain Name Drop Down
10/11/2017 3:33:20 PM: Finished Loading Domain Name Drop Down
11-10-2017 15:37:42: Session End
10/11/2017 3:38:01 PM: Started Loading Domain Name Drop Down
10/11/2017 3:38:01 PM: Finished Loading Domain Name Drop Down
11-10-2017 15:40:12: Session End
10/11/2017 3:41:45 PM: Started Loading Domain Name Drop Down
10/11/2017 3:41:45 PM: Finished Loading Domain Name Drop Down
10/11/2017 3:41:56 PM: Started Loading Domain Name Drop Down
10/11/2017 3:41:56 PM: Finished Loading Domain Name Drop Down
10/11/2017 3:42:46 PM: Started Loading Domain Name Drop Down
10/11/2017 3:42:46 PM: Finished Loading Domain Name Drop Down
11-10-2017 15:43:50: Session End
10/11/2017 4:01:27 PM: Started Loading Domain Name Drop Down
10/11/2017 4:01:27 PM: Finished Loading Domain Name Drop Down
11-10-2017 16:05:37: Session End
10/11/2017 4:16:33 PM: Started Loading Domain Name Drop Down
10/11/2017 4:16:33 PM: Finished Loading Domain Name Drop Down
10/11/2017 4:16:45 PM: Started Loading Domain Name Drop Down
10/11/2017 4:16:45 PM: Finished Loading Domain Name Drop Down
11-10-2017 16:19:02: Session End
10/11/2017 4:19:14 PM: Started Loading Domain Name Drop Down
10/11/2017 4:19:14 PM: Finished Loading Domain Name Drop Down
11-10-2017 16:20:45: Session End
11-10-2017 16:23:18: Session End
10/11/2017 4:24:17 PM: Started Loading Domain Name Drop Down
10/11/2017 4:24:17 PM: Finished Loading Domain Name Drop Down
10/11/2017 4:24:29 PM: Started Loading Domain Name Drop Down
10/11/2017 4:24:29 PM: Finished Loading Domain Name Drop Down
10/11/2017 4:25:05 PM: Started Loading Domain Name Drop Down
10/11/2017 4:25:05 PM: Finished Loading Domain Name Drop Down
11-10-2017 16:34:00: Session End
10/11/2017 4:41:10 PM: Started Loading Domain Name Drop Down
10/11/2017 4:41:33 PM: Started Loading Domain Name Drop Down
11-10-2017 16:42:16: Session End
10/11/2017 4:42:36 PM: Started Loading Domain Name Drop Down
10/11/2017 4:42:59 PM: Started Loading Domain Name Drop Down
11-10-2017 16:43:28: Session End
10/11/2017 4:44:13 PM: Started Loading Domain Name Drop Down
10/11/2017 4:44:23 PM: Finished Loading Domain Name Drop Down
11-10-2017 16:45:11: Session End
10/11/2017 4:45:16 PM: Started Loading Domain Name Drop Down
10/11/2017 4:45:16 PM: Finished Loading Domain Name Drop Down
10/11/2017 4:45:32 PM: Started Loading Domain Name Drop Down
10/11/2017 4:45:32 PM: Finished Loading Domain Name Drop Down
10/11/2017 4:46:38 PM: Started Loading Domain Name Drop Down
10/11/2017 4:46:38 PM: Finished Loading Domain Name Drop Down
11-10-2017 16:46:55: Session End
