5/5/2017 11:16:15 AM: Started Loading Domain Name Drop Down
5/5/2017 11:16:21 AM: Finished Loading Domain Name Drop Down
05-05-2017 11:36:40: Session End
5/5/2017 11:38:25 AM: Started Loading Domain Name Drop Down
5/5/2017 11:38:25 AM: Finished Loading Domain Name Drop Down
05-05-2017 11:58:40: Session End
5/5/2017 12:21:18 PM: Started Loading Domain Name Drop Down
5/5/2017 12:21:18 PM: Finished Loading Domain Name Drop Down
05-05-2017 12:43:01: Session End
5/5/2017 12:49:20 PM: Started Loading Domain Name Drop Down
5/5/2017 12:49:20 PM: Finished Loading Domain Name Drop Down
05-05-2017 13:09:21: Session End
5/5/2017 3:37:17 PM: Started Loading Domain Name Drop Down
5/5/2017 3:37:19 PM: Finished Loading Domain Name Drop Down
05-05-2017 15:37:19: Session End
05-05-2017 16:05:48: Session End
5/5/2017 4:06:02 PM: Started Loading Domain Name Drop Down
5/5/2017 4:06:03 PM: Finished Loading Domain Name Drop Down
05-05-2017 16:06:03: Session End
05-05-2017 16:48:55: Session End
