11/20/2017 10:34:00 AM: Started Loading Domain Name Drop Down
11/20/2017 10:34:06 AM: Finished Loading Domain Name Drop Down
11/20/2017 10:34:56 AM: Started Loading Domain Name Drop Down
11/20/2017 10:34:56 AM: Finished Loading Domain Name Drop Down
20-11-2017 11:14:23: Session End
11/20/2017 11:19:51 AM: Started Loading Domain Name Drop Down
11/20/2017 11:19:55 AM: Finished Loading Domain Name Drop Down
20-11-2017 11:48:21: Session End
11/20/2017 11:49:18 AM: Started Loading Domain Name Drop Down
11/20/2017 11:49:19 AM: Finished Loading Domain Name Drop Down
11/20/2017 11:49:36 AM: Started Loading Domain Name Drop Down
11/20/2017 11:49:36 AM: Finished Loading Domain Name Drop Down
20-11-2017 11:54:01: Session End
11/20/2017 11:54:51 AM: Started Loading Domain Name Drop Down
11/20/2017 11:54:52 AM: Finished Loading Domain Name Drop Down
20-11-2017 12:17:55: Session End
11/20/2017 12:19:01 PM: Started Loading Domain Name Drop Down
11/20/2017 12:19:05 PM: Finished Loading Domain Name Drop Down
20-11-2017 12:26:06: Session End
11/20/2017 12:27:57 PM: Started Loading Domain Name Drop Down
11/20/2017 12:27:59 PM: Finished Loading Domain Name Drop Down
11/20/2017 12:28:31 PM: Started Loading Domain Name Drop Down
11/20/2017 12:28:31 PM: Finished Loading Domain Name Drop Down
20-11-2017 12:40:20: Session End
20-11-2017 12:41:01: Session End
11/20/2017 12:41:02 PM: Started Loading Domain Name Drop Down
11/20/2017 12:41:05 PM: Finished Loading Domain Name Drop Down
11/20/2017 1:48:27 PM: Started Loading Domain Name Drop Down
11/20/2017 1:48:29 PM: Finished Loading Domain Name Drop Down
20-11-2017 14:08:29: Session End
11/20/2017 3:06:13 PM: Started Loading Domain Name Drop Down
11/20/2017 3:06:13 PM: Finished Loading Domain Name Drop Down
20-11-2017 15:24:27: Session End
11/20/2017 3:24:39 PM: Started Loading Domain Name Drop Down
11/20/2017 3:24:40 PM: Finished Loading Domain Name Drop Down
11/20/2017 3:24:40 PM: Started Loading Domain Name Drop Down
11/20/2017 3:24:40 PM: Finished Loading Domain Name Drop Down
20-11-2017 15:32:56: Session End
11/20/2017 3:33:12 PM: Started Loading Domain Name Drop Down
11/20/2017 3:33:12 PM: Finished Loading Domain Name Drop Down
20-11-2017 15:40:00: Session End
11/20/2017 3:40:36 PM: Started Loading Domain Name Drop Down
11/20/2017 3:40:37 PM: Finished Loading Domain Name Drop Down
20-11-2017 15:46:10: Session End
11/20/2017 3:46:25 PM: Started Loading Domain Name Drop Down
11/20/2017 3:46:25 PM: Finished Loading Domain Name Drop Down
11/20/2017 3:46:37 PM: Started Loading Domain Name Drop Down
11/20/2017 3:46:37 PM: Finished Loading Domain Name Drop Down
20-11-2017 15:55:36: Session End
11/20/2017 3:55:46 PM: Started Loading Domain Name Drop Down
11/20/2017 3:55:46 PM: Finished Loading Domain Name Drop Down
11/20/2017 3:55:46 PM: Started Loading Domain Name Drop Down
11/20/2017 3:55:46 PM: Finished Loading Domain Name Drop Down
20-11-2017 16:06:00: Session End
11/20/2017 4:06:14 PM: Started Loading Domain Name Drop Down
11/20/2017 4:06:15 PM: Finished Loading Domain Name Drop Down
20-11-2017 16:15:14: Session End
11/20/2017 4:15:26 PM: Started Loading Domain Name Drop Down
11/20/2017 4:15:26 PM: Finished Loading Domain Name Drop Down
20-11-2017 16:22:33: Session End
11/20/2017 4:22:47 PM: Started Loading Domain Name Drop Down
11/20/2017 4:22:48 PM: Finished Loading Domain Name Drop Down
20-11-2017 16:33:42: Session End
11/20/2017 4:33:58 PM: Started Loading Domain Name Drop Down
11/20/2017 4:33:59 PM: Finished Loading Domain Name Drop Down
20-11-2017 16:56:23: Session End
11/20/2017 4:56:34 PM: Started Loading Domain Name Drop Down
11/20/2017 4:56:35 PM: Finished Loading Domain Name Drop Down
20-11-2017 17:32:38: Session End
11/20/2017 5:32:48 PM: Started Loading Domain Name Drop Down
11/20/2017 5:32:48 PM: Finished Loading Domain Name Drop Down
20-11-2017 17:59:15: Session End
11/20/2017 5:59:29 PM: Started Loading Domain Name Drop Down
11/20/2017 5:59:30 PM: Finished Loading Domain Name Drop Down
20-11-2017 18:13:42: Session End
11/20/2017 6:13:56 PM: Started Loading Domain Name Drop Down
11/20/2017 6:13:56 PM: Finished Loading Domain Name Drop Down
20-11-2017 18:16:31: Session End
11/20/2017 6:16:47 PM: Started Loading Domain Name Drop Down
11/20/2017 6:16:47 PM: Finished Loading Domain Name Drop Down
11/20/2017 6:16:47 PM: Started Loading Domain Name Drop Down
11/20/2017 6:16:47 PM: Finished Loading Domain Name Drop Down
20-11-2017 18:26:58: Session End
11/20/2017 6:27:15 PM: Started Loading Domain Name Drop Down
11/20/2017 6:27:16 PM: Finished Loading Domain Name Drop Down
20-11-2017 18:30:42: Session End
11/20/2017 6:30:56 PM: Started Loading Domain Name Drop Down
11/20/2017 6:30:57 PM: Finished Loading Domain Name Drop Down
20-11-2017 18:35:29: Session End
11/20/2017 6:35:41 PM: Started Loading Domain Name Drop Down
11/20/2017 6:35:42 PM: Finished Loading Domain Name Drop Down
20-11-2017 18:39:54: Session End
11/20/2017 6:40:06 PM: Started Loading Domain Name Drop Down
11/20/2017 6:40:07 PM: Finished Loading Domain Name Drop Down
20-11-2017 18:44:40: Session End
11/20/2017 6:44:55 PM: Started Loading Domain Name Drop Down
11/20/2017 6:44:55 PM: Finished Loading Domain Name Drop Down
20-11-2017 18:48:12: Session End
11/20/2017 6:48:28 PM: Started Loading Domain Name Drop Down
11/20/2017 6:48:28 PM: Finished Loading Domain Name Drop Down
11/20/2017 6:51:57 PM: Started Loading Domain Name Drop Down
11/20/2017 6:51:57 PM: Finished Loading Domain Name Drop Down
20-11-2017 18:54:06: Session End
