5/26/2017 10:46:36 AM: Started Loading Domain Name Drop Down
5/26/2017 10:46:37 AM: Finished Loading Domain Name Drop Down
5/26/2017 11:57:15 AM: Started Loading Domain Name Drop Down
5/26/2017 11:57:17 AM: Finished Loading Domain Name Drop Down
26-05-2017 12:35:16: Session End
5/26/2017 3:45:50 PM: Started Loading Domain Name Drop Down
5/26/2017 3:45:51 PM: Finished Loading Domain Name Drop Down
26-05-2017 16:12:31: Session End
5/26/2017 4:12:42 PM: Started Loading Domain Name Drop Down
5/26/2017 4:12:43 PM: Finished Loading Domain Name Drop Down
26-05-2017 16:12:43: Session End
26-05-2017 16:16:43: Session End
5/26/2017 4:17:05 PM: Started Loading Domain Name Drop Down
5/26/2017 4:17:05 PM: Finished Loading Domain Name Drop Down
26-05-2017 16:38:40: Session End
5/26/2017 4:55:25 PM: Started Loading Domain Name Drop Down
5/26/2017 4:55:25 PM: Finished Loading Domain Name Drop Down
26-05-2017 16:58:05: Session End
5/26/2017 4:58:16 PM: Started Loading Domain Name Drop Down
5/26/2017 4:58:17 PM: Finished Loading Domain Name Drop Down
26-05-2017 16:58:17: Session End
26-05-2017 17:02:57: Session End
5/26/2017 5:36:53 PM: Started Loading Domain Name Drop Down
5/26/2017 5:36:53 PM: Finished Loading Domain Name Drop Down
26-05-2017 17:38:04: Session End
5/26/2017 5:46:33 PM: Started Loading Domain Name Drop Down
5/26/2017 5:46:33 PM: Finished Loading Domain Name Drop Down
26-05-2017 17:48:15: Session End
5/26/2017 5:50:03 PM: Started Loading Domain Name Drop Down
5/26/2017 5:50:03 PM: Finished Loading Domain Name Drop Down
26-05-2017 17:57:29: Session End
5/26/2017 5:57:42 PM: Started Loading Domain Name Drop Down
5/26/2017 5:57:42 PM: Finished Loading Domain Name Drop Down
26-05-2017 18:11:29: Session End
5/26/2017 6:11:50 PM: Started Loading Domain Name Drop Down
5/26/2017 6:11:51 PM: Finished Loading Domain Name Drop Down
26-05-2017 18:11:51: Session End
26-05-2017 18:16:11: Session End
5/26/2017 6:16:23 PM: Started Loading Domain Name Drop Down
5/26/2017 6:16:23 PM: Finished Loading Domain Name Drop Down
26-05-2017 18:21:03: Session End
5/26/2017 6:21:49 PM: Started Loading Domain Name Drop Down
5/26/2017 6:21:49 PM: Finished Loading Domain Name Drop Down
5/26/2017 6:41:55 PM: Started Loading Domain Name Drop Down
5/26/2017 6:41:55 PM: Finished Loading Domain Name Drop Down
26-05-2017 18:41:55: Session End
26-05-2017 18:48:14: Session End
5/26/2017 6:48:27 PM: Started Loading Domain Name Drop Down
5/26/2017 6:48:28 PM: Finished Loading Domain Name Drop Down
26-05-2017 18:48:28: Session End
26-05-2017 19:01:03: Session End
5/26/2017 7:01:15 PM: Started Loading Domain Name Drop Down
5/26/2017 7:01:16 PM: Finished Loading Domain Name Drop Down
26-05-2017 19:01:16: Session End
26-05-2017 19:04:57: Session End
5/26/2017 9:50:14 PM: Started Loading Domain Name Drop Down
5/26/2017 9:50:16 PM: Finished Loading Domain Name Drop Down
26-05-2017 22:11:15: Session End
5/26/2017 10:11:38 PM: Started Loading Domain Name Drop Down
5/26/2017 10:11:39 PM: Finished Loading Domain Name Drop Down
26-05-2017 22:35:07: Session End
5/26/2017 11:17:57 PM: Started Loading Domain Name Drop Down
5/26/2017 11:17:58 PM: Finished Loading Domain Name Drop Down
26-05-2017 23:21:07: Session End
5/26/2017 11:21:18 PM: Started Loading Domain Name Drop Down
5/26/2017 11:21:19 PM: Finished Loading Domain Name Drop Down
26-05-2017 23:21:19: Session End
26-05-2017 23:29:33: Session End
5/26/2017 11:30:25 PM: Started Loading Domain Name Drop Down
5/26/2017 11:30:25 PM: Finished Loading Domain Name Drop Down
26-05-2017 23:55:00: Session End
