12/15/2017 10:44:06 AM: Started Loading Domain Name Drop Down
12/15/2017 10:44:08 AM: Finished Loading Domain Name Drop Down
12/15/2017 10:44:56 AM: Started Loading Domain Name Drop Down
12/15/2017 10:44:56 AM: Finished Loading Domain Name Drop Down
12/15/2017 10:46:06 AM: Started Loading Domain Name Drop Down
12/15/2017 10:46:06 AM: Finished Loading Domain Name Drop Down
12/15/2017 10:46:10 AM: Started Loading Domain Name Drop Down
12/15/2017 10:46:10 AM: Finished Loading Domain Name Drop Down
15-12-2017 10:53:42: Session End
12/15/2017 10:54:11 AM: Started Loading Domain Name Drop Down
12/15/2017 10:54:12 AM: Finished Loading Domain Name Drop Down
15-12-2017 11:36:16: Session End
12/15/2017 4:56:29 PM: Started Loading Domain Name Drop Down
12/15/2017 4:56:31 PM: Finished Loading Domain Name Drop Down
12/15/2017 5:01:13 PM: Started Loading Domain Name Drop Down
12/15/2017 5:01:13 PM: Finished Loading Domain Name Drop Down
12/15/2017 5:02:39 PM: Started Loading Domain Name Drop Down
12/15/2017 5:02:39 PM: Finished Loading Domain Name Drop Down
12/15/2017 5:02:45 PM: Started Loading Domain Name Drop Down
12/15/2017 5:02:45 PM: Finished Loading Domain Name Drop Down
15-12-2017 17:26:41: Session End
