3/7/2017 11:50:46 AM: Started Loading Domain Name Drop Down
3/7/2017 11:50:47 AM: Finished Loading Domain Name Drop Down
07-03-2017 12:12:42: Session End
3/7/2017 12:12:58 PM: Started Loading Domain Name Drop Down
3/7/2017 12:12:59 PM: Finished Loading Domain Name Drop Down
07-03-2017 12:20:38: Session End
3/7/2017 12:21:36 PM: Started Loading Domain Name Drop Down
3/7/2017 12:21:36 PM: Finished Loading Domain Name Drop Down
07-03-2017 12:26:11: Session End
3/7/2017 12:26:21 PM: Started Loading Domain Name Drop Down
3/7/2017 12:26:22 PM: Finished Loading Domain Name Drop Down
07-03-2017 12:29:23: Session End
3/7/2017 12:29:36 PM: Started Loading Domain Name Drop Down
3/7/2017 12:29:36 PM: Finished Loading Domain Name Drop Down
07-03-2017 12:31:58: Session End
3/7/2017 12:32:10 PM: Started Loading Domain Name Drop Down
3/7/2017 12:32:11 PM: Finished Loading Domain Name Drop Down
07-03-2017 12:37:46: Session End
3/7/2017 12:37:58 PM: Started Loading Domain Name Drop Down
3/7/2017 12:37:59 PM: Finished Loading Domain Name Drop Down
07-03-2017 12:47:27: Session End
3/7/2017 12:47:42 PM: Started Loading Domain Name Drop Down
3/7/2017 12:47:42 PM: Finished Loading Domain Name Drop Down
07-03-2017 13:11:21: Session End
07-03-2017 16:52:44: Session End
