1/21/2017 10:54:05 AM: Started Loading Domain Name Drop Down
1/21/2017 10:54:05 AM: Finished Loading Domain Name Drop Down
21-01-2017 11:04:32: Session End
1/21/2017 12:12:23 PM: Started Loading Domain Name Drop Down
1/21/2017 12:12:23 PM: Finished Loading Domain Name Drop Down
21-01-2017 12:34:18: Session End
1/21/2017 12:38:21 PM: Started Loading Domain Name Drop Down
1/21/2017 12:38:21 PM: Finished Loading Domain Name Drop Down
1/21/2017 12:58:41 PM: Started Loading Domain Name Drop Down
1/21/2017 12:58:41 PM: Finished Loading Domain Name Drop Down
1/21/2017 12:58:43 PM: Started Loading Domain Name Drop Down
1/21/2017 12:58:43 PM: Finished Loading Domain Name Drop Down
21-01-2017 13:19:04: Session End
21-01-2017 13:43:32: Session End
1/21/2017 3:00:15 PM: Started Loading Domain Name Drop Down
1/21/2017 3:00:15 PM: Finished Loading Domain Name Drop Down
1/21/2017 3:18:20 PM: Started Loading Domain Name Drop Down
1/21/2017 3:18:20 PM: Finished Loading Domain Name Drop Down
21-01-2017 15:38:36: Session End
1/21/2017 4:41:31 PM: Started Loading Domain Name Drop Down
1/21/2017 4:41:32 PM: Finished Loading Domain Name Drop Down
21-01-2017 16:51:47: Session End
1/21/2017 4:52:00 PM: Started Loading Domain Name Drop Down
1/21/2017 4:52:01 PM: Finished Loading Domain Name Drop Down
21-01-2017 17:52:40: Session End
1/21/2017 5:59:05 PM: Started Loading Domain Name Drop Down
1/21/2017 5:59:05 PM: Finished Loading Domain Name Drop Down
21-01-2017 17:59:21: Session End
