3/30/2017 11:42:52 AM: Started Loading Domain Name Drop Down
3/30/2017 11:42:53 AM: Finished Loading Domain Name Drop Down
30-03-2017 12:03:02: Session End
30-03-2017 12:40:44: Session End
3/30/2017 12:57:28 PM: Started Loading Domain Name Drop Down
3/30/2017 12:57:28 PM: Finished Loading Domain Name Drop Down
30-03-2017 12:57:28: Session End
30-03-2017 13:36:14: Session End
3/30/2017 4:39:48 PM: Started Loading Domain Name Drop Down
3/30/2017 4:39:49 PM: Finished Loading Domain Name Drop Down
30-03-2017 16:54:18: Session End
3/30/2017 4:54:29 PM: Started Loading Domain Name Drop Down
3/30/2017 4:54:29 PM: Finished Loading Domain Name Drop Down
30-03-2017 17:17:44: Session End
3/30/2017 6:02:38 PM: Started Loading Domain Name Drop Down
3/30/2017 6:02:38 PM: Finished Loading Domain Name Drop Down
30-03-2017 18:02:45: Session End
3/30/2017 6:02:51 PM: Started Loading Domain Name Drop Down
3/30/2017 6:02:52 PM: Finished Loading Domain Name Drop Down
30-03-2017 18:23:00: Session End
30-03-2017 18:45:40: Session End
