8/14/2017 10:32:25 AM: Started Loading Domain Name Drop Down
8/14/2017 10:32:25 AM: Finished Loading Domain Name Drop Down
8/14/2017 10:37:01 AM: Started Loading Domain Name Drop Down
8/14/2017 10:37:01 AM: Finished Loading Domain Name Drop Down
14-08-2017 11:06:09: Session End
8/14/2017 1:46:39 PM: Started Loading Domain Name Drop Down
8/14/2017 1:46:40 PM: Finished Loading Domain Name Drop Down
14-08-2017 13:48:06: Session End
8/14/2017 1:48:26 PM: Started Loading Domain Name Drop Down
8/14/2017 1:48:27 PM: Finished Loading Domain Name Drop Down
14-08-2017 14:02:21: Session End
8/14/2017 2:02:31 PM: Started Loading Domain Name Drop Down
8/14/2017 2:02:31 PM: Finished Loading Domain Name Drop Down
14-08-2017 14:24:20: Session End
8/14/2017 2:38:09 PM: Started Loading Domain Name Drop Down
8/14/2017 2:38:10 PM: Finished Loading Domain Name Drop Down
14-08-2017 14:51:52: Session End
8/14/2017 2:51:57 PM: Started Loading Domain Name Drop Down
8/14/2017 2:51:58 PM: Finished Loading Domain Name Drop Down
14-08-2017 14:54:40: Session End
8/14/2017 2:54:51 PM: Started Loading Domain Name Drop Down
8/14/2017 2:54:52 PM: Finished Loading Domain Name Drop Down
14-08-2017 15:15:00: Session End
14-08-2017 15:47:50: Session End
8/14/2017 4:13:59 PM: Started Loading Domain Name Drop Down
8/14/2017 4:14:00 PM: Finished Loading Domain Name Drop Down
8/14/2017 4:14:16 PM: Started Loading Domain Name Drop Down
8/14/2017 4:14:16 PM: Finished Loading Domain Name Drop Down
14-08-2017 16:34:51: Session End
8/14/2017 5:02:30 PM: Started Loading Domain Name Drop Down
8/14/2017 5:02:31 PM: Finished Loading Domain Name Drop Down
14-08-2017 17:03:38: Session End
8/14/2017 5:03:45 PM: Started Loading Domain Name Drop Down
8/14/2017 5:03:45 PM: Finished Loading Domain Name Drop Down
14-08-2017 17:05:53: Session End
8/14/2017 5:06:06 PM: Started Loading Domain Name Drop Down
8/14/2017 5:06:07 PM: Finished Loading Domain Name Drop Down
14-08-2017 17:07:50: Session End
8/14/2017 5:08:00 PM: Started Loading Domain Name Drop Down
8/14/2017 5:08:01 PM: Finished Loading Domain Name Drop Down
14-08-2017 17:29:42: Session End
8/14/2017 5:43:27 PM: Started Loading Domain Name Drop Down
8/14/2017 5:43:29 PM: Finished Loading Domain Name Drop Down
8/14/2017 5:43:53 PM: Started Loading Domain Name Drop Down
8/14/2017 5:43:53 PM: Finished Loading Domain Name Drop Down
14-08-2017 18:37:38: Session End
