4/4/2017 10:25:53 AM: Started Loading Domain Name Drop Down
4/4/2017 10:25:53 AM: Finished Loading Domain Name Drop Down
4/4/2017 10:28:56 AM: Started Loading Domain Name Drop Down
4/4/2017 10:28:56 AM: Finished Loading Domain Name Drop Down
04-04-2017 10:29:28: Session End
4/4/2017 12:17:36 PM: Started Loading Domain Name Drop Down
4/4/2017 12:17:37 PM: Finished Loading Domain Name Drop Down
04-04-2017 12:48:58: Session End
4/4/2017 1:19:07 PM: Started Loading Domain Name Drop Down
4/4/2017 1:19:07 PM: Finished Loading Domain Name Drop Down
04-04-2017 13:39:19: Session End
4/4/2017 1:47:00 PM: Started Loading Domain Name Drop Down
4/4/2017 1:47:00 PM: Finished Loading Domain Name Drop Down
04-04-2017 13:49:32: Session End
4/4/2017 1:51:06 PM: Started Loading Domain Name Drop Down
4/4/2017 1:51:06 PM: Finished Loading Domain Name Drop Down
04-04-2017 13:51:06: Session End
04-04-2017 14:04:04: Session End
4/4/2017 5:08:38 PM: Started Loading Domain Name Drop Down
4/4/2017 5:08:39 PM: Finished Loading Domain Name Drop Down
04-04-2017 17:33:00: Session End
