3/4/2017 10:34:00 AM: Started Loading Domain Name Drop Down
3/4/2017 10:34:02 AM: Finished Loading Domain Name Drop Down
3/4/2017 10:35:00 AM: Started Loading Domain Name Drop Down
3/4/2017 10:35:00 AM: Finished Loading Domain Name Drop Down
04-03-2017 11:00:40: Session End
04-03-2017 11:08:16: Session End
3/4/2017 11:09:37 AM: Started Loading Domain Name Drop Down
3/4/2017 11:09:37 AM: Finished Loading Domain Name Drop Down
3/4/2017 11:17:12 AM: Started Loading Domain Name Drop Down
3/4/2017 11:17:12 AM: Finished Loading Domain Name Drop Down
04-03-2017 11:34:22: Session End
04-03-2017 11:37:22: Session End
3/4/2017 12:07:36 PM: Started Loading Domain Name Drop Down
3/4/2017 12:07:36 PM: Finished Loading Domain Name Drop Down
04-03-2017 13:28:39: Session End
3/4/2017 1:30:21 PM: Started Loading Domain Name Drop Down
3/4/2017 1:30:21 PM: Finished Loading Domain Name Drop Down
04-03-2017 13:50:41: Session End
3/4/2017 2:28:10 PM: Started Loading Domain Name Drop Down
3/4/2017 2:28:11 PM: Finished Loading Domain Name Drop Down
04-03-2017 14:35:06: Session End
3/4/2017 2:36:02 PM: Started Loading Domain Name Drop Down
3/4/2017 2:36:08 PM: Finished Loading Domain Name Drop Down
04-03-2017 14:36:15: Session End
3/4/2017 2:37:00 PM: Started Loading Domain Name Drop Down
3/4/2017 2:37:00 PM: Finished Loading Domain Name Drop Down
04-03-2017 14:42:12: Session End
3/4/2017 2:43:22 PM: Started Loading Domain Name Drop Down
3/4/2017 2:43:24 PM: Finished Loading Domain Name Drop Down
04-03-2017 15:03:40: Session End
