29-05-2017 09:59:05: Session End
5/29/2017 10:04:29 AM: Started Loading Domain Name Drop Down
5/29/2017 10:04:31 AM: Finished Loading Domain Name Drop Down
29-05-2017 10:25:40: Session End
5/29/2017 11:03:19 AM: Started Loading Domain Name Drop Down
5/29/2017 11:03:22 AM: Finished Loading Domain Name Drop Down
29-05-2017 11:20:41: Session End
5/29/2017 11:20:53 AM: Started Loading Domain Name Drop Down
5/29/2017 11:20:54 AM: Finished Loading Domain Name Drop Down
29-05-2017 11:43:00: Session End
5/29/2017 3:00:35 PM: Started Loading Domain Name Drop Down
5/29/2017 3:00:37 PM: Finished Loading Domain Name Drop Down
29-05-2017 15:05:01: Session End
5/29/2017 3:05:15 PM: Started Loading Domain Name Drop Down
5/29/2017 3:05:16 PM: Finished Loading Domain Name Drop Down
29-05-2017 15:05:16: Session End
29-05-2017 15:08:13: Session End
5/29/2017 3:08:22 PM: Started Loading Domain Name Drop Down
5/29/2017 3:08:23 PM: Finished Loading Domain Name Drop Down
29-05-2017 15:08:23: Session End
29-05-2017 15:09:54: Session End
5/29/2017 3:10:04 PM: Started Loading Domain Name Drop Down
5/29/2017 3:10:05 PM: Finished Loading Domain Name Drop Down
29-05-2017 15:10:05: Session End
29-05-2017 15:10:56: Session End
5/29/2017 3:11:07 PM: Started Loading Domain Name Drop Down
5/29/2017 3:11:08 PM: Finished Loading Domain Name Drop Down
29-05-2017 15:11:08: Session End
29-05-2017 15:12:47: Session End
5/29/2017 3:12:55 PM: Started Loading Domain Name Drop Down
5/29/2017 3:12:56 PM: Finished Loading Domain Name Drop Down
29-05-2017 15:12:56: Session End
29-05-2017 15:14:11: Session End
5/29/2017 3:14:20 PM: Started Loading Domain Name Drop Down
5/29/2017 3:14:20 PM: Finished Loading Domain Name Drop Down
29-05-2017 15:14:20: Session End
29-05-2017 15:15:38: Session End
5/29/2017 3:15:48 PM: Started Loading Domain Name Drop Down
5/29/2017 3:15:48 PM: Finished Loading Domain Name Drop Down
29-05-2017 15:15:48: Session End
29-05-2017 15:23:29: Session End
5/29/2017 3:23:41 PM: Started Loading Domain Name Drop Down
5/29/2017 3:23:42 PM: Finished Loading Domain Name Drop Down
29-05-2017 15:23:42: Session End
29-05-2017 15:41:42: Session End
5/29/2017 3:41:49 PM: Started Loading Domain Name Drop Down
5/29/2017 3:41:49 PM: Finished Loading Domain Name Drop Down
29-05-2017 15:50:04: Session End
5/29/2017 3:50:17 PM: Started Loading Domain Name Drop Down
5/29/2017 3:50:18 PM: Finished Loading Domain Name Drop Down
5/29/2017 3:50:30 PM: Started Loading Domain Name Drop Down
5/29/2017 3:50:30 PM: Finished Loading Domain Name Drop Down
5/29/2017 3:53:22 PM: Started Loading Domain Name Drop Down
5/29/2017 3:53:22 PM: Finished Loading Domain Name Drop Down
29-05-2017 15:53:50: Session End
