5/12/2017 10:20:52 AM: Started Loading Domain Name Drop Down
5/12/2017 10:20:56 AM: Finished Loading Domain Name Drop Down
12-05-2017 10:41:00: Session End
12-05-2017 11:35:11: Session End
5/12/2017 11:35:40 AM: Started Loading Domain Name Drop Down
5/12/2017 11:35:41 AM: Finished Loading Domain Name Drop Down
12-05-2017 11:35:41: Session End
12-05-2017 11:46:06: Session End
5/12/2017 11:46:41 AM: Started Loading Domain Name Drop Down
5/12/2017 11:46:41 AM: Finished Loading Domain Name Drop Down
12-05-2017 12:11:16: Session End
5/12/2017 12:11:25 PM: Started Loading Domain Name Drop Down
5/12/2017 12:11:26 PM: Finished Loading Domain Name Drop Down
12-05-2017 12:11:26: Session End
12-05-2017 12:25:33: Session End
5/12/2017 12:25:46 PM: Started Loading Domain Name Drop Down
5/12/2017 12:25:46 PM: Finished Loading Domain Name Drop Down
12-05-2017 12:26:24: Session End
5/12/2017 12:26:36 PM: Started Loading Domain Name Drop Down
5/12/2017 12:26:36 PM: Finished Loading Domain Name Drop Down
12-05-2017 12:26:36: Session End
12-05-2017 12:30:09: Session End
5/12/2017 12:30:17 PM: Started Loading Domain Name Drop Down
5/12/2017 12:30:18 PM: Finished Loading Domain Name Drop Down
12-05-2017 12:30:18: Session End
12-05-2017 12:37:27: Session End
5/12/2017 12:37:58 PM: Started Loading Domain Name Drop Down
5/12/2017 12:37:58 PM: Finished Loading Domain Name Drop Down
12-05-2017 12:39:11: Session End
5/12/2017 12:39:21 PM: Started Loading Domain Name Drop Down
5/12/2017 12:39:22 PM: Finished Loading Domain Name Drop Down
12-05-2017 12:40:09: Session End
5/12/2017 12:40:21 PM: Started Loading Domain Name Drop Down
5/12/2017 12:40:21 PM: Finished Loading Domain Name Drop Down
12-05-2017 12:40:21: Session End
12-05-2017 12:47:11: Session End
5/12/2017 12:47:24 PM: Started Loading Domain Name Drop Down
5/12/2017 12:47:24 PM: Finished Loading Domain Name Drop Down
12-05-2017 12:47:24: Session End
12-05-2017 13:09:54: Session End
5/12/2017 2:35:39 PM: Started Loading Domain Name Drop Down
5/12/2017 2:35:39 PM: Finished Loading Domain Name Drop Down
12-05-2017 14:44:17: Session End
5/12/2017 2:55:23 PM: Started Loading Domain Name Drop Down
5/12/2017 2:55:24 PM: Finished Loading Domain Name Drop Down
12-05-2017 15:05:28: Session End
5/12/2017 3:05:51 PM: Started Loading Domain Name Drop Down
5/12/2017 3:05:52 PM: Finished Loading Domain Name Drop Down
12-05-2017 15:08:37: Session End
5/12/2017 3:08:51 PM: Started Loading Domain Name Drop Down
5/12/2017 3:08:52 PM: Finished Loading Domain Name Drop Down
12-05-2017 15:45:04: Session End
5/12/2017 4:01:16 PM: Started Loading Domain Name Drop Down
5/12/2017 4:01:17 PM: Finished Loading Domain Name Drop Down
12-05-2017 16:10:43: Session End
12-05-2017 16:11:34: Session End
5/12/2017 4:11:59 PM: Started Loading Domain Name Drop Down
5/12/2017 4:12:00 PM: Finished Loading Domain Name Drop Down
12-05-2017 16:37:43: Session End
5/12/2017 4:37:56 PM: Started Loading Domain Name Drop Down
5/12/2017 4:37:57 PM: Finished Loading Domain Name Drop Down
12-05-2017 16:37:57: Session End
12-05-2017 16:40:15: Session End
5/12/2017 4:40:27 PM: Started Loading Domain Name Drop Down
5/12/2017 4:40:28 PM: Finished Loading Domain Name Drop Down
12-05-2017 16:46:38: Session End
5/12/2017 4:46:52 PM: Started Loading Domain Name Drop Down
5/12/2017 4:46:53 PM: Finished Loading Domain Name Drop Down
12-05-2017 17:02:57: Session End
5/12/2017 5:03:12 PM: Started Loading Domain Name Drop Down
5/12/2017 5:03:12 PM: Finished Loading Domain Name Drop Down
12-05-2017 17:13:04: Session End
5/12/2017 5:13:27 PM: Started Loading Domain Name Drop Down
5/12/2017 5:13:28 PM: Finished Loading Domain Name Drop Down
12-05-2017 17:17:23: Session End
5/12/2017 5:18:19 PM: Started Loading Domain Name Drop Down
5/12/2017 5:18:20 PM: Finished Loading Domain Name Drop Down
5/12/2017 5:48:30 PM: Started Loading Domain Name Drop Down
5/12/2017 5:48:30 PM: Finished Loading Domain Name Drop Down
12-05-2017 17:56:59: Session End
5/12/2017 5:57:37 PM: Started Loading Domain Name Drop Down
5/12/2017 5:57:38 PM: Finished Loading Domain Name Drop Down
12-05-2017 18:03:20: Session End
5/12/2017 6:03:44 PM: Started Loading Domain Name Drop Down
5/12/2017 6:03:45 PM: Finished Loading Domain Name Drop Down
12-05-2017 18:12:11: Session End
5/12/2017 6:12:53 PM: Started Loading Domain Name Drop Down
5/12/2017 6:12:54 PM: Finished Loading Domain Name Drop Down
12-05-2017 18:16:04: Session End
5/12/2017 6:16:20 PM: Started Loading Domain Name Drop Down
5/12/2017 6:16:20 PM: Finished Loading Domain Name Drop Down
12-05-2017 18:17:30: Session End
5/12/2017 6:17:44 PM: Started Loading Domain Name Drop Down
5/12/2017 6:17:45 PM: Finished Loading Domain Name Drop Down
12-05-2017 18:20:04: Session End
5/12/2017 6:20:17 PM: Started Loading Domain Name Drop Down
5/12/2017 6:20:18 PM: Finished Loading Domain Name Drop Down
12-05-2017 18:28:38: Session End
5/12/2017 6:28:56 PM: Started Loading Domain Name Drop Down
5/12/2017 6:28:56 PM: Finished Loading Domain Name Drop Down
12-05-2017 18:43:13: Session End
