1/31/2017 11:58:07 AM: Started Loading Domain Name Drop Down
1/31/2017 11:58:07 AM: Finished Loading Domain Name Drop Down
31-01-2017 12:26:48: Session End
1/31/2017 4:49:02 PM: Started Loading Domain Name Drop Down
1/31/2017 4:49:03 PM: Finished Loading Domain Name Drop Down
31-01-2017 16:52:53: Session End
1/31/2017 4:53:06 PM: Started Loading Domain Name Drop Down
1/31/2017 4:53:06 PM: Finished Loading Domain Name Drop Down
31-01-2017 16:55:53: Session End
1/31/2017 4:56:09 PM: Started Loading Domain Name Drop Down
1/31/2017 4:56:09 PM: Finished Loading Domain Name Drop Down
31-01-2017 16:57:52: Session End
1/31/2017 4:58:00 PM: Started Loading Domain Name Drop Down
1/31/2017 4:58:00 PM: Finished Loading Domain Name Drop Down
31-01-2017 16:59:19: Session End
1/31/2017 4:59:31 PM: Started Loading Domain Name Drop Down
1/31/2017 4:59:31 PM: Finished Loading Domain Name Drop Down
31-01-2017 17:01:05: Session End
1/31/2017 5:01:13 PM: Started Loading Domain Name Drop Down
1/31/2017 5:01:14 PM: Finished Loading Domain Name Drop Down
31-01-2017 17:01:14: Session End
31-01-2017 17:23:29: Session End
31-01-2017 17:30:46: Session End
1/31/2017 5:30:57 PM: Started Loading Domain Name Drop Down
1/31/2017 5:30:57 PM: Finished Loading Domain Name Drop Down
31-01-2017 17:33:47: Session End
1/31/2017 5:34:03 PM: Started Loading Domain Name Drop Down
1/31/2017 5:34:03 PM: Finished Loading Domain Name Drop Down
31-01-2017 17:38:57: Session End
