8/19/2017 10:29:59 AM: Started Loading Domain Name Drop Down
8/19/2017 10:29:59 AM: Finished Loading Domain Name Drop Down
8/19/2017 10:35:04 AM: Started Loading Domain Name Drop Down
8/19/2017 10:35:04 AM: Finished Loading Domain Name Drop Down
19-08-2017 10:36:41: Session End
8/19/2017 10:36:53 AM: Started Loading Domain Name Drop Down
8/19/2017 10:36:53 AM: Finished Loading Domain Name Drop Down
19-08-2017 10:41:23: Session End
8/19/2017 10:41:35 AM: Started Loading Domain Name Drop Down
8/19/2017 10:41:35 AM: Finished Loading Domain Name Drop Down
19-08-2017 11:54:05: Session End
8/19/2017 11:54:26 AM: Started Loading Domain Name Drop Down
8/19/2017 11:54:27 AM: Finished Loading Domain Name Drop Down
8/19/2017 11:54:40 AM: Started Loading Domain Name Drop Down
8/19/2017 11:54:40 AM: Finished Loading Domain Name Drop Down
8/19/2017 11:54:44 AM: Started Loading Domain Name Drop Down
8/19/2017 11:54:44 AM: Finished Loading Domain Name Drop Down
19-08-2017 14:20:36: Session End
8/19/2017 2:29:11 PM: Started Loading Domain Name Drop Down
8/19/2017 2:29:11 PM: Finished Loading Domain Name Drop Down
19-08-2017 14:32:51: Session End
8/19/2017 2:33:02 PM: Started Loading Domain Name Drop Down
8/19/2017 2:33:02 PM: Finished Loading Domain Name Drop Down
8/19/2017 2:33:32 PM: Started Loading Domain Name Drop Down
8/19/2017 2:33:32 PM: Finished Loading Domain Name Drop Down
19-08-2017 14:50:07: Session End
8/19/2017 2:50:19 PM: Started Loading Domain Name Drop Down
8/19/2017 2:50:20 PM: Finished Loading Domain Name Drop Down
19-08-2017 15:00:00: Session End
8/19/2017 3:00:19 PM: Started Loading Domain Name Drop Down
8/19/2017 3:00:20 PM: Finished Loading Domain Name Drop Down
