8/16/2017 10:31:17 AM: Started Loading Domain Name Drop Down
8/16/2017 10:31:17 AM: Finished Loading Domain Name Drop Down
8/16/2017 10:32:06 AM: Started Loading Domain Name Drop Down
8/16/2017 10:32:06 AM: Finished Loading Domain Name Drop Down
16-08-2017 11:12:42: Session End
8/16/2017 11:13:14 AM: Started Loading Domain Name Drop Down
8/16/2017 11:13:15 AM: Finished Loading Domain Name Drop Down
8/16/2017 11:13:41 AM: Started Loading Domain Name Drop Down
8/16/2017 11:13:41 AM: Finished Loading Domain Name Drop Down
16-08-2017 11:21:54: Session End
8/16/2017 11:22:03 AM: Started Loading Domain Name Drop Down
8/16/2017 11:22:03 AM: Finished Loading Domain Name Drop Down
16-08-2017 11:23:05: Session End
8/16/2017 11:23:17 AM: Started Loading Domain Name Drop Down
8/16/2017 11:23:17 AM: Finished Loading Domain Name Drop Down
16-08-2017 11:27:41: Session End
8/16/2017 11:27:51 AM: Started Loading Domain Name Drop Down
8/16/2017 11:27:51 AM: Finished Loading Domain Name Drop Down
8/16/2017 11:28:26 AM: Started Loading Domain Name Drop Down
8/16/2017 11:28:26 AM: Finished Loading Domain Name Drop Down
16-08-2017 11:43:01: Session End
8/16/2017 11:43:17 AM: Started Loading Domain Name Drop Down
8/16/2017 11:43:17 AM: Finished Loading Domain Name Drop Down
16-08-2017 11:45:33: Session End
8/16/2017 11:45:42 AM: Started Loading Domain Name Drop Down
8/16/2017 11:45:42 AM: Finished Loading Domain Name Drop Down
16-08-2017 14:14:35: Session End
16-08-2017 14:15:30: Session End
8/16/2017 2:15:44 PM: Started Loading Domain Name Drop Down
8/16/2017 2:15:45 PM: Finished Loading Domain Name Drop Down
8/16/2017 2:16:08 PM: Started Loading Domain Name Drop Down
8/16/2017 2:16:08 PM: Finished Loading Domain Name Drop Down
16-08-2017 14:40:45: Session End
8/16/2017 2:40:50 PM: Started Loading Domain Name Drop Down
8/16/2017 2:40:51 PM: Finished Loading Domain Name Drop Down
16-08-2017 14:45:03: Session End
8/16/2017 2:47:52 PM: Started Loading Domain Name Drop Down
8/16/2017 2:47:53 PM: Finished Loading Domain Name Drop Down
8/16/2017 4:09:27 PM: Started Loading Domain Name Drop Down
8/16/2017 4:09:27 PM: Finished Loading Domain Name Drop Down
8/16/2017 4:09:36 PM: Started Loading Domain Name Drop Down
8/16/2017 4:09:37 PM: Finished Loading Domain Name Drop Down
16-08-2017 16:32:23: Session End
8/16/2017 4:38:28 PM: Started Loading Domain Name Drop Down
8/16/2017 4:38:28 PM: Finished Loading Domain Name Drop Down
16-08-2017 16:55:41: Session End
8/16/2017 4:55:58 PM: Started Loading Domain Name Drop Down
8/16/2017 4:55:58 PM: Finished Loading Domain Name Drop Down
16-08-2017 17:34:21: Session End
8/16/2017 5:46:17 PM: Started Loading Domain Name Drop Down
8/16/2017 5:46:18 PM: Finished Loading Domain Name Drop Down
16-08-2017 17:50:30: Session End
8/16/2017 5:50:41 PM: Started Loading Domain Name Drop Down
8/16/2017 5:50:42 PM: Finished Loading Domain Name Drop Down
16-08-2017 18:00:50: Session End
8/16/2017 6:03:48 PM: Started Loading Domain Name Drop Down
8/16/2017 6:03:48 PM: Finished Loading Domain Name Drop Down
16-08-2017 18:16:41: Session End
16-08-2017 18:37:00: Session End
