4/3/2017 11:26:42 AM: Started Loading Domain Name Drop Down
4/3/2017 11:26:43 AM: Finished Loading Domain Name Drop Down
4/3/2017 11:27:05 AM: Started Loading Domain Name Drop Down
4/3/2017 11:27:05 AM: Finished Loading Domain Name Drop Down
4/3/2017 11:27:33 AM: Started Loading Domain Name Drop Down
4/3/2017 11:27:33 AM: Finished Loading Domain Name Drop Down
4/3/2017 11:27:55 AM: Started Loading Domain Name Drop Down
4/3/2017 11:27:55 AM: Finished Loading Domain Name Drop Down
4/3/2017 11:28:05 AM: Started Loading Domain Name Drop Down
4/3/2017 11:28:05 AM: Finished Loading Domain Name Drop Down
4/3/2017 11:29:25 AM: Started Loading Domain Name Drop Down
4/3/2017 11:29:25 AM: Finished Loading Domain Name Drop Down
4/3/2017 11:29:40 AM: Started Loading Domain Name Drop Down
4/3/2017 11:29:40 AM: Finished Loading Domain Name Drop Down
4/3/2017 11:30:07 AM: Started Loading Domain Name Drop Down
4/3/2017 11:30:08 AM: Finished Loading Domain Name Drop Down
4/3/2017 11:30:43 AM: Started Loading Domain Name Drop Down
4/3/2017 11:30:43 AM: Finished Loading Domain Name Drop Down
4/3/2017 11:30:54 AM: Started Loading Domain Name Drop Down
4/3/2017 11:30:54 AM: Finished Loading Domain Name Drop Down
4/3/2017 11:31:03 AM: Started Loading Domain Name Drop Down
4/3/2017 11:31:03 AM: Finished Loading Domain Name Drop Down
4/3/2017 11:31:09 AM: Started Loading Domain Name Drop Down
4/3/2017 11:31:09 AM: Finished Loading Domain Name Drop Down
4/3/2017 11:31:18 AM: Started Loading Domain Name Drop Down
4/3/2017 11:31:18 AM: Finished Loading Domain Name Drop Down
4/3/2017 11:31:30 AM: Started Loading Domain Name Drop Down
4/3/2017 11:31:30 AM: Finished Loading Domain Name Drop Down
03-04-2017 11:45:34: Session End
03-04-2017 11:45:34: Session End
4/3/2017 2:41:16 PM: Started Loading Domain Name Drop Down
4/3/2017 2:41:17 PM: Finished Loading Domain Name Drop Down
4/3/2017 2:42:00 PM: Started Loading Domain Name Drop Down
4/3/2017 2:42:00 PM: Finished Loading Domain Name Drop Down
03-04-2017 15:02:02: Session End
03-04-2017 15:22:20: Session End
4/3/2017 3:23:26 PM: Started Loading Domain Name Drop Down
4/3/2017 3:23:27 PM: Finished Loading Domain Name Drop Down
4/3/2017 3:25:08 PM: Started Loading Domain Name Drop Down
4/3/2017 3:25:08 PM: Finished Loading Domain Name Drop Down
03-04-2017 15:25:38: Session End
4/3/2017 4:18:37 PM: Started Loading Domain Name Drop Down
4/3/2017 4:18:39 PM: Finished Loading Domain Name Drop Down
03-04-2017 16:18:45: Session End
4/3/2017 4:55:56 PM: Started Loading Domain Name Drop Down
4/3/2017 4:55:56 PM: Finished Loading Domain Name Drop Down
4/3/2017 5:19:14 PM: Started Loading Domain Name Drop Down
4/3/2017 5:19:14 PM: Finished Loading Domain Name Drop Down
03-04-2017 17:31:15: Session End
4/3/2017 5:31:43 PM: Started Loading Domain Name Drop Down
4/3/2017 5:31:43 PM: Finished Loading Domain Name Drop Down
03-04-2017 18:03:09: Session End
4/3/2017 6:03:09 PM: Started Loading Domain Name Drop Down
4/3/2017 6:03:09 PM: Finished Loading Domain Name Drop Down
4/3/2017 6:16:11 PM: Started Loading Domain Name Drop Down
4/3/2017 6:16:11 PM: Finished Loading Domain Name Drop Down
03-04-2017 18:21:42: Session End
