3/23/2017 10:35:01 AM: Started Loading Domain Name Drop Down
3/23/2017 10:35:02 AM: Finished Loading Domain Name Drop Down
23-03-2017 10:38:04: Session End
3/23/2017 10:38:20 AM: Started Loading Domain Name Drop Down
3/23/2017 10:38:20 AM: Finished Loading Domain Name Drop Down
23-03-2017 10:41:52: Session End
3/23/2017 10:42:15 AM: Started Loading Domain Name Drop Down
3/23/2017 10:42:15 AM: Finished Loading Domain Name Drop Down
23-03-2017 10:44:18: Session End
23-03-2017 10:44:48: Session End
3/23/2017 10:45:00 AM: Started Loading Domain Name Drop Down
3/23/2017 10:45:00 AM: Finished Loading Domain Name Drop Down
23-03-2017 11:00:49: Session End
3/23/2017 11:01:18 AM: Started Loading Domain Name Drop Down
3/23/2017 11:01:19 AM: Finished Loading Domain Name Drop Down
23-03-2017 11:05:27: Session End
23-03-2017 11:14:12: Session End
3/23/2017 11:14:23 AM: Started Loading Domain Name Drop Down
3/23/2017 11:14:24 AM: Finished Loading Domain Name Drop Down
23-03-2017 11:31:26: Session End
3/23/2017 11:31:43 AM: Started Loading Domain Name Drop Down
3/23/2017 11:31:44 AM: Finished Loading Domain Name Drop Down
3/23/2017 11:33:14 AM: Started Loading Domain Name Drop Down
3/23/2017 11:33:14 AM: Finished Loading Domain Name Drop Down
23-03-2017 11:35:54: Session End
3/23/2017 11:36:09 AM: Started Loading Domain Name Drop Down
3/23/2017 11:36:09 AM: Finished Loading Domain Name Drop Down
23-03-2017 11:37:04: Session End
3/23/2017 11:38:54 AM: Started Loading Domain Name Drop Down
3/23/2017 11:38:54 AM: Finished Loading Domain Name Drop Down
23-03-2017 11:54:12: Session End
3/23/2017 11:54:27 AM: Started Loading Domain Name Drop Down
3/23/2017 11:54:27 AM: Finished Loading Domain Name Drop Down
3/23/2017 11:57:19 AM: Started Loading Domain Name Drop Down
3/23/2017 11:57:19 AM: Finished Loading Domain Name Drop Down
23-03-2017 12:03:06: Session End
3/23/2017 12:16:34 PM: Started Loading Domain Name Drop Down
3/23/2017 12:16:34 PM: Finished Loading Domain Name Drop Down
23-03-2017 12:19:18: Session End
3/23/2017 12:19:30 PM: Started Loading Domain Name Drop Down
3/23/2017 12:19:30 PM: Finished Loading Domain Name Drop Down
23-03-2017 12:19:30: Session End
23-03-2017 12:22:25: Session End
3/23/2017 12:22:42 PM: Started Loading Domain Name Drop Down
3/23/2017 12:22:42 PM: Finished Loading Domain Name Drop Down
23-03-2017 12:23:29: Session End
3/23/2017 12:23:43 PM: Started Loading Domain Name Drop Down
3/23/2017 12:23:44 PM: Finished Loading Domain Name Drop Down
23-03-2017 12:26:00: Session End
3/23/2017 12:26:13 PM: Started Loading Domain Name Drop Down
3/23/2017 12:26:13 PM: Finished Loading Domain Name Drop Down
23-03-2017 12:33:49: Session End
3/23/2017 12:34:00 PM: Started Loading Domain Name Drop Down
3/23/2017 12:34:01 PM: Finished Loading Domain Name Drop Down
23-03-2017 12:35:45: Session End
3/23/2017 12:35:54 PM: Started Loading Domain Name Drop Down
3/23/2017 12:35:55 PM: Finished Loading Domain Name Drop Down
23-03-2017 12:35:55: Session End
23-03-2017 12:36:54: Session End
3/23/2017 12:37:05 PM: Started Loading Domain Name Drop Down
3/23/2017 12:37:05 PM: Finished Loading Domain Name Drop Down
23-03-2017 12:37:05: Session End
23-03-2017 12:42:57: Session End
3/23/2017 12:43:10 PM: Started Loading Domain Name Drop Down
3/23/2017 12:43:11 PM: Finished Loading Domain Name Drop Down
23-03-2017 12:43:11: Session End
23-03-2017 12:46:08: Session End
3/23/2017 12:56:01 PM: Started Loading Domain Name Drop Down
3/23/2017 12:56:02 PM: Finished Loading Domain Name Drop Down
23-03-2017 13:00:12: Session End
3/23/2017 1:00:21 PM: Started Loading Domain Name Drop Down
3/23/2017 1:00:21 PM: Finished Loading Domain Name Drop Down
23-03-2017 13:02:32: Session End
3/23/2017 1:02:45 PM: Started Loading Domain Name Drop Down
3/23/2017 1:02:46 PM: Finished Loading Domain Name Drop Down
23-03-2017 13:02:46: Session End
23-03-2017 13:06:25: Session End
3/23/2017 1:06:37 PM: Started Loading Domain Name Drop Down
3/23/2017 1:06:38 PM: Finished Loading Domain Name Drop Down
23-03-2017 13:06:38: Session End
23-03-2017 13:15:48: Session End
3/23/2017 1:16:04 PM: Started Loading Domain Name Drop Down
3/23/2017 1:16:04 PM: Finished Loading Domain Name Drop Down
23-03-2017 13:19:43: Session End
3/23/2017 1:19:52 PM: Started Loading Domain Name Drop Down
3/23/2017 1:19:53 PM: Finished Loading Domain Name Drop Down
23-03-2017 13:19:53: Session End
23-03-2017 13:31:08: Session End
3/23/2017 1:32:04 PM: Started Loading Domain Name Drop Down
3/23/2017 1:32:05 PM: Finished Loading Domain Name Drop Down
23-03-2017 13:32:05: Session End
23-03-2017 13:33:45: Session End
3/23/2017 1:34:04 PM: Started Loading Domain Name Drop Down
3/23/2017 1:34:04 PM: Finished Loading Domain Name Drop Down
23-03-2017 13:34:04: Session End
23-03-2017 13:35:48: Session End
3/23/2017 1:36:29 PM: Started Loading Domain Name Drop Down
3/23/2017 1:36:29 PM: Finished Loading Domain Name Drop Down
23-03-2017 13:36:29: Session End
23-03-2017 13:54:05: Session End
3/23/2017 1:54:19 PM: Started Loading Domain Name Drop Down
23-03-2017 13:58:59: Session End
3/23/2017 1:59:19 PM: Started Loading Domain Name Drop Down
3/23/2017 1:59:20 PM: Finished Loading Domain Name Drop Down
23-03-2017 14:20:21: Session End
3/23/2017 3:11:44 PM: Started Loading Domain Name Drop Down
3/23/2017 3:11:46 PM: Finished Loading Domain Name Drop Down
23-03-2017 15:31:07: Session End
3/23/2017 3:31:27 PM: Started Loading Domain Name Drop Down
3/23/2017 3:31:27 PM: Finished Loading Domain Name Drop Down
23-03-2017 15:34:00: Session End
3/23/2017 3:34:13 PM: Started Loading Domain Name Drop Down
3/23/2017 3:34:14 PM: Finished Loading Domain Name Drop Down
23-03-2017 15:34:14: Session End
23-03-2017 15:39:54: Session End
3/23/2017 3:40:08 PM: Started Loading Domain Name Drop Down
3/23/2017 3:40:09 PM: Finished Loading Domain Name Drop Down
23-03-2017 15:40:09: Session End
23-03-2017 15:46:04: Session End
3/23/2017 3:46:20 PM: Started Loading Domain Name Drop Down
3/23/2017 3:46:20 PM: Finished Loading Domain Name Drop Down
23-03-2017 15:46:20: Session End
23-03-2017 15:50:25: Session End
3/23/2017 3:50:35 PM: Started Loading Domain Name Drop Down
3/23/2017 3:50:36 PM: Finished Loading Domain Name Drop Down
23-03-2017 15:50:36: Session End
23-03-2017 16:01:12: Session End
3/23/2017 4:01:26 PM: Started Loading Domain Name Drop Down
3/23/2017 4:01:26 PM: Finished Loading Domain Name Drop Down
23-03-2017 16:01:27: Session End
23-03-2017 16:06:32: Session End
3/23/2017 4:06:54 PM: Started Loading Domain Name Drop Down
3/23/2017 4:06:54 PM: Finished Loading Domain Name Drop Down
23-03-2017 16:08:03: Session End
3/23/2017 4:08:20 PM: Started Loading Domain Name Drop Down
3/23/2017 4:08:21 PM: Finished Loading Domain Name Drop Down
23-03-2017 16:12:50: Session End
3/23/2017 4:13:47 PM: Started Loading Domain Name Drop Down
3/23/2017 4:13:48 PM: Finished Loading Domain Name Drop Down
23-03-2017 16:17:02: Session End
3/23/2017 4:17:19 PM: Started Loading Domain Name Drop Down
3/23/2017 4:17:20 PM: Finished Loading Domain Name Drop Down
23-03-2017 16:18:41: Session End
3/23/2017 4:18:58 PM: Started Loading Domain Name Drop Down
3/23/2017 4:18:58 PM: Finished Loading Domain Name Drop Down
23-03-2017 16:19:45: Session End
23-03-2017 16:20:25: Session End
3/23/2017 4:20:42 PM: Started Loading Domain Name Drop Down
3/23/2017 4:20:42 PM: Finished Loading Domain Name Drop Down
23-03-2017 16:25:41: Session End
3/23/2017 4:25:59 PM: Started Loading Domain Name Drop Down
23-03-2017 16:27:05: Session End
3/23/2017 4:27:21 PM: Started Loading Domain Name Drop Down
3/23/2017 4:27:22 PM: Finished Loading Domain Name Drop Down
23-03-2017 16:29:12: Session End
3/23/2017 4:29:31 PM: Started Loading Domain Name Drop Down
3/23/2017 4:29:31 PM: Finished Loading Domain Name Drop Down
23-03-2017 16:30:34: Session End
3/23/2017 4:30:53 PM: Started Loading Domain Name Drop Down
3/23/2017 4:30:53 PM: Finished Loading Domain Name Drop Down
23-03-2017 16:37:32: Session End
3/23/2017 4:37:50 PM: Started Loading Domain Name Drop Down
3/23/2017 4:37:50 PM: Finished Loading Domain Name Drop Down
23-03-2017 16:39:31: Session End
3/23/2017 4:39:46 PM: Started Loading Domain Name Drop Down
3/23/2017 4:39:46 PM: Finished Loading Domain Name Drop Down
23-03-2017 16:39:46: Session End
23-03-2017 16:41:28: Session End
3/23/2017 4:41:48 PM: Started Loading Domain Name Drop Down
3/23/2017 4:41:48 PM: Finished Loading Domain Name Drop Down
23-03-2017 17:01:03: Session End
3/23/2017 5:01:15 PM: Started Loading Domain Name Drop Down
3/23/2017 5:01:15 PM: Finished Loading Domain Name Drop Down
23-03-2017 17:01:15: Session End
23-03-2017 17:07:18: Session End
3/23/2017 5:07:40 PM: Started Loading Domain Name Drop Down
3/23/2017 5:07:40 PM: Finished Loading Domain Name Drop Down
23-03-2017 17:09:43: Session End
3/23/2017 5:09:56 PM: Started Loading Domain Name Drop Down
3/23/2017 5:09:56 PM: Finished Loading Domain Name Drop Down
23-03-2017 17:09:56: Session End
23-03-2017 17:13:57: Session End
3/23/2017 5:14:13 PM: Started Loading Domain Name Drop Down
3/23/2017 5:14:13 PM: Finished Loading Domain Name Drop Down
23-03-2017 17:14:13: Session End
23-03-2017 17:16:46: Session End
3/23/2017 5:17:43 PM: Started Loading Domain Name Drop Down
3/23/2017 5:17:44 PM: Finished Loading Domain Name Drop Down
23-03-2017 17:27:22: Session End
3/23/2017 5:27:53 PM: Started Loading Domain Name Drop Down
3/23/2017 5:27:53 PM: Finished Loading Domain Name Drop Down
23-03-2017 17:33:40: Session End
3/23/2017 5:33:57 PM: Started Loading Domain Name Drop Down
3/23/2017 5:33:58 PM: Finished Loading Domain Name Drop Down
23-03-2017 17:36:12: Session End
3/23/2017 5:36:27 PM: Started Loading Domain Name Drop Down
3/23/2017 5:36:28 PM: Finished Loading Domain Name Drop Down
23-03-2017 17:43:22: Session End
3/23/2017 5:43:33 PM: Started Loading Domain Name Drop Down
3/23/2017 5:43:33 PM: Finished Loading Domain Name Drop Down
23-03-2017 17:43:33: Session End
23-03-2017 17:46:14: Session End
3/23/2017 5:46:30 PM: Started Loading Domain Name Drop Down
3/23/2017 5:46:31 PM: Finished Loading Domain Name Drop Down
23-03-2017 17:49:51: Session End
3/23/2017 5:50:14 PM: Started Loading Domain Name Drop Down
3/23/2017 5:50:14 PM: Finished Loading Domain Name Drop Down
23-03-2017 17:52:32: Session End
3/23/2017 5:52:41 PM: Started Loading Domain Name Drop Down
3/23/2017 5:52:42 PM: Finished Loading Domain Name Drop Down
23-03-2017 17:52:43: Session End
23-03-2017 17:58:01: Session End
23-03-2017 17:58:35: Session End
3/23/2017 5:58:43 PM: Started Loading Domain Name Drop Down
3/23/2017 5:58:43 PM: Finished Loading Domain Name Drop Down
23-03-2017 17:58:43: Session End
23-03-2017 17:59:30: Session End
