12/22/2017 11:05:49 AM: Started Loading Domain Name Drop Down
12/22/2017 11:05:51 AM: Finished Loading Domain Name Drop Down
12/22/2017 11:05:57 AM: Started Loading Domain Name Drop Down
12/22/2017 11:05:57 AM: Finished Loading Domain Name Drop Down
22-12-2017 11:10:59: Session End
22-12-2017 11:11:15: Session End
12/22/2017 11:11:15 AM: Started Loading Domain Name Drop Down
12/22/2017 11:11:16 AM: Finished Loading Domain Name Drop Down
12/22/2017 11:11:16 AM: Started Loading Domain Name Drop Down
12/22/2017 11:11:16 AM: Finished Loading Domain Name Drop Down
22-12-2017 11:12:35: Session End
22-12-2017 11:12:47: Session End
12/22/2017 11:12:48 AM: Started Loading Domain Name Drop Down
12/22/2017 11:12:49 AM: Finished Loading Domain Name Drop Down
22-12-2017 11:14:52: Session End
22-12-2017 11:15:03: Session End
12/22/2017 11:15:04 AM: Started Loading Domain Name Drop Down
12/22/2017 11:15:04 AM: Finished Loading Domain Name Drop Down
22-12-2017 11:16:46: Session End
12/22/2017 11:16:53 AM: Started Loading Domain Name Drop Down
12/22/2017 11:16:54 AM: Finished Loading Domain Name Drop Down
22-12-2017 11:17:05: Session End
12/22/2017 11:17:16 AM: Started Loading Domain Name Drop Down
12/22/2017 11:17:16 AM: Finished Loading Domain Name Drop Down
12/22/2017 11:20:16 AM: Started Loading Domain Name Drop Down
12/22/2017 11:20:16 AM: Finished Loading Domain Name Drop Down
12/22/2017 11:20:23 AM: Started Loading Domain Name Drop Down
12/22/2017 11:20:23 AM: Finished Loading Domain Name Drop Down
12/22/2017 11:22:39 AM: Started Loading Domain Name Drop Down
12/22/2017 11:22:39 AM: Finished Loading Domain Name Drop Down
12/22/2017 11:22:44 AM: Started Loading Domain Name Drop Down
12/22/2017 11:22:44 AM: Finished Loading Domain Name Drop Down
12/22/2017 11:26:31 AM: Started Loading Domain Name Drop Down
12/22/2017 11:26:31 AM: Finished Loading Domain Name Drop Down
12/22/2017 11:26:38 AM: Started Loading Domain Name Drop Down
12/22/2017 11:26:38 AM: Finished Loading Domain Name Drop Down
12/22/2017 11:26:43 AM: Started Loading Domain Name Drop Down
12/22/2017 11:26:43 AM: Finished Loading Domain Name Drop Down
22-12-2017 11:38:25: Session End
22-12-2017 11:38:35: Session End
12/22/2017 11:38:35 AM: Started Loading Domain Name Drop Down
12/22/2017 11:38:36 AM: Finished Loading Domain Name Drop Down
22-12-2017 11:45:00: Session End
22-12-2017 11:45:16: Session End
12/22/2017 11:45:17 AM: Started Loading Domain Name Drop Down
12/22/2017 11:45:17 AM: Finished Loading Domain Name Drop Down
22-12-2017 11:51:11: Session End
22-12-2017 11:51:22: Session End
12/22/2017 11:51:23 AM: Started Loading Domain Name Drop Down
12/22/2017 11:51:23 AM: Finished Loading Domain Name Drop Down
12/22/2017 11:51:23 AM: Started Loading Domain Name Drop Down
12/22/2017 11:51:23 AM: Finished Loading Domain Name Drop Down
22-12-2017 12:02:39: Session End
12/22/2017 12:02:45 PM: Started Loading Domain Name Drop Down
12/22/2017 12:02:45 PM: Finished Loading Domain Name Drop Down
22-12-2017 12:07:00: Session End
12/22/2017 12:07:14 PM: Started Loading Domain Name Drop Down
12/22/2017 12:07:14 PM: Finished Loading Domain Name Drop Down
22-12-2017 12:10:55: Session End
12/22/2017 12:11:08 PM: Started Loading Domain Name Drop Down
12/22/2017 12:11:09 PM: Finished Loading Domain Name Drop Down
22-12-2017 12:21:08: Session End
12/22/2017 12:21:14 PM: Started Loading Domain Name Drop Down
12/22/2017 12:21:14 PM: Finished Loading Domain Name Drop Down
22-12-2017 12:47:27: Session End
12/22/2017 12:49:12 PM: Started Loading Domain Name Drop Down
12/22/2017 12:49:12 PM: Finished Loading Domain Name Drop Down
22-12-2017 12:56:58: Session End
12/22/2017 12:57:07 PM: Started Loading Domain Name Drop Down
12/22/2017 12:57:07 PM: Finished Loading Domain Name Drop Down
12/22/2017 1:05:03 PM: Started Loading Domain Name Drop Down
12/22/2017 1:05:03 PM: Finished Loading Domain Name Drop Down
12/22/2017 1:05:09 PM: Started Loading Domain Name Drop Down
12/22/2017 1:05:09 PM: Finished Loading Domain Name Drop Down
12/22/2017 1:05:56 PM: Started Loading Domain Name Drop Down
12/22/2017 1:05:56 PM: Finished Loading Domain Name Drop Down
12/22/2017 1:06:00 PM: Started Loading Domain Name Drop Down
12/22/2017 1:06:00 PM: Finished Loading Domain Name Drop Down
12/22/2017 1:27:10 PM: Started Loading Domain Name Drop Down
12/22/2017 1:27:10 PM: Finished Loading Domain Name Drop Down
22-12-2017 13:50:23: Session End
12/22/2017 1:53:27 PM: Started Loading Domain Name Drop Down
12/22/2017 1:53:27 PM: Finished Loading Domain Name Drop Down
22-12-2017 14:15:23: Session End
12/22/2017 2:20:09 PM: Started Loading Domain Name Drop Down
12/22/2017 2:20:09 PM: Finished Loading Domain Name Drop Down
12/22/2017 2:27:22 PM: Started Loading Domain Name Drop Down
12/22/2017 2:27:22 PM: Finished Loading Domain Name Drop Down
22-12-2017 14:27:28: Session End
12/22/2017 2:27:51 PM: Started Loading Domain Name Drop Down
12/22/2017 2:27:51 PM: Finished Loading Domain Name Drop Down
22-12-2017 15:22:26: Session End
12/22/2017 3:22:46 PM: Started Loading Domain Name Drop Down
12/22/2017 3:22:47 PM: Finished Loading Domain Name Drop Down
12/22/2017 3:30:18 PM: Started Loading Domain Name Drop Down
12/22/2017 3:30:18 PM: Finished Loading Domain Name Drop Down
22-12-2017 15:30:59: Session End
