5/24/2017 11:47:32 AM: Started Loading Domain Name Drop Down
5/24/2017 11:47:34 AM: Finished Loading Domain Name Drop Down
24-05-2017 11:52:25: Session End
5/24/2017 11:53:12 AM: Started Loading Domain Name Drop Down
5/24/2017 11:53:13 AM: Finished Loading Domain Name Drop Down
24-05-2017 11:54:52: Session End
5/24/2017 11:55:03 AM: Started Loading Domain Name Drop Down
5/24/2017 11:55:04 AM: Finished Loading Domain Name Drop Down
24-05-2017 11:55:04: Session End
24-05-2017 11:56:52: Session End
5/24/2017 11:57:07 AM: Started Loading Domain Name Drop Down
5/24/2017 11:57:07 AM: Finished Loading Domain Name Drop Down
24-05-2017 12:00:34: Session End
5/24/2017 12:00:45 PM: Started Loading Domain Name Drop Down
5/24/2017 12:00:45 PM: Finished Loading Domain Name Drop Down
24-05-2017 12:00:45: Session End
24-05-2017 12:05:20: Session End
5/24/2017 12:05:30 PM: Started Loading Domain Name Drop Down
5/24/2017 12:05:30 PM: Finished Loading Domain Name Drop Down
24-05-2017 12:05:30: Session End
24-05-2017 12:25:08: Session End
24-05-2017 12:26:44: Session End
5/24/2017 12:26:54 PM: Started Loading Domain Name Drop Down
5/24/2017 12:26:55 PM: Finished Loading Domain Name Drop Down
24-05-2017 12:26:55: Session End
24-05-2017 12:28:55: Session End
5/24/2017 12:29:06 PM: Started Loading Domain Name Drop Down
5/24/2017 12:29:07 PM: Finished Loading Domain Name Drop Down
24-05-2017 12:29:07: Session End
24-05-2017 12:30:28: Session End
5/24/2017 12:30:48 PM: Started Loading Domain Name Drop Down
5/24/2017 12:30:48 PM: Finished Loading Domain Name Drop Down
24-05-2017 12:52:21: Session End
5/24/2017 12:59:41 PM: Started Loading Domain Name Drop Down
5/24/2017 12:59:41 PM: Finished Loading Domain Name Drop Down
24-05-2017 13:12:42: Session End
5/24/2017 1:13:26 PM: Started Loading Domain Name Drop Down
5/24/2017 1:13:27 PM: Finished Loading Domain Name Drop Down
24-05-2017 13:34:22: Session End
