8/18/2017 10:16:33 AM: Started Loading Domain Name Drop Down
8/18/2017 10:16:34 AM: Finished Loading Domain Name Drop Down
8/18/2017 10:16:55 AM: Started Loading Domain Name Drop Down
8/18/2017 10:16:55 AM: Finished Loading Domain Name Drop Down
18-08-2017 11:14:18: Session End
8/18/2017 11:14:27 AM: Started Loading Domain Name Drop Down
8/18/2017 11:14:28 AM: Finished Loading Domain Name Drop Down
8/18/2017 11:14:52 AM: Started Loading Domain Name Drop Down
8/18/2017 11:14:52 AM: Finished Loading Domain Name Drop Down
18-08-2017 11:27:12: Session End
8/18/2017 11:27:18 AM: Started Loading Domain Name Drop Down
8/18/2017 11:27:18 AM: Finished Loading Domain Name Drop Down
18-08-2017 11:48:00: Session End
8/18/2017 11:53:19 AM: Started Loading Domain Name Drop Down
8/18/2017 11:53:20 AM: Finished Loading Domain Name Drop Down
18-08-2017 12:27:33: Session End
8/18/2017 12:27:45 PM: Started Loading Domain Name Drop Down
8/18/2017 12:27:46 PM: Finished Loading Domain Name Drop Down
18-08-2017 12:46:01: Session End
8/18/2017 12:46:15 PM: Started Loading Domain Name Drop Down
8/18/2017 12:46:16 PM: Finished Loading Domain Name Drop Down
18-08-2017 12:58:44: Session End
8/18/2017 12:59:23 PM: Started Loading Domain Name Drop Down
8/18/2017 12:59:24 PM: Finished Loading Domain Name Drop Down
18-08-2017 13:29:05: Session End
8/18/2017 1:54:53 PM: Started Loading Domain Name Drop Down
8/18/2017 1:54:53 PM: Finished Loading Domain Name Drop Down
18-08-2017 14:16:22: Session End
8/18/2017 2:39:28 PM: Started Loading Domain Name Drop Down
8/18/2017 2:39:29 PM: Finished Loading Domain Name Drop Down
18-08-2017 15:01:12: Session End
8/18/2017 3:17:43 PM: Started Loading Domain Name Drop Down
8/18/2017 3:17:43 PM: Finished Loading Domain Name Drop Down
18-08-2017 15:25:56: Session End
8/18/2017 3:26:09 PM: Started Loading Domain Name Drop Down
8/18/2017 3:26:10 PM: Finished Loading Domain Name Drop Down
18-08-2017 15:28:25: Session End
8/18/2017 3:28:36 PM: Started Loading Domain Name Drop Down
8/18/2017 3:28:36 PM: Finished Loading Domain Name Drop Down
18-08-2017 15:55:45: Session End
8/18/2017 3:56:00 PM: Started Loading Domain Name Drop Down
8/18/2017 3:56:00 PM: Finished Loading Domain Name Drop Down
18-08-2017 16:07:17: Session End
8/18/2017 4:07:29 PM: Started Loading Domain Name Drop Down
8/18/2017 4:07:29 PM: Finished Loading Domain Name Drop Down
18-08-2017 16:24:32: Session End
8/18/2017 4:24:55 PM: Started Loading Domain Name Drop Down
8/18/2017 4:24:56 PM: Finished Loading Domain Name Drop Down
18-08-2017 17:06:10: Session End
8/18/2017 5:06:15 PM: Started Loading Domain Name Drop Down
8/18/2017 5:06:15 PM: Finished Loading Domain Name Drop Down
8/18/2017 5:17:59 PM: Started Loading Domain Name Drop Down
8/18/2017 5:17:59 PM: Finished Loading Domain Name Drop Down
8/18/2017 5:18:07 PM: Started Loading Domain Name Drop Down
8/18/2017 5:18:07 PM: Finished Loading Domain Name Drop Down
18-08-2017 17:20:23: Session End
18-08-2017 17:20:23: Session End
8/18/2017 5:20:35 PM: Started Loading Domain Name Drop Down
8/18/2017 5:20:36 PM: Finished Loading Domain Name Drop Down
18-08-2017 17:54:30: Session End
8/18/2017 6:22:29 PM: Started Loading Domain Name Drop Down
8/18/2017 6:22:29 PM: Finished Loading Domain Name Drop Down
18-08-2017 18:33:26: Session End
8/18/2017 6:33:31 PM: Started Loading Domain Name Drop Down
8/18/2017 6:33:31 PM: Finished Loading Domain Name Drop Down
18-08-2017 18:39:19: Session End
