2/14/2018 11:31:52 AM: Started Loading Domain Name Drop Down
2/14/2018 11:31:54 AM: Finished Loading Domain Name Drop Down
2/14/2018 11:32:13 AM: Started Loading Domain Name Drop Down
2/14/2018 11:32:13 AM: Finished Loading Domain Name Drop Down
2/14/2018 11:32:41 AM: Started Loading Domain Name Drop Down
2/14/2018 11:32:41 AM: Finished Loading Domain Name Drop Down
2/14/2018 11:32:47 AM: Started Loading Domain Name Drop Down
2/14/2018 11:32:47 AM: Finished Loading Domain Name Drop Down
2/14/2018 11:44:37 AM: Started Loading Domain Name Drop Down
2/14/2018 11:44:37 AM: Finished Loading Domain Name Drop Down
14-02-2018 11:48:41: Session End
2/14/2018 11:49:06 AM: Started Loading Domain Name Drop Down
2/14/2018 11:49:06 AM: Finished Loading Domain Name Drop Down
14-02-2018 11:50:55: Session End
2/14/2018 11:51:07 AM: Started Loading Domain Name Drop Down
2/14/2018 11:51:07 AM: Finished Loading Domain Name Drop Down
2/14/2018 11:53:20 AM: Started Loading Domain Name Drop Down
2/14/2018 11:53:20 AM: Finished Loading Domain Name Drop Down
14-02-2018 11:54:22: Session End
2/14/2018 1:56:57 PM: Started Loading Domain Name Drop Down
2/14/2018 1:56:58 PM: Finished Loading Domain Name Drop Down
14-02-2018 14:24:02: Session End
