12/28/2018 11:51:36 AM: Started Loading Domain Name Drop Down
12/28/2018 11:51:37 AM: Finished Loading Domain Name Drop Down
12/28/2018 11:52:17 AM: Started Loading Domain Name Drop Down
12/28/2018 11:52:17 AM: Finished Loading Domain Name Drop Down
12/28/2018 11:59:14 AM: Started Loading Domain Name Drop Down
12/28/2018 11:59:14 AM: Finished Loading Domain Name Drop Down
12/28/2018 11:59:53 AM: Started Loading Domain Name Drop Down
12/28/2018 11:59:53 AM: Finished Loading Domain Name Drop Down
28-12-2018 12:23:51: Session End
12/28/2018 12:24:16 PM: Started Loading Domain Name Drop Down
12/28/2018 12:24:17 PM: Finished Loading Domain Name Drop Down
28-12-2018 12:50:18: Session End
12/28/2018 12:50:25 PM: Started Loading Domain Name Drop Down
12/28/2018 12:50:25 PM: Finished Loading Domain Name Drop Down
28-12-2018 12:53:01: Session End
12/28/2018 12:53:14 PM: Started Loading Domain Name Drop Down
12/28/2018 12:53:14 PM: Finished Loading Domain Name Drop Down
12/28/2018 12:54:08 PM: Started Loading Domain Name Drop Down
12/28/2018 12:54:08 PM: Finished Loading Domain Name Drop Down
12/28/2018 12:54:14 PM: Started Loading Domain Name Drop Down
12/28/2018 12:54:14 PM: Finished Loading Domain Name Drop Down
12/28/2018 12:54:44 PM: Started Loading Domain Name Drop Down
12/28/2018 12:54:44 PM: Finished Loading Domain Name Drop Down
12/28/2018 12:54:49 PM: Started Loading Domain Name Drop Down
12/28/2018 12:54:49 PM: Finished Loading Domain Name Drop Down
12/28/2018 12:55:04 PM: Started Loading Domain Name Drop Down
12/28/2018 12:55:04 PM: Finished Loading Domain Name Drop Down
28-12-2018 13:13:34: Session End
