11/15/2018 10:58:50 AM: Started Loading Domain Name Drop Down
11/15/2018 10:58:50 AM: Finished Loading Domain Name Drop Down
15-11-2018 10:59:01: Session End
11/15/2018 10:59:06 AM: Started Loading Domain Name Drop Down
11/15/2018 10:59:06 AM: Finished Loading Domain Name Drop Down
11/15/2018 10:59:25 AM: Started Loading Domain Name Drop Down
11/15/2018 10:59:25 AM: Finished Loading Domain Name Drop Down
15-11-2018 11:27:00: Session End
11/15/2018 3:35:29 PM: Started Loading Domain Name Drop Down
11/15/2018 3:35:30 PM: Finished Loading Domain Name Drop Down
11/15/2018 3:36:24 PM: Started Loading Domain Name Drop Down
11/15/2018 3:36:24 PM: Finished Loading Domain Name Drop Down
15-11-2018 15:51:49: Session End
11/15/2018 3:52:01 PM: Started Loading Domain Name Drop Down
11/15/2018 3:52:01 PM: Finished Loading Domain Name Drop Down
15-11-2018 16:12:53: Session End
11/15/2018 4:13:13 PM: Started Loading Domain Name Drop Down
11/15/2018 4:13:13 PM: Finished Loading Domain Name Drop Down
15-11-2018 16:15:13: Session End
11/15/2018 4:15:25 PM: Started Loading Domain Name Drop Down
11/15/2018 4:15:25 PM: Finished Loading Domain Name Drop Down
11/15/2018 4:54:02 PM: Started Loading Domain Name Drop Down
11/15/2018 4:54:02 PM: Finished Loading Domain Name Drop Down
15-11-2018 17:02:27: Session End
11/15/2018 5:02:34 PM: Started Loading Domain Name Drop Down
11/15/2018 5:02:34 PM: Finished Loading Domain Name Drop Down
15-11-2018 17:11:13: Session End
11/15/2018 5:11:17 PM: Started Loading Domain Name Drop Down
11/15/2018 5:11:17 PM: Finished Loading Domain Name Drop Down
15-11-2018 17:17:20: Session End
11/15/2018 5:18:17 PM: Started Loading Domain Name Drop Down
11/15/2018 5:18:17 PM: Finished Loading Domain Name Drop Down
15-11-2018 17:45:40: Session End
11/15/2018 6:20:15 PM: Started Loading Domain Name Drop Down
11/15/2018 6:20:15 PM: Finished Loading Domain Name Drop Down
15-11-2018 18:50:25: Session End
15-11-2018 18:56:55: Session End
11/15/2018 6:57:04 PM: Started Loading Domain Name Drop Down
11/15/2018 6:57:05 PM: Finished Loading Domain Name Drop Down
15-11-2018 18:59:21: Session End
11/15/2018 6:59:32 PM: Started Loading Domain Name Drop Down
11/15/2018 6:59:32 PM: Finished Loading Domain Name Drop Down
15-11-2018 19:08:12: Session End
11/15/2018 7:08:24 PM: Started Loading Domain Name Drop Down
11/15/2018 7:08:24 PM: Finished Loading Domain Name Drop Down
15-11-2018 19:10:38: Session End
11/15/2018 7:10:48 PM: Started Loading Domain Name Drop Down
11/15/2018 7:10:49 PM: Finished Loading Domain Name Drop Down
15-11-2018 19:12:13: Session End
11/15/2018 7:12:23 PM: Started Loading Domain Name Drop Down
11/15/2018 7:12:23 PM: Finished Loading Domain Name Drop Down
15-11-2018 19:16:06: Session End
11/15/2018 7:16:17 PM: Started Loading Domain Name Drop Down
11/15/2018 7:16:17 PM: Finished Loading Domain Name Drop Down
15-11-2018 19:18:47: Session End
11/15/2018 7:18:57 PM: Started Loading Domain Name Drop Down
11/15/2018 7:18:57 PM: Finished Loading Domain Name Drop Down
15-11-2018 19:20:59: Session End
11/15/2018 7:21:11 PM: Started Loading Domain Name Drop Down
11/15/2018 7:21:11 PM: Finished Loading Domain Name Drop Down
15-11-2018 19:23:02: Session End
11/15/2018 7:23:12 PM: Started Loading Domain Name Drop Down
11/15/2018 7:23:12 PM: Finished Loading Domain Name Drop Down
15-11-2018 19:24:41: Session End
11/15/2018 7:24:52 PM: Started Loading Domain Name Drop Down
11/15/2018 7:24:52 PM: Finished Loading Domain Name Drop Down
15-11-2018 19:31:28: Session End
11/15/2018 7:31:39 PM: Started Loading Domain Name Drop Down
11/15/2018 7:31:39 PM: Finished Loading Domain Name Drop Down
15-11-2018 19:33:38: Session End
11/15/2018 7:33:50 PM: Started Loading Domain Name Drop Down
11/15/2018 7:33:50 PM: Finished Loading Domain Name Drop Down
15-11-2018 19:37:57: Session End
11/15/2018 7:38:10 PM: Started Loading Domain Name Drop Down
11/15/2018 7:38:10 PM: Finished Loading Domain Name Drop Down
15-11-2018 19:39:25: Session End
11/15/2018 7:39:36 PM: Started Loading Domain Name Drop Down
11/15/2018 7:39:36 PM: Finished Loading Domain Name Drop Down
15-11-2018 19:40:31: Session End
11/15/2018 7:40:41 PM: Started Loading Domain Name Drop Down
11/15/2018 7:40:41 PM: Finished Loading Domain Name Drop Down
15-11-2018 19:42:03: Session End
11/15/2018 7:42:14 PM: Started Loading Domain Name Drop Down
11/15/2018 7:42:14 PM: Finished Loading Domain Name Drop Down
15-11-2018 19:45:29: Session End
11/15/2018 7:45:40 PM: Started Loading Domain Name Drop Down
11/15/2018 7:45:40 PM: Finished Loading Domain Name Drop Down
15-11-2018 19:45:49: Session End
11/15/2018 7:46:00 PM: Started Loading Domain Name Drop Down
11/15/2018 7:46:00 PM: Finished Loading Domain Name Drop Down
15-11-2018 19:54:10: Session End
11/15/2018 7:54:22 PM: Started Loading Domain Name Drop Down
11/15/2018 7:54:22 PM: Finished Loading Domain Name Drop Down
15-11-2018 19:58:19: Session End
11/15/2018 7:58:28 PM: Started Loading Domain Name Drop Down
11/15/2018 7:58:28 PM: Finished Loading Domain Name Drop Down
15-11-2018 20:01:47: Session End
11/15/2018 8:01:58 PM: Started Loading Domain Name Drop Down
11/15/2018 8:01:58 PM: Finished Loading Domain Name Drop Down
15-11-2018 20:06:36: Session End
11/15/2018 8:06:48 PM: Started Loading Domain Name Drop Down
11/15/2018 8:06:48 PM: Finished Loading Domain Name Drop Down
15-11-2018 20:18:43: Session End
