11/22/2018 11:34:41 AM: Started Loading Domain Name Drop Down
11/22/2018 11:34:41 AM: Finished Loading Domain Name Drop Down
11/22/2018 11:34:49 AM: Started Loading Domain Name Drop Down
11/22/2018 11:34:49 AM: Finished Loading Domain Name Drop Down
22-11-2018 11:40:18: Session End
11/22/2018 11:40:29 AM: Started Loading Domain Name Drop Down
11/22/2018 11:40:29 AM: Finished Loading Domain Name Drop Down
22-11-2018 12:22:20: Session End
11/22/2018 12:22:32 PM: Started Loading Domain Name Drop Down
11/22/2018 12:22:32 PM: Finished Loading Domain Name Drop Down
22-11-2018 12:30:44: Session End
11/22/2018 12:30:56 PM: Started Loading Domain Name Drop Down
11/22/2018 12:30:56 PM: Finished Loading Domain Name Drop Down
22-11-2018 12:39:13: Session End
11/22/2018 12:39:24 PM: Started Loading Domain Name Drop Down
11/22/2018 12:39:24 PM: Finished Loading Domain Name Drop Down
22-11-2018 12:49:17: Session End
11/22/2018 12:49:28 PM: Started Loading Domain Name Drop Down
11/22/2018 12:49:28 PM: Finished Loading Domain Name Drop Down
22-11-2018 12:56:26: Session End
11/22/2018 12:56:33 PM: Started Loading Domain Name Drop Down
11/22/2018 12:56:33 PM: Finished Loading Domain Name Drop Down
22-11-2018 13:02:24: Session End
11/22/2018 1:03:03 PM: Started Loading Domain Name Drop Down
11/22/2018 1:03:03 PM: Finished Loading Domain Name Drop Down
22-11-2018 13:05:42: Session End
11/22/2018 1:19:35 PM: Started Loading Domain Name Drop Down
11/22/2018 1:19:35 PM: Finished Loading Domain Name Drop Down
22-11-2018 13:55:00: Session End
11/22/2018 2:16:39 PM: Started Loading Domain Name Drop Down
11/22/2018 2:16:39 PM: Finished Loading Domain Name Drop Down
11/22/2018 2:16:41 PM: Started Loading Domain Name Drop Down
11/22/2018 2:16:41 PM: Finished Loading Domain Name Drop Down
11/22/2018 2:16:42 PM: Started Loading Domain Name Drop Down
11/22/2018 2:16:42 PM: Finished Loading Domain Name Drop Down
11/22/2018 2:16:42 PM: Started Loading Domain Name Drop Down
11/22/2018 2:16:42 PM: Finished Loading Domain Name Drop Down
11/22/2018 2:16:42 PM: Started Loading Domain Name Drop Down
11/22/2018 2:16:42 PM: Finished Loading Domain Name Drop Down
11/22/2018 2:16:43 PM: Started Loading Domain Name Drop Down
11/22/2018 2:16:43 PM: Finished Loading Domain Name Drop Down
11/22/2018 2:16:43 PM: Started Loading Domain Name Drop Down
11/22/2018 2:16:43 PM: Finished Loading Domain Name Drop Down
11/22/2018 2:16:43 PM: Started Loading Domain Name Drop Down
11/22/2018 2:16:43 PM: Finished Loading Domain Name Drop Down
22-11-2018 14:21:38: Session End
11/22/2018 2:23:30 PM: Started Loading Domain Name Drop Down
11/22/2018 2:23:31 PM: Finished Loading Domain Name Drop Down
22-11-2018 14:29:54: Session End
11/22/2018 2:30:06 PM: Started Loading Domain Name Drop Down
11/22/2018 2:30:06 PM: Finished Loading Domain Name Drop Down
22-11-2018 14:34:13: Session End
11/22/2018 2:34:24 PM: Started Loading Domain Name Drop Down
11/22/2018 2:34:24 PM: Finished Loading Domain Name Drop Down
22-11-2018 14:54:40: Session End
22-11-2018 15:20:28: Session End
11/22/2018 3:20:35 PM: Started Loading Domain Name Drop Down
11/22/2018 3:20:35 PM: Finished Loading Domain Name Drop Down
11/22/2018 3:23:23 PM: Started Loading Domain Name Drop Down
11/22/2018 3:23:23 PM: Finished Loading Domain Name Drop Down
22-11-2018 15:23:48: Session End
11/22/2018 3:24:43 PM: Started Loading Domain Name Drop Down
11/22/2018 3:24:43 PM: Finished Loading Domain Name Drop Down
11/22/2018 3:27:10 PM: Started Loading Domain Name Drop Down
11/22/2018 3:27:10 PM: Finished Loading Domain Name Drop Down
11/22/2018 3:27:14 PM: Started Loading Domain Name Drop Down
11/22/2018 3:27:14 PM: Finished Loading Domain Name Drop Down
22-11-2018 15:43:17: Session End
11/22/2018 5:08:00 PM: Started Loading Domain Name Drop Down
11/22/2018 5:08:00 PM: Finished Loading Domain Name Drop Down
22-11-2018 17:28:40: Session End
11/22/2018 5:31:49 PM: Started Loading Domain Name Drop Down
11/22/2018 5:31:49 PM: Finished Loading Domain Name Drop Down
22-11-2018 17:50:36: Session End
11/22/2018 5:50:49 PM: Started Loading Domain Name Drop Down
11/22/2018 5:50:49 PM: Finished Loading Domain Name Drop Down
11/22/2018 5:52:09 PM: Started Loading Domain Name Drop Down
11/22/2018 5:52:09 PM: Finished Loading Domain Name Drop Down
22-11-2018 17:52:32: Session End
11/22/2018 6:38:12 PM: Started Loading Domain Name Drop Down
11/22/2018 6:38:12 PM: Finished Loading Domain Name Drop Down
22-11-2018 18:50:45: Session End
11/22/2018 6:50:57 PM: Started Loading Domain Name Drop Down
11/22/2018 6:50:57 PM: Finished Loading Domain Name Drop Down
22-11-2018 18:54:23: Session End
