1/5/2018 11:28:43 AM: Started Loading Domain Name Drop Down
1/5/2018 11:28:44 AM: Finished Loading Domain Name Drop Down
1/5/2018 11:34:58 AM: Started Loading Domain Name Drop Down
1/5/2018 11:34:58 AM: Finished Loading Domain Name Drop Down
05-01-2018 12:24:10: Session End
1/5/2018 12:26:52 PM: Started Loading Domain Name Drop Down
1/5/2018 12:26:52 PM: Finished Loading Domain Name Drop Down
05-01-2018 12:43:28: Session End
1/5/2018 12:44:58 PM: Started Loading Domain Name Drop Down
1/5/2018 12:44:59 PM: Finished Loading Domain Name Drop Down
05-01-2018 13:03:55: Session End
1/5/2018 1:04:16 PM: Started Loading Domain Name Drop Down
1/5/2018 1:04:17 PM: Finished Loading Domain Name Drop Down
05-01-2018 13:31:01: Session End
1/5/2018 2:32:30 PM: Started Loading Domain Name Drop Down
1/5/2018 2:32:31 PM: Finished Loading Domain Name Drop Down
05-01-2018 14:42:21: Session End
1/5/2018 2:42:32 PM: Started Loading Domain Name Drop Down
1/5/2018 2:42:32 PM: Finished Loading Domain Name Drop Down
05-01-2018 14:44:36: Session End
1/5/2018 2:44:48 PM: Started Loading Domain Name Drop Down
1/5/2018 2:44:49 PM: Finished Loading Domain Name Drop Down
05-01-2018 14:47:00: Session End
1/5/2018 2:47:15 PM: Started Loading Domain Name Drop Down
1/5/2018 2:47:15 PM: Finished Loading Domain Name Drop Down
05-01-2018 14:56:57: Session End
1/5/2018 2:57:10 PM: Started Loading Domain Name Drop Down
1/5/2018 2:57:10 PM: Finished Loading Domain Name Drop Down
1/5/2018 3:11:33 PM: Started Loading Domain Name Drop Down
1/5/2018 3:17:36 PM: Started Loading Domain Name Drop Down
1/5/2018 3:17:36 PM: Finished Loading Domain Name Drop Down
1/5/2018 3:18:06 PM: Started Loading Domain Name Drop Down
1/5/2018 3:18:06 PM: Finished Loading Domain Name Drop Down
05-01-2018 15:37:47: Session End
1/5/2018 3:39:46 PM: Started Loading Domain Name Drop Down
1/5/2018 3:39:46 PM: Finished Loading Domain Name Drop Down
05-01-2018 15:50:52: Session End
1/5/2018 3:51:15 PM: Started Loading Domain Name Drop Down
1/5/2018 3:51:15 PM: Started Loading Domain Name Drop Down
1/5/2018 3:51:16 PM: Finished Loading Domain Name Drop Down
1/5/2018 3:53:08 PM: Started Loading Domain Name Drop Down
1/5/2018 3:53:08 PM: Finished Loading Domain Name Drop Down
1/5/2018 3:56:28 PM: Started Loading Domain Name Drop Down
1/5/2018 3:56:28 PM: Finished Loading Domain Name Drop Down
1/5/2018 3:58:08 PM: Started Loading Domain Name Drop Down
1/5/2018 3:58:08 PM: Finished Loading Domain Name Drop Down
05-01-2018 15:59:50: Session End
05-01-2018 15:59:50: Session End
1/5/2018 4:00:03 PM: Started Loading Domain Name Drop Down
1/5/2018 4:00:03 PM: Finished Loading Domain Name Drop Down
05-01-2018 16:10:13: Session End
1/5/2018 4:10:24 PM: Started Loading Domain Name Drop Down
1/5/2018 4:10:24 PM: Finished Loading Domain Name Drop Down
05-01-2018 16:19:19: Session End
1/5/2018 4:19:31 PM: Started Loading Domain Name Drop Down
1/5/2018 4:19:32 PM: Finished Loading Domain Name Drop Down
05-01-2018 16:20:09: Session End
1/5/2018 4:20:20 PM: Started Loading Domain Name Drop Down
1/5/2018 4:20:20 PM: Finished Loading Domain Name Drop Down
05-01-2018 16:21:08: Session End
1/5/2018 4:21:25 PM: Started Loading Domain Name Drop Down
1/5/2018 4:21:25 PM: Finished Loading Domain Name Drop Down
1/5/2018 4:21:59 PM: Started Loading Domain Name Drop Down
1/5/2018 4:21:59 PM: Finished Loading Domain Name Drop Down
05-01-2018 16:22:42: Session End
1/5/2018 4:22:55 PM: Started Loading Domain Name Drop Down
1/5/2018 4:22:55 PM: Finished Loading Domain Name Drop Down
1/5/2018 4:23:20 PM: Started Loading Domain Name Drop Down
1/5/2018 4:23:20 PM: Finished Loading Domain Name Drop Down
05-01-2018 16:23:49: Session End
1/5/2018 4:23:55 PM: Started Loading Domain Name Drop Down
1/5/2018 4:23:56 PM: Finished Loading Domain Name Drop Down
05-01-2018 16:28:27: Session End
1/5/2018 4:28:36 PM: Started Loading Domain Name Drop Down
1/5/2018 4:28:36 PM: Finished Loading Domain Name Drop Down
05-01-2018 16:53:33: Session End
1/5/2018 4:53:48 PM: Started Loading Domain Name Drop Down
1/5/2018 4:53:49 PM: Finished Loading Domain Name Drop Down
05-01-2018 16:57:11: Session End
1/5/2018 4:57:25 PM: Started Loading Domain Name Drop Down
1/5/2018 4:57:26 PM: Finished Loading Domain Name Drop Down
05-01-2018 17:05:43: Session End
1/5/2018 5:05:54 PM: Started Loading Domain Name Drop Down
1/5/2018 5:05:54 PM: Finished Loading Domain Name Drop Down
1/5/2018 5:05:55 PM: Started Loading Domain Name Drop Down
1/5/2018 5:05:55 PM: Finished Loading Domain Name Drop Down
05-01-2018 17:08:18: Session End
1/5/2018 5:08:31 PM: Started Loading Domain Name Drop Down
1/5/2018 5:08:32 PM: Finished Loading Domain Name Drop Down
1/5/2018 5:08:32 PM: Started Loading Domain Name Drop Down
1/5/2018 5:08:32 PM: Finished Loading Domain Name Drop Down
1/5/2018 5:08:33 PM: Started Loading Domain Name Drop Down
1/5/2018 5:08:33 PM: Finished Loading Domain Name Drop Down
05-01-2018 17:10:17: Session End
1/5/2018 5:10:26 PM: Started Loading Domain Name Drop Down
05-01-2018 17:10:26: Session End
1/5/2018 5:10:26 PM: Finished Loading Domain Name Drop Down
1/5/2018 5:10:26 PM: Started Loading Domain Name Drop Down
1/5/2018 5:10:26 PM: Finished Loading Domain Name Drop Down
05-01-2018 17:15:04: Session End
1/5/2018 5:15:16 PM: Started Loading Domain Name Drop Down
1/5/2018 5:15:16 PM: Finished Loading Domain Name Drop Down
05-01-2018 17:37:00: Session End
1/5/2018 5:40:55 PM: Started Loading Domain Name Drop Down
1/5/2018 5:40:56 PM: Finished Loading Domain Name Drop Down
1/5/2018 5:41:00 PM: Started Loading Domain Name Drop Down
1/5/2018 5:41:00 PM: Finished Loading Domain Name Drop Down
05-01-2018 17:42:07: Session End
1/5/2018 5:42:18 PM: Started Loading Domain Name Drop Down
1/5/2018 5:42:19 PM: Finished Loading Domain Name Drop Down
05-01-2018 17:57:22: Session End
1/5/2018 5:57:35 PM: Started Loading Domain Name Drop Down
1/5/2018 5:57:35 PM: Finished Loading Domain Name Drop Down
1/5/2018 5:57:35 PM: Started Loading Domain Name Drop Down
1/5/2018 5:57:35 PM: Finished Loading Domain Name Drop Down
05-01-2018 17:58:57: Session End
1/5/2018 5:59:12 PM: Started Loading Domain Name Drop Down
1/5/2018 5:59:12 PM: Finished Loading Domain Name Drop Down
05-01-2018 18:12:07: Session End
1/5/2018 6:12:19 PM: Started Loading Domain Name Drop Down
1/5/2018 6:12:20 PM: Finished Loading Domain Name Drop Down
05-01-2018 18:12:54: Session End
1/5/2018 7:52:33 PM: Started Loading Domain Name Drop Down
1/5/2018 7:52:35 PM: Finished Loading Domain Name Drop Down
05-01-2018 20:12:40: Session End
1/5/2018 8:14:22 PM: Started Loading Domain Name Drop Down
1/5/2018 8:14:22 PM: Finished Loading Domain Name Drop Down
1/5/2018 8:14:47 PM: Started Loading Domain Name Drop Down
1/5/2018 8:14:47 PM: Finished Loading Domain Name Drop Down
05-01-2018 20:16:49: Session End
1/5/2018 8:17:06 PM: Started Loading Domain Name Drop Down
1/5/2018 8:17:07 PM: Finished Loading Domain Name Drop Down
05-01-2018 20:36:26: Session End
1/5/2018 8:36:41 PM: Started Loading Domain Name Drop Down
1/5/2018 8:36:41 PM: Finished Loading Domain Name Drop Down
05-01-2018 20:44:33: Session End
1/5/2018 8:44:49 PM: Started Loading Domain Name Drop Down
1/5/2018 8:44:50 PM: Finished Loading Domain Name Drop Down
05-01-2018 20:53:56: Session End
1/5/2018 8:54:12 PM: Started Loading Domain Name Drop Down
1/5/2018 8:54:12 PM: Finished Loading Domain Name Drop Down
1/5/2018 8:54:12 PM: Started Loading Domain Name Drop Down
1/5/2018 8:54:12 PM: Finished Loading Domain Name Drop Down
05-01-2018 21:31:10: Session End
1/5/2018 9:31:25 PM: Started Loading Domain Name Drop Down
1/5/2018 9:31:25 PM: Finished Loading Domain Name Drop Down
05-01-2018 21:49:18: Session End
1/5/2018 9:49:34 PM: Started Loading Domain Name Drop Down
1/5/2018 9:49:34 PM: Finished Loading Domain Name Drop Down
05-01-2018 22:11:35: Session End
