3/29/2018 11:41:44 AM: Started Loading Domain Name Drop Down
3/29/2018 11:41:45 AM: Finished Loading Domain Name Drop Down
3/29/2018 11:43:38 AM: Started Loading Domain Name Drop Down
3/29/2018 11:43:38 AM: Finished Loading Domain Name Drop Down
3/29/2018 11:44:05 AM: Started Loading Domain Name Drop Down
3/29/2018 11:44:05 AM: Finished Loading Domain Name Drop Down
3/29/2018 12:04:44 PM: Started Loading Domain Name Drop Down
3/29/2018 12:04:44 PM: Finished Loading Domain Name Drop Down
29-03-2018 12:25:40: Session End
3/29/2018 1:03:58 PM: Started Loading Domain Name Drop Down
3/29/2018 1:03:58 PM: Finished Loading Domain Name Drop Down
29-03-2018 13:24:41: Session End
3/29/2018 1:32:36 PM: Started Loading Domain Name Drop Down
3/29/2018 1:32:36 PM: Finished Loading Domain Name Drop Down
29-03-2018 13:53:02: Session End
3/29/2018 2:19:58 PM: Started Loading Domain Name Drop Down
3/29/2018 2:19:58 PM: Finished Loading Domain Name Drop Down
3/29/2018 2:25:23 PM: Started Loading Domain Name Drop Down
3/29/2018 2:25:23 PM: Finished Loading Domain Name Drop Down
29-03-2018 14:45:23: Session End
