17-06-2022 10:39:27: Session End
6/17/2022 10:44:28 AM: Started Loading Domain Name Drop Down
6/17/2022 10:44:28 AM: Finished Loading Domain Name Drop Down
6/17/2022 10:45:11 AM: Started Loading Domain Name Drop Down
6/17/2022 10:45:11 AM: Finished Loading Domain Name Drop Down
17-06-2022 11:01:14: Session End
6/17/2022 11:15:04 AM: Started Loading Domain Name Drop Down
6/17/2022 11:15:05 AM: Finished Loading Domain Name Drop Down
6/17/2022 11:15:13 AM: Started Loading Domain Name Drop Down
6/17/2022 11:15:13 AM: Finished Loading Domain Name Drop Down
17-06-2022 11:30:35: Session End
6/17/2022 11:30:43 AM: Started Loading Domain Name Drop Down
6/17/2022 11:30:43 AM: Finished Loading Domain Name Drop Down
6/17/2022 11:30:48 AM: Started Loading Domain Name Drop Down
6/17/2022 11:30:48 AM: Finished Loading Domain Name Drop Down
17-06-2022 11:32:46: Session End
6/17/2022 11:33:02 AM: Started Loading Domain Name Drop Down
6/17/2022 11:33:02 AM: Finished Loading Domain Name Drop Down
6/17/2022 11:33:06 AM: Started Loading Domain Name Drop Down
6/17/2022 11:33:06 AM: Finished Loading Domain Name Drop Down
6/17/2022 11:39:03 AM: Started Loading Domain Name Drop Down
6/17/2022 11:39:03 AM: Finished Loading Domain Name Drop Down
6/17/2022 11:41:09 AM: Started Loading Domain Name Drop Down
6/17/2022 11:41:09 AM: Finished Loading Domain Name Drop Down
17-06-2022 12:06:34: Session End
6/17/2022 12:06:56 PM: Started Loading Domain Name Drop Down
6/17/2022 12:06:56 PM: Finished Loading Domain Name Drop Down
17-06-2022 12:08:19: Session End
6/17/2022 12:08:40 PM: Started Loading Domain Name Drop Down
6/17/2022 12:08:40 PM: Finished Loading Domain Name Drop Down
17-06-2022 12:11:30: Session End
6/17/2022 12:11:51 PM: Started Loading Domain Name Drop Down
6/17/2022 12:11:51 PM: Finished Loading Domain Name Drop Down
17-06-2022 12:14:22: Session End
6/17/2022 12:14:45 PM: Started Loading Domain Name Drop Down
6/17/2022 12:14:45 PM: Finished Loading Domain Name Drop Down
6/17/2022 12:14:58 PM: Started Loading Domain Name Drop Down
6/17/2022 12:14:58 PM: Finished Loading Domain Name Drop Down
6/17/2022 12:17:17 PM: Started Loading Domain Name Drop Down
6/17/2022 12:17:17 PM: Finished Loading Domain Name Drop Down
17-06-2022 12:19:03: Session End
6/17/2022 12:19:25 PM: Started Loading Domain Name Drop Down
6/17/2022 12:19:25 PM: Finished Loading Domain Name Drop Down
17-06-2022 12:23:06: Session End
6/17/2022 12:23:27 PM: Started Loading Domain Name Drop Down
6/17/2022 12:23:27 PM: Finished Loading Domain Name Drop Down
17-06-2022 12:24:33: Session End
6/17/2022 12:24:53 PM: Started Loading Domain Name Drop Down
6/17/2022 12:24:53 PM: Finished Loading Domain Name Drop Down
17-06-2022 12:26:45: Session End
6/17/2022 12:27:05 PM: Started Loading Domain Name Drop Down
6/17/2022 12:27:05 PM: Finished Loading Domain Name Drop Down
17-06-2022 12:33:01: Session End
6/17/2022 12:33:25 PM: Started Loading Domain Name Drop Down
6/17/2022 12:33:25 PM: Finished Loading Domain Name Drop Down
17-06-2022 12:36:20: Session End
6/17/2022 12:36:40 PM: Started Loading Domain Name Drop Down
6/17/2022 12:36:40 PM: Finished Loading Domain Name Drop Down
17-06-2022 12:37:26: Session End
6/17/2022 12:37:48 PM: Started Loading Domain Name Drop Down
6/17/2022 12:37:48 PM: Finished Loading Domain Name Drop Down
17-06-2022 12:40:40: Session End
6/17/2022 12:40:57 PM: Started Loading Domain Name Drop Down
6/17/2022 12:40:57 PM: Finished Loading Domain Name Drop Down
17-06-2022 12:43:18: Session End
6/17/2022 12:43:39 PM: Started Loading Domain Name Drop Down
6/17/2022 12:43:39 PM: Finished Loading Domain Name Drop Down
6/17/2022 1:11:35 PM: Started Loading Domain Name Drop Down
6/17/2022 1:11:35 PM: Finished Loading Domain Name Drop Down
6/17/2022 1:17:29 PM: Started Loading Domain Name Drop Down
6/17/2022 1:17:29 PM: Finished Loading Domain Name Drop Down
17-06-2022 13:37:41: Session End
6/17/2022 2:41:42 PM: Started Loading Domain Name Drop Down
6/17/2022 2:41:43 PM: Finished Loading Domain Name Drop Down
6/17/2022 2:44:07 PM: Started Loading Domain Name Drop Down
6/17/2022 2:44:07 PM: Finished Loading Domain Name Drop Down
17-06-2022 15:06:15: Session End
6/17/2022 3:06:25 PM: Started Loading Domain Name Drop Down
6/17/2022 3:06:25 PM: Finished Loading Domain Name Drop Down
6/17/2022 3:12:14 PM: Started Loading Domain Name Drop Down
6/17/2022 3:12:15 PM: Finished Loading Domain Name Drop Down
17-06-2022 15:25:10: Session End
6/17/2022 3:25:31 PM: Started Loading Domain Name Drop Down
6/17/2022 3:25:31 PM: Finished Loading Domain Name Drop Down
17-06-2022 15:30:12: Session End
6/17/2022 3:32:03 PM: Started Loading Domain Name Drop Down
6/17/2022 3:32:03 PM: Finished Loading Domain Name Drop Down
6/17/2022 3:32:14 PM: Started Loading Domain Name Drop Down
6/17/2022 3:32:14 PM: Finished Loading Domain Name Drop Down
17-06-2022 15:38:07: Session End
6/17/2022 3:38:22 PM: Started Loading Domain Name Drop Down
6/17/2022 3:38:22 PM: Finished Loading Domain Name Drop Down
17-06-2022 15:41:14: Session End
6/17/2022 3:41:31 PM: Started Loading Domain Name Drop Down
6/17/2022 3:41:31 PM: Finished Loading Domain Name Drop Down
6/17/2022 3:41:38 PM: Started Loading Domain Name Drop Down
6/17/2022 3:41:38 PM: Finished Loading Domain Name Drop Down
6/17/2022 3:42:30 PM: Started Loading Domain Name Drop Down
6/17/2022 3:42:30 PM: Finished Loading Domain Name Drop Down
6/17/2022 3:42:48 PM: Started Loading Domain Name Drop Down
6/17/2022 3:42:48 PM: Finished Loading Domain Name Drop Down
17-06-2022 15:49:06: Session End
6/17/2022 3:49:37 PM: Started Loading Domain Name Drop Down
6/17/2022 3:49:37 PM: Finished Loading Domain Name Drop Down
17-06-2022 15:55:34: Session End
6/17/2022 3:56:41 PM: Started Loading Domain Name Drop Down
6/17/2022 3:56:41 PM: Finished Loading Domain Name Drop Down
17-06-2022 15:59:19: Session End
6/17/2022 3:59:34 PM: Started Loading Domain Name Drop Down
6/17/2022 3:59:34 PM: Finished Loading Domain Name Drop Down
17-06-2022 16:00:43: Session End
6/17/2022 4:00:48 PM: Started Loading Domain Name Drop Down
6/17/2022 4:00:48 PM: Finished Loading Domain Name Drop Down
6/17/2022 4:01:28 PM: Started Loading Domain Name Drop Down
6/17/2022 4:01:28 PM: Finished Loading Domain Name Drop Down
17-06-2022 16:06:01: Session End
6/17/2022 4:06:07 PM: Started Loading Domain Name Drop Down
6/17/2022 4:06:07 PM: Finished Loading Domain Name Drop Down
6/17/2022 4:06:13 PM: Started Loading Domain Name Drop Down
6/17/2022 4:06:13 PM: Finished Loading Domain Name Drop Down
17-06-2022 16:10:20: Session End
6/17/2022 4:11:06 PM: Started Loading Domain Name Drop Down
6/17/2022 4:11:06 PM: Finished Loading Domain Name Drop Down
17-06-2022 16:12:34: Session End
6/17/2022 4:13:06 PM: Started Loading Domain Name Drop Down
6/17/2022 4:13:06 PM: Finished Loading Domain Name Drop Down
6/17/2022 4:13:12 PM: Started Loading Domain Name Drop Down
6/17/2022 4:13:12 PM: Finished Loading Domain Name Drop Down
17-06-2022 16:22:21: Session End
6/17/2022 4:22:53 PM: Started Loading Domain Name Drop Down
6/17/2022 4:22:53 PM: Finished Loading Domain Name Drop Down
6/17/2022 4:23:01 PM: Started Loading Domain Name Drop Down
6/17/2022 4:23:01 PM: Finished Loading Domain Name Drop Down
17-06-2022 16:28:54: Session End
6/17/2022 4:29:30 PM: Started Loading Domain Name Drop Down
6/17/2022 4:29:31 PM: Finished Loading Domain Name Drop Down
6/17/2022 4:30:11 PM: Started Loading Domain Name Drop Down
6/17/2022 4:30:11 PM: Finished Loading Domain Name Drop Down
17-06-2022 16:32:44: Session End
6/17/2022 4:32:49 PM: Started Loading Domain Name Drop Down
6/17/2022 4:32:50 PM: Finished Loading Domain Name Drop Down
6/17/2022 4:32:55 PM: Started Loading Domain Name Drop Down
6/17/2022 4:32:55 PM: Finished Loading Domain Name Drop Down
17-06-2022 16:37:29: Session End
6/17/2022 4:37:45 PM: Started Loading Domain Name Drop Down
6/17/2022 4:37:46 PM: Finished Loading Domain Name Drop Down
6/17/2022 4:37:52 PM: Started Loading Domain Name Drop Down
6/17/2022 4:37:52 PM: Finished Loading Domain Name Drop Down
6/17/2022 4:51:54 PM: Started Loading Domain Name Drop Down
6/17/2022 4:51:55 PM: Finished Loading Domain Name Drop Down
6/17/2022 4:52:00 PM: Started Loading Domain Name Drop Down
6/17/2022 4:52:00 PM: Finished Loading Domain Name Drop Down
17-06-2022 17:27:41: Session End
6/17/2022 5:28:16 PM: Started Loading Domain Name Drop Down
6/17/2022 5:28:16 PM: Finished Loading Domain Name Drop Down
6/17/2022 5:28:21 PM: Started Loading Domain Name Drop Down
6/17/2022 5:28:21 PM: Finished Loading Domain Name Drop Down
17-06-2022 17:48:05: Session End
6/17/2022 5:57:02 PM: Started Loading Domain Name Drop Down
6/17/2022 5:57:03 PM: Finished Loading Domain Name Drop Down
6/17/2022 5:57:09 PM: Started Loading Domain Name Drop Down
6/17/2022 5:57:09 PM: Finished Loading Domain Name Drop Down
6/17/2022 5:58:28 PM: Started Loading Domain Name Drop Down
6/17/2022 5:58:28 PM: Finished Loading Domain Name Drop Down
6/17/2022 5:58:32 PM: Started Loading Domain Name Drop Down
6/17/2022 5:58:32 PM: Finished Loading Domain Name Drop Down
6/17/2022 5:58:36 PM: Started Loading Domain Name Drop Down
6/17/2022 5:58:36 PM: Finished Loading Domain Name Drop Down
6/17/2022 5:58:59 PM: Started Loading Domain Name Drop Down
6/17/2022 5:58:59 PM: Finished Loading Domain Name Drop Down
6/17/2022 5:59:02 PM: Started Loading Domain Name Drop Down
6/17/2022 5:59:02 PM: Finished Loading Domain Name Drop Down
6/17/2022 5:59:02 PM: Started Loading Domain Name Drop Down
6/17/2022 5:59:02 PM: Finished Loading Domain Name Drop Down
6/17/2022 5:59:02 PM: Started Loading Domain Name Drop Down
6/17/2022 5:59:02 PM: Finished Loading Domain Name Drop Down
6/17/2022 5:59:02 PM: Started Loading Domain Name Drop Down
6/17/2022 5:59:02 PM: Finished Loading Domain Name Drop Down
6/17/2022 5:59:02 PM: Started Loading Domain Name Drop Down
6/17/2022 5:59:02 PM: Finished Loading Domain Name Drop Down
6/17/2022 5:59:02 PM: Started Loading Domain Name Drop Down
6/17/2022 5:59:02 PM: Finished Loading Domain Name Drop Down
6/17/2022 5:59:03 PM: Started Loading Domain Name Drop Down
6/17/2022 5:59:03 PM: Finished Loading Domain Name Drop Down
6/17/2022 5:59:03 PM: Started Loading Domain Name Drop Down
6/17/2022 5:59:03 PM: Finished Loading Domain Name Drop Down
6/17/2022 5:59:03 PM: Started Loading Domain Name Drop Down
6/17/2022 5:59:03 PM: Finished Loading Domain Name Drop Down
6/17/2022 5:59:03 PM: Started Loading Domain Name Drop Down
6/17/2022 5:59:03 PM: Finished Loading Domain Name Drop Down
17-06-2022 17:59:58: Session End
6/17/2022 6:00:43 PM: Started Loading Domain Name Drop Down
17-06-2022 18:01:17: Session End
6/17/2022 6:01:36 PM: Started Loading Domain Name Drop Down
6/17/2022 6:01:36 PM: Finished Loading Domain Name Drop Down
6/17/2022 6:01:45 PM: Started Loading Domain Name Drop Down
6/17/2022 6:01:45 PM: Finished Loading Domain Name Drop Down
17-06-2022 18:06:10: Session End
6/17/2022 6:06:41 PM: Started Loading Domain Name Drop Down
6/17/2022 6:06:41 PM: Finished Loading Domain Name Drop Down
17-06-2022 18:07:13: Session End
6/17/2022 6:07:14 PM: Started Loading Domain Name Drop Down
6/17/2022 6:07:14 PM: Finished Loading Domain Name Drop Down
17-06-2022 18:07:24: Session End
6/17/2022 6:07:24 PM: Started Loading Domain Name Drop Down
6/17/2022 6:07:24 PM: Finished Loading Domain Name Drop Down
6/17/2022 6:07:44 PM: Started Loading Domain Name Drop Down
6/17/2022 6:07:44 PM: Finished Loading Domain Name Drop Down
17-06-2022 18:07:48: Session End
6/17/2022 6:07:48 PM: Started Loading Domain Name Drop Down
6/17/2022 6:07:48 PM: Finished Loading Domain Name Drop Down
17-06-2022 18:08:11: Session End
6/17/2022 6:08:11 PM: Started Loading Domain Name Drop Down
6/17/2022 6:08:11 PM: Finished Loading Domain Name Drop Down
6/17/2022 6:08:15 PM: Started Loading Domain Name Drop Down
6/17/2022 6:08:15 PM: Finished Loading Domain Name Drop Down
17-06-2022 18:08:36: Session End
6/17/2022 6:08:36 PM: Started Loading Domain Name Drop Down
6/17/2022 6:08:36 PM: Finished Loading Domain Name Drop Down
6/17/2022 6:08:42 PM: Started Loading Domain Name Drop Down
6/17/2022 6:08:42 PM: Finished Loading Domain Name Drop Down
6/17/2022 6:19:29 PM: Started Loading Domain Name Drop Down
6/17/2022 6:19:30 PM: Finished Loading Domain Name Drop Down
17-06-2022 18:23:43: Session End
6/17/2022 6:24:39 PM: Started Loading Domain Name Drop Down
6/17/2022 6:24:39 PM: Finished Loading Domain Name Drop Down
17-06-2022 18:26:14: Session End
6/17/2022 6:26:14 PM: Started Loading Domain Name Drop Down
6/17/2022 6:26:14 PM: Finished Loading Domain Name Drop Down
6/17/2022 6:26:21 PM: Started Loading Domain Name Drop Down
6/17/2022 6:26:21 PM: Finished Loading Domain Name Drop Down
17-06-2022 18:26:41: Session End
6/17/2022 6:26:41 PM: Started Loading Domain Name Drop Down
6/17/2022 6:26:41 PM: Finished Loading Domain Name Drop Down
6/17/2022 6:26:52 PM: Started Loading Domain Name Drop Down
6/17/2022 6:26:52 PM: Finished Loading Domain Name Drop Down
17-06-2022 18:27:34: Session End
6/17/2022 6:28:08 PM: Started Loading Domain Name Drop Down
6/17/2022 6:28:08 PM: Finished Loading Domain Name Drop Down
17-06-2022 18:30:46: Session End
6/17/2022 6:31:03 PM: Started Loading Domain Name Drop Down
6/17/2022 6:31:04 PM: Finished Loading Domain Name Drop Down
6/17/2022 6:31:09 PM: Started Loading Domain Name Drop Down
6/17/2022 6:31:09 PM: Finished Loading Domain Name Drop Down
17-06-2022 18:36:16: Session End
6/17/2022 6:46:26 PM: Started Loading Domain Name Drop Down
6/17/2022 6:46:26 PM: Finished Loading Domain Name Drop Down
17-06-2022 18:51:04: Session End
