21-06-2022 10:46:32: Session End
6/21/2022 10:54:48 AM: Started Loading Domain Name Drop Down
6/21/2022 10:54:50 AM: Finished Loading Domain Name Drop Down
6/21/2022 10:56:24 AM: Started Loading Domain Name Drop Down
6/21/2022 10:56:24 AM: Finished Loading Domain Name Drop Down
6/21/2022 10:57:47 AM: Started Loading Domain Name Drop Down
6/21/2022 10:57:47 AM: Finished Loading Domain Name Drop Down
21-06-2022 10:59:23: Session End
6/21/2022 10:59:31 AM: Started Loading Domain Name Drop Down
6/21/2022 10:59:31 AM: Finished Loading Domain Name Drop Down
6/21/2022 10:59:40 AM: Started Loading Domain Name Drop Down
6/21/2022 10:59:40 AM: Finished Loading Domain Name Drop Down
21-06-2022 11:01:26: Session End
6/21/2022 11:01:41 AM: Started Loading Domain Name Drop Down
6/21/2022 11:01:41 AM: Finished Loading Domain Name Drop Down
6/21/2022 11:03:38 AM: Started Loading Domain Name Drop Down
6/21/2022 11:03:38 AM: Finished Loading Domain Name Drop Down
21-06-2022 11:24:00: Session End
21-06-2022 12:10:40: Session End
6/21/2022 12:33:46 PM: Started Loading Domain Name Drop Down
6/21/2022 12:33:47 PM: Finished Loading Domain Name Drop Down
6/21/2022 12:33:54 PM: Started Loading Domain Name Drop Down
6/21/2022 12:33:54 PM: Finished Loading Domain Name Drop Down
21-06-2022 12:39:32: Session End
6/21/2022 12:39:57 PM: Started Loading Domain Name Drop Down
6/21/2022 12:39:57 PM: Finished Loading Domain Name Drop Down
6/21/2022 12:40:07 PM: Started Loading Domain Name Drop Down
6/21/2022 12:40:07 PM: Finished Loading Domain Name Drop Down
21-06-2022 12:49:39: Session End
6/21/2022 12:50:02 PM: Started Loading Domain Name Drop Down
6/21/2022 12:50:02 PM: Finished Loading Domain Name Drop Down
6/21/2022 12:50:11 PM: Started Loading Domain Name Drop Down
6/21/2022 12:50:11 PM: Finished Loading Domain Name Drop Down
21-06-2022 12:52:03: Session End
6/21/2022 12:52:26 PM: Started Loading Domain Name Drop Down
6/21/2022 12:52:26 PM: Finished Loading Domain Name Drop Down
6/21/2022 12:52:32 PM: Started Loading Domain Name Drop Down
6/21/2022 12:52:32 PM: Finished Loading Domain Name Drop Down
21-06-2022 12:58:38: Session End
6/21/2022 12:58:59 PM: Started Loading Domain Name Drop Down
6/21/2022 12:58:59 PM: Finished Loading Domain Name Drop Down
6/21/2022 1:01:11 PM: Started Loading Domain Name Drop Down
6/21/2022 1:01:11 PM: Finished Loading Domain Name Drop Down
6/21/2022 1:04:52 PM: Started Loading Domain Name Drop Down
6/21/2022 1:04:53 PM: Finished Loading Domain Name Drop Down
6/21/2022 1:04:59 PM: Started Loading Domain Name Drop Down
6/21/2022 1:04:59 PM: Finished Loading Domain Name Drop Down
21-06-2022 13:32:23: Session End
6/21/2022 2:23:22 PM: Started Loading Domain Name Drop Down
6/21/2022 2:23:22 PM: Finished Loading Domain Name Drop Down
6/21/2022 2:23:30 PM: Started Loading Domain Name Drop Down
6/21/2022 2:23:30 PM: Finished Loading Domain Name Drop Down
21-06-2022 14:25:39: Session End
6/21/2022 2:25:49 PM: Started Loading Domain Name Drop Down
6/21/2022 2:25:49 PM: Finished Loading Domain Name Drop Down
6/21/2022 2:26:58 PM: Started Loading Domain Name Drop Down
6/21/2022 2:26:58 PM: Finished Loading Domain Name Drop Down
6/21/2022 2:27:26 PM: Started Loading Domain Name Drop Down
6/21/2022 2:27:26 PM: Finished Loading Domain Name Drop Down
21-06-2022 14:28:03: Session End
6/21/2022 2:28:11 PM: Started Loading Domain Name Drop Down
6/21/2022 2:28:11 PM: Finished Loading Domain Name Drop Down
21-06-2022 14:36:33: Session End
6/21/2022 2:36:53 PM: Started Loading Domain Name Drop Down
6/21/2022 2:36:53 PM: Finished Loading Domain Name Drop Down
6/21/2022 2:37:35 PM: Started Loading Domain Name Drop Down
6/21/2022 2:37:35 PM: Finished Loading Domain Name Drop Down
6/21/2022 2:37:40 PM: Started Loading Domain Name Drop Down
6/21/2022 2:37:40 PM: Finished Loading Domain Name Drop Down
21-06-2022 14:54:21: Session End
6/21/2022 2:54:21 PM: Started Loading Domain Name Drop Down
6/21/2022 2:54:21 PM: Finished Loading Domain Name Drop Down
6/21/2022 2:55:55 PM: Started Loading Domain Name Drop Down
6/21/2022 2:55:55 PM: Finished Loading Domain Name Drop Down
6/21/2022 2:55:59 PM: Started Loading Domain Name Drop Down
6/21/2022 2:55:59 PM: Finished Loading Domain Name Drop Down
21-06-2022 14:57:21: Session End
6/21/2022 2:57:21 PM: Started Loading Domain Name Drop Down
6/21/2022 2:57:21 PM: Finished Loading Domain Name Drop Down
6/21/2022 2:58:08 PM: Started Loading Domain Name Drop Down
6/21/2022 2:58:08 PM: Finished Loading Domain Name Drop Down
21-06-2022 14:58:37: Session End
6/21/2022 2:58:56 PM: Started Loading Domain Name Drop Down
6/21/2022 2:58:56 PM: Finished Loading Domain Name Drop Down
21-06-2022 15:10:15: Session End
