6/28/2022 11:27:47 AM: Started Loading Domain Name Drop Down
6/28/2022 11:27:48 AM: Finished Loading Domain Name Drop Down
6/28/2022 11:28:02 AM: Started Loading Domain Name Drop Down
6/28/2022 11:28:02 AM: Finished Loading Domain Name Drop Down
28-06-2022 11:29:11: Session End
6/28/2022 11:29:13 AM: Started Loading Domain Name Drop Down
6/28/2022 11:29:13 AM: Finished Loading Domain Name Drop Down
28-06-2022 11:42:18: Session End
6/28/2022 11:43:01 AM: Started Loading Domain Name Drop Down
6/28/2022 11:43:01 AM: Finished Loading Domain Name Drop Down
28-06-2022 11:44:49: Session End
6/28/2022 11:45:20 AM: Started Loading Domain Name Drop Down
6/28/2022 11:45:21 AM: Finished Loading Domain Name Drop Down
28-06-2022 11:52:23: Session End
6/28/2022 11:53:05 AM: Started Loading Domain Name Drop Down
6/28/2022 11:53:05 AM: Finished Loading Domain Name Drop Down
28-06-2022 11:56:13: Session End
6/28/2022 11:56:44 AM: Started Loading Domain Name Drop Down
6/28/2022 11:56:44 AM: Finished Loading Domain Name Drop Down
28-06-2022 11:59:42: Session End
6/28/2022 12:00:07 PM: Started Loading Domain Name Drop Down
6/28/2022 12:00:07 PM: Finished Loading Domain Name Drop Down
28-06-2022 12:03:59: Session End
6/28/2022 12:04:21 PM: Started Loading Domain Name Drop Down
6/28/2022 12:04:21 PM: Finished Loading Domain Name Drop Down
28-06-2022 12:06:40: Session End
6/28/2022 12:07:00 PM: Started Loading Domain Name Drop Down
6/28/2022 12:07:00 PM: Finished Loading Domain Name Drop Down
28-06-2022 12:08:34: Session End
6/28/2022 12:08:54 PM: Started Loading Domain Name Drop Down
6/28/2022 12:08:54 PM: Finished Loading Domain Name Drop Down
28-06-2022 12:09:16: Session End
6/28/2022 12:09:38 PM: Started Loading Domain Name Drop Down
6/28/2022 12:09:38 PM: Finished Loading Domain Name Drop Down
6/28/2022 12:09:43 PM: Started Loading Domain Name Drop Down
6/28/2022 12:09:43 PM: Finished Loading Domain Name Drop Down
28-06-2022 12:14:31: Session End
6/28/2022 12:14:53 PM: Started Loading Domain Name Drop Down
6/28/2022 12:14:53 PM: Finished Loading Domain Name Drop Down
28-06-2022 12:16:27: Session End
6/28/2022 12:16:27 PM: Started Loading Domain Name Drop Down
6/28/2022 12:16:27 PM: Finished Loading Domain Name Drop Down
28-06-2022 12:17:07: Session End
6/28/2022 12:17:07 PM: Started Loading Domain Name Drop Down
6/28/2022 12:17:07 PM: Finished Loading Domain Name Drop Down
28-06-2022 12:18:59: Session End
6/28/2022 12:18:59 PM: Started Loading Domain Name Drop Down
6/28/2022 12:18:59 PM: Finished Loading Domain Name Drop Down
28-06-2022 12:25:44: Session End
6/28/2022 12:26:46 PM: Started Loading Domain Name Drop Down
6/28/2022 12:26:46 PM: Finished Loading Domain Name Drop Down
28-06-2022 12:29:28: Session End
6/28/2022 12:29:50 PM: Started Loading Domain Name Drop Down
6/28/2022 12:29:50 PM: Finished Loading Domain Name Drop Down
28-06-2022 12:34:23: Session End
6/28/2022 12:35:08 PM: Started Loading Domain Name Drop Down
6/28/2022 12:35:08 PM: Finished Loading Domain Name Drop Down
28-06-2022 12:36:26: Session End
6/28/2022 12:36:56 PM: Started Loading Domain Name Drop Down
6/28/2022 12:36:56 PM: Finished Loading Domain Name Drop Down
6/28/2022 12:59:53 PM: Started Loading Domain Name Drop Down
6/28/2022 12:59:54 PM: Finished Loading Domain Name Drop Down
28-06-2022 13:03:56: Session End
6/28/2022 1:04:23 PM: Started Loading Domain Name Drop Down
6/28/2022 1:04:23 PM: Finished Loading Domain Name Drop Down
28-06-2022 13:06:57: Session End
6/28/2022 1:07:27 PM: Started Loading Domain Name Drop Down
6/28/2022 1:07:27 PM: Finished Loading Domain Name Drop Down
28-06-2022 13:10:24: Session End
6/28/2022 1:10:55 PM: Started Loading Domain Name Drop Down
6/28/2022 1:10:55 PM: Finished Loading Domain Name Drop Down
28-06-2022 13:13:00: Session End
6/28/2022 1:13:37 PM: Started Loading Domain Name Drop Down
6/28/2022 1:13:37 PM: Finished Loading Domain Name Drop Down
28-06-2022 13:21:44: Session End
6/28/2022 1:22:16 PM: Started Loading Domain Name Drop Down
6/28/2022 1:22:16 PM: Finished Loading Domain Name Drop Down
28-06-2022 13:28:51: Session End
6/28/2022 1:29:24 PM: Started Loading Domain Name Drop Down
6/28/2022 1:29:24 PM: Finished Loading Domain Name Drop Down
28-06-2022 13:32:23: Session End
