4/29/2023 11:52:37 AM: Started Loading Domain Name Drop Down
4/29/2023 11:52:39 AM: Finished Loading Domain Name Drop Down
4/29/2023 11:53:31 AM: Started Loading Domain Name Drop Down
4/29/2023 11:53:31 AM: Finished Loading Domain Name Drop Down
29-04-2023 12:05:04: Session End
4/29/2023 12:05:55 PM: Started Loading Domain Name Drop Down
4/29/2023 12:05:56 PM: Finished Loading Domain Name Drop Down
4/29/2023 12:06:00 PM: Started Loading Domain Name Drop Down
4/29/2023 12:06:00 PM: Finished Loading Domain Name Drop Down
29-04-2023 12:17:43: Session End
4/29/2023 12:18:09 PM: Started Loading Domain Name Drop Down
4/29/2023 12:18:09 PM: Finished Loading Domain Name Drop Down
4/29/2023 12:18:21 PM: Started Loading Domain Name Drop Down
4/29/2023 12:18:21 PM: Finished Loading Domain Name Drop Down
29-04-2023 12:19:41: Session End
4/29/2023 12:20:03 PM: Started Loading Domain Name Drop Down
4/29/2023 12:20:03 PM: Finished Loading Domain Name Drop Down
4/29/2023 12:20:07 PM: Started Loading Domain Name Drop Down
4/29/2023 12:20:07 PM: Finished Loading Domain Name Drop Down
29-04-2023 12:23:08: Session End
4/29/2023 12:23:32 PM: Started Loading Domain Name Drop Down
4/29/2023 12:23:32 PM: Finished Loading Domain Name Drop Down
4/29/2023 12:23:36 PM: Started Loading Domain Name Drop Down
4/29/2023 12:23:36 PM: Finished Loading Domain Name Drop Down
29-04-2023 12:34:27: Session End
4/29/2023 12:34:55 PM: Started Loading Domain Name Drop Down
4/29/2023 12:34:56 PM: Finished Loading Domain Name Drop Down
4/29/2023 12:35:08 PM: Started Loading Domain Name Drop Down
4/29/2023 12:35:08 PM: Finished Loading Domain Name Drop Down
4/29/2023 12:35:33 PM: Started Loading Domain Name Drop Down
4/29/2023 12:35:33 PM: Finished Loading Domain Name Drop Down
29-04-2023 12:36:26: Session End
4/29/2023 12:36:48 PM: Started Loading Domain Name Drop Down
4/29/2023 12:36:48 PM: Finished Loading Domain Name Drop Down
4/29/2023 12:36:55 PM: Started Loading Domain Name Drop Down
4/29/2023 12:36:55 PM: Finished Loading Domain Name Drop Down
4/29/2023 12:36:59 PM: Started Loading Domain Name Drop Down
4/29/2023 12:36:59 PM: Finished Loading Domain Name Drop Down
29-04-2023 12:38:54: Session End
4/29/2023 12:39:55 PM: Started Loading Domain Name Drop Down
4/29/2023 12:39:55 PM: Finished Loading Domain Name Drop Down
4/29/2023 12:40:01 PM: Started Loading Domain Name Drop Down
4/29/2023 12:40:01 PM: Finished Loading Domain Name Drop Down
29-04-2023 12:41:47: Session End
4/29/2023 12:42:08 PM: Started Loading Domain Name Drop Down
4/29/2023 12:42:08 PM: Finished Loading Domain Name Drop Down
4/29/2023 12:42:11 PM: Started Loading Domain Name Drop Down
4/29/2023 12:42:11 PM: Finished Loading Domain Name Drop Down
29-04-2023 12:43:31: Session End
4/29/2023 12:43:53 PM: Started Loading Domain Name Drop Down
4/29/2023 12:43:53 PM: Finished Loading Domain Name Drop Down
4/29/2023 12:43:57 PM: Started Loading Domain Name Drop Down
4/29/2023 12:43:57 PM: Finished Loading Domain Name Drop Down
29-04-2023 12:46:10: Session End
4/29/2023 12:46:32 PM: Started Loading Domain Name Drop Down
4/29/2023 12:46:32 PM: Finished Loading Domain Name Drop Down
4/29/2023 12:46:47 PM: Started Loading Domain Name Drop Down
4/29/2023 12:46:47 PM: Finished Loading Domain Name Drop Down
29-04-2023 12:47:43: Session End
4/29/2023 12:48:04 PM: Started Loading Domain Name Drop Down
4/29/2023 12:48:04 PM: Finished Loading Domain Name Drop Down
4/29/2023 12:48:13 PM: Started Loading Domain Name Drop Down
4/29/2023 12:48:13 PM: Finished Loading Domain Name Drop Down
29-04-2023 13:08:40: Session End
4/29/2023 2:34:18 PM: Started Loading Domain Name Drop Down
4/29/2023 2:34:18 PM: Finished Loading Domain Name Drop Down
4/29/2023 2:34:18 PM: Started Loading Domain Name Drop Down
4/29/2023 2:34:18 PM: Finished Loading Domain Name Drop Down
29-04-2023 14:55:18: Session End
4/29/2023 3:44:18 PM: Started Loading Domain Name Drop Down
4/29/2023 3:44:18 PM: Finished Loading Domain Name Drop Down
4/29/2023 3:56:06 PM: Started Loading Domain Name Drop Down
4/29/2023 3:56:06 PM: Finished Loading Domain Name Drop Down
4/29/2023 4:29:57 PM: Started Loading Domain Name Drop Down
4/29/2023 4:29:57 PM: Finished Loading Domain Name Drop Down
4/29/2023 4:30:01 PM: Started Loading Domain Name Drop Down
4/29/2023 4:30:01 PM: Finished Loading Domain Name Drop Down
4/29/2023 4:30:04 PM: Started Loading Domain Name Drop Down
4/29/2023 4:30:04 PM: Finished Loading Domain Name Drop Down
29-04-2023 16:39:41: Session End
4/29/2023 4:40:12 PM: Started Loading Domain Name Drop Down
4/29/2023 4:40:12 PM: Finished Loading Domain Name Drop Down
4/29/2023 4:40:17 PM: Started Loading Domain Name Drop Down
4/29/2023 4:40:17 PM: Finished Loading Domain Name Drop Down
29-04-2023 16:48:17: Session End
4/29/2023 4:50:04 PM: Started Loading Domain Name Drop Down
4/29/2023 4:50:04 PM: Finished Loading Domain Name Drop Down
4/29/2023 4:50:08 PM: Started Loading Domain Name Drop Down
4/29/2023 4:50:08 PM: Finished Loading Domain Name Drop Down
29-04-2023 16:57:49: Session End
4/29/2023 5:06:04 PM: Started Loading Domain Name Drop Down
4/29/2023 5:06:04 PM: Finished Loading Domain Name Drop Down
4/29/2023 5:06:09 PM: Started Loading Domain Name Drop Down
4/29/2023 5:06:09 PM: Finished Loading Domain Name Drop Down
4/29/2023 11:33:16 PM: Started Loading Domain Name Drop Down
4/29/2023 11:33:17 PM: Finished Loading Domain Name Drop Down
4/29/2023 11:33:22 PM: Started Loading Domain Name Drop Down
4/29/2023 11:33:22 PM: Finished Loading Domain Name Drop Down
29-04-2023 23:46:37: Session End
4/29/2023 11:47:11 PM: Started Loading Domain Name Drop Down
4/29/2023 11:47:11 PM: Finished Loading Domain Name Drop Down
4/29/2023 11:47:43 PM: Started Loading Domain Name Drop Down
4/29/2023 11:47:43 PM: Finished Loading Domain Name Drop Down
29-04-2023 23:55:57: Session End
4/29/2023 11:56:27 PM: Started Loading Domain Name Drop Down
4/29/2023 11:56:28 PM: Finished Loading Domain Name Drop Down
4/29/2023 11:56:35 PM: Started Loading Domain Name Drop Down
4/29/2023 11:56:35 PM: Finished Loading Domain Name Drop Down
29-04-2023 23:59:12: Session End
4/29/2023 11:59:37 PM: Started Loading Domain Name Drop Down
4/29/2023 11:59:37 PM: Finished Loading Domain Name Drop Down
4/29/2023 11:59:42 PM: Started Loading Domain Name Drop Down
4/29/2023 11:59:42 PM: Finished Loading Domain Name Drop Down
