02-05-2023 00:00:25: Session End
5/2/2023 12:08:45 AM: Started Loading Domain Name Drop Down
5/2/2023 12:08:45 AM: Finished Loading Domain Name Drop Down
5/2/2023 12:08:50 AM: Started Loading Domain Name Drop Down
5/2/2023 12:08:50 AM: Finished Loading Domain Name Drop Down
02-05-2023 00:12:36: Session End
5/2/2023 12:13:16 AM: Started Loading Domain Name Drop Down
5/2/2023 12:13:16 AM: Finished Loading Domain Name Drop Down
5/2/2023 12:13:21 AM: Started Loading Domain Name Drop Down
5/2/2023 12:13:21 AM: Finished Loading Domain Name Drop Down
02-05-2023 00:18:14: Session End
5/2/2023 12:18:36 AM: Started Loading Domain Name Drop Down
5/2/2023 12:18:36 AM: Finished Loading Domain Name Drop Down
5/2/2023 12:18:40 AM: Started Loading Domain Name Drop Down
5/2/2023 12:18:40 AM: Finished Loading Domain Name Drop Down
02-05-2023 03:25:18: Session End
5/2/2023 11:52:50 AM: Started Loading Domain Name Drop Down
5/2/2023 11:52:51 AM: Finished Loading Domain Name Drop Down
5/2/2023 11:53:13 AM: Started Loading Domain Name Drop Down
5/2/2023 11:53:13 AM: Finished Loading Domain Name Drop Down
02-05-2023 12:15:00: Session End
5/2/2023 12:48:39 PM: Started Loading Domain Name Drop Down
5/2/2023 12:48:39 PM: Finished Loading Domain Name Drop Down
5/2/2023 12:48:39 PM: Started Loading Domain Name Drop Down
5/2/2023 12:48:40 PM: Finished Loading Domain Name Drop Down
5/2/2023 1:07:41 PM: Started Loading Domain Name Drop Down
5/2/2023 1:07:42 PM: Finished Loading Domain Name Drop Down
5/2/2023 1:08:19 PM: Started Loading Domain Name Drop Down
5/2/2023 1:08:19 PM: Finished Loading Domain Name Drop Down
02-05-2023 13:24:58: Session End
5/2/2023 1:25:41 PM: Started Loading Domain Name Drop Down
5/2/2023 1:25:42 PM: Finished Loading Domain Name Drop Down
5/2/2023 1:25:50 PM: Started Loading Domain Name Drop Down
5/2/2023 1:25:50 PM: Finished Loading Domain Name Drop Down
02-05-2023 13:33:05: Session End
5/2/2023 1:33:27 PM: Started Loading Domain Name Drop Down
5/2/2023 1:33:28 PM: Finished Loading Domain Name Drop Down
02-05-2023 15:01:24: Session End
5/2/2023 3:02:15 PM: Started Loading Domain Name Drop Down
5/2/2023 3:02:15 PM: Finished Loading Domain Name Drop Down
02-05-2023 15:19:50: Session End
5/2/2023 3:20:34 PM: Started Loading Domain Name Drop Down
5/2/2023 3:20:34 PM: Finished Loading Domain Name Drop Down
5/2/2023 3:20:42 PM: Started Loading Domain Name Drop Down
5/2/2023 3:20:42 PM: Finished Loading Domain Name Drop Down
02-05-2023 15:37:23: Session End
5/2/2023 3:37:38 PM: Started Loading Domain Name Drop Down
5/2/2023 3:37:38 PM: Finished Loading Domain Name Drop Down
02-05-2023 15:37:39: Session End
5/2/2023 3:37:48 PM: Started Loading Domain Name Drop Down
5/2/2023 3:37:48 PM: Finished Loading Domain Name Drop Down
5/2/2023 3:37:52 PM: Started Loading Domain Name Drop Down
5/2/2023 3:37:52 PM: Finished Loading Domain Name Drop Down
02-05-2023 15:47:49: Session End
5/2/2023 3:47:49 PM: Started Loading Domain Name Drop Down
5/2/2023 3:47:49 PM: Finished Loading Domain Name Drop Down
5/2/2023 3:47:49 PM: Started Loading Domain Name Drop Down
5/2/2023 3:47:49 PM: Finished Loading Domain Name Drop Down
02-05-2023 16:30:24: Session End
5/2/2023 4:41:27 PM: Started Loading Domain Name Drop Down
5/2/2023 4:41:27 PM: Finished Loading Domain Name Drop Down
5/2/2023 4:41:27 PM: Started Loading Domain Name Drop Down
5/2/2023 4:41:27 PM: Finished Loading Domain Name Drop Down
02-05-2023 17:02:09: Session End
5/2/2023 5:02:37 PM: Started Loading Domain Name Drop Down
5/2/2023 5:02:38 PM: Finished Loading Domain Name Drop Down
5/2/2023 5:03:25 PM: Started Loading Domain Name Drop Down
5/2/2023 5:03:25 PM: Finished Loading Domain Name Drop Down
02-05-2023 17:25:21: Session End
5/2/2023 6:05:46 PM: Started Loading Domain Name Drop Down
5/2/2023 6:05:47 PM: Finished Loading Domain Name Drop Down
5/2/2023 6:05:58 PM: Started Loading Domain Name Drop Down
5/2/2023 6:05:58 PM: Finished Loading Domain Name Drop Down
02-05-2023 19:00:47: Session End
5/2/2023 7:21:57 PM: Started Loading Domain Name Drop Down
5/2/2023 7:21:57 PM: Finished Loading Domain Name Drop Down
5/2/2023 7:21:57 PM: Started Loading Domain Name Drop Down
5/2/2023 7:21:57 PM: Finished Loading Domain Name Drop Down
5/2/2023 7:22:02 PM: Started Loading Domain Name Drop Down
5/2/2023 7:22:02 PM: Finished Loading Domain Name Drop Down
5/2/2023 7:22:02 PM: Started Loading Domain Name Drop Down
5/2/2023 7:22:02 PM: Finished Loading Domain Name Drop Down
5/2/2023 7:22:08 PM: Started Loading Domain Name Drop Down
5/2/2023 7:22:08 PM: Finished Loading Domain Name Drop Down
5/2/2023 7:32:19 PM: Started Loading Domain Name Drop Down
5/2/2023 7:32:20 PM: Finished Loading Domain Name Drop Down
02-05-2023 19:32:25: Session End
5/2/2023 7:32:49 PM: Started Loading Domain Name Drop Down
5/2/2023 7:32:49 PM: Finished Loading Domain Name Drop Down
5/2/2023 7:33:05 PM: Started Loading Domain Name Drop Down
5/2/2023 7:33:05 PM: Finished Loading Domain Name Drop Down
02-05-2023 19:44:48: Session End
