4/18/2023 11:35:27 AM: Started Loading Domain Name Drop Down
4/18/2023 11:35:27 AM: Finished Loading Domain Name Drop Down
4/18/2023 11:35:32 AM: Started Loading Domain Name Drop Down
4/18/2023 11:35:32 AM: Finished Loading Domain Name Drop Down
18-04-2023 11:53:44: Session End
4/18/2023 11:53:44 AM: Started Loading Domain Name Drop Down
4/18/2023 11:53:44 AM: Finished Loading Domain Name Drop Down
4/18/2023 11:53:44 AM: Started Loading Domain Name Drop Down
4/18/2023 11:53:44 AM: Finished Loading Domain Name Drop Down
18-04-2023 11:54:04: Session End
18-04-2023 11:54:04: Session End
4/18/2023 11:54:17 AM: Started Loading Domain Name Drop Down
4/18/2023 11:54:18 AM: Finished Loading Domain Name Drop Down
4/18/2023 11:54:37 AM: Started Loading Domain Name Drop Down
4/18/2023 11:54:37 AM: Finished Loading Domain Name Drop Down
18-04-2023 12:04:00: Session End
4/18/2023 12:04:15 PM: Started Loading Domain Name Drop Down
4/18/2023 12:04:16 PM: Finished Loading Domain Name Drop Down
4/18/2023 12:04:37 PM: Started Loading Domain Name Drop Down
4/18/2023 12:04:37 PM: Finished Loading Domain Name Drop Down
18-04-2023 12:11:49: Session End
4/18/2023 12:13:42 PM: Started Loading Domain Name Drop Down
4/18/2023 12:13:42 PM: Finished Loading Domain Name Drop Down
4/18/2023 12:13:47 PM: Started Loading Domain Name Drop Down
4/18/2023 12:13:47 PM: Finished Loading Domain Name Drop Down
18-04-2023 12:26:27: Session End
4/18/2023 12:26:39 PM: Started Loading Domain Name Drop Down
4/18/2023 12:26:39 PM: Finished Loading Domain Name Drop Down
4/18/2023 12:26:49 PM: Started Loading Domain Name Drop Down
4/18/2023 12:26:49 PM: Finished Loading Domain Name Drop Down
18-04-2023 12:42:51: Session End
4/18/2023 12:43:03 PM: Started Loading Domain Name Drop Down
4/18/2023 12:43:03 PM: Finished Loading Domain Name Drop Down
4/18/2023 12:45:11 PM: Started Loading Domain Name Drop Down
4/18/2023 12:45:12 PM: Finished Loading Domain Name Drop Down
18-04-2023 12:50:02: Session End
4/18/2023 12:50:02 PM: Started Loading Domain Name Drop Down
4/18/2023 12:50:02 PM: Finished Loading Domain Name Drop Down
4/18/2023 12:50:02 PM: Started Loading Domain Name Drop Down
4/18/2023 12:50:02 PM: Finished Loading Domain Name Drop Down
18-04-2023 12:53:07: Session End
4/18/2023 1:11:15 PM: Started Loading Domain Name Drop Down
4/18/2023 1:11:16 PM: Finished Loading Domain Name Drop Down
4/18/2023 1:11:23 PM: Started Loading Domain Name Drop Down
4/18/2023 1:11:23 PM: Finished Loading Domain Name Drop Down
18-04-2023 13:32:00: Session End
4/18/2023 2:48:02 PM: Started Loading Domain Name Drop Down
4/18/2023 2:48:02 PM: Finished Loading Domain Name Drop Down
4/18/2023 2:48:02 PM: Started Loading Domain Name Drop Down
4/18/2023 2:48:02 PM: Finished Loading Domain Name Drop Down
18-04-2023 15:13:48: Session End
4/18/2023 5:32:16 PM: Started Loading Domain Name Drop Down
4/18/2023 5:32:18 PM: Finished Loading Domain Name Drop Down
4/18/2023 5:32:28 PM: Started Loading Domain Name Drop Down
4/18/2023 5:32:28 PM: Finished Loading Domain Name Drop Down
18-04-2023 17:35:04: Session End
4/18/2023 5:35:34 PM: Started Loading Domain Name Drop Down
4/18/2023 5:35:34 PM: Finished Loading Domain Name Drop Down
4/18/2023 5:35:38 PM: Started Loading Domain Name Drop Down
4/18/2023 5:35:38 PM: Finished Loading Domain Name Drop Down
18-04-2023 17:37:23: Session End
4/18/2023 5:41:41 PM: Started Loading Domain Name Drop Down
4/18/2023 5:41:41 PM: Finished Loading Domain Name Drop Down
4/18/2023 5:41:45 PM: Started Loading Domain Name Drop Down
4/18/2023 5:41:45 PM: Finished Loading Domain Name Drop Down
18-04-2023 17:45:36: Session End
4/18/2023 6:10:56 PM: Started Loading Domain Name Drop Down
4/18/2023 6:11:07 PM: Finished Loading Domain Name Drop Down
18-04-2023 18:14:50: Session End
4/18/2023 6:34:39 PM: Started Loading Domain Name Drop Down
4/18/2023 6:34:39 PM: Finished Loading Domain Name Drop Down
4/18/2023 6:34:43 PM: Started Loading Domain Name Drop Down
4/18/2023 6:34:43 PM: Finished Loading Domain Name Drop Down
18-04-2023 18:38:23: Session End
