5/1/2023 11:29:30 AM: Started Loading Domain Name Drop Down
5/1/2023 11:29:31 AM: Finished Loading Domain Name Drop Down
5/1/2023 11:29:36 AM: Started Loading Domain Name Drop Down
5/1/2023 11:29:37 AM: Finished Loading Domain Name Drop Down
01-05-2023 11:31:02: Session End
5/1/2023 11:31:49 AM: Started Loading Domain Name Drop Down
5/1/2023 11:31:50 AM: Finished Loading Domain Name Drop Down
5/1/2023 11:32:02 AM: Started Loading Domain Name Drop Down
5/1/2023 11:32:02 AM: Finished Loading Domain Name Drop Down
01-05-2023 11:34:24: Session End
5/1/2023 11:35:18 AM: Started Loading Domain Name Drop Down
5/1/2023 11:35:19 AM: Finished Loading Domain Name Drop Down
5/1/2023 11:35:30 AM: Started Loading Domain Name Drop Down
5/1/2023 11:35:31 AM: Finished Loading Domain Name Drop Down
01-05-2023 11:39:00: Session End
5/1/2023 11:39:58 AM: Started Loading Domain Name Drop Down
5/1/2023 11:39:59 AM: Finished Loading Domain Name Drop Down
5/1/2023 11:40:04 AM: Started Loading Domain Name Drop Down
5/1/2023 11:40:04 AM: Finished Loading Domain Name Drop Down
01-05-2023 12:02:21: Session End
5/1/2023 12:03:08 PM: Started Loading Domain Name Drop Down
5/1/2023 12:03:08 PM: Finished Loading Domain Name Drop Down
5/1/2023 12:03:27 PM: Started Loading Domain Name Drop Down
5/1/2023 12:03:27 PM: Finished Loading Domain Name Drop Down
01-05-2023 12:08:45: Session End
5/1/2023 12:10:08 PM: Started Loading Domain Name Drop Down
5/1/2023 12:10:08 PM: Finished Loading Domain Name Drop Down
5/1/2023 12:21:46 PM: Started Loading Domain Name Drop Down
5/1/2023 12:21:46 PM: Finished Loading Domain Name Drop Down
01-05-2023 13:53:49: Session End
5/1/2023 2:01:31 PM: Started Loading Domain Name Drop Down
5/1/2023 2:01:31 PM: Finished Loading Domain Name Drop Down
5/1/2023 2:01:38 PM: Started Loading Domain Name Drop Down
5/1/2023 2:01:38 PM: Finished Loading Domain Name Drop Down
01-05-2023 14:25:04: Session End
5/1/2023 2:37:16 PM: Started Loading Domain Name Drop Down
5/1/2023 2:37:16 PM: Finished Loading Domain Name Drop Down
5/1/2023 2:37:24 PM: Started Loading Domain Name Drop Down
5/1/2023 2:37:24 PM: Finished Loading Domain Name Drop Down
01-05-2023 14:45:44: Session End
5/1/2023 2:47:04 PM: Started Loading Domain Name Drop Down
5/1/2023 2:47:05 PM: Finished Loading Domain Name Drop Down
5/1/2023 2:47:11 PM: Started Loading Domain Name Drop Down
5/1/2023 2:47:11 PM: Finished Loading Domain Name Drop Down
01-05-2023 14:57:32: Session End
5/1/2023 2:58:27 PM: Started Loading Domain Name Drop Down
5/1/2023 2:58:27 PM: Finished Loading Domain Name Drop Down
5/1/2023 3:06:14 PM: Started Loading Domain Name Drop Down
5/1/2023 3:06:14 PM: Finished Loading Domain Name Drop Down
01-05-2023 15:08:38: Session End
5/1/2023 3:09:12 PM: Started Loading Domain Name Drop Down
5/1/2023 3:09:12 PM: Finished Loading Domain Name Drop Down
5/1/2023 3:09:39 PM: Started Loading Domain Name Drop Down
5/1/2023 3:09:39 PM: Finished Loading Domain Name Drop Down
01-05-2023 15:22:30: Session End
5/1/2023 3:23:15 PM: Started Loading Domain Name Drop Down
5/1/2023 3:23:15 PM: Finished Loading Domain Name Drop Down
5/1/2023 3:23:20 PM: Started Loading Domain Name Drop Down
5/1/2023 3:23:20 PM: Finished Loading Domain Name Drop Down
01-05-2023 15:27:27: Session End
5/1/2023 3:28:04 PM: Started Loading Domain Name Drop Down
5/1/2023 3:28:05 PM: Finished Loading Domain Name Drop Down
5/1/2023 3:28:08 PM: Started Loading Domain Name Drop Down
5/1/2023 3:28:08 PM: Finished Loading Domain Name Drop Down
5/1/2023 7:41:09 PM: Started Loading Domain Name Drop Down
5/1/2023 7:41:11 PM: Finished Loading Domain Name Drop Down
5/1/2023 7:41:39 PM: Started Loading Domain Name Drop Down
5/1/2023 7:41:39 PM: Finished Loading Domain Name Drop Down
01-05-2023 19:42:01: Session End
5/1/2023 7:42:02 PM: Started Loading Domain Name Drop Down
5/1/2023 7:42:02 PM: Finished Loading Domain Name Drop Down
5/1/2023 7:42:02 PM: Started Loading Domain Name Drop Down
5/1/2023 7:42:02 PM: Finished Loading Domain Name Drop Down
01-05-2023 19:53:22: Session End
5/1/2023 7:56:20 PM: Started Loading Domain Name Drop Down
5/1/2023 7:56:20 PM: Finished Loading Domain Name Drop Down
5/1/2023 7:56:24 PM: Started Loading Domain Name Drop Down
5/1/2023 7:56:24 PM: Finished Loading Domain Name Drop Down
01-05-2023 19:57:31: Session End
5/1/2023 7:57:31 PM: Started Loading Domain Name Drop Down
5/1/2023 7:57:31 PM: Finished Loading Domain Name Drop Down
5/1/2023 7:57:31 PM: Started Loading Domain Name Drop Down
5/1/2023 7:57:31 PM: Finished Loading Domain Name Drop Down
01-05-2023 19:58:16: Session End
5/1/2023 7:58:16 PM: Started Loading Domain Name Drop Down
5/1/2023 7:58:16 PM: Finished Loading Domain Name Drop Down
5/1/2023 7:58:16 PM: Started Loading Domain Name Drop Down
5/1/2023 7:58:16 PM: Finished Loading Domain Name Drop Down
01-05-2023 19:58:39: Session End
5/1/2023 7:59:07 PM: Started Loading Domain Name Drop Down
5/1/2023 7:59:07 PM: Finished Loading Domain Name Drop Down
5/1/2023 7:59:11 PM: Started Loading Domain Name Drop Down
5/1/2023 7:59:11 PM: Finished Loading Domain Name Drop Down
01-05-2023 20:03:53: Session End
5/1/2023 8:04:26 PM: Started Loading Domain Name Drop Down
5/1/2023 8:04:26 PM: Finished Loading Domain Name Drop Down
5/1/2023 8:04:30 PM: Started Loading Domain Name Drop Down
5/1/2023 8:04:30 PM: Finished Loading Domain Name Drop Down
01-05-2023 20:09:42: Session End
5/1/2023 8:10:08 PM: Started Loading Domain Name Drop Down
5/1/2023 8:10:08 PM: Finished Loading Domain Name Drop Down
5/1/2023 8:10:51 PM: Started Loading Domain Name Drop Down
5/1/2023 8:10:51 PM: Finished Loading Domain Name Drop Down
01-05-2023 23:12:22: Session End
5/1/2023 11:36:43 PM: Started Loading Domain Name Drop Down
5/1/2023 11:36:43 PM: Finished Loading Domain Name Drop Down
5/1/2023 11:37:22 PM: Started Loading Domain Name Drop Down
5/1/2023 11:37:22 PM: Finished Loading Domain Name Drop Down
01-05-2023 23:38:52: Session End
5/1/2023 11:39:29 PM: Started Loading Domain Name Drop Down
5/1/2023 11:39:29 PM: Finished Loading Domain Name Drop Down
5/1/2023 11:39:37 PM: Started Loading Domain Name Drop Down
5/1/2023 11:39:37 PM: Finished Loading Domain Name Drop Down
