13-04-2023 00:42:39: Session End
4/13/2023 1:04:31 AM: Started Loading Domain Name Drop Down
4/13/2023 1:04:32 AM: Finished Loading Domain Name Drop Down
4/13/2023 1:05:50 AM: Started Loading Domain Name Drop Down
4/13/2023 1:05:50 AM: Finished Loading Domain Name Drop Down
13-04-2023 01:11:23: Session End
4/13/2023 1:12:54 AM: Started Loading Domain Name Drop Down
4/13/2023 1:12:56 AM: Finished Loading Domain Name Drop Down
4/13/2023 1:13:17 AM: Started Loading Domain Name Drop Down
4/13/2023 1:13:17 AM: Finished Loading Domain Name Drop Down
13-04-2023 01:18:22: Session End
4/13/2023 1:20:11 AM: Started Loading Domain Name Drop Down
4/13/2023 1:20:12 AM: Finished Loading Domain Name Drop Down
4/13/2023 1:20:18 AM: Started Loading Domain Name Drop Down
4/13/2023 1:20:18 AM: Finished Loading Domain Name Drop Down
13-04-2023 10:16:46: Session End
4/13/2023 11:19:09 AM: Started Loading Domain Name Drop Down
4/13/2023 11:19:11 AM: Finished Loading Domain Name Drop Down
13-04-2023 11:39:23: Session End
4/13/2023 5:50:06 PM: Started Loading Domain Name Drop Down
4/13/2023 5:50:06 PM: Finished Loading Domain Name Drop Down
4/13/2023 5:50:11 PM: Started Loading Domain Name Drop Down
4/13/2023 5:50:11 PM: Finished Loading Domain Name Drop Down
13-04-2023 17:57:23: Session End
4/13/2023 5:58:49 PM: Started Loading Domain Name Drop Down
4/13/2023 5:58:49 PM: Finished Loading Domain Name Drop Down
4/13/2023 5:58:53 PM: Started Loading Domain Name Drop Down
4/13/2023 5:58:53 PM: Finished Loading Domain Name Drop Down
13-04-2023 18:00:31: Session End
4/13/2023 6:00:44 PM: Started Loading Domain Name Drop Down
4/13/2023 6:00:45 PM: Finished Loading Domain Name Drop Down
4/13/2023 6:00:54 PM: Started Loading Domain Name Drop Down
4/13/2023 6:00:55 PM: Finished Loading Domain Name Drop Down
4/13/2023 6:37:58 PM: Started Loading Domain Name Drop Down
4/13/2023 6:37:58 PM: Finished Loading Domain Name Drop Down
4/13/2023 6:38:17 PM: Started Loading Domain Name Drop Down
4/13/2023 6:38:17 PM: Finished Loading Domain Name Drop Down
13-04-2023 18:47:00: Session End
4/13/2023 6:48:06 PM: Started Loading Domain Name Drop Down
4/13/2023 6:48:06 PM: Finished Loading Domain Name Drop Down
4/13/2023 6:49:32 PM: Started Loading Domain Name Drop Down
4/13/2023 6:49:32 PM: Finished Loading Domain Name Drop Down
