02-04-2023 00:45:05: Session End
4/2/2023 12:47:01 AM: Started Loading Domain Name Drop Down
4/2/2023 12:47:01 AM: Finished Loading Domain Name Drop Down
02-04-2023 00:50:21: Session End
4/2/2023 12:50:52 AM: Started Loading Domain Name Drop Down
4/2/2023 12:50:53 AM: Finished Loading Domain Name Drop Down
4/2/2023 12:51:04 AM: Started Loading Domain Name Drop Down
4/2/2023 12:51:05 AM: Finished Loading Domain Name Drop Down
4/2/2023 1:06:16 AM: Started Loading Domain Name Drop Down
4/2/2023 1:06:17 AM: Finished Loading Domain Name Drop Down
4/2/2023 1:06:23 AM: Started Loading Domain Name Drop Down
4/2/2023 1:06:23 AM: Finished Loading Domain Name Drop Down
02-04-2023 01:10:39: Session End
4/2/2023 1:11:18 AM: Started Loading Domain Name Drop Down
4/2/2023 1:11:18 AM: Finished Loading Domain Name Drop Down
4/2/2023 1:11:29 AM: Started Loading Domain Name Drop Down
4/2/2023 1:11:29 AM: Finished Loading Domain Name Drop Down
02-04-2023 01:13:58: Session End
4/2/2023 1:14:38 AM: Started Loading Domain Name Drop Down
4/2/2023 1:14:39 AM: Finished Loading Domain Name Drop Down
4/2/2023 1:14:47 AM: Started Loading Domain Name Drop Down
4/2/2023 1:14:47 AM: Finished Loading Domain Name Drop Down
02-04-2023 04:15:58: Session End
4/2/2023 10:34:05 AM: Started Loading Domain Name Drop Down
4/2/2023 10:34:05 AM: Finished Loading Domain Name Drop Down
4/2/2023 10:34:12 AM: Started Loading Domain Name Drop Down
4/2/2023 10:34:12 AM: Finished Loading Domain Name Drop Down
02-04-2023 10:36:19: Session End
4/2/2023 10:37:09 AM: Started Loading Domain Name Drop Down
4/2/2023 10:37:09 AM: Finished Loading Domain Name Drop Down
4/2/2023 10:37:14 AM: Started Loading Domain Name Drop Down
4/2/2023 10:37:14 AM: Finished Loading Domain Name Drop Down
02-04-2023 10:58:02: Session End
4/2/2023 12:29:29 PM: Started Loading Domain Name Drop Down
4/2/2023 12:29:31 PM: Finished Loading Domain Name Drop Down
4/2/2023 12:29:37 PM: Started Loading Domain Name Drop Down
4/2/2023 12:29:37 PM: Finished Loading Domain Name Drop Down
4/2/2023 12:52:41 PM: Started Loading Domain Name Drop Down
4/2/2023 12:52:41 PM: Finished Loading Domain Name Drop Down
4/2/2023 12:52:41 PM: Started Loading Domain Name Drop Down
4/2/2023 12:52:41 PM: Finished Loading Domain Name Drop Down
02-04-2023 13:29:32: Session End
4/2/2023 1:30:37 PM: Started Loading Domain Name Drop Down
4/2/2023 1:30:37 PM: Finished Loading Domain Name Drop Down
4/2/2023 1:31:06 PM: Started Loading Domain Name Drop Down
4/2/2023 1:31:06 PM: Finished Loading Domain Name Drop Down
02-04-2023 13:49:05: Session End
4/2/2023 1:49:58 PM: Started Loading Domain Name Drop Down
4/2/2023 1:49:58 PM: Finished Loading Domain Name Drop Down
4/2/2023 1:51:46 PM: Started Loading Domain Name Drop Down
4/2/2023 1:51:46 PM: Finished Loading Domain Name Drop Down
02-04-2023 13:53:55: Session End
4/2/2023 1:54:33 PM: Started Loading Domain Name Drop Down
4/2/2023 1:54:33 PM: Finished Loading Domain Name Drop Down
4/2/2023 1:54:39 PM: Started Loading Domain Name Drop Down
4/2/2023 1:54:39 PM: Finished Loading Domain Name Drop Down
02-04-2023 17:08:37: Session End
