11-04-2023 10:13:49: Session End
4/11/2023 10:16:49 AM: Started Loading Domain Name Drop Down
4/11/2023 10:16:51 AM: Finished Loading Domain Name Drop Down
4/11/2023 10:27:28 AM: Started Loading Domain Name Drop Down
4/11/2023 10:27:29 AM: Finished Loading Domain Name Drop Down
11-04-2023 11:04:26: Session End
4/11/2023 5:49:02 PM: Started Loading Domain Name Drop Down
4/11/2023 5:49:02 PM: Finished Loading Domain Name Drop Down
4/11/2023 5:49:17 PM: Started Loading Domain Name Drop Down
4/11/2023 5:49:17 PM: Finished Loading Domain Name Drop Down
11-04-2023 17:54:21: Session End
4/11/2023 5:54:34 PM: Started Loading Domain Name Drop Down
4/11/2023 5:54:35 PM: Finished Loading Domain Name Drop Down
4/11/2023 5:55:34 PM: Started Loading Domain Name Drop Down
4/11/2023 5:55:35 PM: Finished Loading Domain Name Drop Down
11-04-2023 18:02:15: Session End
4/11/2023 6:02:43 PM: Started Loading Domain Name Drop Down
4/11/2023 6:02:44 PM: Finished Loading Domain Name Drop Down
4/11/2023 6:02:49 PM: Started Loading Domain Name Drop Down
4/11/2023 6:02:49 PM: Finished Loading Domain Name Drop Down
4/11/2023 6:17:03 PM: Started Loading Domain Name Drop Down
4/11/2023 6:17:03 PM: Finished Loading Domain Name Drop Down
4/11/2023 6:18:23 PM: Started Loading Domain Name Drop Down
4/11/2023 6:18:23 PM: Finished Loading Domain Name Drop Down
11-04-2023 18:38:43: Session End
4/11/2023 7:29:32 PM: Started Loading Domain Name Drop Down
4/11/2023 7:29:32 PM: Finished Loading Domain Name Drop Down
4/11/2023 7:29:50 PM: Started Loading Domain Name Drop Down
4/11/2023 7:29:50 PM: Finished Loading Domain Name Drop Down
11-04-2023 19:53:02: Session End
4/11/2023 7:57:15 PM: Started Loading Domain Name Drop Down
4/11/2023 7:57:16 PM: Finished Loading Domain Name Drop Down
4/11/2023 7:57:22 PM: Started Loading Domain Name Drop Down
4/11/2023 7:57:22 PM: Finished Loading Domain Name Drop Down
