30-04-2023 00:01:50: Session End
4/30/2023 12:05:37 AM: Started Loading Domain Name Drop Down
4/30/2023 12:05:38 AM: Finished Loading Domain Name Drop Down
4/30/2023 12:05:42 AM: Started Loading Domain Name Drop Down
4/30/2023 12:05:42 AM: Finished Loading Domain Name Drop Down
30-04-2023 00:27:40: Session End
4/30/2023 12:30:26 AM: Started Loading Domain Name Drop Down
4/30/2023 12:30:26 AM: Finished Loading Domain Name Drop Down
4/30/2023 12:30:30 AM: Started Loading Domain Name Drop Down
4/30/2023 12:30:30 AM: Finished Loading Domain Name Drop Down
30-04-2023 00:33:36: Session End
4/30/2023 12:33:57 AM: Started Loading Domain Name Drop Down
4/30/2023 12:33:57 AM: Finished Loading Domain Name Drop Down
4/30/2023 12:34:01 AM: Started Loading Domain Name Drop Down
4/30/2023 12:34:01 AM: Finished Loading Domain Name Drop Down
30-04-2023 00:34:54: Session End
4/30/2023 12:34:54 AM: Started Loading Domain Name Drop Down
4/30/2023 12:34:54 AM: Finished Loading Domain Name Drop Down
4/30/2023 12:34:54 AM: Started Loading Domain Name Drop Down
4/30/2023 12:34:54 AM: Finished Loading Domain Name Drop Down
30-04-2023 00:40:53: Session End
4/30/2023 12:41:03 AM: Started Loading Domain Name Drop Down
4/30/2023 12:41:03 AM: Finished Loading Domain Name Drop Down
4/30/2023 12:42:23 AM: Started Loading Domain Name Drop Down
4/30/2023 12:42:23 AM: Finished Loading Domain Name Drop Down
30-04-2023 00:52:47: Session End
4/30/2023 12:53:10 AM: Started Loading Domain Name Drop Down
4/30/2023 12:53:10 AM: Finished Loading Domain Name Drop Down
4/30/2023 12:53:17 AM: Started Loading Domain Name Drop Down
4/30/2023 12:53:17 AM: Finished Loading Domain Name Drop Down
30-04-2023 00:56:02: Session End
4/30/2023 12:56:25 AM: Started Loading Domain Name Drop Down
4/30/2023 12:56:25 AM: Finished Loading Domain Name Drop Down
4/30/2023 12:56:29 AM: Started Loading Domain Name Drop Down
4/30/2023 12:56:29 AM: Finished Loading Domain Name Drop Down
30-04-2023 01:01:14: Session End
4/30/2023 1:01:37 AM: Started Loading Domain Name Drop Down
4/30/2023 1:01:37 AM: Finished Loading Domain Name Drop Down
4/30/2023 1:01:41 AM: Started Loading Domain Name Drop Down
4/30/2023 1:01:41 AM: Finished Loading Domain Name Drop Down
30-04-2023 01:04:02: Session End
4/30/2023 1:04:29 AM: Started Loading Domain Name Drop Down
4/30/2023 1:04:29 AM: Finished Loading Domain Name Drop Down
4/30/2023 1:04:34 AM: Started Loading Domain Name Drop Down
4/30/2023 1:04:34 AM: Finished Loading Domain Name Drop Down
30-04-2023 01:05:45: Session End
4/30/2023 1:06:06 AM: Started Loading Domain Name Drop Down
4/30/2023 1:06:06 AM: Finished Loading Domain Name Drop Down
4/30/2023 1:06:12 AM: Started Loading Domain Name Drop Down
4/30/2023 1:06:12 AM: Finished Loading Domain Name Drop Down
30-04-2023 01:08:55: Session End
4/30/2023 1:09:18 AM: Started Loading Domain Name Drop Down
4/30/2023 1:09:18 AM: Finished Loading Domain Name Drop Down
4/30/2023 1:09:37 AM: Started Loading Domain Name Drop Down
4/30/2023 1:09:37 AM: Finished Loading Domain Name Drop Down
30-04-2023 01:12:28: Session End
4/30/2023 1:12:54 AM: Started Loading Domain Name Drop Down
4/30/2023 1:12:54 AM: Finished Loading Domain Name Drop Down
4/30/2023 1:12:58 AM: Started Loading Domain Name Drop Down
4/30/2023 1:12:58 AM: Finished Loading Domain Name Drop Down
30-04-2023 01:16:31: Session End
4/30/2023 1:16:53 AM: Started Loading Domain Name Drop Down
4/30/2023 1:16:53 AM: Finished Loading Domain Name Drop Down
4/30/2023 1:17:49 AM: Started Loading Domain Name Drop Down
4/30/2023 1:17:49 AM: Finished Loading Domain Name Drop Down
30-04-2023 01:23:00: Session End
4/30/2023 1:23:24 AM: Started Loading Domain Name Drop Down
4/30/2023 1:23:24 AM: Finished Loading Domain Name Drop Down
4/30/2023 1:23:28 AM: Started Loading Domain Name Drop Down
4/30/2023 1:23:28 AM: Finished Loading Domain Name Drop Down
30-04-2023 01:25:30: Session End
4/30/2023 1:25:53 AM: Started Loading Domain Name Drop Down
4/30/2023 1:25:53 AM: Finished Loading Domain Name Drop Down
4/30/2023 1:26:01 AM: Started Loading Domain Name Drop Down
4/30/2023 1:26:01 AM: Finished Loading Domain Name Drop Down
30-04-2023 01:27:17: Session End
4/30/2023 1:27:25 AM: Started Loading Domain Name Drop Down
4/30/2023 1:27:26 AM: Finished Loading Domain Name Drop Down
4/30/2023 1:27:35 AM: Started Loading Domain Name Drop Down
4/30/2023 1:27:35 AM: Finished Loading Domain Name Drop Down
30-04-2023 01:32:34: Session End
4/30/2023 1:32:59 AM: Started Loading Domain Name Drop Down
4/30/2023 1:32:59 AM: Finished Loading Domain Name Drop Down
4/30/2023 1:33:31 AM: Started Loading Domain Name Drop Down
4/30/2023 1:33:31 AM: Finished Loading Domain Name Drop Down
30-04-2023 01:34:52: Session End
4/30/2023 1:35:23 AM: Started Loading Domain Name Drop Down
4/30/2023 1:35:23 AM: Finished Loading Domain Name Drop Down
4/30/2023 1:35:27 AM: Started Loading Domain Name Drop Down
4/30/2023 1:35:27 AM: Finished Loading Domain Name Drop Down
30-04-2023 01:36:11: Session End
4/30/2023 1:36:11 AM: Started Loading Domain Name Drop Down
4/30/2023 1:36:11 AM: Finished Loading Domain Name Drop Down
4/30/2023 1:36:11 AM: Started Loading Domain Name Drop Down
4/30/2023 1:36:11 AM: Finished Loading Domain Name Drop Down
30-04-2023 01:36:39: Session End
4/30/2023 1:37:02 AM: Started Loading Domain Name Drop Down
4/30/2023 1:37:02 AM: Finished Loading Domain Name Drop Down
4/30/2023 1:37:27 AM: Started Loading Domain Name Drop Down
4/30/2023 1:37:27 AM: Finished Loading Domain Name Drop Down
30-04-2023 01:39:22: Session End
4/30/2023 1:39:47 AM: Started Loading Domain Name Drop Down
4/30/2023 1:39:47 AM: Finished Loading Domain Name Drop Down
4/30/2023 1:39:51 AM: Started Loading Domain Name Drop Down
4/30/2023 1:39:51 AM: Finished Loading Domain Name Drop Down
30-04-2023 01:41:18: Session End
4/30/2023 1:41:45 AM: Started Loading Domain Name Drop Down
4/30/2023 1:41:46 AM: Finished Loading Domain Name Drop Down
4/30/2023 1:41:51 AM: Started Loading Domain Name Drop Down
4/30/2023 1:41:51 AM: Finished Loading Domain Name Drop Down
30-04-2023 01:45:41: Session End
4/30/2023 1:46:06 AM: Started Loading Domain Name Drop Down
4/30/2023 1:46:07 AM: Finished Loading Domain Name Drop Down
4/30/2023 1:46:11 AM: Started Loading Domain Name Drop Down
4/30/2023 1:46:11 AM: Finished Loading Domain Name Drop Down
30-04-2023 01:53:42: Session End
4/30/2023 1:54:09 AM: Started Loading Domain Name Drop Down
4/30/2023 1:54:09 AM: Finished Loading Domain Name Drop Down
4/30/2023 1:54:17 AM: Started Loading Domain Name Drop Down
4/30/2023 1:54:17 AM: Finished Loading Domain Name Drop Down
30-04-2023 01:55:26: Session End
4/30/2023 1:55:49 AM: Started Loading Domain Name Drop Down
4/30/2023 1:55:49 AM: Finished Loading Domain Name Drop Down
4/30/2023 1:55:53 AM: Started Loading Domain Name Drop Down
4/30/2023 1:55:53 AM: Finished Loading Domain Name Drop Down
30-04-2023 01:57:03: Session End
4/30/2023 1:57:27 AM: Started Loading Domain Name Drop Down
4/30/2023 1:57:27 AM: Finished Loading Domain Name Drop Down
4/30/2023 1:57:47 AM: Started Loading Domain Name Drop Down
4/30/2023 1:57:47 AM: Finished Loading Domain Name Drop Down
30-04-2023 02:00:00: Session End
4/30/2023 2:00:00 AM: Started Loading Domain Name Drop Down
4/30/2023 2:00:00 AM: Finished Loading Domain Name Drop Down
4/30/2023 2:00:00 AM: Started Loading Domain Name Drop Down
4/30/2023 2:00:00 AM: Finished Loading Domain Name Drop Down
30-04-2023 02:09:12: Session End
4/30/2023 2:09:49 AM: Started Loading Domain Name Drop Down
4/30/2023 2:09:49 AM: Finished Loading Domain Name Drop Down
4/30/2023 2:09:52 AM: Started Loading Domain Name Drop Down
4/30/2023 2:09:52 AM: Finished Loading Domain Name Drop Down
4/30/2023 2:40:32 AM: Started Loading Domain Name Drop Down
4/30/2023 2:40:32 AM: Finished Loading Domain Name Drop Down
4/30/2023 2:42:50 AM: Started Loading Domain Name Drop Down
4/30/2023 2:42:50 AM: Finished Loading Domain Name Drop Down
30-04-2023 02:49:37: Session End
4/30/2023 2:50:02 AM: Started Loading Domain Name Drop Down
4/30/2023 2:50:02 AM: Finished Loading Domain Name Drop Down
4/30/2023 2:50:08 AM: Started Loading Domain Name Drop Down
4/30/2023 2:50:08 AM: Finished Loading Domain Name Drop Down
30-04-2023 02:53:41: Session End
4/30/2023 2:54:04 AM: Started Loading Domain Name Drop Down
4/30/2023 2:54:04 AM: Finished Loading Domain Name Drop Down
4/30/2023 2:54:07 AM: Started Loading Domain Name Drop Down
4/30/2023 2:54:07 AM: Finished Loading Domain Name Drop Down
30-04-2023 02:55:14: Session End
4/30/2023 2:55:14 AM: Started Loading Domain Name Drop Down
4/30/2023 2:55:14 AM: Finished Loading Domain Name Drop Down
4/30/2023 2:55:14 AM: Started Loading Domain Name Drop Down
4/30/2023 2:55:14 AM: Finished Loading Domain Name Drop Down
30-04-2023 03:07:36: Session End
4/30/2023 3:08:03 AM: Started Loading Domain Name Drop Down
4/30/2023 3:08:03 AM: Finished Loading Domain Name Drop Down
4/30/2023 3:08:08 AM: Started Loading Domain Name Drop Down
4/30/2023 3:08:08 AM: Finished Loading Domain Name Drop Down
30-04-2023 03:12:33: Session End
4/30/2023 3:12:57 AM: Started Loading Domain Name Drop Down
4/30/2023 3:12:57 AM: Finished Loading Domain Name Drop Down
4/30/2023 3:13:00 AM: Started Loading Domain Name Drop Down
4/30/2023 3:13:00 AM: Finished Loading Domain Name Drop Down
30-04-2023 03:27:05: Session End
4/30/2023 3:27:34 AM: Started Loading Domain Name Drop Down
4/30/2023 3:27:35 AM: Finished Loading Domain Name Drop Down
4/30/2023 3:30:26 AM: Started Loading Domain Name Drop Down
4/30/2023 3:30:26 AM: Finished Loading Domain Name Drop Down
30-04-2023 03:37:55: Session End
4/30/2023 3:38:28 AM: Started Loading Domain Name Drop Down
4/30/2023 3:38:29 AM: Finished Loading Domain Name Drop Down
4/30/2023 3:38:34 AM: Started Loading Domain Name Drop Down
4/30/2023 3:38:34 AM: Finished Loading Domain Name Drop Down
30-04-2023 03:39:31: Session End
4/30/2023 3:39:55 AM: Started Loading Domain Name Drop Down
4/30/2023 3:39:55 AM: Finished Loading Domain Name Drop Down
4/30/2023 3:39:58 AM: Started Loading Domain Name Drop Down
4/30/2023 3:39:58 AM: Finished Loading Domain Name Drop Down
30-04-2023 03:46:15: Session End
4/30/2023 3:46:39 AM: Started Loading Domain Name Drop Down
4/30/2023 3:46:39 AM: Finished Loading Domain Name Drop Down
4/30/2023 3:46:43 AM: Started Loading Domain Name Drop Down
4/30/2023 3:46:43 AM: Finished Loading Domain Name Drop Down
30-04-2023 06:49:19: Session End
4/30/2023 9:26:41 AM: Started Loading Domain Name Drop Down
4/30/2023 9:26:41 AM: Finished Loading Domain Name Drop Down
4/30/2023 9:26:47 AM: Started Loading Domain Name Drop Down
4/30/2023 9:26:47 AM: Finished Loading Domain Name Drop Down
30-04-2023 09:33:44: Session End
4/30/2023 9:34:24 AM: Started Loading Domain Name Drop Down
4/30/2023 9:34:25 AM: Finished Loading Domain Name Drop Down
4/30/2023 9:34:31 AM: Started Loading Domain Name Drop Down
4/30/2023 9:34:31 AM: Finished Loading Domain Name Drop Down
30-04-2023 09:35:52: Session End
4/30/2023 9:36:25 AM: Started Loading Domain Name Drop Down
4/30/2023 9:36:25 AM: Finished Loading Domain Name Drop Down
4/30/2023 9:36:30 AM: Started Loading Domain Name Drop Down
4/30/2023 9:36:30 AM: Finished Loading Domain Name Drop Down
30-04-2023 09:38:11: Session End
4/30/2023 9:39:16 AM: Started Loading Domain Name Drop Down
4/30/2023 9:39:16 AM: Finished Loading Domain Name Drop Down
4/30/2023 9:39:21 AM: Started Loading Domain Name Drop Down
4/30/2023 9:39:21 AM: Finished Loading Domain Name Drop Down
30-04-2023 10:21:35: Session End
4/30/2023 10:46:52 AM: Started Loading Domain Name Drop Down
4/30/2023 10:46:52 AM: Finished Loading Domain Name Drop Down
4/30/2023 10:46:52 AM: Started Loading Domain Name Drop Down
4/30/2023 10:46:52 AM: Finished Loading Domain Name Drop Down
4/30/2023 10:47:34 AM: Started Loading Domain Name Drop Down
4/30/2023 10:47:35 AM: Finished Loading Domain Name Drop Down
4/30/2023 10:48:14 AM: Started Loading Domain Name Drop Down
4/30/2023 10:48:14 AM: Finished Loading Domain Name Drop Down
30-04-2023 10:53:04: Session End
4/30/2023 10:53:04 AM: Started Loading Domain Name Drop Down
4/30/2023 10:53:04 AM: Finished Loading Domain Name Drop Down
4/30/2023 10:53:04 AM: Started Loading Domain Name Drop Down
4/30/2023 10:53:04 AM: Finished Loading Domain Name Drop Down
4/30/2023 11:23:57 AM: Started Loading Domain Name Drop Down
4/30/2023 11:23:57 AM: Finished Loading Domain Name Drop Down
4/30/2023 11:23:57 AM: Started Loading Domain Name Drop Down
4/30/2023 11:23:57 AM: Finished Loading Domain Name Drop Down
30-04-2023 12:18:55: Session End
4/30/2023 12:19:28 PM: Started Loading Domain Name Drop Down
4/30/2023 12:19:28 PM: Finished Loading Domain Name Drop Down
4/30/2023 12:19:34 PM: Started Loading Domain Name Drop Down
4/30/2023 12:19:34 PM: Finished Loading Domain Name Drop Down
30-04-2023 12:27:27: Session End
4/30/2023 12:27:57 PM: Started Loading Domain Name Drop Down
4/30/2023 12:27:57 PM: Finished Loading Domain Name Drop Down
4/30/2023 12:28:00 PM: Started Loading Domain Name Drop Down
4/30/2023 12:28:00 PM: Finished Loading Domain Name Drop Down
30-04-2023 13:09:48: Session End
4/30/2023 1:43:43 PM: Started Loading Domain Name Drop Down
4/30/2023 1:43:43 PM: Finished Loading Domain Name Drop Down
4/30/2023 1:43:54 PM: Started Loading Domain Name Drop Down
4/30/2023 1:43:54 PM: Finished Loading Domain Name Drop Down
30-04-2023 17:29:32: Session End
4/30/2023 6:05:57 PM: Started Loading Domain Name Drop Down
4/30/2023 6:05:58 PM: Finished Loading Domain Name Drop Down
4/30/2023 6:06:19 PM: Started Loading Domain Name Drop Down
4/30/2023 6:06:19 PM: Finished Loading Domain Name Drop Down
30-04-2023 18:27:45: Session End
4/30/2023 6:43:22 PM: Started Loading Domain Name Drop Down
4/30/2023 6:43:22 PM: Finished Loading Domain Name Drop Down
4/30/2023 6:43:22 PM: Started Loading Domain Name Drop Down
4/30/2023 6:43:22 PM: Finished Loading Domain Name Drop Down
30-04-2023 19:03:02: Session End
4/30/2023 7:03:21 PM: Started Loading Domain Name Drop Down
4/30/2023 7:03:22 PM: Finished Loading Domain Name Drop Down
4/30/2023 7:12:42 PM: Started Loading Domain Name Drop Down
4/30/2023 7:12:42 PM: Finished Loading Domain Name Drop Down
30-04-2023 19:47:48: Session End
4/30/2023 7:50:19 PM: Started Loading Domain Name Drop Down
4/30/2023 7:50:19 PM: Finished Loading Domain Name Drop Down
4/30/2023 7:52:49 PM: Started Loading Domain Name Drop Down
4/30/2023 7:52:49 PM: Finished Loading Domain Name Drop Down
30-04-2023 22:58:01: Session End
