11/13/2018 7:46:08 PM: BindDocumentType started
11/13/2018 7:46:08 PM: BindDocumentType finished
11/13/2018 7:46:14 PM: createControls Started
11/13/2018 7:46:14 PM: createControls Loaded all Textbox dynamically
11/13/2018 7:46:14 PM: createControls Loaded all Textbox dynamically
11/13/2018 7:46:14 PM: createControls Loaded all Textbox dynamically
11/13/2018 7:46:14 PM: createControls Loaded all Textbox dynamically
11/13/2018 7:46:14 PM: createControls Loaded all Textbox dynamically
11/13/2018 7:46:14 PM: createControls Loaded all Textbox dynamically
11/13/2018 7:46:14 PM: createControls Loaded all Textbox dynamically
11/13/2018 7:46:14 PM: createControls Loaded all Textbox dynamically
11/13/2018 7:46:14 PM: createControls Loaded all Textbox dynamically
11/13/2018 7:46:14 PM: createControls Loaded all Textbox dynamically
11/13/2018 7:46:14 PM: createControls Finished
11/13/2018 7:46:14 PM: GetTemplateDetails started
11/13/2018 7:46:14 PM: generatecontrols Started
11/13/2018 7:46:14 PM: GenerateControls:Loaded all Textbox dynamically
11/13/2018 7:46:14 PM: GenerateControls:Loaded all Textbox dynamically
11/13/2018 7:46:14 PM: GenerateControls:Loaded all Textbox dynamically
11/13/2018 7:46:14 PM: GenerateControls:Loaded all Textbox dynamically
11/13/2018 7:46:14 PM: GenerateControls:Loaded all Textbox dynamically
11/13/2018 7:46:14 PM: GenerateControls:Loaded all Textbox dynamically
11/13/2018 7:46:14 PM: GenerateControls:Loaded all Textbox dynamically
11/13/2018 7:46:14 PM: GenerateControls:Loaded all Textbox dynamically
11/13/2018 7:46:14 PM: GenerateControls:Loaded all Textbox dynamically
11/13/2018 7:46:14 PM: GenerateControls:Loaded all Textbox dynamically
11/13/2018 7:46:17 PM: createControls Started
11/13/2018 7:46:17 PM: createControls Loaded all Textbox dynamically
11/13/2018 7:46:17 PM: createControls Loaded all Textbox dynamically
11/13/2018 7:46:17 PM: createControls Loaded all Textbox dynamically
11/13/2018 7:46:17 PM: createControls Loaded all Textbox dynamically
11/13/2018 7:46:17 PM: createControls Loaded all Textbox dynamically
11/13/2018 7:46:17 PM: createControls Loaded all Textbox dynamically
11/13/2018 7:46:17 PM: createControls Loaded all Textbox dynamically
11/13/2018 7:46:17 PM: createControls Loaded all Textbox dynamically
11/13/2018 7:46:17 PM: createControls Loaded all Textbox dynamically
11/13/2018 7:46:17 PM: createControls Loaded all Textbox dynamically
11/13/2018 7:46:17 PM: createControls Finished
11/13/2018 7:46:17 PM: Started Loading Entity Drop Down
11/13/2018 7:46:18 PM: Finished Loading Entity Drop Down
11/13/2018 7:47:39 PM: BindDocumentType started
11/13/2018 7:47:39 PM: BindDocumentType finished
11/13/2018 7:47:42 PM: createControls Started
11/13/2018 7:47:42 PM: createControls Loaded all Textbox dynamically
11/13/2018 7:47:42 PM: createControls Loaded all Textbox dynamically
11/13/2018 7:47:42 PM: createControls Loaded all Textbox dynamically
11/13/2018 7:47:42 PM: createControls Loaded all Textbox dynamically
11/13/2018 7:47:42 PM: createControls Loaded all Textbox dynamically
11/13/2018 7:47:42 PM: createControls Loaded all Textbox dynamically
11/13/2018 7:47:42 PM: createControls Loaded all Textbox dynamically
11/13/2018 7:47:42 PM: createControls Loaded all Textbox dynamically
11/13/2018 7:47:42 PM: createControls Loaded all Textbox dynamically
11/13/2018 7:47:42 PM: createControls Loaded all Textbox dynamically
11/13/2018 7:47:42 PM: createControls Finished
11/13/2018 7:47:42 PM: GetTemplateDetails started
11/13/2018 7:47:42 PM: generatecontrols Started
11/13/2018 7:47:42 PM: GenerateControls:Loaded all Textbox dynamically
11/13/2018 7:47:42 PM: GenerateControls:Loaded all Textbox dynamically
11/13/2018 7:47:42 PM: GenerateControls:Loaded all Textbox dynamically
11/13/2018 7:47:42 PM: GenerateControls:Loaded all Textbox dynamically
11/13/2018 7:47:42 PM: GenerateControls:Loaded all Textbox dynamically
11/13/2018 7:47:42 PM: GenerateControls:Loaded all Textbox dynamically
11/13/2018 7:47:42 PM: GenerateControls:Loaded all Textbox dynamically
11/13/2018 7:47:42 PM: GenerateControls:Loaded all Textbox dynamically
11/13/2018 7:47:42 PM: GenerateControls:Loaded all Textbox dynamically
11/13/2018 7:47:42 PM: GenerateControls:Loaded all Textbox dynamically
11/13/2018 7:47:46 PM: createControls Started
11/13/2018 7:47:46 PM: createControls Loaded all Textbox dynamically
11/13/2018 7:47:46 PM: createControls Loaded all Textbox dynamically
11/13/2018 7:47:46 PM: createControls Loaded all Textbox dynamically
11/13/2018 7:47:46 PM: createControls Loaded all Textbox dynamically
11/13/2018 7:47:46 PM: createControls Loaded all Textbox dynamically
11/13/2018 7:47:46 PM: createControls Loaded all Textbox dynamically
11/13/2018 7:47:46 PM: createControls Loaded all Textbox dynamically
11/13/2018 7:47:46 PM: createControls Loaded all Textbox dynamically
11/13/2018 7:47:46 PM: createControls Loaded all Textbox dynamically
11/13/2018 7:47:46 PM: createControls Loaded all Textbox dynamically
11/13/2018 7:47:46 PM: createControls Finished
11/13/2018 7:47:46 PM: Started Loading Entity Drop Down
11/13/2018 7:47:46 PM: Finished Loading Entity Drop Down
11/13/2018 7:53:12 PM: BindDocumentType started
11/13/2018 7:53:12 PM: BindDocumentType finished
11/13/2018 7:53:14 PM: createControls Started
11/13/2018 7:53:14 PM: createControls Loaded all Textbox dynamically
11/13/2018 7:53:14 PM: createControls Loaded all Textbox dynamically
11/13/2018 7:53:14 PM: createControls Loaded all Textbox dynamically
11/13/2018 7:53:14 PM: createControls Loaded all Textbox dynamically
11/13/2018 7:53:14 PM: createControls Loaded all Textbox dynamically
11/13/2018 7:53:14 PM: createControls Loaded all Textbox dynamically
11/13/2018 7:53:14 PM: createControls Loaded all Textbox dynamically
11/13/2018 7:53:14 PM: createControls Loaded all Textbox dynamically
11/13/2018 7:53:14 PM: createControls Loaded all Textbox dynamically
11/13/2018 7:53:14 PM: createControls Loaded all Textbox dynamically
11/13/2018 7:53:14 PM: createControls Finished
11/13/2018 7:53:14 PM: GetTemplateDetails started
11/13/2018 7:53:14 PM: generatecontrols Started
11/13/2018 7:53:14 PM: GenerateControls:Loaded all Textbox dynamically
11/13/2018 7:53:14 PM: GenerateControls:Loaded all Textbox dynamically
11/13/2018 7:53:14 PM: GenerateControls:Loaded all Textbox dynamically
11/13/2018 7:53:14 PM: GenerateControls:Loaded all Textbox dynamically
11/13/2018 7:53:14 PM: GenerateControls:Loaded all Textbox dynamically
11/13/2018 7:53:14 PM: GenerateControls:Loaded all Textbox dynamically
11/13/2018 7:53:14 PM: GenerateControls:Loaded all Textbox dynamically
11/13/2018 7:53:14 PM: GenerateControls:Loaded all Textbox dynamically
11/13/2018 7:53:14 PM: GenerateControls:Loaded all Textbox dynamically
11/13/2018 7:53:14 PM: GenerateControls:Loaded all Textbox dynamically
11/13/2018 7:53:17 PM: createControls Started
11/13/2018 7:53:17 PM: createControls Loaded all Textbox dynamically
11/13/2018 7:53:17 PM: createControls Loaded all Textbox dynamically
11/13/2018 7:53:17 PM: createControls Loaded all Textbox dynamically
11/13/2018 7:53:17 PM: createControls Loaded all Textbox dynamically
11/13/2018 7:53:17 PM: createControls Loaded all Textbox dynamically
11/13/2018 7:53:17 PM: createControls Loaded all Textbox dynamically
11/13/2018 7:53:17 PM: createControls Loaded all Textbox dynamically
11/13/2018 7:53:17 PM: createControls Loaded all Textbox dynamically
11/13/2018 7:53:17 PM: createControls Loaded all Textbox dynamically
11/13/2018 7:53:17 PM: createControls Loaded all Textbox dynamically
11/13/2018 7:53:17 PM: createControls Finished
11/13/2018 7:53:17 PM: Started Loading Entity Drop Down
11/13/2018 7:53:17 PM: Finished Loading Entity Drop Down
