11/28/2018 4:59:32 PM: GetTemplateDetails started
11/28/2018 4:59:32 PM: generatecontrols Started
11/28/2018 4:59:32 PM: GenerateControls:Loaded all Textbox dynamically
11/28/2018 4:59:32 PM: GenerateControls:Loaded all Textbox dynamically
11/28/2018 4:59:32 PM: GenerateControls:Loaded all Textbox dynamically
11/28/2018 4:59:32 PM: GenerateControls:Loaded all Textbox dynamically
11/28/2018 4:59:32 PM: GenerateControls:Loaded all Textbox dynamically
11/28/2018 4:59:32 PM: GenerateControls:Loaded all Textbox dynamically
11/28/2018 4:59:32 PM: GenerateControls:Loaded all Textbox dynamically
11/28/2018 4:59:32 PM: GenerateControls:Loaded all Textbox dynamically
11/28/2018 4:59:32 PM: GenerateControls:Loaded all Textbox dynamically
11/28/2018 4:59:32 PM: GenerateControls:Loaded all Textbox dynamically
11/28/2018 4:59:32 PM: BindDocumentType started
11/28/2018 4:59:32 PM: BindDocumentType finished
11/28/2018 4:59:32 PM: createControls Started
11/28/2018 4:59:32 PM: createControls Loaded all Textbox dynamically
11/28/2018 4:59:32 PM: createControls Loaded all Textbox dynamically
11/28/2018 4:59:32 PM: createControls Loaded all Textbox dynamically
11/28/2018 4:59:32 PM: createControls Loaded all Textbox dynamically
11/28/2018 4:59:32 PM: createControls Loaded all Textbox dynamically
11/28/2018 4:59:32 PM: createControls Loaded all Textbox dynamically
11/28/2018 4:59:32 PM: createControls Loaded all Textbox dynamically
11/28/2018 4:59:32 PM: createControls Loaded all Textbox dynamically
11/28/2018 4:59:32 PM: createControls Loaded all Textbox dynamically
11/28/2018 4:59:32 PM: createControls Loaded all Textbox dynamically
11/28/2018 4:59:32 PM: createControls Finished
11/28/2018 4:59:37 PM: createControls Started
11/28/2018 4:59:37 PM: createControls Loaded all Textbox dynamically
11/28/2018 4:59:37 PM: createControls Loaded all Textbox dynamically
11/28/2018 4:59:37 PM: createControls Loaded all Textbox dynamically
11/28/2018 4:59:37 PM: createControls Loaded all Textbox dynamically
11/28/2018 4:59:37 PM: createControls Loaded all Textbox dynamically
11/28/2018 4:59:37 PM: createControls Loaded all Textbox dynamically
11/28/2018 4:59:37 PM: createControls Loaded all Textbox dynamically
11/28/2018 4:59:37 PM: createControls Loaded all Textbox dynamically
11/28/2018 4:59:37 PM: createControls Loaded all Textbox dynamically
11/28/2018 4:59:37 PM: createControls Loaded all Textbox dynamically
11/28/2018 4:59:37 PM: createControls Finished
11/28/2018 4:59:37 PM: Started Loading Entity Drop Down
11/28/2018 4:59:37 PM: Finished Loading Entity Drop Down
11/28/2018 5:45:16 PM: GetTemplateDetails started
11/28/2018 5:45:16 PM: generatecontrols Started
11/28/2018 5:45:16 PM: GenerateControls:Loaded all Textbox dynamically
11/28/2018 5:45:16 PM: GenerateControls:Loaded all Textbox dynamically
11/28/2018 5:45:16 PM: GenerateControls:Loaded all Textbox dynamically
11/28/2018 5:45:16 PM: GenerateControls:Loaded all Textbox dynamically
11/28/2018 5:45:16 PM: GenerateControls:Loaded all Textbox dynamically
11/28/2018 5:45:16 PM: GenerateControls:Loaded all Textbox dynamically
11/28/2018 5:45:16 PM: GenerateControls:Loaded all Textbox dynamically
11/28/2018 5:45:16 PM: GenerateControls:Loaded all Textbox dynamically
11/28/2018 5:45:16 PM: GenerateControls:Loaded all Textbox dynamically
11/28/2018 5:45:16 PM: GenerateControls:Loaded all Textbox dynamically
11/28/2018 5:45:16 PM: BindDocumentType started
11/28/2018 5:45:16 PM: BindDocumentType finished
11/28/2018 5:45:16 PM: createControls Started
11/28/2018 5:45:16 PM: createControls Loaded all Textbox dynamically
11/28/2018 5:45:16 PM: createControls Loaded all Textbox dynamically
11/28/2018 5:45:16 PM: createControls Loaded all Textbox dynamically
11/28/2018 5:45:16 PM: createControls Loaded all Textbox dynamically
11/28/2018 5:45:16 PM: createControls Loaded all Textbox dynamically
11/28/2018 5:45:16 PM: createControls Loaded all Textbox dynamically
11/28/2018 5:45:16 PM: createControls Loaded all Textbox dynamically
11/28/2018 5:45:16 PM: createControls Loaded all Textbox dynamically
11/28/2018 5:45:16 PM: createControls Loaded all Textbox dynamically
11/28/2018 5:45:16 PM: createControls Loaded all Textbox dynamically
11/28/2018 5:45:16 PM: createControls Finished
11/28/2018 5:45:19 PM: createControls Started
11/28/2018 5:45:19 PM: createControls Loaded all Textbox dynamically
11/28/2018 5:45:19 PM: createControls Loaded all Textbox dynamically
11/28/2018 5:45:19 PM: createControls Loaded all Textbox dynamically
11/28/2018 5:45:19 PM: createControls Loaded all Textbox dynamically
11/28/2018 5:45:19 PM: createControls Loaded all Textbox dynamically
11/28/2018 5:45:19 PM: createControls Loaded all Textbox dynamically
11/28/2018 5:45:19 PM: createControls Loaded all Textbox dynamically
11/28/2018 5:45:19 PM: createControls Loaded all Textbox dynamically
11/28/2018 5:45:19 PM: createControls Loaded all Textbox dynamically
11/28/2018 5:45:19 PM: createControls Loaded all Textbox dynamically
11/28/2018 5:45:19 PM: createControls Finished
11/28/2018 5:45:19 PM: Started Loading Entity Drop Down
11/28/2018 5:45:19 PM: Finished Loading Entity Drop Down
