11/17/2018 1:07:28 PM: BindDocumentType started
11/17/2018 1:07:28 PM: BindDocumentType finished
11/17/2018 1:07:32 PM: createControls Started
11/17/2018 1:07:32 PM: createControls Loaded all Textbox dynamically
11/17/2018 1:07:32 PM: createControls Loaded all Textbox dynamically
11/17/2018 1:07:32 PM: createControls Loaded all Textbox dynamically
11/17/2018 1:07:32 PM: createControls Loaded all Textbox dynamically
11/17/2018 1:07:32 PM: createControls Loaded all Textbox dynamically
11/17/2018 1:07:32 PM: createControls Loaded all Textbox dynamically
11/17/2018 1:07:32 PM: createControls Loaded all Textbox dynamically
11/17/2018 1:07:32 PM: createControls Loaded all Textbox dynamically
11/17/2018 1:07:32 PM: createControls Loaded all Textbox dynamically
11/17/2018 1:07:32 PM: createControls Loaded all Textbox dynamically
11/17/2018 1:07:32 PM: createControls Finished
11/17/2018 1:07:32 PM: GetTemplateDetails started
11/17/2018 1:07:32 PM: generatecontrols Started
11/17/2018 1:07:32 PM: GenerateControls:Loaded all Textbox dynamically
11/17/2018 1:07:32 PM: GenerateControls:Loaded all Textbox dynamically
11/17/2018 1:07:32 PM: GenerateControls:Loaded all Textbox dynamically
11/17/2018 1:07:32 PM: GenerateControls:Loaded all Textbox dynamically
11/17/2018 1:07:32 PM: GenerateControls:Loaded all Textbox dynamically
11/17/2018 1:07:32 PM: GenerateControls:Loaded all Textbox dynamically
11/17/2018 1:07:32 PM: GenerateControls:Loaded all Textbox dynamically
11/17/2018 1:07:32 PM: GenerateControls:Loaded all Textbox dynamically
11/17/2018 1:07:32 PM: GenerateControls:Loaded all Textbox dynamically
11/17/2018 1:07:32 PM: GenerateControls:Loaded all Textbox dynamically
11/17/2018 1:07:35 PM: createControls Started
11/17/2018 1:07:35 PM: createControls Loaded all Textbox dynamically
11/17/2018 1:07:35 PM: createControls Loaded all Textbox dynamically
11/17/2018 1:07:35 PM: createControls Loaded all Textbox dynamically
11/17/2018 1:07:35 PM: createControls Loaded all Textbox dynamically
11/17/2018 1:07:35 PM: createControls Loaded all Textbox dynamically
11/17/2018 1:07:35 PM: createControls Loaded all Textbox dynamically
11/17/2018 1:07:35 PM: createControls Loaded all Textbox dynamically
11/17/2018 1:07:35 PM: createControls Loaded all Textbox dynamically
11/17/2018 1:07:35 PM: createControls Loaded all Textbox dynamically
11/17/2018 1:07:35 PM: createControls Loaded all Textbox dynamically
11/17/2018 1:07:35 PM: createControls Finished
11/17/2018 1:07:35 PM: Started Loading Entity Drop Down
11/17/2018 1:07:35 PM: Finished Loading Entity Drop Down
11/17/2018 1:07:42 PM: createControls Started
11/17/2018 1:07:42 PM: createControls Loaded all Textbox dynamically
11/17/2018 1:07:42 PM: createControls Loaded all Textbox dynamically
11/17/2018 1:07:42 PM: createControls Loaded all Textbox dynamically
11/17/2018 1:07:42 PM: createControls Loaded all Textbox dynamically
11/17/2018 1:07:42 PM: createControls Loaded all Textbox dynamically
11/17/2018 1:07:42 PM: createControls Loaded all Textbox dynamically
11/17/2018 1:07:42 PM: createControls Loaded all Textbox dynamically
11/17/2018 1:07:42 PM: createControls Loaded all Textbox dynamically
11/17/2018 1:07:42 PM: createControls Loaded all Textbox dynamically
11/17/2018 1:07:42 PM: createControls Loaded all Textbox dynamically
11/17/2018 1:07:42 PM: createControls Finished
11/17/2018 1:07:42 PM: Started Loading Entity Drop Down
11/17/2018 1:07:42 PM: Finished Loading Entity Drop Down
11/17/2018 1:12:46 PM: BindDocumentType started
11/17/2018 1:12:46 PM: BindDocumentType finished
11/17/2018 1:12:49 PM: createControls Started
11/17/2018 1:12:49 PM: createControls Loaded all Textbox dynamically
11/17/2018 1:12:49 PM: createControls Loaded all Textbox dynamically
11/17/2018 1:12:49 PM: createControls Loaded all Textbox dynamically
11/17/2018 1:12:49 PM: createControls Loaded all Textbox dynamically
11/17/2018 1:12:49 PM: createControls Loaded all Textbox dynamically
11/17/2018 1:12:49 PM: createControls Loaded all Textbox dynamically
11/17/2018 1:12:49 PM: createControls Loaded all Textbox dynamically
11/17/2018 1:12:49 PM: createControls Loaded all Textbox dynamically
11/17/2018 1:12:49 PM: createControls Loaded all Textbox dynamically
11/17/2018 1:12:49 PM: createControls Loaded all Textbox dynamically
11/17/2018 1:12:49 PM: createControls Finished
11/17/2018 1:12:49 PM: GetTemplateDetails started
11/17/2018 1:12:49 PM: generatecontrols Started
11/17/2018 1:12:49 PM: GenerateControls:Loaded all Textbox dynamically
11/17/2018 1:12:49 PM: GenerateControls:Loaded all Textbox dynamically
11/17/2018 1:12:49 PM: GenerateControls:Loaded all Textbox dynamically
11/17/2018 1:12:49 PM: GenerateControls:Loaded all Textbox dynamically
11/17/2018 1:12:49 PM: GenerateControls:Loaded all Textbox dynamically
11/17/2018 1:12:49 PM: GenerateControls:Loaded all Textbox dynamically
11/17/2018 1:12:49 PM: GenerateControls:Loaded all Textbox dynamically
11/17/2018 1:12:49 PM: GenerateControls:Loaded all Textbox dynamically
11/17/2018 1:12:49 PM: GenerateControls:Loaded all Textbox dynamically
11/17/2018 1:12:49 PM: GenerateControls:Loaded all Textbox dynamically
11/17/2018 1:12:52 PM: createControls Started
11/17/2018 1:12:52 PM: createControls Loaded all Textbox dynamically
11/17/2018 1:12:52 PM: createControls Loaded all Textbox dynamically
11/17/2018 1:12:52 PM: createControls Loaded all Textbox dynamically
11/17/2018 1:12:52 PM: createControls Loaded all Textbox dynamically
11/17/2018 1:12:52 PM: createControls Loaded all Textbox dynamically
11/17/2018 1:12:52 PM: createControls Loaded all Textbox dynamically
11/17/2018 1:12:52 PM: createControls Loaded all Textbox dynamically
11/17/2018 1:12:52 PM: createControls Loaded all Textbox dynamically
11/17/2018 1:12:52 PM: createControls Loaded all Textbox dynamically
11/17/2018 1:12:52 PM: createControls Loaded all Textbox dynamically
11/17/2018 1:12:52 PM: createControls Finished
11/17/2018 1:12:52 PM: Started Loading Entity Drop Down
11/17/2018 1:12:52 PM: Finished Loading Entity Drop Down
11/17/2018 1:48:45 PM: BindDocumentType started
11/17/2018 1:48:45 PM: BindDocumentType finished
11/17/2018 1:48:47 PM: createControls Started
11/17/2018 1:48:47 PM: createControls Loaded all Textbox dynamically
11/17/2018 1:48:47 PM: createControls Loaded all Textbox dynamically
11/17/2018 1:48:47 PM: createControls Loaded all Textbox dynamically
11/17/2018 1:48:47 PM: createControls Loaded all Textbox dynamically
11/17/2018 1:48:47 PM: createControls Loaded all Textbox dynamically
11/17/2018 1:48:47 PM: createControls Loaded all Textbox dynamically
11/17/2018 1:48:47 PM: createControls Loaded all Textbox dynamically
11/17/2018 1:48:47 PM: createControls Loaded all Textbox dynamically
11/17/2018 1:48:47 PM: createControls Loaded all Textbox dynamically
11/17/2018 1:48:47 PM: createControls Loaded all Textbox dynamically
11/17/2018 1:48:47 PM: createControls Finished
11/17/2018 1:48:47 PM: GetTemplateDetails started
11/17/2018 1:48:47 PM: generatecontrols Started
11/17/2018 1:48:47 PM: GenerateControls:Loaded all Textbox dynamically
11/17/2018 1:48:47 PM: GenerateControls:Loaded all Textbox dynamically
11/17/2018 1:48:47 PM: GenerateControls:Loaded all Textbox dynamically
11/17/2018 1:48:47 PM: GenerateControls:Loaded all Textbox dynamically
11/17/2018 1:48:47 PM: GenerateControls:Loaded all Textbox dynamically
11/17/2018 1:48:47 PM: GenerateControls:Loaded all Textbox dynamically
11/17/2018 1:48:47 PM: GenerateControls:Loaded all Textbox dynamically
11/17/2018 1:48:47 PM: GenerateControls:Loaded all Textbox dynamically
11/17/2018 1:48:47 PM: GenerateControls:Loaded all Textbox dynamically
11/17/2018 1:48:47 PM: GenerateControls:Loaded all Textbox dynamically
11/17/2018 1:48:50 PM: createControls Started
11/17/2018 1:48:50 PM: createControls Loaded all Textbox dynamically
11/17/2018 1:48:50 PM: createControls Loaded all Textbox dynamically
11/17/2018 1:48:50 PM: createControls Loaded all Textbox dynamically
11/17/2018 1:48:50 PM: createControls Loaded all Textbox dynamically
11/17/2018 1:48:50 PM: createControls Loaded all Textbox dynamically
11/17/2018 1:48:50 PM: createControls Loaded all Textbox dynamically
11/17/2018 1:48:50 PM: createControls Loaded all Textbox dynamically
11/17/2018 1:48:50 PM: createControls Loaded all Textbox dynamically
11/17/2018 1:48:50 PM: createControls Loaded all Textbox dynamically
11/17/2018 1:48:50 PM: createControls Loaded all Textbox dynamically
11/17/2018 1:48:50 PM: createControls Finished
11/17/2018 1:48:51 PM: Started Loading Entity Drop Down
11/17/2018 1:48:51 PM: Finished Loading Entity Drop Down
11/17/2018 2:16:49 PM: BindDocumentType started
11/17/2018 2:16:49 PM: BindDocumentType finished
11/17/2018 2:16:53 PM: createControls Started
11/17/2018 2:16:53 PM: createControls Loaded all Textbox dynamically
11/17/2018 2:16:53 PM: createControls Loaded all Textbox dynamically
11/17/2018 2:16:53 PM: createControls Loaded all Textbox dynamically
11/17/2018 2:16:53 PM: createControls Loaded all Textbox dynamically
11/17/2018 2:16:53 PM: createControls Loaded all Textbox dynamically
11/17/2018 2:16:53 PM: createControls Loaded all Textbox dynamically
11/17/2018 2:16:53 PM: createControls Loaded all Textbox dynamically
11/17/2018 2:16:53 PM: createControls Loaded all Textbox dynamically
11/17/2018 2:16:53 PM: createControls Loaded all Textbox dynamically
11/17/2018 2:16:53 PM: createControls Loaded all Textbox dynamically
11/17/2018 2:16:53 PM: createControls Finished
11/17/2018 2:16:53 PM: GetTemplateDetails started
11/17/2018 2:16:53 PM: generatecontrols Started
11/17/2018 2:16:53 PM: GenerateControls:Loaded all Textbox dynamically
11/17/2018 2:16:53 PM: GenerateControls:Loaded all Textbox dynamically
11/17/2018 2:16:53 PM: GenerateControls:Loaded all Textbox dynamically
11/17/2018 2:16:53 PM: GenerateControls:Loaded all Textbox dynamically
11/17/2018 2:16:53 PM: GenerateControls:Loaded all Textbox dynamically
11/17/2018 2:16:53 PM: GenerateControls:Loaded all Textbox dynamically
11/17/2018 2:16:53 PM: GenerateControls:Loaded all Textbox dynamically
11/17/2018 2:16:53 PM: GenerateControls:Loaded all Textbox dynamically
11/17/2018 2:16:53 PM: GenerateControls:Loaded all Textbox dynamically
11/17/2018 2:16:53 PM: GenerateControls:Loaded all Textbox dynamically
11/17/2018 2:16:56 PM: createControls Started
11/17/2018 2:16:56 PM: createControls Loaded all Textbox dynamically
11/17/2018 2:16:56 PM: createControls Loaded all Textbox dynamically
11/17/2018 2:16:56 PM: createControls Loaded all Textbox dynamically
11/17/2018 2:16:56 PM: createControls Loaded all Textbox dynamically
11/17/2018 2:16:56 PM: createControls Loaded all Textbox dynamically
11/17/2018 2:16:56 PM: createControls Loaded all Textbox dynamically
11/17/2018 2:16:56 PM: createControls Loaded all Textbox dynamically
11/17/2018 2:16:56 PM: createControls Loaded all Textbox dynamically
11/17/2018 2:16:56 PM: createControls Loaded all Textbox dynamically
11/17/2018 2:16:56 PM: createControls Loaded all Textbox dynamically
11/17/2018 2:16:56 PM: createControls Finished
11/17/2018 2:16:56 PM: Started Loading Entity Drop Down
11/17/2018 2:16:57 PM: Finished Loading Entity Drop Down
11/17/2018 2:18:17 PM: GetSginatureDetails Started:-
11/17/2018 2:18:17 PM: GetSginatureDetails Completed:-
11/17/2018 2:18:17 PM: GetTemplateDetails Started
11/17/2018 2:18:17 PM: GetTemplateDetails total record count:1
11/17/2018 2:18:17 PM: Create controls,Load all Textbox dynamic
11/17/2018 2:18:17 PM: Create controls,Load all Textbox dynamic
11/17/2018 2:18:17 PM: Create controls,Load all Textbox dynamic
11/17/2018 2:18:17 PM: Create controls,Load all Textbox dynamic
11/17/2018 2:18:17 PM: Create controls,Load all Textbox dynamic
11/17/2018 2:18:17 PM: Create controls,Load all Textbox dynamic
11/17/2018 2:18:17 PM: Create controls,Load all Textbox dynamic
11/17/2018 2:18:17 PM: Create controls,Load all Textbox dynamic
11/17/2018 2:18:17 PM: Create controls,Load all Textbox dynamic
11/17/2018 2:18:17 PM: Create controls,Load all Textbox dynamic
11/17/2018 2:18:17 PM: GetTemplateDetails Finished
11/17/2018 2:18:17 PM: InitializeDocumentView started
11/17/2018 2:18:17 PM: InitializeDocumentView finished
11/17/2018 2:18:17 PM: Calling database to get annotated images. DocumentId: 359140, Action: GetAnnotatedPages
11/17/2018 2:18:18 PM: Calling database to get annotated images. DocumentId: 359140, Action: GetTaggedPages
11/17/2018 2:18:19 PM: LoadImageToViewer started
11/17/2018 2:18:19 PM: Setting image to viewer. Action:  Page count: 195 Current Page:1
11/17/2018 2:18:19 PM: Converting PDF to JPEG. PDF Path: D:\WDMSDocument\TempWorkFolder\SUlfV0VfNzUyXzI3OV8xMDAx\1.pdf Image Name: SUlfV0VfNzUyXzI3OV8xMDAx Page No: 1
11/17/2018 2:18:19 PM: Converting PDF to JPEG without applying watermark.
11/17/2018 2:18:21 PM: Setting image to viewer using RegisterStartupScript: http://localhost:55361/generichandler.ashx?f=d://wdmsdocument//tempworkfolder//sulfv0vfnzuyxzi3ov8xmdaxjpg//1.jpeg
11/17/2018 2:18:21 PM: Invoke method to get annotations from databnase.
11/17/2018 2:18:21 PM: Get annotations from database.
11/17/2018 2:18:21 PM: Document Id: 359140 Page No: 1
11/17/2018 2:18:21 PM: Invoking method to get annotation data from database. Action: GetAnnotations
11/17/2018 2:18:21 PM: MailPanelFill started
11/17/2018 2:18:21 PM: MailPanelFill finished
11/17/2018 2:21:33 PM: BindDocumentType started
11/17/2018 2:21:33 PM: BindDocumentType finished
11/17/2018 2:39:13 PM: BindDocumentType started
11/17/2018 2:39:13 PM: BindDocumentType finished
11/17/2018 2:42:27 PM: GetTemplateDetails started
11/17/2018 2:42:27 PM: generatecontrols Started
11/17/2018 2:42:27 PM: GenerateControls:Loaded all Textbox dynamically
11/17/2018 2:42:27 PM: GenerateControls:Loaded all Textbox dynamically
11/17/2018 2:42:27 PM: GenerateControls:Loaded all Textbox dynamically
11/17/2018 2:42:27 PM: GenerateControls:Loaded all Textbox dynamically
11/17/2018 2:42:27 PM: GenerateControls:Loaded all Textbox dynamically
11/17/2018 2:42:27 PM: GenerateControls:Loaded all Textbox dynamically
11/17/2018 2:42:27 PM: GenerateControls:Loaded all Textbox dynamically
11/17/2018 2:42:27 PM: GenerateControls:Loaded all Textbox dynamically
11/17/2018 2:42:27 PM: GenerateControls:Loaded all Textbox dynamically
11/17/2018 2:42:27 PM: GenerateControls:Loaded all Textbox dynamically
11/17/2018 2:42:27 PM: BindDocumentType started
11/17/2018 2:42:27 PM: BindDocumentType finished
11/17/2018 2:42:27 PM: createControls Started
11/17/2018 2:42:27 PM: createControls Loaded all Textbox dynamically
11/17/2018 2:42:27 PM: createControls Loaded all Textbox dynamically
11/17/2018 2:42:27 PM: createControls Loaded all Textbox dynamically
11/17/2018 2:42:27 PM: createControls Loaded all Textbox dynamically
11/17/2018 2:42:27 PM: createControls Loaded all Textbox dynamically
11/17/2018 2:42:27 PM: createControls Loaded all Textbox dynamically
11/17/2018 2:42:27 PM: createControls Loaded all Textbox dynamically
11/17/2018 2:42:27 PM: createControls Loaded all Textbox dynamically
11/17/2018 2:42:27 PM: createControls Loaded all Textbox dynamically
11/17/2018 2:42:27 PM: createControls Loaded all Textbox dynamically
11/17/2018 2:42:27 PM: createControls Finished
11/17/2018 2:42:46 PM: createControls Started
11/17/2018 2:42:46 PM: createControls Loaded all Textbox dynamically
11/17/2018 2:42:46 PM: createControls Loaded all Textbox dynamically
11/17/2018 2:42:46 PM: createControls Loaded all Textbox dynamically
11/17/2018 2:42:46 PM: createControls Loaded all Textbox dynamically
11/17/2018 2:42:46 PM: createControls Loaded all Textbox dynamically
11/17/2018 2:42:46 PM: createControls Loaded all Textbox dynamically
11/17/2018 2:42:46 PM: createControls Loaded all Textbox dynamically
11/17/2018 2:42:46 PM: createControls Loaded all Textbox dynamically
11/17/2018 2:42:46 PM: createControls Loaded all Textbox dynamically
11/17/2018 2:42:46 PM: createControls Loaded all Textbox dynamically
11/17/2018 2:42:46 PM: createControls Finished
11/17/2018 2:42:46 PM: Started Loading Entity Drop Down
11/17/2018 2:42:46 PM: Finished Loading Entity Drop Down
