11/23/2018 10:27:59 AM: GetTemplateDetails started
11/23/2018 10:27:59 AM: generatecontrols Started
11/23/2018 10:27:59 AM: GenerateControls:Loaded all Textbox dynamically
11/23/2018 10:27:59 AM: GenerateControls:Loaded all Textbox dynamically
11/23/2018 10:27:59 AM: GenerateControls:Loaded all Textbox dynamically
11/23/2018 10:27:59 AM: GenerateControls:Loaded all Textbox dynamically
11/23/2018 10:27:59 AM: GenerateControls:Loaded all Textbox dynamically
11/23/2018 10:27:59 AM: GenerateControls:Loaded all Textbox dynamically
11/23/2018 10:27:59 AM: GenerateControls:Loaded all Textbox dynamically
11/23/2018 10:27:59 AM: GenerateControls:Loaded all Textbox dynamically
11/23/2018 10:27:59 AM: GenerateControls:Loaded all Textbox dynamically
11/23/2018 10:27:59 AM: GenerateControls:Loaded all Textbox dynamically
11/23/2018 10:27:59 AM: BindDocumentType started
11/23/2018 10:27:59 AM: BindDocumentType finished
11/23/2018 10:27:59 AM: createControls Started
11/23/2018 10:27:59 AM: createControls Loaded all Textbox dynamically
11/23/2018 10:27:59 AM: createControls Loaded all Textbox dynamically
11/23/2018 10:27:59 AM: createControls Loaded all Textbox dynamically
11/23/2018 10:27:59 AM: createControls Loaded all Textbox dynamically
11/23/2018 10:27:59 AM: createControls Loaded all Textbox dynamically
11/23/2018 10:27:59 AM: createControls Loaded all Textbox dynamically
11/23/2018 10:27:59 AM: createControls Loaded all Textbox dynamically
11/23/2018 10:27:59 AM: createControls Loaded all Textbox dynamically
11/23/2018 10:27:59 AM: createControls Loaded all Textbox dynamically
11/23/2018 10:27:59 AM: createControls Loaded all Textbox dynamically
11/23/2018 10:27:59 AM: createControls Finished
11/23/2018 10:28:04 AM: createControls Started
11/23/2018 10:28:04 AM: createControls Loaded all Textbox dynamically
11/23/2018 10:28:04 AM: createControls Loaded all Textbox dynamically
11/23/2018 10:28:04 AM: createControls Loaded all Textbox dynamically
11/23/2018 10:28:04 AM: createControls Loaded all Textbox dynamically
11/23/2018 10:28:04 AM: createControls Loaded all Textbox dynamically
11/23/2018 10:28:04 AM: createControls Loaded all Textbox dynamically
11/23/2018 10:28:04 AM: createControls Loaded all Textbox dynamically
11/23/2018 10:28:04 AM: createControls Loaded all Textbox dynamically
11/23/2018 10:28:04 AM: createControls Loaded all Textbox dynamically
11/23/2018 10:28:04 AM: createControls Loaded all Textbox dynamically
11/23/2018 10:28:04 AM: createControls Finished
11/23/2018 10:28:04 AM: GetTemplateDetails started
11/23/2018 10:28:04 AM: generatecontrols Started
11/23/2018 10:28:04 AM: GenerateControls:Loaded all Textbox dynamically
11/23/2018 10:28:04 AM: GenerateControls:Loaded all Textbox dynamically
11/23/2018 10:28:04 AM: GenerateControls:Loaded all Textbox dynamically
11/23/2018 10:28:04 AM: GenerateControls:Loaded all Textbox dynamically
11/23/2018 10:28:04 AM: GenerateControls:Loaded all Textbox dynamically
11/23/2018 10:28:04 AM: GenerateControls:Loaded all Textbox dynamically
11/23/2018 10:28:04 AM: GenerateControls:Loaded all Textbox dynamically
11/23/2018 10:28:04 AM: GenerateControls:Loaded all Textbox dynamically
11/23/2018 10:28:04 AM: GenerateControls:Loaded all Textbox dynamically
11/23/2018 10:28:04 AM: GenerateControls:Loaded all Textbox dynamically
11/23/2018 10:28:11 AM: createControls Started
11/23/2018 10:28:11 AM: createControls Loaded all Textbox dynamically
11/23/2018 10:28:11 AM: createControls Loaded all Textbox dynamically
11/23/2018 10:28:11 AM: createControls Loaded all Textbox dynamically
11/23/2018 10:28:11 AM: createControls Loaded all Textbox dynamically
11/23/2018 10:28:11 AM: createControls Loaded all Textbox dynamically
11/23/2018 10:28:11 AM: createControls Loaded all Textbox dynamically
11/23/2018 10:28:11 AM: createControls Loaded all Textbox dynamically
11/23/2018 10:28:11 AM: createControls Loaded all Textbox dynamically
11/23/2018 10:28:11 AM: createControls Loaded all Textbox dynamically
11/23/2018 10:28:11 AM: createControls Loaded all Textbox dynamically
11/23/2018 10:28:11 AM: createControls Finished
11/23/2018 10:28:11 AM: Started Loading Entity Drop Down
11/23/2018 10:28:11 AM: Finished Loading Entity Drop Down
11/23/2018 10:28:14 AM: GetSginatureDetails Started:-
11/23/2018 10:28:14 AM: GetSginatureDetails Completed:-
11/23/2018 10:28:14 AM: GetTemplateDetails Started
11/23/2018 10:28:14 AM: GetTemplateDetails total record count:1
11/23/2018 10:28:14 AM: Create controls,Load all Textbox dynamic
11/23/2018 10:28:14 AM: Create controls,Load all Textbox dynamic
11/23/2018 10:28:14 AM: Create controls,Load all Textbox dynamic
11/23/2018 10:28:14 AM: Create controls,Load all Textbox dynamic
11/23/2018 10:28:14 AM: Create controls,Load all Textbox dynamic
11/23/2018 10:28:14 AM: Create controls,Load all Textbox dynamic
11/23/2018 10:28:14 AM: Create controls,Load all Textbox dynamic
11/23/2018 10:28:14 AM: Create controls,Load all Textbox dynamic
11/23/2018 10:28:14 AM: Create controls,Load all Textbox dynamic
11/23/2018 10:28:14 AM: Create controls,Load all Textbox dynamic
11/23/2018 10:28:14 AM: GetTemplateDetails Finished
11/23/2018 10:28:14 AM: InitializeDocumentView started
11/23/2018 10:28:14 AM: InitializeDocumentView finished
11/23/2018 10:28:14 AM: Calling database to get annotated images. DocumentId: 359142, Action: GetAnnotatedPages
11/23/2018 10:28:14 AM: Calling database to get annotated images. DocumentId: 359142, Action: GetTaggedPages
11/23/2018 10:28:15 AM: LoadImageToViewer started
11/23/2018 10:28:15 AM: Setting image to viewer. Action:  Page count: 20 Current Page:1
11/23/2018 10:28:15 AM: Converting PDF to JPEG. PDF Path: D:\WDMSDocument\TempWorkFolder\SUlfV0VfNzUyXzI3OV8xMDAz\1.pdf Image Name: SUlfV0VfNzUyXzI3OV8xMDAz Page No: 1
11/23/2018 10:28:15 AM: Converting PDF to JPEG without applying watermark.
11/23/2018 10:28:15 AM: Setting image to viewer using RegisterStartupScript: http://localhost:55361/generichandler.ashx?f=d://wdmsdocument//tempworkfolder//sulfv0vfnzuyxzi3ov8xmdazjpg//1.jpeg
11/23/2018 10:28:15 AM: Invoke method to get annotations from databnase.
11/23/2018 10:28:15 AM: Get annotations from database.
11/23/2018 10:28:15 AM: Document Id: 359142 Page No: 1
11/23/2018 10:28:15 AM: Invoking method to get annotation data from database. Action: GetAnnotations
11/23/2018 10:28:15 AM: MailPanelFill started
11/23/2018 10:28:15 AM: MailPanelFill finished
11/23/2018 10:28:26 AM: GetTemplateDetails Started
11/23/2018 10:28:26 AM: GetTemplateDetails total record count:1
11/23/2018 10:28:26 AM: Create controls,Load all Textbox dynamic
11/23/2018 10:28:26 AM: Create controls,Load all Textbox dynamic
11/23/2018 10:28:26 AM: Create controls,Load all Textbox dynamic
11/23/2018 10:28:26 AM: Create controls,Load all Textbox dynamic
11/23/2018 10:28:26 AM: Create controls,Load all Textbox dynamic
11/23/2018 10:28:26 AM: Create controls,Load all Textbox dynamic
11/23/2018 10:28:26 AM: Create controls,Load all Textbox dynamic
11/23/2018 10:28:26 AM: Create controls,Load all Textbox dynamic
11/23/2018 10:28:26 AM: Create controls,Load all Textbox dynamic
11/23/2018 10:28:26 AM: Create controls,Load all Textbox dynamic
11/23/2018 10:28:26 AM: GetTemplateDetails Finished
11/23/2018 10:28:26 AM: GetTemplateDetails Started
11/23/2018 10:28:26 AM: GetTemplateDetails total record count:1
11/23/2018 10:28:27 AM: Create controls,Load all Textbox dynamic
11/23/2018 10:28:27 AM: Create controls,Load all Textbox dynamic
11/23/2018 10:28:27 AM: Create controls,Load all Textbox dynamic
11/23/2018 10:28:27 AM: Create controls,Load all Textbox dynamic
11/23/2018 10:28:27 AM: Create controls,Load all Textbox dynamic
11/23/2018 10:28:27 AM: Create controls,Load all Textbox dynamic
11/23/2018 10:28:27 AM: Create controls,Load all Textbox dynamic
11/23/2018 10:28:27 AM: Create controls,Load all Textbox dynamic
11/23/2018 10:28:27 AM: Create controls,Load all Textbox dynamic
11/23/2018 10:28:27 AM: Create controls,Load all Textbox dynamic
11/23/2018 10:28:27 AM: GetTemplateDetails Finished
11/23/2018 10:28:27 AM: LoadImageToViewer started
11/23/2018 10:28:27 AM: Setting image to viewer. Action:  Page count: 20 Current Page:1
11/23/2018 10:28:27 AM: Converting PDF to JPEG. PDF Path: D:\WDMSDocument\TempWorkFolder\SUlfV0VfNzUyXzI3OV8xMDAz\1.pdf Image Name: SUlfV0VfNzUyXzI3OV8xMDAz Page No: 1
11/23/2018 10:28:27 AM: Converting PDF to JPEG without applying watermark.
11/23/2018 10:28:27 AM: Setting image to viewer using RegisterStartupScript: http://localhost:55361/generichandler.ashx?f=d://wdmsdocument//tempworkfolder//sulfv0vfnzuyxzi3ov8xmdazjpg//1.jpeg
11/23/2018 10:28:27 AM: Invoke method to get annotations from databnase.
11/23/2018 10:28:27 AM: Get annotations from database.
11/23/2018 10:28:27 AM: Document Id: 359142 Page No: 1
11/23/2018 10:28:27 AM: Invoking method to get annotation data from database. Action: GetAnnotations
11/23/2018 10:28:27 AM: btnLock_Click started
11/23/2018 10:28:27 AM: LoadImageToViewer started
11/23/2018 10:28:27 AM: Setting image to viewer. Action:  Page count: 20 Current Page:1
11/23/2018 10:28:27 AM: Converting PDF to JPEG. PDF Path: D:\WDMSDocument\TempWorkFolder\SUlfV0VfNzUyXzI3OV8xMDAz\1.pdf Image Name: SUlfV0VfNzUyXzI3OV8xMDAz Page No: 1
11/23/2018 10:28:27 AM: Converting PDF to JPEG without applying watermark.
11/23/2018 10:28:27 AM: Setting image to viewer using RegisterStartupScript: http://localhost:55361/generichandler.ashx?f=d://wdmsdocument//tempworkfolder//sulfv0vfnzuyxzi3ov8xmdazjpg//1.jpeg
11/23/2018 10:28:27 AM: Invoke method to get annotations from databnase.
11/23/2018 10:28:27 AM: Get annotations from database.
11/23/2018 10:28:27 AM: Document Id: 359142 Page No: 1
11/23/2018 10:28:27 AM: Invoking method to get annotation data from database. Action: GetAnnotations
11/23/2018 10:28:27 AM: btnLock_Click finished
11/23/2018 10:29:52 AM: GetTemplateDetails Started
11/23/2018 10:29:52 AM: GetTemplateDetails total record count:1
11/23/2018 10:29:52 AM: Create controls,Load all Textbox dynamic
11/23/2018 10:29:52 AM: Create controls,Load all Textbox dynamic
11/23/2018 10:29:52 AM: Create controls,Load all Textbox dynamic
11/23/2018 10:29:52 AM: Create controls,Load all Textbox dynamic
11/23/2018 10:29:52 AM: Create controls,Load all Textbox dynamic
11/23/2018 10:29:52 AM: Create controls,Load all Textbox dynamic
11/23/2018 10:29:52 AM: Create controls,Load all Textbox dynamic
11/23/2018 10:29:52 AM: Create controls,Load all Textbox dynamic
11/23/2018 10:29:52 AM: Create controls,Load all Textbox dynamic
11/23/2018 10:29:52 AM: Create controls,Load all Textbox dynamic
11/23/2018 10:29:52 AM: GetTemplateDetails Finished
11/23/2018 10:29:52 AM: GetTemplateDetails Started
11/23/2018 10:29:52 AM: GetTemplateDetails total record count:1
11/23/2018 10:29:52 AM: Create controls,Load all Textbox dynamic
11/23/2018 10:29:52 AM: Create controls,Load all Textbox dynamic
11/23/2018 10:29:52 AM: Create controls,Load all Textbox dynamic
11/23/2018 10:29:52 AM: Create controls,Load all Textbox dynamic
11/23/2018 10:29:52 AM: Create controls,Load all Textbox dynamic
11/23/2018 10:29:52 AM: Create controls,Load all Textbox dynamic
11/23/2018 10:29:52 AM: Create controls,Load all Textbox dynamic
11/23/2018 10:29:52 AM: Create controls,Load all Textbox dynamic
11/23/2018 10:29:52 AM: Create controls,Load all Textbox dynamic
11/23/2018 10:29:52 AM: Create controls,Load all Textbox dynamic
11/23/2018 10:29:52 AM: GetTemplateDetails Finished
11/23/2018 10:29:52 AM: LoadImageToViewer started
11/23/2018 10:29:52 AM: Setting image to viewer. Action:  Page count: 20 Current Page:1
11/23/2018 10:29:52 AM: Converting PDF to JPEG. PDF Path: D:\WDMSDocument\TempWorkFolder\SUlfV0VfNzUyXzI3OV8xMDAz\1.pdf Image Name: SUlfV0VfNzUyXzI3OV8xMDAz Page No: 1
11/23/2018 10:29:52 AM: Converting PDF to JPEG without applying watermark.
11/23/2018 10:29:52 AM: Setting image to viewer using RegisterStartupScript: http://localhost:55361/generichandler.ashx?f=d://wdmsdocument//tempworkfolder//sulfv0vfnzuyxzi3ov8xmdazjpg//1.jpeg
11/23/2018 10:29:52 AM: Invoke method to get annotations from databnase.
11/23/2018 10:29:52 AM: Get annotations from database.
11/23/2018 10:29:52 AM: Document Id: 359142 Page No: 1
11/23/2018 10:29:52 AM: Invoking method to get annotation data from database. Action: GetAnnotations
11/23/2018 10:29:52 AM: btnLock_Click started
11/23/2018 10:29:52 AM: LoadImageToViewer started
11/23/2018 10:29:52 AM: Setting image to viewer. Action:  Page count: 20 Current Page:1
11/23/2018 10:29:52 AM: Converting PDF to JPEG. PDF Path: D:\WDMSDocument\TempWorkFolder\SUlfV0VfNzUyXzI3OV8xMDAz\1.pdf Image Name: SUlfV0VfNzUyXzI3OV8xMDAz Page No: 1
11/23/2018 10:29:52 AM: Converting PDF to JPEG without applying watermark.
11/23/2018 10:29:53 AM: Setting image to viewer using RegisterStartupScript: http://localhost:55361/generichandler.ashx?f=d://wdmsdocument//tempworkfolder//sulfv0vfnzuyxzi3ov8xmdazjpg//1.jpeg
11/23/2018 10:29:53 AM: Invoke method to get annotations from databnase.
11/23/2018 10:29:53 AM: Get annotations from database.
11/23/2018 10:29:53 AM: Document Id: 359142 Page No: 1
11/23/2018 10:29:53 AM: Invoking method to get annotation data from database. Action: GetAnnotations
11/23/2018 10:29:53 AM: btnLock_Click finished
11/23/2018 10:30:02 AM: GetTemplateDetails Started
11/23/2018 10:30:02 AM: GetTemplateDetails total record count:1
11/23/2018 10:30:02 AM: Create controls,Load all Textbox dynamic
11/23/2018 10:30:02 AM: Create controls,Load all Textbox dynamic
11/23/2018 10:30:02 AM: Create controls,Load all Textbox dynamic
11/23/2018 10:30:02 AM: Create controls,Load all Textbox dynamic
11/23/2018 10:30:02 AM: Create controls,Load all Textbox dynamic
11/23/2018 10:30:02 AM: Create controls,Load all Textbox dynamic
11/23/2018 10:30:02 AM: Create controls,Load all Textbox dynamic
11/23/2018 10:30:02 AM: Create controls,Load all Textbox dynamic
11/23/2018 10:30:02 AM: Create controls,Load all Textbox dynamic
11/23/2018 10:30:02 AM: Create controls,Load all Textbox dynamic
11/23/2018 10:30:02 AM: GetTemplateDetails Finished
11/23/2018 10:30:04 AM: btnDeletePages_Click started
11/23/2018 10:30:04 AM: deletepages Started
11/23/2018 10:30:04 AM: Path_ExistingFile value:D:\WDMSDocument\UploadedDocuments\iiflwealth\752\2018-11-21\SUlfV0VfNzUyXzI3OV8xMDAz.pdf
11/23/2018 10:30:22 AM: GetTemplateDetails Started
11/23/2018 10:30:22 AM: GetTemplateDetails total record count:1
11/23/2018 10:30:22 AM: Create controls,Load all Textbox dynamic
11/23/2018 10:30:22 AM: Create controls,Load all Textbox dynamic
11/23/2018 10:30:22 AM: Create controls,Load all Textbox dynamic
11/23/2018 10:30:22 AM: Create controls,Load all Textbox dynamic
11/23/2018 10:30:22 AM: Create controls,Load all Textbox dynamic
11/23/2018 10:30:22 AM: Create controls,Load all Textbox dynamic
11/23/2018 10:30:22 AM: Create controls,Load all Textbox dynamic
11/23/2018 10:30:22 AM: Create controls,Load all Textbox dynamic
11/23/2018 10:30:22 AM: Create controls,Load all Textbox dynamic
11/23/2018 10:30:22 AM: Create controls,Load all Textbox dynamic
11/23/2018 10:30:22 AM: GetTemplateDetails Finished
11/23/2018 10:30:27 AM: btnDeletePages_Click started
11/23/2018 10:30:27 AM: deletepages Started
11/23/2018 10:30:27 AM: Path_ExistingFile value:D:\WDMSDocument\UploadedDocuments\iiflwealth\752\2018-11-21\SUlfV0VfNzUyXzI3OV8xMDAz.pdf
11/23/2018 10:30:32 AM: GetTemplateDetails Started
11/23/2018 10:30:32 AM: GetTemplateDetails total record count:1
11/23/2018 10:30:32 AM: Create controls,Load all Textbox dynamic
11/23/2018 10:30:32 AM: Create controls,Load all Textbox dynamic
11/23/2018 10:30:32 AM: Create controls,Load all Textbox dynamic
11/23/2018 10:30:32 AM: Create controls,Load all Textbox dynamic
11/23/2018 10:30:32 AM: Create controls,Load all Textbox dynamic
11/23/2018 10:30:32 AM: Create controls,Load all Textbox dynamic
11/23/2018 10:30:32 AM: Create controls,Load all Textbox dynamic
11/23/2018 10:30:32 AM: Create controls,Load all Textbox dynamic
11/23/2018 10:30:32 AM: Create controls,Load all Textbox dynamic
11/23/2018 10:30:32 AM: Create controls,Load all Textbox dynamic
11/23/2018 10:30:32 AM: GetTemplateDetails Finished
11/23/2018 10:30:39 AM: btnDeletePages_Click started
11/23/2018 10:30:42 AM: deletepages Started
11/23/2018 10:30:42 AM: Path_ExistingFile value:D:\WDMSDocument\UploadedDocuments\iiflwealth\752\2018-11-21\SUlfV0VfNzUyXzI3OV8xMDAz.pdf
11/23/2018 10:30:52 AM: GetTemplateDetails Started
11/23/2018 10:30:52 AM: GetTemplateDetails total record count:1
11/23/2018 10:30:52 AM: Create controls,Load all Textbox dynamic
11/23/2018 10:30:52 AM: Create controls,Load all Textbox dynamic
11/23/2018 10:30:52 AM: Create controls,Load all Textbox dynamic
11/23/2018 10:30:52 AM: Create controls,Load all Textbox dynamic
11/23/2018 10:30:52 AM: Create controls,Load all Textbox dynamic
11/23/2018 10:30:52 AM: Create controls,Load all Textbox dynamic
11/23/2018 10:30:52 AM: Create controls,Load all Textbox dynamic
11/23/2018 10:30:52 AM: Create controls,Load all Textbox dynamic
11/23/2018 10:30:52 AM: Create controls,Load all Textbox dynamic
11/23/2018 10:30:52 AM: Create controls,Load all Textbox dynamic
11/23/2018 10:30:52 AM: GetTemplateDetails Finished
11/23/2018 10:30:54 AM: btnDeletePages_Click started
11/23/2018 10:31:02 AM: deletepages Started
11/23/2018 10:32:06 AM: Path_ExistingFile value:D:\WDMSDocument\UploadedDocuments\iiflwealth\752\2018-11-21\SUlfV0VfNzUyXzI3OV8xMDAz.pdf
11/23/2018 10:32:45 AM: GetTemplateDetails Started
11/23/2018 10:32:45 AM: GetTemplateDetails total record count:1
11/23/2018 10:32:45 AM: Create controls,Load all Textbox dynamic
11/23/2018 10:32:45 AM: Create controls,Load all Textbox dynamic
11/23/2018 10:32:45 AM: Create controls,Load all Textbox dynamic
11/23/2018 10:32:45 AM: Create controls,Load all Textbox dynamic
11/23/2018 10:32:45 AM: Create controls,Load all Textbox dynamic
11/23/2018 10:32:45 AM: Create controls,Load all Textbox dynamic
11/23/2018 10:32:45 AM: Create controls,Load all Textbox dynamic
11/23/2018 10:32:45 AM: Create controls,Load all Textbox dynamic
11/23/2018 10:32:45 AM: Create controls,Load all Textbox dynamic
11/23/2018 10:32:45 AM: Create controls,Load all Textbox dynamic
11/23/2018 10:32:45 AM: GetTemplateDetails Finished
11/23/2018 10:37:27 AM: btnDeletePages_Click started
11/23/2018 10:37:28 AM: deletepages Started
11/23/2018 10:37:28 AM: Path_ExistingFile value:D:\WDMSDocument\UploadedDocuments\iiflwealth\752\2018-11-21\SUlfV0VfNzUyXzI3OV8xMDAz.pdf
11/23/2018 10:37:36 AM: GetTemplateDetails Started
11/23/2018 10:37:36 AM: GetTemplateDetails total record count:1
11/23/2018 10:37:36 AM: Create controls,Load all Textbox dynamic
11/23/2018 10:37:36 AM: Create controls,Load all Textbox dynamic
11/23/2018 10:37:36 AM: Create controls,Load all Textbox dynamic
11/23/2018 10:37:36 AM: Create controls,Load all Textbox dynamic
11/23/2018 10:37:36 AM: Create controls,Load all Textbox dynamic
11/23/2018 10:37:36 AM: Create controls,Load all Textbox dynamic
11/23/2018 10:37:36 AM: Create controls,Load all Textbox dynamic
11/23/2018 10:37:36 AM: Create controls,Load all Textbox dynamic
11/23/2018 10:37:36 AM: Create controls,Load all Textbox dynamic
11/23/2018 10:37:36 AM: Create controls,Load all Textbox dynamic
11/23/2018 10:37:36 AM: GetTemplateDetails Finished
11/23/2018 10:37:38 AM: btnDeletePages_Click started
11/23/2018 10:37:44 AM: deletepages Started
11/23/2018 10:37:44 AM: Path_ExistingFile value:D:\WDMSDocument\UploadedDocuments\iiflwealth\752\2018-11-21\SUlfV0VfNzUyXzI3OV8xMDAz.pdf
11/23/2018 10:39:08 AM: GetTemplateDetails started
11/23/2018 10:39:08 AM: generatecontrols Started
11/23/2018 10:39:08 AM: GenerateControls:Loaded all Textbox dynamically
11/23/2018 10:39:08 AM: GenerateControls:Loaded all Textbox dynamically
11/23/2018 10:39:08 AM: GenerateControls:Loaded all Textbox dynamically
11/23/2018 10:39:08 AM: GenerateControls:Loaded all Textbox dynamically
11/23/2018 10:39:08 AM: GenerateControls:Loaded all Textbox dynamically
11/23/2018 10:39:08 AM: GenerateControls:Loaded all Textbox dynamically
11/23/2018 10:39:08 AM: GenerateControls:Loaded all Textbox dynamically
11/23/2018 10:39:08 AM: GenerateControls:Loaded all Textbox dynamically
11/23/2018 10:39:08 AM: GenerateControls:Loaded all Textbox dynamically
11/23/2018 10:39:08 AM: GenerateControls:Loaded all Textbox dynamically
11/23/2018 10:39:08 AM: BindDocumentType started
11/23/2018 10:39:08 AM: BindDocumentType finished
11/23/2018 10:39:08 AM: createControls Started
11/23/2018 10:39:08 AM: createControls Loaded all Textbox dynamically
11/23/2018 10:39:08 AM: createControls Loaded all Textbox dynamically
11/23/2018 10:39:08 AM: createControls Loaded all Textbox dynamically
11/23/2018 10:39:08 AM: createControls Loaded all Textbox dynamically
11/23/2018 10:39:08 AM: createControls Loaded all Textbox dynamically
11/23/2018 10:39:08 AM: createControls Loaded all Textbox dynamically
11/23/2018 10:39:08 AM: createControls Loaded all Textbox dynamically
11/23/2018 10:39:08 AM: createControls Loaded all Textbox dynamically
11/23/2018 10:39:08 AM: createControls Loaded all Textbox dynamically
11/23/2018 10:39:08 AM: createControls Loaded all Textbox dynamically
11/23/2018 10:39:08 AM: createControls Finished
11/23/2018 10:39:10 AM: createControls Started
11/23/2018 10:39:10 AM: createControls Loaded all Textbox dynamically
11/23/2018 10:39:10 AM: createControls Loaded all Textbox dynamically
11/23/2018 10:39:10 AM: createControls Loaded all Textbox dynamically
11/23/2018 10:39:10 AM: createControls Loaded all Textbox dynamically
11/23/2018 10:39:10 AM: createControls Loaded all Textbox dynamically
11/23/2018 10:39:10 AM: createControls Loaded all Textbox dynamically
11/23/2018 10:39:10 AM: createControls Loaded all Textbox dynamically
11/23/2018 10:39:10 AM: createControls Loaded all Textbox dynamically
11/23/2018 10:39:10 AM: createControls Loaded all Textbox dynamically
11/23/2018 10:39:10 AM: createControls Loaded all Textbox dynamically
11/23/2018 10:39:10 AM: createControls Finished
11/23/2018 10:39:10 AM: GetTemplateDetails started
11/23/2018 10:39:10 AM: generatecontrols Started
11/23/2018 10:39:10 AM: GenerateControls:Loaded all Textbox dynamically
11/23/2018 10:39:10 AM: GenerateControls:Loaded all Textbox dynamically
11/23/2018 10:39:10 AM: GenerateControls:Loaded all Textbox dynamically
11/23/2018 10:39:10 AM: GenerateControls:Loaded all Textbox dynamically
11/23/2018 10:39:10 AM: GenerateControls:Loaded all Textbox dynamically
11/23/2018 10:39:10 AM: GenerateControls:Loaded all Textbox dynamically
11/23/2018 10:39:10 AM: GenerateControls:Loaded all Textbox dynamically
11/23/2018 10:39:10 AM: GenerateControls:Loaded all Textbox dynamically
11/23/2018 10:39:10 AM: GenerateControls:Loaded all Textbox dynamically
11/23/2018 10:39:10 AM: GenerateControls:Loaded all Textbox dynamically
11/23/2018 10:39:12 AM: createControls Started
11/23/2018 10:39:12 AM: createControls Loaded all Textbox dynamically
11/23/2018 10:39:12 AM: createControls Loaded all Textbox dynamically
11/23/2018 10:39:12 AM: createControls Loaded all Textbox dynamically
11/23/2018 10:39:12 AM: createControls Loaded all Textbox dynamically
11/23/2018 10:39:12 AM: createControls Loaded all Textbox dynamically
11/23/2018 10:39:12 AM: createControls Loaded all Textbox dynamically
11/23/2018 10:39:12 AM: createControls Loaded all Textbox dynamically
11/23/2018 10:39:12 AM: createControls Loaded all Textbox dynamically
11/23/2018 10:39:12 AM: createControls Loaded all Textbox dynamically
11/23/2018 10:39:12 AM: createControls Loaded all Textbox dynamically
11/23/2018 10:39:12 AM: createControls Finished
11/23/2018 10:39:12 AM: Started Loading Entity Drop Down
11/23/2018 10:39:12 AM: Finished Loading Entity Drop Down
11/23/2018 10:39:14 AM: GetSginatureDetails Started:-
11/23/2018 10:39:14 AM: GetSginatureDetails Completed:-
11/23/2018 10:39:14 AM: GetTemplateDetails Started
11/23/2018 10:39:14 AM: GetTemplateDetails total record count:1
11/23/2018 10:39:14 AM: Create controls,Load all Textbox dynamic
11/23/2018 10:39:14 AM: Create controls,Load all Textbox dynamic
11/23/2018 10:39:14 AM: Create controls,Load all Textbox dynamic
11/23/2018 10:39:14 AM: Create controls,Load all Textbox dynamic
11/23/2018 10:39:14 AM: Create controls,Load all Textbox dynamic
11/23/2018 10:39:14 AM: Create controls,Load all Textbox dynamic
11/23/2018 10:39:14 AM: Create controls,Load all Textbox dynamic
11/23/2018 10:39:14 AM: Create controls,Load all Textbox dynamic
11/23/2018 10:39:14 AM: Create controls,Load all Textbox dynamic
11/23/2018 10:39:14 AM: Create controls,Load all Textbox dynamic
11/23/2018 10:39:14 AM: GetTemplateDetails Finished
11/23/2018 10:39:14 AM: InitializeDocumentView started
11/23/2018 10:39:14 AM: InitializeDocumentView finished
11/23/2018 10:39:14 AM: Calling database to get annotated images. DocumentId: 359142, Action: GetAnnotatedPages
11/23/2018 10:39:14 AM: Calling database to get annotated images. DocumentId: 359142, Action: GetTaggedPages
11/23/2018 10:39:14 AM: LoadImageToViewer started
11/23/2018 10:39:14 AM: Setting image to viewer. Action:  Page count: 20 Current Page:1
11/23/2018 10:39:14 AM: Converting PDF to JPEG. PDF Path: D:\WDMSDocument\TempWorkFolder\SUlfV0VfNzUyXzI3OV8xMDAz\1.pdf Image Name: SUlfV0VfNzUyXzI3OV8xMDAz Page No: 1
11/23/2018 10:39:14 AM: Converting PDF to JPEG without applying watermark.
11/23/2018 10:39:14 AM: Setting image to viewer using RegisterStartupScript: http://localhost:55361/generichandler.ashx?f=d://wdmsdocument//tempworkfolder//sulfv0vfnzuyxzi3ov8xmdazjpg//1.jpeg
11/23/2018 10:39:14 AM: Invoke method to get annotations from databnase.
11/23/2018 10:39:14 AM: Get annotations from database.
11/23/2018 10:39:14 AM: Document Id: 359142 Page No: 1
11/23/2018 10:39:14 AM: Invoking method to get annotation data from database. Action: GetAnnotations
11/23/2018 10:39:14 AM: MailPanelFill started
11/23/2018 10:39:14 AM: MailPanelFill finished
11/23/2018 10:39:25 AM: GetTemplateDetails Started
11/23/2018 10:39:25 AM: GetTemplateDetails total record count:1
11/23/2018 10:39:25 AM: Create controls,Load all Textbox dynamic
11/23/2018 10:39:25 AM: Create controls,Load all Textbox dynamic
11/23/2018 10:39:25 AM: Create controls,Load all Textbox dynamic
11/23/2018 10:39:25 AM: Create controls,Load all Textbox dynamic
11/23/2018 10:39:25 AM: Create controls,Load all Textbox dynamic
11/23/2018 10:39:25 AM: Create controls,Load all Textbox dynamic
11/23/2018 10:39:25 AM: Create controls,Load all Textbox dynamic
11/23/2018 10:39:25 AM: Create controls,Load all Textbox dynamic
11/23/2018 10:39:25 AM: Create controls,Load all Textbox dynamic
11/23/2018 10:39:25 AM: Create controls,Load all Textbox dynamic
11/23/2018 10:39:25 AM: GetTemplateDetails Finished
11/23/2018 10:39:25 AM: GetTemplateDetails Started
11/23/2018 10:39:25 AM: GetTemplateDetails total record count:1
11/23/2018 10:39:25 AM: Create controls,Load all Textbox dynamic
11/23/2018 10:39:25 AM: Create controls,Load all Textbox dynamic
11/23/2018 10:39:25 AM: Create controls,Load all Textbox dynamic
11/23/2018 10:39:25 AM: Create controls,Load all Textbox dynamic
11/23/2018 10:39:25 AM: Create controls,Load all Textbox dynamic
11/23/2018 10:39:25 AM: Create controls,Load all Textbox dynamic
11/23/2018 10:39:25 AM: Create controls,Load all Textbox dynamic
11/23/2018 10:39:25 AM: Create controls,Load all Textbox dynamic
11/23/2018 10:39:25 AM: Create controls,Load all Textbox dynamic
11/23/2018 10:39:25 AM: Create controls,Load all Textbox dynamic
11/23/2018 10:39:25 AM: GetTemplateDetails Finished
11/23/2018 10:39:25 AM: LoadImageToViewer started
11/23/2018 10:39:25 AM: Setting image to viewer. Action:  Page count: 20 Current Page:1
11/23/2018 10:39:25 AM: Converting PDF to JPEG. PDF Path: D:\WDMSDocument\TempWorkFolder\SUlfV0VfNzUyXzI3OV8xMDAz\1.pdf Image Name: SUlfV0VfNzUyXzI3OV8xMDAz Page No: 1
11/23/2018 10:39:25 AM: Converting PDF to JPEG without applying watermark.
11/23/2018 10:39:25 AM: Setting image to viewer using RegisterStartupScript: http://localhost:55361/generichandler.ashx?f=d://wdmsdocument//tempworkfolder//sulfv0vfnzuyxzi3ov8xmdazjpg//1.jpeg
11/23/2018 10:39:25 AM: Invoke method to get annotations from databnase.
11/23/2018 10:39:25 AM: Get annotations from database.
11/23/2018 10:39:25 AM: Document Id: 359142 Page No: 1
11/23/2018 10:39:25 AM: Invoking method to get annotation data from database. Action: GetAnnotations
11/23/2018 10:39:25 AM: btnLock_Click started
11/23/2018 10:39:25 AM: LoadImageToViewer started
11/23/2018 10:39:25 AM: Setting image to viewer. Action:  Page count: 20 Current Page:1
11/23/2018 10:39:25 AM: Converting PDF to JPEG. PDF Path: D:\WDMSDocument\TempWorkFolder\SUlfV0VfNzUyXzI3OV8xMDAz\1.pdf Image Name: SUlfV0VfNzUyXzI3OV8xMDAz Page No: 1
11/23/2018 10:39:25 AM: Converting PDF to JPEG without applying watermark.
11/23/2018 10:39:25 AM: Setting image to viewer using RegisterStartupScript: http://localhost:55361/generichandler.ashx?f=d://wdmsdocument//tempworkfolder//sulfv0vfnzuyxzi3ov8xmdazjpg//1.jpeg
11/23/2018 10:39:25 AM: Invoke method to get annotations from databnase.
11/23/2018 10:39:25 AM: Get annotations from database.
11/23/2018 10:39:25 AM: Document Id: 359142 Page No: 1
11/23/2018 10:39:25 AM: Invoking method to get annotation data from database. Action: GetAnnotations
11/23/2018 10:39:25 AM: btnLock_Click finished
11/23/2018 10:39:34 AM: GetTemplateDetails Started
11/23/2018 10:39:34 AM: GetTemplateDetails total record count:1
11/23/2018 10:39:34 AM: Create controls,Load all Textbox dynamic
11/23/2018 10:39:34 AM: Create controls,Load all Textbox dynamic
11/23/2018 10:39:34 AM: Create controls,Load all Textbox dynamic
11/23/2018 10:39:34 AM: Create controls,Load all Textbox dynamic
11/23/2018 10:39:34 AM: Create controls,Load all Textbox dynamic
11/23/2018 10:39:34 AM: Create controls,Load all Textbox dynamic
11/23/2018 10:39:34 AM: Create controls,Load all Textbox dynamic
11/23/2018 10:39:34 AM: Create controls,Load all Textbox dynamic
11/23/2018 10:39:34 AM: Create controls,Load all Textbox dynamic
11/23/2018 10:39:34 AM: Create controls,Load all Textbox dynamic
11/23/2018 10:39:34 AM: GetTemplateDetails Finished
11/23/2018 10:39:36 AM: btnDeletePages_Click started
11/23/2018 10:39:37 AM: deletepages Started
11/23/2018 10:39:43 AM: Path_ExistingFile value:D:\WDMSDocument\UploadedDocuments\iiflwealth\752\2018-11-21\SUlfV0VfNzUyXzI3OV8xMDAz.pdf
11/23/2018 10:39:45 AM: Unzipped the file:
11/23/2018 10:39:47 AM: Merging completed after deleting for pdf files
11/23/2018 10:39:49 AM: File moved with updated pages:
11/23/2018 10:39:50 AM: getAvailablePages Started
11/23/2018 10:39:51 AM: deletepages Finished
11/23/2018 10:39:52 AM: ReloadIframe Started
11/23/2018 10:39:52 AM: LoadImageToViewer started
11/23/2018 10:39:52 AM: Setting image to viewer. Action:  Page count: 20 Current Page:1
11/23/2018 10:39:52 AM: Converting PDF to JPEG. PDF Path: D:\WDMSDocument\TempWorkFolder\SUlfV0VfNzUyXzI3OV8xMDAz\1.pdf Image Name: SUlfV0VfNzUyXzI3OV8xMDAz Page No: 1
11/23/2018 10:39:52 AM: Converting PDF to JPEG without applying watermark.
11/23/2018 10:39:52 AM: Setting image to viewer using RegisterStartupScript: http://localhost:55361/generichandler.ashx?f=d://wdmsdocument//tempworkfolder//sulfv0vfnzuyxzi3ov8xmdazjpg//1.jpeg
11/23/2018 10:39:52 AM: Invoke method to get annotations from databnase.
11/23/2018 10:39:52 AM: Get annotations from database.
11/23/2018 10:39:52 AM: Document Id: 359142 Page No: 1
11/23/2018 10:39:52 AM: Invoking method to get annotation data from database. Action: GetAnnotations
11/23/2018 10:39:52 AM: ReloadIframe Finished
11/23/2018 10:39:52 AM: btnDeletePages_Click finished
11/23/2018 10:39:56 AM: GetTemplateDetails Started
11/23/2018 10:39:56 AM: GetTemplateDetails total record count:1
11/23/2018 10:39:56 AM: Create controls,Load all Textbox dynamic
11/23/2018 10:39:56 AM: Create controls,Load all Textbox dynamic
11/23/2018 10:39:56 AM: Create controls,Load all Textbox dynamic
11/23/2018 10:39:56 AM: Create controls,Load all Textbox dynamic
11/23/2018 10:39:56 AM: Create controls,Load all Textbox dynamic
11/23/2018 10:39:56 AM: Create controls,Load all Textbox dynamic
11/23/2018 10:39:56 AM: Create controls,Load all Textbox dynamic
11/23/2018 10:39:56 AM: Create controls,Load all Textbox dynamic
11/23/2018 10:39:56 AM: Create controls,Load all Textbox dynamic
11/23/2018 10:39:56 AM: Create controls,Load all Textbox dynamic
11/23/2018 10:39:56 AM: GetTemplateDetails Finished
11/23/2018 10:39:56 AM: btnCommitChanges_Click started
11/23/2018 10:39:56 AM: btnCommitChanges_Click modified count:1
11/23/2018 10:39:56 AM: Versionmanagement started 
11/23/2018 10:39:57 AM: Versionmanagement finished 
11/23/2018 10:39:57 AM: Started moving Uploaded Document in SaveDocumentChanges from commit changes
11/23/2018 10:39:57 AM: Renaming document name to original file name
11/23/2018 10:39:57 AM: Zipping documents before moving documents from tempfolder to original location
11/23/2018 10:39:57 AM: moving the modified splitted file from tempfolder to original folder
11/23/2018 10:39:57 AM: Finished Saving Uploaded Document in Save Button Click
11/23/2018 10:39:59 AM: Save button click after saving or updating the result= Document saved successfully.
11/23/2018 10:39:59 AM: Deleteing original file; first copied.
11/23/2018 10:39:59 AM: Deleteing zip file
11/23/2018 10:39:59 AM: Deleting all modified versions documents
11/23/2018 10:39:59 AM: Deleting splitted JPG files directory.
11/23/2018 10:39:59 AM: InitializeDocumentView started
11/23/2018 10:40:00 AM: InitializeDocumentView finished
11/23/2018 10:40:00 AM: LoadImageToViewer started
11/23/2018 10:40:00 AM: Setting image to viewer. Action:  Page count: 19 Current Page:1
11/23/2018 10:40:00 AM: getAvailablePages Started
11/23/2018 10:40:00 AM: btnCommitChanges_Click finished
11/23/2018 10:40:01 AM: GetTemplateDetails Started
11/23/2018 10:40:01 AM: GetTemplateDetails total record count:1
11/23/2018 10:40:01 AM: Create controls,Load all Textbox dynamic
11/23/2018 10:40:01 AM: Create controls,Load all Textbox dynamic
11/23/2018 10:40:01 AM: Create controls,Load all Textbox dynamic
11/23/2018 10:40:01 AM: Create controls,Load all Textbox dynamic
11/23/2018 10:40:01 AM: Create controls,Load all Textbox dynamic
11/23/2018 10:40:01 AM: Create controls,Load all Textbox dynamic
11/23/2018 10:40:01 AM: Create controls,Load all Textbox dynamic
11/23/2018 10:40:01 AM: Create controls,Load all Textbox dynamic
11/23/2018 10:40:01 AM: Create controls,Load all Textbox dynamic
11/23/2018 10:40:01 AM: Create controls,Load all Textbox dynamic
11/23/2018 10:40:01 AM: GetTemplateDetails Finished
11/23/2018 10:40:01 AM: LoadImageToViewer started
11/23/2018 10:40:01 AM: Setting image to viewer. Action: GOTO Page count: 19 Current Page:1
11/23/2018 10:40:01 AM: Converting PDF to JPEG. PDF Path: D:\WDMSDocument\TempWorkFolder\SUlfV0VfNzUyXzI3OV8xMDAz\1.pdf Image Name: SUlfV0VfNzUyXzI3OV8xMDAz Page No: 1
11/23/2018 10:40:01 AM: Converting PDF to JPEG without applying watermark.
11/23/2018 10:40:01 AM: Setting image to viewer using RegisterStartupScript: http://localhost:55361/generichandler.ashx?f=d://wdmsdocument//tempworkfolder//sulfv0vfnzuyxzi3ov8xmdazjpg//1.jpeg
11/23/2018 10:40:01 AM: Invoke method to get annotations from databnase.
11/23/2018 10:40:01 AM: Get annotations from database.
11/23/2018 10:40:01 AM: Document Id: 359142 Page No: 1
11/23/2018 10:40:01 AM: Invoking method to get annotation data from database. Action: GetAnnotations
11/23/2018 10:40:12 AM: GetTemplateDetails Started
11/23/2018 10:40:12 AM: GetTemplateDetails total record count:1
11/23/2018 10:40:12 AM: Create controls,Load all Textbox dynamic
11/23/2018 10:40:12 AM: Create controls,Load all Textbox dynamic
11/23/2018 10:40:12 AM: Create controls,Load all Textbox dynamic
11/23/2018 10:40:12 AM: Create controls,Load all Textbox dynamic
11/23/2018 10:40:12 AM: Create controls,Load all Textbox dynamic
11/23/2018 10:40:12 AM: Create controls,Load all Textbox dynamic
11/23/2018 10:40:12 AM: Create controls,Load all Textbox dynamic
11/23/2018 10:40:12 AM: Create controls,Load all Textbox dynamic
11/23/2018 10:40:12 AM: Create controls,Load all Textbox dynamic
11/23/2018 10:40:12 AM: Create controls,Load all Textbox dynamic
11/23/2018 10:40:12 AM: GetTemplateDetails Finished
11/23/2018 11:59:38 AM: GetTemplateDetails started
11/23/2018 11:59:38 AM: generatecontrols Started
11/23/2018 11:59:38 AM: GenerateControls:Loaded all Textbox dynamically
11/23/2018 11:59:38 AM: GenerateControls:Loaded all Textbox dynamically
11/23/2018 11:59:38 AM: GenerateControls:Loaded all Textbox dynamically
11/23/2018 11:59:38 AM: GenerateControls:Loaded all Textbox dynamically
11/23/2018 11:59:38 AM: GenerateControls:Loaded all Textbox dynamically
11/23/2018 11:59:38 AM: GenerateControls:Loaded all Textbox dynamically
11/23/2018 11:59:38 AM: GenerateControls:Loaded all Textbox dynamically
11/23/2018 11:59:38 AM: GenerateControls:Loaded all Textbox dynamically
11/23/2018 11:59:38 AM: GenerateControls:Loaded all Textbox dynamically
11/23/2018 11:59:38 AM: GenerateControls:Loaded all Textbox dynamically
11/23/2018 11:59:38 AM: BindDocumentType started
11/23/2018 11:59:38 AM: BindDocumentType finished
11/23/2018 11:59:38 AM: createControls Started
11/23/2018 11:59:38 AM: createControls Loaded all Textbox dynamically
11/23/2018 11:59:38 AM: createControls Loaded all Textbox dynamically
11/23/2018 11:59:38 AM: createControls Loaded all Textbox dynamically
11/23/2018 11:59:38 AM: createControls Loaded all Textbox dynamically
11/23/2018 11:59:38 AM: createControls Loaded all Textbox dynamically
11/23/2018 11:59:38 AM: createControls Loaded all Textbox dynamically
11/23/2018 11:59:38 AM: createControls Loaded all Textbox dynamically
11/23/2018 11:59:38 AM: createControls Loaded all Textbox dynamically
11/23/2018 11:59:38 AM: createControls Loaded all Textbox dynamically
11/23/2018 11:59:38 AM: createControls Loaded all Textbox dynamically
11/23/2018 11:59:38 AM: createControls Finished
11/23/2018 11:59:42 AM: createControls Started
11/23/2018 11:59:42 AM: createControls Loaded all Textbox dynamically
11/23/2018 11:59:42 AM: createControls Loaded all Textbox dynamically
11/23/2018 11:59:42 AM: createControls Loaded all Textbox dynamically
11/23/2018 11:59:42 AM: createControls Loaded all Textbox dynamically
11/23/2018 11:59:42 AM: createControls Loaded all Textbox dynamically
11/23/2018 11:59:42 AM: createControls Loaded all Textbox dynamically
11/23/2018 11:59:42 AM: createControls Loaded all Textbox dynamically
11/23/2018 11:59:42 AM: createControls Loaded all Textbox dynamically
11/23/2018 11:59:42 AM: createControls Loaded all Textbox dynamically
11/23/2018 11:59:42 AM: createControls Loaded all Textbox dynamically
11/23/2018 11:59:42 AM: createControls Finished
11/23/2018 11:59:42 AM: GetTemplateDetails started
11/23/2018 11:59:42 AM: generatecontrols Started
11/23/2018 11:59:42 AM: GenerateControls:Loaded all Textbox dynamically
11/23/2018 11:59:42 AM: GenerateControls:Loaded all Textbox dynamically
11/23/2018 11:59:42 AM: GenerateControls:Loaded all Textbox dynamically
11/23/2018 11:59:42 AM: GenerateControls:Loaded all Textbox dynamically
11/23/2018 11:59:42 AM: GenerateControls:Loaded all Textbox dynamically
11/23/2018 11:59:42 AM: GenerateControls:Loaded all Textbox dynamically
11/23/2018 11:59:42 AM: GenerateControls:Loaded all Textbox dynamically
11/23/2018 11:59:42 AM: GenerateControls:Loaded all Textbox dynamically
11/23/2018 11:59:42 AM: GenerateControls:Loaded all Textbox dynamically
11/23/2018 11:59:42 AM: GenerateControls:Loaded all Textbox dynamically
11/23/2018 11:59:44 AM: createControls Started
11/23/2018 11:59:44 AM: createControls Loaded all Textbox dynamically
11/23/2018 11:59:44 AM: createControls Loaded all Textbox dynamically
11/23/2018 11:59:44 AM: createControls Loaded all Textbox dynamically
11/23/2018 11:59:44 AM: createControls Loaded all Textbox dynamically
11/23/2018 11:59:44 AM: createControls Loaded all Textbox dynamically
11/23/2018 11:59:44 AM: createControls Loaded all Textbox dynamically
11/23/2018 11:59:44 AM: createControls Loaded all Textbox dynamically
11/23/2018 11:59:44 AM: createControls Loaded all Textbox dynamically
11/23/2018 11:59:44 AM: createControls Loaded all Textbox dynamically
11/23/2018 11:59:44 AM: createControls Loaded all Textbox dynamically
11/23/2018 11:59:44 AM: createControls Finished
11/23/2018 11:59:44 AM: Started Loading Entity Drop Down
11/23/2018 11:59:45 AM: Finished Loading Entity Drop Down
11/23/2018 11:59:47 AM: GetSginatureDetails Started:-
11/23/2018 11:59:47 AM: GetSginatureDetails Completed:-
11/23/2018 11:59:47 AM: GetTemplateDetails Started
11/23/2018 11:59:47 AM: GetTemplateDetails total record count:1
11/23/2018 11:59:47 AM: Create controls,Load all Textbox dynamic
11/23/2018 11:59:47 AM: Create controls,Load all Textbox dynamic
11/23/2018 11:59:47 AM: Create controls,Load all Textbox dynamic
11/23/2018 11:59:47 AM: Create controls,Load all Textbox dynamic
11/23/2018 11:59:47 AM: Create controls,Load all Textbox dynamic
11/23/2018 11:59:47 AM: Create controls,Load all Textbox dynamic
11/23/2018 11:59:47 AM: Create controls,Load all Textbox dynamic
11/23/2018 11:59:47 AM: Create controls,Load all Textbox dynamic
11/23/2018 11:59:47 AM: Create controls,Load all Textbox dynamic
11/23/2018 11:59:47 AM: Create controls,Load all Textbox dynamic
11/23/2018 11:59:47 AM: GetTemplateDetails Finished
11/23/2018 11:59:47 AM: InitializeDocumentView started
11/23/2018 11:59:47 AM: InitializeDocumentView finished
11/23/2018 11:59:47 AM: Calling database to get annotated images. DocumentId: 359142, Action: GetAnnotatedPages
11/23/2018 11:59:47 AM: Calling database to get annotated images. DocumentId: 359142, Action: GetTaggedPages
11/23/2018 11:59:47 AM: LoadImageToViewer started
11/23/2018 11:59:47 AM: Setting image to viewer. Action:  Page count: 19 Current Page:1
11/23/2018 11:59:47 AM: Converting PDF to JPEG. PDF Path: D:\WDMSDocument\TempWorkFolder\SUlfV0VfNzUyXzI3OV8xMDAz\1.pdf Image Name: SUlfV0VfNzUyXzI3OV8xMDAz Page No: 1
11/23/2018 11:59:47 AM: Converting PDF to JPEG without applying watermark.
11/23/2018 11:59:47 AM: Setting image to viewer using RegisterStartupScript: http://localhost:55361/generichandler.ashx?f=d://wdmsdocument//tempworkfolder//sulfv0vfnzuyxzi3ov8xmdazjpg//1.jpeg
11/23/2018 11:59:47 AM: Invoke method to get annotations from databnase.
11/23/2018 11:59:47 AM: Get annotations from database.
11/23/2018 11:59:47 AM: Document Id: 359142 Page No: 1
11/23/2018 11:59:47 AM: Invoking method to get annotation data from database. Action: GetAnnotations
11/23/2018 11:59:47 AM: MailPanelFill started
11/23/2018 11:59:47 AM: MailPanelFill finished
11/23/2018 11:59:51 AM: GetTemplateDetails Started
11/23/2018 11:59:51 AM: GetTemplateDetails total record count:1
11/23/2018 11:59:51 AM: Create controls,Load all Textbox dynamic
11/23/2018 11:59:51 AM: Create controls,Load all Textbox dynamic
11/23/2018 11:59:51 AM: Create controls,Load all Textbox dynamic
11/23/2018 11:59:51 AM: Create controls,Load all Textbox dynamic
11/23/2018 11:59:51 AM: Create controls,Load all Textbox dynamic
11/23/2018 11:59:51 AM: Create controls,Load all Textbox dynamic
11/23/2018 11:59:51 AM: Create controls,Load all Textbox dynamic
11/23/2018 11:59:51 AM: Create controls,Load all Textbox dynamic
11/23/2018 11:59:51 AM: Create controls,Load all Textbox dynamic
11/23/2018 11:59:51 AM: Create controls,Load all Textbox dynamic
11/23/2018 11:59:51 AM: GetTemplateDetails Finished
11/23/2018 11:59:51 AM: GetTemplateDetails Started
11/23/2018 11:59:51 AM: GetTemplateDetails total record count:1
11/23/2018 11:59:51 AM: Create controls,Load all Textbox dynamic
11/23/2018 11:59:51 AM: Create controls,Load all Textbox dynamic
11/23/2018 11:59:51 AM: Create controls,Load all Textbox dynamic
11/23/2018 11:59:51 AM: Create controls,Load all Textbox dynamic
11/23/2018 11:59:51 AM: Create controls,Load all Textbox dynamic
11/23/2018 11:59:51 AM: Create controls,Load all Textbox dynamic
11/23/2018 11:59:51 AM: Create controls,Load all Textbox dynamic
11/23/2018 11:59:51 AM: Create controls,Load all Textbox dynamic
11/23/2018 11:59:51 AM: Create controls,Load all Textbox dynamic
11/23/2018 11:59:51 AM: Create controls,Load all Textbox dynamic
11/23/2018 11:59:51 AM: GetTemplateDetails Finished
11/23/2018 11:59:52 AM: LoadImageToViewer started
11/23/2018 11:59:52 AM: Setting image to viewer. Action:  Page count: 19 Current Page:1
11/23/2018 11:59:52 AM: Converting PDF to JPEG. PDF Path: D:\WDMSDocument\TempWorkFolder\SUlfV0VfNzUyXzI3OV8xMDAz\1.pdf Image Name: SUlfV0VfNzUyXzI3OV8xMDAz Page No: 1
11/23/2018 11:59:52 AM: Converting PDF to JPEG without applying watermark.
11/23/2018 11:59:52 AM: Setting image to viewer using RegisterStartupScript: http://localhost:55361/generichandler.ashx?f=d://wdmsdocument//tempworkfolder//sulfv0vfnzuyxzi3ov8xmdazjpg//1.jpeg
11/23/2018 11:59:52 AM: Invoke method to get annotations from databnase.
11/23/2018 11:59:52 AM: Get annotations from database.
11/23/2018 11:59:52 AM: Document Id: 359142 Page No: 1
11/23/2018 11:59:52 AM: Invoking method to get annotation data from database. Action: GetAnnotations
11/23/2018 11:59:52 AM: btnLock_Click started
11/23/2018 11:59:52 AM: LoadImageToViewer started
11/23/2018 11:59:52 AM: Setting image to viewer. Action:  Page count: 19 Current Page:1
11/23/2018 11:59:52 AM: Converting PDF to JPEG. PDF Path: D:\WDMSDocument\TempWorkFolder\SUlfV0VfNzUyXzI3OV8xMDAz\1.pdf Image Name: SUlfV0VfNzUyXzI3OV8xMDAz Page No: 1
11/23/2018 11:59:52 AM: Converting PDF to JPEG without applying watermark.
11/23/2018 11:59:52 AM: Setting image to viewer using RegisterStartupScript: http://localhost:55361/generichandler.ashx?f=d://wdmsdocument//tempworkfolder//sulfv0vfnzuyxzi3ov8xmdazjpg//1.jpeg
11/23/2018 11:59:52 AM: Invoke method to get annotations from databnase.
11/23/2018 11:59:52 AM: Get annotations from database.
11/23/2018 11:59:52 AM: Document Id: 359142 Page No: 1
11/23/2018 11:59:52 AM: Invoking method to get annotation data from database. Action: GetAnnotations
11/23/2018 11:59:52 AM: btnLock_Click finished
11/23/2018 12:00:01 PM: GetTemplateDetails Started
11/23/2018 12:00:01 PM: GetTemplateDetails total record count:1
11/23/2018 12:00:01 PM: Create controls,Load all Textbox dynamic
11/23/2018 12:00:01 PM: Create controls,Load all Textbox dynamic
11/23/2018 12:00:01 PM: Create controls,Load all Textbox dynamic
11/23/2018 12:00:01 PM: Create controls,Load all Textbox dynamic
11/23/2018 12:00:01 PM: Create controls,Load all Textbox dynamic
11/23/2018 12:00:01 PM: Create controls,Load all Textbox dynamic
11/23/2018 12:00:01 PM: Create controls,Load all Textbox dynamic
11/23/2018 12:00:01 PM: Create controls,Load all Textbox dynamic
11/23/2018 12:00:01 PM: Create controls,Load all Textbox dynamic
11/23/2018 12:00:01 PM: Create controls,Load all Textbox dynamic
11/23/2018 12:00:01 PM: GetTemplateDetails Finished
11/23/2018 12:00:08 PM: btnDeletePages_Click started
11/23/2018 12:00:13 PM: deletepages Started
11/23/2018 12:00:19 PM: Path_ExistingFile value:D:\WDMSDocument\UploadedDocuments\iiflwealth\752\2018-11-21\SUlfV0VfNzUyXzI3OV8xMDAz.pdf
11/23/2018 12:00:22 PM: Unzipped the file:
11/23/2018 12:00:23 PM: Merging completed after deleting for pdf files
11/23/2018 12:00:28 PM: getAvailablePages Started
11/23/2018 12:00:29 PM: deletepages Finished
11/23/2018 12:00:39 PM: ReloadIframe Started
11/23/2018 12:00:39 PM: LoadImageToViewer started
11/23/2018 12:00:39 PM: Setting image to viewer. Action:  Page count: 19 Current Page:1
11/23/2018 12:00:39 PM: Converting PDF to JPEG. PDF Path: D:\WDMSDocument\TempWorkFolder\SUlfV0VfNzUyXzI3OV8xMDAz\1.pdf Image Name: SUlfV0VfNzUyXzI3OV8xMDAz Page No: 1
11/23/2018 12:00:39 PM: Converting PDF to JPEG without applying watermark.
11/23/2018 12:00:40 PM: Setting image to viewer using RegisterStartupScript: http://localhost:55361/generichandler.ashx?f=d://wdmsdocument//tempworkfolder//sulfv0vfnzuyxzi3ov8xmdazjpg//1.jpeg
11/23/2018 12:00:40 PM: Invoke method to get annotations from databnase.
11/23/2018 12:00:40 PM: Get annotations from database.
11/23/2018 12:00:40 PM: Document Id: 359142 Page No: 1
11/23/2018 12:00:40 PM: Invoking method to get annotation data from database. Action: GetAnnotations
11/23/2018 12:00:40 PM: ReloadIframe Finished
11/23/2018 12:00:40 PM: btnDeletePages_Click finished
11/23/2018 12:01:36 PM: GetTemplateDetails Started
11/23/2018 12:01:36 PM: GetTemplateDetails total record count:1
11/23/2018 12:01:36 PM: Create controls,Load all Textbox dynamic
11/23/2018 12:01:36 PM: Create controls,Load all Textbox dynamic
11/23/2018 12:01:36 PM: Create controls,Load all Textbox dynamic
11/23/2018 12:01:36 PM: Create controls,Load all Textbox dynamic
11/23/2018 12:01:36 PM: Create controls,Load all Textbox dynamic
11/23/2018 12:01:36 PM: Create controls,Load all Textbox dynamic
11/23/2018 12:01:36 PM: Create controls,Load all Textbox dynamic
11/23/2018 12:01:36 PM: Create controls,Load all Textbox dynamic
11/23/2018 12:01:36 PM: Create controls,Load all Textbox dynamic
11/23/2018 12:01:36 PM: Create controls,Load all Textbox dynamic
11/23/2018 12:01:36 PM: GetTemplateDetails Finished
11/23/2018 12:01:39 PM: btnDeletePages_Click started
11/23/2018 12:01:39 PM: deletepages Started
11/23/2018 12:01:42 PM: Path_ExistingFile value:D:\WDMSDocument\TempWorkFolder\SUlfV0VfNzUyXzI3OV8xMDAz1.pdf
11/23/2018 12:01:43 PM: Unzipped the file:
11/23/2018 12:01:43 PM: Merging completed after deleting for pdf files
11/23/2018 12:01:46 PM: Exception:Could not find file 'D:\WDMSDocument\TempWorkFolder\SUlfV0VfNzUyXzI3OV8xMDAz\18.pdf'.
11/23/2018 12:01:55 PM: getAvailablePages Started
11/23/2018 12:01:56 PM: deletepages Finished
11/23/2018 12:01:56 PM: ReloadIframe Started
11/23/2018 12:01:56 PM: LoadImageToViewer started
11/23/2018 12:01:56 PM: Setting image to viewer. Action:  Page count: 19 Current Page:1
11/23/2018 12:01:56 PM: Converting PDF to JPEG. PDF Path: D:\WDMSDocument\TempWorkFolder\SUlfV0VfNzUyXzI3OV8xMDAz\1.pdf Image Name: SUlfV0VfNzUyXzI3OV8xMDAz Page No: 1
11/23/2018 12:01:56 PM: Converting PDF to JPEG without applying watermark.
11/23/2018 12:01:56 PM: Setting image to viewer using RegisterStartupScript: http://localhost:55361/generichandler.ashx?f=d://wdmsdocument//tempworkfolder//sulfv0vfnzuyxzi3ov8xmdazjpg//1.jpeg
11/23/2018 12:01:56 PM: Invoke method to get annotations from databnase.
11/23/2018 12:01:56 PM: Get annotations from database.
11/23/2018 12:01:56 PM: Document Id: 359142 Page No: 1
11/23/2018 12:01:56 PM: Invoking method to get annotation data from database. Action: GetAnnotations
11/23/2018 12:01:56 PM: ReloadIframe Finished
11/23/2018 12:01:58 PM: btnDeletePages_Click finished
11/23/2018 12:02:06 PM: GetTemplateDetails Started
11/23/2018 12:02:06 PM: GetTemplateDetails total record count:1
11/23/2018 12:02:06 PM: Create controls,Load all Textbox dynamic
11/23/2018 12:02:06 PM: Create controls,Load all Textbox dynamic
11/23/2018 12:02:06 PM: Create controls,Load all Textbox dynamic
11/23/2018 12:02:06 PM: Create controls,Load all Textbox dynamic
11/23/2018 12:02:06 PM: Create controls,Load all Textbox dynamic
11/23/2018 12:02:06 PM: Create controls,Load all Textbox dynamic
11/23/2018 12:02:06 PM: Create controls,Load all Textbox dynamic
11/23/2018 12:02:06 PM: Create controls,Load all Textbox dynamic
11/23/2018 12:02:06 PM: Create controls,Load all Textbox dynamic
11/23/2018 12:02:06 PM: Create controls,Load all Textbox dynamic
11/23/2018 12:02:06 PM: GetTemplateDetails Finished
11/23/2018 12:02:07 PM: btnDeletePages_Click started
11/23/2018 12:02:07 PM: deletepages Started
11/23/2018 12:02:19 PM: Path_ExistingFile value:D:\WDMSDocument\TempWorkFolder\SUlfV0VfNzUyXzI3OV8xMDAz2.pdf
11/23/2018 12:02:26 PM: Unzipped the file:
11/23/2018 12:02:28 PM: Merging completed after deleting for pdf files
11/23/2018 12:02:44 PM: Exception:Could not find file 'D:\WDMSDocument\TempWorkFolder\SUlfV0VfNzUyXzI3OV8xMDAz\17.pdf'.
11/23/2018 12:02:47 PM: getAvailablePages Started
11/23/2018 12:02:47 PM: deletepages Finished
11/23/2018 12:03:28 PM: ReloadIframe Started
11/23/2018 12:03:28 PM: LoadImageToViewer started
11/23/2018 12:03:28 PM: Setting image to viewer. Action:  Page count: 19 Current Page:1
11/23/2018 12:03:28 PM: Converting PDF to JPEG. PDF Path: D:\WDMSDocument\TempWorkFolder\SUlfV0VfNzUyXzI3OV8xMDAz\1.pdf Image Name: SUlfV0VfNzUyXzI3OV8xMDAz Page No: 1
11/23/2018 12:03:28 PM: Converting PDF to JPEG without applying watermark.
11/23/2018 12:03:28 PM: Setting image to viewer using RegisterStartupScript: http://localhost:55361/generichandler.ashx?f=d://wdmsdocument//tempworkfolder//sulfv0vfnzuyxzi3ov8xmdazjpg//1.jpeg
11/23/2018 12:03:28 PM: Invoke method to get annotations from databnase.
11/23/2018 12:03:28 PM: Get annotations from database.
11/23/2018 12:03:28 PM: Document Id: 359142 Page No: 1
11/23/2018 12:03:28 PM: Invoking method to get annotation data from database. Action: GetAnnotations
11/23/2018 12:03:28 PM: ReloadIframe Finished
11/23/2018 12:03:28 PM: btnDeletePages_Click finished
11/23/2018 12:03:36 PM: GetTemplateDetails Started
11/23/2018 12:03:36 PM: GetTemplateDetails total record count:1
11/23/2018 12:03:36 PM: Create controls,Load all Textbox dynamic
11/23/2018 12:03:36 PM: Create controls,Load all Textbox dynamic
11/23/2018 12:03:36 PM: Create controls,Load all Textbox dynamic
11/23/2018 12:03:36 PM: Create controls,Load all Textbox dynamic
11/23/2018 12:03:36 PM: Create controls,Load all Textbox dynamic
11/23/2018 12:03:36 PM: Create controls,Load all Textbox dynamic
11/23/2018 12:03:36 PM: Create controls,Load all Textbox dynamic
11/23/2018 12:03:36 PM: Create controls,Load all Textbox dynamic
11/23/2018 12:03:36 PM: Create controls,Load all Textbox dynamic
11/23/2018 12:03:36 PM: Create controls,Load all Textbox dynamic
11/23/2018 12:03:36 PM: GetTemplateDetails Finished
11/23/2018 12:03:37 PM: btnDeletePages_Click started
11/23/2018 12:03:38 PM: deletepages Started
11/23/2018 12:03:44 PM: Path_ExistingFile value:D:\WDMSDocument\TempWorkFolder\SUlfV0VfNzUyXzI3OV8xMDAz3.pdf
11/23/2018 12:03:46 PM: Unzipped the file:
11/23/2018 12:03:49 PM: Merging completed after deleting for pdf files
11/23/2018 12:04:01 PM: Exception:Could not find file 'D:\WDMSDocument\TempWorkFolder\SUlfV0VfNzUyXzI3OV8xMDAz\16.pdf'.
11/23/2018 12:04:03 PM: getAvailablePages Started
11/23/2018 12:04:04 PM: deletepages Finished
11/23/2018 12:04:11 PM: ReloadIframe Started
11/23/2018 12:04:11 PM: LoadImageToViewer started
11/23/2018 12:04:11 PM: Setting image to viewer. Action:  Page count: 19 Current Page:1
11/23/2018 12:04:11 PM: Converting PDF to JPEG. PDF Path: D:\WDMSDocument\TempWorkFolder\SUlfV0VfNzUyXzI3OV8xMDAz\1.pdf Image Name: SUlfV0VfNzUyXzI3OV8xMDAz Page No: 1
11/23/2018 12:04:11 PM: Converting PDF to JPEG without applying watermark.
11/23/2018 12:04:11 PM: Setting image to viewer using RegisterStartupScript: http://localhost:55361/generichandler.ashx?f=d://wdmsdocument//tempworkfolder//sulfv0vfnzuyxzi3ov8xmdazjpg//1.jpeg
11/23/2018 12:04:11 PM: Invoke method to get annotations from databnase.
11/23/2018 12:04:11 PM: Get annotations from database.
11/23/2018 12:04:11 PM: Document Id: 359142 Page No: 1
11/23/2018 12:04:11 PM: Invoking method to get annotation data from database. Action: GetAnnotations
11/23/2018 12:04:11 PM: ReloadIframe Finished
11/23/2018 12:04:12 PM: btnDeletePages_Click finished
11/23/2018 12:04:17 PM: GetTemplateDetails Started
11/23/2018 12:04:17 PM: GetTemplateDetails total record count:1
11/23/2018 12:04:17 PM: Create controls,Load all Textbox dynamic
11/23/2018 12:04:17 PM: Create controls,Load all Textbox dynamic
11/23/2018 12:04:17 PM: Create controls,Load all Textbox dynamic
11/23/2018 12:04:17 PM: Create controls,Load all Textbox dynamic
11/23/2018 12:04:17 PM: Create controls,Load all Textbox dynamic
11/23/2018 12:04:17 PM: Create controls,Load all Textbox dynamic
11/23/2018 12:04:17 PM: Create controls,Load all Textbox dynamic
11/23/2018 12:04:17 PM: Create controls,Load all Textbox dynamic
11/23/2018 12:04:17 PM: Create controls,Load all Textbox dynamic
11/23/2018 12:04:17 PM: Create controls,Load all Textbox dynamic
11/23/2018 12:04:17 PM: GetTemplateDetails Finished
11/23/2018 12:04:17 PM: btnDicardChanges_Click started
11/23/2018 12:04:17 PM: GetSginatureDetails Started:-
11/23/2018 12:04:17 PM: GetSginatureDetails Completed:-
11/23/2018 12:04:17 PM: GetTemplateDetails Started
11/23/2018 12:04:17 PM: GetTemplateDetails total record count:1
11/23/2018 12:04:17 PM: Create controls,Load all Textbox dynamic
11/23/2018 12:04:17 PM: Create controls,Load all Textbox dynamic
11/23/2018 12:04:17 PM: Create controls,Load all Textbox dynamic
11/23/2018 12:04:17 PM: Create controls,Load all Textbox dynamic
11/23/2018 12:04:17 PM: Create controls,Load all Textbox dynamic
11/23/2018 12:04:17 PM: Create controls,Load all Textbox dynamic
11/23/2018 12:04:17 PM: Create controls,Load all Textbox dynamic
11/23/2018 12:04:17 PM: Create controls,Load all Textbox dynamic
11/23/2018 12:04:17 PM: Create controls,Load all Textbox dynamic
11/23/2018 12:04:17 PM: Create controls,Load all Textbox dynamic
11/23/2018 12:04:17 PM: GetTemplateDetails Finished
11/23/2018 12:04:17 PM: InitializeDocumentView started
11/23/2018 12:04:17 PM: InitializeDocumentView finished
11/23/2018 12:04:17 PM: Calling database to get annotated images. DocumentId: 359142, Action: GetAnnotatedPages
11/23/2018 12:04:17 PM: Calling database to get annotated images. DocumentId: 359142, Action: GetTaggedPages
11/23/2018 12:04:17 PM: LoadImageToViewer started
11/23/2018 12:04:17 PM: Setting image to viewer. Action:  Page count: 19 Current Page:1
11/23/2018 12:04:17 PM: Converting PDF to JPEG. PDF Path: D:\WDMSDocument\TempWorkFolder\SUlfV0VfNzUyXzI3OV8xMDAz\1.pdf Image Name: SUlfV0VfNzUyXzI3OV8xMDAz Page No: 1
11/23/2018 12:04:17 PM: Converting PDF to JPEG without applying watermark.
11/23/2018 12:04:17 PM: Setting image to viewer using RegisterStartupScript: http://localhost:55361/generichandler.ashx?f=d://wdmsdocument//tempworkfolder//sulfv0vfnzuyxzi3ov8xmdazjpg//1.jpeg
11/23/2018 12:04:17 PM: Invoke method to get annotations from databnase.
11/23/2018 12:04:17 PM: Get annotations from database.
11/23/2018 12:04:17 PM: Document Id: 359142 Page No: 1
11/23/2018 12:04:17 PM: Invoking method to get annotation data from database. Action: GetAnnotations
11/23/2018 12:04:17 PM: MailPanelFill started
11/23/2018 12:04:17 PM: MailPanelFill finished
11/23/2018 12:07:19 PM: GetTemplateDetails Started
11/23/2018 12:07:19 PM: GetTemplateDetails total record count:1
11/23/2018 12:07:19 PM: Create controls,Load all Textbox dynamic
11/23/2018 12:07:19 PM: Create controls,Load all Textbox dynamic
11/23/2018 12:07:19 PM: Create controls,Load all Textbox dynamic
11/23/2018 12:07:19 PM: Create controls,Load all Textbox dynamic
11/23/2018 12:07:19 PM: Create controls,Load all Textbox dynamic
11/23/2018 12:07:19 PM: Create controls,Load all Textbox dynamic
11/23/2018 12:07:19 PM: Create controls,Load all Textbox dynamic
11/23/2018 12:07:19 PM: Create controls,Load all Textbox dynamic
11/23/2018 12:07:19 PM: Create controls,Load all Textbox dynamic
11/23/2018 12:07:19 PM: Create controls,Load all Textbox dynamic
11/23/2018 12:07:19 PM: GetTemplateDetails Finished
11/23/2018 12:07:19 PM: GetTemplateDetails Started
11/23/2018 12:07:19 PM: GetTemplateDetails total record count:1
11/23/2018 12:07:19 PM: Create controls,Load all Textbox dynamic
11/23/2018 12:07:19 PM: Create controls,Load all Textbox dynamic
11/23/2018 12:07:19 PM: Create controls,Load all Textbox dynamic
11/23/2018 12:07:19 PM: Create controls,Load all Textbox dynamic
11/23/2018 12:07:19 PM: Create controls,Load all Textbox dynamic
11/23/2018 12:07:19 PM: Create controls,Load all Textbox dynamic
11/23/2018 12:07:19 PM: Create controls,Load all Textbox dynamic
11/23/2018 12:07:19 PM: Create controls,Load all Textbox dynamic
11/23/2018 12:07:19 PM: Create controls,Load all Textbox dynamic
11/23/2018 12:07:19 PM: Create controls,Load all Textbox dynamic
11/23/2018 12:07:19 PM: GetTemplateDetails Finished
11/23/2018 12:07:19 PM: LoadImageToViewer started
11/23/2018 12:07:19 PM: Setting image to viewer. Action:  Page count: 19 Current Page:1
11/23/2018 12:07:19 PM: Converting PDF to JPEG. PDF Path: D:\WDMSDocument\TempWorkFolder\SUlfV0VfNzUyXzI3OV8xMDAz\1.pdf Image Name: SUlfV0VfNzUyXzI3OV8xMDAz Page No: 1
11/23/2018 12:07:19 PM: Converting PDF to JPEG without applying watermark.
11/23/2018 12:07:19 PM: Setting image to viewer using RegisterStartupScript: http://localhost:55361/generichandler.ashx?f=d://wdmsdocument//tempworkfolder//sulfv0vfnzuyxzi3ov8xmdazjpg//1.jpeg
11/23/2018 12:07:19 PM: Invoke method to get annotations from databnase.
11/23/2018 12:07:19 PM: Get annotations from database.
11/23/2018 12:07:19 PM: Document Id: 359142 Page No: 1
11/23/2018 12:07:19 PM: Invoking method to get annotation data from database. Action: GetAnnotations
11/23/2018 12:07:19 PM: btnLock_Click started
11/23/2018 12:07:19 PM: LoadImageToViewer started
11/23/2018 12:07:19 PM: Setting image to viewer. Action:  Page count: 19 Current Page:1
11/23/2018 12:07:19 PM: Converting PDF to JPEG. PDF Path: D:\WDMSDocument\TempWorkFolder\SUlfV0VfNzUyXzI3OV8xMDAz\1.pdf Image Name: SUlfV0VfNzUyXzI3OV8xMDAz Page No: 1
11/23/2018 12:07:19 PM: Converting PDF to JPEG without applying watermark.
11/23/2018 12:07:19 PM: Setting image to viewer using RegisterStartupScript: http://localhost:55361/generichandler.ashx?f=d://wdmsdocument//tempworkfolder//sulfv0vfnzuyxzi3ov8xmdazjpg//1.jpeg
11/23/2018 12:07:19 PM: Invoke method to get annotations from databnase.
11/23/2018 12:07:19 PM: Get annotations from database.
11/23/2018 12:07:19 PM: Document Id: 359142 Page No: 1
11/23/2018 12:07:19 PM: Invoking method to get annotation data from database. Action: GetAnnotations
11/23/2018 12:07:19 PM: btnLock_Click finished
11/23/2018 12:07:39 PM: GetTemplateDetails Started
11/23/2018 12:07:39 PM: GetTemplateDetails total record count:1
11/23/2018 12:07:39 PM: Create controls,Load all Textbox dynamic
11/23/2018 12:07:39 PM: Create controls,Load all Textbox dynamic
11/23/2018 12:07:39 PM: Create controls,Load all Textbox dynamic
11/23/2018 12:07:39 PM: Create controls,Load all Textbox dynamic
11/23/2018 12:07:39 PM: Create controls,Load all Textbox dynamic
11/23/2018 12:07:39 PM: Create controls,Load all Textbox dynamic
11/23/2018 12:07:39 PM: Create controls,Load all Textbox dynamic
11/23/2018 12:07:39 PM: Create controls,Load all Textbox dynamic
11/23/2018 12:07:39 PM: Create controls,Load all Textbox dynamic
11/23/2018 12:07:39 PM: Create controls,Load all Textbox dynamic
11/23/2018 12:07:39 PM: GetTemplateDetails Finished
11/23/2018 12:07:39 PM: btnDeletePages_Click started
11/23/2018 12:07:39 PM: deletepages Started
11/23/2018 12:07:39 PM: Path_ExistingFile value:D:\WDMSDocument\UploadedDocuments\iiflwealth\752\2018-11-21\SUlfV0VfNzUyXzI3OV8xMDAz.pdf
11/23/2018 12:07:39 PM: Unzipped the file:
11/23/2018 12:07:39 PM: Merging completed after deleting for pdf files
11/23/2018 12:07:39 PM: File moved with updated pages:
11/23/2018 12:07:39 PM: getAvailablePages Started
11/23/2018 12:07:39 PM: deletepages Finished
11/23/2018 12:07:39 PM: ReloadIframe Started
11/23/2018 12:07:39 PM: LoadImageToViewer started
11/23/2018 12:07:39 PM: Setting image to viewer. Action:  Page count: 19 Current Page:1
11/23/2018 12:07:39 PM: Converting PDF to JPEG. PDF Path: D:\WDMSDocument\TempWorkFolder\SUlfV0VfNzUyXzI3OV8xMDAz\1.pdf Image Name: SUlfV0VfNzUyXzI3OV8xMDAz Page No: 1
11/23/2018 12:07:39 PM: Converting PDF to JPEG without applying watermark.
11/23/2018 12:07:39 PM: Setting image to viewer using RegisterStartupScript: http://localhost:55361/generichandler.ashx?f=d://wdmsdocument//tempworkfolder//sulfv0vfnzuyxzi3ov8xmdazjpg//1.jpeg
11/23/2018 12:07:39 PM: Invoke method to get annotations from databnase.
11/23/2018 12:07:39 PM: Get annotations from database.
11/23/2018 12:07:39 PM: Document Id: 359142 Page No: 1
11/23/2018 12:07:39 PM: Invoking method to get annotation data from database. Action: GetAnnotations
11/23/2018 12:07:39 PM: ReloadIframe Finished
11/23/2018 12:07:39 PM: btnDeletePages_Click finished
11/23/2018 12:14:54 PM: GetTemplateDetails started
11/23/2018 12:14:54 PM: generatecontrols Started
11/23/2018 12:14:54 PM: GenerateControls:Loaded all Textbox dynamically
11/23/2018 12:14:54 PM: GenerateControls:Loaded all Textbox dynamically
11/23/2018 12:14:54 PM: GenerateControls:Loaded all Textbox dynamically
11/23/2018 12:14:54 PM: GenerateControls:Loaded all Textbox dynamically
11/23/2018 12:14:54 PM: GenerateControls:Loaded all Textbox dynamically
11/23/2018 12:14:54 PM: GenerateControls:Loaded all Textbox dynamically
11/23/2018 12:14:54 PM: GenerateControls:Loaded all Textbox dynamically
11/23/2018 12:14:54 PM: GenerateControls:Loaded all Textbox dynamically
11/23/2018 12:14:54 PM: GenerateControls:Loaded all Textbox dynamically
11/23/2018 12:14:54 PM: GenerateControls:Loaded all Textbox dynamically
11/23/2018 12:14:54 PM: BindDocumentType started
11/23/2018 12:14:54 PM: BindDocumentType finished
11/23/2018 12:14:54 PM: createControls Started
11/23/2018 12:14:54 PM: createControls Loaded all Textbox dynamically
11/23/2018 12:14:54 PM: createControls Loaded all Textbox dynamically
11/23/2018 12:14:54 PM: createControls Loaded all Textbox dynamically
11/23/2018 12:14:54 PM: createControls Loaded all Textbox dynamically
11/23/2018 12:14:54 PM: createControls Loaded all Textbox dynamically
11/23/2018 12:14:54 PM: createControls Loaded all Textbox dynamically
11/23/2018 12:14:54 PM: createControls Loaded all Textbox dynamically
11/23/2018 12:14:54 PM: createControls Loaded all Textbox dynamically
11/23/2018 12:14:54 PM: createControls Loaded all Textbox dynamically
11/23/2018 12:14:54 PM: createControls Loaded all Textbox dynamically
11/23/2018 12:14:54 PM: createControls Finished
11/23/2018 12:14:54 PM: Started Loading Entity Drop Down
11/23/2018 12:14:55 PM: Finished Loading Entity Drop Down
11/23/2018 12:20:22 PM: GetSginatureDetails Started:-
11/23/2018 12:20:22 PM: GetSginatureDetails Completed:-
11/23/2018 12:20:22 PM: GetTemplateDetails Started
11/23/2018 12:20:22 PM: GetTemplateDetails total record count:1
11/23/2018 12:20:22 PM: Create controls,Load all Textbox dynamic
11/23/2018 12:20:22 PM: Create controls,Load all Textbox dynamic
11/23/2018 12:20:22 PM: Create controls,Load all Textbox dynamic
11/23/2018 12:20:22 PM: Create controls,Load all Textbox dynamic
11/23/2018 12:20:22 PM: Create controls,Load all Textbox dynamic
11/23/2018 12:20:22 PM: Create controls,Load all Textbox dynamic
11/23/2018 12:20:22 PM: Create controls,Load all Textbox dynamic
11/23/2018 12:20:22 PM: Create controls,Load all Textbox dynamic
11/23/2018 12:20:22 PM: Create controls,Load all Textbox dynamic
11/23/2018 12:20:22 PM: Create controls,Load all Textbox dynamic
11/23/2018 12:20:22 PM: GetTemplateDetails Finished
11/23/2018 12:20:22 PM: InitializeDocumentView started
11/23/2018 12:20:22 PM: InitializeDocumentView finished
11/23/2018 12:20:22 PM: Calling database to get annotated images. DocumentId: 359142, Action: GetAnnotatedPages
11/23/2018 12:20:22 PM: Calling database to get annotated images. DocumentId: 359142, Action: GetTaggedPages
11/23/2018 12:20:22 PM: LoadImageToViewer started
11/23/2018 12:20:22 PM: Setting image to viewer. Action:  Page count: 19 Current Page:1
11/23/2018 12:20:22 PM: Converting PDF to JPEG. PDF Path: D:\WDMSDocument\TempWorkFolder\SUlfV0VfNzUyXzI3OV8xMDAz\1.pdf Image Name: SUlfV0VfNzUyXzI3OV8xMDAz Page No: 1
11/23/2018 12:20:22 PM: Converting PDF to JPEG without applying watermark.
11/23/2018 12:20:22 PM: Setting image to viewer using RegisterStartupScript: http://localhost:55361/generichandler.ashx?f=d://wdmsdocument//tempworkfolder//sulfv0vfnzuyxzi3ov8xmdazjpg//1.jpeg
11/23/2018 12:20:22 PM: Invoke method to get annotations from databnase.
11/23/2018 12:20:22 PM: Get annotations from database.
11/23/2018 12:20:22 PM: Document Id: 359142 Page No: 1
11/23/2018 12:20:22 PM: Invoking method to get annotation data from database. Action: GetAnnotations
11/23/2018 12:20:22 PM: MailPanelFill started
11/23/2018 12:20:22 PM: MailPanelFill finished
11/23/2018 12:20:25 PM: GetTemplateDetails Started
11/23/2018 12:20:25 PM: GetTemplateDetails total record count:1
11/23/2018 12:20:25 PM: Create controls,Load all Textbox dynamic
11/23/2018 12:20:25 PM: Create controls,Load all Textbox dynamic
11/23/2018 12:20:25 PM: Create controls,Load all Textbox dynamic
11/23/2018 12:20:25 PM: Create controls,Load all Textbox dynamic
11/23/2018 12:20:25 PM: Create controls,Load all Textbox dynamic
11/23/2018 12:20:25 PM: Create controls,Load all Textbox dynamic
11/23/2018 12:20:25 PM: Create controls,Load all Textbox dynamic
11/23/2018 12:20:25 PM: Create controls,Load all Textbox dynamic
11/23/2018 12:20:25 PM: Create controls,Load all Textbox dynamic
11/23/2018 12:20:25 PM: Create controls,Load all Textbox dynamic
11/23/2018 12:20:25 PM: GetTemplateDetails Finished
11/23/2018 12:20:25 PM: GetTemplateDetails Started
11/23/2018 12:20:25 PM: GetTemplateDetails total record count:1
11/23/2018 12:20:25 PM: Create controls,Load all Textbox dynamic
11/23/2018 12:20:25 PM: Create controls,Load all Textbox dynamic
11/23/2018 12:20:25 PM: Create controls,Load all Textbox dynamic
11/23/2018 12:20:25 PM: Create controls,Load all Textbox dynamic
11/23/2018 12:20:25 PM: Create controls,Load all Textbox dynamic
11/23/2018 12:20:25 PM: Create controls,Load all Textbox dynamic
11/23/2018 12:20:25 PM: Create controls,Load all Textbox dynamic
11/23/2018 12:20:25 PM: Create controls,Load all Textbox dynamic
11/23/2018 12:20:25 PM: Create controls,Load all Textbox dynamic
11/23/2018 12:20:25 PM: Create controls,Load all Textbox dynamic
11/23/2018 12:20:25 PM: GetTemplateDetails Finished
11/23/2018 12:20:25 PM: LoadImageToViewer started
11/23/2018 12:20:25 PM: Setting image to viewer. Action:  Page count: 19 Current Page:1
11/23/2018 12:20:25 PM: Converting PDF to JPEG. PDF Path: D:\WDMSDocument\TempWorkFolder\SUlfV0VfNzUyXzI3OV8xMDAz\1.pdf Image Name: SUlfV0VfNzUyXzI3OV8xMDAz Page No: 1
11/23/2018 12:20:25 PM: Converting PDF to JPEG without applying watermark.
11/23/2018 12:20:25 PM: Setting image to viewer using RegisterStartupScript: http://localhost:55361/generichandler.ashx?f=d://wdmsdocument//tempworkfolder//sulfv0vfnzuyxzi3ov8xmdazjpg//1.jpeg
11/23/2018 12:20:25 PM: Invoke method to get annotations from databnase.
11/23/2018 12:20:25 PM: Get annotations from database.
11/23/2018 12:20:25 PM: Document Id: 359142 Page No: 1
11/23/2018 12:20:25 PM: Invoking method to get annotation data from database. Action: GetAnnotations
11/23/2018 12:20:25 PM: btnLock_Click started
11/23/2018 12:20:25 PM: LoadImageToViewer started
11/23/2018 12:20:25 PM: Setting image to viewer. Action:  Page count: 19 Current Page:1
11/23/2018 12:20:25 PM: Converting PDF to JPEG. PDF Path: D:\WDMSDocument\TempWorkFolder\SUlfV0VfNzUyXzI3OV8xMDAz\1.pdf Image Name: SUlfV0VfNzUyXzI3OV8xMDAz Page No: 1
11/23/2018 12:20:25 PM: Converting PDF to JPEG without applying watermark.
11/23/2018 12:20:25 PM: Setting image to viewer using RegisterStartupScript: http://localhost:55361/generichandler.ashx?f=d://wdmsdocument//tempworkfolder//sulfv0vfnzuyxzi3ov8xmdazjpg//1.jpeg
11/23/2018 12:20:25 PM: Invoke method to get annotations from databnase.
11/23/2018 12:20:25 PM: Get annotations from database.
11/23/2018 12:20:25 PM: Document Id: 359142 Page No: 1
11/23/2018 12:20:25 PM: Invoking method to get annotation data from database. Action: GetAnnotations
11/23/2018 12:20:25 PM: btnLock_Click finished
11/23/2018 12:20:28 PM: GetTemplateDetails Started
11/23/2018 12:20:28 PM: GetTemplateDetails total record count:1
11/23/2018 12:20:28 PM: Create controls,Load all Textbox dynamic
11/23/2018 12:20:28 PM: Create controls,Load all Textbox dynamic
11/23/2018 12:20:28 PM: Create controls,Load all Textbox dynamic
11/23/2018 12:20:28 PM: Create controls,Load all Textbox dynamic
11/23/2018 12:20:28 PM: Create controls,Load all Textbox dynamic
11/23/2018 12:20:28 PM: Create controls,Load all Textbox dynamic
11/23/2018 12:20:28 PM: Create controls,Load all Textbox dynamic
11/23/2018 12:20:28 PM: Create controls,Load all Textbox dynamic
11/23/2018 12:20:28 PM: Create controls,Load all Textbox dynamic
11/23/2018 12:20:28 PM: Create controls,Load all Textbox dynamic
11/23/2018 12:20:28 PM: GetTemplateDetails Finished
11/23/2018 12:20:28 PM: btnDeletePages_Click started
11/23/2018 12:20:28 PM: deletepages Started
11/23/2018 12:20:28 PM: Path_ExistingFile value:D:\WDMSDocument\UploadedDocuments\iiflwealth\752\2018-11-21\SUlfV0VfNzUyXzI3OV8xMDAz.pdf
11/23/2018 12:20:28 PM: Unzipped the file:
11/23/2018 12:20:28 PM: Merging completed after deleting for pdf files
11/23/2018 12:20:28 PM: File moved with updated pages:
11/23/2018 12:20:28 PM: getAvailablePages Started
11/23/2018 12:20:28 PM: deletepages Finished
11/23/2018 12:20:28 PM: ReloadIframe Started
11/23/2018 12:20:28 PM: LoadImageToViewer started
11/23/2018 12:20:28 PM: Setting image to viewer. Action:  Page count: 19 Current Page:1
11/23/2018 12:20:28 PM: Converting PDF to JPEG. PDF Path: D:\WDMSDocument\TempWorkFolder\SUlfV0VfNzUyXzI3OV8xMDAz\1.pdf Image Name: SUlfV0VfNzUyXzI3OV8xMDAz Page No: 1
11/23/2018 12:20:28 PM: Converting PDF to JPEG without applying watermark.
11/23/2018 12:20:29 PM: Setting image to viewer using RegisterStartupScript: http://localhost:55361/generichandler.ashx?f=d://wdmsdocument//tempworkfolder//sulfv0vfnzuyxzi3ov8xmdazjpg//1.jpeg
11/23/2018 12:20:29 PM: Invoke method to get annotations from databnase.
11/23/2018 12:20:29 PM: Get annotations from database.
11/23/2018 12:20:29 PM: Document Id: 359142 Page No: 1
11/23/2018 12:20:29 PM: Invoking method to get annotation data from database. Action: GetAnnotations
11/23/2018 12:20:29 PM: ReloadIframe Finished
11/23/2018 12:20:29 PM: btnDeletePages_Click finished
11/23/2018 12:20:36 PM: GetTemplateDetails Started
11/23/2018 12:20:36 PM: GetTemplateDetails total record count:1
11/23/2018 12:20:36 PM: Create controls,Load all Textbox dynamic
11/23/2018 12:20:36 PM: Create controls,Load all Textbox dynamic
11/23/2018 12:20:36 PM: Create controls,Load all Textbox dynamic
11/23/2018 12:20:36 PM: Create controls,Load all Textbox dynamic
11/23/2018 12:20:36 PM: Create controls,Load all Textbox dynamic
11/23/2018 12:20:36 PM: Create controls,Load all Textbox dynamic
11/23/2018 12:20:36 PM: Create controls,Load all Textbox dynamic
11/23/2018 12:20:36 PM: Create controls,Load all Textbox dynamic
11/23/2018 12:20:36 PM: Create controls,Load all Textbox dynamic
11/23/2018 12:20:36 PM: Create controls,Load all Textbox dynamic
11/23/2018 12:20:36 PM: GetTemplateDetails Finished
11/23/2018 12:20:36 PM: btnDicardChanges_Click started
11/23/2018 12:20:36 PM: GetSginatureDetails Started:-
11/23/2018 12:20:36 PM: GetSginatureDetails Completed:-
11/23/2018 12:20:36 PM: GetTemplateDetails Started
11/23/2018 12:20:36 PM: GetTemplateDetails total record count:1
11/23/2018 12:20:36 PM: Create controls,Load all Textbox dynamic
11/23/2018 12:20:36 PM: Create controls,Load all Textbox dynamic
11/23/2018 12:20:36 PM: Create controls,Load all Textbox dynamic
11/23/2018 12:20:36 PM: Create controls,Load all Textbox dynamic
11/23/2018 12:20:36 PM: Create controls,Load all Textbox dynamic
11/23/2018 12:20:36 PM: Create controls,Load all Textbox dynamic
11/23/2018 12:20:36 PM: Create controls,Load all Textbox dynamic
11/23/2018 12:20:36 PM: Create controls,Load all Textbox dynamic
11/23/2018 12:20:36 PM: Create controls,Load all Textbox dynamic
11/23/2018 12:20:36 PM: Create controls,Load all Textbox dynamic
11/23/2018 12:20:36 PM: GetTemplateDetails Finished
11/23/2018 12:20:36 PM: InitializeDocumentView started
11/23/2018 12:20:36 PM: InitializeDocumentView finished
11/23/2018 12:20:36 PM: Calling database to get annotated images. DocumentId: 359142, Action: GetAnnotatedPages
11/23/2018 12:20:36 PM: Calling database to get annotated images. DocumentId: 359142, Action: GetTaggedPages
11/23/2018 12:20:36 PM: LoadImageToViewer started
11/23/2018 12:20:36 PM: Setting image to viewer. Action:  Page count: 19 Current Page:1
11/23/2018 12:20:36 PM: Converting PDF to JPEG. PDF Path: D:\WDMSDocument\TempWorkFolder\SUlfV0VfNzUyXzI3OV8xMDAz\1.pdf Image Name: SUlfV0VfNzUyXzI3OV8xMDAz Page No: 1
11/23/2018 12:20:36 PM: Converting PDF to JPEG without applying watermark.
11/23/2018 12:20:36 PM: Setting image to viewer using RegisterStartupScript: http://localhost:55361/generichandler.ashx?f=d://wdmsdocument//tempworkfolder//sulfv0vfnzuyxzi3ov8xmdazjpg//1.jpeg
11/23/2018 12:20:36 PM: Invoke method to get annotations from databnase.
11/23/2018 12:20:36 PM: Get annotations from database.
11/23/2018 12:20:36 PM: Document Id: 359142 Page No: 1
11/23/2018 12:20:36 PM: Invoking method to get annotation data from database. Action: GetAnnotations
11/23/2018 12:20:36 PM: MailPanelFill started
11/23/2018 12:20:36 PM: MailPanelFill finished
