11/8/2018 12:52:31 PM: BindDocumentType started
11/8/2018 12:52:31 PM: BindDocumentType finished
11/8/2018 12:52:34 PM: createControls Started
11/8/2018 12:52:34 PM: createControls Loaded all Textbox dynamically
11/8/2018 12:52:34 PM: createControls Loaded all Textbox dynamically
11/8/2018 12:52:34 PM: createControls Loaded all Textbox dynamically
11/8/2018 12:52:34 PM: createControls Loaded all Textbox dynamically
11/8/2018 12:52:34 PM: createControls Loaded all Textbox dynamically
11/8/2018 12:52:34 PM: createControls Loaded all Textbox dynamically
11/8/2018 12:52:34 PM: createControls Loaded all Textbox dynamically
11/8/2018 12:52:34 PM: createControls Loaded all Textbox dynamically
11/8/2018 12:52:34 PM: createControls Loaded all Textbox dynamically
11/8/2018 12:52:34 PM: createControls Loaded all Textbox dynamically
11/8/2018 12:52:34 PM: createControls Finished
11/8/2018 12:52:34 PM: GetTemplateDetails started
11/8/2018 12:52:34 PM: generatecontrols Started
11/8/2018 12:52:34 PM: GenerateControls:Loaded all Textbox dynamically
11/8/2018 12:52:34 PM: GenerateControls:Loaded all Textbox dynamically
11/8/2018 12:52:34 PM: GenerateControls:Loaded all Textbox dynamically
11/8/2018 12:52:34 PM: GenerateControls:Loaded all Textbox dynamically
11/8/2018 12:52:34 PM: GenerateControls:Loaded all Textbox dynamically
11/8/2018 12:52:34 PM: GenerateControls:Loaded all Textbox dynamically
11/8/2018 12:52:34 PM: GenerateControls:Loaded all Textbox dynamically
11/8/2018 12:52:34 PM: GenerateControls:Loaded all Textbox dynamically
11/8/2018 12:52:34 PM: GenerateControls:Loaded all Textbox dynamically
11/8/2018 12:52:34 PM: GenerateControls:Loaded all Textbox dynamically
11/8/2018 12:52:36 PM: createControls Started
11/8/2018 12:52:36 PM: createControls Loaded all Textbox dynamically
11/8/2018 12:52:36 PM: createControls Loaded all Textbox dynamically
11/8/2018 12:52:36 PM: createControls Loaded all Textbox dynamically
11/8/2018 12:52:36 PM: createControls Loaded all Textbox dynamically
11/8/2018 12:52:36 PM: createControls Loaded all Textbox dynamically
11/8/2018 12:52:36 PM: createControls Loaded all Textbox dynamically
11/8/2018 12:52:36 PM: createControls Loaded all Textbox dynamically
11/8/2018 12:52:36 PM: createControls Loaded all Textbox dynamically
11/8/2018 12:52:36 PM: createControls Loaded all Textbox dynamically
11/8/2018 12:52:36 PM: createControls Loaded all Textbox dynamically
11/8/2018 12:52:36 PM: createControls Finished
11/8/2018 12:52:36 PM: Started Loading Entity Drop Down
11/8/2018 12:52:36 PM: Finished Loading Entity Drop Down
11/8/2018 12:52:48 PM: createControls Started
11/8/2018 12:52:48 PM: createControls Loaded all Textbox dynamically
11/8/2018 12:52:48 PM: createControls Loaded all Textbox dynamically
11/8/2018 12:52:48 PM: createControls Loaded all Textbox dynamically
11/8/2018 12:52:48 PM: createControls Loaded all Textbox dynamically
11/8/2018 12:52:48 PM: createControls Loaded all Textbox dynamically
11/8/2018 12:52:48 PM: createControls Loaded all Textbox dynamically
11/8/2018 12:52:48 PM: createControls Loaded all Textbox dynamically
11/8/2018 12:52:48 PM: createControls Loaded all Textbox dynamically
11/8/2018 12:52:48 PM: createControls Loaded all Textbox dynamically
11/8/2018 12:52:48 PM: createControls Loaded all Textbox dynamically
11/8/2018 12:52:48 PM: createControls Finished
11/8/2018 12:52:48 PM: Started Loading Entity Drop Down
11/8/2018 12:52:48 PM: Finished Loading Entity Drop Down
11/8/2018 12:53:03 PM: createControls Started
11/8/2018 12:53:03 PM: createControls Loaded all Textbox dynamically
11/8/2018 12:53:03 PM: createControls Loaded all Textbox dynamically
11/8/2018 12:53:03 PM: createControls Loaded all Textbox dynamically
11/8/2018 12:53:03 PM: createControls Loaded all Textbox dynamically
11/8/2018 12:53:03 PM: createControls Loaded all Textbox dynamically
11/8/2018 12:53:03 PM: createControls Loaded all Textbox dynamically
11/8/2018 12:53:03 PM: createControls Loaded all Textbox dynamically
11/8/2018 12:53:03 PM: createControls Loaded all Textbox dynamically
11/8/2018 12:53:03 PM: createControls Loaded all Textbox dynamically
11/8/2018 12:53:03 PM: createControls Loaded all Textbox dynamically
11/8/2018 12:53:03 PM: createControls Finished
11/8/2018 12:53:03 PM: Started Loading Entity Drop Down
11/8/2018 12:53:03 PM: Finished Loading Entity Drop Down
11/8/2018 12:53:07 PM: createControls Started
11/8/2018 12:53:07 PM: createControls Loaded all Textbox dynamically
11/8/2018 12:53:07 PM: createControls Loaded all Textbox dynamically
11/8/2018 12:53:07 PM: createControls Loaded all Textbox dynamically
11/8/2018 12:53:07 PM: createControls Loaded all Textbox dynamically
11/8/2018 12:53:07 PM: createControls Loaded all Textbox dynamically
11/8/2018 12:53:07 PM: createControls Loaded all Textbox dynamically
11/8/2018 12:53:07 PM: createControls Loaded all Textbox dynamically
11/8/2018 12:53:07 PM: createControls Loaded all Textbox dynamically
11/8/2018 12:53:07 PM: createControls Loaded all Textbox dynamically
11/8/2018 12:53:07 PM: createControls Loaded all Textbox dynamically
11/8/2018 12:53:07 PM: createControls Finished
11/8/2018 12:53:07 PM: GetTemplateDetails started
11/8/2018 12:53:07 PM: generatecontrols Started
11/8/2018 12:53:07 PM: GenerateControls:Loaded all Textbox dynamically
11/8/2018 12:53:07 PM: GenerateControls:Loaded all Textbox dynamically
11/8/2018 12:53:07 PM: GenerateControls:Loaded all Textbox dynamically
11/8/2018 12:53:07 PM: GenerateControls:Loaded all Textbox dynamically
11/8/2018 12:53:07 PM: GenerateControls:Loaded all Textbox dynamically
11/8/2018 12:53:07 PM: GenerateControls:Loaded all Textbox dynamically
11/8/2018 12:53:07 PM: GenerateControls:Loaded all Textbox dynamically
11/8/2018 12:53:07 PM: GenerateControls:Loaded all Textbox dynamically
11/8/2018 12:53:07 PM: GenerateControls:Loaded all Textbox dynamically
11/8/2018 12:53:07 PM: GenerateControls:Loaded all Textbox dynamically
11/8/2018 12:53:11 PM: createControls Started
11/8/2018 12:53:11 PM: createControls Loaded all Textbox dynamically
11/8/2018 12:53:11 PM: createControls Loaded all Textbox dynamically
11/8/2018 12:53:11 PM: createControls Loaded all Textbox dynamically
11/8/2018 12:53:11 PM: createControls Loaded all Textbox dynamically
11/8/2018 12:53:11 PM: createControls Loaded all Textbox dynamically
11/8/2018 12:53:11 PM: createControls Loaded all Textbox dynamically
11/8/2018 12:53:11 PM: createControls Loaded all Textbox dynamically
11/8/2018 12:53:11 PM: createControls Loaded all Textbox dynamically
11/8/2018 12:53:11 PM: createControls Loaded all Textbox dynamically
11/8/2018 12:53:11 PM: createControls Loaded all Textbox dynamically
11/8/2018 12:53:11 PM: createControls Finished
11/8/2018 12:53:11 PM: Started Loading Entity Drop Down
11/8/2018 12:53:11 PM: Finished Loading Entity Drop Down
11/8/2018 12:53:14 PM: createControls Started
11/8/2018 12:53:14 PM: createControls Loaded all Textbox dynamically
11/8/2018 12:53:14 PM: createControls Loaded all Textbox dynamically
11/8/2018 12:53:14 PM: createControls Loaded all Textbox dynamically
11/8/2018 12:53:14 PM: createControls Loaded all Textbox dynamically
11/8/2018 12:53:14 PM: createControls Loaded all Textbox dynamically
11/8/2018 12:53:14 PM: createControls Loaded all Textbox dynamically
11/8/2018 12:53:14 PM: createControls Loaded all Textbox dynamically
11/8/2018 12:53:14 PM: createControls Loaded all Textbox dynamically
11/8/2018 12:53:14 PM: createControls Loaded all Textbox dynamically
11/8/2018 12:53:14 PM: createControls Loaded all Textbox dynamically
11/8/2018 12:53:14 PM: createControls Finished
11/8/2018 12:53:14 PM: GetTemplateDetails started
11/8/2018 12:53:14 PM: generatecontrols Started
11/8/2018 12:53:14 PM: GenerateControls:Loaded all Textbox dynamically
11/8/2018 12:53:14 PM: GenerateControls:Loaded all Textbox dynamically
11/8/2018 12:53:14 PM: GenerateControls:Loaded all Textbox dynamically
11/8/2018 12:53:14 PM: GenerateControls:Loaded all Textbox dynamically
11/8/2018 12:53:14 PM: GenerateControls:Loaded all Textbox dynamically
11/8/2018 12:53:14 PM: GenerateControls:Loaded all Textbox dynamically
11/8/2018 12:53:14 PM: GenerateControls:Loaded all Textbox dynamically
11/8/2018 12:53:14 PM: GenerateControls:Loaded all Textbox dynamically
11/8/2018 12:53:14 PM: GenerateControls:Loaded all Textbox dynamically
11/8/2018 12:53:14 PM: GenerateControls:Loaded all Textbox dynamically
11/8/2018 12:53:16 PM: createControls Started
11/8/2018 12:53:16 PM: createControls Loaded all Textbox dynamically
11/8/2018 12:53:16 PM: createControls Loaded all Textbox dynamically
11/8/2018 12:53:16 PM: createControls Loaded all Textbox dynamically
11/8/2018 12:53:16 PM: createControls Loaded all Textbox dynamically
11/8/2018 12:53:16 PM: createControls Loaded all Textbox dynamically
11/8/2018 12:53:16 PM: createControls Loaded all Textbox dynamically
11/8/2018 12:53:16 PM: createControls Loaded all Textbox dynamically
11/8/2018 12:53:16 PM: createControls Loaded all Textbox dynamically
11/8/2018 12:53:16 PM: createControls Loaded all Textbox dynamically
11/8/2018 12:53:16 PM: createControls Loaded all Textbox dynamically
11/8/2018 12:53:16 PM: createControls Finished
11/8/2018 12:53:16 PM: Started Loading Entity Drop Down
11/8/2018 12:53:16 PM: Finished Loading Entity Drop Down
11/8/2018 12:54:58 PM: BindDocumentType started
11/8/2018 12:54:58 PM: BindDocumentType finished
11/8/2018 12:55:01 PM: createControls Started
11/8/2018 12:55:01 PM: createControls Loaded all Textbox dynamically
11/8/2018 12:55:01 PM: createControls Loaded all Textbox dynamically
11/8/2018 12:55:01 PM: createControls Loaded all Textbox dynamically
11/8/2018 12:55:01 PM: createControls Loaded all Textbox dynamically
11/8/2018 12:55:01 PM: createControls Loaded all Textbox dynamically
11/8/2018 12:55:01 PM: createControls Loaded all Textbox dynamically
11/8/2018 12:55:01 PM: createControls Loaded all Textbox dynamically
11/8/2018 12:55:01 PM: createControls Loaded all Textbox dynamically
11/8/2018 12:55:01 PM: createControls Loaded all Textbox dynamically
11/8/2018 12:55:01 PM: createControls Loaded all Textbox dynamically
11/8/2018 12:55:01 PM: createControls Finished
11/8/2018 12:55:01 PM: GetTemplateDetails started
11/8/2018 12:55:01 PM: generatecontrols Started
11/8/2018 12:55:01 PM: GenerateControls:Loaded all Textbox dynamically
11/8/2018 12:55:01 PM: GenerateControls:Loaded all Textbox dynamically
11/8/2018 12:55:01 PM: GenerateControls:Loaded all Textbox dynamically
11/8/2018 12:55:01 PM: GenerateControls:Loaded all Textbox dynamically
11/8/2018 12:55:01 PM: GenerateControls:Loaded all Textbox dynamically
11/8/2018 12:55:01 PM: GenerateControls:Loaded all Textbox dynamically
11/8/2018 12:55:01 PM: GenerateControls:Loaded all Textbox dynamically
11/8/2018 12:55:01 PM: GenerateControls:Loaded all Textbox dynamically
11/8/2018 12:55:01 PM: GenerateControls:Loaded all Textbox dynamically
11/8/2018 12:55:01 PM: GenerateControls:Loaded all Textbox dynamically
11/8/2018 12:55:01 PM: createControls Started
11/8/2018 12:55:01 PM: createControls Loaded all Textbox dynamically
11/8/2018 12:55:01 PM: createControls Loaded all Textbox dynamically
11/8/2018 12:55:01 PM: createControls Loaded all Textbox dynamically
11/8/2018 12:55:01 PM: createControls Loaded all Textbox dynamically
11/8/2018 12:55:01 PM: createControls Loaded all Textbox dynamically
11/8/2018 12:55:01 PM: createControls Loaded all Textbox dynamically
11/8/2018 12:55:01 PM: createControls Loaded all Textbox dynamically
11/8/2018 12:55:01 PM: createControls Loaded all Textbox dynamically
11/8/2018 12:55:01 PM: createControls Loaded all Textbox dynamically
11/8/2018 12:55:01 PM: createControls Loaded all Textbox dynamically
11/8/2018 12:55:01 PM: createControls Finished
11/8/2018 12:55:01 PM: Started Loading Entity Drop Down
11/8/2018 12:55:01 PM: Finished Loading Entity Drop Down
11/8/2018 12:55:04 PM: GetSginatureDetails Started:-
11/8/2018 12:55:04 PM: GetSginatureDetails Completed:-
11/8/2018 12:55:04 PM: GetTemplateDetails Started
11/8/2018 12:55:04 PM: GetTemplateDetails total record count:1
11/8/2018 12:55:04 PM: Create controls,Load all Textbox dynamic
11/8/2018 12:55:04 PM: Create controls,Load all Textbox dynamic
11/8/2018 12:55:04 PM: Create controls,Load all Textbox dynamic
11/8/2018 12:55:04 PM: Create controls,Load all Textbox dynamic
11/8/2018 12:55:04 PM: Create controls,Load all Textbox dynamic
11/8/2018 12:55:04 PM: Create controls,Load all Textbox dynamic
11/8/2018 12:55:04 PM: Create controls,Load all Textbox dynamic
11/8/2018 12:55:04 PM: Create controls,Load all Textbox dynamic
11/8/2018 12:55:04 PM: Create controls,Load all Textbox dynamic
11/8/2018 12:55:04 PM: Create controls,Load all Textbox dynamic
11/8/2018 12:55:04 PM: GetTemplateDetails Finished
11/8/2018 12:55:04 PM: InitializeDocumentView started
11/8/2018 12:55:04 PM: InitializeDocumentView finished
11/8/2018 12:55:04 PM: Calling database to get annotated images. DocumentId: 358587, Action: GetAnnotatedPages
11/8/2018 12:55:04 PM: Calling database to get annotated images. DocumentId: 358587, Action: GetTaggedPages
11/8/2018 12:55:04 PM: LoadImageToViewer started
11/8/2018 12:55:04 PM: Setting image to viewer. Action:  Page count: 0 Current Page:1
11/8/2018 12:55:04 PM: MailPanelFill started
11/8/2018 12:55:04 PM: MailPanelFill finished
11/8/2018 12:57:09 PM: GetSginatureDetails Started:-
11/8/2018 12:57:09 PM: GetSginatureDetails Completed:-
11/8/2018 12:57:09 PM: GetTemplateDetails Started
11/8/2018 12:57:09 PM: GetTemplateDetails total record count:1
11/8/2018 12:57:09 PM: Create controls,Load all Textbox dynamic
11/8/2018 12:57:09 PM: Create controls,Load all Textbox dynamic
11/8/2018 12:57:09 PM: Create controls,Load all Textbox dynamic
11/8/2018 12:57:09 PM: Create controls,Load all Textbox dynamic
11/8/2018 12:57:09 PM: Create controls,Load all Textbox dynamic
11/8/2018 12:57:09 PM: Create controls,Load all Textbox dynamic
11/8/2018 12:57:09 PM: Create controls,Load all Textbox dynamic
11/8/2018 12:57:09 PM: Create controls,Load all Textbox dynamic
11/8/2018 12:57:09 PM: Create controls,Load all Textbox dynamic
11/8/2018 12:57:09 PM: Create controls,Load all Textbox dynamic
11/8/2018 12:57:09 PM: GetTemplateDetails Finished
11/8/2018 12:57:09 PM: InitializeDocumentView started
11/8/2018 12:57:09 PM: InitializeDocumentView finished
11/8/2018 12:57:09 PM: Calling database to get annotated images. DocumentId: 358587, Action: GetAnnotatedPages
11/8/2018 12:57:09 PM: Calling database to get annotated images. DocumentId: 358587, Action: GetTaggedPages
11/8/2018 12:57:09 PM: LoadImageToViewer started
11/8/2018 12:57:09 PM: Setting image to viewer. Action:  Page count: 0 Current Page:1
11/8/2018 12:57:09 PM: MailPanelFill started
11/8/2018 12:57:09 PM: MailPanelFill finished
11/8/2018 12:59:53 PM: GetTemplateDetails Started
11/8/2018 12:59:53 PM: GetTemplateDetails total record count:1
11/8/2018 12:59:53 PM: Create controls,Load all Textbox dynamic
11/8/2018 12:59:53 PM: Create controls,Load all Textbox dynamic
11/8/2018 12:59:53 PM: Create controls,Load all Textbox dynamic
11/8/2018 12:59:53 PM: Create controls,Load all Textbox dynamic
11/8/2018 12:59:53 PM: Create controls,Load all Textbox dynamic
11/8/2018 12:59:53 PM: Create controls,Load all Textbox dynamic
11/8/2018 12:59:53 PM: Create controls,Load all Textbox dynamic
11/8/2018 12:59:53 PM: Create controls,Load all Textbox dynamic
11/8/2018 12:59:53 PM: Create controls,Load all Textbox dynamic
11/8/2018 12:59:53 PM: Create controls,Load all Textbox dynamic
11/8/2018 12:59:53 PM: GetTemplateDetails Finished
11/8/2018 12:59:53 PM: getAvailablePages Started
11/8/2018 12:59:53 PM: getAvailablePages Finished
11/8/2018 12:59:53 PM: getAvailablePages Started
11/8/2018 12:59:53 PM: getAvailablePages Finished
11/8/2018 12:59:53 PM: LoadImageToViewer started
11/8/2018 12:59:53 PM: Setting image to viewer. Action:  Page count: 0 Current Page:1
11/8/2018 3:24:40 PM: BindDocumentType started
11/8/2018 3:24:40 PM: BindDocumentType finished
11/8/2018 3:24:43 PM: createControls Started
11/8/2018 3:24:43 PM: createControls Loaded all Textbox dynamically
11/8/2018 3:24:43 PM: createControls Loaded all Textbox dynamically
11/8/2018 3:24:43 PM: createControls Loaded all Textbox dynamically
11/8/2018 3:24:43 PM: createControls Loaded all Textbox dynamically
11/8/2018 3:24:43 PM: createControls Loaded all Textbox dynamically
11/8/2018 3:24:43 PM: createControls Loaded all Textbox dynamically
11/8/2018 3:24:43 PM: createControls Loaded all Textbox dynamically
11/8/2018 3:24:43 PM: createControls Loaded all Textbox dynamically
11/8/2018 3:24:43 PM: createControls Loaded all Textbox dynamically
11/8/2018 3:24:43 PM: createControls Loaded all Textbox dynamically
11/8/2018 3:24:43 PM: createControls Finished
11/8/2018 3:24:43 PM: GetTemplateDetails started
11/8/2018 3:24:43 PM: generatecontrols Started
11/8/2018 3:24:43 PM: GenerateControls:Loaded all Textbox dynamically
11/8/2018 3:24:43 PM: GenerateControls:Loaded all Textbox dynamically
11/8/2018 3:24:43 PM: GenerateControls:Loaded all Textbox dynamically
11/8/2018 3:24:43 PM: GenerateControls:Loaded all Textbox dynamically
11/8/2018 3:24:43 PM: GenerateControls:Loaded all Textbox dynamically
11/8/2018 3:24:43 PM: GenerateControls:Loaded all Textbox dynamically
11/8/2018 3:24:43 PM: GenerateControls:Loaded all Textbox dynamically
11/8/2018 3:24:43 PM: GenerateControls:Loaded all Textbox dynamically
11/8/2018 3:24:43 PM: GenerateControls:Loaded all Textbox dynamically
11/8/2018 3:24:43 PM: GenerateControls:Loaded all Textbox dynamically
11/8/2018 3:24:45 PM: createControls Started
11/8/2018 3:24:45 PM: createControls Loaded all Textbox dynamically
11/8/2018 3:24:45 PM: createControls Loaded all Textbox dynamically
11/8/2018 3:24:45 PM: createControls Loaded all Textbox dynamically
11/8/2018 3:24:45 PM: createControls Loaded all Textbox dynamically
11/8/2018 3:24:45 PM: createControls Loaded all Textbox dynamically
11/8/2018 3:24:45 PM: createControls Loaded all Textbox dynamically
11/8/2018 3:24:45 PM: createControls Loaded all Textbox dynamically
11/8/2018 3:24:45 PM: createControls Loaded all Textbox dynamically
11/8/2018 3:24:45 PM: createControls Loaded all Textbox dynamically
11/8/2018 3:24:45 PM: createControls Loaded all Textbox dynamically
11/8/2018 3:24:45 PM: createControls Finished
11/8/2018 3:24:45 PM: Started Loading Entity Drop Down
11/8/2018 3:24:45 PM: Finished Loading Entity Drop Down
11/8/2018 3:24:54 PM: GetSginatureDetails Started:-
11/8/2018 3:24:54 PM: GetSginatureDetails Completed:-
11/8/2018 3:24:54 PM: GetTemplateDetails Started
11/8/2018 3:24:54 PM: GetTemplateDetails total record count:1
11/8/2018 3:24:54 PM: Create controls,Load all Textbox dynamic
11/8/2018 3:24:54 PM: Create controls,Load all Textbox dynamic
11/8/2018 3:24:54 PM: Create controls,Load all Textbox dynamic
11/8/2018 3:24:54 PM: Create controls,Load all Textbox dynamic
11/8/2018 3:24:54 PM: Create controls,Load all Textbox dynamic
11/8/2018 3:24:54 PM: Create controls,Load all Textbox dynamic
11/8/2018 3:24:54 PM: Create controls,Load all Textbox dynamic
11/8/2018 3:24:54 PM: Create controls,Load all Textbox dynamic
11/8/2018 3:24:54 PM: Create controls,Load all Textbox dynamic
11/8/2018 3:24:54 PM: Create controls,Load all Textbox dynamic
11/8/2018 3:24:54 PM: GetTemplateDetails Finished
11/8/2018 3:24:54 PM: InitializeDocumentView started
11/8/2018 3:24:54 PM: InitializeDocumentView finished
11/8/2018 3:24:54 PM: Calling database to get annotated images. DocumentId: 339789, Action: GetAnnotatedPages
11/8/2018 3:24:54 PM: Calling database to get annotated images. DocumentId: 339789, Action: GetTaggedPages
11/8/2018 3:24:55 PM: LoadImageToViewer started
11/8/2018 3:24:55 PM: Setting image to viewer. Action:  Page count: 0 Current Page:1
11/8/2018 3:24:55 PM: MailPanelFill started
11/8/2018 3:24:55 PM: MailPanelFill finished
11/8/2018 3:25:03 PM: BindDocumentType started
11/8/2018 3:25:03 PM: BindDocumentType finished
11/8/2018 3:25:03 PM: Started Loading Entity Drop Down
11/8/2018 3:25:03 PM: Finished Loading Entity Drop Down
11/8/2018 3:25:11 PM: createControls Started
11/8/2018 3:25:11 PM: Create controls,Load all Textbox dynamic
11/8/2018 3:25:11 PM: Create controls,Load all Textbox dynamic
11/8/2018 3:25:11 PM: Create controls,Load all Textbox dynamic
11/8/2018 3:25:11 PM: Create controls,Load all Textbox dynamic
11/8/2018 3:25:11 PM: Create controls,Load all Textbox dynamic
11/8/2018 3:25:11 PM: Create controls,Load all Textbox dynamic
11/8/2018 3:25:11 PM: Create controls,Load all Textbox dynamic
11/8/2018 3:25:11 PM: Create controls,Load all Textbox dynamic
11/8/2018 3:25:11 PM: Create controls,Load all Textbox dynamic
11/8/2018 3:25:11 PM: Create controls,Load all Textbox dynamic
11/8/2018 3:25:11 PM: createControls Finished
11/8/2018 3:25:11 PM: generatecontrols Started
11/8/2018 3:25:11 PM: Calling database to get reference id and watermark.
11/8/2018 3:25:11 PM: Database returned result: II_WE_752_279_1002|
11/8/2018 3:25:11 PM: Generatecontrols,Load all Textbox dynamic
11/8/2018 3:25:11 PM: Generatecontrols,Load all Textbox dynamic
11/8/2018 3:25:11 PM: Generatecontrols,Load all Textbox dynamic
11/8/2018 3:25:11 PM: Generatecontrols,Load all Textbox dynamic
11/8/2018 3:25:11 PM: Generatecontrols,Load all Textbox dynamic
11/8/2018 3:25:11 PM: Generatecontrols,Load all Textbox dynamic
11/8/2018 3:25:11 PM: Generatecontrols,Load all Textbox dynamic
11/8/2018 3:25:11 PM: Generatecontrols,Load all Textbox dynamic
11/8/2018 3:25:11 PM: Generatecontrols,Load all Textbox dynamic
11/8/2018 3:25:11 PM: Generatecontrols,Load all Textbox dynamic
11/8/2018 3:25:12 PM: createControls Started
11/8/2018 3:25:12 PM: Create controls,Load all Textbox dynamic
11/8/2018 3:25:12 PM: Create controls,Load all Textbox dynamic
11/8/2018 3:25:12 PM: Create controls,Load all Textbox dynamic
11/8/2018 3:25:12 PM: Create controls,Load all Textbox dynamic
11/8/2018 3:25:12 PM: Create controls,Load all Textbox dynamic
11/8/2018 3:25:12 PM: Create controls,Load all Textbox dynamic
11/8/2018 3:25:12 PM: Create controls,Load all Textbox dynamic
11/8/2018 3:25:12 PM: Create controls,Load all Textbox dynamic
11/8/2018 3:25:12 PM: Create controls,Load all Textbox dynamic
11/8/2018 3:25:12 PM: Create controls,Load all Textbox dynamic
11/8/2018 3:25:12 PM: createControls Finished
11/8/2018 3:25:18 PM: BindDocumentType started
11/8/2018 3:25:18 PM: BindDocumentType finished
11/8/2018 3:25:22 PM: createControls Started
11/8/2018 3:25:22 PM: createControls Loaded all Textbox dynamically
11/8/2018 3:25:22 PM: createControls Loaded all Textbox dynamically
11/8/2018 3:25:22 PM: createControls Loaded all Textbox dynamically
11/8/2018 3:25:22 PM: createControls Loaded all Textbox dynamically
11/8/2018 3:25:22 PM: createControls Loaded all Textbox dynamically
11/8/2018 3:25:22 PM: createControls Loaded all Textbox dynamically
11/8/2018 3:25:22 PM: createControls Loaded all Textbox dynamically
11/8/2018 3:25:22 PM: createControls Loaded all Textbox dynamically
11/8/2018 3:25:22 PM: createControls Loaded all Textbox dynamically
11/8/2018 3:25:22 PM: createControls Loaded all Textbox dynamically
11/8/2018 3:25:22 PM: createControls Finished
11/8/2018 3:25:22 PM: GetTemplateDetails started
11/8/2018 3:25:22 PM: generatecontrols Started
11/8/2018 3:25:22 PM: GenerateControls:Loaded all Textbox dynamically
11/8/2018 3:25:22 PM: GenerateControls:Loaded all Textbox dynamically
11/8/2018 3:25:22 PM: GenerateControls:Loaded all Textbox dynamically
11/8/2018 3:25:22 PM: GenerateControls:Loaded all Textbox dynamically
11/8/2018 3:25:22 PM: GenerateControls:Loaded all Textbox dynamically
11/8/2018 3:25:22 PM: GenerateControls:Loaded all Textbox dynamically
11/8/2018 3:25:22 PM: GenerateControls:Loaded all Textbox dynamically
11/8/2018 3:25:22 PM: GenerateControls:Loaded all Textbox dynamically
11/8/2018 3:25:22 PM: GenerateControls:Loaded all Textbox dynamically
11/8/2018 3:25:22 PM: GenerateControls:Loaded all Textbox dynamically
11/8/2018 3:25:26 PM: createControls Started
11/8/2018 3:25:26 PM: createControls Loaded all Textbox dynamically
11/8/2018 3:25:26 PM: createControls Loaded all Textbox dynamically
11/8/2018 3:25:26 PM: createControls Loaded all Textbox dynamically
11/8/2018 3:25:26 PM: createControls Loaded all Textbox dynamically
11/8/2018 3:25:26 PM: createControls Loaded all Textbox dynamically
11/8/2018 3:25:26 PM: createControls Loaded all Textbox dynamically
11/8/2018 3:25:26 PM: createControls Loaded all Textbox dynamically
11/8/2018 3:25:26 PM: createControls Loaded all Textbox dynamically
11/8/2018 3:25:26 PM: createControls Loaded all Textbox dynamically
11/8/2018 3:25:26 PM: createControls Loaded all Textbox dynamically
11/8/2018 3:25:26 PM: createControls Finished
11/8/2018 3:25:26 PM: Started Loading Entity Drop Down
11/8/2018 3:25:26 PM: Finished Loading Entity Drop Down
11/8/2018 3:25:32 PM: GetSginatureDetails Started:-
11/8/2018 3:25:32 PM: GetSginatureDetails Completed:-
11/8/2018 3:25:32 PM: GetTemplateDetails Started
11/8/2018 3:25:32 PM: GetTemplateDetails total record count:1
11/8/2018 3:25:32 PM: Create controls,Load all Textbox dynamic
11/8/2018 3:25:32 PM: Create controls,Load all Textbox dynamic
11/8/2018 3:25:32 PM: Create controls,Load all Textbox dynamic
11/8/2018 3:25:32 PM: Create controls,Load all Textbox dynamic
11/8/2018 3:25:32 PM: Create controls,Load all Textbox dynamic
11/8/2018 3:25:32 PM: Create controls,Load all Textbox dynamic
11/8/2018 3:25:32 PM: Create controls,Load all Textbox dynamic
11/8/2018 3:25:32 PM: Create controls,Load all Textbox dynamic
11/8/2018 3:25:32 PM: Create controls,Load all Textbox dynamic
11/8/2018 3:25:32 PM: Create controls,Load all Textbox dynamic
11/8/2018 3:25:32 PM: GetTemplateDetails Finished
11/8/2018 3:25:32 PM: InitializeDocumentView started
11/8/2018 3:25:36 PM: InitializeDocumentView finished
11/8/2018 3:25:36 PM: Calling database to get annotated images. DocumentId: 359140, Action: GetAnnotatedPages
11/8/2018 3:25:36 PM: Calling database to get annotated images. DocumentId: 359140, Action: GetTaggedPages
11/8/2018 3:25:36 PM: LoadImageToViewer started
11/8/2018 3:25:36 PM: Setting image to viewer. Action:  Page count: 195 Current Page:1
11/8/2018 3:25:36 PM: Converting PDF to JPEG. PDF Path: D:\WDMSDocument\TempWorkFolder\SUlfV0VfNzUyXzI3OV8xMDAx\1.pdf Image Name: SUlfV0VfNzUyXzI3OV8xMDAx Page No: 1
11/8/2018 3:25:36 PM: Converting PDF to JPEG without applying watermark.
11/8/2018 3:25:36 PM: Setting image to viewer using RegisterStartupScript: http://localhost:55361/generichandler.ashx?f=d://wdmsdocument//tempworkfolder//sulfv0vfnzuyxzi3ov8xmdaxjpg//1.jpeg
11/8/2018 3:25:36 PM: Invoke method to get annotations from databnase.
11/8/2018 3:25:36 PM: Get annotations from database.
11/8/2018 3:25:36 PM: Document Id: 359140 Page No: 1
11/8/2018 3:25:36 PM: Invoking method to get annotation data from database. Action: GetAnnotations
11/8/2018 3:25:36 PM: MailPanelFill started
11/8/2018 3:25:36 PM: MailPanelFill finished
11/8/2018 3:27:46 PM: GetTemplateDetails Started
11/8/2018 3:27:46 PM: GetTemplateDetails total record count:1
11/8/2018 3:27:46 PM: Create controls,Load all Textbox dynamic
11/8/2018 3:27:46 PM: Create controls,Load all Textbox dynamic
11/8/2018 3:27:46 PM: Create controls,Load all Textbox dynamic
11/8/2018 3:27:46 PM: Create controls,Load all Textbox dynamic
11/8/2018 3:27:46 PM: Create controls,Load all Textbox dynamic
11/8/2018 3:27:46 PM: Create controls,Load all Textbox dynamic
11/8/2018 3:27:46 PM: Create controls,Load all Textbox dynamic
11/8/2018 3:27:46 PM: Create controls,Load all Textbox dynamic
11/8/2018 3:27:46 PM: Create controls,Load all Textbox dynamic
11/8/2018 3:27:46 PM: Create controls,Load all Textbox dynamic
11/8/2018 3:27:46 PM: GetTemplateDetails Finished
11/8/2018 3:28:12 PM: GetTemplateDetails Started
11/8/2018 3:28:12 PM: GetTemplateDetails total record count:1
11/8/2018 3:28:12 PM: Create controls,Load all Textbox dynamic
11/8/2018 3:28:12 PM: Create controls,Load all Textbox dynamic
11/8/2018 3:28:12 PM: Create controls,Load all Textbox dynamic
11/8/2018 3:28:12 PM: Create controls,Load all Textbox dynamic
11/8/2018 3:28:12 PM: Create controls,Load all Textbox dynamic
11/8/2018 3:28:12 PM: Create controls,Load all Textbox dynamic
11/8/2018 3:28:12 PM: Create controls,Load all Textbox dynamic
11/8/2018 3:28:12 PM: Create controls,Load all Textbox dynamic
11/8/2018 3:28:12 PM: Create controls,Load all Textbox dynamic
11/8/2018 3:28:12 PM: Create controls,Load all Textbox dynamic
11/8/2018 3:28:12 PM: GetTemplateDetails Finished
11/8/2018 3:28:54 PM: GetSginatureDetails Started:-
11/8/2018 3:28:54 PM: GetSginatureDetails Completed:-
11/8/2018 3:28:58 PM: GetTemplateDetails Started
11/8/2018 3:28:58 PM: GetTemplateDetails total record count:1
11/8/2018 3:28:58 PM: Create controls,Load all Textbox dynamic
11/8/2018 3:28:58 PM: Create controls,Load all Textbox dynamic
11/8/2018 3:28:58 PM: Create controls,Load all Textbox dynamic
11/8/2018 3:28:58 PM: Create controls,Load all Textbox dynamic
11/8/2018 3:28:58 PM: Create controls,Load all Textbox dynamic
11/8/2018 3:28:58 PM: Create controls,Load all Textbox dynamic
11/8/2018 3:28:58 PM: Create controls,Load all Textbox dynamic
11/8/2018 3:28:58 PM: Create controls,Load all Textbox dynamic
11/8/2018 3:28:58 PM: Create controls,Load all Textbox dynamic
11/8/2018 3:28:58 PM: Create controls,Load all Textbox dynamic
11/8/2018 3:28:58 PM: GetTemplateDetails Finished
11/8/2018 3:30:07 PM: InitializeDocumentView started
11/8/2018 3:30:08 PM: InitializeDocumentView finished
11/8/2018 3:30:10 PM: Calling database to get annotated images. DocumentId: 359140, Action: GetAnnotatedPages
11/8/2018 3:30:11 PM: Calling database to get annotated images. DocumentId: 359140, Action: GetTaggedPages
11/8/2018 3:30:12 PM: LoadImageToViewer started
11/8/2018 3:30:12 PM: Setting image to viewer. Action:  Page count: 195 Current Page:1
11/8/2018 3:30:12 PM: Converting PDF to JPEG. PDF Path: D:\WDMSDocument\TempWorkFolder\SUlfV0VfNzUyXzI3OV8xMDAx\1.pdf Image Name: SUlfV0VfNzUyXzI3OV8xMDAx Page No: 1
11/8/2018 3:30:12 PM: Converting PDF to JPEG without applying watermark.
11/8/2018 3:30:13 PM: Setting image to viewer using RegisterStartupScript: http://localhost:55361/generichandler.ashx?f=d://wdmsdocument//tempworkfolder//sulfv0vfnzuyxzi3ov8xmdaxjpg//1.jpeg
11/8/2018 3:30:13 PM: Invoke method to get annotations from databnase.
11/8/2018 3:30:13 PM: Get annotations from database.
11/8/2018 3:30:13 PM: Document Id: 359140 Page No: 1
11/8/2018 3:30:13 PM: Invoking method to get annotation data from database. Action: GetAnnotations
11/8/2018 3:30:13 PM: MailPanelFill started
11/8/2018 3:30:13 PM: MailPanelFill finished
11/8/2018 3:30:49 PM: GetTemplateDetails Started
11/8/2018 3:30:49 PM: GetTemplateDetails total record count:1
11/8/2018 3:30:49 PM: Create controls,Load all Textbox dynamic
11/8/2018 3:30:49 PM: Create controls,Load all Textbox dynamic
11/8/2018 3:30:49 PM: Create controls,Load all Textbox dynamic
11/8/2018 3:30:49 PM: Create controls,Load all Textbox dynamic
11/8/2018 3:30:49 PM: Create controls,Load all Textbox dynamic
11/8/2018 3:30:49 PM: Create controls,Load all Textbox dynamic
11/8/2018 3:30:49 PM: Create controls,Load all Textbox dynamic
11/8/2018 3:30:49 PM: Create controls,Load all Textbox dynamic
11/8/2018 3:30:49 PM: Create controls,Load all Textbox dynamic
11/8/2018 3:30:49 PM: Create controls,Load all Textbox dynamic
11/8/2018 3:30:49 PM: GetTemplateDetails Finished
11/8/2018 3:30:49 PM: getAvailablePages Started
11/8/2018 3:30:49 PM: LoadImageToViewer started
11/8/2018 3:30:49 PM: Setting image to viewer. Action:  Page count: 27 Current Page:1
11/8/2018 3:30:49 PM: Converting PDF to JPEG. PDF Path: D:\WDMSDocument\TempWorkFolder\SUlfV0VfNzUyXzI3OV8xMDAx\1.pdf Image Name: SUlfV0VfNzUyXzI3OV8xMDAx Page No: 1
11/8/2018 3:30:49 PM: Converting PDF to JPEG without applying watermark.
11/8/2018 3:30:49 PM: Setting image to viewer using RegisterStartupScript: http://localhost:55361/generichandler.ashx?f=d://wdmsdocument//tempworkfolder//sulfv0vfnzuyxzi3ov8xmdaxjpg//1.jpeg
11/8/2018 3:30:49 PM: Invoke method to get annotations from databnase.
11/8/2018 3:30:49 PM: Get annotations from database.
11/8/2018 3:30:49 PM: Document Id: 359140 Page No: 1
11/8/2018 3:30:49 PM: Invoking method to get annotation data from database. Action: GetAnnotations
11/8/2018 3:30:56 PM: GetTemplateDetails Started
11/8/2018 3:30:56 PM: GetTemplateDetails total record count:1
11/8/2018 3:30:56 PM: Create controls,Load all Textbox dynamic
11/8/2018 3:30:56 PM: Create controls,Load all Textbox dynamic
11/8/2018 3:30:56 PM: Create controls,Load all Textbox dynamic
11/8/2018 3:30:56 PM: Create controls,Load all Textbox dynamic
11/8/2018 3:30:56 PM: Create controls,Load all Textbox dynamic
11/8/2018 3:30:56 PM: Create controls,Load all Textbox dynamic
11/8/2018 3:30:56 PM: Create controls,Load all Textbox dynamic
11/8/2018 3:30:56 PM: Create controls,Load all Textbox dynamic
11/8/2018 3:30:56 PM: Create controls,Load all Textbox dynamic
11/8/2018 3:30:56 PM: Create controls,Load all Textbox dynamic
11/8/2018 3:30:56 PM: GetTemplateDetails Finished
11/8/2018 3:30:56 PM: LoadImageToViewer started
11/8/2018 3:30:56 PM: Setting image to viewer. Action: GOTO Page count: 27 Current Page:1
11/8/2018 3:30:56 PM: Converting PDF to JPEG. PDF Path: D:\WDMSDocument\TempWorkFolder\SUlfV0VfNzUyXzI3OV8xMDAx\4.pdf Image Name: SUlfV0VfNzUyXzI3OV8xMDAx Page No: 4
11/8/2018 3:30:56 PM: Converting PDF to JPEG without applying watermark.
11/8/2018 3:30:57 PM: Setting image to viewer using RegisterStartupScript: http://localhost:55361/generichandler.ashx?f=d://wdmsdocument//tempworkfolder//sulfv0vfnzuyxzi3ov8xmdaxjpg//4.jpeg
11/8/2018 3:30:57 PM: Invoke method to get annotations from databnase.
11/8/2018 3:30:57 PM: Get annotations from database.
11/8/2018 3:30:57 PM: Document Id: 359140 Page No: 4
11/8/2018 3:30:57 PM: Invoking method to get annotation data from database. Action: GetAnnotations
11/8/2018 3:31:04 PM: GetTemplateDetails Started
11/8/2018 3:31:04 PM: GetTemplateDetails total record count:1
11/8/2018 3:31:04 PM: Create controls,Load all Textbox dynamic
11/8/2018 3:31:04 PM: Create controls,Load all Textbox dynamic
11/8/2018 3:31:04 PM: Create controls,Load all Textbox dynamic
11/8/2018 3:31:04 PM: Create controls,Load all Textbox dynamic
11/8/2018 3:31:04 PM: Create controls,Load all Textbox dynamic
11/8/2018 3:31:04 PM: Create controls,Load all Textbox dynamic
11/8/2018 3:31:04 PM: Create controls,Load all Textbox dynamic
11/8/2018 3:31:04 PM: Create controls,Load all Textbox dynamic
11/8/2018 3:31:04 PM: Create controls,Load all Textbox dynamic
11/8/2018 3:31:04 PM: Create controls,Load all Textbox dynamic
11/8/2018 3:31:04 PM: GetTemplateDetails Finished
11/8/2018 3:31:04 PM: getAvailablePages Started
11/8/2018 3:31:04 PM: LoadImageToViewer started
11/8/2018 3:31:04 PM: Setting image to viewer. Action: GOTO Page count: 168 Current Page:4
11/8/2018 3:31:04 PM: Converting PDF to JPEG. PDF Path: D:\WDMSDocument\TempWorkFolder\SUlfV0VfNzUyXzI3OV8xMDAx\5.pdf Image Name: SUlfV0VfNzUyXzI3OV8xMDAx Page No: 5
11/8/2018 3:31:04 PM: Converting PDF to JPEG without applying watermark.
11/8/2018 3:31:04 PM: Setting image to viewer using RegisterStartupScript: http://localhost:55361/generichandler.ashx?f=d://wdmsdocument//tempworkfolder//sulfv0vfnzuyxzi3ov8xmdaxjpg//5.jpeg
11/8/2018 3:31:04 PM: Invoke method to get annotations from databnase.
11/8/2018 3:31:04 PM: Get annotations from database.
11/8/2018 3:31:04 PM: Document Id: 359140 Page No: 5
11/8/2018 3:31:04 PM: Invoking method to get annotation data from database. Action: GetAnnotations
11/8/2018 3:31:12 PM: GetTemplateDetails Started
11/8/2018 3:31:12 PM: GetTemplateDetails total record count:1
11/8/2018 3:31:12 PM: Create controls,Load all Textbox dynamic
11/8/2018 3:31:12 PM: Create controls,Load all Textbox dynamic
11/8/2018 3:31:12 PM: Create controls,Load all Textbox dynamic
11/8/2018 3:31:12 PM: Create controls,Load all Textbox dynamic
11/8/2018 3:31:12 PM: Create controls,Load all Textbox dynamic
11/8/2018 3:31:12 PM: Create controls,Load all Textbox dynamic
11/8/2018 3:31:12 PM: Create controls,Load all Textbox dynamic
11/8/2018 3:31:12 PM: Create controls,Load all Textbox dynamic
11/8/2018 3:31:12 PM: Create controls,Load all Textbox dynamic
11/8/2018 3:31:12 PM: Create controls,Load all Textbox dynamic
11/8/2018 3:31:12 PM: GetTemplateDetails Finished
11/8/2018 3:31:12 PM: getAvailablePages Started
11/8/2018 3:31:12 PM: LoadImageToViewer started
11/8/2018 3:31:12 PM: Setting image to viewer. Action: GOTO Page count: 195 Current Page:5
11/8/2018 3:31:12 PM: Converting PDF to JPEG. PDF Path: D:\WDMSDocument\TempWorkFolder\SUlfV0VfNzUyXzI3OV8xMDAx\1.pdf Image Name: SUlfV0VfNzUyXzI3OV8xMDAx Page No: 1
11/8/2018 3:31:12 PM: Converting PDF to JPEG without applying watermark.
11/8/2018 3:31:12 PM: Setting image to viewer using RegisterStartupScript: http://localhost:55361/generichandler.ashx?f=d://wdmsdocument//tempworkfolder//sulfv0vfnzuyxzi3ov8xmdaxjpg//1.jpeg
11/8/2018 3:31:12 PM: Invoke method to get annotations from databnase.
11/8/2018 3:31:12 PM: Get annotations from database.
11/8/2018 3:31:12 PM: Document Id: 359140 Page No: 1
11/8/2018 3:31:12 PM: Invoking method to get annotation data from database. Action: GetAnnotations
11/8/2018 3:31:18 PM: GetTemplateDetails Started
11/8/2018 3:31:18 PM: GetTemplateDetails total record count:1
11/8/2018 3:31:18 PM: Create controls,Load all Textbox dynamic
11/8/2018 3:31:18 PM: Create controls,Load all Textbox dynamic
11/8/2018 3:31:18 PM: Create controls,Load all Textbox dynamic
11/8/2018 3:31:18 PM: Create controls,Load all Textbox dynamic
11/8/2018 3:31:18 PM: Create controls,Load all Textbox dynamic
11/8/2018 3:31:18 PM: Create controls,Load all Textbox dynamic
11/8/2018 3:31:18 PM: Create controls,Load all Textbox dynamic
11/8/2018 3:31:18 PM: Create controls,Load all Textbox dynamic
11/8/2018 3:31:18 PM: Create controls,Load all Textbox dynamic
11/8/2018 3:31:18 PM: Create controls,Load all Textbox dynamic
11/8/2018 3:31:18 PM: GetTemplateDetails Finished
11/8/2018 3:31:18 PM: LoadImageToViewer started
11/8/2018 3:31:18 PM: Setting image to viewer. Action: GOTO Page count: 195 Current Page:1
11/8/2018 3:31:18 PM: Converting PDF to JPEG. PDF Path: D:\WDMSDocument\TempWorkFolder\SUlfV0VfNzUyXzI3OV8xMDAx\155.pdf Image Name: SUlfV0VfNzUyXzI3OV8xMDAx Page No: 155
11/8/2018 3:31:18 PM: Converting PDF to JPEG without applying watermark.
11/8/2018 3:31:18 PM: Setting image to viewer using RegisterStartupScript: http://localhost:55361/generichandler.ashx?f=d://wdmsdocument//tempworkfolder//sulfv0vfnzuyxzi3ov8xmdaxjpg//155.jpeg
11/8/2018 3:31:18 PM: Invoke method to get annotations from databnase.
11/8/2018 3:31:18 PM: Get annotations from database.
11/8/2018 3:31:18 PM: Document Id: 359140 Page No: 155
11/8/2018 3:31:18 PM: Invoking method to get annotation data from database. Action: GetAnnotations
11/8/2018 3:31:27 PM: GetTemplateDetails Started
11/8/2018 3:31:27 PM: GetTemplateDetails total record count:1
11/8/2018 3:31:27 PM: Create controls,Load all Textbox dynamic
11/8/2018 3:31:27 PM: Create controls,Load all Textbox dynamic
11/8/2018 3:31:27 PM: Create controls,Load all Textbox dynamic
11/8/2018 3:31:27 PM: Create controls,Load all Textbox dynamic
11/8/2018 3:31:27 PM: Create controls,Load all Textbox dynamic
11/8/2018 3:31:27 PM: Create controls,Load all Textbox dynamic
11/8/2018 3:31:27 PM: Create controls,Load all Textbox dynamic
11/8/2018 3:31:27 PM: Create controls,Load all Textbox dynamic
11/8/2018 3:31:27 PM: Create controls,Load all Textbox dynamic
11/8/2018 3:31:27 PM: Create controls,Load all Textbox dynamic
11/8/2018 3:31:27 PM: GetTemplateDetails Finished
11/8/2018 3:31:27 PM: LoadImageToViewer started
11/8/2018 3:31:27 PM: Setting image to viewer. Action: GOTO Page count: 195 Current Page:155
11/8/2018 3:31:27 PM: Converting PDF to JPEG. PDF Path: D:\WDMSDocument\TempWorkFolder\SUlfV0VfNzUyXzI3OV8xMDAx\1.pdf Image Name: SUlfV0VfNzUyXzI3OV8xMDAx Page No: 1
11/8/2018 3:31:27 PM: Converting PDF to JPEG without applying watermark.
11/8/2018 3:31:27 PM: Setting image to viewer using RegisterStartupScript: http://localhost:55361/generichandler.ashx?f=d://wdmsdocument//tempworkfolder//sulfv0vfnzuyxzi3ov8xmdaxjpg//1.jpeg
11/8/2018 3:31:27 PM: Invoke method to get annotations from databnase.
11/8/2018 3:31:27 PM: Get annotations from database.
11/8/2018 3:31:27 PM: Document Id: 359140 Page No: 1
11/8/2018 3:31:27 PM: Invoking method to get annotation data from database. Action: GetAnnotations
11/8/2018 3:43:51 PM: GetTemplateDetails Started
11/8/2018 3:43:51 PM: GetTemplateDetails total record count:1
11/8/2018 3:43:51 PM: Create controls,Load all Textbox dynamic
11/8/2018 3:43:51 PM: Create controls,Load all Textbox dynamic
11/8/2018 3:43:51 PM: Create controls,Load all Textbox dynamic
11/8/2018 3:43:51 PM: Create controls,Load all Textbox dynamic
11/8/2018 3:43:51 PM: Create controls,Load all Textbox dynamic
11/8/2018 3:43:51 PM: Create controls,Load all Textbox dynamic
11/8/2018 3:43:51 PM: Create controls,Load all Textbox dynamic
11/8/2018 3:43:51 PM: Create controls,Load all Textbox dynamic
11/8/2018 3:43:51 PM: Create controls,Load all Textbox dynamic
11/8/2018 3:43:51 PM: Create controls,Load all Textbox dynamic
11/8/2018 3:43:51 PM: GetTemplateDetails Finished
11/8/2018 3:43:51 PM: getAvailablePages Started
11/8/2018 3:43:51 PM: LoadImageToViewer started
11/8/2018 3:43:51 PM: Setting image to viewer. Action: GOTO Page count: 27 Current Page:1
11/8/2018 3:43:51 PM: Converting PDF to JPEG. PDF Path: D:\WDMSDocument\TempWorkFolder\SUlfV0VfNzUyXzI3OV8xMDAx\1.pdf Image Name: SUlfV0VfNzUyXzI3OV8xMDAx Page No: 1
11/8/2018 3:43:51 PM: Converting PDF to JPEG without applying watermark.
11/8/2018 3:43:51 PM: Setting image to viewer using RegisterStartupScript: http://localhost:55361/generichandler.ashx?f=d://wdmsdocument//tempworkfolder//sulfv0vfnzuyxzi3ov8xmdaxjpg//1.jpeg
11/8/2018 3:43:51 PM: Invoke method to get annotations from databnase.
11/8/2018 3:43:51 PM: Get annotations from database.
11/8/2018 3:43:51 PM: Document Id: 359140 Page No: 1
11/8/2018 3:43:51 PM: Invoking method to get annotation data from database. Action: GetAnnotations
11/8/2018 3:44:02 PM: GetSginatureDetails Started:-
11/8/2018 3:44:02 PM: GetSginatureDetails Completed:-
11/8/2018 3:44:02 PM: GetTemplateDetails Started
11/8/2018 3:44:02 PM: GetTemplateDetails total record count:1
11/8/2018 3:44:02 PM: Create controls,Load all Textbox dynamic
11/8/2018 3:44:02 PM: Create controls,Load all Textbox dynamic
11/8/2018 3:44:02 PM: Create controls,Load all Textbox dynamic
11/8/2018 3:44:02 PM: Create controls,Load all Textbox dynamic
11/8/2018 3:44:02 PM: Create controls,Load all Textbox dynamic
11/8/2018 3:44:02 PM: Create controls,Load all Textbox dynamic
11/8/2018 3:44:02 PM: Create controls,Load all Textbox dynamic
11/8/2018 3:44:02 PM: Create controls,Load all Textbox dynamic
11/8/2018 3:44:02 PM: Create controls,Load all Textbox dynamic
11/8/2018 3:44:02 PM: Create controls,Load all Textbox dynamic
11/8/2018 3:44:02 PM: GetTemplateDetails Finished
11/8/2018 3:44:02 PM: InitializeDocumentView started
11/8/2018 3:44:02 PM: InitializeDocumentView finished
11/8/2018 3:44:02 PM: Calling database to get annotated images. DocumentId: 359140, Action: GetAnnotatedPages
11/8/2018 3:44:02 PM: Calling database to get annotated images. DocumentId: 359140, Action: GetTaggedPages
11/8/2018 3:44:02 PM: LoadImageToViewer started
11/8/2018 3:44:02 PM: Setting image to viewer. Action:  Page count: 195 Current Page:1
11/8/2018 3:44:02 PM: Converting PDF to JPEG. PDF Path: D:\WDMSDocument\TempWorkFolder\SUlfV0VfNzUyXzI3OV8xMDAx\1.pdf Image Name: SUlfV0VfNzUyXzI3OV8xMDAx Page No: 1
11/8/2018 3:44:02 PM: Converting PDF to JPEG without applying watermark.
11/8/2018 3:44:02 PM: Setting image to viewer using RegisterStartupScript: http://localhost:55361/generichandler.ashx?f=d://wdmsdocument//tempworkfolder//sulfv0vfnzuyxzi3ov8xmdaxjpg//1.jpeg
11/8/2018 3:44:02 PM: Invoke method to get annotations from databnase.
11/8/2018 3:44:02 PM: Get annotations from database.
11/8/2018 3:44:02 PM: Document Id: 359140 Page No: 1
11/8/2018 3:44:02 PM: Invoking method to get annotation data from database. Action: GetAnnotations
11/8/2018 3:44:02 PM: MailPanelFill started
11/8/2018 3:44:02 PM: MailPanelFill finished
11/8/2018 3:44:54 PM: GetTemplateDetails Started
11/8/2018 3:44:54 PM: GetTemplateDetails total record count:1
11/8/2018 3:44:54 PM: Create controls,Load all Textbox dynamic
11/8/2018 3:44:54 PM: Create controls,Load all Textbox dynamic
11/8/2018 3:44:54 PM: Create controls,Load all Textbox dynamic
11/8/2018 3:44:54 PM: Create controls,Load all Textbox dynamic
11/8/2018 3:44:54 PM: Create controls,Load all Textbox dynamic
11/8/2018 3:44:54 PM: Create controls,Load all Textbox dynamic
11/8/2018 3:44:54 PM: Create controls,Load all Textbox dynamic
11/8/2018 3:44:54 PM: Create controls,Load all Textbox dynamic
11/8/2018 3:44:54 PM: Create controls,Load all Textbox dynamic
11/8/2018 3:44:54 PM: Create controls,Load all Textbox dynamic
11/8/2018 3:44:54 PM: GetTemplateDetails Finished
11/8/2018 3:44:54 PM: getAvailablePages Started
11/8/2018 3:44:54 PM: LoadImageToViewer started
11/8/2018 3:44:54 PM: Setting image to viewer. Action:  Page count: 27 Current Page:1
11/8/2018 3:44:54 PM: Converting PDF to JPEG. PDF Path: D:\WDMSDocument\TempWorkFolder\SUlfV0VfNzUyXzI3OV8xMDAx\1.pdf Image Name: SUlfV0VfNzUyXzI3OV8xMDAx Page No: 1
11/8/2018 3:44:54 PM: Converting PDF to JPEG without applying watermark.
11/8/2018 3:44:54 PM: Setting image to viewer using RegisterStartupScript: http://localhost:55361/generichandler.ashx?f=d://wdmsdocument//tempworkfolder//sulfv0vfnzuyxzi3ov8xmdaxjpg//1.jpeg
11/8/2018 3:44:54 PM: Invoke method to get annotations from databnase.
11/8/2018 3:44:54 PM: Get annotations from database.
11/8/2018 3:44:54 PM: Document Id: 359140 Page No: 1
11/8/2018 3:44:54 PM: Invoking method to get annotation data from database. Action: GetAnnotations
11/8/2018 3:45:05 PM: GetTemplateDetails Started
11/8/2018 3:45:05 PM: GetTemplateDetails total record count:1
11/8/2018 3:45:05 PM: Create controls,Load all Textbox dynamic
11/8/2018 3:45:05 PM: Create controls,Load all Textbox dynamic
11/8/2018 3:45:05 PM: Create controls,Load all Textbox dynamic
11/8/2018 3:45:05 PM: Create controls,Load all Textbox dynamic
11/8/2018 3:45:05 PM: Create controls,Load all Textbox dynamic
11/8/2018 3:45:05 PM: Create controls,Load all Textbox dynamic
11/8/2018 3:45:05 PM: Create controls,Load all Textbox dynamic
11/8/2018 3:45:05 PM: Create controls,Load all Textbox dynamic
11/8/2018 3:45:05 PM: Create controls,Load all Textbox dynamic
11/8/2018 3:45:05 PM: Create controls,Load all Textbox dynamic
11/8/2018 3:45:05 PM: GetTemplateDetails Finished
11/8/2018 3:45:06 PM: getAvailablePages Started
11/8/2018 3:45:06 PM: getAvailablePages Finished
11/8/2018 3:45:06 PM: getAvailablePages Started
11/8/2018 3:45:06 PM: LoadImageToViewer started
11/8/2018 3:45:06 PM: Setting image to viewer. Action:  Page count: 195 Current Page:1
11/8/2018 3:45:06 PM: Converting PDF to JPEG. PDF Path: D:\WDMSDocument\TempWorkFolder\SUlfV0VfNzUyXzI3OV8xMDAx\1.pdf Image Name: SUlfV0VfNzUyXzI3OV8xMDAx Page No: 1
11/8/2018 3:45:06 PM: Converting PDF to JPEG without applying watermark.
11/8/2018 3:45:06 PM: Setting image to viewer using RegisterStartupScript: http://localhost:55361/generichandler.ashx?f=d://wdmsdocument//tempworkfolder//sulfv0vfnzuyxzi3ov8xmdaxjpg//1.jpeg
11/8/2018 3:45:06 PM: Invoke method to get annotations from databnase.
11/8/2018 3:45:06 PM: Get annotations from database.
11/8/2018 3:45:06 PM: Document Id: 359140 Page No: 1
11/8/2018 3:45:06 PM: Invoking method to get annotation data from database. Action: GetAnnotations
11/8/2018 3:45:15 PM: GetTemplateDetails Started
11/8/2018 3:45:15 PM: GetTemplateDetails total record count:1
11/8/2018 3:45:15 PM: Create controls,Load all Textbox dynamic
11/8/2018 3:45:15 PM: Create controls,Load all Textbox dynamic
11/8/2018 3:45:15 PM: Create controls,Load all Textbox dynamic
11/8/2018 3:45:15 PM: Create controls,Load all Textbox dynamic
11/8/2018 3:45:15 PM: Create controls,Load all Textbox dynamic
11/8/2018 3:45:15 PM: Create controls,Load all Textbox dynamic
11/8/2018 3:45:15 PM: Create controls,Load all Textbox dynamic
11/8/2018 3:45:15 PM: Create controls,Load all Textbox dynamic
11/8/2018 3:45:15 PM: Create controls,Load all Textbox dynamic
11/8/2018 3:45:15 PM: Create controls,Load all Textbox dynamic
11/8/2018 3:45:15 PM: GetTemplateDetails Finished
11/8/2018 3:45:21 PM: GetTemplateDetails Started
11/8/2018 3:45:21 PM: GetTemplateDetails total record count:1
11/8/2018 3:45:21 PM: Create controls,Load all Textbox dynamic
11/8/2018 3:45:21 PM: Create controls,Load all Textbox dynamic
11/8/2018 3:45:21 PM: Create controls,Load all Textbox dynamic
11/8/2018 3:45:21 PM: Create controls,Load all Textbox dynamic
11/8/2018 3:45:21 PM: Create controls,Load all Textbox dynamic
11/8/2018 3:45:21 PM: Create controls,Load all Textbox dynamic
11/8/2018 3:45:21 PM: Create controls,Load all Textbox dynamic
11/8/2018 3:45:21 PM: Create controls,Load all Textbox dynamic
11/8/2018 3:45:21 PM: Create controls,Load all Textbox dynamic
11/8/2018 3:45:21 PM: Create controls,Load all Textbox dynamic
11/8/2018 3:45:21 PM: GetTemplateDetails Finished
11/8/2018 4:11:42 PM: BindDocumentType started
11/8/2018 4:11:42 PM: BindDocumentType finished
11/8/2018 4:11:45 PM: createControls Started
11/8/2018 4:11:45 PM: createControls Loaded all Textbox dynamically
11/8/2018 4:11:45 PM: createControls Loaded all Textbox dynamically
11/8/2018 4:11:45 PM: createControls Loaded all Textbox dynamically
11/8/2018 4:11:45 PM: createControls Loaded all Textbox dynamically
11/8/2018 4:11:45 PM: createControls Loaded all Textbox dynamically
11/8/2018 4:11:45 PM: createControls Loaded all Textbox dynamically
11/8/2018 4:11:45 PM: createControls Loaded all Textbox dynamically
11/8/2018 4:11:45 PM: createControls Loaded all Textbox dynamically
11/8/2018 4:11:45 PM: createControls Loaded all Textbox dynamically
11/8/2018 4:11:45 PM: createControls Loaded all Textbox dynamically
11/8/2018 4:11:45 PM: createControls Finished
11/8/2018 4:11:45 PM: GetTemplateDetails started
11/8/2018 4:11:45 PM: generatecontrols Started
11/8/2018 4:11:45 PM: GenerateControls:Loaded all Textbox dynamically
11/8/2018 4:11:45 PM: GenerateControls:Loaded all Textbox dynamically
11/8/2018 4:11:45 PM: GenerateControls:Loaded all Textbox dynamically
11/8/2018 4:11:45 PM: GenerateControls:Loaded all Textbox dynamically
11/8/2018 4:11:45 PM: GenerateControls:Loaded all Textbox dynamically
11/8/2018 4:11:45 PM: GenerateControls:Loaded all Textbox dynamically
11/8/2018 4:11:45 PM: GenerateControls:Loaded all Textbox dynamically
11/8/2018 4:11:45 PM: GenerateControls:Loaded all Textbox dynamically
11/8/2018 4:11:45 PM: GenerateControls:Loaded all Textbox dynamically
11/8/2018 4:11:45 PM: GenerateControls:Loaded all Textbox dynamically
11/8/2018 4:11:49 PM: createControls Started
11/8/2018 4:11:49 PM: createControls Loaded all Textbox dynamically
11/8/2018 4:11:49 PM: createControls Loaded all Textbox dynamically
11/8/2018 4:11:49 PM: createControls Loaded all Textbox dynamically
11/8/2018 4:11:49 PM: createControls Loaded all Textbox dynamically
11/8/2018 4:11:49 PM: createControls Loaded all Textbox dynamically
11/8/2018 4:11:49 PM: createControls Loaded all Textbox dynamically
11/8/2018 4:11:49 PM: createControls Loaded all Textbox dynamically
11/8/2018 4:11:49 PM: createControls Loaded all Textbox dynamically
11/8/2018 4:11:49 PM: createControls Loaded all Textbox dynamically
11/8/2018 4:11:49 PM: createControls Loaded all Textbox dynamically
11/8/2018 4:11:49 PM: createControls Finished
11/8/2018 4:11:49 PM: Started Loading Entity Drop Down
11/8/2018 4:11:49 PM: Finished Loading Entity Drop Down
11/8/2018 4:11:53 PM: GetSginatureDetails Started:-
11/8/2018 4:11:53 PM: GetSginatureDetails Completed:-
11/8/2018 4:11:53 PM: GetTemplateDetails Started
11/8/2018 4:11:53 PM: GetTemplateDetails total record count:1
11/8/2018 4:11:53 PM: Create controls,Load all Textbox dynamic
11/8/2018 4:11:53 PM: Create controls,Load all Textbox dynamic
11/8/2018 4:11:53 PM: Create controls,Load all Textbox dynamic
11/8/2018 4:11:53 PM: Create controls,Load all Textbox dynamic
11/8/2018 4:11:53 PM: Create controls,Load all Textbox dynamic
11/8/2018 4:11:53 PM: Create controls,Load all Textbox dynamic
11/8/2018 4:11:53 PM: Create controls,Load all Textbox dynamic
11/8/2018 4:11:53 PM: Create controls,Load all Textbox dynamic
11/8/2018 4:11:53 PM: Create controls,Load all Textbox dynamic
11/8/2018 4:11:53 PM: Create controls,Load all Textbox dynamic
11/8/2018 4:11:53 PM: GetTemplateDetails Finished
11/8/2018 4:11:54 PM: InitializeDocumentView started
11/8/2018 4:11:54 PM: InitializeDocumentView finished
11/8/2018 4:11:54 PM: Calling database to get annotated images. DocumentId: 359140, Action: GetAnnotatedPages
11/8/2018 4:11:55 PM: Calling database to get annotated images. DocumentId: 359140, Action: GetTaggedPages
11/8/2018 4:11:55 PM: LoadImageToViewer started
11/8/2018 4:11:55 PM: Setting image to viewer. Action:  Page count: 195 Current Page:1
11/8/2018 4:11:55 PM: Converting PDF to JPEG. PDF Path: D:\WDMSDocument\TempWorkFolder\SUlfV0VfNzUyXzI3OV8xMDAx\1.pdf Image Name: SUlfV0VfNzUyXzI3OV8xMDAx Page No: 1
11/8/2018 4:11:55 PM: Converting PDF to JPEG without applying watermark.
11/8/2018 4:11:55 PM: Setting image to viewer using RegisterStartupScript: http://localhost:55361/generichandler.ashx?f=d://wdmsdocument//tempworkfolder//sulfv0vfnzuyxzi3ov8xmdaxjpg//1.jpeg
11/8/2018 4:11:55 PM: Invoke method to get annotations from databnase.
11/8/2018 4:11:55 PM: Get annotations from database.
11/8/2018 4:11:55 PM: Document Id: 359140 Page No: 1
11/8/2018 4:11:55 PM: Invoking method to get annotation data from database. Action: GetAnnotations
11/8/2018 4:11:55 PM: MailPanelFill started
11/8/2018 4:11:55 PM: MailPanelFill finished
11/8/2018 4:13:04 PM: GetTemplateDetails Started
11/8/2018 4:13:04 PM: GetTemplateDetails total record count:1
11/8/2018 4:13:04 PM: Create controls,Load all Textbox dynamic
11/8/2018 4:13:04 PM: Create controls,Load all Textbox dynamic
11/8/2018 4:13:04 PM: Create controls,Load all Textbox dynamic
11/8/2018 4:13:04 PM: Create controls,Load all Textbox dynamic
11/8/2018 4:13:04 PM: Create controls,Load all Textbox dynamic
11/8/2018 4:13:04 PM: Create controls,Load all Textbox dynamic
11/8/2018 4:13:04 PM: Create controls,Load all Textbox dynamic
11/8/2018 4:13:04 PM: Create controls,Load all Textbox dynamic
11/8/2018 4:13:04 PM: Create controls,Load all Textbox dynamic
11/8/2018 4:13:04 PM: Create controls,Load all Textbox dynamic
11/8/2018 4:13:04 PM: GetTemplateDetails Finished
11/8/2018 4:13:04 PM: getAvailablePages Started
11/8/2018 4:13:04 PM: LoadImageToViewer started
11/8/2018 4:13:04 PM: Setting image to viewer. Action:  Page count: 27 Current Page:1
11/8/2018 4:13:04 PM: Converting PDF to JPEG. PDF Path: D:\WDMSDocument\TempWorkFolder\SUlfV0VfNzUyXzI3OV8xMDAx\1.pdf Image Name: SUlfV0VfNzUyXzI3OV8xMDAx Page No: 1
11/8/2018 4:13:04 PM: Converting PDF to JPEG without applying watermark.
11/8/2018 4:13:04 PM: Setting image to viewer using RegisterStartupScript: http://localhost:55361/generichandler.ashx?f=d://wdmsdocument//tempworkfolder//sulfv0vfnzuyxzi3ov8xmdaxjpg//1.jpeg
11/8/2018 4:13:04 PM: Invoke method to get annotations from databnase.
11/8/2018 4:13:04 PM: Get annotations from database.
11/8/2018 4:13:04 PM: Document Id: 359140 Page No: 1
11/8/2018 4:13:04 PM: Invoking method to get annotation data from database. Action: GetAnnotations
11/8/2018 4:13:10 PM: GetTemplateDetails Started
11/8/2018 4:13:10 PM: GetTemplateDetails total record count:1
11/8/2018 4:13:10 PM: Create controls,Load all Textbox dynamic
11/8/2018 4:13:10 PM: Create controls,Load all Textbox dynamic
11/8/2018 4:13:10 PM: Create controls,Load all Textbox dynamic
11/8/2018 4:13:10 PM: Create controls,Load all Textbox dynamic
11/8/2018 4:13:10 PM: Create controls,Load all Textbox dynamic
11/8/2018 4:13:10 PM: Create controls,Load all Textbox dynamic
11/8/2018 4:13:10 PM: Create controls,Load all Textbox dynamic
11/8/2018 4:13:10 PM: Create controls,Load all Textbox dynamic
11/8/2018 4:13:10 PM: Create controls,Load all Textbox dynamic
11/8/2018 4:13:10 PM: Create controls,Load all Textbox dynamic
11/8/2018 4:13:10 PM: GetTemplateDetails Finished
11/8/2018 4:13:10 PM: getAvailablePages Started
11/8/2018 4:13:10 PM: LoadImageToViewer started
11/8/2018 4:13:10 PM: Setting image to viewer. Action:  Page count: 195 Current Page:1
11/8/2018 4:13:10 PM: Converting PDF to JPEG. PDF Path: D:\WDMSDocument\TempWorkFolder\SUlfV0VfNzUyXzI3OV8xMDAx\1.pdf Image Name: SUlfV0VfNzUyXzI3OV8xMDAx Page No: 1
11/8/2018 4:13:10 PM: Converting PDF to JPEG without applying watermark.
11/8/2018 4:13:10 PM: Setting image to viewer using RegisterStartupScript: http://localhost:55361/generichandler.ashx?f=d://wdmsdocument//tempworkfolder//sulfv0vfnzuyxzi3ov8xmdaxjpg//1.jpeg
11/8/2018 4:13:10 PM: Invoke method to get annotations from databnase.
11/8/2018 4:13:10 PM: Get annotations from database.
11/8/2018 4:13:10 PM: Document Id: 359140 Page No: 1
11/8/2018 4:13:10 PM: Invoking method to get annotation data from database. Action: GetAnnotations
11/8/2018 4:21:18 PM: BindDocumentType started
11/8/2018 4:21:18 PM: BindDocumentType finished
11/8/2018 4:21:21 PM: createControls Started
11/8/2018 4:21:21 PM: createControls Loaded all Textbox dynamically
11/8/2018 4:21:21 PM: createControls Loaded all Textbox dynamically
11/8/2018 4:21:21 PM: createControls Loaded all Textbox dynamically
11/8/2018 4:21:21 PM: createControls Loaded all Textbox dynamically
11/8/2018 4:21:21 PM: createControls Loaded all Textbox dynamically
11/8/2018 4:21:21 PM: createControls Loaded all Textbox dynamically
11/8/2018 4:21:21 PM: createControls Loaded all Textbox dynamically
11/8/2018 4:21:21 PM: createControls Loaded all Textbox dynamically
11/8/2018 4:21:21 PM: createControls Loaded all Textbox dynamically
11/8/2018 4:21:21 PM: createControls Loaded all Textbox dynamically
11/8/2018 4:21:21 PM: createControls Finished
11/8/2018 4:21:21 PM: GetTemplateDetails started
11/8/2018 4:21:21 PM: generatecontrols Started
11/8/2018 4:21:21 PM: GenerateControls:Loaded all Textbox dynamically
11/8/2018 4:21:21 PM: GenerateControls:Loaded all Textbox dynamically
11/8/2018 4:21:21 PM: GenerateControls:Loaded all Textbox dynamically
11/8/2018 4:21:21 PM: GenerateControls:Loaded all Textbox dynamically
11/8/2018 4:21:21 PM: GenerateControls:Loaded all Textbox dynamically
11/8/2018 4:21:21 PM: GenerateControls:Loaded all Textbox dynamically
11/8/2018 4:21:21 PM: GenerateControls:Loaded all Textbox dynamically
11/8/2018 4:21:21 PM: GenerateControls:Loaded all Textbox dynamically
11/8/2018 4:21:21 PM: GenerateControls:Loaded all Textbox dynamically
11/8/2018 4:21:21 PM: GenerateControls:Loaded all Textbox dynamically
11/8/2018 4:21:25 PM: createControls Started
11/8/2018 4:21:25 PM: createControls Loaded all Textbox dynamically
11/8/2018 4:21:25 PM: createControls Loaded all Textbox dynamically
11/8/2018 4:21:25 PM: createControls Loaded all Textbox dynamically
11/8/2018 4:21:25 PM: createControls Loaded all Textbox dynamically
11/8/2018 4:21:25 PM: createControls Loaded all Textbox dynamically
11/8/2018 4:21:25 PM: createControls Loaded all Textbox dynamically
11/8/2018 4:21:25 PM: createControls Loaded all Textbox dynamically
11/8/2018 4:21:25 PM: createControls Loaded all Textbox dynamically
11/8/2018 4:21:25 PM: createControls Loaded all Textbox dynamically
11/8/2018 4:21:25 PM: createControls Loaded all Textbox dynamically
11/8/2018 4:21:25 PM: createControls Finished
11/8/2018 4:21:25 PM: Started Loading Entity Drop Down
11/8/2018 4:21:25 PM: Finished Loading Entity Drop Down
11/8/2018 4:21:29 PM: GetSginatureDetails Started:-
11/8/2018 4:21:29 PM: GetSginatureDetails Completed:-
11/8/2018 4:21:29 PM: GetTemplateDetails Started
11/8/2018 4:21:29 PM: GetTemplateDetails total record count:1
11/8/2018 4:21:29 PM: Create controls,Load all Textbox dynamic
11/8/2018 4:21:29 PM: Create controls,Load all Textbox dynamic
11/8/2018 4:21:29 PM: Create controls,Load all Textbox dynamic
11/8/2018 4:21:29 PM: Create controls,Load all Textbox dynamic
11/8/2018 4:21:29 PM: Create controls,Load all Textbox dynamic
11/8/2018 4:21:29 PM: Create controls,Load all Textbox dynamic
11/8/2018 4:21:29 PM: Create controls,Load all Textbox dynamic
11/8/2018 4:21:29 PM: Create controls,Load all Textbox dynamic
11/8/2018 4:21:29 PM: Create controls,Load all Textbox dynamic
11/8/2018 4:21:29 PM: Create controls,Load all Textbox dynamic
11/8/2018 4:21:29 PM: GetTemplateDetails Finished
11/8/2018 4:21:29 PM: InitializeDocumentView started
11/8/2018 4:21:30 PM: InitializeDocumentView finished
11/8/2018 4:21:30 PM: Calling database to get annotated images. DocumentId: 359140, Action: GetAnnotatedPages
11/8/2018 4:21:30 PM: Calling database to get annotated images. DocumentId: 359140, Action: GetTaggedPages
11/8/2018 4:21:30 PM: LoadImageToViewer started
11/8/2018 4:21:30 PM: Setting image to viewer. Action:  Page count: 195 Current Page:1
11/8/2018 4:21:30 PM: Converting PDF to JPEG. PDF Path: D:\WDMSDocument\TempWorkFolder\SUlfV0VfNzUyXzI3OV8xMDAx\1.pdf Image Name: SUlfV0VfNzUyXzI3OV8xMDAx Page No: 1
11/8/2018 4:21:30 PM: Converting PDF to JPEG without applying watermark.
11/8/2018 4:21:30 PM: Setting image to viewer using RegisterStartupScript: http://localhost:55361/generichandler.ashx?f=d://wdmsdocument//tempworkfolder//sulfv0vfnzuyxzi3ov8xmdaxjpg//1.jpeg
11/8/2018 4:21:30 PM: Invoke method to get annotations from databnase.
11/8/2018 4:21:30 PM: Get annotations from database.
11/8/2018 4:21:30 PM: Document Id: 359140 Page No: 1
11/8/2018 4:21:30 PM: Invoking method to get annotation data from database. Action: GetAnnotations
11/8/2018 4:21:30 PM: MailPanelFill started
11/8/2018 4:21:30 PM: MailPanelFill finished
11/8/2018 4:21:53 PM: GetSginatureDetails Started:-
11/8/2018 4:21:53 PM: GetSginatureDetails Completed:-
11/8/2018 4:21:57 PM: GetTemplateDetails Started
11/8/2018 4:21:57 PM: GetTemplateDetails total record count:1
11/8/2018 4:21:57 PM: Create controls,Load all Textbox dynamic
11/8/2018 4:21:57 PM: Create controls,Load all Textbox dynamic
11/8/2018 4:21:57 PM: Create controls,Load all Textbox dynamic
11/8/2018 4:21:57 PM: Create controls,Load all Textbox dynamic
11/8/2018 4:21:57 PM: Create controls,Load all Textbox dynamic
11/8/2018 4:21:57 PM: Create controls,Load all Textbox dynamic
11/8/2018 4:21:57 PM: Create controls,Load all Textbox dynamic
11/8/2018 4:21:57 PM: Create controls,Load all Textbox dynamic
11/8/2018 4:21:57 PM: Create controls,Load all Textbox dynamic
11/8/2018 4:21:57 PM: Create controls,Load all Textbox dynamic
11/8/2018 4:21:57 PM: GetTemplateDetails Finished
11/8/2018 4:22:05 PM: InitializeDocumentView started
11/8/2018 4:22:05 PM: InitializeDocumentView finished
11/8/2018 4:24:45 PM: Calling database to get annotated images. DocumentId: 359140, Action: GetAnnotatedPages
11/8/2018 4:24:49 PM: Calling database to get annotated images. DocumentId: 359140, Action: GetTaggedPages
11/8/2018 4:25:22 PM: LoadImageToViewer started
11/8/2018 4:25:22 PM: Setting image to viewer. Action:  Page count: 195 Current Page:1
11/8/2018 4:25:22 PM: Converting PDF to JPEG. PDF Path: D:\WDMSDocument\TempWorkFolder\SUlfV0VfNzUyXzI3OV8xMDAx\1.pdf Image Name: SUlfV0VfNzUyXzI3OV8xMDAx Page No: 1
11/8/2018 4:25:22 PM: Converting PDF to JPEG without applying watermark.
11/8/2018 4:25:22 PM: Setting image to viewer using RegisterStartupScript: http://localhost:55361/generichandler.ashx?f=d://wdmsdocument//tempworkfolder//sulfv0vfnzuyxzi3ov8xmdaxjpg//1.jpeg
11/8/2018 4:25:22 PM: Invoke method to get annotations from databnase.
11/8/2018 4:25:22 PM: Get annotations from database.
11/8/2018 4:25:22 PM: Document Id: 359140 Page No: 1
11/8/2018 4:25:22 PM: Invoking method to get annotation data from database. Action: GetAnnotations
11/8/2018 4:25:24 PM: MailPanelFill started
11/8/2018 4:25:24 PM: MailPanelFill finished
11/8/2018 4:33:07 PM: GetTemplateDetails Started
11/8/2018 4:33:07 PM: GetTemplateDetails total record count:1
11/8/2018 4:33:07 PM: Create controls,Load all Textbox dynamic
11/8/2018 4:33:07 PM: Create controls,Load all Textbox dynamic
11/8/2018 4:33:07 PM: Create controls,Load all Textbox dynamic
11/8/2018 4:33:07 PM: Create controls,Load all Textbox dynamic
11/8/2018 4:33:07 PM: Create controls,Load all Textbox dynamic
11/8/2018 4:33:07 PM: Create controls,Load all Textbox dynamic
11/8/2018 4:33:07 PM: Create controls,Load all Textbox dynamic
11/8/2018 4:33:07 PM: Create controls,Load all Textbox dynamic
11/8/2018 4:33:07 PM: Create controls,Load all Textbox dynamic
11/8/2018 4:33:07 PM: Create controls,Load all Textbox dynamic
11/8/2018 4:33:07 PM: GetTemplateDetails Finished
11/8/2018 4:33:18 PM: GetTemplateDetails Started
11/8/2018 4:33:18 PM: GetTemplateDetails total record count:1
11/8/2018 4:33:18 PM: Create controls,Load all Textbox dynamic
11/8/2018 4:33:18 PM: Create controls,Load all Textbox dynamic
11/8/2018 4:33:18 PM: Create controls,Load all Textbox dynamic
11/8/2018 4:33:18 PM: Create controls,Load all Textbox dynamic
11/8/2018 4:33:18 PM: Create controls,Load all Textbox dynamic
11/8/2018 4:33:18 PM: Create controls,Load all Textbox dynamic
11/8/2018 4:33:18 PM: Create controls,Load all Textbox dynamic
11/8/2018 4:33:18 PM: Create controls,Load all Textbox dynamic
11/8/2018 4:33:18 PM: Create controls,Load all Textbox dynamic
11/8/2018 4:33:18 PM: Create controls,Load all Textbox dynamic
11/8/2018 4:33:18 PM: GetTemplateDetails Finished
11/8/2018 6:00:06 PM: BindDocumentType started
11/8/2018 6:00:06 PM: BindDocumentType finished
11/8/2018 6:00:08 PM: createControls Started
11/8/2018 6:00:08 PM: createControls Loaded all Textbox dynamically
11/8/2018 6:00:08 PM: createControls Loaded all Textbox dynamically
11/8/2018 6:00:08 PM: createControls Loaded all Textbox dynamically
11/8/2018 6:00:08 PM: createControls Loaded all Textbox dynamically
11/8/2018 6:00:08 PM: createControls Loaded all Textbox dynamically
11/8/2018 6:00:08 PM: createControls Loaded all Textbox dynamically
11/8/2018 6:00:08 PM: createControls Loaded all Textbox dynamically
11/8/2018 6:00:08 PM: createControls Loaded all Textbox dynamically
11/8/2018 6:00:08 PM: createControls Loaded all Textbox dynamically
11/8/2018 6:00:08 PM: createControls Loaded all Textbox dynamically
11/8/2018 6:00:08 PM: createControls Finished
11/8/2018 6:00:08 PM: GetTemplateDetails started
11/8/2018 6:00:08 PM: generatecontrols Started
11/8/2018 6:00:09 PM: GenerateControls:Loaded all Textbox dynamically
11/8/2018 6:00:09 PM: GenerateControls:Loaded all Textbox dynamically
11/8/2018 6:00:09 PM: GenerateControls:Loaded all Textbox dynamically
11/8/2018 6:00:09 PM: GenerateControls:Loaded all Textbox dynamically
11/8/2018 6:00:09 PM: GenerateControls:Loaded all Textbox dynamically
11/8/2018 6:00:09 PM: GenerateControls:Loaded all Textbox dynamically
11/8/2018 6:00:09 PM: GenerateControls:Loaded all Textbox dynamically
11/8/2018 6:00:09 PM: GenerateControls:Loaded all Textbox dynamically
11/8/2018 6:00:09 PM: GenerateControls:Loaded all Textbox dynamically
11/8/2018 6:00:09 PM: GenerateControls:Loaded all Textbox dynamically
11/8/2018 6:00:12 PM: createControls Started
11/8/2018 6:00:12 PM: createControls Loaded all Textbox dynamically
11/8/2018 6:00:12 PM: createControls Loaded all Textbox dynamically
11/8/2018 6:00:12 PM: createControls Loaded all Textbox dynamically
11/8/2018 6:00:12 PM: createControls Loaded all Textbox dynamically
11/8/2018 6:00:12 PM: createControls Loaded all Textbox dynamically
11/8/2018 6:00:12 PM: createControls Loaded all Textbox dynamically
11/8/2018 6:00:12 PM: createControls Loaded all Textbox dynamically
11/8/2018 6:00:12 PM: createControls Loaded all Textbox dynamically
11/8/2018 6:00:12 PM: createControls Loaded all Textbox dynamically
11/8/2018 6:00:12 PM: createControls Loaded all Textbox dynamically
11/8/2018 6:00:12 PM: createControls Finished
11/8/2018 6:00:12 PM: Started Loading Entity Drop Down
11/8/2018 6:00:12 PM: Finished Loading Entity Drop Down
11/8/2018 6:00:17 PM: GetSginatureDetails Started:-
11/8/2018 6:00:17 PM: GetSginatureDetails Completed:-
11/8/2018 6:00:17 PM: GetTemplateDetails Started
11/8/2018 6:00:17 PM: GetTemplateDetails total record count:1
11/8/2018 6:00:17 PM: Create controls,Load all Textbox dynamic
11/8/2018 6:00:17 PM: Create controls,Load all Textbox dynamic
11/8/2018 6:00:17 PM: Create controls,Load all Textbox dynamic
11/8/2018 6:00:17 PM: Create controls,Load all Textbox dynamic
11/8/2018 6:00:17 PM: Create controls,Load all Textbox dynamic
11/8/2018 6:00:17 PM: Create controls,Load all Textbox dynamic
11/8/2018 6:00:17 PM: Create controls,Load all Textbox dynamic
11/8/2018 6:00:17 PM: Create controls,Load all Textbox dynamic
11/8/2018 6:00:17 PM: Create controls,Load all Textbox dynamic
11/8/2018 6:00:17 PM: Create controls,Load all Textbox dynamic
11/8/2018 6:00:17 PM: GetTemplateDetails Finished
11/8/2018 6:00:17 PM: InitializeDocumentView started
11/8/2018 6:00:19 PM: InitializeDocumentView finished
11/8/2018 6:00:19 PM: Calling database to get annotated images. DocumentId: 359140, Action: GetAnnotatedPages
11/8/2018 6:00:19 PM: Calling database to get annotated images. DocumentId: 359140, Action: GetTaggedPages
11/8/2018 6:00:19 PM: LoadImageToViewer started
11/8/2018 6:00:19 PM: Setting image to viewer. Action:  Page count: 195 Current Page:1
11/8/2018 6:00:19 PM: Converting PDF to JPEG. PDF Path: D:\WDMSDocument\TempWorkFolder\SUlfV0VfNzUyXzI3OV8xMDAx\1.pdf Image Name: SUlfV0VfNzUyXzI3OV8xMDAx Page No: 1
11/8/2018 6:00:19 PM: Converting PDF to JPEG without applying watermark.
11/8/2018 6:00:19 PM: Setting image to viewer using RegisterStartupScript: http://localhost:55361/generichandler.ashx?f=d://wdmsdocument//tempworkfolder//sulfv0vfnzuyxzi3ov8xmdaxjpg//1.jpeg
11/8/2018 6:00:19 PM: Invoke method to get annotations from databnase.
11/8/2018 6:00:19 PM: Get annotations from database.
11/8/2018 6:00:19 PM: Document Id: 359140 Page No: 1
11/8/2018 6:00:19 PM: Invoking method to get annotation data from database. Action: GetAnnotations
11/8/2018 6:00:19 PM: MailPanelFill started
11/8/2018 6:00:19 PM: MailPanelFill finished
11/8/2018 6:00:41 PM: GetTemplateDetails Started
11/8/2018 6:00:41 PM: GetTemplateDetails total record count:1
11/8/2018 6:00:41 PM: Create controls,Load all Textbox dynamic
11/8/2018 6:00:41 PM: Create controls,Load all Textbox dynamic
11/8/2018 6:00:41 PM: Create controls,Load all Textbox dynamic
11/8/2018 6:00:41 PM: Create controls,Load all Textbox dynamic
11/8/2018 6:00:41 PM: Create controls,Load all Textbox dynamic
11/8/2018 6:00:41 PM: Create controls,Load all Textbox dynamic
11/8/2018 6:00:41 PM: Create controls,Load all Textbox dynamic
11/8/2018 6:00:41 PM: Create controls,Load all Textbox dynamic
11/8/2018 6:00:41 PM: Create controls,Load all Textbox dynamic
11/8/2018 6:00:41 PM: Create controls,Load all Textbox dynamic
11/8/2018 6:00:41 PM: GetTemplateDetails Finished
11/8/2018 6:00:41 PM: btndeletetag_Click started
11/8/2018 6:00:41 PM: getAvailablePages Started
11/8/2018 6:00:41 PM: Calling database to get annotated images. DocumentId: 359140, Action: GetTaggedPages
11/8/2018 6:00:41 PM: btndeletetag_Click finished
11/8/2018 6:00:54 PM: GetTemplateDetails Started
11/8/2018 6:00:54 PM: GetTemplateDetails total record count:1
11/8/2018 6:00:54 PM: Create controls,Load all Textbox dynamic
11/8/2018 6:00:54 PM: Create controls,Load all Textbox dynamic
11/8/2018 6:00:54 PM: Create controls,Load all Textbox dynamic
11/8/2018 6:00:54 PM: Create controls,Load all Textbox dynamic
11/8/2018 6:00:54 PM: Create controls,Load all Textbox dynamic
11/8/2018 6:00:54 PM: Create controls,Load all Textbox dynamic
11/8/2018 6:00:54 PM: Create controls,Load all Textbox dynamic
11/8/2018 6:00:54 PM: Create controls,Load all Textbox dynamic
11/8/2018 6:00:54 PM: Create controls,Load all Textbox dynamic
11/8/2018 6:00:54 PM: Create controls,Load all Textbox dynamic
11/8/2018 6:00:54 PM: GetTemplateDetails Finished
11/8/2018 6:00:54 PM: getAvailablePages Started
11/8/2018 6:00:54 PM: LoadImageToViewer started
11/8/2018 6:00:54 PM: Setting image to viewer. Action:  Page count: 26 Current Page:1
11/8/2018 6:00:54 PM: Converting PDF to JPEG. PDF Path: D:\WDMSDocument\TempWorkFolder\SUlfV0VfNzUyXzI3OV8xMDAx\2.pdf Image Name: SUlfV0VfNzUyXzI3OV8xMDAx Page No: 2
11/8/2018 6:00:54 PM: Converting PDF to JPEG without applying watermark.
11/8/2018 6:00:55 PM: Setting image to viewer using RegisterStartupScript: http://localhost:55361/generichandler.ashx?f=d://wdmsdocument//tempworkfolder//sulfv0vfnzuyxzi3ov8xmdaxjpg//2.jpeg
11/8/2018 6:00:55 PM: Invoke method to get annotations from databnase.
11/8/2018 6:00:55 PM: Get annotations from database.
11/8/2018 6:00:55 PM: Document Id: 359140 Page No: 2
11/8/2018 6:00:55 PM: Invoking method to get annotation data from database. Action: GetAnnotations
