12/28/2018 12:54:25 PM: GetTemplateDetails started
12/28/2018 12:54:25 PM: generatecontrols Started
12/28/2018 12:54:25 PM: GenerateControls:Loaded all Textbox dynamically
12/28/2018 12:54:25 PM: GenerateControls:Loaded all Textbox dynamically
12/28/2018 12:54:25 PM: GenerateControls:Loaded all Textbox dynamically
12/28/2018 12:54:25 PM: GenerateControls:Loaded all Textbox dynamically
12/28/2018 12:54:25 PM: GenerateControls:Loaded all Textbox dynamically
12/28/2018 12:54:25 PM: GenerateControls:Loaded all Textbox dynamically
12/28/2018 12:54:25 PM: GenerateControls:Loaded all Textbox dynamically
12/28/2018 12:54:25 PM: GenerateControls:Loaded all Textbox dynamically
12/28/2018 12:54:25 PM: GenerateControls:Loaded all Textbox dynamically
12/28/2018 12:54:25 PM: GenerateControls:Loaded all Textbox dynamically
12/28/2018 12:54:25 PM: BindDocumentType started
12/28/2018 12:54:25 PM: BindDocumentType finished
12/28/2018 12:54:25 PM: createControls Started
12/28/2018 12:54:25 PM: createControls Loaded all Textbox dynamically
12/28/2018 12:54:25 PM: createControls Loaded all Textbox dynamically
12/28/2018 12:54:25 PM: createControls Loaded all Textbox dynamically
12/28/2018 12:54:25 PM: createControls Loaded all Textbox dynamically
12/28/2018 12:54:25 PM: createControls Loaded all Textbox dynamically
12/28/2018 12:54:25 PM: createControls Loaded all Textbox dynamically
12/28/2018 12:54:25 PM: createControls Loaded all Textbox dynamically
12/28/2018 12:54:25 PM: createControls Loaded all Textbox dynamically
12/28/2018 12:54:25 PM: createControls Loaded all Textbox dynamically
12/28/2018 12:54:25 PM: createControls Loaded all Textbox dynamically
12/28/2018 12:54:25 PM: createControls Finished
12/28/2018 12:54:42 PM: GetTemplateDetails started
12/28/2018 12:54:42 PM: generatecontrols Started
12/28/2018 12:54:42 PM: GenerateControls:Loaded all Textbox dynamically
12/28/2018 12:54:42 PM: GenerateControls:Loaded all Textbox dynamically
12/28/2018 12:54:42 PM: GenerateControls:Loaded all Textbox dynamically
12/28/2018 12:54:42 PM: GenerateControls:Loaded all Textbox dynamically
12/28/2018 12:54:42 PM: GenerateControls:Loaded all Textbox dynamically
12/28/2018 12:54:42 PM: GenerateControls:Loaded all Textbox dynamically
12/28/2018 12:54:42 PM: GenerateControls:Loaded all Textbox dynamically
12/28/2018 12:54:42 PM: GenerateControls:Loaded all Textbox dynamically
12/28/2018 12:54:42 PM: GenerateControls:Loaded all Textbox dynamically
12/28/2018 12:54:42 PM: GenerateControls:Loaded all Textbox dynamically
12/28/2018 12:54:42 PM: BindDocumentType started
12/28/2018 12:54:42 PM: BindDocumentType finished
12/28/2018 12:54:42 PM: createControls Started
12/28/2018 12:54:42 PM: createControls Loaded all Textbox dynamically
12/28/2018 12:54:42 PM: createControls Loaded all Textbox dynamically
12/28/2018 12:54:42 PM: createControls Loaded all Textbox dynamically
12/28/2018 12:54:42 PM: createControls Loaded all Textbox dynamically
12/28/2018 12:54:42 PM: createControls Loaded all Textbox dynamically
12/28/2018 12:54:42 PM: createControls Loaded all Textbox dynamically
12/28/2018 12:54:42 PM: createControls Loaded all Textbox dynamically
12/28/2018 12:54:42 PM: createControls Loaded all Textbox dynamically
12/28/2018 12:54:42 PM: createControls Loaded all Textbox dynamically
12/28/2018 12:54:42 PM: createControls Loaded all Textbox dynamically
12/28/2018 12:54:42 PM: createControls Finished
12/28/2018 12:54:43 PM: createControls Started
12/28/2018 12:54:43 PM: createControls Loaded all Textbox dynamically
12/28/2018 12:54:43 PM: createControls Loaded all Textbox dynamically
12/28/2018 12:54:43 PM: createControls Loaded all Textbox dynamically
12/28/2018 12:54:43 PM: createControls Loaded all Textbox dynamically
12/28/2018 12:54:43 PM: createControls Loaded all Textbox dynamically
12/28/2018 12:54:43 PM: createControls Loaded all Textbox dynamically
12/28/2018 12:54:43 PM: createControls Loaded all Textbox dynamically
12/28/2018 12:54:43 PM: createControls Loaded all Textbox dynamically
12/28/2018 12:54:43 PM: createControls Loaded all Textbox dynamically
12/28/2018 12:54:43 PM: createControls Loaded all Textbox dynamically
12/28/2018 12:54:43 PM: createControls Finished
