11/12/2018 1:29:33 PM: BindDocumentType started
11/12/2018 1:29:33 PM: BindDocumentType finished
11/12/2018 1:29:37 PM: createControls Started
11/12/2018 1:29:37 PM: createControls Loaded all Textbox dynamically
11/12/2018 1:29:37 PM: createControls Loaded all Textbox dynamically
11/12/2018 1:29:37 PM: createControls Loaded all Textbox dynamically
11/12/2018 1:29:37 PM: createControls Loaded all Textbox dynamically
11/12/2018 1:29:37 PM: createControls Loaded all Textbox dynamically
11/12/2018 1:29:37 PM: createControls Loaded all Textbox dynamically
11/12/2018 1:29:37 PM: createControls Loaded all Textbox dynamically
11/12/2018 1:29:37 PM: createControls Loaded all Textbox dynamically
11/12/2018 1:29:37 PM: createControls Loaded all Textbox dynamically
11/12/2018 1:29:37 PM: createControls Loaded all Textbox dynamically
11/12/2018 1:29:37 PM: createControls Finished
11/12/2018 1:29:37 PM: GetTemplateDetails started
11/12/2018 1:29:37 PM: generatecontrols Started
11/12/2018 1:29:37 PM: GenerateControls:Loaded all Textbox dynamically
11/12/2018 1:29:37 PM: GenerateControls:Loaded all Textbox dynamically
11/12/2018 1:29:37 PM: GenerateControls:Loaded all Textbox dynamically
11/12/2018 1:29:37 PM: GenerateControls:Loaded all Textbox dynamically
11/12/2018 1:29:37 PM: GenerateControls:Loaded all Textbox dynamically
11/12/2018 1:29:37 PM: GenerateControls:Loaded all Textbox dynamically
11/12/2018 1:29:37 PM: GenerateControls:Loaded all Textbox dynamically
11/12/2018 1:29:37 PM: GenerateControls:Loaded all Textbox dynamically
11/12/2018 1:29:37 PM: GenerateControls:Loaded all Textbox dynamically
11/12/2018 1:29:37 PM: GenerateControls:Loaded all Textbox dynamically
11/12/2018 1:29:40 PM: createControls Started
11/12/2018 1:29:40 PM: createControls Loaded all Textbox dynamically
11/12/2018 1:29:40 PM: createControls Loaded all Textbox dynamically
11/12/2018 1:29:40 PM: createControls Loaded all Textbox dynamically
11/12/2018 1:29:40 PM: createControls Loaded all Textbox dynamically
11/12/2018 1:29:40 PM: createControls Loaded all Textbox dynamically
11/12/2018 1:29:40 PM: createControls Loaded all Textbox dynamically
11/12/2018 1:29:40 PM: createControls Loaded all Textbox dynamically
11/12/2018 1:29:40 PM: createControls Loaded all Textbox dynamically
11/12/2018 1:29:40 PM: createControls Loaded all Textbox dynamically
11/12/2018 1:29:40 PM: createControls Loaded all Textbox dynamically
11/12/2018 1:29:40 PM: createControls Finished
11/12/2018 1:29:40 PM: Started Loading Entity Drop Down
11/12/2018 1:29:40 PM: Finished Loading Entity Drop Down
11/12/2018 1:29:44 PM: createControls Started
11/12/2018 1:29:44 PM: createControls Loaded all Textbox dynamically
11/12/2018 1:29:44 PM: createControls Loaded all Textbox dynamically
11/12/2018 1:29:44 PM: createControls Loaded all Textbox dynamically
11/12/2018 1:29:44 PM: createControls Loaded all Textbox dynamically
11/12/2018 1:29:44 PM: createControls Loaded all Textbox dynamically
11/12/2018 1:29:44 PM: createControls Loaded all Textbox dynamically
11/12/2018 1:29:44 PM: createControls Loaded all Textbox dynamically
11/12/2018 1:29:44 PM: createControls Loaded all Textbox dynamically
11/12/2018 1:29:44 PM: createControls Loaded all Textbox dynamically
11/12/2018 1:29:44 PM: createControls Loaded all Textbox dynamically
11/12/2018 1:29:44 PM: createControls Finished
11/12/2018 1:29:44 PM: GetTemplateDetails started
11/12/2018 1:29:44 PM: generatecontrols Started
11/12/2018 1:29:44 PM: GenerateControls:Loaded all Textbox dynamically
11/12/2018 1:29:44 PM: GenerateControls:Loaded all Textbox dynamically
11/12/2018 1:29:44 PM: GenerateControls:Loaded all Textbox dynamically
11/12/2018 1:29:44 PM: GenerateControls:Loaded all Textbox dynamically
11/12/2018 1:29:44 PM: GenerateControls:Loaded all Textbox dynamically
11/12/2018 1:29:44 PM: GenerateControls:Loaded all Textbox dynamically
11/12/2018 1:29:44 PM: GenerateControls:Loaded all Textbox dynamically
11/12/2018 1:29:44 PM: GenerateControls:Loaded all Textbox dynamically
11/12/2018 1:29:44 PM: GenerateControls:Loaded all Textbox dynamically
11/12/2018 1:29:44 PM: GenerateControls:Loaded all Textbox dynamically
11/12/2018 1:29:47 PM: createControls Started
11/12/2018 1:29:47 PM: createControls Loaded all Textbox dynamically
11/12/2018 1:29:47 PM: createControls Loaded all Textbox dynamically
11/12/2018 1:29:47 PM: createControls Loaded all Textbox dynamically
11/12/2018 1:29:47 PM: createControls Loaded all Textbox dynamically
11/12/2018 1:29:47 PM: createControls Loaded all Textbox dynamically
11/12/2018 1:29:47 PM: createControls Loaded all Textbox dynamically
11/12/2018 1:29:47 PM: createControls Loaded all Textbox dynamically
11/12/2018 1:29:47 PM: createControls Loaded all Textbox dynamically
11/12/2018 1:29:47 PM: createControls Loaded all Textbox dynamically
11/12/2018 1:29:47 PM: createControls Loaded all Textbox dynamically
11/12/2018 1:29:47 PM: createControls Finished
11/12/2018 1:29:47 PM: Started Loading Entity Drop Down
11/12/2018 1:29:47 PM: Finished Loading Entity Drop Down
11/12/2018 1:31:06 PM: GetSginatureDetails Started:-
11/12/2018 1:31:06 PM: GetSginatureDetails Completed:-
11/12/2018 1:31:06 PM: GetTemplateDetails Started
11/12/2018 1:31:06 PM: GetTemplateDetails total record count:1
11/12/2018 1:31:06 PM: Create controls,Load all Textbox dynamic
11/12/2018 1:31:06 PM: Create controls,Load all Textbox dynamic
11/12/2018 1:31:06 PM: Create controls,Load all Textbox dynamic
11/12/2018 1:31:06 PM: Create controls,Load all Textbox dynamic
11/12/2018 1:31:06 PM: Create controls,Load all Textbox dynamic
11/12/2018 1:31:06 PM: Create controls,Load all Textbox dynamic
11/12/2018 1:31:06 PM: Create controls,Load all Textbox dynamic
11/12/2018 1:31:06 PM: Create controls,Load all Textbox dynamic
11/12/2018 1:31:06 PM: Create controls,Load all Textbox dynamic
11/12/2018 1:31:06 PM: Create controls,Load all Textbox dynamic
11/12/2018 1:31:06 PM: GetTemplateDetails Finished
11/12/2018 1:31:06 PM: InitializeDocumentView started
11/12/2018 1:31:09 PM: InitializeDocumentView finished
11/12/2018 1:31:09 PM: Calling database to get annotated images. DocumentId: 359140, Action: GetAnnotatedPages
11/12/2018 1:31:09 PM: Calling database to get annotated images. DocumentId: 359140, Action: GetTaggedPages
11/12/2018 1:31:10 PM: LoadImageToViewer started
11/12/2018 1:31:10 PM: Setting image to viewer. Action:  Page count: 195 Current Page:1
11/12/2018 1:31:10 PM: Converting PDF to JPEG. PDF Path: D:\WDMSDocument\TempWorkFolder\SUlfV0VfNzUyXzI3OV8xMDAx\1.pdf Image Name: SUlfV0VfNzUyXzI3OV8xMDAx Page No: 1
11/12/2018 1:31:10 PM: Converting PDF to JPEG without applying watermark.
11/12/2018 1:31:10 PM: Setting image to viewer using RegisterStartupScript: http://localhost:55361/generichandler.ashx?f=d://wdmsdocument//tempworkfolder//sulfv0vfnzuyxzi3ov8xmdaxjpg//1.jpeg
11/12/2018 1:31:10 PM: Invoke method to get annotations from databnase.
11/12/2018 1:31:10 PM: Get annotations from database.
11/12/2018 1:31:10 PM: Document Id: 359140 Page No: 1
11/12/2018 1:31:10 PM: Invoking method to get annotation data from database. Action: GetAnnotations
11/12/2018 1:31:10 PM: MailPanelFill started
11/12/2018 1:31:10 PM: MailPanelFill finished
11/12/2018 1:31:44 PM: GetTemplateDetails Started
11/12/2018 1:31:44 PM: GetTemplateDetails total record count:1
11/12/2018 1:31:44 PM: Create controls,Load all Textbox dynamic
11/12/2018 1:31:44 PM: Create controls,Load all Textbox dynamic
11/12/2018 1:31:44 PM: Create controls,Load all Textbox dynamic
11/12/2018 1:31:44 PM: Create controls,Load all Textbox dynamic
11/12/2018 1:31:44 PM: Create controls,Load all Textbox dynamic
11/12/2018 1:31:44 PM: Create controls,Load all Textbox dynamic
11/12/2018 1:31:44 PM: Create controls,Load all Textbox dynamic
11/12/2018 1:31:44 PM: Create controls,Load all Textbox dynamic
11/12/2018 1:31:44 PM: Create controls,Load all Textbox dynamic
11/12/2018 1:31:44 PM: Create controls,Load all Textbox dynamic
11/12/2018 1:31:44 PM: GetTemplateDetails Finished
11/12/2018 1:31:44 PM: getAvailablePages Started
11/12/2018 1:31:45 PM: LoadImageToViewer started
11/12/2018 1:31:45 PM: Setting image to viewer. Action:  Page count: 26 Current Page:1
11/12/2018 1:31:45 PM: Converting PDF to JPEG. PDF Path: D:\WDMSDocument\TempWorkFolder\SUlfV0VfNzUyXzI3OV8xMDAx\2.pdf Image Name: SUlfV0VfNzUyXzI3OV8xMDAx Page No: 2
11/12/2018 1:31:45 PM: Converting PDF to JPEG without applying watermark.
11/12/2018 1:31:45 PM: Setting image to viewer using RegisterStartupScript: http://localhost:55361/generichandler.ashx?f=d://wdmsdocument//tempworkfolder//sulfv0vfnzuyxzi3ov8xmdaxjpg//2.jpeg
11/12/2018 1:31:45 PM: Invoke method to get annotations from databnase.
11/12/2018 1:31:45 PM: Get annotations from database.
11/12/2018 1:31:45 PM: Document Id: 359140 Page No: 2
11/12/2018 1:31:45 PM: Invoking method to get annotation data from database. Action: GetAnnotations
11/12/2018 1:31:51 PM: GetTemplateDetails Started
11/12/2018 1:31:51 PM: GetTemplateDetails total record count:1
11/12/2018 1:31:51 PM: Create controls,Load all Textbox dynamic
11/12/2018 1:31:51 PM: Create controls,Load all Textbox dynamic
11/12/2018 1:31:51 PM: Create controls,Load all Textbox dynamic
11/12/2018 1:31:51 PM: Create controls,Load all Textbox dynamic
11/12/2018 1:31:51 PM: Create controls,Load all Textbox dynamic
11/12/2018 1:31:51 PM: Create controls,Load all Textbox dynamic
11/12/2018 1:31:51 PM: Create controls,Load all Textbox dynamic
11/12/2018 1:31:51 PM: Create controls,Load all Textbox dynamic
11/12/2018 1:31:51 PM: Create controls,Load all Textbox dynamic
11/12/2018 1:31:51 PM: Create controls,Load all Textbox dynamic
11/12/2018 1:31:51 PM: GetTemplateDetails Finished
11/12/2018 1:31:52 PM: getAvailablePages Started
11/12/2018 1:31:52 PM: getAvailablePages Finished
11/12/2018 1:31:52 PM: getAvailablePages Started
11/12/2018 1:31:52 PM: LoadImageToViewer started
11/12/2018 1:31:52 PM: Setting image to viewer. Action:  Page count: 195 Current Page:2
11/12/2018 1:31:52 PM: Converting PDF to JPEG. PDF Path: D:\WDMSDocument\TempWorkFolder\SUlfV0VfNzUyXzI3OV8xMDAx\1.pdf Image Name: SUlfV0VfNzUyXzI3OV8xMDAx Page No: 1
11/12/2018 1:31:52 PM: Converting PDF to JPEG without applying watermark.
11/12/2018 1:31:52 PM: Setting image to viewer using RegisterStartupScript: http://localhost:55361/generichandler.ashx?f=d://wdmsdocument//tempworkfolder//sulfv0vfnzuyxzi3ov8xmdaxjpg//1.jpeg
11/12/2018 1:31:52 PM: Invoke method to get annotations from databnase.
11/12/2018 1:31:52 PM: Get annotations from database.
11/12/2018 1:31:52 PM: Document Id: 359140 Page No: 1
11/12/2018 1:31:52 PM: Invoking method to get annotation data from database. Action: GetAnnotations
11/12/2018 1:31:57 PM: GetTemplateDetails Started
11/12/2018 1:31:57 PM: GetTemplateDetails total record count:1
11/12/2018 1:31:57 PM: Create controls,Load all Textbox dynamic
11/12/2018 1:31:57 PM: Create controls,Load all Textbox dynamic
11/12/2018 1:31:57 PM: Create controls,Load all Textbox dynamic
11/12/2018 1:31:57 PM: Create controls,Load all Textbox dynamic
11/12/2018 1:31:57 PM: Create controls,Load all Textbox dynamic
11/12/2018 1:31:57 PM: Create controls,Load all Textbox dynamic
11/12/2018 1:31:57 PM: Create controls,Load all Textbox dynamic
11/12/2018 1:31:57 PM: Create controls,Load all Textbox dynamic
11/12/2018 1:31:57 PM: Create controls,Load all Textbox dynamic
11/12/2018 1:31:57 PM: Create controls,Load all Textbox dynamic
11/12/2018 1:31:57 PM: GetTemplateDetails Finished
11/12/2018 1:35:54 PM: GetTemplateDetails Started
11/12/2018 1:35:54 PM: GetTemplateDetails total record count:1
11/12/2018 1:35:54 PM: Create controls,Load all Textbox dynamic
11/12/2018 1:35:54 PM: Create controls,Load all Textbox dynamic
11/12/2018 1:35:54 PM: Create controls,Load all Textbox dynamic
11/12/2018 1:35:54 PM: Create controls,Load all Textbox dynamic
11/12/2018 1:35:54 PM: Create controls,Load all Textbox dynamic
11/12/2018 1:35:54 PM: Create controls,Load all Textbox dynamic
11/12/2018 1:35:54 PM: Create controls,Load all Textbox dynamic
11/12/2018 1:35:54 PM: Create controls,Load all Textbox dynamic
11/12/2018 1:35:54 PM: Create controls,Load all Textbox dynamic
11/12/2018 1:35:54 PM: Create controls,Load all Textbox dynamic
11/12/2018 1:35:54 PM: GetTemplateDetails Finished
11/12/2018 1:36:00 PM: GetTemplateDetails Started
11/12/2018 1:36:00 PM: GetTemplateDetails total record count:1
11/12/2018 1:36:00 PM: Create controls,Load all Textbox dynamic
11/12/2018 1:36:00 PM: Create controls,Load all Textbox dynamic
11/12/2018 1:36:00 PM: Create controls,Load all Textbox dynamic
11/12/2018 1:36:00 PM: Create controls,Load all Textbox dynamic
11/12/2018 1:36:00 PM: Create controls,Load all Textbox dynamic
11/12/2018 1:36:00 PM: Create controls,Load all Textbox dynamic
11/12/2018 1:36:00 PM: Create controls,Load all Textbox dynamic
11/12/2018 1:36:00 PM: Create controls,Load all Textbox dynamic
11/12/2018 1:36:00 PM: Create controls,Load all Textbox dynamic
11/12/2018 1:36:00 PM: Create controls,Load all Textbox dynamic
11/12/2018 1:36:00 PM: GetTemplateDetails Finished
11/12/2018 1:36:07 PM: GetSginatureDetails Started:-
11/12/2018 1:36:07 PM: GetSginatureDetails Completed:-
11/12/2018 1:36:07 PM: GetTemplateDetails Started
11/12/2018 1:36:07 PM: GetTemplateDetails total record count:1
11/12/2018 1:36:07 PM: Create controls,Load all Textbox dynamic
11/12/2018 1:36:07 PM: Create controls,Load all Textbox dynamic
11/12/2018 1:36:07 PM: Create controls,Load all Textbox dynamic
11/12/2018 1:36:07 PM: Create controls,Load all Textbox dynamic
11/12/2018 1:36:07 PM: Create controls,Load all Textbox dynamic
11/12/2018 1:36:07 PM: Create controls,Load all Textbox dynamic
11/12/2018 1:36:07 PM: Create controls,Load all Textbox dynamic
11/12/2018 1:36:07 PM: Create controls,Load all Textbox dynamic
11/12/2018 1:36:07 PM: Create controls,Load all Textbox dynamic
11/12/2018 1:36:07 PM: Create controls,Load all Textbox dynamic
11/12/2018 1:36:07 PM: GetTemplateDetails Finished
11/12/2018 1:36:07 PM: InitializeDocumentView started
11/12/2018 1:36:07 PM: InitializeDocumentView finished
11/12/2018 1:36:07 PM: Calling database to get annotated images. DocumentId: 359140, Action: GetAnnotatedPages
11/12/2018 1:36:07 PM: Calling database to get annotated images. DocumentId: 359140, Action: GetTaggedPages
11/12/2018 1:36:07 PM: LoadImageToViewer started
11/12/2018 1:36:07 PM: Setting image to viewer. Action:  Page count: 195 Current Page:1
11/12/2018 1:36:07 PM: Converting PDF to JPEG. PDF Path: D:\WDMSDocument\TempWorkFolder\SUlfV0VfNzUyXzI3OV8xMDAx\1.pdf Image Name: SUlfV0VfNzUyXzI3OV8xMDAx Page No: 1
11/12/2018 1:36:07 PM: Converting PDF to JPEG without applying watermark.
11/12/2018 1:36:08 PM: Setting image to viewer using RegisterStartupScript: http://localhost:55361/generichandler.ashx?f=d://wdmsdocument//tempworkfolder//sulfv0vfnzuyxzi3ov8xmdaxjpg//1.jpeg
11/12/2018 1:36:08 PM: Invoke method to get annotations from databnase.
11/12/2018 1:36:08 PM: Get annotations from database.
11/12/2018 1:36:08 PM: Document Id: 359140 Page No: 1
11/12/2018 1:36:08 PM: Invoking method to get annotation data from database. Action: GetAnnotations
11/12/2018 1:36:08 PM: MailPanelFill started
11/12/2018 1:36:08 PM: MailPanelFill finished
11/12/2018 1:36:13 PM: GetTemplateDetails Started
11/12/2018 1:36:13 PM: GetTemplateDetails total record count:1
11/12/2018 1:36:13 PM: Create controls,Load all Textbox dynamic
11/12/2018 1:36:13 PM: Create controls,Load all Textbox dynamic
11/12/2018 1:36:13 PM: Create controls,Load all Textbox dynamic
11/12/2018 1:36:13 PM: Create controls,Load all Textbox dynamic
11/12/2018 1:36:13 PM: Create controls,Load all Textbox dynamic
11/12/2018 1:36:13 PM: Create controls,Load all Textbox dynamic
11/12/2018 1:36:13 PM: Create controls,Load all Textbox dynamic
11/12/2018 1:36:13 PM: Create controls,Load all Textbox dynamic
11/12/2018 1:36:13 PM: Create controls,Load all Textbox dynamic
11/12/2018 1:36:13 PM: Create controls,Load all Textbox dynamic
11/12/2018 1:36:13 PM: GetTemplateDetails Finished
11/12/2018 1:36:45 PM: GetSginatureDetails Started:-
11/12/2018 1:36:45 PM: GetSginatureDetails Completed:-
11/12/2018 1:36:45 PM: GetTemplateDetails Started
11/12/2018 1:36:45 PM: GetTemplateDetails total record count:1
11/12/2018 1:36:45 PM: Create controls,Load all Textbox dynamic
11/12/2018 1:36:45 PM: Create controls,Load all Textbox dynamic
11/12/2018 1:36:45 PM: Create controls,Load all Textbox dynamic
11/12/2018 1:36:45 PM: Create controls,Load all Textbox dynamic
11/12/2018 1:36:45 PM: Create controls,Load all Textbox dynamic
11/12/2018 1:36:45 PM: Create controls,Load all Textbox dynamic
11/12/2018 1:36:45 PM: Create controls,Load all Textbox dynamic
11/12/2018 1:36:45 PM: Create controls,Load all Textbox dynamic
11/12/2018 1:36:45 PM: Create controls,Load all Textbox dynamic
11/12/2018 1:36:45 PM: Create controls,Load all Textbox dynamic
11/12/2018 1:36:45 PM: GetTemplateDetails Finished
11/12/2018 1:36:45 PM: InitializeDocumentView started
11/12/2018 1:36:47 PM: InitializeDocumentView finished
11/12/2018 1:36:47 PM: Calling database to get annotated images. DocumentId: 359140, Action: GetAnnotatedPages
11/12/2018 1:36:47 PM: Calling database to get annotated images. DocumentId: 359140, Action: GetTaggedPages
11/12/2018 1:36:47 PM: LoadImageToViewer started
11/12/2018 1:36:47 PM: Setting image to viewer. Action:  Page count: 195 Current Page:1
11/12/2018 1:36:47 PM: Converting PDF to JPEG. PDF Path: D:\WDMSDocument\TempWorkFolder\SUlfV0VfNzUyXzI3OV8xMDAx\1.pdf Image Name: SUlfV0VfNzUyXzI3OV8xMDAx Page No: 1
11/12/2018 1:36:47 PM: Converting PDF to JPEG without applying watermark.
11/12/2018 1:36:47 PM: Setting image to viewer using RegisterStartupScript: http://localhost:55361/generichandler.ashx?f=d://wdmsdocument//tempworkfolder//sulfv0vfnzuyxzi3ov8xmdaxjpg//1.jpeg
11/12/2018 1:36:47 PM: Invoke method to get annotations from databnase.
11/12/2018 1:36:47 PM: Get annotations from database.
11/12/2018 1:36:47 PM: Document Id: 359140 Page No: 1
11/12/2018 1:36:47 PM: Invoking method to get annotation data from database. Action: GetAnnotations
11/12/2018 1:36:47 PM: MailPanelFill started
11/12/2018 1:36:47 PM: MailPanelFill finished
11/12/2018 1:36:51 PM: GetTemplateDetails Started
11/12/2018 1:36:51 PM: GetTemplateDetails total record count:1
11/12/2018 1:36:51 PM: Create controls,Load all Textbox dynamic
11/12/2018 1:36:51 PM: Create controls,Load all Textbox dynamic
11/12/2018 1:36:51 PM: Create controls,Load all Textbox dynamic
11/12/2018 1:36:51 PM: Create controls,Load all Textbox dynamic
11/12/2018 1:36:51 PM: Create controls,Load all Textbox dynamic
11/12/2018 1:36:51 PM: Create controls,Load all Textbox dynamic
11/12/2018 1:36:51 PM: Create controls,Load all Textbox dynamic
11/12/2018 1:36:51 PM: Create controls,Load all Textbox dynamic
11/12/2018 1:36:51 PM: Create controls,Load all Textbox dynamic
11/12/2018 1:36:51 PM: Create controls,Load all Textbox dynamic
11/12/2018 1:36:51 PM: GetTemplateDetails Finished
11/12/2018 1:43:43 PM: BindDocumentType started
11/12/2018 1:43:43 PM: BindDocumentType finished
11/12/2018 1:43:47 PM: createControls Started
11/12/2018 1:43:47 PM: createControls Loaded all Textbox dynamically
11/12/2018 1:43:47 PM: createControls Loaded all Textbox dynamically
11/12/2018 1:43:47 PM: createControls Loaded all Textbox dynamically
11/12/2018 1:43:47 PM: createControls Loaded all Textbox dynamically
11/12/2018 1:43:47 PM: createControls Loaded all Textbox dynamically
11/12/2018 1:43:47 PM: createControls Loaded all Textbox dynamically
11/12/2018 1:43:47 PM: createControls Loaded all Textbox dynamically
11/12/2018 1:43:47 PM: createControls Loaded all Textbox dynamically
11/12/2018 1:43:47 PM: createControls Loaded all Textbox dynamically
11/12/2018 1:43:47 PM: createControls Loaded all Textbox dynamically
11/12/2018 1:43:47 PM: createControls Finished
11/12/2018 1:43:47 PM: GetTemplateDetails started
11/12/2018 1:43:47 PM: generatecontrols Started
11/12/2018 1:43:47 PM: GenerateControls:Loaded all Textbox dynamically
11/12/2018 1:43:47 PM: GenerateControls:Loaded all Textbox dynamically
11/12/2018 1:43:47 PM: GenerateControls:Loaded all Textbox dynamically
11/12/2018 1:43:47 PM: GenerateControls:Loaded all Textbox dynamically
11/12/2018 1:43:47 PM: GenerateControls:Loaded all Textbox dynamically
11/12/2018 1:43:47 PM: GenerateControls:Loaded all Textbox dynamically
11/12/2018 1:43:47 PM: GenerateControls:Loaded all Textbox dynamically
11/12/2018 1:43:47 PM: GenerateControls:Loaded all Textbox dynamically
11/12/2018 1:43:47 PM: GenerateControls:Loaded all Textbox dynamically
11/12/2018 1:43:47 PM: GenerateControls:Loaded all Textbox dynamically
11/12/2018 1:43:51 PM: createControls Started
11/12/2018 1:43:51 PM: createControls Loaded all Textbox dynamically
11/12/2018 1:43:51 PM: createControls Loaded all Textbox dynamically
11/12/2018 1:43:51 PM: createControls Loaded all Textbox dynamically
11/12/2018 1:43:51 PM: createControls Loaded all Textbox dynamically
11/12/2018 1:43:51 PM: createControls Loaded all Textbox dynamically
11/12/2018 1:43:51 PM: createControls Loaded all Textbox dynamically
11/12/2018 1:43:51 PM: createControls Loaded all Textbox dynamically
11/12/2018 1:43:51 PM: createControls Loaded all Textbox dynamically
11/12/2018 1:43:51 PM: createControls Loaded all Textbox dynamically
11/12/2018 1:43:51 PM: createControls Loaded all Textbox dynamically
11/12/2018 1:43:51 PM: createControls Finished
11/12/2018 1:43:51 PM: Started Loading Entity Drop Down
11/12/2018 1:43:51 PM: Finished Loading Entity Drop Down
11/12/2018 1:44:20 PM: BindDocumentType started
11/12/2018 1:44:20 PM: BindDocumentType finished
11/12/2018 1:44:24 PM: createControls Started
11/12/2018 1:44:24 PM: createControls Loaded all Textbox dynamically
11/12/2018 1:44:24 PM: createControls Loaded all Textbox dynamically
11/12/2018 1:44:24 PM: createControls Loaded all Textbox dynamically
11/12/2018 1:44:24 PM: createControls Loaded all Textbox dynamically
11/12/2018 1:44:24 PM: createControls Loaded all Textbox dynamically
11/12/2018 1:44:24 PM: createControls Loaded all Textbox dynamically
11/12/2018 1:44:24 PM: createControls Loaded all Textbox dynamically
11/12/2018 1:44:24 PM: createControls Loaded all Textbox dynamically
11/12/2018 1:44:24 PM: createControls Loaded all Textbox dynamically
11/12/2018 1:44:24 PM: createControls Loaded all Textbox dynamically
11/12/2018 1:44:24 PM: createControls Finished
11/12/2018 1:44:24 PM: GetTemplateDetails started
11/12/2018 1:44:24 PM: generatecontrols Started
11/12/2018 1:44:24 PM: GenerateControls:Loaded all Textbox dynamically
11/12/2018 1:44:24 PM: GenerateControls:Loaded all Textbox dynamically
11/12/2018 1:44:24 PM: GenerateControls:Loaded all Textbox dynamically
11/12/2018 1:44:24 PM: GenerateControls:Loaded all Textbox dynamically
11/12/2018 1:44:24 PM: GenerateControls:Loaded all Textbox dynamically
11/12/2018 1:44:24 PM: GenerateControls:Loaded all Textbox dynamically
11/12/2018 1:44:24 PM: GenerateControls:Loaded all Textbox dynamically
11/12/2018 1:44:24 PM: GenerateControls:Loaded all Textbox dynamically
11/12/2018 1:44:24 PM: GenerateControls:Loaded all Textbox dynamically
11/12/2018 1:44:24 PM: GenerateControls:Loaded all Textbox dynamically
11/12/2018 1:44:26 PM: createControls Started
11/12/2018 1:44:26 PM: createControls Loaded all Textbox dynamically
11/12/2018 1:44:26 PM: createControls Loaded all Textbox dynamically
11/12/2018 1:44:26 PM: createControls Loaded all Textbox dynamically
11/12/2018 1:44:26 PM: createControls Loaded all Textbox dynamically
11/12/2018 1:44:26 PM: createControls Loaded all Textbox dynamically
11/12/2018 1:44:26 PM: createControls Loaded all Textbox dynamically
11/12/2018 1:44:26 PM: createControls Loaded all Textbox dynamically
11/12/2018 1:44:26 PM: createControls Loaded all Textbox dynamically
11/12/2018 1:44:26 PM: createControls Loaded all Textbox dynamically
11/12/2018 1:44:26 PM: createControls Loaded all Textbox dynamically
11/12/2018 1:44:26 PM: createControls Finished
11/12/2018 1:44:26 PM: Started Loading Entity Drop Down
11/12/2018 1:44:26 PM: Finished Loading Entity Drop Down
