11/5/2018 6:10:23 PM: createControls Started
11/5/2018 6:10:23 PM: Create controls,Load all Textbox dynamic
11/5/2018 6:10:23 PM: Create controls,Load all Textbox dynamic
11/5/2018 6:10:23 PM: Create controls,Load all Textbox dynamic
11/5/2018 6:10:23 PM: Create controls,Load all Textbox dynamic
11/5/2018 6:10:23 PM: Create controls,Load all Textbox dynamic
11/5/2018 6:10:23 PM: Create controls,Load all Textbox dynamic
11/5/2018 6:10:23 PM: Create controls,Load all Textbox dynamic
11/5/2018 6:10:23 PM: Create controls,Load all Textbox dynamic
11/5/2018 6:10:23 PM: Create controls,Load all Textbox dynamic
11/5/2018 6:10:23 PM: Create controls,Load all Textbox dynamic
11/5/2018 6:10:23 PM: createControls Finished
11/5/2018 6:10:23 PM: generatecontrols Started
11/5/2018 6:10:23 PM: Calling database to get reference id and watermark.
11/5/2018 6:10:23 PM: Database returned result: II_WE_752_279_1001|
11/5/2018 6:10:23 PM: Generatecontrols,Load all Textbox dynamic
11/5/2018 6:10:23 PM: Generatecontrols,Load all Textbox dynamic
11/5/2018 6:10:23 PM: Generatecontrols,Load all Textbox dynamic
11/5/2018 6:10:23 PM: Generatecontrols,Load all Textbox dynamic
11/5/2018 6:10:23 PM: Generatecontrols,Load all Textbox dynamic
11/5/2018 6:10:23 PM: Generatecontrols,Load all Textbox dynamic
11/5/2018 6:10:23 PM: Generatecontrols,Load all Textbox dynamic
11/5/2018 6:10:23 PM: Generatecontrols,Load all Textbox dynamic
11/5/2018 6:10:23 PM: Generatecontrols,Load all Textbox dynamic
11/5/2018 6:10:23 PM: Generatecontrols,Load all Textbox dynamic
11/5/2018 6:10:24 PM: createControls Started
11/5/2018 6:10:24 PM: Create controls,Load all Textbox dynamic
11/5/2018 6:10:24 PM: Create controls,Load all Textbox dynamic
11/5/2018 6:10:24 PM: Create controls,Load all Textbox dynamic
11/5/2018 6:10:24 PM: Create controls,Load all Textbox dynamic
11/5/2018 6:10:24 PM: Create controls,Load all Textbox dynamic
11/5/2018 6:10:24 PM: Create controls,Load all Textbox dynamic
11/5/2018 6:10:24 PM: Create controls,Load all Textbox dynamic
11/5/2018 6:10:24 PM: Create controls,Load all Textbox dynamic
11/5/2018 6:10:24 PM: Create controls,Load all Textbox dynamic
11/5/2018 6:10:24 PM: Create controls,Load all Textbox dynamic
11/5/2018 6:10:24 PM: createControls Finished
11/5/2018 6:10:40 PM: createControls Started
11/5/2018 6:10:40 PM: Create controls,Load all Textbox dynamic
11/5/2018 6:10:40 PM: Create controls,Load all Textbox dynamic
11/5/2018 6:10:40 PM: Create controls,Load all Textbox dynamic
11/5/2018 6:10:40 PM: Create controls,Load all Textbox dynamic
11/5/2018 6:10:40 PM: Create controls,Load all Textbox dynamic
11/5/2018 6:10:40 PM: Create controls,Load all Textbox dynamic
11/5/2018 6:10:40 PM: Create controls,Load all Textbox dynamic
11/5/2018 6:10:40 PM: Create controls,Load all Textbox dynamic
11/5/2018 6:10:40 PM: Create controls,Load all Textbox dynamic
11/5/2018 6:10:40 PM: Create controls,Load all Textbox dynamic
11/5/2018 6:10:40 PM: createControls Finished
11/5/2018 6:10:40 PM: AsyncFileUpload1_UploadedComplete Started
11/5/2018 6:10:40 PM: Started Saving Uploaded Document in AsyncFileUpload1_UploadedComplete 
11/5/2018 6:10:40 PM: Finished Saving Uploaded Document in AsyncFileUpload1_UploadedComplete 
11/5/2018 6:10:41 PM: AsyncFileUpload1_UploadedComplete Pagecount of Image2Pdf().ExtractPages 195
11/5/2018 6:10:41 PM: AsyncFileUpload1_UploadedComplete Finished
11/5/2018 6:10:42 PM: createControls Started
11/5/2018 6:10:42 PM: Create controls,Load all Textbox dynamic
11/5/2018 6:10:42 PM: Create controls,Load all Textbox dynamic
11/5/2018 6:10:42 PM: Create controls,Load all Textbox dynamic
11/5/2018 6:10:42 PM: Create controls,Load all Textbox dynamic
11/5/2018 6:10:42 PM: Create controls,Load all Textbox dynamic
11/5/2018 6:10:42 PM: Create controls,Load all Textbox dynamic
11/5/2018 6:10:42 PM: Create controls,Load all Textbox dynamic
11/5/2018 6:10:42 PM: Create controls,Load all Textbox dynamic
11/5/2018 6:10:42 PM: Create controls,Load all Textbox dynamic
11/5/2018 6:10:42 PM: Create controls,Load all Textbox dynamic
11/5/2018 6:10:42 PM: createControls Finished
11/5/2018 6:10:42 PM: btnSubmit_Click Started
11/5/2018 6:10:42 PM: btnSubmit_Click Finished
11/5/2018 6:10:49 PM: createControls Started
11/5/2018 6:10:49 PM: Create controls,Load all Textbox dynamic
11/5/2018 6:10:49 PM: Create controls,Load all Textbox dynamic
11/5/2018 6:10:49 PM: Create controls,Load all Textbox dynamic
11/5/2018 6:10:49 PM: Create controls,Load all Textbox dynamic
11/5/2018 6:10:49 PM: Create controls,Load all Textbox dynamic
11/5/2018 6:10:49 PM: Create controls,Load all Textbox dynamic
11/5/2018 6:10:49 PM: Create controls,Load all Textbox dynamic
11/5/2018 6:10:49 PM: Create controls,Load all Textbox dynamic
11/5/2018 6:10:49 PM: Create controls,Load all Textbox dynamic
11/5/2018 6:10:49 PM: Create controls,Load all Textbox dynamic
11/5/2018 6:10:49 PM: createControls Finished
11/5/2018 6:10:49 PM: Started Saving Uploaded Document in Save Button Click
11/5/2018 6:10:53 PM: AsyncFileUpload1_UploadedComplete Started
11/5/2018 6:10:53 PM: AsyncFileUpload1_UploadedComplete Finished
11/5/2018 6:10:53 PM: GetDBFieldName the DBFld UPLOAD_vFld1
11/5/2018 6:10:53 PM: GetDBFieldName the DBFld UPLOAD_vFld2
11/5/2018 6:10:53 PM: GetDBFieldName the DBFld UPLOAD_vFld3
11/5/2018 6:10:53 PM: GetDBFieldName the DBFld UPLOAD_vFld4
11/5/2018 6:10:53 PM: GetDBFieldName the DBFld UPLOAD_vFld5
11/5/2018 6:10:53 PM: GetDBFieldName the DBFld UPLOAD_vFld6
11/5/2018 6:10:53 PM: GetDBFieldName the DBFld UPLOAD_vFld7
11/5/2018 6:10:53 PM: GetDBFieldName the DBFld UPLOAD_vFld8
11/5/2018 6:10:53 PM: GetDBFieldName the DBFld UPLOAD_vFld9
11/5/2018 6:10:53 PM: GetDBFieldName the DBFld UPLOAD_vFld10
11/5/2018 6:10:59 PM: CreateXML Started:-
11/5/2018 6:10:59 PM: CreateXML Completed:-
11/5/2018 6:10:59 PM: Save button click after saving or updating the ReturnCode= 0
11/5/2018 6:10:59 PM: Finished Saving Uploaded Document in Save Button Click
11/5/2018 6:10:59 PM: AsyncFileUpload1_UploadedComplete Started
11/5/2018 6:10:59 PM: AsyncFileUpload1_UploadedComplete Finished
11/5/2018 6:11:04 PM: BindDocumentType started
11/5/2018 6:11:04 PM: BindDocumentType finished
11/5/2018 6:11:07 PM: createControls Started
11/5/2018 6:11:07 PM: createControls Loaded all Textbox dynamically
11/5/2018 6:11:07 PM: createControls Loaded all Textbox dynamically
11/5/2018 6:11:07 PM: createControls Loaded all Textbox dynamically
11/5/2018 6:11:07 PM: createControls Loaded all Textbox dynamically
11/5/2018 6:11:07 PM: createControls Loaded all Textbox dynamically
11/5/2018 6:11:07 PM: createControls Loaded all Textbox dynamically
11/5/2018 6:11:07 PM: createControls Loaded all Textbox dynamically
11/5/2018 6:11:07 PM: createControls Loaded all Textbox dynamically
11/5/2018 6:11:07 PM: createControls Loaded all Textbox dynamically
11/5/2018 6:11:07 PM: createControls Loaded all Textbox dynamically
11/5/2018 6:11:07 PM: createControls Finished
11/5/2018 6:11:07 PM: GetTemplateDetails started
11/5/2018 6:11:07 PM: generatecontrols Started
11/5/2018 6:11:07 PM: GenerateControls:Loaded all Textbox dynamically
11/5/2018 6:11:07 PM: GenerateControls:Loaded all Textbox dynamically
11/5/2018 6:11:07 PM: GenerateControls:Loaded all Textbox dynamically
11/5/2018 6:11:07 PM: GenerateControls:Loaded all Textbox dynamically
11/5/2018 6:11:07 PM: GenerateControls:Loaded all Textbox dynamically
11/5/2018 6:11:07 PM: GenerateControls:Loaded all Textbox dynamically
11/5/2018 6:11:07 PM: GenerateControls:Loaded all Textbox dynamically
11/5/2018 6:11:07 PM: GenerateControls:Loaded all Textbox dynamically
11/5/2018 6:11:07 PM: GenerateControls:Loaded all Textbox dynamically
11/5/2018 6:11:07 PM: GenerateControls:Loaded all Textbox dynamically
11/5/2018 6:11:08 PM: createControls Started
11/5/2018 6:11:08 PM: createControls Loaded all Textbox dynamically
11/5/2018 6:11:08 PM: createControls Loaded all Textbox dynamically
11/5/2018 6:11:08 PM: createControls Loaded all Textbox dynamically
11/5/2018 6:11:08 PM: createControls Loaded all Textbox dynamically
11/5/2018 6:11:08 PM: createControls Loaded all Textbox dynamically
11/5/2018 6:11:08 PM: createControls Loaded all Textbox dynamically
11/5/2018 6:11:08 PM: createControls Loaded all Textbox dynamically
11/5/2018 6:11:08 PM: createControls Loaded all Textbox dynamically
11/5/2018 6:11:08 PM: createControls Loaded all Textbox dynamically
11/5/2018 6:11:08 PM: createControls Loaded all Textbox dynamically
11/5/2018 6:11:08 PM: createControls Finished
11/5/2018 6:11:08 PM: Started Loading Entity Drop Down
11/5/2018 6:11:08 PM: Finished Loading Entity Drop Down
11/5/2018 6:11:17 PM: createControls Started
11/5/2018 6:11:17 PM: createControls Loaded all Textbox dynamically
11/5/2018 6:11:17 PM: createControls Loaded all Textbox dynamically
11/5/2018 6:11:17 PM: createControls Loaded all Textbox dynamically
11/5/2018 6:11:17 PM: createControls Loaded all Textbox dynamically
11/5/2018 6:11:17 PM: createControls Loaded all Textbox dynamically
11/5/2018 6:11:17 PM: createControls Loaded all Textbox dynamically
11/5/2018 6:11:17 PM: createControls Loaded all Textbox dynamically
11/5/2018 6:11:17 PM: createControls Loaded all Textbox dynamically
11/5/2018 6:11:17 PM: createControls Loaded all Textbox dynamically
11/5/2018 6:11:17 PM: createControls Loaded all Textbox dynamically
11/5/2018 6:11:17 PM: createControls Finished
11/5/2018 6:11:19 PM: createControls Started
11/5/2018 6:11:19 PM: createControls Loaded all Textbox dynamically
11/5/2018 6:11:19 PM: createControls Loaded all Textbox dynamically
11/5/2018 6:11:19 PM: createControls Loaded all Textbox dynamically
11/5/2018 6:11:19 PM: createControls Loaded all Textbox dynamically
11/5/2018 6:11:19 PM: createControls Loaded all Textbox dynamically
11/5/2018 6:11:19 PM: createControls Loaded all Textbox dynamically
11/5/2018 6:11:19 PM: createControls Loaded all Textbox dynamically
11/5/2018 6:11:19 PM: createControls Loaded all Textbox dynamically
11/5/2018 6:11:19 PM: createControls Loaded all Textbox dynamically
11/5/2018 6:11:19 PM: createControls Loaded all Textbox dynamically
11/5/2018 6:11:19 PM: createControls Finished
11/5/2018 6:11:24 PM: createControls Started
11/5/2018 6:11:24 PM: createControls Loaded all Textbox dynamically
11/5/2018 6:11:24 PM: createControls Loaded all Textbox dynamically
11/5/2018 6:11:24 PM: createControls Loaded all Textbox dynamically
11/5/2018 6:11:24 PM: createControls Loaded all Textbox dynamically
11/5/2018 6:11:24 PM: createControls Loaded all Textbox dynamically
11/5/2018 6:11:24 PM: createControls Loaded all Textbox dynamically
11/5/2018 6:11:24 PM: createControls Loaded all Textbox dynamically
11/5/2018 6:11:24 PM: createControls Loaded all Textbox dynamically
11/5/2018 6:11:24 PM: createControls Loaded all Textbox dynamically
11/5/2018 6:11:24 PM: createControls Loaded all Textbox dynamically
11/5/2018 6:11:24 PM: createControls Finished
11/5/2018 6:11:24 PM: Started Loading Entity Drop Down
11/5/2018 6:11:24 PM: Finished Loading Entity Drop Down
