1/11/2019 5:04:46 PM: GetTemplateDetails started
1/11/2019 5:04:46 PM: generatecontrols Started
1/11/2019 5:04:46 PM: GenerateControls:Loaded all Textbox dynamically
1/11/2019 5:04:46 PM: GenerateControls:Loaded all Textbox dynamically
1/11/2019 5:04:46 PM: GenerateControls:Loaded all Textbox dynamically
1/11/2019 5:04:46 PM: GenerateControls:Loaded all Textbox dynamically
1/11/2019 5:04:46 PM: GenerateControls:Loaded all Textbox dynamically
1/11/2019 5:04:46 PM: GenerateControls:Loaded all Textbox dynamically
1/11/2019 5:04:46 PM: GenerateControls:Loaded all Textbox dynamically
1/11/2019 5:04:46 PM: GenerateControls:Loaded all Textbox dynamically
1/11/2019 5:04:46 PM: GenerateControls:Loaded all Textbox dynamically
1/11/2019 5:04:46 PM: GenerateControls:Loaded all Textbox dynamically
1/11/2019 5:04:46 PM: BindDocumentType started
1/11/2019 5:04:46 PM: BindDocumentType finished
1/11/2019 5:04:46 PM: createControls Started
1/11/2019 5:04:46 PM: createControls Loaded all Textbox dynamically
1/11/2019 5:04:46 PM: createControls Loaded all Textbox dynamically
1/11/2019 5:04:46 PM: createControls Loaded all Textbox dynamically
1/11/2019 5:04:46 PM: createControls Loaded all Textbox dynamically
1/11/2019 5:04:46 PM: createControls Loaded all Textbox dynamically
1/11/2019 5:04:46 PM: createControls Loaded all Textbox dynamically
1/11/2019 5:04:46 PM: createControls Loaded all Textbox dynamically
1/11/2019 5:04:46 PM: createControls Loaded all Textbox dynamically
1/11/2019 5:04:46 PM: createControls Loaded all Textbox dynamically
1/11/2019 5:04:46 PM: createControls Loaded all Textbox dynamically
1/11/2019 5:04:46 PM: createControls Finished
1/11/2019 5:04:49 PM: createControls Started
1/11/2019 5:04:49 PM: createControls Loaded all Textbox dynamically
1/11/2019 5:04:49 PM: createControls Loaded all Textbox dynamically
1/11/2019 5:04:49 PM: createControls Loaded all Textbox dynamically
1/11/2019 5:04:49 PM: createControls Loaded all Textbox dynamically
1/11/2019 5:04:49 PM: createControls Loaded all Textbox dynamically
1/11/2019 5:04:49 PM: createControls Loaded all Textbox dynamically
1/11/2019 5:04:49 PM: createControls Loaded all Textbox dynamically
1/11/2019 5:04:49 PM: createControls Loaded all Textbox dynamically
1/11/2019 5:04:49 PM: createControls Loaded all Textbox dynamically
1/11/2019 5:04:49 PM: createControls Loaded all Textbox dynamically
1/11/2019 5:04:49 PM: createControls Finished
1/11/2019 5:04:49 PM: Started Loading Entity Drop Down
1/11/2019 5:04:49 PM: Finished Loading Entity Drop Down
1/11/2019 5:04:59 PM: createControls Started
1/11/2019 5:04:59 PM: createControls Loaded all Textbox dynamically
1/11/2019 5:04:59 PM: createControls Loaded all Textbox dynamically
1/11/2019 5:04:59 PM: createControls Loaded all Textbox dynamically
1/11/2019 5:04:59 PM: createControls Loaded all Textbox dynamically
1/11/2019 5:04:59 PM: createControls Loaded all Textbox dynamically
1/11/2019 5:04:59 PM: createControls Loaded all Textbox dynamically
1/11/2019 5:04:59 PM: createControls Loaded all Textbox dynamically
1/11/2019 5:04:59 PM: createControls Loaded all Textbox dynamically
1/11/2019 5:04:59 PM: createControls Loaded all Textbox dynamically
1/11/2019 5:04:59 PM: createControls Loaded all Textbox dynamically
1/11/2019 5:04:59 PM: createControls Finished
1/11/2019 5:04:59 PM: GetTemplateDetails started
1/11/2019 5:04:59 PM: generatecontrols Started
1/11/2019 5:04:59 PM: GenerateControls:Loaded all Textbox dynamically
1/11/2019 5:04:59 PM: GenerateControls:Loaded all Textbox dynamically
1/11/2019 5:04:59 PM: GenerateControls:Loaded all Textbox dynamically
1/11/2019 5:04:59 PM: GenerateControls:Loaded all Textbox dynamically
1/11/2019 5:04:59 PM: GenerateControls:Loaded all Textbox dynamically
1/11/2019 5:04:59 PM: GenerateControls:Loaded all Textbox dynamically
1/11/2019 5:04:59 PM: GenerateControls:Loaded all Textbox dynamically
1/11/2019 5:04:59 PM: GenerateControls:Loaded all Textbox dynamically
1/11/2019 5:04:59 PM: GenerateControls:Loaded all Textbox dynamically
1/11/2019 5:04:59 PM: GenerateControls:Loaded all Textbox dynamically
1/11/2019 5:05:02 PM: createControls Started
1/11/2019 5:05:02 PM: createControls Loaded all Textbox dynamically
1/11/2019 5:05:02 PM: createControls Loaded all Textbox dynamically
1/11/2019 5:05:02 PM: createControls Loaded all Textbox dynamically
1/11/2019 5:05:02 PM: createControls Loaded all Textbox dynamically
1/11/2019 5:05:02 PM: createControls Loaded all Textbox dynamically
1/11/2019 5:05:02 PM: createControls Loaded all Textbox dynamically
1/11/2019 5:05:02 PM: createControls Loaded all Textbox dynamically
1/11/2019 5:05:02 PM: createControls Loaded all Textbox dynamically
1/11/2019 5:05:02 PM: createControls Loaded all Textbox dynamically
1/11/2019 5:05:02 PM: createControls Loaded all Textbox dynamically
1/11/2019 5:05:02 PM: createControls Finished
1/11/2019 5:05:02 PM: Started Loading Entity Drop Down
1/11/2019 5:05:02 PM: Finished Loading Entity Drop Down
1/11/2019 5:05:08 PM: GetSginatureDetails Started:-
1/11/2019 5:05:08 PM: GetSginatureDetails Completed:-
1/11/2019 5:05:08 PM: GetTemplateDetails Started
1/11/2019 5:05:08 PM: GetTemplateDetails total record count:1
1/11/2019 5:05:08 PM: Create controls,Load all Textbox dynamic
1/11/2019 5:05:08 PM: Create controls,Load all Textbox dynamic
1/11/2019 5:05:08 PM: Create controls,Load all Textbox dynamic
1/11/2019 5:05:08 PM: Create controls,Load all Textbox dynamic
1/11/2019 5:05:08 PM: Create controls,Load all Textbox dynamic
1/11/2019 5:05:08 PM: Create controls,Load all Textbox dynamic
1/11/2019 5:05:08 PM: Create controls,Load all Textbox dynamic
1/11/2019 5:05:08 PM: Create controls,Load all Textbox dynamic
1/11/2019 5:05:08 PM: Create controls,Load all Textbox dynamic
1/11/2019 5:05:08 PM: Create controls,Load all Textbox dynamic
1/11/2019 5:05:08 PM: GetTemplateDetails Finished
1/11/2019 5:05:08 PM: InitializeDocumentView started
1/11/2019 5:05:08 PM: InitializeDocumentView finished
1/11/2019 5:05:08 PM: Calling database to get annotated images. DocumentId: 359142, Action: GetAnnotatedPages
1/11/2019 5:05:08 PM: Calling database to get annotated images. DocumentId: 359142, Action: GetTaggedPages
1/11/2019 5:05:09 PM: LoadImageToViewer started
1/11/2019 5:05:09 PM: Setting image to viewer. Action:  Page count: 0 Current Page:1
1/11/2019 5:05:09 PM: MailPanelFill started
1/11/2019 5:05:09 PM: MailPanelFill finished
1/11/2019 5:05:27 PM: GetTemplateDetails started
1/11/2019 5:05:27 PM: generatecontrols Started
1/11/2019 5:05:27 PM: GenerateControls:Loaded all Textbox dynamically
1/11/2019 5:05:27 PM: GenerateControls:Loaded all Textbox dynamically
1/11/2019 5:05:27 PM: GenerateControls:Loaded all Textbox dynamically
1/11/2019 5:05:27 PM: GenerateControls:Loaded all Textbox dynamically
1/11/2019 5:05:27 PM: GenerateControls:Loaded all Textbox dynamically
1/11/2019 5:05:27 PM: GenerateControls:Loaded all Textbox dynamically
1/11/2019 5:05:27 PM: GenerateControls:Loaded all Textbox dynamically
1/11/2019 5:05:27 PM: GenerateControls:Loaded all Textbox dynamically
1/11/2019 5:05:27 PM: GenerateControls:Loaded all Textbox dynamically
1/11/2019 5:05:27 PM: GenerateControls:Loaded all Textbox dynamically
1/11/2019 5:05:27 PM: BindDocumentType started
1/11/2019 5:05:27 PM: BindDocumentType finished
1/11/2019 5:05:27 PM: createControls Started
1/11/2019 5:05:27 PM: createControls Loaded all Textbox dynamically
1/11/2019 5:05:27 PM: createControls Loaded all Textbox dynamically
1/11/2019 5:05:27 PM: createControls Loaded all Textbox dynamically
1/11/2019 5:05:27 PM: createControls Loaded all Textbox dynamically
1/11/2019 5:05:27 PM: createControls Loaded all Textbox dynamically
1/11/2019 5:05:27 PM: createControls Loaded all Textbox dynamically
1/11/2019 5:05:27 PM: createControls Loaded all Textbox dynamically
1/11/2019 5:05:27 PM: createControls Loaded all Textbox dynamically
1/11/2019 5:05:27 PM: createControls Loaded all Textbox dynamically
1/11/2019 5:05:27 PM: createControls Loaded all Textbox dynamically
1/11/2019 5:05:27 PM: createControls Finished
1/11/2019 5:05:36 PM: createControls Started
1/11/2019 5:05:36 PM: Create controls,Load all Textbox dynamic
1/11/2019 5:05:36 PM: Create controls,Load all Textbox dynamic
1/11/2019 5:05:36 PM: Create controls,Load all Textbox dynamic
1/11/2019 5:05:36 PM: Create controls,Load all Textbox dynamic
1/11/2019 5:05:36 PM: Create controls,Load all Textbox dynamic
1/11/2019 5:05:36 PM: Create controls,Load all Textbox dynamic
1/11/2019 5:05:36 PM: Create controls,Load all Textbox dynamic
1/11/2019 5:05:36 PM: Create controls,Load all Textbox dynamic
1/11/2019 5:05:36 PM: Create controls,Load all Textbox dynamic
1/11/2019 5:05:36 PM: Create controls,Load all Textbox dynamic
1/11/2019 5:05:36 PM: createControls Finished
1/11/2019 5:05:36 PM: generatecontrols Started
1/11/2019 5:05:36 PM: Calling database to get reference id and watermark.
1/11/2019 5:05:36 PM: Database returned result: II_WE_752_279_1028|
1/11/2019 5:05:36 PM: Generatecontrols,Load all Textbox dynamic
1/11/2019 5:05:36 PM: Generatecontrols,Load all Textbox dynamic
1/11/2019 5:05:36 PM: Generatecontrols,Load all Textbox dynamic
1/11/2019 5:05:36 PM: Generatecontrols,Load all Textbox dynamic
1/11/2019 5:05:36 PM: Generatecontrols,Load all Textbox dynamic
1/11/2019 5:05:36 PM: Generatecontrols,Load all Textbox dynamic
1/11/2019 5:05:36 PM: Generatecontrols,Load all Textbox dynamic
1/11/2019 5:05:36 PM: Generatecontrols,Load all Textbox dynamic
1/11/2019 5:05:36 PM: Generatecontrols,Load all Textbox dynamic
1/11/2019 5:05:36 PM: Generatecontrols,Load all Textbox dynamic
1/11/2019 5:05:37 PM: createControls Started
1/11/2019 5:05:37 PM: Create controls,Load all Textbox dynamic
1/11/2019 5:05:37 PM: Create controls,Load all Textbox dynamic
1/11/2019 5:05:37 PM: Create controls,Load all Textbox dynamic
1/11/2019 5:05:37 PM: Create controls,Load all Textbox dynamic
1/11/2019 5:05:37 PM: Create controls,Load all Textbox dynamic
1/11/2019 5:05:37 PM: Create controls,Load all Textbox dynamic
1/11/2019 5:05:37 PM: Create controls,Load all Textbox dynamic
1/11/2019 5:05:37 PM: Create controls,Load all Textbox dynamic
1/11/2019 5:05:37 PM: Create controls,Load all Textbox dynamic
1/11/2019 5:05:37 PM: Create controls,Load all Textbox dynamic
1/11/2019 5:05:37 PM: createControls Finished
1/11/2019 5:05:40 PM: createControls Started
1/11/2019 5:05:40 PM: Create controls,Load all Textbox dynamic
1/11/2019 5:05:40 PM: Create controls,Load all Textbox dynamic
1/11/2019 5:05:40 PM: Create controls,Load all Textbox dynamic
1/11/2019 5:05:40 PM: Create controls,Load all Textbox dynamic
1/11/2019 5:05:40 PM: Create controls,Load all Textbox dynamic
1/11/2019 5:05:40 PM: Create controls,Load all Textbox dynamic
1/11/2019 5:05:40 PM: Create controls,Load all Textbox dynamic
1/11/2019 5:05:40 PM: Create controls,Load all Textbox dynamic
1/11/2019 5:05:40 PM: Create controls,Load all Textbox dynamic
1/11/2019 5:05:40 PM: Create controls,Load all Textbox dynamic
1/11/2019 5:05:40 PM: createControls Finished
1/11/2019 5:05:40 PM: AsyncFileUpload1_UploadedComplete Started
1/11/2019 5:05:40 PM: Started Saving Uploaded Document in AsyncFileUpload1_UploadedComplete 
1/11/2019 5:05:40 PM: Finished Saving Uploaded Document in AsyncFileUpload1_UploadedComplete 
1/11/2019 5:05:40 PM: AsyncFileUpload1_UploadedComplete Pagecount of Image2Pdf().ExtractPages 6
1/11/2019 5:05:40 PM: AsyncFileUpload1_UploadedComplete Finished
1/11/2019 5:05:41 PM: createControls Started
1/11/2019 5:05:41 PM: Create controls,Load all Textbox dynamic
1/11/2019 5:05:41 PM: Create controls,Load all Textbox dynamic
1/11/2019 5:05:41 PM: Create controls,Load all Textbox dynamic
1/11/2019 5:05:41 PM: Create controls,Load all Textbox dynamic
1/11/2019 5:05:41 PM: Create controls,Load all Textbox dynamic
1/11/2019 5:05:41 PM: Create controls,Load all Textbox dynamic
1/11/2019 5:05:41 PM: Create controls,Load all Textbox dynamic
1/11/2019 5:05:41 PM: Create controls,Load all Textbox dynamic
1/11/2019 5:05:41 PM: Create controls,Load all Textbox dynamic
1/11/2019 5:05:41 PM: Create controls,Load all Textbox dynamic
1/11/2019 5:05:41 PM: createControls Finished
1/11/2019 5:05:41 PM: btnSubmit_Click Started
1/11/2019 5:05:41 PM: btnSubmit_Click Finished
1/11/2019 5:05:43 PM: createControls Started
1/11/2019 5:05:43 PM: Create controls,Load all Textbox dynamic
1/11/2019 5:05:43 PM: Create controls,Load all Textbox dynamic
1/11/2019 5:05:43 PM: Create controls,Load all Textbox dynamic
1/11/2019 5:05:43 PM: Create controls,Load all Textbox dynamic
1/11/2019 5:05:43 PM: Create controls,Load all Textbox dynamic
1/11/2019 5:05:43 PM: Create controls,Load all Textbox dynamic
1/11/2019 5:05:43 PM: Create controls,Load all Textbox dynamic
1/11/2019 5:05:43 PM: Create controls,Load all Textbox dynamic
1/11/2019 5:05:43 PM: Create controls,Load all Textbox dynamic
1/11/2019 5:05:43 PM: Create controls,Load all Textbox dynamic
1/11/2019 5:05:43 PM: createControls Finished
1/11/2019 5:05:43 PM: Started Saving Uploaded Document in Save Button Click
1/11/2019 5:05:43 PM: AsyncFileUpload1_UploadedComplete Started
1/11/2019 5:05:43 PM: AsyncFileUpload1_UploadedComplete Finished
1/11/2019 5:05:43 PM: GetDBFieldName the DBFld UPLOAD_vFld1
1/11/2019 5:05:43 PM: GetDBFieldName the DBFld UPLOAD_vFld2
1/11/2019 5:05:43 PM: GetDBFieldName the DBFld UPLOAD_vFld3
1/11/2019 5:05:43 PM: GetDBFieldName the DBFld UPLOAD_vFld4
1/11/2019 5:05:43 PM: GetDBFieldName the DBFld UPLOAD_vFld5
1/11/2019 5:05:43 PM: GetDBFieldName the DBFld UPLOAD_vFld6
1/11/2019 5:05:43 PM: GetDBFieldName the DBFld UPLOAD_vFld7
1/11/2019 5:05:43 PM: GetDBFieldName the DBFld UPLOAD_vFld8
1/11/2019 5:05:43 PM: GetDBFieldName the DBFld UPLOAD_vFld9
1/11/2019 5:05:43 PM: GetDBFieldName the DBFld UPLOAD_vFld10
1/11/2019 5:05:45 PM: CreateXML Started:-
1/11/2019 5:05:45 PM: CreateXML Completed:-
1/11/2019 5:05:45 PM: Save button click after saving or updating the ReturnCode= 0
1/11/2019 5:05:45 PM: Finished Saving Uploaded Document in Save Button Click
1/11/2019 5:05:45 PM: AsyncFileUpload1_UploadedComplete Started
1/11/2019 5:05:45 PM: AsyncFileUpload1_UploadedComplete Finished
1/11/2019 5:05:58 PM: GetTemplateDetails started
1/11/2019 5:05:58 PM: generatecontrols Started
1/11/2019 5:05:58 PM: GenerateControls:Loaded all Textbox dynamically
1/11/2019 5:05:58 PM: GenerateControls:Loaded all Textbox dynamically
1/11/2019 5:05:58 PM: GenerateControls:Loaded all Textbox dynamically
1/11/2019 5:05:58 PM: GenerateControls:Loaded all Textbox dynamically
1/11/2019 5:05:58 PM: GenerateControls:Loaded all Textbox dynamically
1/11/2019 5:05:58 PM: GenerateControls:Loaded all Textbox dynamically
1/11/2019 5:05:58 PM: GenerateControls:Loaded all Textbox dynamically
1/11/2019 5:05:58 PM: GenerateControls:Loaded all Textbox dynamically
1/11/2019 5:05:58 PM: GenerateControls:Loaded all Textbox dynamically
1/11/2019 5:05:58 PM: GenerateControls:Loaded all Textbox dynamically
1/11/2019 5:05:58 PM: BindDocumentType started
1/11/2019 5:05:58 PM: BindDocumentType finished
1/11/2019 5:05:58 PM: createControls Started
1/11/2019 5:05:58 PM: createControls Loaded all Textbox dynamically
1/11/2019 5:05:58 PM: createControls Loaded all Textbox dynamically
1/11/2019 5:05:58 PM: createControls Loaded all Textbox dynamically
1/11/2019 5:05:58 PM: createControls Loaded all Textbox dynamically
1/11/2019 5:05:58 PM: createControls Loaded all Textbox dynamically
1/11/2019 5:05:58 PM: createControls Loaded all Textbox dynamically
1/11/2019 5:05:58 PM: createControls Loaded all Textbox dynamically
1/11/2019 5:05:58 PM: createControls Loaded all Textbox dynamically
1/11/2019 5:05:58 PM: createControls Loaded all Textbox dynamically
1/11/2019 5:05:58 PM: createControls Loaded all Textbox dynamically
1/11/2019 5:05:58 PM: createControls Finished
1/11/2019 5:06:01 PM: createControls Started
1/11/2019 5:06:01 PM: createControls Loaded all Textbox dynamically
1/11/2019 5:06:01 PM: createControls Loaded all Textbox dynamically
1/11/2019 5:06:01 PM: createControls Loaded all Textbox dynamically
1/11/2019 5:06:01 PM: createControls Loaded all Textbox dynamically
1/11/2019 5:06:01 PM: createControls Loaded all Textbox dynamically
1/11/2019 5:06:01 PM: createControls Loaded all Textbox dynamically
1/11/2019 5:06:01 PM: createControls Loaded all Textbox dynamically
1/11/2019 5:06:01 PM: createControls Loaded all Textbox dynamically
1/11/2019 5:06:01 PM: createControls Loaded all Textbox dynamically
1/11/2019 5:06:01 PM: createControls Loaded all Textbox dynamically
1/11/2019 5:06:01 PM: createControls Finished
1/11/2019 5:06:01 PM: GetTemplateDetails started
1/11/2019 5:06:01 PM: generatecontrols Started
1/11/2019 5:06:01 PM: GenerateControls:Loaded all Textbox dynamically
1/11/2019 5:06:01 PM: GenerateControls:Loaded all Textbox dynamically
1/11/2019 5:06:01 PM: GenerateControls:Loaded all Textbox dynamically
1/11/2019 5:06:01 PM: GenerateControls:Loaded all Textbox dynamically
1/11/2019 5:06:01 PM: GenerateControls:Loaded all Textbox dynamically
1/11/2019 5:06:01 PM: GenerateControls:Loaded all Textbox dynamically
1/11/2019 5:06:01 PM: GenerateControls:Loaded all Textbox dynamically
1/11/2019 5:06:01 PM: GenerateControls:Loaded all Textbox dynamically
1/11/2019 5:06:01 PM: GenerateControls:Loaded all Textbox dynamically
1/11/2019 5:06:01 PM: GenerateControls:Loaded all Textbox dynamically
1/11/2019 5:06:03 PM: createControls Started
1/11/2019 5:06:03 PM: createControls Loaded all Textbox dynamically
1/11/2019 5:06:03 PM: createControls Loaded all Textbox dynamically
1/11/2019 5:06:03 PM: createControls Loaded all Textbox dynamically
1/11/2019 5:06:03 PM: createControls Loaded all Textbox dynamically
1/11/2019 5:06:03 PM: createControls Loaded all Textbox dynamically
1/11/2019 5:06:03 PM: createControls Loaded all Textbox dynamically
1/11/2019 5:06:03 PM: createControls Loaded all Textbox dynamically
1/11/2019 5:06:03 PM: createControls Loaded all Textbox dynamically
1/11/2019 5:06:03 PM: createControls Loaded all Textbox dynamically
1/11/2019 5:06:03 PM: createControls Loaded all Textbox dynamically
1/11/2019 5:06:03 PM: createControls Finished
1/11/2019 5:06:03 PM: Started Loading Entity Drop Down
1/11/2019 5:06:03 PM: Finished Loading Entity Drop Down
1/11/2019 5:06:05 PM: GetSginatureDetails Started:-
1/11/2019 5:06:05 PM: GetSginatureDetails Completed:-
1/11/2019 5:06:05 PM: GetTemplateDetails Started
1/11/2019 5:06:05 PM: GetTemplateDetails total record count:1
1/11/2019 5:06:05 PM: Create controls,Load all Textbox dynamic
1/11/2019 5:06:05 PM: Create controls,Load all Textbox dynamic
1/11/2019 5:06:05 PM: Create controls,Load all Textbox dynamic
1/11/2019 5:06:05 PM: Create controls,Load all Textbox dynamic
1/11/2019 5:06:05 PM: Create controls,Load all Textbox dynamic
1/11/2019 5:06:05 PM: Create controls,Load all Textbox dynamic
1/11/2019 5:06:05 PM: Create controls,Load all Textbox dynamic
1/11/2019 5:06:05 PM: Create controls,Load all Textbox dynamic
1/11/2019 5:06:05 PM: Create controls,Load all Textbox dynamic
1/11/2019 5:06:05 PM: Create controls,Load all Textbox dynamic
1/11/2019 5:06:05 PM: GetTemplateDetails Finished
1/11/2019 5:06:05 PM: InitializeDocumentView started
1/11/2019 5:06:05 PM: InitializeDocumentView finished
1/11/2019 5:06:05 PM: Calling database to get annotated images. DocumentId: 359167, Action: GetAnnotatedPages
1/11/2019 5:06:05 PM: Calling database to get annotated images. DocumentId: 359167, Action: GetTaggedPages
1/11/2019 5:06:05 PM: LoadImageToViewer started
1/11/2019 5:06:05 PM: Setting image to viewer. Action:  Page count: 6 Current Page:1
1/11/2019 5:06:05 PM: Converting PDF to JPEG. PDF Path: F:\WDMSDocument\TempWorkFolder\SUlfV0VfNzUyXzI3OV8xMDI4\1.pdf Image Name: SUlfV0VfNzUyXzI3OV8xMDI4 Page No: 1
1/11/2019 5:06:05 PM: Converting PDF to JPEG without applying watermark.
1/11/2019 5:06:05 PM: Setting image to viewer using RegisterStartupScript: http://localhost:55361/generichandler.ashx?f=f://wdmsdocument//tempworkfolder//sulfv0vfnzuyxzi3ov8xmdi4jpg//1.jpeg
1/11/2019 5:06:05 PM: Invoke method to get annotations from databnase.
1/11/2019 5:06:05 PM: Get annotations from database.
1/11/2019 5:06:05 PM: Document Id: 359167 Page No: 1
1/11/2019 5:06:05 PM: Invoking method to get annotation data from database. Action: GetAnnotations
1/11/2019 5:06:05 PM: MailPanelFill started
1/11/2019 5:06:05 PM: MailPanelFill finished
1/11/2019 5:06:15 PM: GetTemplateDetails Started
1/11/2019 5:06:15 PM: GetTemplateDetails total record count:1
1/11/2019 5:06:15 PM: Create controls,Load all Textbox dynamic
1/11/2019 5:06:15 PM: Create controls,Load all Textbox dynamic
1/11/2019 5:06:15 PM: Create controls,Load all Textbox dynamic
1/11/2019 5:06:15 PM: Create controls,Load all Textbox dynamic
1/11/2019 5:06:15 PM: Create controls,Load all Textbox dynamic
1/11/2019 5:06:15 PM: Create controls,Load all Textbox dynamic
1/11/2019 5:06:15 PM: Create controls,Load all Textbox dynamic
1/11/2019 5:06:15 PM: Create controls,Load all Textbox dynamic
1/11/2019 5:06:15 PM: Create controls,Load all Textbox dynamic
1/11/2019 5:06:15 PM: Create controls,Load all Textbox dynamic
1/11/2019 5:06:15 PM: GetTemplateDetails Finished
1/11/2019 5:06:15 PM: GetTemplateDetails Started
1/11/2019 5:06:15 PM: GetTemplateDetails total record count:1
1/11/2019 5:06:15 PM: Create controls,Load all Textbox dynamic
1/11/2019 5:06:15 PM: Create controls,Load all Textbox dynamic
1/11/2019 5:06:15 PM: Create controls,Load all Textbox dynamic
1/11/2019 5:06:15 PM: Create controls,Load all Textbox dynamic
1/11/2019 5:06:15 PM: Create controls,Load all Textbox dynamic
1/11/2019 5:06:15 PM: Create controls,Load all Textbox dynamic
1/11/2019 5:06:15 PM: Create controls,Load all Textbox dynamic
1/11/2019 5:06:15 PM: Create controls,Load all Textbox dynamic
1/11/2019 5:06:15 PM: Create controls,Load all Textbox dynamic
1/11/2019 5:06:15 PM: Create controls,Load all Textbox dynamic
1/11/2019 5:06:15 PM: GetTemplateDetails Finished
1/11/2019 5:06:15 PM: LoadImageToViewer started
1/11/2019 5:06:15 PM: Setting image to viewer. Action:  Page count: 6 Current Page:1
1/11/2019 5:06:15 PM: Converting PDF to JPEG. PDF Path: F:\WDMSDocument\TempWorkFolder\SUlfV0VfNzUyXzI3OV8xMDI4\1.pdf Image Name: SUlfV0VfNzUyXzI3OV8xMDI4 Page No: 1
1/11/2019 5:06:15 PM: Converting PDF to JPEG without applying watermark.
1/11/2019 5:06:15 PM: Setting image to viewer using RegisterStartupScript: http://localhost:55361/generichandler.ashx?f=f://wdmsdocument//tempworkfolder//sulfv0vfnzuyxzi3ov8xmdi4jpg//1.jpeg
1/11/2019 5:06:15 PM: Invoke method to get annotations from databnase.
1/11/2019 5:06:15 PM: Get annotations from database.
1/11/2019 5:06:15 PM: Document Id: 359167 Page No: 1
1/11/2019 5:06:15 PM: Invoking method to get annotation data from database. Action: GetAnnotations
1/11/2019 5:06:15 PM: btnLock_Click started
1/11/2019 5:06:15 PM: LoadImageToViewer started
1/11/2019 5:06:15 PM: Setting image to viewer. Action:  Page count: 6 Current Page:1
1/11/2019 5:06:15 PM: Converting PDF to JPEG. PDF Path: F:\WDMSDocument\TempWorkFolder\SUlfV0VfNzUyXzI3OV8xMDI4\1.pdf Image Name: SUlfV0VfNzUyXzI3OV8xMDI4 Page No: 1
1/11/2019 5:06:15 PM: Converting PDF to JPEG without applying watermark.
1/11/2019 5:06:15 PM: Setting image to viewer using RegisterStartupScript: http://localhost:55361/generichandler.ashx?f=f://wdmsdocument//tempworkfolder//sulfv0vfnzuyxzi3ov8xmdi4jpg//1.jpeg
1/11/2019 5:06:15 PM: Invoke method to get annotations from databnase.
1/11/2019 5:06:15 PM: Get annotations from database.
1/11/2019 5:06:15 PM: Document Id: 359167 Page No: 1
1/11/2019 5:06:15 PM: Invoking method to get annotation data from database. Action: GetAnnotations
1/11/2019 5:06:15 PM: btnLock_Click finished
1/11/2019 5:06:21 PM: GetTemplateDetails Started
1/11/2019 5:06:21 PM: GetTemplateDetails total record count:1
1/11/2019 5:06:21 PM: Create controls,Load all Textbox dynamic
1/11/2019 5:06:21 PM: Create controls,Load all Textbox dynamic
1/11/2019 5:06:21 PM: Create controls,Load all Textbox dynamic
1/11/2019 5:06:21 PM: Create controls,Load all Textbox dynamic
1/11/2019 5:06:21 PM: Create controls,Load all Textbox dynamic
1/11/2019 5:06:21 PM: Create controls,Load all Textbox dynamic
1/11/2019 5:06:21 PM: Create controls,Load all Textbox dynamic
1/11/2019 5:06:21 PM: Create controls,Load all Textbox dynamic
1/11/2019 5:06:21 PM: Create controls,Load all Textbox dynamic
1/11/2019 5:06:21 PM: Create controls,Load all Textbox dynamic
1/11/2019 5:06:21 PM: GetTemplateDetails Finished
1/11/2019 5:06:21 PM: Document Download Details aspx - Started Saving Uploaded Document in AsyncFileUpload1_UploadedComplete 
1/11/2019 5:06:21 PM: Uploaded file saved to F:\WDMSDocument\TempWorkFolder\SUlfV0VfNzUyXzI3OV8xMDI4.pdf
1/11/2019 5:06:21 PM: Merging pdf file.
1/11/2019 5:06:21 PM: Splitting pdf file.
1/11/2019 5:06:21 PM: getAvailablePages Started
1/11/2019 5:06:21 PM: Deleting temporary files.
1/11/2019 5:06:21 PM: Document Download Details aspx Finished Saving Uploaded Document in AsyncFileUpload1_UploadedComplete 
1/11/2019 5:06:21 PM: GetTemplateDetails Started
1/11/2019 5:06:21 PM: GetTemplateDetails total record count:1
1/11/2019 5:06:21 PM: Create controls,Load all Textbox dynamic
1/11/2019 5:06:21 PM: Create controls,Load all Textbox dynamic
1/11/2019 5:06:21 PM: Create controls,Load all Textbox dynamic
1/11/2019 5:06:21 PM: Create controls,Load all Textbox dynamic
1/11/2019 5:06:21 PM: Create controls,Load all Textbox dynamic
1/11/2019 5:06:21 PM: Create controls,Load all Textbox dynamic
1/11/2019 5:06:21 PM: Create controls,Load all Textbox dynamic
1/11/2019 5:06:21 PM: Create controls,Load all Textbox dynamic
1/11/2019 5:06:21 PM: Create controls,Load all Textbox dynamic
1/11/2019 5:06:21 PM: Create controls,Load all Textbox dynamic
1/11/2019 5:06:21 PM: GetTemplateDetails Finished
1/11/2019 5:06:21 PM: btnReloadiFrame_Click Started
1/11/2019 5:06:21 PM: ReloadIframe Started
1/11/2019 5:06:21 PM: LoadImageToViewer started
1/11/2019 5:06:21 PM: Setting image to viewer. Action:  Page count: 6 Current Page:1
1/11/2019 5:06:21 PM: Converting PDF to JPEG. PDF Path: F:\WDMSDocument\TempWorkFolder\SUlfV0VfNzUyXzI3OV8xMDI4\1.pdf Image Name: SUlfV0VfNzUyXzI3OV8xMDI4 Page No: 1
1/11/2019 5:06:21 PM: Converting PDF to JPEG without applying watermark.
1/11/2019 5:06:21 PM: Setting image to viewer using RegisterStartupScript: http://localhost:55361/generichandler.ashx?f=f://wdmsdocument//tempworkfolder//sulfv0vfnzuyxzi3ov8xmdi4jpg//1.jpeg
1/11/2019 5:06:22 PM: Invoke method to get annotations from databnase.
1/11/2019 5:06:22 PM: Get annotations from database.
1/11/2019 5:06:22 PM: Document Id: 359167 Page No: 1
1/11/2019 5:06:22 PM: Invoking method to get annotation data from database. Action: GetAnnotations
1/11/2019 5:06:22 PM: ReloadIframe Finished
1/11/2019 5:06:22 PM: LoadImageToViewer started
1/11/2019 5:06:22 PM: Setting image to viewer. Action:  Page count: 8 Current Page:1
1/11/2019 5:06:22 PM: Converting PDF to JPEG. PDF Path: F:\WDMSDocument\TempWorkFolder\SUlfV0VfNzUyXzI3OV8xMDI4\1.pdf Image Name: SUlfV0VfNzUyXzI3OV8xMDI4 Page No: 1
1/11/2019 5:06:22 PM: Converting PDF to JPEG without applying watermark.
1/11/2019 5:06:22 PM: Setting image to viewer using RegisterStartupScript: http://localhost:55361/generichandler.ashx?f=f://wdmsdocument//tempworkfolder//sulfv0vfnzuyxzi3ov8xmdi4jpg//1.jpeg
1/11/2019 5:06:22 PM: Invoke method to get annotations from databnase.
1/11/2019 5:06:22 PM: Get annotations from database.
1/11/2019 5:06:22 PM: Document Id: 359167 Page No: 1
1/11/2019 5:06:22 PM: Invoking method to get annotation data from database. Action: GetAnnotations
1/11/2019 5:06:22 PM: btnReloadiFrame_Click finished
1/11/2019 5:06:25 PM: GetTemplateDetails Started
1/11/2019 5:06:25 PM: GetTemplateDetails total record count:1
1/11/2019 5:06:25 PM: Create controls,Load all Textbox dynamic
1/11/2019 5:06:25 PM: Create controls,Load all Textbox dynamic
1/11/2019 5:06:25 PM: Create controls,Load all Textbox dynamic
1/11/2019 5:06:25 PM: Create controls,Load all Textbox dynamic
1/11/2019 5:06:25 PM: Create controls,Load all Textbox dynamic
1/11/2019 5:06:25 PM: Create controls,Load all Textbox dynamic
1/11/2019 5:06:25 PM: Create controls,Load all Textbox dynamic
1/11/2019 5:06:25 PM: Create controls,Load all Textbox dynamic
1/11/2019 5:06:25 PM: Create controls,Load all Textbox dynamic
1/11/2019 5:06:25 PM: Create controls,Load all Textbox dynamic
1/11/2019 5:06:25 PM: GetTemplateDetails Finished
1/11/2019 5:06:25 PM: btnCommitChanges_Click started
1/11/2019 5:06:25 PM: btnCommitChanges_Click modified count:1
1/11/2019 5:06:25 PM: Versionmanagement started 
1/11/2019 5:06:26 PM: Versionmanagement finished 
1/11/2019 5:06:26 PM: Started moving Uploaded Document in SaveDocumentChanges from commit changes
1/11/2019 5:06:26 PM: Renaming document name to original file name
1/11/2019 5:06:26 PM: Zipping documents before moving documents from tempfolder to original location
1/11/2019 5:06:26 PM: moving the modified splitted file from tempfolder to original folder
1/11/2019 5:06:26 PM: Finished Saving Uploaded Document in Save Button Click
1/11/2019 5:06:26 PM: Save button click after saving or updating the result= Document saved successfully.
1/11/2019 5:06:26 PM: Deleteing original file; first copied.
1/11/2019 5:06:26 PM: Deleteing zip file
1/11/2019 5:06:26 PM: Deleting all modified versions documents
1/11/2019 5:06:26 PM: Deleting splitted JPG files directory.
1/11/2019 5:06:26 PM: InitializeDocumentView started
1/11/2019 5:06:26 PM: InitializeDocumentView finished
1/11/2019 5:06:26 PM: LoadImageToViewer started
1/11/2019 5:06:26 PM: Setting image to viewer. Action:  Page count: 8 Current Page:1
1/11/2019 5:06:26 PM: getAvailablePages Started
1/11/2019 5:06:26 PM: btnCommitChanges_Click finished
1/11/2019 5:06:27 PM: GetTemplateDetails Started
1/11/2019 5:06:27 PM: GetTemplateDetails total record count:1
1/11/2019 5:06:27 PM: Create controls,Load all Textbox dynamic
1/11/2019 5:06:27 PM: Create controls,Load all Textbox dynamic
1/11/2019 5:06:27 PM: Create controls,Load all Textbox dynamic
1/11/2019 5:06:27 PM: Create controls,Load all Textbox dynamic
1/11/2019 5:06:27 PM: Create controls,Load all Textbox dynamic
1/11/2019 5:06:27 PM: Create controls,Load all Textbox dynamic
1/11/2019 5:06:27 PM: Create controls,Load all Textbox dynamic
1/11/2019 5:06:27 PM: Create controls,Load all Textbox dynamic
1/11/2019 5:06:27 PM: Create controls,Load all Textbox dynamic
1/11/2019 5:06:27 PM: Create controls,Load all Textbox dynamic
1/11/2019 5:06:27 PM: GetTemplateDetails Finished
1/11/2019 5:06:27 PM: LoadImageToViewer started
1/11/2019 5:06:27 PM: Setting image to viewer. Action: GOTO Page count: 8 Current Page:1
1/11/2019 5:06:27 PM: Converting PDF to JPEG. PDF Path: F:\WDMSDocument\TempWorkFolder\SUlfV0VfNzUyXzI3OV8xMDI4\1.pdf Image Name: SUlfV0VfNzUyXzI3OV8xMDI4 Page No: 1
1/11/2019 5:06:27 PM: Converting PDF to JPEG without applying watermark.
1/11/2019 5:06:27 PM: Setting image to viewer using RegisterStartupScript: http://localhost:55361/generichandler.ashx?f=f://wdmsdocument//tempworkfolder//sulfv0vfnzuyxzi3ov8xmdi4jpg//1.jpeg
1/11/2019 5:06:27 PM: Invoke method to get annotations from databnase.
1/11/2019 5:06:27 PM: Get annotations from database.
1/11/2019 5:06:27 PM: Document Id: 359167 Page No: 1
1/11/2019 5:06:27 PM: Invoking method to get annotation data from database. Action: GetAnnotations
1/11/2019 5:07:03 PM: GetTemplateDetails Started
1/11/2019 5:07:03 PM: GetTemplateDetails total record count:1
1/11/2019 5:07:03 PM: Create controls,Load all Textbox dynamic
1/11/2019 5:07:03 PM: Create controls,Load all Textbox dynamic
1/11/2019 5:07:03 PM: Create controls,Load all Textbox dynamic
1/11/2019 5:07:03 PM: Create controls,Load all Textbox dynamic
1/11/2019 5:07:03 PM: Create controls,Load all Textbox dynamic
1/11/2019 5:07:03 PM: Create controls,Load all Textbox dynamic
1/11/2019 5:07:03 PM: Create controls,Load all Textbox dynamic
1/11/2019 5:07:03 PM: Create controls,Load all Textbox dynamic
1/11/2019 5:07:03 PM: Create controls,Load all Textbox dynamic
1/11/2019 5:07:03 PM: Create controls,Load all Textbox dynamic
1/11/2019 5:07:03 PM: GetTemplateDetails Finished
1/11/2019 5:07:03 PM: GetTemplateDetails Started
1/11/2019 5:07:03 PM: GetTemplateDetails total record count:1
1/11/2019 5:07:03 PM: Create controls,Load all Textbox dynamic
1/11/2019 5:07:03 PM: Create controls,Load all Textbox dynamic
1/11/2019 5:07:03 PM: Create controls,Load all Textbox dynamic
1/11/2019 5:07:03 PM: Create controls,Load all Textbox dynamic
1/11/2019 5:07:03 PM: Create controls,Load all Textbox dynamic
1/11/2019 5:07:03 PM: Create controls,Load all Textbox dynamic
1/11/2019 5:07:03 PM: Create controls,Load all Textbox dynamic
1/11/2019 5:07:03 PM: Create controls,Load all Textbox dynamic
1/11/2019 5:07:03 PM: Create controls,Load all Textbox dynamic
1/11/2019 5:07:03 PM: Create controls,Load all Textbox dynamic
1/11/2019 5:07:03 PM: GetTemplateDetails Finished
1/11/2019 5:07:03 PM: LoadImageToViewer started
1/11/2019 5:07:03 PM: Setting image to viewer. Action: GOTO Page count: 8 Current Page:1
1/11/2019 5:07:03 PM: Converting PDF to JPEG. PDF Path: F:\WDMSDocument\TempWorkFolder\SUlfV0VfNzUyXzI3OV8xMDI4\1.pdf Image Name: SUlfV0VfNzUyXzI3OV8xMDI4 Page No: 1
1/11/2019 5:07:03 PM: Converting PDF to JPEG without applying watermark.
1/11/2019 5:07:03 PM: Setting image to viewer using RegisterStartupScript: http://localhost:55361/generichandler.ashx?f=f://wdmsdocument//tempworkfolder//sulfv0vfnzuyxzi3ov8xmdi4jpg//1.jpeg
1/11/2019 5:07:03 PM: Invoke method to get annotations from databnase.
1/11/2019 5:07:03 PM: Get annotations from database.
1/11/2019 5:07:03 PM: Document Id: 359167 Page No: 1
1/11/2019 5:07:03 PM: Invoking method to get annotation data from database. Action: GetAnnotations
1/11/2019 5:07:03 PM: btnLock_Click started
1/11/2019 5:07:03 PM: LoadImageToViewer started
1/11/2019 5:07:03 PM: Setting image to viewer. Action: GOTO Page count: 8 Current Page:1
1/11/2019 5:07:03 PM: Converting PDF to JPEG. PDF Path: F:\WDMSDocument\TempWorkFolder\SUlfV0VfNzUyXzI3OV8xMDI4\1.pdf Image Name: SUlfV0VfNzUyXzI3OV8xMDI4 Page No: 1
1/11/2019 5:07:03 PM: Converting PDF to JPEG without applying watermark.
1/11/2019 5:07:03 PM: Setting image to viewer using RegisterStartupScript: http://localhost:55361/generichandler.ashx?f=f://wdmsdocument//tempworkfolder//sulfv0vfnzuyxzi3ov8xmdi4jpg//1.jpeg
1/11/2019 5:07:03 PM: Invoke method to get annotations from databnase.
1/11/2019 5:07:03 PM: Get annotations from database.
1/11/2019 5:07:03 PM: Document Id: 359167 Page No: 1
1/11/2019 5:07:03 PM: Invoking method to get annotation data from database. Action: GetAnnotations
1/11/2019 5:07:03 PM: btnLock_Click finished
1/11/2019 5:07:14 PM: GetTemplateDetails Started
1/11/2019 5:07:14 PM: GetTemplateDetails total record count:1
1/11/2019 5:07:14 PM: Create controls,Load all Textbox dynamic
1/11/2019 5:07:14 PM: Create controls,Load all Textbox dynamic
1/11/2019 5:07:14 PM: Create controls,Load all Textbox dynamic
1/11/2019 5:07:14 PM: Create controls,Load all Textbox dynamic
1/11/2019 5:07:14 PM: Create controls,Load all Textbox dynamic
1/11/2019 5:07:14 PM: Create controls,Load all Textbox dynamic
1/11/2019 5:07:14 PM: Create controls,Load all Textbox dynamic
1/11/2019 5:07:14 PM: Create controls,Load all Textbox dynamic
1/11/2019 5:07:14 PM: Create controls,Load all Textbox dynamic
1/11/2019 5:07:14 PM: Create controls,Load all Textbox dynamic
1/11/2019 5:07:14 PM: GetTemplateDetails Finished
1/11/2019 5:07:14 PM: Document Download Details aspx - Started Saving Uploaded Document in AsyncFileUpload1_UploadedComplete 
1/11/2019 5:07:14 PM: Uploaded file saved to F:\WDMSDocument\TempWorkFolder\SUlfV0VfNzUyXzI3OV8xMDI4.pdf
1/11/2019 5:07:14 PM: Merging pdf file.
1/11/2019 5:07:14 PM: Splitting pdf file.
1/11/2019 5:07:14 PM: getAvailablePages Started
1/11/2019 5:07:14 PM: Deleting temporary files.
1/11/2019 5:07:14 PM: Document Download Details aspx Finished Saving Uploaded Document in AsyncFileUpload1_UploadedComplete 
1/11/2019 5:07:14 PM: GetTemplateDetails Started
1/11/2019 5:07:14 PM: GetTemplateDetails total record count:1
1/11/2019 5:07:14 PM: Create controls,Load all Textbox dynamic
1/11/2019 5:07:14 PM: Create controls,Load all Textbox dynamic
1/11/2019 5:07:14 PM: Create controls,Load all Textbox dynamic
1/11/2019 5:07:14 PM: Create controls,Load all Textbox dynamic
1/11/2019 5:07:14 PM: Create controls,Load all Textbox dynamic
1/11/2019 5:07:14 PM: Create controls,Load all Textbox dynamic
1/11/2019 5:07:14 PM: Create controls,Load all Textbox dynamic
1/11/2019 5:07:14 PM: Create controls,Load all Textbox dynamic
1/11/2019 5:07:14 PM: Create controls,Load all Textbox dynamic
1/11/2019 5:07:14 PM: Create controls,Load all Textbox dynamic
1/11/2019 5:07:14 PM: GetTemplateDetails Finished
1/11/2019 5:07:14 PM: btnReloadiFrame_Click Started
1/11/2019 5:07:14 PM: ReloadIframe Started
1/11/2019 5:07:14 PM: LoadImageToViewer started
1/11/2019 5:07:14 PM: Setting image to viewer. Action: GOTO Page count: 8 Current Page:1
1/11/2019 5:07:14 PM: Converting PDF to JPEG. PDF Path: F:\WDMSDocument\TempWorkFolder\SUlfV0VfNzUyXzI3OV8xMDI4\1.pdf Image Name: SUlfV0VfNzUyXzI3OV8xMDI4 Page No: 1
1/11/2019 5:07:14 PM: Converting PDF to JPEG without applying watermark.
1/11/2019 5:07:14 PM: Setting image to viewer using RegisterStartupScript: http://localhost:55361/generichandler.ashx?f=f://wdmsdocument//tempworkfolder//sulfv0vfnzuyxzi3ov8xmdi4jpg//1.jpeg
1/11/2019 5:07:14 PM: Invoke method to get annotations from databnase.
1/11/2019 5:07:14 PM: Get annotations from database.
1/11/2019 5:07:14 PM: Document Id: 359167 Page No: 1
1/11/2019 5:07:14 PM: Invoking method to get annotation data from database. Action: GetAnnotations
1/11/2019 5:07:14 PM: ReloadIframe Finished
1/11/2019 5:07:14 PM: LoadImageToViewer started
1/11/2019 5:07:14 PM: Setting image to viewer. Action: GOTO Page count: 10 Current Page:1
1/11/2019 5:07:14 PM: Converting PDF to JPEG. PDF Path: F:\WDMSDocument\TempWorkFolder\SUlfV0VfNzUyXzI3OV8xMDI4\1.pdf Image Name: SUlfV0VfNzUyXzI3OV8xMDI4 Page No: 1
1/11/2019 5:07:14 PM: Converting PDF to JPEG without applying watermark.
1/11/2019 5:07:14 PM: Setting image to viewer using RegisterStartupScript: http://localhost:55361/generichandler.ashx?f=f://wdmsdocument//tempworkfolder//sulfv0vfnzuyxzi3ov8xmdi4jpg//1.jpeg
1/11/2019 5:07:14 PM: Invoke method to get annotations from databnase.
1/11/2019 5:07:14 PM: Get annotations from database.
1/11/2019 5:07:14 PM: Document Id: 359167 Page No: 1
1/11/2019 5:07:14 PM: Invoking method to get annotation data from database. Action: GetAnnotations
1/11/2019 5:07:14 PM: btnReloadiFrame_Click finished
1/11/2019 5:07:17 PM: GetTemplateDetails Started
1/11/2019 5:07:17 PM: GetTemplateDetails total record count:1
1/11/2019 5:07:17 PM: Create controls,Load all Textbox dynamic
1/11/2019 5:07:17 PM: Create controls,Load all Textbox dynamic
1/11/2019 5:07:17 PM: Create controls,Load all Textbox dynamic
1/11/2019 5:07:17 PM: Create controls,Load all Textbox dynamic
1/11/2019 5:07:17 PM: Create controls,Load all Textbox dynamic
1/11/2019 5:07:17 PM: Create controls,Load all Textbox dynamic
1/11/2019 5:07:17 PM: Create controls,Load all Textbox dynamic
1/11/2019 5:07:17 PM: Create controls,Load all Textbox dynamic
1/11/2019 5:07:17 PM: Create controls,Load all Textbox dynamic
1/11/2019 5:07:17 PM: Create controls,Load all Textbox dynamic
1/11/2019 5:07:17 PM: GetTemplateDetails Finished
1/11/2019 5:07:17 PM: btnCommitChanges_Click started
1/11/2019 5:07:17 PM: btnCommitChanges_Click modified count:1
1/11/2019 5:07:17 PM: Versionmanagement started 
1/11/2019 5:07:17 PM: Versionmanagement finished 
1/11/2019 5:07:17 PM: Started moving Uploaded Document in SaveDocumentChanges from commit changes
1/11/2019 5:07:17 PM: Renaming document name to original file name
1/11/2019 5:07:17 PM: Zipping documents before moving documents from tempfolder to original location
1/11/2019 5:07:17 PM: moving the modified splitted file from tempfolder to original folder
1/11/2019 5:07:17 PM: Finished Saving Uploaded Document in Save Button Click
1/11/2019 5:07:17 PM: Save button click after saving or updating the result= Document saved successfully.
1/11/2019 5:07:17 PM: Deleteing original file; first copied.
1/11/2019 5:07:17 PM: Deleteing zip file
1/11/2019 5:07:17 PM: Deleting all modified versions documents
1/11/2019 5:07:17 PM: Deleting splitted JPG files directory.
1/11/2019 5:07:17 PM: InitializeDocumentView started
1/11/2019 5:07:17 PM: InitializeDocumentView finished
1/11/2019 5:07:17 PM: LoadImageToViewer started
1/11/2019 5:07:17 PM: Setting image to viewer. Action: GOTO Page count: 10 Current Page:1
1/11/2019 5:07:17 PM: getAvailablePages Started
1/11/2019 5:07:17 PM: btnCommitChanges_Click finished
1/11/2019 5:07:19 PM: GetTemplateDetails Started
1/11/2019 5:07:19 PM: GetTemplateDetails total record count:1
1/11/2019 5:07:19 PM: Create controls,Load all Textbox dynamic
1/11/2019 5:07:19 PM: Create controls,Load all Textbox dynamic
1/11/2019 5:07:19 PM: Create controls,Load all Textbox dynamic
1/11/2019 5:07:19 PM: Create controls,Load all Textbox dynamic
1/11/2019 5:07:19 PM: Create controls,Load all Textbox dynamic
1/11/2019 5:07:19 PM: Create controls,Load all Textbox dynamic
1/11/2019 5:07:19 PM: Create controls,Load all Textbox dynamic
1/11/2019 5:07:19 PM: Create controls,Load all Textbox dynamic
1/11/2019 5:07:19 PM: Create controls,Load all Textbox dynamic
1/11/2019 5:07:19 PM: Create controls,Load all Textbox dynamic
1/11/2019 5:07:19 PM: GetTemplateDetails Finished
1/11/2019 5:07:19 PM: LoadImageToViewer started
1/11/2019 5:07:19 PM: Setting image to viewer. Action: GOTO Page count: 10 Current Page:1
1/11/2019 5:07:19 PM: Converting PDF to JPEG. PDF Path: F:\WDMSDocument\TempWorkFolder\SUlfV0VfNzUyXzI3OV8xMDI4\1.pdf Image Name: SUlfV0VfNzUyXzI3OV8xMDI4 Page No: 1
1/11/2019 5:07:19 PM: Converting PDF to JPEG without applying watermark.
1/11/2019 5:07:19 PM: Setting image to viewer using RegisterStartupScript: http://localhost:55361/generichandler.ashx?f=f://wdmsdocument//tempworkfolder//sulfv0vfnzuyxzi3ov8xmdi4jpg//1.jpeg
1/11/2019 5:07:19 PM: Invoke method to get annotations from databnase.
1/11/2019 5:07:19 PM: Get annotations from database.
1/11/2019 5:07:19 PM: Document Id: 359167 Page No: 1
1/11/2019 5:07:19 PM: Invoking method to get annotation data from database. Action: GetAnnotations
1/11/2019 5:07:27 PM: GetTemplateDetails Started
1/11/2019 5:07:27 PM: GetTemplateDetails total record count:1
1/11/2019 5:07:27 PM: Create controls,Load all Textbox dynamic
1/11/2019 5:07:27 PM: Create controls,Load all Textbox dynamic
1/11/2019 5:07:27 PM: Create controls,Load all Textbox dynamic
1/11/2019 5:07:27 PM: Create controls,Load all Textbox dynamic
1/11/2019 5:07:27 PM: Create controls,Load all Textbox dynamic
1/11/2019 5:07:27 PM: Create controls,Load all Textbox dynamic
1/11/2019 5:07:27 PM: Create controls,Load all Textbox dynamic
1/11/2019 5:07:27 PM: Create controls,Load all Textbox dynamic
1/11/2019 5:07:27 PM: Create controls,Load all Textbox dynamic
1/11/2019 5:07:27 PM: Create controls,Load all Textbox dynamic
1/11/2019 5:07:27 PM: GetTemplateDetails Finished
1/11/2019 5:07:27 PM: GetTemplateDetails started
1/11/2019 5:07:27 PM: generatecontrols Started
1/11/2019 5:07:27 PM: GenerateControls:Loaded all Textbox dynamically
1/11/2019 5:07:27 PM: GenerateControls:Loaded all Textbox dynamically
1/11/2019 5:07:27 PM: GenerateControls:Loaded all Textbox dynamically
1/11/2019 5:07:27 PM: GenerateControls:Loaded all Textbox dynamically
1/11/2019 5:07:27 PM: GenerateControls:Loaded all Textbox dynamically
1/11/2019 5:07:27 PM: GenerateControls:Loaded all Textbox dynamically
1/11/2019 5:07:27 PM: GenerateControls:Loaded all Textbox dynamically
1/11/2019 5:07:27 PM: GenerateControls:Loaded all Textbox dynamically
1/11/2019 5:07:27 PM: GenerateControls:Loaded all Textbox dynamically
1/11/2019 5:07:27 PM: GenerateControls:Loaded all Textbox dynamically
1/11/2019 5:07:27 PM: BindDocumentType started
1/11/2019 5:07:27 PM: BindDocumentType finished
1/11/2019 5:07:27 PM: GetTemplateDetails started
1/11/2019 5:07:27 PM: generatecontrols Started
1/11/2019 5:07:27 PM: GenerateControls:Loaded all Textbox dynamically
1/11/2019 5:07:27 PM: GenerateControls:Loaded all Textbox dynamically
1/11/2019 5:07:27 PM: GenerateControls:Loaded all Textbox dynamically
1/11/2019 5:07:27 PM: GenerateControls:Loaded all Textbox dynamically
1/11/2019 5:07:27 PM: GenerateControls:Loaded all Textbox dynamically
1/11/2019 5:07:27 PM: GenerateControls:Loaded all Textbox dynamically
1/11/2019 5:07:27 PM: GenerateControls:Loaded all Textbox dynamically
1/11/2019 5:07:27 PM: GenerateControls:Loaded all Textbox dynamically
1/11/2019 5:07:27 PM: GenerateControls:Loaded all Textbox dynamically
1/11/2019 5:07:27 PM: GenerateControls:Loaded all Textbox dynamically
1/11/2019 5:07:27 PM: GetTemplateDetails started
1/11/2019 5:07:27 PM: GetTemplateDetails started
1/11/2019 5:07:27 PM: createControls Started
1/11/2019 5:07:27 PM: createControls Loaded all Textbox dynamically
1/11/2019 5:07:27 PM: createControls Loaded all Textbox dynamically
1/11/2019 5:07:27 PM: createControls Loaded all Textbox dynamically
1/11/2019 5:07:27 PM: createControls Loaded all Textbox dynamically
1/11/2019 5:07:27 PM: createControls Loaded all Textbox dynamically
1/11/2019 5:07:27 PM: createControls Loaded all Textbox dynamically
1/11/2019 5:07:27 PM: createControls Loaded all Textbox dynamically
1/11/2019 5:07:27 PM: createControls Loaded all Textbox dynamically
1/11/2019 5:07:27 PM: createControls Loaded all Textbox dynamically
1/11/2019 5:07:27 PM: createControls Loaded all Textbox dynamically
1/11/2019 5:07:27 PM: createControls Finished
1/11/2019 5:07:27 PM: Started Loading Entity Drop Down
1/11/2019 5:07:27 PM: Finished Loading Entity Drop Down
1/11/2019 5:07:29 PM: createControls Started
1/11/2019 5:07:29 PM: createControls Loaded all Textbox dynamically
1/11/2019 5:07:29 PM: createControls Loaded all Textbox dynamically
1/11/2019 5:07:29 PM: createControls Loaded all Textbox dynamically
1/11/2019 5:07:29 PM: createControls Loaded all Textbox dynamically
1/11/2019 5:07:29 PM: createControls Loaded all Textbox dynamically
1/11/2019 5:07:29 PM: createControls Loaded all Textbox dynamically
1/11/2019 5:07:29 PM: createControls Loaded all Textbox dynamically
1/11/2019 5:07:29 PM: createControls Loaded all Textbox dynamically
1/11/2019 5:07:29 PM: createControls Loaded all Textbox dynamically
1/11/2019 5:07:29 PM: createControls Loaded all Textbox dynamically
1/11/2019 5:07:29 PM: createControls Finished
1/11/2019 5:07:29 PM: Started Loading Entity Drop Down
1/11/2019 5:07:29 PM: Finished Loading Entity Drop Down
1/11/2019 5:07:29 PM: Started Loading Entity Drop Down
1/11/2019 5:07:29 PM: Finished Loading Entity Drop Down
1/11/2019 5:08:01 PM: GetTemplateDetails started
1/11/2019 5:08:01 PM: generatecontrols Started
1/11/2019 5:08:01 PM: GenerateControls:Loaded all Textbox dynamically
1/11/2019 5:08:01 PM: GenerateControls:Loaded all Textbox dynamically
1/11/2019 5:08:01 PM: GenerateControls:Loaded all Textbox dynamically
1/11/2019 5:08:01 PM: GenerateControls:Loaded all Textbox dynamically
1/11/2019 5:08:01 PM: GenerateControls:Loaded all Textbox dynamically
1/11/2019 5:08:01 PM: GenerateControls:Loaded all Textbox dynamically
1/11/2019 5:08:01 PM: GenerateControls:Loaded all Textbox dynamically
1/11/2019 5:08:01 PM: GenerateControls:Loaded all Textbox dynamically
1/11/2019 5:08:01 PM: GenerateControls:Loaded all Textbox dynamically
1/11/2019 5:08:01 PM: GenerateControls:Loaded all Textbox dynamically
1/11/2019 5:08:01 PM: BindDocumentType started
1/11/2019 5:08:01 PM: BindDocumentType finished
1/11/2019 5:08:01 PM: createControls Started
1/11/2019 5:08:01 PM: createControls Loaded all Textbox dynamically
1/11/2019 5:08:01 PM: createControls Loaded all Textbox dynamically
1/11/2019 5:08:01 PM: createControls Loaded all Textbox dynamically
1/11/2019 5:08:01 PM: createControls Loaded all Textbox dynamically
1/11/2019 5:08:01 PM: createControls Loaded all Textbox dynamically
1/11/2019 5:08:01 PM: createControls Loaded all Textbox dynamically
1/11/2019 5:08:01 PM: createControls Loaded all Textbox dynamically
1/11/2019 5:08:01 PM: createControls Loaded all Textbox dynamically
1/11/2019 5:08:01 PM: createControls Loaded all Textbox dynamically
1/11/2019 5:08:01 PM: createControls Loaded all Textbox dynamically
1/11/2019 5:08:01 PM: createControls Finished
1/11/2019 5:08:03 PM: createControls Started
1/11/2019 5:08:03 PM: createControls Loaded all Textbox dynamically
1/11/2019 5:08:03 PM: createControls Loaded all Textbox dynamically
1/11/2019 5:08:03 PM: createControls Loaded all Textbox dynamically
1/11/2019 5:08:03 PM: createControls Loaded all Textbox dynamically
1/11/2019 5:08:03 PM: createControls Loaded all Textbox dynamically
1/11/2019 5:08:03 PM: createControls Loaded all Textbox dynamically
1/11/2019 5:08:03 PM: createControls Loaded all Textbox dynamically
1/11/2019 5:08:03 PM: createControls Loaded all Textbox dynamically
1/11/2019 5:08:03 PM: createControls Loaded all Textbox dynamically
1/11/2019 5:08:03 PM: createControls Loaded all Textbox dynamically
1/11/2019 5:08:03 PM: createControls Finished
1/11/2019 5:08:03 PM: Started Loading Entity Drop Down
1/11/2019 5:08:03 PM: Finished Loading Entity Drop Down
1/11/2019 5:08:06 PM: createControls Started
1/11/2019 5:08:06 PM: createControls Loaded all Textbox dynamically
1/11/2019 5:08:06 PM: createControls Loaded all Textbox dynamically
1/11/2019 5:08:06 PM: createControls Loaded all Textbox dynamically
1/11/2019 5:08:06 PM: createControls Loaded all Textbox dynamically
1/11/2019 5:08:06 PM: createControls Loaded all Textbox dynamically
1/11/2019 5:08:06 PM: createControls Loaded all Textbox dynamically
1/11/2019 5:08:06 PM: createControls Loaded all Textbox dynamically
1/11/2019 5:08:06 PM: createControls Loaded all Textbox dynamically
1/11/2019 5:08:06 PM: createControls Loaded all Textbox dynamically
1/11/2019 5:08:06 PM: createControls Loaded all Textbox dynamically
1/11/2019 5:08:06 PM: createControls Finished
1/11/2019 5:08:06 PM: GetTemplateDetails started
1/11/2019 5:08:06 PM: generatecontrols Started
1/11/2019 5:08:06 PM: GenerateControls:Loaded all Textbox dynamically
1/11/2019 5:08:06 PM: GenerateControls:Loaded all Textbox dynamically
1/11/2019 5:08:06 PM: GenerateControls:Loaded all Textbox dynamically
1/11/2019 5:08:06 PM: GenerateControls:Loaded all Textbox dynamically
1/11/2019 5:08:06 PM: GenerateControls:Loaded all Textbox dynamically
1/11/2019 5:08:06 PM: GenerateControls:Loaded all Textbox dynamically
1/11/2019 5:08:06 PM: GenerateControls:Loaded all Textbox dynamically
1/11/2019 5:08:06 PM: GenerateControls:Loaded all Textbox dynamically
1/11/2019 5:08:06 PM: GenerateControls:Loaded all Textbox dynamically
1/11/2019 5:08:06 PM: GenerateControls:Loaded all Textbox dynamically
1/11/2019 5:08:07 PM: createControls Started
1/11/2019 5:08:07 PM: createControls Loaded all Textbox dynamically
1/11/2019 5:08:07 PM: createControls Loaded all Textbox dynamically
1/11/2019 5:08:07 PM: createControls Loaded all Textbox dynamically
1/11/2019 5:08:07 PM: createControls Loaded all Textbox dynamically
1/11/2019 5:08:07 PM: createControls Loaded all Textbox dynamically
1/11/2019 5:08:07 PM: createControls Loaded all Textbox dynamically
1/11/2019 5:08:07 PM: createControls Loaded all Textbox dynamically
1/11/2019 5:08:07 PM: createControls Loaded all Textbox dynamically
1/11/2019 5:08:07 PM: createControls Loaded all Textbox dynamically
1/11/2019 5:08:07 PM: createControls Loaded all Textbox dynamically
1/11/2019 5:08:07 PM: createControls Finished
1/11/2019 5:08:07 PM: Started Loading Entity Drop Down
1/11/2019 5:08:07 PM: Finished Loading Entity Drop Down
1/11/2019 5:08:09 PM: GetSginatureDetails Started:-
1/11/2019 5:08:09 PM: GetSginatureDetails Completed:-
1/11/2019 5:08:09 PM: GetTemplateDetails Started
1/11/2019 5:08:09 PM: GetTemplateDetails total record count:1
1/11/2019 5:08:09 PM: Create controls,Load all Textbox dynamic
1/11/2019 5:08:09 PM: Create controls,Load all Textbox dynamic
1/11/2019 5:08:09 PM: Create controls,Load all Textbox dynamic
1/11/2019 5:08:09 PM: Create controls,Load all Textbox dynamic
1/11/2019 5:08:09 PM: Create controls,Load all Textbox dynamic
1/11/2019 5:08:09 PM: Create controls,Load all Textbox dynamic
1/11/2019 5:08:09 PM: Create controls,Load all Textbox dynamic
1/11/2019 5:08:09 PM: Create controls,Load all Textbox dynamic
1/11/2019 5:08:09 PM: Create controls,Load all Textbox dynamic
1/11/2019 5:08:09 PM: Create controls,Load all Textbox dynamic
1/11/2019 5:08:09 PM: GetTemplateDetails Finished
1/11/2019 5:08:09 PM: InitializeDocumentView started
1/11/2019 5:08:09 PM: InitializeDocumentView finished
1/11/2019 5:08:09 PM: Calling database to get annotated images. DocumentId: 359167, Action: GetAnnotatedPages
1/11/2019 5:08:09 PM: Calling database to get annotated images. DocumentId: 359167, Action: GetTaggedPages
1/11/2019 5:08:10 PM: LoadImageToViewer started
1/11/2019 5:08:10 PM: Setting image to viewer. Action:  Page count: 10 Current Page:1
1/11/2019 5:08:10 PM: Converting PDF to JPEG. PDF Path: F:\WDMSDocument\TempWorkFolder\SUlfV0VfNzUyXzI3OV8xMDI4\1.pdf Image Name: SUlfV0VfNzUyXzI3OV8xMDI4 Page No: 1
1/11/2019 5:08:10 PM: Converting PDF to JPEG without applying watermark.
1/11/2019 5:08:10 PM: Setting image to viewer using RegisterStartupScript: http://localhost:55361/generichandler.ashx?f=f://wdmsdocument//tempworkfolder//sulfv0vfnzuyxzi3ov8xmdi4jpg//1.jpeg
1/11/2019 5:08:10 PM: Invoke method to get annotations from databnase.
1/11/2019 5:08:10 PM: Get annotations from database.
1/11/2019 5:08:10 PM: Document Id: 359167 Page No: 1
1/11/2019 5:08:10 PM: Invoking method to get annotation data from database. Action: GetAnnotations
1/11/2019 5:08:10 PM: MailPanelFill started
1/11/2019 5:08:10 PM: MailPanelFill finished
