2/25/2019 10:50:29 AM: GetTemplateDetails started
2/25/2019 10:50:29 AM: generatecontrols Started
2/25/2019 10:50:29 AM: GenerateControls:Loaded all Textbox dynamically
2/25/2019 10:50:29 AM: GenerateControls:Loaded all Textbox dynamically
2/25/2019 10:50:29 AM: GenerateControls:Loaded all Textbox dynamically
2/25/2019 10:50:29 AM: GenerateControls:Loaded all Textbox dynamically
2/25/2019 10:50:29 AM: GenerateControls:Loaded all Textbox dynamically
2/25/2019 10:50:29 AM: GenerateControls:Loaded all Textbox dynamically
2/25/2019 10:50:29 AM: GenerateControls:Loaded all Textbox dynamically
2/25/2019 10:50:29 AM: GenerateControls:Loaded all Textbox dynamically
2/25/2019 10:50:29 AM: GenerateControls:Loaded all Textbox dynamically
2/25/2019 10:50:29 AM: GenerateControls:Loaded all Textbox dynamically
2/25/2019 10:50:29 AM: BindDocumentType started
2/25/2019 10:50:29 AM: BindDocumentType finished
2/25/2019 10:50:29 AM: createControls Started
2/25/2019 10:50:29 AM: createControls Loaded all Textbox dynamically
2/25/2019 10:50:29 AM: createControls Loaded all Textbox dynamically
2/25/2019 10:50:29 AM: createControls Loaded all Textbox dynamically
2/25/2019 10:50:29 AM: createControls Loaded all Textbox dynamically
2/25/2019 10:50:29 AM: createControls Loaded all Textbox dynamically
2/25/2019 10:50:29 AM: createControls Loaded all Textbox dynamically
2/25/2019 10:50:29 AM: createControls Loaded all Textbox dynamically
2/25/2019 10:50:29 AM: createControls Loaded all Textbox dynamically
2/25/2019 10:50:29 AM: createControls Loaded all Textbox dynamically
2/25/2019 10:50:29 AM: createControls Loaded all Textbox dynamically
2/25/2019 10:50:29 AM: createControls Finished
2/25/2019 10:50:33 AM: createControls Started
2/25/2019 10:50:33 AM: createControls Loaded all Textbox dynamically
2/25/2019 10:50:33 AM: createControls Loaded all Textbox dynamically
2/25/2019 10:50:33 AM: createControls Loaded all Textbox dynamically
2/25/2019 10:50:33 AM: createControls Loaded all Textbox dynamically
2/25/2019 10:50:33 AM: createControls Loaded all Textbox dynamically
2/25/2019 10:50:33 AM: createControls Loaded all Textbox dynamically
2/25/2019 10:50:33 AM: createControls Loaded all Textbox dynamically
2/25/2019 10:50:33 AM: createControls Loaded all Textbox dynamically
2/25/2019 10:50:33 AM: createControls Loaded all Textbox dynamically
2/25/2019 10:50:33 AM: createControls Loaded all Textbox dynamically
2/25/2019 10:50:33 AM: createControls Finished
2/25/2019 10:50:33 AM: Started Loading Entity Drop Down
2/25/2019 10:50:33 AM: Finished Loading Entity Drop Down
2/25/2019 10:50:37 AM: createControls Started
2/25/2019 10:50:37 AM: createControls Loaded all Textbox dynamically
2/25/2019 10:50:37 AM: createControls Loaded all Textbox dynamically
2/25/2019 10:50:37 AM: createControls Loaded all Textbox dynamically
2/25/2019 10:50:37 AM: createControls Loaded all Textbox dynamically
2/25/2019 10:50:37 AM: createControls Loaded all Textbox dynamically
2/25/2019 10:50:37 AM: createControls Loaded all Textbox dynamically
2/25/2019 10:50:37 AM: createControls Loaded all Textbox dynamically
2/25/2019 10:50:37 AM: createControls Loaded all Textbox dynamically
2/25/2019 10:50:37 AM: createControls Loaded all Textbox dynamically
2/25/2019 10:50:37 AM: createControls Loaded all Textbox dynamically
2/25/2019 10:50:37 AM: createControls Finished
2/25/2019 10:50:37 AM: GetTemplateDetails started
2/25/2019 10:50:37 AM: generatecontrols Started
2/25/2019 10:50:37 AM: GenerateControls:Loaded all Textbox dynamically
2/25/2019 10:50:37 AM: GenerateControls:Loaded all Textbox dynamically
2/25/2019 10:50:37 AM: GenerateControls:Loaded all Textbox dynamically
2/25/2019 10:50:37 AM: GenerateControls:Loaded all Textbox dynamically
2/25/2019 10:50:37 AM: GenerateControls:Loaded all Textbox dynamically
2/25/2019 10:50:37 AM: GenerateControls:Loaded all Textbox dynamically
2/25/2019 10:50:37 AM: GenerateControls:Loaded all Textbox dynamically
2/25/2019 10:50:37 AM: GenerateControls:Loaded all Textbox dynamically
2/25/2019 10:50:37 AM: GenerateControls:Loaded all Textbox dynamically
2/25/2019 10:50:37 AM: GenerateControls:Loaded all Textbox dynamically
2/25/2019 10:50:41 AM: createControls Started
2/25/2019 10:50:41 AM: createControls Loaded all Textbox dynamically
2/25/2019 10:50:41 AM: createControls Loaded all Textbox dynamically
2/25/2019 10:50:41 AM: createControls Loaded all Textbox dynamically
2/25/2019 10:50:41 AM: createControls Loaded all Textbox dynamically
2/25/2019 10:50:41 AM: createControls Loaded all Textbox dynamically
2/25/2019 10:50:41 AM: createControls Loaded all Textbox dynamically
2/25/2019 10:50:41 AM: createControls Loaded all Textbox dynamically
2/25/2019 10:50:41 AM: createControls Loaded all Textbox dynamically
2/25/2019 10:50:41 AM: createControls Loaded all Textbox dynamically
2/25/2019 10:50:41 AM: createControls Loaded all Textbox dynamically
2/25/2019 10:50:41 AM: createControls Finished
2/25/2019 10:50:41 AM: Started Loading Entity Drop Down
2/25/2019 10:50:41 AM: Finished Loading Entity Drop Down
2/25/2019 10:51:03 AM: GetTemplateDetails started
2/25/2019 10:51:03 AM: generatecontrols Started
2/25/2019 10:51:03 AM: GenerateControls:Loaded all Textbox dynamically
2/25/2019 10:51:03 AM: GenerateControls:Loaded all Textbox dynamically
2/25/2019 10:51:03 AM: GenerateControls:Loaded all Textbox dynamically
2/25/2019 10:51:03 AM: GenerateControls:Loaded all Textbox dynamically
2/25/2019 10:51:03 AM: GenerateControls:Loaded all Textbox dynamically
2/25/2019 10:51:03 AM: GenerateControls:Loaded all Textbox dynamically
2/25/2019 10:51:03 AM: GenerateControls:Loaded all Textbox dynamically
2/25/2019 10:51:03 AM: GenerateControls:Loaded all Textbox dynamically
2/25/2019 10:51:03 AM: GenerateControls:Loaded all Textbox dynamically
2/25/2019 10:51:03 AM: GenerateControls:Loaded all Textbox dynamically
2/25/2019 10:51:03 AM: BindDocumentType started
2/25/2019 10:51:03 AM: BindDocumentType finished
2/25/2019 10:51:03 AM: createControls Started
2/25/2019 10:51:03 AM: createControls Loaded all Textbox dynamically
2/25/2019 10:51:03 AM: createControls Loaded all Textbox dynamically
2/25/2019 10:51:03 AM: createControls Loaded all Textbox dynamically
2/25/2019 10:51:03 AM: createControls Loaded all Textbox dynamically
2/25/2019 10:51:03 AM: createControls Loaded all Textbox dynamically
2/25/2019 10:51:03 AM: createControls Loaded all Textbox dynamically
2/25/2019 10:51:03 AM: createControls Loaded all Textbox dynamically
2/25/2019 10:51:03 AM: createControls Loaded all Textbox dynamically
2/25/2019 10:51:03 AM: createControls Loaded all Textbox dynamically
2/25/2019 10:51:03 AM: createControls Loaded all Textbox dynamically
2/25/2019 10:51:03 AM: createControls Finished
2/25/2019 10:51:05 AM: createControls Started
2/25/2019 10:51:05 AM: createControls Loaded all Textbox dynamically
2/25/2019 10:51:05 AM: createControls Loaded all Textbox dynamically
2/25/2019 10:51:05 AM: createControls Loaded all Textbox dynamically
2/25/2019 10:51:05 AM: createControls Loaded all Textbox dynamically
2/25/2019 10:51:05 AM: createControls Loaded all Textbox dynamically
2/25/2019 10:51:05 AM: createControls Loaded all Textbox dynamically
2/25/2019 10:51:05 AM: createControls Loaded all Textbox dynamically
2/25/2019 10:51:05 AM: createControls Loaded all Textbox dynamically
2/25/2019 10:51:05 AM: createControls Loaded all Textbox dynamically
2/25/2019 10:51:05 AM: createControls Loaded all Textbox dynamically
2/25/2019 10:51:05 AM: createControls Finished
2/25/2019 10:51:05 AM: Started Loading Entity Drop Down
2/25/2019 10:51:05 AM: Finished Loading Entity Drop Down
2/25/2019 10:51:07 AM: createControls Started
2/25/2019 10:51:07 AM: createControls Loaded all Textbox dynamically
2/25/2019 10:51:07 AM: createControls Loaded all Textbox dynamically
2/25/2019 10:51:07 AM: createControls Loaded all Textbox dynamically
2/25/2019 10:51:07 AM: createControls Loaded all Textbox dynamically
2/25/2019 10:51:07 AM: createControls Loaded all Textbox dynamically
2/25/2019 10:51:07 AM: createControls Loaded all Textbox dynamically
2/25/2019 10:51:07 AM: createControls Loaded all Textbox dynamically
2/25/2019 10:51:07 AM: createControls Loaded all Textbox dynamically
2/25/2019 10:51:07 AM: createControls Loaded all Textbox dynamically
2/25/2019 10:51:07 AM: createControls Loaded all Textbox dynamically
2/25/2019 10:51:07 AM: createControls Finished
2/25/2019 10:51:07 AM: GetTemplateDetails started
2/25/2019 10:51:07 AM: generatecontrols Started
2/25/2019 10:51:07 AM: GenerateControls:Loaded all Textbox dynamically
2/25/2019 10:51:07 AM: GenerateControls:Loaded all Textbox dynamically
2/25/2019 10:51:07 AM: GenerateControls:Loaded all Textbox dynamically
2/25/2019 10:51:07 AM: GenerateControls:Loaded all Textbox dynamically
2/25/2019 10:51:07 AM: GenerateControls:Loaded all Textbox dynamically
2/25/2019 10:51:07 AM: GenerateControls:Loaded all Textbox dynamically
2/25/2019 10:51:07 AM: GenerateControls:Loaded all Textbox dynamically
2/25/2019 10:51:07 AM: GenerateControls:Loaded all Textbox dynamically
2/25/2019 10:51:07 AM: GenerateControls:Loaded all Textbox dynamically
2/25/2019 10:51:07 AM: GenerateControls:Loaded all Textbox dynamically
2/25/2019 10:51:08 AM: createControls Started
2/25/2019 10:51:08 AM: createControls Loaded all Textbox dynamically
2/25/2019 10:51:08 AM: createControls Loaded all Textbox dynamically
2/25/2019 10:51:08 AM: createControls Loaded all Textbox dynamically
2/25/2019 10:51:08 AM: createControls Loaded all Textbox dynamically
2/25/2019 10:51:08 AM: createControls Loaded all Textbox dynamically
2/25/2019 10:51:08 AM: createControls Loaded all Textbox dynamically
2/25/2019 10:51:08 AM: createControls Loaded all Textbox dynamically
2/25/2019 10:51:08 AM: createControls Loaded all Textbox dynamically
2/25/2019 10:51:08 AM: createControls Loaded all Textbox dynamically
2/25/2019 10:51:08 AM: createControls Loaded all Textbox dynamically
2/25/2019 10:51:08 AM: createControls Finished
2/25/2019 10:51:08 AM: Started Loading Entity Drop Down
2/25/2019 10:51:08 AM: Finished Loading Entity Drop Down
2/25/2019 10:51:11 AM: GetSginatureDetails Started:-
2/25/2019 10:51:11 AM: GetSginatureDetails Completed:-
2/25/2019 10:51:11 AM: GetTemplateDetails Started
2/25/2019 10:51:11 AM: GetTemplateDetails total record count:1
2/25/2019 10:51:11 AM: Create controls,Load all Textbox dynamic
2/25/2019 10:51:11 AM: Create controls,Load all Textbox dynamic
2/25/2019 10:51:11 AM: Create controls,Load all Textbox dynamic
2/25/2019 10:51:11 AM: Create controls,Load all Textbox dynamic
2/25/2019 10:51:11 AM: Create controls,Load all Textbox dynamic
2/25/2019 10:51:11 AM: Create controls,Load all Textbox dynamic
2/25/2019 10:51:11 AM: Create controls,Load all Textbox dynamic
2/25/2019 10:51:11 AM: Create controls,Load all Textbox dynamic
2/25/2019 10:51:11 AM: Create controls,Load all Textbox dynamic
2/25/2019 10:51:11 AM: Create controls,Load all Textbox dynamic
2/25/2019 10:51:11 AM: GetTemplateDetails Finished
2/25/2019 10:51:11 AM: InitializeDocumentView started
2/25/2019 10:51:11 AM: InitializeDocumentView finished
2/25/2019 10:51:11 AM: Calling database to get annotated images. DocumentId: 359167, Action: GetAnnotatedPages
2/25/2019 10:51:11 AM: Calling database to get annotated images. DocumentId: 359167, Action: GetTaggedPages
2/25/2019 10:51:12 AM: LoadImageToViewer started
2/25/2019 10:51:12 AM: Setting image to viewer. Action:  Page count: 10 Current Page:1
2/25/2019 10:51:12 AM: Converting PDF to JPEG. PDF Path: F:\WDMSDocument\TempWorkFolder\SUlfV0VfNzUyXzI3OV8xMDI4\1.pdf Image Name: SUlfV0VfNzUyXzI3OV8xMDI4 Page No: 1
2/25/2019 10:51:12 AM: Converting PDF to JPEG without applying watermark.
2/25/2019 10:51:12 AM: Setting image to viewer using RegisterStartupScript: http://localhost:55361/generichandler.ashx?f=f://wdmsdocument//tempworkfolder//sulfv0vfnzuyxzi3ov8xmdi4jpg//1.jpeg
2/25/2019 10:51:12 AM: Invoke method to get annotations from databnase.
2/25/2019 10:51:12 AM: Get annotations from database.
2/25/2019 10:51:12 AM: Document Id: 359167 Page No: 1
2/25/2019 10:51:12 AM: Invoking method to get annotation data from database. Action: GetAnnotations
2/25/2019 10:51:12 AM: MailPanelFill started
2/25/2019 10:51:12 AM: MailPanelFill finished
2/25/2019 10:51:17 AM: GetTemplateDetails Started
2/25/2019 10:51:17 AM: GetTemplateDetails total record count:1
2/25/2019 10:51:17 AM: Create controls,Load all Textbox dynamic
2/25/2019 10:51:17 AM: Create controls,Load all Textbox dynamic
2/25/2019 10:51:17 AM: Create controls,Load all Textbox dynamic
2/25/2019 10:51:17 AM: Create controls,Load all Textbox dynamic
2/25/2019 10:51:17 AM: Create controls,Load all Textbox dynamic
2/25/2019 10:51:17 AM: Create controls,Load all Textbox dynamic
2/25/2019 10:51:17 AM: Create controls,Load all Textbox dynamic
2/25/2019 10:51:17 AM: Create controls,Load all Textbox dynamic
2/25/2019 10:51:17 AM: Create controls,Load all Textbox dynamic
2/25/2019 10:51:17 AM: Create controls,Load all Textbox dynamic
2/25/2019 10:51:17 AM: GetTemplateDetails Finished
2/25/2019 10:57:02 AM: GetTemplateDetails started
2/25/2019 10:57:02 AM: generatecontrols Started
2/25/2019 10:57:02 AM: GenerateControls:Loaded all Textbox dynamically
2/25/2019 10:57:02 AM: GenerateControls:Loaded all Textbox dynamically
2/25/2019 10:57:02 AM: GenerateControls:Loaded all Textbox dynamically
2/25/2019 10:57:02 AM: GenerateControls:Loaded all Textbox dynamically
2/25/2019 10:57:02 AM: GenerateControls:Loaded all Textbox dynamically
2/25/2019 10:57:02 AM: GenerateControls:Loaded all Textbox dynamically
2/25/2019 10:57:02 AM: GenerateControls:Loaded all Textbox dynamically
2/25/2019 10:57:02 AM: GenerateControls:Loaded all Textbox dynamically
2/25/2019 10:57:02 AM: GenerateControls:Loaded all Textbox dynamically
2/25/2019 10:57:02 AM: GenerateControls:Loaded all Textbox dynamically
2/25/2019 10:57:02 AM: BindDocumentType started
2/25/2019 10:57:02 AM: BindDocumentType finished
2/25/2019 10:57:02 AM: createControls Started
2/25/2019 10:57:02 AM: createControls Loaded all Textbox dynamically
2/25/2019 10:57:02 AM: createControls Loaded all Textbox dynamically
2/25/2019 10:57:02 AM: createControls Loaded all Textbox dynamically
2/25/2019 10:57:02 AM: createControls Loaded all Textbox dynamically
2/25/2019 10:57:02 AM: createControls Loaded all Textbox dynamically
2/25/2019 10:57:02 AM: createControls Loaded all Textbox dynamically
2/25/2019 10:57:02 AM: createControls Loaded all Textbox dynamically
2/25/2019 10:57:02 AM: createControls Loaded all Textbox dynamically
2/25/2019 10:57:02 AM: createControls Loaded all Textbox dynamically
2/25/2019 10:57:02 AM: createControls Loaded all Textbox dynamically
2/25/2019 10:57:02 AM: createControls Finished
2/25/2019 10:57:06 AM: createControls Started
2/25/2019 10:57:06 AM: createControls Loaded all Textbox dynamically
2/25/2019 10:57:06 AM: createControls Loaded all Textbox dynamically
2/25/2019 10:57:06 AM: createControls Loaded all Textbox dynamically
2/25/2019 10:57:06 AM: createControls Loaded all Textbox dynamically
2/25/2019 10:57:06 AM: createControls Loaded all Textbox dynamically
2/25/2019 10:57:06 AM: createControls Loaded all Textbox dynamically
2/25/2019 10:57:06 AM: createControls Loaded all Textbox dynamically
2/25/2019 10:57:06 AM: createControls Loaded all Textbox dynamically
2/25/2019 10:57:06 AM: createControls Loaded all Textbox dynamically
2/25/2019 10:57:06 AM: createControls Loaded all Textbox dynamically
2/25/2019 10:57:06 AM: createControls Finished
2/25/2019 10:57:06 AM: GetTemplateDetails started
2/25/2019 10:57:06 AM: generatecontrols Started
2/25/2019 10:57:06 AM: GenerateControls:Loaded all Textbox dynamically
2/25/2019 10:57:06 AM: GenerateControls:Loaded all Textbox dynamically
2/25/2019 10:57:06 AM: GenerateControls:Loaded all Textbox dynamically
2/25/2019 10:57:06 AM: GenerateControls:Loaded all Textbox dynamically
2/25/2019 10:57:06 AM: GenerateControls:Loaded all Textbox dynamically
2/25/2019 10:57:06 AM: GenerateControls:Loaded all Textbox dynamically
2/25/2019 10:57:06 AM: GenerateControls:Loaded all Textbox dynamically
2/25/2019 10:57:06 AM: GenerateControls:Loaded all Textbox dynamically
2/25/2019 10:57:06 AM: GenerateControls:Loaded all Textbox dynamically
2/25/2019 10:57:06 AM: GenerateControls:Loaded all Textbox dynamically
2/25/2019 10:57:07 AM: createControls Started
2/25/2019 10:57:07 AM: createControls Loaded all Textbox dynamically
2/25/2019 10:57:07 AM: createControls Loaded all Textbox dynamically
2/25/2019 10:57:07 AM: createControls Loaded all Textbox dynamically
2/25/2019 10:57:07 AM: createControls Loaded all Textbox dynamically
2/25/2019 10:57:07 AM: createControls Loaded all Textbox dynamically
2/25/2019 10:57:07 AM: createControls Loaded all Textbox dynamically
2/25/2019 10:57:07 AM: createControls Loaded all Textbox dynamically
2/25/2019 10:57:07 AM: createControls Loaded all Textbox dynamically
2/25/2019 10:57:07 AM: createControls Loaded all Textbox dynamically
2/25/2019 10:57:07 AM: createControls Loaded all Textbox dynamically
2/25/2019 10:57:07 AM: createControls Finished
2/25/2019 10:57:07 AM: Started Loading Entity Drop Down
2/25/2019 10:57:07 AM: Finished Loading Entity Drop Down
2/25/2019 11:22:07 AM: GetTemplateDetails started
2/25/2019 11:22:07 AM: generatecontrols Started
2/25/2019 11:22:07 AM: GenerateControls:Loaded all Textbox dynamically
2/25/2019 11:22:07 AM: GenerateControls:Loaded all Textbox dynamically
2/25/2019 11:22:07 AM: GenerateControls:Loaded all Textbox dynamically
2/25/2019 11:22:07 AM: GenerateControls:Loaded all Textbox dynamically
2/25/2019 11:22:07 AM: GenerateControls:Loaded all Textbox dynamically
2/25/2019 11:22:07 AM: GenerateControls:Loaded all Textbox dynamically
2/25/2019 11:22:07 AM: GenerateControls:Loaded all Textbox dynamically
2/25/2019 11:22:07 AM: GenerateControls:Loaded all Textbox dynamically
2/25/2019 11:22:07 AM: GenerateControls:Loaded all Textbox dynamically
2/25/2019 11:22:07 AM: GenerateControls:Loaded all Textbox dynamically
2/25/2019 11:22:07 AM: BindDocumentType started
2/25/2019 11:22:07 AM: BindDocumentType finished
2/25/2019 11:22:07 AM: createControls Started
2/25/2019 11:22:07 AM: createControls Loaded all Textbox dynamically
2/25/2019 11:22:07 AM: createControls Loaded all Textbox dynamically
2/25/2019 11:22:07 AM: createControls Loaded all Textbox dynamically
2/25/2019 11:22:07 AM: createControls Loaded all Textbox dynamically
2/25/2019 11:22:07 AM: createControls Loaded all Textbox dynamically
2/25/2019 11:22:07 AM: createControls Loaded all Textbox dynamically
2/25/2019 11:22:07 AM: createControls Loaded all Textbox dynamically
2/25/2019 11:22:07 AM: createControls Loaded all Textbox dynamically
2/25/2019 11:22:07 AM: createControls Loaded all Textbox dynamically
2/25/2019 11:22:07 AM: createControls Loaded all Textbox dynamically
2/25/2019 11:22:07 AM: createControls Finished
2/25/2019 11:22:08 AM: createControls Started
2/25/2019 11:22:08 AM: createControls Loaded all Textbox dynamically
2/25/2019 11:22:08 AM: createControls Loaded all Textbox dynamically
2/25/2019 11:22:08 AM: createControls Loaded all Textbox dynamically
2/25/2019 11:22:08 AM: createControls Loaded all Textbox dynamically
2/25/2019 11:22:08 AM: createControls Loaded all Textbox dynamically
2/25/2019 11:22:08 AM: createControls Loaded all Textbox dynamically
2/25/2019 11:22:08 AM: createControls Loaded all Textbox dynamically
2/25/2019 11:22:08 AM: createControls Loaded all Textbox dynamically
2/25/2019 11:22:08 AM: createControls Loaded all Textbox dynamically
2/25/2019 11:22:08 AM: createControls Loaded all Textbox dynamically
2/25/2019 11:22:08 AM: createControls Finished
2/25/2019 11:22:09 AM: Started Loading Entity Drop Down
2/25/2019 11:22:09 AM: Finished Loading Entity Drop Down
2/25/2019 11:22:11 AM: createControls Started
2/25/2019 11:22:11 AM: createControls Loaded all Textbox dynamically
2/25/2019 11:22:11 AM: createControls Loaded all Textbox dynamically
2/25/2019 11:22:11 AM: createControls Loaded all Textbox dynamically
2/25/2019 11:22:11 AM: createControls Loaded all Textbox dynamically
2/25/2019 11:22:11 AM: createControls Loaded all Textbox dynamically
2/25/2019 11:22:11 AM: createControls Loaded all Textbox dynamically
2/25/2019 11:22:11 AM: createControls Loaded all Textbox dynamically
2/25/2019 11:22:11 AM: createControls Loaded all Textbox dynamically
2/25/2019 11:22:11 AM: createControls Loaded all Textbox dynamically
2/25/2019 11:22:11 AM: createControls Loaded all Textbox dynamically
2/25/2019 11:22:11 AM: createControls Finished
