2/22/2019 5:50:54 PM: BindDocumentType started
2/22/2019 5:50:54 PM: BindDocumentType finished
2/22/2019 5:51:07 PM: createControls Started
2/22/2019 5:51:07 PM: createControls Loaded all Textbox dynamically
2/22/2019 5:51:07 PM: createControls Loaded all Textbox dynamically
2/22/2019 5:51:07 PM: createControls Loaded all Textbox dynamically
2/22/2019 5:51:07 PM: createControls Loaded all Textbox dynamically
2/22/2019 5:51:07 PM: createControls Loaded all Textbox dynamically
2/22/2019 5:51:07 PM: createControls Loaded all Textbox dynamically
2/22/2019 5:51:07 PM: createControls Loaded all Textbox dynamically
2/22/2019 5:51:07 PM: createControls Loaded all Textbox dynamically
2/22/2019 5:51:07 PM: createControls Loaded all Textbox dynamically
2/22/2019 5:51:07 PM: createControls Loaded all Textbox dynamically
2/22/2019 5:51:07 PM: createControls Finished
2/22/2019 5:51:07 PM: GetTemplateDetails started
2/22/2019 5:51:07 PM: generatecontrols Started
2/22/2019 5:51:07 PM: GenerateControls:Loaded all Textbox dynamically
2/22/2019 5:51:07 PM: GenerateControls:Loaded all Textbox dynamically
2/22/2019 5:51:07 PM: GenerateControls:Loaded all Textbox dynamically
2/22/2019 5:51:07 PM: GenerateControls:Loaded all Textbox dynamically
2/22/2019 5:51:07 PM: GenerateControls:Loaded all Textbox dynamically
2/22/2019 5:51:07 PM: GenerateControls:Loaded all Textbox dynamically
2/22/2019 5:51:07 PM: GenerateControls:Loaded all Textbox dynamically
2/22/2019 5:51:07 PM: GenerateControls:Loaded all Textbox dynamically
2/22/2019 5:51:07 PM: GenerateControls:Loaded all Textbox dynamically
2/22/2019 5:51:07 PM: GenerateControls:Loaded all Textbox dynamically
2/22/2019 5:51:10 PM: createControls Started
2/22/2019 5:51:10 PM: createControls Loaded all Textbox dynamically
2/22/2019 5:51:10 PM: createControls Loaded all Textbox dynamically
2/22/2019 5:51:10 PM: createControls Loaded all Textbox dynamically
2/22/2019 5:51:10 PM: createControls Loaded all Textbox dynamically
2/22/2019 5:51:10 PM: createControls Loaded all Textbox dynamically
2/22/2019 5:51:10 PM: createControls Loaded all Textbox dynamically
2/22/2019 5:51:10 PM: createControls Loaded all Textbox dynamically
2/22/2019 5:51:10 PM: createControls Loaded all Textbox dynamically
2/22/2019 5:51:10 PM: createControls Loaded all Textbox dynamically
2/22/2019 5:51:10 PM: createControls Loaded all Textbox dynamically
2/22/2019 5:51:10 PM: createControls Finished
2/22/2019 5:51:10 PM: Started Loading Entity Drop Down
2/22/2019 5:51:10 PM: Finished Loading Entity Drop Down
2/22/2019 5:51:28 PM: createControls Started
2/22/2019 5:51:28 PM: createControls Loaded all Textbox dynamically
2/22/2019 5:51:28 PM: createControls Loaded all Textbox dynamically
2/22/2019 5:51:28 PM: createControls Loaded all Textbox dynamically
2/22/2019 5:51:28 PM: createControls Loaded all Textbox dynamically
2/22/2019 5:51:28 PM: createControls Loaded all Textbox dynamically
2/22/2019 5:51:28 PM: createControls Loaded all Textbox dynamically
2/22/2019 5:51:28 PM: createControls Loaded all Textbox dynamically
2/22/2019 5:51:28 PM: createControls Loaded all Textbox dynamically
2/22/2019 5:51:28 PM: createControls Loaded all Textbox dynamically
2/22/2019 5:51:28 PM: createControls Loaded all Textbox dynamically
2/22/2019 5:51:28 PM: createControls Finished
