2/26/2020 11:47:37 AM: GetTemplateDetails started
2/26/2020 11:47:37 AM: generatecontrols Started
2/26/2020 11:47:37 AM: GenerateControls:Loaded all Textbox dynamically
2/26/2020 11:47:37 AM: GenerateControls:Loaded all Textbox dynamically
2/26/2020 11:47:37 AM: GenerateControls:Loaded all Textbox dynamically
2/26/2020 11:47:37 AM: GenerateControls:Loaded all Textbox dynamically
2/26/2020 11:47:37 AM: GenerateControls:Loaded all Textbox dynamically
2/26/2020 11:47:37 AM: GenerateControls:Loaded all Textbox dynamically
2/26/2020 11:47:37 AM: GenerateControls:Loaded all Textbox dynamically
2/26/2020 11:47:37 AM: GenerateControls:Loaded all Textbox dynamically
2/26/2020 11:47:37 AM: GenerateControls:Loaded all Textbox dynamically
2/26/2020 11:47:37 AM: GenerateControls:Loaded all Textbox dynamically
2/26/2020 11:47:38 AM: BindDocumentType started
2/26/2020 11:47:38 AM: BindDocumentType finished
2/26/2020 11:47:38 AM: createControls Started
2/26/2020 11:47:38 AM: createControls Loaded all Textbox dynamically
2/26/2020 11:47:38 AM: createControls Loaded all Textbox dynamically
2/26/2020 11:47:38 AM: createControls Loaded all Textbox dynamically
2/26/2020 11:47:38 AM: createControls Loaded all Textbox dynamically
2/26/2020 11:47:38 AM: createControls Loaded all Textbox dynamically
2/26/2020 11:47:38 AM: createControls Loaded all Textbox dynamically
2/26/2020 11:47:38 AM: createControls Loaded all Textbox dynamically
2/26/2020 11:47:38 AM: createControls Loaded all Textbox dynamically
2/26/2020 11:47:38 AM: createControls Loaded all Textbox dynamically
2/26/2020 11:47:38 AM: createControls Loaded all Textbox dynamically
2/26/2020 11:47:38 AM: createControls Finished
2/26/2020 11:48:49 AM: createControls Started
2/26/2020 11:48:49 AM: createControls Loaded all Textbox dynamically
2/26/2020 11:48:49 AM: createControls Loaded all Textbox dynamically
2/26/2020 11:48:49 AM: createControls Loaded all Textbox dynamically
2/26/2020 11:48:49 AM: createControls Loaded all Textbox dynamically
2/26/2020 11:48:49 AM: createControls Loaded all Textbox dynamically
2/26/2020 11:48:49 AM: createControls Loaded all Textbox dynamically
2/26/2020 11:48:49 AM: createControls Loaded all Textbox dynamically
2/26/2020 11:48:49 AM: createControls Loaded all Textbox dynamically
2/26/2020 11:48:49 AM: createControls Loaded all Textbox dynamically
2/26/2020 11:48:49 AM: createControls Loaded all Textbox dynamically
2/26/2020 11:48:49 AM: createControls Finished
2/26/2020 11:48:49 AM: Started Loading Entity Drop Down
2/26/2020 11:48:50 AM: Finished Loading Entity Drop Down
2/26/2020 11:48:55 AM: createControls Started
2/26/2020 11:48:55 AM: createControls Loaded all Textbox dynamically
2/26/2020 11:48:55 AM: createControls Loaded all Textbox dynamically
2/26/2020 11:48:55 AM: createControls Loaded all Textbox dynamically
2/26/2020 11:48:55 AM: createControls Loaded all Textbox dynamically
2/26/2020 11:48:55 AM: createControls Loaded all Textbox dynamically
2/26/2020 11:48:55 AM: createControls Loaded all Textbox dynamically
2/26/2020 11:48:55 AM: createControls Loaded all Textbox dynamically
2/26/2020 11:48:55 AM: createControls Loaded all Textbox dynamically
2/26/2020 11:48:55 AM: createControls Loaded all Textbox dynamically
2/26/2020 11:48:55 AM: createControls Loaded all Textbox dynamically
2/26/2020 11:48:55 AM: createControls Finished
2/26/2020 11:48:55 AM: GetTemplateDetails started
2/26/2020 11:48:55 AM: generatecontrols Started
2/26/2020 11:48:55 AM: GenerateControls:Loaded all Textbox dynamically
2/26/2020 11:48:55 AM: GenerateControls:Loaded all Textbox dynamically
2/26/2020 11:48:55 AM: GenerateControls:Loaded all Textbox dynamically
2/26/2020 11:48:55 AM: GenerateControls:Loaded all Textbox dynamically
2/26/2020 11:48:55 AM: GenerateControls:Loaded all Textbox dynamically
2/26/2020 11:48:55 AM: GenerateControls:Loaded all Textbox dynamically
2/26/2020 11:48:55 AM: GenerateControls:Loaded all Textbox dynamically
2/26/2020 11:48:55 AM: GenerateControls:Loaded all Textbox dynamically
2/26/2020 11:48:55 AM: GenerateControls:Loaded all Textbox dynamically
2/26/2020 11:48:55 AM: GenerateControls:Loaded all Textbox dynamically
2/26/2020 11:48:56 AM: createControls Started
2/26/2020 11:48:56 AM: createControls Loaded all Textbox dynamically
2/26/2020 11:48:56 AM: createControls Loaded all Textbox dynamically
2/26/2020 11:48:56 AM: createControls Loaded all Textbox dynamically
2/26/2020 11:48:56 AM: createControls Loaded all Textbox dynamically
2/26/2020 11:48:56 AM: createControls Loaded all Textbox dynamically
2/26/2020 11:48:56 AM: createControls Loaded all Textbox dynamically
2/26/2020 11:48:56 AM: createControls Loaded all Textbox dynamically
2/26/2020 11:48:56 AM: createControls Loaded all Textbox dynamically
2/26/2020 11:48:56 AM: createControls Loaded all Textbox dynamically
2/26/2020 11:48:56 AM: createControls Loaded all Textbox dynamically
2/26/2020 11:48:56 AM: createControls Finished
2/26/2020 11:48:56 AM: Started Loading Entity Drop Down
2/26/2020 11:48:57 AM: Finished Loading Entity Drop Down
2/26/2020 11:48:59 AM: createControls Started
2/26/2020 11:48:59 AM: createControls Loaded all Textbox dynamically
2/26/2020 11:48:59 AM: createControls Loaded all Textbox dynamically
2/26/2020 11:48:59 AM: createControls Loaded all Textbox dynamically
2/26/2020 11:48:59 AM: createControls Loaded all Textbox dynamically
2/26/2020 11:48:59 AM: createControls Loaded all Textbox dynamically
2/26/2020 11:48:59 AM: createControls Loaded all Textbox dynamically
2/26/2020 11:48:59 AM: createControls Loaded all Textbox dynamically
2/26/2020 11:48:59 AM: createControls Loaded all Textbox dynamically
2/26/2020 11:48:59 AM: createControls Loaded all Textbox dynamically
2/26/2020 11:48:59 AM: createControls Loaded all Textbox dynamically
2/26/2020 11:48:59 AM: createControls Finished
2/26/2020 11:49:10 AM: createControls Started
2/26/2020 11:49:10 AM: Create controls,Load all Textbox dynamic
2/26/2020 11:49:10 AM: Create controls,Load all Textbox dynamic
2/26/2020 11:49:10 AM: Create controls,Load all Textbox dynamic
2/26/2020 11:49:10 AM: Create controls,Load all Textbox dynamic
2/26/2020 11:49:10 AM: Create controls,Load all Textbox dynamic
2/26/2020 11:49:10 AM: Create controls,Load all Textbox dynamic
2/26/2020 11:49:10 AM: Create controls,Load all Textbox dynamic
2/26/2020 11:49:10 AM: Create controls,Load all Textbox dynamic
2/26/2020 11:49:10 AM: Create controls,Load all Textbox dynamic
2/26/2020 11:49:10 AM: Create controls,Load all Textbox dynamic
2/26/2020 11:49:10 AM: createControls Finished
2/26/2020 11:49:10 AM: generatecontrols Started
2/26/2020 11:49:10 AM: Calling database to get reference id and watermark.
2/26/2020 11:49:10 AM: Database returned result: II_WE_752_279_1003|
2/26/2020 11:49:10 AM: Generatecontrols,Load all Textbox dynamic
2/26/2020 11:49:10 AM: Generatecontrols,Load all Textbox dynamic
2/26/2020 11:49:10 AM: Generatecontrols,Load all Textbox dynamic
2/26/2020 11:49:10 AM: Generatecontrols,Load all Textbox dynamic
2/26/2020 11:49:10 AM: Generatecontrols,Load all Textbox dynamic
2/26/2020 11:49:10 AM: Generatecontrols,Load all Textbox dynamic
2/26/2020 11:49:10 AM: Generatecontrols,Load all Textbox dynamic
2/26/2020 11:49:10 AM: Generatecontrols,Load all Textbox dynamic
2/26/2020 11:49:10 AM: Generatecontrols,Load all Textbox dynamic
2/26/2020 11:49:10 AM: Generatecontrols,Load all Textbox dynamic
2/26/2020 11:49:13 AM: createControls Started
2/26/2020 11:49:13 AM: Create controls,Load all Textbox dynamic
2/26/2020 11:49:13 AM: Create controls,Load all Textbox dynamic
2/26/2020 11:49:13 AM: Create controls,Load all Textbox dynamic
2/26/2020 11:49:13 AM: Create controls,Load all Textbox dynamic
2/26/2020 11:49:13 AM: Create controls,Load all Textbox dynamic
2/26/2020 11:49:13 AM: Create controls,Load all Textbox dynamic
2/26/2020 11:49:13 AM: Create controls,Load all Textbox dynamic
2/26/2020 11:49:13 AM: Create controls,Load all Textbox dynamic
2/26/2020 11:49:13 AM: Create controls,Load all Textbox dynamic
2/26/2020 11:49:13 AM: Create controls,Load all Textbox dynamic
2/26/2020 11:49:13 AM: createControls Finished
2/26/2020 11:49:13 AM: generatecontrols Started
2/26/2020 11:49:13 AM: Calling database to get reference id and watermark.
2/26/2020 11:49:13 AM: Database returned result: II_WE_752_279_1003|
2/26/2020 11:49:13 AM: Generatecontrols,Load all Textbox dynamic
2/26/2020 11:49:13 AM: Generatecontrols,Load all Textbox dynamic
2/26/2020 11:49:13 AM: Generatecontrols,Load all Textbox dynamic
2/26/2020 11:49:13 AM: Generatecontrols,Load all Textbox dynamic
2/26/2020 11:49:13 AM: Generatecontrols,Load all Textbox dynamic
2/26/2020 11:49:13 AM: Generatecontrols,Load all Textbox dynamic
2/26/2020 11:49:13 AM: Generatecontrols,Load all Textbox dynamic
2/26/2020 11:49:13 AM: Generatecontrols,Load all Textbox dynamic
2/26/2020 11:49:13 AM: Generatecontrols,Load all Textbox dynamic
2/26/2020 11:49:13 AM: Generatecontrols,Load all Textbox dynamic
2/26/2020 11:49:48 AM: createControls Started
2/26/2020 11:49:48 AM: Create controls,Load all Textbox dynamic
2/26/2020 11:49:48 AM: Create controls,Load all Textbox dynamic
2/26/2020 11:49:48 AM: Create controls,Load all Textbox dynamic
2/26/2020 11:49:48 AM: Create controls,Load all Textbox dynamic
2/26/2020 11:49:48 AM: Create controls,Load all Textbox dynamic
2/26/2020 11:49:48 AM: Create controls,Load all Textbox dynamic
2/26/2020 11:49:48 AM: Create controls,Load all Textbox dynamic
2/26/2020 11:49:48 AM: Create controls,Load all Textbox dynamic
2/26/2020 11:49:48 AM: Create controls,Load all Textbox dynamic
2/26/2020 11:49:48 AM: Create controls,Load all Textbox dynamic
2/26/2020 11:49:48 AM: createControls Finished
2/26/2020 11:49:48 AM: AsyncFileUpload1_UploadedComplete Started
2/26/2020 11:49:48 AM: Started Saving Uploaded Document in AsyncFileUpload1_UploadedComplete 
2/26/2020 11:49:48 AM: Finished Saving Uploaded Document in AsyncFileUpload1_UploadedComplete 
2/26/2020 11:49:49 AM: AsyncFileUpload1_UploadedComplete Pagecount of Image2Pdf().ExtractPages 23
2/26/2020 11:49:49 AM: AsyncFileUpload1_UploadedComplete Finished
2/26/2020 11:49:50 AM: createControls Started
2/26/2020 11:49:50 AM: Create controls,Load all Textbox dynamic
2/26/2020 11:49:50 AM: Create controls,Load all Textbox dynamic
2/26/2020 11:49:50 AM: Create controls,Load all Textbox dynamic
2/26/2020 11:49:50 AM: Create controls,Load all Textbox dynamic
2/26/2020 11:49:50 AM: Create controls,Load all Textbox dynamic
2/26/2020 11:49:50 AM: Create controls,Load all Textbox dynamic
2/26/2020 11:49:50 AM: Create controls,Load all Textbox dynamic
2/26/2020 11:49:50 AM: Create controls,Load all Textbox dynamic
2/26/2020 11:49:50 AM: Create controls,Load all Textbox dynamic
2/26/2020 11:49:50 AM: Create controls,Load all Textbox dynamic
2/26/2020 11:49:50 AM: createControls Finished
2/26/2020 11:49:50 AM: btnSubmit_Click Started
2/26/2020 11:49:50 AM: btnSubmit_Click Finished
2/26/2020 11:50:08 AM: GetTemplateDetails started
2/26/2020 11:50:08 AM: generatecontrols Started
2/26/2020 11:50:08 AM: GenerateControls:Loaded all Textbox dynamically
2/26/2020 11:50:08 AM: GenerateControls:Loaded all Textbox dynamically
2/26/2020 11:50:08 AM: GenerateControls:Loaded all Textbox dynamically
2/26/2020 11:50:08 AM: GenerateControls:Loaded all Textbox dynamically
2/26/2020 11:50:08 AM: GenerateControls:Loaded all Textbox dynamically
2/26/2020 11:50:08 AM: GenerateControls:Loaded all Textbox dynamically
2/26/2020 11:50:08 AM: GenerateControls:Loaded all Textbox dynamically
2/26/2020 11:50:08 AM: GenerateControls:Loaded all Textbox dynamically
2/26/2020 11:50:08 AM: GenerateControls:Loaded all Textbox dynamically
2/26/2020 11:50:08 AM: GenerateControls:Loaded all Textbox dynamically
2/26/2020 11:50:09 AM: BindDocumentType started
2/26/2020 11:50:09 AM: BindDocumentType finished
2/26/2020 11:50:09 AM: createControls Started
2/26/2020 11:50:09 AM: createControls Loaded all Textbox dynamically
2/26/2020 11:50:09 AM: createControls Loaded all Textbox dynamically
2/26/2020 11:50:09 AM: createControls Loaded all Textbox dynamically
2/26/2020 11:50:09 AM: createControls Loaded all Textbox dynamically
2/26/2020 11:50:09 AM: createControls Loaded all Textbox dynamically
2/26/2020 11:50:09 AM: createControls Loaded all Textbox dynamically
2/26/2020 11:50:09 AM: createControls Loaded all Textbox dynamically
2/26/2020 11:50:09 AM: createControls Loaded all Textbox dynamically
2/26/2020 11:50:09 AM: createControls Loaded all Textbox dynamically
2/26/2020 11:50:09 AM: createControls Loaded all Textbox dynamically
2/26/2020 11:50:09 AM: createControls Finished
2/26/2020 11:50:17 AM: createControls Started
2/26/2020 11:50:17 AM: createControls Loaded all Textbox dynamically
2/26/2020 11:50:17 AM: createControls Loaded all Textbox dynamically
2/26/2020 11:50:17 AM: createControls Loaded all Textbox dynamically
2/26/2020 11:50:17 AM: createControls Loaded all Textbox dynamically
2/26/2020 11:50:17 AM: createControls Loaded all Textbox dynamically
2/26/2020 11:50:17 AM: createControls Loaded all Textbox dynamically
2/26/2020 11:50:17 AM: createControls Loaded all Textbox dynamically
2/26/2020 11:50:17 AM: createControls Loaded all Textbox dynamically
2/26/2020 11:50:17 AM: createControls Loaded all Textbox dynamically
2/26/2020 11:50:17 AM: createControls Loaded all Textbox dynamically
2/26/2020 11:50:17 AM: createControls Finished
2/26/2020 11:50:17 AM: Started Loading Entity Drop Down
2/26/2020 11:50:17 AM: Finished Loading Entity Drop Down
2/26/2020 11:50:24 AM: createControls Started
2/26/2020 11:50:24 AM: createControls Loaded all Textbox dynamically
2/26/2020 11:50:24 AM: createControls Loaded all Textbox dynamically
2/26/2020 11:50:24 AM: createControls Loaded all Textbox dynamically
2/26/2020 11:50:24 AM: createControls Loaded all Textbox dynamically
2/26/2020 11:50:24 AM: createControls Loaded all Textbox dynamically
2/26/2020 11:50:24 AM: createControls Loaded all Textbox dynamically
2/26/2020 11:50:24 AM: createControls Loaded all Textbox dynamically
2/26/2020 11:50:24 AM: createControls Loaded all Textbox dynamically
2/26/2020 11:50:24 AM: createControls Loaded all Textbox dynamically
2/26/2020 11:50:24 AM: createControls Loaded all Textbox dynamically
2/26/2020 11:50:24 AM: createControls Finished
2/26/2020 11:50:24 AM: Started Loading Entity Drop Down
2/26/2020 11:50:24 AM: Finished Loading Entity Drop Down
2/26/2020 11:50:46 AM: createControls Started
2/26/2020 11:50:46 AM: createControls Loaded all Textbox dynamically
2/26/2020 11:50:46 AM: createControls Loaded all Textbox dynamically
2/26/2020 11:50:46 AM: createControls Loaded all Textbox dynamically
2/26/2020 11:50:46 AM: createControls Loaded all Textbox dynamically
2/26/2020 11:50:46 AM: createControls Loaded all Textbox dynamically
2/26/2020 11:50:46 AM: createControls Loaded all Textbox dynamically
2/26/2020 11:50:46 AM: createControls Loaded all Textbox dynamically
2/26/2020 11:50:46 AM: createControls Loaded all Textbox dynamically
2/26/2020 11:50:46 AM: createControls Loaded all Textbox dynamically
2/26/2020 11:50:46 AM: createControls Loaded all Textbox dynamically
2/26/2020 11:50:46 AM: createControls Finished
2/26/2020 11:50:46 AM: Started Loading Entity Drop Down
2/26/2020 11:50:46 AM: Finished Loading Entity Drop Down
2/26/2020 11:52:09 AM: createControls Started
2/26/2020 11:52:09 AM: Create controls,Load all Textbox dynamic
2/26/2020 11:52:09 AM: Create controls,Load all Textbox dynamic
2/26/2020 11:52:09 AM: Create controls,Load all Textbox dynamic
2/26/2020 11:52:09 AM: Create controls,Load all Textbox dynamic
2/26/2020 11:52:09 AM: Create controls,Load all Textbox dynamic
2/26/2020 11:52:09 AM: Create controls,Load all Textbox dynamic
2/26/2020 11:52:09 AM: Create controls,Load all Textbox dynamic
2/26/2020 11:52:09 AM: Create controls,Load all Textbox dynamic
2/26/2020 11:52:09 AM: Create controls,Load all Textbox dynamic
2/26/2020 11:52:09 AM: Create controls,Load all Textbox dynamic
2/26/2020 11:52:09 AM: createControls Finished
2/26/2020 11:52:09 AM: Started Saving Uploaded Document in Save Button Click
2/26/2020 11:52:10 AM: AsyncFileUpload1_UploadedComplete Started
2/26/2020 11:52:10 AM: AsyncFileUpload1_UploadedComplete Finished
2/26/2020 11:52:10 AM: GetDBFieldName the DBFld UPLOAD_vFld1
2/26/2020 11:52:10 AM: GetDBFieldName the DBFld UPLOAD_vFld2
2/26/2020 11:52:10 AM: GetDBFieldName the DBFld UPLOAD_vFld3
2/26/2020 11:52:10 AM: GetDBFieldName the DBFld UPLOAD_vFld4
2/26/2020 11:52:10 AM: GetDBFieldName the DBFld UPLOAD_vFld5
2/26/2020 11:52:10 AM: GetDBFieldName the DBFld UPLOAD_vFld6
2/26/2020 11:52:10 AM: GetDBFieldName the DBFld UPLOAD_vFld7
2/26/2020 11:52:10 AM: GetDBFieldName the DBFld UPLOAD_vFld8
2/26/2020 11:52:10 AM: GetDBFieldName the DBFld UPLOAD_vFld9
2/26/2020 11:52:10 AM: GetDBFieldName the DBFld UPLOAD_vFld10
2/26/2020 11:52:13 AM: CreateXML Started:-
2/26/2020 11:52:13 AM: CreateXML Completed:-
2/26/2020 11:52:13 AM: Save button click after saving or updating the ReturnCode= 0
2/26/2020 11:52:13 AM: Finished Saving Uploaded Document in Save Button Click
2/26/2020 11:52:13 AM: AsyncFileUpload1_UploadedComplete Started
2/26/2020 11:52:13 AM: AsyncFileUpload1_UploadedComplete Finished
2/26/2020 11:52:45 AM: createControls Started
2/26/2020 11:52:45 AM: createControls Loaded all Textbox dynamically
2/26/2020 11:52:45 AM: createControls Loaded all Textbox dynamically
2/26/2020 11:52:45 AM: createControls Loaded all Textbox dynamically
2/26/2020 11:52:45 AM: createControls Loaded all Textbox dynamically
2/26/2020 11:52:45 AM: createControls Loaded all Textbox dynamically
2/26/2020 11:52:45 AM: createControls Loaded all Textbox dynamically
2/26/2020 11:52:45 AM: createControls Loaded all Textbox dynamically
2/26/2020 11:52:45 AM: createControls Loaded all Textbox dynamically
2/26/2020 11:52:45 AM: createControls Loaded all Textbox dynamically
2/26/2020 11:52:45 AM: createControls Loaded all Textbox dynamically
2/26/2020 11:52:45 AM: createControls Finished
2/26/2020 11:52:45 AM: Started Loading Entity Drop Down
2/26/2020 11:52:45 AM: Finished Loading Entity Drop Down
2/26/2020 11:52:53 AM: GetSginatureDetails Started:-
2/26/2020 11:52:53 AM: GetSginatureDetails Completed:-
2/26/2020 11:52:53 AM: GetTemplateDetails Started
2/26/2020 11:52:53 AM: GetTemplateDetails total record count:1
2/26/2020 11:52:53 AM: Create controls,Load all Textbox dynamic
2/26/2020 11:52:53 AM: Create controls,Load all Textbox dynamic
2/26/2020 11:52:53 AM: Create controls,Load all Textbox dynamic
2/26/2020 11:52:53 AM: Create controls,Load all Textbox dynamic
2/26/2020 11:52:53 AM: Create controls,Load all Textbox dynamic
2/26/2020 11:52:53 AM: Create controls,Load all Textbox dynamic
2/26/2020 11:52:53 AM: Create controls,Load all Textbox dynamic
2/26/2020 11:52:53 AM: Create controls,Load all Textbox dynamic
2/26/2020 11:52:53 AM: Create controls,Load all Textbox dynamic
2/26/2020 11:52:53 AM: Create controls,Load all Textbox dynamic
2/26/2020 11:52:53 AM: GetTemplateDetails Finished
2/26/2020 11:52:53 AM: InitializeDocumentView started
2/26/2020 11:52:53 AM: InitializeDocumentView finished
2/26/2020 11:52:53 AM: Calling database to get annotated images. DocumentId: 359407, Action: GetAnnotatedPages
2/26/2020 11:52:53 AM: Calling database to get annotated images. DocumentId: 359407, Action: GetTaggedPages
2/26/2020 11:52:54 AM: LoadImageToViewer started
2/26/2020 11:52:54 AM: Setting image to viewer. Action:  Page count: 0 Current Page:1
2/26/2020 11:52:54 AM: MailPanelFill started
2/26/2020 11:52:54 AM: MailPanelFill finished
2/26/2020 11:53:02 AM: createControls Started
2/26/2020 11:53:02 AM: createControls Loaded all Textbox dynamically
2/26/2020 11:53:02 AM: createControls Loaded all Textbox dynamically
2/26/2020 11:53:02 AM: createControls Loaded all Textbox dynamically
2/26/2020 11:53:02 AM: createControls Loaded all Textbox dynamically
2/26/2020 11:53:02 AM: createControls Loaded all Textbox dynamically
2/26/2020 11:53:02 AM: createControls Loaded all Textbox dynamically
2/26/2020 11:53:02 AM: createControls Loaded all Textbox dynamically
2/26/2020 11:53:02 AM: createControls Loaded all Textbox dynamically
2/26/2020 11:53:02 AM: createControls Loaded all Textbox dynamically
2/26/2020 11:53:02 AM: createControls Loaded all Textbox dynamically
2/26/2020 11:53:02 AM: createControls Finished
2/26/2020 11:53:02 AM: Started Loading Entity Drop Down
2/26/2020 11:53:03 AM: Finished Loading Entity Drop Down
2/26/2020 11:53:07 AM: createControls Started
2/26/2020 11:53:07 AM: createControls Loaded all Textbox dynamically
2/26/2020 11:53:07 AM: createControls Loaded all Textbox dynamically
2/26/2020 11:53:07 AM: createControls Loaded all Textbox dynamically
2/26/2020 11:53:07 AM: createControls Loaded all Textbox dynamically
2/26/2020 11:53:07 AM: createControls Loaded all Textbox dynamically
2/26/2020 11:53:07 AM: createControls Loaded all Textbox dynamically
2/26/2020 11:53:07 AM: createControls Loaded all Textbox dynamically
2/26/2020 11:53:07 AM: createControls Loaded all Textbox dynamically
2/26/2020 11:53:07 AM: createControls Loaded all Textbox dynamically
2/26/2020 11:53:07 AM: createControls Loaded all Textbox dynamically
2/26/2020 11:53:07 AM: createControls Finished
2/26/2020 11:53:07 AM: GetTemplateDetails started
2/26/2020 11:53:07 AM: generatecontrols Started
2/26/2020 11:53:07 AM: GenerateControls:Loaded all Textbox dynamically
2/26/2020 11:53:07 AM: GenerateControls:Loaded all Textbox dynamically
2/26/2020 11:53:07 AM: GenerateControls:Loaded all Textbox dynamically
2/26/2020 11:53:07 AM: GenerateControls:Loaded all Textbox dynamically
2/26/2020 11:53:07 AM: GenerateControls:Loaded all Textbox dynamically
2/26/2020 11:53:07 AM: GenerateControls:Loaded all Textbox dynamically
2/26/2020 11:53:07 AM: GenerateControls:Loaded all Textbox dynamically
2/26/2020 11:53:07 AM: GenerateControls:Loaded all Textbox dynamically
2/26/2020 11:53:07 AM: GenerateControls:Loaded all Textbox dynamically
2/26/2020 11:53:07 AM: GenerateControls:Loaded all Textbox dynamically
2/26/2020 11:53:13 AM: createControls Started
2/26/2020 11:53:13 AM: createControls Loaded all Textbox dynamically
2/26/2020 11:53:13 AM: createControls Loaded all Textbox dynamically
2/26/2020 11:53:13 AM: createControls Loaded all Textbox dynamically
2/26/2020 11:53:13 AM: createControls Loaded all Textbox dynamically
2/26/2020 11:53:13 AM: createControls Loaded all Textbox dynamically
2/26/2020 11:53:13 AM: createControls Loaded all Textbox dynamically
2/26/2020 11:53:13 AM: createControls Loaded all Textbox dynamically
2/26/2020 11:53:13 AM: createControls Loaded all Textbox dynamically
2/26/2020 11:53:13 AM: createControls Loaded all Textbox dynamically
2/26/2020 11:53:13 AM: createControls Loaded all Textbox dynamically
2/26/2020 11:53:13 AM: createControls Finished
2/26/2020 11:53:13 AM: Started Loading Entity Drop Down
2/26/2020 11:53:13 AM: Finished Loading Entity Drop Down
2/26/2020 11:53:23 AM: GetSginatureDetails Started:-
2/26/2020 11:53:23 AM: GetSginatureDetails Completed:-
2/26/2020 11:53:23 AM: GetTemplateDetails Started
2/26/2020 11:53:23 AM: GetTemplateDetails total record count:1
2/26/2020 11:53:23 AM: Create controls,Load all Textbox dynamic
2/26/2020 11:53:23 AM: Create controls,Load all Textbox dynamic
2/26/2020 11:53:23 AM: Create controls,Load all Textbox dynamic
2/26/2020 11:53:23 AM: Create controls,Load all Textbox dynamic
2/26/2020 11:53:23 AM: Create controls,Load all Textbox dynamic
2/26/2020 11:53:23 AM: Create controls,Load all Textbox dynamic
2/26/2020 11:53:23 AM: Create controls,Load all Textbox dynamic
2/26/2020 11:53:23 AM: Create controls,Load all Textbox dynamic
2/26/2020 11:53:23 AM: Create controls,Load all Textbox dynamic
2/26/2020 11:53:23 AM: Create controls,Load all Textbox dynamic
2/26/2020 11:53:23 AM: GetTemplateDetails Finished
2/26/2020 11:53:24 AM: InitializeDocumentView started
2/26/2020 11:53:24 AM: InitializeDocumentView finished
2/26/2020 11:53:24 AM: Calling database to get annotated images. DocumentId: 367300, Action: GetAnnotatedPages
2/26/2020 11:53:24 AM: Calling database to get annotated images. DocumentId: 367300, Action: GetTaggedPages
2/26/2020 11:53:24 AM: LoadImageToViewer started
2/26/2020 11:53:24 AM: Setting image to viewer. Action:  Page count: 23 Current Page:1
2/26/2020 11:53:24 AM: Converting PDF to JPEG. PDF Path: D:\WDMSDocument\TempWorkFolder\SUlfV0VfNzUyXzI3OV8xMDAz\1.pdf Image Name: SUlfV0VfNzUyXzI3OV8xMDAz Page No: 1
2/26/2020 11:53:24 AM: Converting PDF to JPEG without applying watermark.
2/26/2020 11:53:24 AM: Setting image to viewer using RegisterStartupScript: http://localhost:55361/generichandler.ashx?f=d://wdmsdocument//tempworkfolder//sulfv0vfnzuyxzi3ov8xmdazjpg//1.jpeg
2/26/2020 11:53:24 AM: Invoke method to get annotations from databnase.
2/26/2020 11:53:24 AM: Get annotations from database.
2/26/2020 11:53:24 AM: Document Id: 367300 Page No: 1
2/26/2020 11:53:24 AM: Invoking method to get annotation data from database. Action: GetAnnotations
2/26/2020 11:53:24 AM: MailPanelFill started
2/26/2020 11:53:24 AM: MailPanelFill finished
2/26/2020 11:53:42 AM: GetTemplateDetails started
2/26/2020 11:53:42 AM: generatecontrols Started
2/26/2020 11:53:42 AM: GenerateControls:Loaded all Textbox dynamically
2/26/2020 11:53:42 AM: GenerateControls:Loaded all Textbox dynamically
2/26/2020 11:53:42 AM: GenerateControls:Loaded all Textbox dynamically
2/26/2020 11:53:42 AM: GenerateControls:Loaded all Textbox dynamically
2/26/2020 11:53:42 AM: GenerateControls:Loaded all Textbox dynamically
2/26/2020 11:53:42 AM: GenerateControls:Loaded all Textbox dynamically
2/26/2020 11:53:42 AM: GenerateControls:Loaded all Textbox dynamically
2/26/2020 11:53:42 AM: GenerateControls:Loaded all Textbox dynamically
2/26/2020 11:53:42 AM: GenerateControls:Loaded all Textbox dynamically
2/26/2020 11:53:42 AM: GenerateControls:Loaded all Textbox dynamically
2/26/2020 11:53:42 AM: BindDocumentType started
2/26/2020 11:53:42 AM: BindDocumentType finished
2/26/2020 11:53:42 AM: createControls Started
2/26/2020 11:53:42 AM: createControls Loaded all Textbox dynamically
2/26/2020 11:53:42 AM: createControls Loaded all Textbox dynamically
2/26/2020 11:53:42 AM: createControls Loaded all Textbox dynamically
2/26/2020 11:53:42 AM: createControls Loaded all Textbox dynamically
2/26/2020 11:53:42 AM: createControls Loaded all Textbox dynamically
2/26/2020 11:53:42 AM: createControls Loaded all Textbox dynamically
2/26/2020 11:53:42 AM: createControls Loaded all Textbox dynamically
2/26/2020 11:53:42 AM: createControls Loaded all Textbox dynamically
2/26/2020 11:53:42 AM: createControls Loaded all Textbox dynamically
2/26/2020 11:53:42 AM: createControls Loaded all Textbox dynamically
2/26/2020 11:53:42 AM: createControls Finished
2/26/2020 11:53:44 AM: createControls Started
2/26/2020 11:53:44 AM: createControls Loaded all Textbox dynamically
2/26/2020 11:53:44 AM: createControls Loaded all Textbox dynamically
2/26/2020 11:53:44 AM: createControls Loaded all Textbox dynamically
2/26/2020 11:53:44 AM: createControls Loaded all Textbox dynamically
2/26/2020 11:53:44 AM: createControls Loaded all Textbox dynamically
2/26/2020 11:53:44 AM: createControls Loaded all Textbox dynamically
2/26/2020 11:53:44 AM: createControls Loaded all Textbox dynamically
2/26/2020 11:53:44 AM: createControls Loaded all Textbox dynamically
2/26/2020 11:53:44 AM: createControls Loaded all Textbox dynamically
2/26/2020 11:53:44 AM: createControls Loaded all Textbox dynamically
2/26/2020 11:53:44 AM: createControls Finished
2/26/2020 11:53:44 AM: GetTemplateDetails started
2/26/2020 11:53:44 AM: generatecontrols Started
2/26/2020 11:53:44 AM: GenerateControls:Loaded all Textbox dynamically
2/26/2020 11:53:44 AM: GenerateControls:Loaded all Textbox dynamically
2/26/2020 11:53:44 AM: GenerateControls:Loaded all Textbox dynamically
2/26/2020 11:53:44 AM: GenerateControls:Loaded all Textbox dynamically
2/26/2020 11:53:44 AM: GenerateControls:Loaded all Textbox dynamically
2/26/2020 11:53:44 AM: GenerateControls:Loaded all Textbox dynamically
2/26/2020 11:53:44 AM: GenerateControls:Loaded all Textbox dynamically
2/26/2020 11:53:44 AM: GenerateControls:Loaded all Textbox dynamically
2/26/2020 11:53:44 AM: GenerateControls:Loaded all Textbox dynamically
2/26/2020 11:53:44 AM: GenerateControls:Loaded all Textbox dynamically
2/26/2020 11:53:49 AM: createControls Started
2/26/2020 11:53:49 AM: createControls Loaded all Textbox dynamically
2/26/2020 11:53:49 AM: createControls Loaded all Textbox dynamically
2/26/2020 11:53:49 AM: createControls Loaded all Textbox dynamically
2/26/2020 11:53:49 AM: createControls Loaded all Textbox dynamically
2/26/2020 11:53:49 AM: createControls Loaded all Textbox dynamically
2/26/2020 11:53:49 AM: createControls Loaded all Textbox dynamically
2/26/2020 11:53:49 AM: createControls Loaded all Textbox dynamically
2/26/2020 11:53:49 AM: createControls Loaded all Textbox dynamically
2/26/2020 11:53:49 AM: createControls Loaded all Textbox dynamically
2/26/2020 11:53:49 AM: createControls Loaded all Textbox dynamically
2/26/2020 11:53:49 AM: createControls Finished
2/26/2020 11:53:49 AM: Started Loading Entity Drop Down
2/26/2020 11:53:49 AM: Finished Loading Entity Drop Down
