7/6/2017 3:20:40 PM: BindDocumentType started
7/6/2017 3:20:40 PM: BindDocumentType finished
7/6/2017 3:20:44 PM: createControls Started
7/6/2017 3:20:44 PM: createControls Loaded all Textbox dynamically
7/6/2017 3:20:44 PM: createControls Loaded all Textbox dynamically
7/6/2017 3:20:44 PM: createControls Loaded all Textbox dynamically
7/6/2017 3:20:44 PM: createControls Loaded all Textbox dynamically
7/6/2017 3:20:44 PM: createControls Loaded all Textbox dynamically
7/6/2017 3:20:44 PM: createControls Loaded all Textbox dynamically
7/6/2017 3:20:44 PM: createControls Loaded all Textbox dynamically
7/6/2017 3:20:44 PM: createControls Loaded all Textbox dynamically
7/6/2017 3:20:44 PM: createControls Loaded all Textbox dynamically
7/6/2017 3:20:44 PM: createControls Loaded all Textbox dynamically
7/6/2017 3:20:44 PM: createControls Finished
7/6/2017 3:20:44 PM: GetTemplateDetails started
7/6/2017 3:20:44 PM: generatecontrols Started
7/6/2017 3:20:44 PM: GenerateControls:Loaded all Textbox dynamically
7/6/2017 3:20:44 PM: GenerateControls:Loaded all Textbox dynamically
7/6/2017 3:20:44 PM: GenerateControls:Loaded all Textbox dynamically
7/6/2017 3:20:44 PM: GenerateControls:Loaded all Textbox dynamically
7/6/2017 3:20:44 PM: GenerateControls:Loaded all Textbox dynamically
7/6/2017 3:20:44 PM: GenerateControls:Loaded all Textbox dynamically
7/6/2017 3:20:44 PM: GenerateControls:Loaded all Textbox dynamically
7/6/2017 3:20:44 PM: GenerateControls:Loaded all Textbox dynamically
7/6/2017 3:20:44 PM: GenerateControls:Loaded all Textbox dynamically
7/6/2017 3:20:44 PM: GenerateControls:Loaded all Textbox dynamically
7/6/2017 3:20:49 PM: createControls Started
7/6/2017 3:20:49 PM: createControls Loaded all Textbox dynamically
7/6/2017 3:20:49 PM: createControls Loaded all Textbox dynamically
7/6/2017 3:20:49 PM: createControls Loaded all Textbox dynamically
7/6/2017 3:20:49 PM: createControls Loaded all Textbox dynamically
7/6/2017 3:20:49 PM: createControls Loaded all Textbox dynamically
7/6/2017 3:20:49 PM: createControls Loaded all Textbox dynamically
7/6/2017 3:20:49 PM: createControls Loaded all Textbox dynamically
7/6/2017 3:20:49 PM: createControls Loaded all Textbox dynamically
7/6/2017 3:20:49 PM: createControls Loaded all Textbox dynamically
7/6/2017 3:20:49 PM: createControls Loaded all Textbox dynamically
7/6/2017 3:20:49 PM: createControls Finished
7/6/2017 3:20:49 PM: GetTemplateDetails started
7/6/2017 3:20:49 PM: generatecontrols Started
7/6/2017 3:20:49 PM: GenerateControls:Loaded all Textbox dynamically
7/6/2017 3:20:49 PM: GenerateControls:Loaded all Textbox dynamically
7/6/2017 3:20:49 PM: GenerateControls:Loaded all Textbox dynamically
7/6/2017 3:20:49 PM: GenerateControls:Loaded all Textbox dynamically
7/6/2017 3:20:49 PM: GenerateControls:Loaded all Textbox dynamically
7/6/2017 3:20:49 PM: GenerateControls:Loaded all Textbox dynamically
7/6/2017 3:20:49 PM: GenerateControls:Loaded all Textbox dynamically
7/6/2017 3:20:49 PM: GenerateControls:Loaded all Textbox dynamically
7/6/2017 3:20:49 PM: GenerateControls:Loaded all Textbox dynamically
7/6/2017 3:20:49 PM: GenerateControls:Loaded all Textbox dynamically
7/6/2017 3:20:53 PM: createControls Started
7/6/2017 3:20:53 PM: createControls Loaded all Textbox dynamically
7/6/2017 3:20:53 PM: createControls Loaded all Textbox dynamically
7/6/2017 3:20:53 PM: createControls Loaded all Textbox dynamically
7/6/2017 3:20:53 PM: createControls Loaded all Textbox dynamically
7/6/2017 3:20:53 PM: createControls Loaded all Textbox dynamically
7/6/2017 3:20:53 PM: createControls Loaded all Textbox dynamically
7/6/2017 3:20:53 PM: createControls Loaded all Textbox dynamically
7/6/2017 3:20:53 PM: createControls Loaded all Textbox dynamically
7/6/2017 3:20:53 PM: createControls Loaded all Textbox dynamically
7/6/2017 3:20:53 PM: createControls Loaded all Textbox dynamically
7/6/2017 3:20:53 PM: createControls Finished
7/6/2017 3:20:53 PM: GetTemplateDetails started
7/6/2017 3:20:53 PM: generatecontrols Started
7/6/2017 3:20:53 PM: GenerateControls:Loaded all Textbox dynamically
7/6/2017 3:20:53 PM: GenerateControls:Loaded all Textbox dynamically
7/6/2017 3:20:53 PM: GenerateControls:Loaded all Textbox dynamically
7/6/2017 3:20:53 PM: GenerateControls:Loaded all Textbox dynamically
7/6/2017 3:20:53 PM: GenerateControls:Loaded all Textbox dynamically
7/6/2017 3:20:53 PM: GenerateControls:Loaded all Textbox dynamically
7/6/2017 3:20:53 PM: GenerateControls:Loaded all Textbox dynamically
7/6/2017 3:20:53 PM: GenerateControls:Loaded all Textbox dynamically
7/6/2017 3:20:53 PM: GenerateControls:Loaded all Textbox dynamically
7/6/2017 3:20:53 PM: GenerateControls:Loaded all Textbox dynamically
7/6/2017 3:21:02 PM: createControls Started
7/6/2017 3:21:02 PM: Create controls,Load all Textbox dynamic
7/6/2017 3:21:02 PM: Create controls,Load all Textbox dynamic
7/6/2017 3:21:02 PM: Create controls,Load all Textbox dynamic
7/6/2017 3:21:02 PM: Create controls,Load all Textbox dynamic
7/6/2017 3:21:02 PM: Create controls,Load all Textbox dynamic
7/6/2017 3:21:02 PM: Create controls,Load all Textbox dynamic
7/6/2017 3:21:02 PM: Create controls,Load all Textbox dynamic
7/6/2017 3:21:02 PM: Create controls,Load all Textbox dynamic
7/6/2017 3:21:02 PM: Create controls,Load all Textbox dynamic
7/6/2017 3:21:02 PM: Create controls,Load all Textbox dynamic
7/6/2017 3:21:02 PM: createControls Finished
7/6/2017 3:21:02 PM: generatecontrols Started
7/6/2017 3:21:02 PM: Calling database to get reference id and watermark.
7/6/2017 3:21:02 PM: Database returned result: RO_NH_515_252_1001|
7/6/2017 3:21:02 PM: Generatecontrols,Load all Textbox dynamic
7/6/2017 3:21:02 PM: Generatecontrols,Load all Textbox dynamic
7/6/2017 3:21:02 PM: Generatecontrols,Load all Textbox dynamic
7/6/2017 3:21:02 PM: Generatecontrols,Load all Textbox dynamic
7/6/2017 3:21:02 PM: Generatecontrols,Load all Textbox dynamic
7/6/2017 3:21:02 PM: Generatecontrols,Load all Textbox dynamic
7/6/2017 3:21:02 PM: Generatecontrols,Load all Textbox dynamic
7/6/2017 3:21:02 PM: Generatecontrols,Load all Textbox dynamic
7/6/2017 3:21:02 PM: Generatecontrols,Load all Textbox dynamic
7/6/2017 3:21:02 PM: Generatecontrols,Load all Textbox dynamic
7/6/2017 3:21:04 PM: createControls Started
7/6/2017 3:21:04 PM: Create controls,Load all Textbox dynamic
7/6/2017 3:21:04 PM: Create controls,Load all Textbox dynamic
7/6/2017 3:21:04 PM: Create controls,Load all Textbox dynamic
7/6/2017 3:21:04 PM: Create controls,Load all Textbox dynamic
7/6/2017 3:21:04 PM: Create controls,Load all Textbox dynamic
7/6/2017 3:21:04 PM: Create controls,Load all Textbox dynamic
7/6/2017 3:21:04 PM: Create controls,Load all Textbox dynamic
7/6/2017 3:21:04 PM: Create controls,Load all Textbox dynamic
7/6/2017 3:21:04 PM: Create controls,Load all Textbox dynamic
7/6/2017 3:21:04 PM: Create controls,Load all Textbox dynamic
7/6/2017 3:21:04 PM: createControls Finished
7/6/2017 3:21:12 PM: createControls Started
7/6/2017 3:21:12 PM: Create controls,Load all Textbox dynamic
7/6/2017 3:21:12 PM: Create controls,Load all Textbox dynamic
7/6/2017 3:21:12 PM: Create controls,Load all Textbox dynamic
7/6/2017 3:21:12 PM: Create controls,Load all Textbox dynamic
7/6/2017 3:21:12 PM: Create controls,Load all Textbox dynamic
7/6/2017 3:21:12 PM: Create controls,Load all Textbox dynamic
7/6/2017 3:21:12 PM: Create controls,Load all Textbox dynamic
7/6/2017 3:21:12 PM: Create controls,Load all Textbox dynamic
7/6/2017 3:21:12 PM: Create controls,Load all Textbox dynamic
7/6/2017 3:21:12 PM: Create controls,Load all Textbox dynamic
7/6/2017 3:21:12 PM: createControls Finished
7/6/2017 3:21:12 PM: AsyncFileUpload1_UploadedComplete Started
7/6/2017 3:21:12 PM: Started Saving Uploaded Document in AsyncFileUpload1_UploadedComplete 
7/6/2017 3:21:13 PM: Finished Saving Uploaded Document in AsyncFileUpload1_UploadedComplete 
7/6/2017 3:21:13 PM: AsyncFileUpload1_UploadedComplete Pagecount of Image2Pdf().ExtractPages 7
7/6/2017 3:21:13 PM: AsyncFileUpload1_UploadedComplete Finished
7/6/2017 3:21:14 PM: createControls Started
7/6/2017 3:21:14 PM: Create controls,Load all Textbox dynamic
7/6/2017 3:21:14 PM: Create controls,Load all Textbox dynamic
7/6/2017 3:21:14 PM: Create controls,Load all Textbox dynamic
7/6/2017 3:21:14 PM: Create controls,Load all Textbox dynamic
7/6/2017 3:21:14 PM: Create controls,Load all Textbox dynamic
7/6/2017 3:21:14 PM: Create controls,Load all Textbox dynamic
7/6/2017 3:21:14 PM: Create controls,Load all Textbox dynamic
7/6/2017 3:21:14 PM: Create controls,Load all Textbox dynamic
7/6/2017 3:21:14 PM: Create controls,Load all Textbox dynamic
7/6/2017 3:21:14 PM: Create controls,Load all Textbox dynamic
7/6/2017 3:21:14 PM: createControls Finished
7/6/2017 3:21:14 PM: btnSubmit_Click Started
7/6/2017 3:21:14 PM: btnSubmit_Click Finished
7/6/2017 3:21:32 PM: createControls Started
7/6/2017 3:21:32 PM: Create controls,Load all Textbox dynamic
7/6/2017 3:21:32 PM: Create controls,Load all Textbox dynamic
7/6/2017 3:21:32 PM: Create controls,Load all Textbox dynamic
7/6/2017 3:21:32 PM: Create controls,Load all Textbox dynamic
7/6/2017 3:21:32 PM: Create controls,Load all Textbox dynamic
7/6/2017 3:21:32 PM: Create controls,Load all Textbox dynamic
7/6/2017 3:21:32 PM: Create controls,Load all Textbox dynamic
7/6/2017 3:21:32 PM: Create controls,Load all Textbox dynamic
7/6/2017 3:21:32 PM: Create controls,Load all Textbox dynamic
7/6/2017 3:21:32 PM: Create controls,Load all Textbox dynamic
7/6/2017 3:21:32 PM: createControls Finished
7/6/2017 3:21:32 PM: Started Saving Uploaded Document in Save Button Click
7/6/2017 3:21:33 PM: AsyncFileUpload1_UploadedComplete Started
7/6/2017 3:21:33 PM: AsyncFileUpload1_UploadedComplete Finished
7/6/2017 3:21:33 PM: GetDBFieldName the DBFld UPLOAD_vFld1
7/6/2017 3:21:33 PM: GetDBFieldName the DBFld UPLOAD_vFld2
7/6/2017 3:21:33 PM: GetDBFieldName the DBFld UPLOAD_vFld3
7/6/2017 3:21:33 PM: GetDBFieldName the DBFld UPLOAD_vFld4
7/6/2017 3:21:33 PM: GetDBFieldName the DBFld UPLOAD_vFld5
7/6/2017 3:21:33 PM: GetDBFieldName the DBFld UPLOAD_vFld6
7/6/2017 3:21:33 PM: GetDBFieldName the DBFld UPLOAD_vFld7
7/6/2017 3:21:33 PM: GetDBFieldName the DBFld UPLOAD_vFld8
7/6/2017 3:21:33 PM: GetDBFieldName the DBFld UPLOAD_vFld9
7/6/2017 3:21:33 PM: GetDBFieldName the DBFld UPLOAD_vFld10
7/6/2017 3:21:34 PM: CreateXML Started:-
7/6/2017 3:21:34 PM: CreateXML Completed:-
7/6/2017 3:21:34 PM: Save button click after saving or updating the ReturnCode= 0
7/6/2017 3:21:34 PM: Exception : Thread was being aborted.
